0,slight-left,unknown,60
19.19123882293701,crest,unknown,80
91.31828100204466,slight-left,unknown,30
185.43566629409779,slight-right,unknown,80
247.9506453514098,bump,unknown,90
351.4006865501402,1-left,unknown,30
457.71986753463733,crest,unknown,0
545.0015521144857,4-right,unknown,0
631.0560180568684,crest,unknown,80
674.0050488185866,crest,unknown,80
713.8884260082226,crest,unknown,80
834.636308355329,square-right,unknown,30
957.1202058315251,4-right,cut,30
1031.1101673984492,3-left,unknown,0
1101.916048841472,2-right,unknown,100
1246.03630936622,5-left,unknown,30
1335.0755394458704,3-right,unknown,140
1522.1715359592386,jump,unknown,40
1634.560721483225,jump,unknown,0
1673.042498598093,jump,unknown,0
1757.8519622135107,5-right,unknown,0
1832.8046789264615,3-left,unknown,0
1908.7735440540243,crest,unknown,0
1947.9766322421965,crest,unknown,0
1985.5170262622776,6-left,unknown,0
2037.406632928844,bump,unknown,0
2092.5018323612176,crest,unknown,0
2151.616633043287,crest,unknown,50
2213.563549089429,2-right,unknown,0
2295.66087922096,6-left,unknown,40
2403.415249814982,crest,unknown,70
2499.6575272273963,slight-left,unknown,60
2597.718865728375,jump,unknown,0
2666.1365866756437,5-left,unknown,0
2730.003725080491,crest,unknown,0
2765.1471849346176,crest,unknown,0
2795.00867129326,6-right,unknown,0
2841.984742422104,4-right,unknown,50
2952.243769788745,5-left,unknown,40
3041.852898817063,5-right,unknown,0
3127.9594855403916,3-right,unknown,0
3182.923790502548,jump,unknown,50
3243.954436750409,crest,unknown,50
3319.0023853588073,3-left,caution,30
3435.117104101176,3-right,unknown,0
3526.820048284527,crest,unknown,0
3543.5074736690494,5-left,unknown,40
3592.194934148785,5-right,unknown,70
3671.9832341480237,6-left,unknown,40
3768.0052875232695,jump,unknown,90
3873.723033533099,slight-right,unknown,60
3981.060497560503,6-right,unknown,0
4057.993848886493,crest,unknown,30
4149.214600381855,4-right,unknown,0
4232.307630395892,slight-left,unknown,120
4337.0188020801625,jump,unknown,50
4428.099669733059,5-left,unknown,40
4508.877962808626,4-right,unknown,60
4626.657896432897,crest,unknown,70
4668.289477510471,crest,unknown,70
4735.08215962412,jump,unknown,80
4807.213423814798,slight-left,unknown,0
5027.914334192301,bump,unknown,0
5099.2062292194605,bump,unknown,0
5152.513359689738,6-right,unknown,0
5219.251862535505,5-left,unknown,30
5341.372690477404,5-right,unknown,50
5441.586570367844,6-right,unknown,0
5529.099463243516,4-right,unknown,0
5618.144793672585,6-left,unknown,30
5665.580420351053,6-right,unknown,70
5745.125122003579,slight-left,unknown,0
5850.520203638103,crest,unknown,40
5932.276517305398,3-left,unknown,30
6019.461327562357,6-right,unknown,80
6200.051530809427,2-right,unknown,50
6362.902031068835,6-left,unknown,190
6552.771288995775,6-left,unknown,220
6769.938935899761,1-left,unknown,180
7048.282050571476,bridge,unknown,40
7151.761494274173,acute-hp-left,unknown,0
7192.493460903203,6-left,unknown,50
7233.728305988341,6-right,unknown,0
7290.099399051701,4-right,unknown,100
7347.794666957888,jump,unknown,90
7447.302698497803,slight-right,unknown,80
7538.8539852714875,slight-right,unknown,30
7648.858906459835,crest,unknown,100
7713.453483715082,5-left,unknown,200
7948.790158405325,crest,unknown,280
8157.8131004905945,slight-right,unknown,0
8350.819513301873,4-right,unknown,50
8426.116965274834,6-right,unknown,100
8537.408083152797,6-right,unknown,40
8648.421028709428,5-left,unknown,120
8750.598382530225,5-right,caution,0
8872.578820915236,4-left,unknown,100
8952.282560691852,crest,unknown,30
9048.682728996297,3-left,unknown,50
9135.176955642743,6-right,unknown,0
9222.967062454278,3-right,unknown,50
9290.986477203418,6-left,unknown,60
9395.336945190485,1-right,unknown,70
9540.031484146177,6-left,unknown,40
9606.361155891474,crest,unknown,0
9710.617391662652,5-left,unknown,90
9770.755343551702,acute-hp-right,unknown,0
9887.611041374279,6-left,unknown,0
9913.8114372445,4-left,unknown,0
9967.682652301872,5-right,unknown,70
10026.059300403685,6-left,unknown,130
10153.266089611148,3-left,unknown,30
10292.145119114022,crest,unknown,220
10533.286729933063,crest,unknown,110
10666.285212637213,crest,unknown,100
10825.487363554283,hp-right,unknown,160
11040.159778368927,finish,unknown,200
