0,slight-right,unknown,40
40.009115610122684,4-left,unknown,60
127.20541829109192,4-right,unknown,100
231.39010258674637,jump,unknown,100
352.504639863968,slight-right,unknown,40
462.54442017555226,4-left,unknown,0
517.5316066074369,6-right,unknown,0
569.2014980030051,6-left,unknown,0
622.8873149585719,slight-left,unknown,40
727.0380482959741,crest,unknown,0
772.4840926074975,dip,unknown,100
840.2872679233544,jump,unknown,0
910.3630426502225,6-right,unknown,80
974.7148693180084,5-left,unknown,50
1078.6586513614657,5-right,unknown,0
1195.9530936145784,crest,unknown,0
1239.6146588993072,2-left,unknown,40
1278.4455986881253,4-right,widen,60
1355.68629986763,crest,widen,80
1432.228591680527,bump,unknown,0
1528.2100905513764,3-left,unknown,0
1578.3323317623142,crest,unknown,40
1643.589274549484,5-right,unknown,40
1700.6975584697723,4-left,unknown,0
1799.7883474636085,6-left,unknown,0
1861.7015462398526,4-right,unknown,50
1984.3276229381565,crest,unknown,0
2101.338715963361,slight-right,unknown,80
2160.3660459423054,crest,unknown,50
2231.700018796918,6-right,unknown,0
2360.803468236921,3-left,unknown,80
2473.652259016033,crest,unknown,0
2558.103113775248,crest,unknown,30
2612.2890844631133,5-right,unknown,0
2686.0552936839963,3-right,unknown,0
2838.917624883639,4-left,unknown,70
2902.8995712184797,jump,unknown,0
3011.545604238497,jump,unknown,40
3076.496441755282,jump,unknown,120
3146.488275709141,3-left,unknown,30
3285.9942714977155,5-right,unknown,120
3439.02823184012,2-left,unknown,30
3563.9318861675097,3-right,unknown,30
3637.695158643707,4-left,cut,40
3730.7637491893634,acute-hp-right,unknown,80
3861.1943809795257,3-right,unknown,80
3960.515550909024,crest,unknown,0
4011.5110405635637,crest,unknown,0
4052.4354931545076,6-left,unknown,0
4108.3810280132075,4-left,unknown,0
4164.873674688313,crest,unknown,50
4221.5816212367745,1-right,unknown,130
4386.1058751010705,6-left,unknown,0
4492.829132204036,slight-right,unknown,90
4556.408812646843,crest,unknown,60
4589.570583085993,crest,unknown,60
4624.691336755733,finish,unknown,0
