0,straight,unknown,50
7.6232808876037605,crest,unknown,70
67.53600301742559,jump,unknown,80
137.7102186775208,slight-left,unknown,0
357.9038047981261,bump,unknown,0
408.48437181472775,bump,unknown,0
483.1341031455994,6-right,unknown,0
546.6810598182678,5-left,unknown,30
646.8096927452092,5-right,unknown,50
771.2486339759832,6-right,unknown,0
857.0937175941467,4-right,unknown,0
946.79412279129,6-left,unknown,30
994.5925723838802,6-right,unknown,70
1074.9544925117489,slight-left,unknown,0
1180.0132974052424,crest,unknown,40
1261.2031744575502,3-left,unknown,30
1346.3135686683656,6-right,unknown,80
1565.883912297692,2-right,unknown,50
1728.9038187994627,6-left,unknown,190
1907.575685330834,6-left,unknown,220
2122.4351360144265,1-left,unknown,180
2399.842970334501,bridge,unknown,40
2499.598745824312,square-left,unknown,0
2542.8101233877874,6-left,unknown,50
2580.2694487681133,6-right,unknown,0
2635.983939544175,4-right,unknown,100
2700.088785621141,jump,unknown,90
2734.341075316882,jump,unknown,90
2793.447942534897,slight-right,unknown,80
2885.233897086594,slight-right,unknown,30
2994.6580734553067,crest,unknown,100
3059.4681038584436,5-left,unknown,200
3291.985818931078,crest,unknown,280
3504.1249948038803,slight-right,unknown,0
3695.948085929367,4-right,unknown,50
3769.8288058390344,6-right,widen,100
3906.2483106111795,6-right,unknown,40
4007.4731886171594,5-left,unknown,120
4110.835583369663,5-right,caution,0
4231.377835376189,4-left,unknown,100
4310.475600154331,crest,unknown,30
4406.946368777685,3-left,unknown,50
4464.17408671134,6-right,unknown,0
4581.975298411778,3-right,unknown,50
4654.022234370638,6-left,unknown,60
4752.356021754665,1-right,unknown,70
4897.678675620471,6-left,unknown,40
4967.639021518146,crest,unknown,0
5068.979370486649,5-left,unknown,90
5124.0742412447,acute-hp-right,unknown,0
5246.056701915175,6-left,unknown,0
5277.927334182175,4-left,unknown,0
5331.576990630537,5-right,unknown,70
5386.042757575418,6-left,unknown,130
5515.634380080603,3-left,unknown,30
5656.1729145883555,crest,unknown,220
5836.176631858259,crest,unknown,110
5984.568170058636,crest,unknown,100
6115.407540709879,hp-right,unknown,160
6342.125288360025,finish,unknown,200
