0,straight,unknown,140
136.63278883934018,slight-left,unknown,50
203.31509196281434,crest,unknown,120
283.0434830570222,crest,unknown,300
483.00364251136756,crest,unknown,40
587.387081232071,crest,unknown,40
646.9973943424231,3-right,unknown,100
778.8737348270419,6-right,unknown,80
810.9924039173127,6-right,unknown,80
867.7191359424592,5-left,unknown,0
985.0594813251504,5-right,unknown,60
1054.549675035478,acute-hp-left,unknown,0
1149.6959328150783,acute-hp-left,unknown,0
1190.6027955412908,slight-right,unknown,70
1229.3958955931694,5-right,unknown,0
1296.1049642729781,crest,unknown,50
1338.6355988478676,5-right,unknown,0
1396.8904339766514,dip,unknown,40
1477.6199420714381,1-left,unknown,100
1535.402918527127,slight-right,unknown,30
1636.3123691344263,6-left,unknown,0
1723.5511230635652,3-left,unknown,40
1818.0859457182896,3-right,unknown,0
1927.3221121001259,crest,unknown,100
2030.222603280544,5-right,unknown,0
2134.020659272672,4-left,unknown,120
2204.5701362395307,6-right,unknown,50
2336.505188386443,5-left,unknown,120
2406.3727912688273,5-left,unknown,50
2512.5899464583417,3-left,unknown,140
3002.6335494399104,5-right,unknown,70
3202.3033038115527,slight-left,unknown,0
3351.0377430510534,6-left,unknown,90
3419.4022231459667,6-left,unknown,80
3498.613194825653,jump,unknown,80
3546.2448552870783,jump,unknown,80
3609.9547045302434,3-left,unknown,30
3718.5294638991368,6-right,unknown,0
3808.454323365688,square-right,unknown,0
3885.7553691077246,bridge,unknown,0
3919.132075631619,slight-left,unknown,200
4176.309586808691,crest,unknown,70
4261.947760179047,6-right,unknown,120
4360.392576653959,slight-right,unknown,0
4492.189293611053,crest,unknown,70
4600.128038156031,2-left,unknown,0
4720.172726762289,slight-left,unknown,0
4819.269040982715,5-left,unknown,40
4932.337919690604,3-right,unknown,30
4999.805586240294,6-left,unknown,0
5109.7634377265085,6-right,unknown,50
5163.258582150946,slight-left,unknown,0
5236.231278951178,crest,unknown,0
5277.4787426352605,crest,unknown,0
5304.891930692206,6-right,unknown,0
5368.95615821601,4-left,unknown,0
5433.408978650584,5-left,unknown,70
5508.867530324468,6-left,unknown,60
5606.928339002139,4-right,unknown,100
5732.914704930787,jump,unknown,50
5792.169238965514,jump,unknown,50
5849.274162824156,6-right,unknown,50
5977.14548888922,slight-right,unknown,0
6111.322412679204,finish,unknown,0
