0,straight,unknown,60
1.0553147220611576,5-right,unknown,150
125.02469470977792,jump,caution,0
234.683349571228,6-right,unknown,0
293.95187099456774,slight-left,unknown,30
350.1804685211178,1-right,unknown,0
397.28740127563435,1-left,unknown,0
426.6258708763118,6-left,unknown,0
468.144281635284,4-right,unknown,30
506.1122234725948,5-left,unknown,50
569.5319279479982,6-left,unknown,0
649.8244751358033,4-right,unknown,0
697.3701467895512,jump,unknown,70
833.6684382629397,jump,unknown,40
926.8484802246089,slight-left,unknown,0
1004.4187948036198,2-left,unknown,30
1057.5657788848875,4-right,unknown,40
1170.8891287612928,crest,unknown,0
1229.6101837348947,2-left,unknown,100
1270.038159580231,2-left,unknown,100
1338.2515767669681,4-left,unknown,0
1419.3131259155266,4-right,unknown,0
1470.572890396118,4-right,unknown,60
1515.147292938232,4-right,unknown,50
1591.6838650131235,4-right,caution,0
1684.0593477249163,slight-right,unknown,100
1758.3316174125684,crest,unknown,0
1831.2813877677934,crest,unknown,0
1901.6455896949778,bump,unknown,180
2014.9609131431591,crest,unknown,0
2107.084171237949,crest,unknown,0
2154.169919948583,5-right,unknown,0
2200.3964737129268,5-left,unknown,0
2248.07580331803,crest,unknown,90
2307.729956951147,slight-left,unknown,0
2411.767415676124,crest,unknown,40
2521.1937843513556,crest,caution,0
2591.92081289292,3-left,unknown,60
2670.7091618537975,slight-right,unknown,0
2783.7787038750835,slight-left,unknown,0
2867.179130205653,crest,unknown,50
2931.095102839013,jump,unknown,0
3008.5158108849714,5-right,unknown,0
3107.899419054527,6-right,unknown,120
3260.26176249935,4-left,unknown,90
3396.7324993462717,3-right,unknown,50
3515.3195772881672,slight-left,unknown,0
3637.899620508686,slight-right,unknown,0
3732.2240077920114,3-left,unknown,30
3800.8947241158644,crest,unknown,80
3858.227980074424,crest,unknown,80
3887.3954875512327,4-right,unknown,60
4009.18274123623,jump,unknown,30
4125.603850817222,3-left,unknown,0
4192.10537173702,slight-right,unknown,100
4287.245866961024,crest,unknown,0
4397.324879030734,5-left,unknown,60
4472.106764902621,6-right,unknown,100
4589.402501863987,6-right,unknown,0
4730.597221674471,4-left,unknown,40
4804.173977350743,2-right,unknown,0
4912.468911394624,6-left,unknown,100
5038.940883860146,4-left,narrow,0
5161.265577616252,5-right,unknown,0
5224.75037539915,bump,unknown,0
5261.966962732826,4-right,unknown,0
5318.578187555827,5-left,unknown,0
5369.033734659711,jump,unknown,40
5418.06252795652,5-right,unknown,40
5491.754485430276,5-right,unknown,30
5569.703794283428,4-left,unknown,30
5661.957939447915,3-right,unknown,30
5786.067975039038,3-left,unknown,40
5861.337759928256,6-right,unknown,60
5944.128197702914,6-left,unknown,0
6068.854666590243,jump,unknown,70
6112.4605899377175,jump,unknown,70
6186.933567537815,4-right,unknown,0
6301.394218554049,slight-left,unknown,0
6357.648460993319,6-right,unknown,0
6416.716869730504,6-left,unknown,50
6481.011863131073,6-left,unknown,40
6571.427788919952,jump,unknown,40
6641.6816908593455,crest,unknown,30
6712.7329191155695,crest,unknown,0
6787.851245493442,5-left,unknown,0
6901.724211191686,3-right,unknown,90
7024.398769754921,6-left,unknown,0
7126.349268488431,6-right,unknown,0
7184.072053484462,slight-left,unknown,30
7246.197566637545,bump,unknown,0
7307.571265291721,jump,unknown,130
7427.021328005344,jump,unknown,0
7576.68036101773,5-left,unknown,0
7649.692319407014,jump,unknown,50
7705.085235857515,jump,unknown,50
7721.595449060946,crest,unknown,70
7791.476312937282,jump,unknown,0
7850.498665155908,jump,unknown,0
7886.347560572167,5-right,unknown,60
7949.646076769369,5-left,unknown,70
8066.8646913857565,6-left,unknown,80
8193.809313768856,5-right,unknown,0
8296.363294481744,4-right,caution,30
8430.845526270386,slight-left,unknown,0
8509.908898691643,4-left,unknown,40
8564.974678492059,5-right,unknown,60
8655.907571634745,1-left,unknown,0
8761.261555208666,slight-right,unknown,80
8873.106938929068,crest,unknown,0
8950.686808123093,5-right,unknown,0
9003.06619056175,slight-left,unknown,40
9089.953155512305,1-right,unknown,90
9239.950885214294,3-left,unknown,40
9325.685446180789,3-right,unknown,30
9425.415357908707,2-left,unknown,40
9544.840121168601,3-right,unknown,50
9648.89178815315,4-left,unknown,40
9765.809018644788,5-right,unknown,70
9879.308436483849,6-left,unknown,0
9993.083550505158,6-right,unknown,0
10069.72269067239,jump,unknown,80
10140.741506361475,1-left,unknown,0
10244.25896005103,square-right,unknown,0
10302.924376081906,6-right,unknown,0
10374.935869802914,5-left,dont-cut,0
10468.683480772439,bump,unknown,280
10782.234127897678,6-left,unknown,40
10927.106549877577,slight-right,unknown,0
11004.675696758679,crest,unknown,0
11057.537581676892,3-right,unknown,0
11109.328228077336,3-left,unknown,60
11212.209594523983,slight-left,unknown,0
11324.343234736998,bump,unknown,0
11442.02936629065,5-right,unknown,30
11499.628811862554,5-left,unknown,40
11574.314850947936,4-right,unknown,0
11668.321882884577,6-left,unknown,0
11737.294450061398,2-right,unknown,0
11787.707978465638,2-right,unknown,0
11796.125299403748,slight-left,unknown,30
11867.247791163998,crest,unknown,30
11925.01265253791,crest,unknown,60
11982.425112865052,4-left,unknown,0
12066.08090544471,4-right,unknown,60
12132.446724536509,6-right,unknown,0
12228.453964297865,crest,unknown,90
12365.15037787207,4-left,unknown,0
12488.280185229858,bump,unknown,100
12519.424083049375,bump,unknown,100
12618.532652766784,6-right,unknown,0
12730.315052173215,5-right,unknown,0
12796.399121539669,3-left,caution,120
12938.93291590458,6-left,unknown,0
13049.17132006412,4-right,unknown,70
13106.649154536779,4-right,unknown,0
13194.179938762241,3-left,unknown,60
13368.950009219696,crest,unknown,90
13474.021748950527,5-right,unknown,100
13580.549442851589,6-right,unknown,0
13735.271052043487,jump,unknown,100
13795.359537494238,jump,unknown,100
13934.336819789445,4-right,unknown,70
14056.9669275165,6-left,unknown,40
14178.230470812363,4-right,unknown,0
14263.740162546686,5-left,unknown,80
14394.03591663605,6-right,unknown,0
14510.68284240967,5-left,unknown,40
14582.10598591095,crest,unknown,0
14684.8932099176,5-left,unknown,110
14759.785264971311,crest,unknown,40
14808.876352884825,crest,unknown,40
14906.692861025396,6-left,unknown,80
15007.293730013438,4-right,unknown,0
15153.981289980482,4-left,unknown,120
15458.045445034568,slight-right,unknown,0
15596.971756527486,6-right,unknown,150
15826.60876713998,5-left,unknown,0
15992.934806377953,6-left,unknown,120
16178.670652973726,5-right,unknown,0
16348.279569828592,6-left,unknown,0
16423.089396374307,6-right,unknown,0
16485.81632390271,5-right,unknown,0
16567.700645344372,crest,unknown,0
16603.051176617268,crest,unknown,0
16666.15642548812,crest,unknown,0
16698.07243119491,4-left,unknown,50
16758.89991067184,jump,unknown,0
16793.047079975724,jump,unknown,0
16872.32206319107,4-right,dont-cut,0
16926.204843533156,6-left,unknown,100
17024.525226719506,5-left,unknown,0
17146.542932942044,crest,unknown,0
17191.029209606764,crest,unknown,0
17223.106102917314,crest,unknown,0
17282.564612476923,square-right,narrow,0
17331.04317982923,6-right,unknown,70
17418.885106670976,2-left,unknown,0
17507.048267414713,slight-right,unknown,0
17556.003500397364,4-left,unknown,40
17596.68684640184,3-right,unknown,0
17676.592945110977,4-right,unknown,110
17775.416055920297,square-left,unknown,30
17872.796861012153,5-right,unknown,0
17933.32996819751,5-left,unknown,40
17973.65288876788,3-left,unknown,70
18091.534744503653,4-left,unknown,0
18186.53430173174,5-right,unknown,0
18236.89368630662,5-right,unknown,70
18297.49969956649,jump,unknown,40
18335.200382664316,jump,unknown,40
18406.710944531067,4-left,unknown,40
18467.39399190199,5-right,unknown,60
18562.523137219083,slight-left,unknown,0
18686.218357441576,slight-right,unknown,60
18752.553782093677,6-right,unknown,0
18845.59196610706,4-right,unknown,0
18916.748886692705,acute-hp-right,unknown,0
18987.842226155008,5-left,unknown,50
19059.072015966445,4-left,unknown,60
19187.7592782154,crest,unknown,0
19265.26182298087,bump,unknown,30
19316.325021528228,3-right,unknown,0
19370.87403478049,4-left,unknown,0
19421.142307905156,crest,unknown,60
19516.39158604999,hp-right,widen,30
19635.513051504102,crest,unknown,80
19693.22906255147,5-left,unknown,0
19780.37555608177,slight-right,unknown,70
19841.29748731038,jump,unknown,0
19935.201391996357,5-right,unknown,0
19996.074499830207,4-left,unknown,30
20067.997025617584,3-right,unknown,50
20176.348385976788,crest,unknown,0
20267.633583959574,crest,unknown,50
20324.415230840666,5-left,unknown,30
20422.173640722263,5-right,unknown,0
20490.66296334647,6-left,unknown,40
20560.120156949994,6-right,unknown,80
20647.9262850704,5-left,unknown,0
20778.19219567679,crest,unknown,30
20831.525298627836,crest,unknown,30
20860.610026258448,slight-right,unknown,0
20940.509792646386,6-right,unknown,100
21085.434313673006,5-left,unknown,70
21215.718994153973,5-left,unknown,40
21342.874978651067,6-left,unknown,50
21418.62126252558,slight-right,unknown,70
21528.157187704117,6-left,unknown,70
21647.814620832498,slight-right,unknown,0
21777.33380273251,slight-left,unknown,80
21907.55938714414,6-left,unknown,50
22028.776852964464,4-right,unknown,0
22126.053609060353,6-left,unknown,50
22224.61095055971,slight-right,unknown,90
22377.189876531687,6-left,cut,140
22560.566365789506,5-right,caution,100
22872.16230256473,finish,unknown,0
