0,straight,unknown,90
96.41560418128971,crest,unknown,80
202.4473467350006,6-right,unknown,90
299.23364483833313,6-left,unknown,90
433.9252167987823,6-right,unknown,80
567.2707584095,4-left,unknown,50
703.4490045261389,6-right,unknown,40
803.7139568042761,crest,unknown,0
904.1179254245766,slight-left,unknown,80
1021.6156564807894,6-right,unknown,90
1182.7323649311063,6-left,unknown,50
1303.9149378681177,6-right,unknown,0
1401.1870287799818,5-right,unknown,100
1516.3704010105118,4-right,unknown,90
1680.0655921268453,5-left,unknown,0
1783.4933437824238,crest,unknown,70
1915.6148492145542,jump,unknown,0
2002.7209730243674,5-right,unknown,90
2067.3687014102916,6-left,unknown,0
2192.8264481830543,6-right,unknown,0
2260.8108168888025,4-left,unknown,50
2346.19714844703,5-right,unknown,70
2443.6008128452236,jump,unknown,0
2491.5410427951747,jump,unknown,0
2547.6087912082617,crest,unknown,0
2606.5392991733474,3-left,unknown,0
2659.8301361560757,5-right,unknown,30
2750.288981294621,5-left,unknown,0
2850.1766798496155,jump,unknown,120
2928.1874485111166,6-right,unknown,90
3063.7354243183086,crest,unknown,40
3290.9948828601755,crest,unknown,30
3356.685655221932,4-right,unknown,0
3412.848427705758,3-left,unknown,50
3488.1174075412687,crest,unknown,30
3565.0693836688934,crest,unknown,60
3618.7907300281445,3-right,unknown,40
3705.103027124397,5-right,unknown,0
3816.0735589313435,square-right,unknown,0
3888.496307935707,4-left,unknown,50
3942.013687677375,slight-left,unknown,40
4012.1855410480407,slight-left,unknown,0
4088.9026392459773,slight-right,unknown,80
4146.436151628482,6-left,unknown,0
4251.519979829773,crest,unknown,50
4307.061388483033,4-right,unknown,60
4371.987374773014,jump,unknown,40
4465.990223588928,4-left,unknown,30
4557.736439752566,5-left,unknown,0
4632.523648080814,4-right,unknown,80
4687.110104227051,3-right,unknown,0
4778.197240190499,4-right,unknown,40
4822.378840227118,5-right,unknown,0
4893.7801992893155,4-left,unknown,0
4944.233811655038,square-right,unknown,120
5052.348747873299,4-left,unknown,0
5136.041833620059,2-left,unknown,30
5188.571534509645,4-right,unknown,50
5253.082329759588,2-right,unknown,60
5309.707536172863,2-right,unknown,60
5377.4464875698095,5-left,caution,0
5443.4259439754505,square-left,unknown,0
5512.404953756329,square-left,unknown,0
5545.5997684764825,5-right,widen,0
5570.508935804366,slight-left,unknown,50
5606.692689237593,5-right,unknown,130
5732.761126050952,crest,unknown,30
5815.669155416491,crest,unknown,30
5853.245783338548,4-left,unknown,0
5943.6507786464745,crest,unknown,70
5995.856567831045,4-right,unknown,50
6081.028460721976,6-left,unknown,0
6263.654942159653,6-right,unknown,30
6404.970720663074,5-left,unknown,120
6505.4209195613885,6-right,unknown,0
6673.112941770558,5-right,unknown,170
6896.035171499256,6-left,unknown,90
7075.591020269405,5-left,unknown,160
7322.37703673365,6-right,unknown,0
7474.69193541529,4-right,unknown,0
7569.557575368903,3-left,unknown,90
7700.184290800114,slight-right,unknown,0
7803.545959157959,crest,unknown,130
7936.545143766414,5-right,unknown,0
8075.115314550406,crest,unknown,0
8140.648645963674,6-right,unknown,0
8214.557362012873,5-left,unknown,60
8309.489665136349,6-right,unknown,0
8438.252925825127,4-left,unknown,30
8528.353920507432,slight-right,unknown,30
8635.360181570057,jump,unknown,40
8709.117276258467,3-left,unknown,0
8787.376463727953,6-right,unknown,100
8909.69817442895,jump,unknown,0
9033.53587683679,5-left,unknown,110
9106.024412870407,6-left,unknown,80
9236.29672423362,crest,unknown,0
9377.667956647876,slight-right,unknown,0
9444.675073118216,4-right,unknown,30
9520.730807142265,4-left,unknown,40
9628.9817920208,4-left,unknown,0
9729.425882864,slight-right,unknown,130
9822.066592817315,4-right,unknown,30
9958.163299818047,5-left,unknown,120
10128.021350584024,6-right,unknown,0
10253.096935758584,crest,unknown,70
10372.17635905265,crest,unknown,0
10466.598316679001,5-left,unknown,80
10560.063259382261,4-left,unknown,0
10693.943248624819,4-right,unknown,50
10757.71089896204,crest,unknown,0
10790.261081228267,crest,unknown,0
10864.432064352035,crest,unknown,0
10922.800144758225,crest,unknown,30
10989.323427114485,1-left,unknown,0
11057.794161748883,5-right,unknown,0
11096.59375697135,3-left,unknown,50
11152.426679296479,5-right,unknown,0
11240.954042081818,4-left,unknown,0
11332.08008105278,jump,unknown,80
11411.066945486067,slight-right,unknown,60
11541.42813464165,3-right,unknown,0
11641.429321470278,3-left,unknown,0
11710.642750577937,crest,unknown,0
11789.603296995181,slight-left,unknown,60
11842.737662496573,6-right,unknown,70
11923.370821905133,5-right,unknown,190
12131.549909925463,crest,unknown,50
12266.01068427086,5-right,dont-cut,0
12350.526495542528,6-left,unknown,30
12423.7931946087,1-left,unknown,0
12549.01578986169,square-right,unknown,90
12632.503069047953,5-left,unknown,40
12714.730329294227,6-right,unknown,80
12812.357476587325,5-left,unknown,0
12935.279146051429,4-right,unknown,30
13043.913234758395,3-left,unknown,40
13178.684722757358,2-right,unknown,30
13285.129545526524,3-left,unknown,30
13376.674110879914,4-right,unknown,40
13472.262106561671,crest,caution,0
13534.33042935372,crest,caution,0
13577.0630260563,1-left,unknown,30
13644.35675213815,slight-right,unknown,50
13727.794420226497,5-left,unknown,0
13812.869007438112,slight-right,unknown,90
13876.216406844545,crest,unknown,40
13996.44841017096,1-right,unknown,50
14119.829616321029,4-left,unknown,30
14191.84827154489,4-right,unknown,40
14273.627161391692,3-left,unknown,0
14395.894035895779,4-left,unknown,70
14516.538989509054,5-right,unknown,70
14620.956036017826,4-right,unknown,60
14744.04116079657,4-left,unknown,0
14861.16871477454,jump,unknown,70
14953.847377074651,crest,unknown,40
14990.02494310706,crest,unknown,40
15055.944518531249,4-right,unknown,50
15287.677027610229,jump,unknown,0
15430.220081427975,crest,unknown,40
15502.763572333737,crest,unknown,0
15597.705297950184,5-left,unknown,0
15663.06521200505,slight-right,unknown,70
15728.93252199498,3-left,unknown,0
15837.98797716466,4-right,unknown,0
15901.059610694332,slight-left,unknown,50
15974.292757209225,crest,unknown,50
16058.159706595823,jump,unknown,30
16133.012046950756,crest,unknown,0
16196.722198890153,5-right,unknown,60
16250.351668456506,6-right,unknown,40
16337.685211242171,4-left,unknown,70
16429.89524084422,5-left,unknown,70
16537.625126517763,crest,unknown,0
16648.294223044864,6-right,unknown,0
16723.362140296445,6-left,unknown,40
16851.660559905526,2-right,unknown,30
16965.940043662536,3-left,unknown,0
17044.92682550764,5-right,unknown,0
17118.802137855047,crest,unknown,50
17180.732239516714,5-left,unknown,30
17261.590787566634,5-left,unknown,40
17337.811125358094,6-right,unknown,30
17436.948929122424,4-left,unknown,40
17605.628977378325,5-left,unknown,0
17660.783907264187,4-right,unknown,80
17711.758682692944,6-right,unknown,0
17788.852998412553,2-left,unknown,40
17926.328759940563,4-right,unknown,0
18012.642684081482,6-left,unknown,0
18093.334314216077,crest,unknown,50
18154.909609664373,slight-left,unknown,0
18221.728832686807,6-left,unknown,70
18285.19036005343,6-right,unknown,0
18362.346340239885,crest,unknown,130
18450.935562842737,6-left,unknown,30
18581.964488242527,4-right,unknown,40
18640.43913976994,crest,unknown,50
18729.844860595156,4-left,unknown,80
18810.20200064031,crest,unknown,0
18930.07863455146,jump,unknown,0
18988.135802634646,3-right,unknown,0
19042.17898935646,slight-left,unknown,0
19104.36533022255,slight-right,unknown,0
19161.1859180674,crest,unknown,50
19224.47395368905,3-left,caution,70
19312.54662008615,4-right,unknown,120
19481.54904703468,5-left,unknown,0
19600.741407340465,6-left,unknown,50
19719.501173079938,crest,unknown,0
19760.258959754425,crest,unknown,0
19808.67726091713,crest,unknown,0
19820.938202269976,6-right,unknown,50
19927.294372428354,6-left,unknown,70
20022.224977858976,3-right,unknown,0
20158.637824157173,6-left,unknown,30
20232.121397956293,6-right,unknown,50
20394.432935889632,crest,caution,0
20523.623072036182,4-right,unknown,0
20582.93648493139,4-left,unknown,0
20635.9251767954,jump,unknown,180
20753.36990831697,crest,unknown,0
20786.622956031217,crest,unknown,0
20890.969609130265,jump,unknown,100
20961.965799773574,6-left,unknown,50
21061.40006567322,4-left,unknown,50
21136.101208365813,4-left,unknown,40
21228.88719904269,4-left,unknown,0
21313.791331580545,4-right,unknown,120
21434.118421576848,2-right,unknown,0
21547.60671045622,crest,unknown,50
21609.930235427215,4-left,unknown,30
21684.39029550869,2-right,unknown,80
21818.833634093597,crest,unknown,190
21964.436713050174,crest,unknown,0
21995.30961885767,crest,unknown,0
22112.612507308302,3-left,unknown,0
22163.045429442704,4-right,unknown,30
22209.71351991972,4-right,unknown,30
22264.924966147737,4-left,unknown,50
22317.86786276182,1-right,unknown,0
22422.555543292354,1-left,unknown,0
22458.3868702348,slight-right,unknown,0
22504.906627658194,6-left,unknown,0
22550.89482529004,jump,unknown,160
22655.341252864204,5-left,unknown,0
22781.65509247143,finish,unknown,0
