0,straight,unknown,90
81.6466160202026,crest,unknown,80
194.01320690155018,6-right,unknown,90
289.1731328201294,6-left,unknown,90
424.06726161956817,6-right,unknown,80
558.2520321273806,4-left,unknown,50
696.612034492493,6-right,unknown,40
794.6664982223515,crest,unknown,0
893.2780663681037,slight-left,unknown,80
998.4903817367564,6-right,unknown,90
1171.7738700485224,6-left,unknown,50
1291.5708687973015,6-right,unknown,0
1390.1350696945187,5-right,unknown,100
1502.5394632339485,4-right,unknown,90
1670.9077255249013,5-left,unknown,0
1774.4897610855076,crest,unknown,70
1834.9278240203828,crest,unknown,70
1905.9094458007778,jump,unknown,0
1994.8974366760215,5-right,unknown,90
2056.733039627075,6-left,unknown,0
2184.8555964660645,6-right,unknown,0
2253.473684692384,4-left,unknown,50
2338.84231994629,5-right,unknown,70
2436.6273237228406,jump,unknown,0
2476.988344383239,jump,unknown,0
2537.190565414429,crest,unknown,0
2601.8620173263544,3-left,unknown,0
2660.2851361083976,5-right,unknown,30
2777.7901108741744,5-left,unknown,0
2848.6789032554616,jump,unknown,120
2930.1343941688524,6-right,unknown,90
3058.0780905342094,crest,unknown,40
3291.2307357215827,crest,unknown,30
3353.2259379768334,4-right,unknown,0
3409.4349032401988,3-left,unknown,50
3483.609875965112,crest,unknown,30
3559.7469302177387,crest,unknown,60
3614.080018177025,3-right,unknown,40
3698.9678564262326,5-right,unknown,0
3812.3709526252683,square-right,unknown,0
3886.0584023475576,4-left,unknown,50
3943.7172425651515,slight-left,unknown,40
4011.6557721900936,slight-left,unknown,0
4087.451690196991,slight-right,unknown,80
4145.409088764193,6-left,unknown,0
4248.595450649268,crest,unknown,50
4305.399544391638,4-right,unknown,60
4371.435199298863,jump,unknown,40
4465.422845821387,4-left,unknown,30
4559.751478099829,5-left,unknown,0
4631.036729106906,4-right,unknown,80
4684.170834636691,3-right,unknown,0
4777.388893489843,4-right,unknown,40
4824.1778426933315,5-right,unknown,180
4945.266400051125,square-right,unknown,120
5059.069732570655,4-left,unknown,0
5139.123805809016,2-left,unknown,30
5191.738184890741,4-right,unknown,50
5255.795445747369,2-right,unknown,60
5299.030504798884,2-right,unknown,60
5374.491333961481,5-left,caution,0
5445.877380847921,square-left,unknown,0
5542.166457748406,square-left,unknown,0
5551.127388973229,5-right,unknown,0
5617.325190563197,5-right,unknown,130
5741.814600868218,crest,unknown,30
5824.513800163262,crest,unknown,30
5855.868525276176,4-left,unknown,0
5946.209280891411,crest,unknown,70
5983.15361835479,crest,unknown,70
6000.560868949883,4-right,unknown,50
6084.472189483639,6-left,unknown,0
6266.594530143739,6-right,unknown,30
6407.940152969354,5-left,unknown,120
6498.983973617548,6-right,unknown,0
6693.7287887954635,5-right,unknown,170
6908.714462547296,6-left,unknown,90
7104.734897308351,5-left,unknown,160
7328.272539711003,6-right,unknown,0
7478.758123550421,4-right,unknown,0
7574.878783798221,3-left,unknown,90
7701.485915946969,slight-right,unknown,0
7811.077713890078,crest,unknown,130
7942.8110425949135,5-right,unknown,0
8081.737558441169,crest,unknown,0
8147.070928840646,6-right,unknown,0
8221.180001602192,5-left,unknown,60
8316.954693450949,6-right,unknown,0
8444.349529228228,4-left,unknown,30
8534.738811454788,slight-right,unknown,30
8640.79739330292,jump,unknown,40
8714.462657279964,3-left,unknown,0
8794.086678276057,6-right,unknown,100
8913.522465820304,jump,unknown,0
9037.836845359781,5-left,unknown,110
9102.389244041424,6-left,unknown,80
9241.382680244431,crest,unknown,0
9288.39878986357,crest,unknown,0
9381.56053096769,slight-right,unknown,0
9452.06849437712,4-right,unknown,30
9512.915828514091,4-left,unknown,40
9650.086952781667,4-left,unknown,0
9735.935244560225,slight-right,unknown,130
9825.519449195835,4-right,unknown,30
9964.570900001483,5-left,unknown,120
10137.745113334624,6-right,unknown,0
10261.592859802215,crest,unknown,70
10380.93054046628,crest,unknown,0
10475.847789802518,5-left,unknown,80
10568.497125816322,4-left,unknown,0
10703.096855850186,4-right,unknown,50
10766.243293838466,crest,unknown,0
10854.971799888564,crest,unknown,0
10932.905305747945,crest,unknown,30
11001.093105087239,1-left,unknown,0
11067.9346440124,5-right,unknown,0
11118.211456069897,3-right,unknown,50
11184.392770149834,5-right,unknown,0
11272.981006157535,4-left,unknown,0
11352.76449645294,jump,unknown,80
11440.35883071197,slight-right,unknown,60
11571.308634865414,3-right,unknown,0
11671.514356529842,3-left,unknown,0
11740.238700058593,crest,unknown,0
11820.919761116642,slight-left,unknown,60
11875.187630074157,6-right,unknown,70
11952.974641869178,5-right,unknown,190
12162.475209610568,crest,unknown,50
12294.688782646754,5-right,dont-cut,0
12376.886074822045,finish,caution,0
