0,4-right,unknown,0
18.6733983898163,5-left,unknown,30
84.76206309318542,5-left,dont-cut,0
156.11745020866408,hp-right,unknown,40
235.54606627464293,6-right,unknown,30
277.200549592972,2-left,unknown,60
395.3187695026395,3-right,unknown,30
483.1179818439481,6-right,unknown,0
554.6241737842557,6-left,unknown,80
609.8663338947296,slight-right,unknown,0
710.139186677933,slight-left,unknown,0
772.8599128055579,6-right,unknown,50
837.7445076847088,4-left,unknown,0
899.6869818210616,4-right,unknown,0
939.6225148487105,4-right,unknown,80
981.4801008701337,2-left,unknown,70
1082.356029748918,6-left,unknown,0
1152.23511622429,slight-right,unknown,0
1195.5366102123264,3-right,unknown,0
1236.927330350876,3-left,unknown,30
1291.7281948375708,6-left,unknown,0
1374.8324640560156,4-right,unknown,0
1422.74019434929,4-left,unknown,0
1483.3634395504,3-right,unknown,0
1525.2883542919162,6-left,unknown,0
1586.3043874454495,3-left,unknown,100
1637.0971875476823,3-left,unknown,0
1728.6953886127458,3-right,unknown,0
1770.5237833499891,6-right,unknown,180
1898.0908464527124,5-right,unknown,0
1981.6492665386202,3-left,unknown,60
2061.4964614772766,4-right,unknown,40
2141.4132659053785,5-right,widen,0
2198.5996815776825,slight-left,unknown,100
2249.5523960018163,slight-right,unknown,0
2339.2369861888887,5-left,unknown,0
2385.2826973629,2-right,unknown,0
2413.8041110706326,1-left,caution,0
2446.691091585157,2-right,unknown,0
2479.8985387516,4-left,widen,0
2534.576069555281,slight-right,unknown,40
2592.0565572261794,1-right,unknown,30
2653.723825674052,3-left,unknown,40
2714.6081785488054,3-left,unknown,0
2789.5829174709247,6-right,unknown,50
2837.019299993508,6-left,unknown,0
2937.729424886697,2-right,unknown,0
3005.680808629983,2-left,unknown,0
3085.4454035282106,6-right,unknown,120
3170.920963658173,4-right,unknown,60
3258.1413030136414,5-left,unknown,0
3331.768573750336,3-right,bridge,0
3373.907649258455,5-left,widen,40
3411.192675656161,hp-left,unknown,0
3469.6941068924316,3-right,unknown,30
3521.2351449669245,2-left,unknown,0
3577.1962296188694,3-right,widen,0
3646.1728355492,2-right,unknown,0
3679.4702463234325,4-left,widen,40
3709.3276697624565,slight-right,unknown,50
3789.865326660952,hp-right,dont-cut,0
3826.144565190159,hp-right,dont-cut,0
3839.6177812088367,3-left,unknown,40
3876.3967591369983,4-right,unknown,0
3944.1615035522823,2-left,unknown,0
4002.597733639563,3-right,unknown,0
4058.3870079124836,3-left,widen,60
4126.727455777014,hp-left,unknown,30
4205.909799679605,4-right,unknown,0
4259.268943442186,4-left,widen,30
4326.153948668318,hp-right,widen,60
4436.182884386858,6-right,unknown,0
4483.869783247786,4-right,unknown,0
4524.400152968242,2-left,unknown,80
4580.7341890896105,4-left,unknown,0
4646.79770662196,6-right,unknown,40
4690.547532213999,slight-left,unknown,0
4766.58233606227,3-right,unknown,0
4812.303250559644,4-left,unknown,0
4852.340482958633,6-right,unknown,120
4906.756597651321,2-right,unknown,30
5040.546116274677,6-left,unknown,40
5103.995940588796,1-left,unknown,0
5172.378637045702,3-right,unknown,0
5204.110161475024,slight-left,unknown,90
5253.104294585068,6-left,unknown,0
5340.570477942302,slight-right,unknown,0
5387.689874686081,3-left,bridge,0
5427.962711714582,6-left,unknown,100
5500.434244326427,slight-left,unknown,0
5599.059924753977,6-right,unknown,70
5653.299373301338,6-left,unknown,50
5725.185359286137,4-right,bridge,30
5786.9794089687575,hp-left,unknown,0
5843.476758230993,slight-right,widen,0
5903.4957411373325,5-left,unknown,30
5941.364798563785,6-right,unknown,140
6035.688275278872,slight-left,unknown,0
6151.159528139896,hp-right,unknown,0
6198.218241843056,6-left,unknown,110
6298.283722990825,slight-left,unknown,30
6399.278109320473,6-right,unknown,40
6458.565853957011,4-left,unknown,40
6535.858757666425,6-right,unknown,130
6625.260516051127,1-right,unknown,50
6775.4897265041645,slight-left,dont-cut,60
6849.065705393634,4-left,unknown,0
6932.251151636922,1-right,unknown,0
6974.119439352831,2-left,unknown,0
6999.887791746938,6-right,unknown,0
7034.591801737631,5-left,unknown,0
7073.335450724448,4-right,unknown,0
7116.227619608724,3-left,unknown,0
7168.041470240436,1-left,widen,0
7199.732361430009,6-right,unknown,200
7313.309522570444,hp-left,unknown,0
7425.19091226466,6-right,unknown,70
7485.345790976358,slight-right,unknown,180
7618.6071661747255,hp-right,dont-cut,40
7663.787887057146,6-left,bridge,100
7725.53704748043,3-left,unknown,80
7818.071949099385,3-right,unknown,0
7918.967885493126,2-left,unknown,90
8026.957950362055,1-right,unknown,60
8123.687063311417,slight-right,unknown,0
8188.9316325558,1-left,unknown,0
8229.826291636318,3-right,dont-cut,0
8273.138987940645,2-left,widen,40
8324.157879694792,4-right,unknown,40
8391.415813502168,6-left,unknown,0
8464.27562394986,3-left,unknown,130
8555.652733172261,slight-right,unknown,100
8658.843906267955,4-left,unknown,40
8785.383019732302,3-left,unknown,80
8916.563868616871,3-left,unknown,100
9067.822408617778,6-left,caution,0
9169.762519244001,4-left,dont-cut,0
9214.336718615343,1-right,unknown,0
9243.737554949565,slight-right,unknown,60
9381.602835730355,3-left,unknown,50
9495.331204298782,3-right,unknown,100
9667.054135206994,slight-left,unknown,100
9766.70913680916,5-left,unknown,40
9887.984303778461,2-left,unknown,110
9994.885934656904,2-right,unknown,0
10072.36054494743,2-left,widen,0
10119.933428973005,1-right,unknown,30
10167.06718248252,2-left,widen,30
10226.796602801132,1-right,unknown,30
10302.322119654455,2-left,unknown,80
10427.82953956488,slight-right,unknown,0
10504.241456545624,2-right,unknown,0
10538.794367636472,2-left,unknown,0
10578.405451658988,1-right,unknown,0
10645.295774821056,5-left,unknown,80
10715.586141089201,2-left,unknown,50
10831.142648562209,2-right,dont-cut,60
10914.95377868534,5-left,unknown,80
11067.318569105857,2-right,unknown,40
11180.521375311611,1-right,unknown,180
11287.019361284967,5-right,unknown,40
11333.471491945982,1-left,unknown,40
11417.626277331114,4-left,unknown,30
11504.457871016266,slight-right,unknown,0
11567.648105582004,2-right,dont-cut,0
11597.94650472523,2-left,unknown,30
11628.23882501485,6-right,unknown,0
11672.036806067255,2-right,unknown,0
11711.984439867761,4-left,unknown,80
11785.396381892004,4-right,unknown,50
11881.35044393424,2-right,unknown,0
11958.557083109661,4-right,unknown,70
12008.543699282443,2-left,unknown,60
12121.413383883266,1-right,dont-cut,100
12278.004195517322,5-left,unknown,30
12370.950717009317,6-right,unknown,0
12435.53990989566,6-left,unknown,0
12489.777657049903,slight-right,unknown,0
12546.90924037815,5-left,unknown,80
12602.591507986795,crest,unknown,30
12665.24700130345,4-right,unknown,30
12722.159795836224,4-left,unknown,50
12890.278973635428,5-right,unknown,0
12981.246831911796,slight-left,unknown,0
13030.449265078294,2-right,dont-cut,60
13072.758414629692,3-left,unknown,0
13151.421277216665,3-right,unknown,30
13222.968405321839,6-left,widen,80
13279.279380396601,4-left,unknown,0
13379.844683359868,6-right,unknown,70
13425.56851392627,1-left,unknown,40
13507.280004519214,2-right,unknown,50
13617.969955385926,3-left,unknown,50
13682.961982020146,slight-left,unknown,40
13769.689490412486,1-right,unknown,0
13823.723040789386,2-left,unknown,0
13993.648766897957,3-right,unknown,30
14082.274625891472,4-left,caution,0
14151.558715857289,3-left,unknown,0
14224.513275183472,3-right,unknown,30
14268.01598308448,1-left,caution,30
14332.261430910881,5-right,unknown,50
14388.456504916014,1-left,caution,50
14477.34054567224,2-right,dont-cut,60
14551.116680086914,2-left,unknown,30
14632.810314959353,slight-left,caution,40
14724.612551096761,square-right,unknown,0
14779.790433367574,slight-left,unknown,0
14815.308207358203,3-right,unknown,0
14848.881568812221,5-left,unknown,0
14893.903590983236,3-right,unknown,0
14934.40365499385,2-left,unknown,50
14984.345114954796,2-right,unknown,40
15059.370423945276,6-left,unknown,0
15133.175245856142,4-left,unknown,40
15178.541167143685,2-right,unknown,80
15246.474597777233,5-left,widen,50
15341.549055899484,crest,unknown,160
15454.310819929926,3-right,unknown,90
15599.666616057242,6-right,unknown,40
15722.186971930356,6-left,unknown,40
15903.176654585686,slight-right,unknown,60
16069.460642088732,crest,unknown,70
16151.335208968003,slight-right,unknown,40
16233.465651167691,5-left,unknown,80
16307.942637022787,6-right,unknown,80
16408.839210623544,5-left,unknown,0
16535.029989699153,4-right,unknown,70
16638.717355803266,crest,unknown,90
16674.352813223617,crest,unknown,90
16721.113608092084,slight-right,caution,0
16822.391932257444,6-left,unknown,0
16887.163819388177,6-right,unknown,60
16931.849361304085,1-left,unknown,30
17015.69280094032,slight-left,unknown,0
17099.14726735954,6-right,unknown,0
17148.93043077358,6-right,unknown,350
17546.08536188013,crest,unknown,60
17666.761804903817,slight-left,unknown,100
17747.10377153285,crest,unknown,100
17835.56795495876,4-left,unknown,0
17949.149351557582,5-right,unknown,100
18019.160532206384,5-right,unknown,50
18138.26231275445,slight-left,unknown,0
