1,slight-right,unknown,40
155.5300499057769,5-left,unknown,0
237.78668160438517,4-right,twisty,100
341.79357441902147,crest,unknown,60
424.86678669929455,slight-right,unknown,80
517.0425500202177,6-left,unknown,350
896.7838782978057,6-left,unknown,30
1067.8840527820587,5-left,caution,0
1128.9429947757724,slight-right,twisty,30
1283.8781389522553,5-left,unknown,40
1338.0153129482283,6-right,unknown,0
1422.1320305156719,6-left,unknown,80
1473.3316570568106,crest,unknown,70
1549.158253355029,slight-left,twisty,0
1613.1400651073477,5-left,unknown,0
1672.2386677455922,6-right,unknown,70
1723.4281339168579,6-left,unknown,80
1813.5806892299681,4-right,unknown,30
1942.9269151973763,slight-left,twisty,60
2018.565913686757,crest,unknown,50
2110.242581548698,6-left,unknown,0
2188.4379330730517,6-right,unknown,40
2381.6851919460364,6-left,unknown,100
2526.5777474117376,3-left,unknown,130
2754.3393064403626,crest,unknown,50
2863.945403203975,4-right,twisty,70
2933.2751184749723,1-left,unknown,0
3021.16639647485,4-right,unknown,40
3097.9879166507826,2-left,unknown,60
3213.9692797184084,2-right,unknown,0
3288.619790010461,3-left,unknown,0
3335.202353792197,4-right,unknown,30
3381.641330423362,1-left,unknown,30
3427.7643051242917,1-left,unknown,0
3500.5792709827533,slight-right,unknown,0
3555.090676527032,2-right,unknown,70
3647.418110589986,2-left,dont-cut,60
3714.2636102771794,1-right,unknown,40
3805.7406895351446,5-right,unknown,30
3933.4484818935434,3-left,dont-cut,0
3983.248377580649,square-left,widen,130
4081.046514978416,3-left,unknown,0
4162.053067598354,6-right,unknown,40
4232.756533479707,2-left,unknown,0
4346.223569536225,2-right,widen,0
4403.768748159427,1-left,unknown,30
4436.010737657562,slight-right,widen,60
4495.04931344034,3-right,unknown,50
4562.851288652438,2-left,unknown,40
4805.7196407318215,slight-left,twisty,0
4881.983304615024,4-right,unknown,60
4928.776349163058,6-right,unknown,30
4996.914663181304,3-left,unknown,0
5058.872236270906,3-right,bridge,70
5135.858116455086,2-left,dont-cut,50
5244.094114589692,5-left,widen,40
5307.657957630157,slight-right,unknown,0
5376.851239109042,4-right,twisty,50
5424.278024501801,4-left,unknown,0
5524.409597225191,slight-right,widen,80
5625.576589221955,4-right,twisty,0
5714.3048357963535,slight-left,twisty,0
5770.600624523159,6-right,unknown,0
5823.4683534431415,6-left,unknown,0
5873.9902050971905,4-right,unknown,100
6113.219977197642,2-right,unknown,80
6263.748322529238,4-left,unknown,0
6300.164238676466,2-left,unknown,60
6340.626612677013,4-left,unknown,70
6434.266518854532,5-right,unknown,0
6494.17403256837,1-left,unknown,0
6616.38514243547,3-right,unknown,0
6648.6193810028235,1-left,dont-cut,40
6708.080565962239,3-right,widen,50
6768.513813318649,2-right,unknown,30
6838.532386354843,5-left,unknown,30
6913.540814718642,6-right,unknown,0
6987.069540533465,2-left,widen,30
7035.7971504921115,3-left,widen,70
7124.168581652081,4-right,bridge,60
7237.366052832047,2-left,unknown,30
7358.456430677817,slight-right,caution,0
7421.207264913964,2-right,unknown,80
7496.435659021779,6-right,unknown,0
7562.914207319661,1-left,unknown,0
7614.9654021972865,2-right,widen,0
7674.738766951009,1-left,dont-cut,70
7790.954941152971,3-right,unknown,30
7852.300794634267,1-left,unknown,30
8007.645773414534,2-right,unknown,30
8067.016038068687,2-left,unknown,0
8129.692687925257,2-right,dont-cut,0
8174.0170256556685,2-left,unknown,80
8265.41657306092,3-right,unknown,30
8329.803637517867,slight-right,unknown,0
8382.674524778298,6-right,unknown,60
8424.561566747603,slight-right,unknown,70
8559.143450254373,2-left,dont-cut,40
8667.05453771012,3-right,unknown,50
8781.455071081102,slight-left,unknown,0
9041.600686277336,3-right,widen,120
9165.820903123808,3-right,unknown,80
9311.804065965596,3-right,unknown,50
9429.305558942739,5-right,unknown,40
9506.689801534594,slight-left,dont-cut,140
9680.186578763924,3-right,twisty,50
9802.511764806704,4-left,widen,40
9895.846168397853,2-right,unknown,0
9976.096166604952,4-left,unknown,0
10075.949563898044,slight-left,twisty,60
10127.248465684845,square-left,unknown,80
10241.929660619682,2-right,unknown,0
10307.158399976677,2-left,unknown,100
10392.983945421169,4-right,unknown,90
10476.598449777563,6-right,unknown,50
10586.278037752123,hp-left,unknown,0
10652.38020877263,4-right,unknown,0
10695.566038850746,slight-left,unknown,80
10750.011399148902,5-left,unknown,0
10834.413727830843,hp-right,unknown,160
10969.35574605364,6-left,unknown,0
11074.546193021723,2-right,unknown,30
11123.48672906299,4-left,unknown,0
11178.192615674925,3-right,unknown,0
11248.835346349673,6-left,unknown,0
11286.232666562997,2-right,unknown,0
11325.319424146615,square-left,unknown,0
11354.032288583714,4-right,unknown,70
11401.137549795107,slight-right,twisty,50
11465.230447553606,2-left,widen,90
11602.496847242335,6-left,dont-cut,50
11688.917280401212,3-right,unknown,0
11766.473398946742,6-left,unknown,0
11819.86722791098,slight-right,unknown,120
11904.949664243693,6-right,unknown,0
12105.153056081766,slight-right,unknown,120
12231.133768366772,6-right,unknown,0
12245.53484285255,6-left,unknown,30
12314.916284464794,4-right,dont-cut,0
12387.210501841506,slight-left,widen,30
12425.658635615311,hp-right,widen,30
12469.760331438985,4-left,unknown,40
12518.130776690445,slight-right,unknown,70
12587.901771296461,5-left,unknown,0
12679.598002680737,slight-right,unknown,90
12761.87658769508,6-right,unknown,0
12828.70147104165,3-right,widen,0
12901.155722750633,slight-left,widen,0
12943.136248988114,6-right,unknown,70
13063.251023062669,3-left,widen,0
13111.225063284834,2-right,unknown,40
13150.49206581017,4-right,unknown,0
13196.538077773072,slight-left,unknown,0
13259.800945281007,1-left,widen,90
13347.946254652972,5-left,dont-cut,0
13421.159042872428,3-right,unknown,0
13465.953704318044,2-left,unknown,0
13506.586548289297,slight-right,unknown,0
13560.147279414172,5-left,dont-cut,0
13610.917285632127,4-right,twisty,70
13658.835379046448,2-right,unknown,0
13749.593144129767,3-left,unknown,60
13894.604182566663,4-right,twisty,0
14022.253674372705,hp-right,widen,70
14131.2369429293,3-right,twisty,0
14169.699698142093,3-left,unknown,0
14212.795707701729,1-right,unknown,30
14311.62528164771,3-left,unknown,40
14363.344233378444,4-right,widen,30
14471.793541430508,slight-left,bridge,50
14532.548710516956,3-right,unknown,0
14596.597119540234,1-left,unknown,0
14655.651356600774,3-right,widen,30
14728.722867487913,3-left,unknown,40
14793.662617796916,hp-right,unknown,30
14863.027946108821,4-right,caution,0
14912.105480364795,3-left,widen,0
14943.097321757306,2-left,bridge,0
14971.838726691238,4-right,widen,50
15002.706991824145,4-left,unknown,70
15052.563215826976,6-left,unknown,0
15146.115370177262,1-right,unknown,50
15208.665586546893,1-left,unknown,0
15274.22234077358,slight-right,widen,80
15367.930782355312,6-left,unknown,0
15440.918960513105,3-right,unknown,40
15515.954390048013,3-right,unknown,30
15581.561150111187,2-left,unknown,60
15686.763968619334,4-right,twisty,0
15750.512110842677,2-left,unknown,0
15824.990584238982,3-left,unknown,0
15868.767714957214,1-left,unknown,0
15915.349975127196,4-right,widen,0
15955.852006434414,6-left,unknown,100
16095.27448858162,6-left,widen,50
16139.693682650535,4-left,unknown,50
16184.021449831931,3-right,widen,0
16247.357736605607,4-left,widen,40
16315.376319407405,acute-hp-left,widen,0
16324.341461657472,square-right,unknown,0
16380.633115214277,finish,unknown,0
16408.489267596153,5-left,unknown,30
16472.994392947105,3-left,widen,0
16539.960295618934,4-right,widen,100
16619.32509748357,3-right,widen,0
16703.63183963673,1-left,unknown,0
16745.47133907217,3-right,widen,0
16788.867675856523,4-left,unknown,0
16814.797705897257,4-right,twisty,0
16843.240654848978,4-left,unknown,0
16876.242226160935,6-right,unknown,40
16944.065461634567,2-right,unknown,30
17004.43682382482,2-right,unknown,30
17075.92157869238,slight-right,unknown,70
17167.446956213895,2-right,unknown,70
17314.99409784215,4-left,bridge,30
17376.557113646457,6-left,widen,0
17434.392227286266,4-right,unknown,50
17475.585422362263,slight-left,widen,0
17533.298180655416,slight-right,unknown,80
17599.59243186849,6-right,unknown,0
17690.402981909665,6-left,unknown,40
17753.109817084234,3-left,unknown,50
17845.50745820894,4-right,unknown,0
17911.82174657714,2-right,unknown,40
17992.189378603805,finish,unknown,0
