0,4-left,unknown,70
47.633246831893906,5-right,unknown,0
110.86861769676207,1-left,unknown,0
184.90320490837075,5-left,dont-cut,0
229.9478653049466,3-right,unknown,0
269.3970179080962,1-left,dont-cut,40
312.5254282474515,3-right,widen,50
377.4036593341823,2-right,unknown,30
457.77860899925196,5-left,unknown,30
533.9868243694303,6-right,unknown,0
606.1421426677691,2-left,unknown,30
645.9615330791466,3-left,unknown,70
725.9425267887106,5-right,widen,60
869.0694250965105,1-left,unknown,30
981.1076193714127,slight-right,caution,0
1043.3913734531386,2-right,unknown,80
1098.5473320865608,6-right,unknown,0
1183.7653477573374,1-left,unknown,0
1235.400911836622,2-right,widen,0
1295.0997069644907,1-left,dont-cut,70
1407.001934576031,3-right,unknown,30
1480.0146720218615,1-left,unknown,30
1499.5057224750478,2-left,unknown,30
1594.6352189159336,2-right,unknown,30
1656.505835542673,2-left,unknown,0
1736.7817085552142,2-right,dont-cut,0
1780.7367020130084,2-left,unknown,80
1850.5884813404007,3-right,unknown,30
1932.0505845737382,slight-right,unknown,0
1987.4825066471024,6-right,unknown,60
2035.499357423773,slight-right,unknown,70
2132.072180337898,2-left,dont-cut,40
2271.4398399829747,3-right,unknown,50
2372.2227375507227,slight-left,unknown,0
2509.230682725894,hp-left,unknown,0
2646.8729399585627,3-right,unknown,120
2763.9625018596603,3-right,unknown,80
2902.564999151225,3-right,unknown,50
3018.4281476497595,5-right,unknown,40
3104.900296163552,slight-left,dont-cut,140
3266.1284155559497,3-right,unknown,50
3403.189526281348,4-left,unknown,40
3494.263826398841,2-right,unknown,0
3575.997104024881,4-left,unknown,0
3626.8984251117686,2-right,unknown,0
3675.62861886024,slight-left,unknown,60
3729.510836782452,square-left,unknown,80
3783.5448842906912,square-left,unknown,80
3837.377690725323,2-right,unknown,0
3909.1430234813633,2-left,unknown,100
3994.1608710384326,4-right,unknown,90
4079.5562351894378,6-right,unknown,50
4189.329098806382,hp-left,unknown,0
4255.408604116438,5-right,unknown,0
4302.350862789151,slight-left,unknown,80
4351.200830192565,5-left,unknown,0
4440.924252624511,hp-right,unknown,160
4571.844590911855,6-left,unknown,0
4679.022786445613,2-right,unknown,30
4729.861907577511,4-left,unknown,0
4782.053322658534,3-right,unknown,0
4851.368820743557,6-left,unknown,0
4890.68639566421,2-right,unknown,0
4929.4586785316405,square-left,unknown,0
4961.9177026557845,5-right,unknown,70
4993.858138008107,slight-right,unknown,50
5068.794861221305,2-left,unknown,90
5209.561139488218,6-left,dont-cut,50
5294.0490341949435,3-right,unknown,0
5368.819336967461,6-left,widen,0
5425.111850776666,slight-right,unknown,120
5503.795855560298,6-right,unknown,0
5709.378551921844,slight-right,unknown,120
5800.490315971381,6-left,unknown,30
5899.886439285278,4-right,dont-cut,0
5972.392788314821,slight-left,widen,30
6014.052015762328,hp-right,unknown,30
6054.115873165132,4-left,unknown,40
6106.967797622682,slight-right,unknown,70
6184.697147312172,5-left,unknown,0
6275.1337976265095,slight-right,unknown,90
6328.169890613571,6-right,unknown,0
6423.583072528857,3-right,unknown,0
6497.489718074819,slight-left,unknown,0
6540.8538797760175,6-right,widen,70
6573.027907829304,6-right,unknown,30
6661.390567131052,3-left,unknown,0
6708.176268310557,2-right,unknown,40
6750.031824913034,5-right,unknown,0
6792.739376926435,slight-left,unknown,0
6855.01758867265,1-left,bridge,90
6940.823503875744,5-left,dont-cut,0
7017.708473949444,3-right,unknown,0
7060.196874065406,2-left,unknown,0
7101.83902366639,slight-right,unknown,0
7156.397313728341,5-left,dont-cut,0
7208.097591285717,4-right,unknown,70
7257.488311958325,2-right,unknown,0
7340.099960632332,3-left,unknown,60
7396.870879421241,hp-left,unknown,30
7486.693345403677,4-right,unknown,0
7540.183674306872,3-left,widen,30
7610.578885335917,hp-right,widen,70
7720.40411730289,3-right,unknown,0
7768.329728064536,3-left,unknown,0
7812.583588805197,1-right,widen,30
7883.564353079788,3-left,unknown,40
7947.7303175878415,4-right,unknown,30
8027.725762724861,hp-left,unknown,30
8070.439851527196,slight-left,unknown,50
8119.4438460588235,3-right,unknown,0
8187.251764683713,1-left,unknown,0
8245.342146115288,3-right,unknown,30
8295.71645237444,3-left,widen,40
8385.264612450579,hp-right,widen,30
8457.038854413013,5-right,caution,0
8502.716575512854,3-left,widen,0
8540.067035603488,2-left,widen,0
8574.419344410866,5-right,unknown,50
8607.409759793249,4-left,unknown,70
8649.013853917082,6-left,unknown,0
8738.989295849775,1-right,unknown,0
8802.094093060461,1-left,unknown,0
8864.209342942202,slight-right,unknown,80
8940.533340935652,6-left,unknown,0
9030.75885206693,3-right,unknown,40
9108.26090643401,3-right,unknown,30
9172.874721436461,1-left,unknown,60
9269.712949223474,4-right,unknown,0
9339.355222706752,2-left,unknown,0
9412.879522080388,2-right,unknown,0
9454.987768845529,1-left,unknown,0
9497.546522240606,5-right,widen,0
9536.283377003636,6-left,unknown,100
9577.3546552324,slight-right,unknown,0
9675.867115101792,6-left,unknown,50
9725.840397152877,4-left,widen,50
9771.152608838061,3-right,unknown,0
9829.270287594774,4-left,unknown,40
9896.081956315009,square-right,unknown,0
9978.875220932927,5-left,unknown,30
10055.732270302742,3-left,unknown,0
10122.575339226696,4-right,widen,100
10202.996526017168,3-right,widen,0
10285.925903763753,1-left,narrow,0
10327.532103505115,3-right,widen,0
10366.79207125185,4-left,unknown,0
10400.42483814714,4-right,unknown,0
10437.113322453477,4-left,unknown,0
10477.126883320787,6-right,unknown,40
10525.257377591119,2-right,unknown,30
10590.93965416431,3-left,unknown,30
10654.501863961206,slight-right,unknown,70
10745.019555306415,2-right,unknown,70
10775.10779177187,2-right,unknown,70
10895.95204298494,4-left,unknown,30
10960.336483674031,4-left,bridge,0
11018.059556717859,4-right,unknown,50
11061.918434090601,slight-left,widen,0
11112.772610077847,slight-right,unknown,80
11167.465077271447,6-right,unknown,0
11269.24078833102,6-left,unknown,40
11334.078304886803,3-left,unknown,50
11401.241584763513,4-right,widen,0
11493.239499573692,2-right,unknown,40
11556.554700913415,2-right,unknown,40
11656.895092474015,finish,unknown,0