1,2-left,unknown,0
25.165594739913946,4-right,unknown,70
86.09478482246395,2-left,unknown,60
245.19344898180137,1-right,dont-cut,100
428.02977516130517,5-left,unknown,30
494.12052247957297,6-right,unknown,0
557.453983096638,6-left,unknown,0
605.374085673848,slight-right,unknown,0
655.6087106509597,5-left,unknown,80
706.0817911334423,crest,unknown,30
786.0721800418288,4-right,unknown,30
851.9696919818308,4-left,unknown,50
992.0338175769235,5-right,unknown,0
1102.9794981570622,slight-left,unknown,0
1157.8634225650208,2-right,dont-cut,60
1200.499319781818,3-left,unknown,0
1278.602563628711,3-right,unknown,30
1352.5862197490114,6-left,unknown,80
1408.400997542895,4-left,unknown,0
1505.988893737353,6-right,unknown,70
1583.2306024928453,1-left,unknown,40
1655.34895608858,2-right,unknown,50
1749.5701217837704,3-left,unknown,50
1829.731259460009,slight-left,unknown,40
1916.910835227528,1-right,unknown,0
1971.439291762867,2-left,unknown,0
2016.7132171626477,1-right,unknown,40
2051.2760138125827,6-left,unknown,30
2133.3999081798006,3-right,unknown,30
2228.9174973292775,4-left,caution,0
2300.443419608636,3-left,unknown,0
2373.598355445429,3-right,unknown,30
2417.7191405482754,1-left,caution,30
2485.936308249998,5-right,unknown,50
2541.21652027087,1-left,caution,50
2611.583060187861,2-right,dont-cut,60
2704.377215938135,2-left,unknown,30
2786.4951319499455,slight-left,caution,40
2876.6311472125444,square-right,unknown,0
2932.3240256114404,slight-left,unknown,0
2963.473630847492,3-right,unknown,0
3004.064790305653,5-left,unknown,180
3134.418048896353,2-right,unknown,40
3210.427714957752,6-left,unknown,0
3281.6364483638176,4-left,unknown,40
3328.464656333483,2-right,unknown,80
3414.8481162257535,5-left,unknown,50
3489.8982694812157,crest,unknown,160
3597.347782420669,3-right,unknown,90
3752.4926858706813,6-right,unknown,40
3873.181167163407,6-left,unknown,40
4053.907252025162,slight-right,unknown,60
4219.278923854388,crest,unknown,70
4301.197899913346,slight-right,unknown,40
4384.1493123431555,5-left,unknown,80
4461.962758693256,6-right,unknown,80
4557.570452556171,5-left,unknown,0
4685.596885127577,4-right,unknown,70
4775.282604693927,crest,unknown,90
4871.8697088046565,slight-right,caution,0
4973.314124087859,6-left,unknown,0
5040.652761630581,6-right,unknown,60
5102.197955455352,1-left,unknown,30
5156.317145671418,slight-left,unknown,0
5246.204903201631,6-right,unknown,0
5296.015956859162,6-right,unknown,350
5527.900164737272,slight-right,unknown,0
5691.074817218345,crest,unknown,60
5811.838364657919,slight-left,unknown,100
5897.59171998934,crest,unknown,100
5982.29964776949,4-left,unknown,0
6095.9175869174405,5-right,unknown,100
6217.708485857093,5-right,unknown,50
6302.160015359961,slight-left,unknown,0
6420.567987848363,finish,unknown,0
