1,slight-left,unknown,120
72.32489654541018,3-right,unknown,50
190.7758139801025,2-right,dont-cut,50
334.0498272132878,slight-left,unknown,60
401.5438096809395,6-left,unknown,40
479.27851861953826,4-left,unknown,30
551.8145570564279,6-right,unknown,0
616.4896288871769,6-left,unknown,70
679.3928884315495,6-right,unknown,80
773.0514477729811,6-right,unknown,60
900.9885102272043,slight-left,unknown,0
989.0927061653147,slight-right,unknown,40
1070.210733509064,5-left,unknown,70
1144.7589287376406,5-left,unknown,0
1234.3913382148758,6-right,unknown,70
1300.9922152900708,slight-right,unknown,0
1377.806453418733,slight-left,unknown,0
1465.0574115180991,slight-right,unknown,60
1532.1335128212004,3-left,unknown,0
1618.7233352470419,crest,unknown,140
1890.9375101280252,slight-left,unknown,0
2053.1643516349836,3-left,unknown,0
2109.32490598679,6-right,unknown,0
2143.772422428135,4-left,unknown,80
2201.712926311498,slight-right,unknown,200
2524.335993938455,5-right,unknown,250
2862.1727737999063,5-left,unknown,50
3006.3183963584984,3-right,unknown,100
3127.0709644508456,5-left,unknown,50
3275.1976759910685,crest,unknown,0
3315.259835720074,crest,unknown,0
3395.4268837547447,3-right,unknown,0
3451.9222355842726,5-left,unknown,60
3534.0133818245067,crest,unknown,90
3622.5954228782794,crest,unknown,120
3676.72918119432,crest,unknown,120
3744.9674469566494,6-left,unknown,30
3880.66764272691,slight-right,unknown,0
3949.1737288475133,slight-left,unknown,80
4016.225283832558,crest,unknown,0
4108.148495731362,5-right,unknown,100
4176.543028812419,5-left,unknown,80
4286.422171306618,5-left,unknown,180
4393.7120408821165,crest,unknown,130
4484.298249378209,4-left,caution,0
4609.078363437657,5-right,unknown,70
4662.10134729386,4-right,unknown,0
4765.3631894874625,2-right,unknown,40
4841.300030994421,1-left,unknown,350
5141.897116413122,slight-right,unknown,30
5288.786414127363,6-left,unknown,270
5543.865678348555,4-left,narrow,80
5707.102175655381,slight-left,unknown,180
5883.2576933860955,4-right,unknown,40
6026.384796504991,crest,unknown,90
6080.6465172767785,crest,unknown,90
6151.33840787889,6-right,unknown,0
6257.035231914533,hp-left,unknown,80
6385.471061439537,5-left,unknown,90
6456.8825237846595,5-right,unknown,0
6561.313549976369,slight-left,unknown,0
6616.632362270374,hp-right,unknown,40
6672.677305507677,3-left,bridge,0
6720.881607036609,slight-right,unknown,0
6761.656714038867,3-left,unknown,0
6802.53216360094,3-right,unknown,0
6840.5126923561265,5-left,unknown,0
6902.5222428703455,2-right,unknown,0
6980.418914966598,4-left,widen,0
7020.591020584117,4-right,unknown,40
7058.267479095468,4-left,unknown,0
7130.301405906685,6-right,unknown,0
7197.51759361268,6-left,unknown,0
7252.97712574006,4-right,unknown,80
7314.772933998117,5-right,unknown,0
7436.907978401194,slight-left,unknown,0
7496.646715316783,5-right,unknown,0
7553.403430519115,5-left,unknown,0
7602.069233512892,3-right,unknown,40
7686.985454597488,3-left,unknown,0
7778.953657951372,3-right,unknown,40
7888.912217407241,5-right,unknown,40
7935.921238021862,5-left,unknown,50
8008.045127182017,6-right,unknown,0
8096.963214454664,square-left,unknown,50
8155.909661464722,1-right,unknown,0
8214.936026802094,2-left,unknown,40
8278.21891374592,2-right,unknown,0
8361.308117694887,4-left,unknown,150
8483.01978862767,5-left,unknown,0
8599.946296577504,6-right,unknown,100
8705.860989227342,slight-left,unknown,170
8893.542932701132,crest,unknown,80
9049.823164024385,3-right,unknown,0
9217.518046226538,1-left,unknown,130
9382.793877620745,6-left,unknown,0
9471.633945331616,3-right,unknown,50
9548.211613178297,5-right,unknown,40
9631.104189586675,slight-left,unknown,50
9732.090968227414,2-left,unknown,50
9792.416118183164,slight-right,unknown,250
10020.00520151141,3-left,unknown,0
10185.830704212201,5-right,unknown,100
10267.134663791672,slight-right,unknown,0
10384.565369739557,2-right,unknown,130
10509.663082580595,5-left,unknown,40
10619.538611946131,5-right,unknown,0
10739.990370216405,6-left,unknown,40
10817.230366897602,2-right,unknown,70
10940.717226448069,5-left,unknown,50
11036.92558891297,slight-left,unknown,0
11161.051104698188,6-right,unknown,0
11221.935550460817,hp-left,unknown,0
11263.873788719176,4-right,widen,80
11338.135457868593,6-right,unknown,100
11430.971240987798,1-right,unknown,60
11585.14412747386,slight-right,unknown,0
11645.734073400532,hp-left,unknown,40
11760.667846956283,square-right,unknown,0
11800.545338850052,5-left,unknown,0
11879.09398829464,bridge,unknown,0
11909.784235334444,5-left,unknown,130
12077.43860251431,bump,unknown,100
12235.811173772847,3-left,unknown,0
12352.832531576189,4-right,unknown,80
12402.167669401195,6-right,unknown,30
12484.201677694336,crest,unknown,0
12564.628513441105,5-left,unknown,80
12615.812099027646,6-left,unknown,70
12719.285944280638,4-right,unknown,0
12822.120722265256,4-right,unknown,100
12975.600686626442,slight-left,unknown,70
13175.216617870332,6-right,unknown,100
13264.88692750931,hp-right,unknown,30
13385.838142032611,5-left,unknown,120
13563.087967338572,slight-left,unknown,60
13700.504251289394,5-left,unknown,100
13772.975603446977,slight-right,unknown,0
13913.01508487703,5-right,unknown,90
14016.025930786149,3-left,unknown,30
14163.836484336869,6-right,unknown,200
14356.26797695163,6-left,unknown,40
14481.581565475495,slight-right,unknown,90
14636.91304584506,5-right,unknown,70
14749.924454536458,5-left,unknown,80
14881.513294868484,6-right,unknown,70
15000.963390274064,6-left,unknown,50
15129.258477249172,1-right,unknown,50
15230.220704631825,5-left,unknown,50
15295.447275333432,6-right,unknown,80
15530.865360317259,6-right,unknown,80
15625.164088439973,6-left,unknown,100
15826.160810966529,3-right,unknown,0
15992.455951004065,5-left,unknown,0
16047.984906024947,5-right,unknown,50
16269.170286350245,square-right,unknown,40
16337.78310335158,6-left,unknown,50
16397.072107009873,3-right,cut,100
16589.728532295223,finish,unknown,0
