0,1-right,unknown,0
0,straight,unknown,80
16.45546095848084,3-left,cut,0
79.37495467185978,slight-right,dont-cut,50
149.15736918449403,square-left,unknown,0
246.1475764369964,hp-right,unknown,40
310.3168026256564,5-left,unknown,50
391.08456126213116,6-right,dont-cut,50
484.81463049888634,1-left,unknown,70
642.3822227573407,6-right,unknown,70
792.9106027507787,6-left,dont-cut,30
902.8145408535006,hp-right,unknown,60
1025.5098046398164,6-left,unknown,50
1170.1078519523537,5-right,dont-cut,50
1269.1245604026712,hp-left,unknown,0
1391.1291239059353,slight-right,unknown,70
1463.3787991607571,6-left,unknown,60
1548.4005904662977,6-right,unknown,50
1655.8880330169573,6-left,unknown,70
1793.0274675643825,slight-left,unknown,50
1920.31441569213,6-right,unknown,180
2184.441671589651,6-left,unknown,0
2304.843770855704,3-right,unknown,90
2463.430252751152,5-left,unknown,140
2673.2013586700364,6-right,unknown,80
2861.629430531305,slight-right,unknown,30
3046.2653930938723,hp-left,unknown,100
3254.815781887817,6-left,unknown,80
3343.359168843079,hp-right,unknown,60
3481.2523232734657,slight-right,unknown,110
3579.8636200225787,4-left,unknown,0
3675.677380780023,4-left,unknown,70
3757.3676673019327,6-right,unknown,60
3864.2704465759193,crest,unknown,0
3943.148177479546,6-right,unknown,0
3997.9300763595506,6-left,unknown,0
4046.855224255364,5-left,unknown,90
4098.505620144638,4-left,unknown,0
4197.644731587207,3-right,unknown,130
4448.913935650626,6-right,unknown,0
4586.442468746943,bridge,unknown,0
4624.2942522323565,bridge,unknown,0
4687.024928921502,5-right,unknown,0
4734.927104138179,hp-left,widen,40
4880.846549390603,hp-right,unknown,0
4923.367688735767,slight-left,unknown,60
4962.144585193439,2-left,widen,100
5086.19070970897,slight-left,unknown,80
5176.985402892872,4-left,unknown,30
5270.834138282579,acute-hp-right,unknown,0
5343.509977802077,slight-left,unknown,0
5378.006435827056,slight-right,unknown,50
5434.7084053552535,6-right,unknown,70
5576.73889405612,2-left,unknown,40
5698.137731832301,crest,unknown,50
5774.127165254385,6-left,unknown,40
5866.707449487474,slight-right,unknown,0
5923.895517495901,crest,unknown,140
6033.989189904957,2-left,unknown,120
6245.571477559824,5-left,caution,30
6326.880015424503,3-right,unknown,250
6565.228642820124,slight-left,unknown,40
6689.398878263245,2-right,unknown,0
6803.736342138062,6-right,unknown,0
6864.738478025213,5-left,unknown,60
6941.257476629033,3-left,unknown,0
7044.157097181087,6-right,unknown,130
7156.364452642212,hp-right,unknown,0
7285.267754834906,3-left,unknown,90
7432.0452903306705,crest,unknown,150
7579.8357617891015,slight-right,unknown,120
7724.664080766451,6-left,unknown,30
7890.390502656706,4-right,unknown,160
8030.3097441804475,5-right,unknown,0
8167.429428819425,2-left,widen,40
8249.449612382674,2-right,unknown,0
8328.759966806207,2-left,unknown,50
8394.557135709552,square-right,unknown,0
8468.083901838096,5-left,unknown,50
8511.464192556177,4-right,unknown,0
8577.720501283437,5-left,unknown,30
8653.996629213132,hp-right,unknown,30
8715.312632497584,3-left,unknown,0
8773.073777717404,3-right,unknown,0
8824.95045961744,3-left,widen,30
8930.422571891604,4-right,widen,0
9017.749689468204,5-left,unknown,0
9079.918598998856,5-right,unknown,0
9128.210308860622,5-left,unknown,80
9176.273798240503,3-left,bridge,0
9284.658586143334,5-right,unknown,0
9346.66487932571,slight-left,widen,0
9404.41493837723,4-right,unknown,50
9456.380136169286,4-left,unknown,0
9551.527254127339,4-right,widen,0
9599.22319799788,2-left,widen,0
9635.718832076853,4-right,widen,0
9672.566342052272,6-left,unknown,40
9751.110323699762,3-left,widen,0
9793.712173694423,2-right,widen,0
9827.164426349453,slight-left,widen,0
9862.092769397555,4-right,unknown,50
9900.537142795385,hp-left,unknown,60
9976.481717284987,jump,unknown,0
9999.22693010695,5-left,unknown,80
10055.888883251022,1-right,unknown,0
10063.442966007064,6-right,unknown,90
10154.081978954162,hp-right,unknown,0
10269.768580707398,5-left,unknown,90
10363.53806206117,crest,unknown,40
10453.55428688416,4-left,unknown,180
10648.98765392669,5-right,unknown,80
10789.647413944087,3-right,widen,240
11031.159984592272,6-right,caution,0
11168.478297618683,slight-left,unknown,300
11470.361434978297,1-right,unknown,0
11664.565460933482,slight-left,unknown,0
11729.249672588152,2-left,unknown,90
11849.02163483028,5-left,dont-cut,0
11930.302094730181,5-right,unknown,120
12027.349202960757,crest,unknown,0
12144.180857929017,4-right,unknown,80
12203.547461284432,5-right,unknown,90
12305.769121478834,6-left,unknown,0
12409.939486812382,crest,unknown,70
12543.673319057254,crest,unknown,0
12614.337038158212,slight-left,dont-cut,0
12682.130550159243,6-right,unknown,100
12748.556242488645,slight-left,unknown,90
12835.895824855583,slight-left,unknown,60
12959.191988681567,5-right,unknown,30
13053.491692203286,3-left,unknown,0
13124.683915332564,crest,unknown,40
13223.00755802513,5-right,unknown,120
13410.87412426354,3-left,unknown,30
13511.043410686274,5-right,unknown,200
13687.947050555955,6-left,unknown,150
13918.144258350145,slight-left,unknown,80
14066.094787639395,slight-left,unknown,120
14235.917380908737,3-right,unknown,0
14401.69440155388,6-left,unknown,0
14471.799147609489,3-right,widen,370
14760.273129771966,3-right,unknown,80
14986.35695637108,slight-left,unknown,0
15079.200569881212,slight-right,unknown,0
15141.09935711266,slight-left,unknown,70
15208.679249461902,6-left,unknown,0
15312.552145351188,5-right,unknown,70
15376.27185116174,6-right,unknown,30
15451.201518481996,slight-left,unknown,100
15532.576819576048,6-left,unknown,70
15677.96865558985,5-left,unknown,60
15795.933303111813,6-right,unknown,0
15903.611250728392,6-left,dont-cut,50
15963.539667476436,4-right,unknown,40
16045.329585841933,6-right,unknown,40
16111.903500293525,6-right,dont-cut,50
16193.744004749104,3-left,unknown,40
16267.51672813777,3-left,unknown,50
16421.885022853614,finish,unknown,0
