1,slight-left,120
92.28869210243226,3-right,half-long,50
214.81495369911207,2-right,dont-cut,open,50
332.5677323246002,slight-left,60
404.70976971626277,6-left,40
483.07144520759573,4-left,short,30
554.433570871353,6-right,over-bump
621.7277856159214,6-left,70
683.8292838001252,6-right,80
779.2030324649816,6-right,keep-in,60
907.2916906452178,slight-left
996.9254078388213,and,slight-right,40
1066.5662276935577,5-left,short,70
1135.856088953018,5-left,short
1239.474022531509,6-right,70
1304.459418535233,slight-right
1384.439847269059,slight-left
1471.6177101612097,and,slight-right,slowing,60
1539.0747083759316,3-left,long,tighten
1622.8026782321926,into,crest,500
1902.6333212375603,slight-left,tighten
2059.5943716907436,3-left
2114.012343797676,into,6-right
2149.9274014377493,and,4-left,tighten,80
2208.5502112102417,slight-right,extra-long,200
2528.6400081539055,5-right,250
2842.6558330440434,brake,5-left,50
3009.240675001134,3-right,pass-junction,100
3127.309374608985,5-left,very-long,50
3267.4632689952746,crest
3400.8642675685805,into,3-right,half-long,tighten,over-bump
3452.897163648598,and,5-left,60
3536.119667348852,right-over-crest,90
3679.85465449332,right-over-crest,120
3790.897163648598,6-left,30
3884.727066144933,slight-right
3957.3519577312363,into,slight-left,80
4026.687671995152,crest
4111.273995695102,and,5-right,100
4183.907300748814,5-left,short,80
4291.908544836038,5-left,over-bump
4397.0177826213785,crest,130
4480.532955350877,caution,4-left,short
4612.138605604177,into,5-right,70
4665.339311132433,4-right,tighten
4768.55862944603,2-right,open,long,40
4843.744048891069,turn,1-left,half-long,350
5143.83037955284,slight-right,30
5288.0317036724055,6-left,tighten,keep-in,270
5556.64740946769,4-left,short,narrow,80
5708.0367970943325,slight-left,180
5878.094044294348,4-right,half-long,40
6081.488855772017,crest,90
6152.0806515789045,6-right
6257.554299955369,and,hp-left,80
6378.32333901405,5-left,short,90
6458.066645307536,5-right,short
6565.648843603128,and,slight-left
6620.0428025341,and,hp-right,40
6675.401238832467,3-left
6725.406577768322,into,slight-right
6766.4636710834475,3-left,short
6802.638002595899,into,3-right,open
6837.399748353957,into,5-left,long
6906.2356855487815,into,late,2-right,tighten
6983.308706750871,into,4-left
7023.728880357745,4-right,40
7061.173396368029,4-left,tighen,keep-in
7133.638967390063,and,6-right
7202.923184881212,into,6-left
7254.033692007068,and,4-right,80,keep-left
7335.589368467332,5-right,short
7442.436153440479,into,slight-left
7496.196568975453,into,5-right
7548.619769620898,5-left,keep-in
7597.1080892848995,and,late,3-right,long,40
7684.610957593917,3-left,short
7783.63415453911,and,3-right,40
7835.8499435710955,hp-left
7893.136891050346,and,5-right,40
7939.374954271319,5-left,50
8013.099190092092,finish
