1,4-right,unknown,0
18.77021122932434,5-left,unknown,30
89.73026947975156,hp-right,unknown,30
145.9074442386627,3-left,unknown,0
219.4056300687786,3-right,unknown,0
270.58277814388276,3-left,unknown,30
361.00898072719536,4-right,unknown,0
459.3204451513284,5-left,unknown,0
519.15005223751,5-right,unknown,0
577.0974808645242,5-left,unknown,80
635.1118350362773,3-left,unknown,0
723.0832709264745,5-right,unknown,0
786.0171016073216,slight-left,unknown,0
841.5739439153659,4-right,unknown,50
900.8131141042696,4-left,unknown,0
987.6668182897555,4-right,widen,0
1042.9124930715543,2-left,unknown,0
1086.3604092931723,4-right,unknown,0
1126.8602045047255,6-left,unknown,40
1190.7787987697102,3-left,unknown,0
1235.1384560191605,1-right,unknown,0
1276.2094545543173,slight-left,unknown,0
1314.5238130366777,4-right,unknown,50
1442.222909353968,5-left,unknown,80
1498.4491460597474,6-right,unknown,90
1595.9862623012039,hp-right,unknown,0
1711.4135056102236,5-left,unknown,90
1826.7534229648074,crest,unknown,40
1914.8730392444095,4-left,unknown,180
2123.1783948123407,5-right,unknown,80
2252.0983087146224,3-right,unknown,240
2483.307523611779,6-right,caution,0
2629.994882658713,slight-left,unknown,300
2913.5340445697243,1-right,unknown,0
3125.54154464602,slight-left,unknown,0
3210.1511736061666,2-left,unknown,90
3333.522396788843,5-left,dont-cut,0
3413.5979688980697,5-right,unknown,120
3504.0473089935895,crest,unknown,0
3625.256928706417,4-right,unknown,80
3690.2393483688907,5-right,unknown,90
3785.548869891414,6-left,unknown,0
3892.2856950333216,crest,unknown,70
4024.71841155554,crest,unknown,0
4104.789296794185,slight-left,dont-cut,0
4186.607542033441,6-right,unknown,100
4265.567754054314,slight-left,unknown,90
4346.564253688103,slight-left,unknown,60
4440.502206721549,5-right,unknown,30
4532.656013598686,3-left,unknown,0
4605.702884326225,crest,unknown,40
4703.216522250415,5-right,unknown,120
4878.148826785331,3-left,unknown,30
4989.977488360651,5-right,unknown,200
5170.82420440222,6-left,unknown,150
5384.8095447876585,slight-left,unknown,80
5544.8346153595485,slight-left,unknown,120
5678.824057879689,3-right,unknown,0
5878.226738314863,6-left,unknown,0
5954.153741564994,3-right,unknown,370
6235.704980349783,3-right,unknown,80
6472.111798758742,slight-left,unknown,0
6562.415997634172,slight-right,unknown,0
6627.761470847366,slight-left,unknown,70
6700.868219580888,6-left,unknown,0
6793.038757376903,5-right,unknown,70
6869.6566531136,6-right,unknown,30
6935.287411399125,slight-left,unknown,100
7002.334264579052,6-left,unknown,70
7161.616366400951,5-left,unknown,60
7275.904528975709,6-right,unknown,0
7382.709186568484,6-left,dont-cut,50
7457.7441562035,4-right,unknown,40
7533.092036833996,6-right,unknown,40
7602.630265903172,6-right,dont-cut,50
7679.652396850281,3-left,unknown,40
7746.651644820856,3-left,unknown,50
7878.7522310635395,finish,unknown,0
