1,6-right
13.937431468963625,into,square-left,50
58.786431598663334,1-right
132.30793812751776,and,2-left,short,40
197.6032196521762,2-right,long
278.71892233848604,and,4-left,short,150
403.1272233295445,5-left
514.4024387073514,and,6-right,100
627.822103815079,slight-left,170
806.7943080234531,left-over-crest,unknown,80
965.6907700443276,late,3-right,long
1131.8510722827914,and,late,1-left,long,tighten,130
1302.325069608688,late,6-left,tighten
1389.0735283565516,into,3-right,50
1463.836391897201,5-right,40
1548.9749041271205,slight-left,50
1649.286213712691,2-left,50
1709.4682409572592,slight-right,250
1936.172087430951,3-left,short,keep-in
2102.7175891399365,and,5-right,100
2181.3396472072595,slowing,slight-right 
2298.724960126878,1-right,130
2418.4562283992755,5-left,open,40
2518.043352384566,double-caution,5-right
2654.1754451656343,and,6-left,over-crest,40
2731.2903716182705,2-right,open,70
2858.5308742237085,5-left,open,50
2957.590562601088,slip,slight-left
3074.4316190814943,into,6-right
3127.44912709236,and,hp-left
3177.5305723667125,and,4-right,80
3257.764337434771,6-right,over-crest,slip,100
3349.2222385883338,1-right,60
3504.2087896823878,slowing,slight-right
3560.2360095500944,open-hp-left,40
3600.2360095500944,caution,right-over-crest
3677.8092007541645,square-right
3718.7469168567645,and,5-left
3809.006108846663,into,bridge
3830.4071797466263,and,5-left,half-long,230
4003.3073482036575,bump,slowing,100
4153.956650800703,3-left,short,tighten
4272.867107458114,into,4-right,80
4318.473539342882,6-right,30
4403.14216189384,crest
4484.531115751258,into,5-left,80
4538.541844663611,6-left,over-crest,70
4638.093891859046,4-right,keep-left
4741.245270299899,and,4-right,over-crest,100
4868.140122709259,slight-left,slowing,70
5000.0,late,hp-left,60
5150.0,6-right,slowing,100
5244.563983373634,late,hp-right,30
5307.40143187522,5-left,open,very-long,120
5492.697823953624,slowing,slight-left,60
5626.767768983833,5-left,100
5776.15356295585,slight-right
5844.525606412879,tighten,5-right,90
5972.72184573173,late,3-left,very-long,tighten,30
6093.569722280499,6-right,200
6270.835894594195,care,6-left,long,tighten,40
6421.470077028277,slight-right,90
6562.554755601883,5-right,70
6677.382560281755,5-left,80
6807.203319292068,slowing,6-right,over-bump,70
6926.422610712054,6-left,50
7052.483107004164,1-right,long,tighten,50
7157.531450433718,5-left,half-long,50
7238.121961793884,6-right,slowing,80
7330.0,hp-left,30
7459.923636903745,6-right,80
7567.749578466401,late,6-left,half-long,tighten,100
7762.869693441377,3-right,very-long,tighten
7830.0,1-right,30
7923.671660413739,5-left
7979.144098310466,and,5-right,half-long,50
8030.671660413739,hp-left,30
8213.573773121834,turn,square-right,low-right-side,40
8273.403409371378,6-left,50
8329.927460255618,3-right,cut,100
8442.595045018183,finish,to-stop
