0,straight,unknown,80
23.04052570343017,3-left,cut,0
86.93983861923222,slight-right,dont-cut,50
170.73471475601218,square-left,unknown,0
255.20222024917626,hp-right,unknown,40
300.4677672004701,5-left,unknown,50
395.18010118484517,6-right,dont-cut,50
493.33495687484753,1-left,unknown,70
641.6346185112005,6-right,unknown,70
790.0254820442202,6-left,dont-cut,30
912.1079965019246,hp-right,unknown,60
1053.470794620517,6-left,unknown,50
1136.8788238143964,5-right,dont-cut,50
1239.683661842351,hp-left,unknown,0
1367.655641517645,slight-right,unknown,70
1443.5940410232593,6-left,unknown,60
1537.6921684265192,6-right,unknown,50
1637.6775419616747,6-left,unknown,70
1778.166998863225,slight-left,unknown,50
1911.6087956619313,6-right,unknown,180
2142.6016466522274,6-left,unknown,0
2296.240259666452,3-right,unknown,90
2454.3005290222304,5-left,unknown,140
2654.1145448684892,6-right,unknown,80
2834.389204254174,slight-right,unknown,30
3021.3811121750105,hp-left,unknown,100
3240.2507481765983,6-left,unknown,80
3327.275969848654,hp-right,unknown,60
3467.8431391144027,slight-right,unknown,110
3563.285544090294,4-left,unknown,0
3663.6127327347,4-left,unknown,70
3743.6339178848493,6-right,unknown,60
3850.6709254837288,crest,unknown,0
3933.2932831573708,6-right,unknown,0
3989.2135194397188,6-left,unknown,0
4038.80224231722,5-left,unknown,90
4093.2445236969224,4-left,unknown,0
4186.469122772239,3-right,unknown,130
4434.031192665129,6-right,unknown,0
4576.63016979221,bridge,unknown,0
4607.584351539648,bridge,unknown,0
4655.8927281952265,bridge,unknown,0
4675.066080894507,5-right,unknown,0
4725.488545684848,hp-left,unknown,40
4825.469961719554,hp-right,unknown,0
4899.770937366531,slight-left,unknown,60
4940.32725452428,1-left,unknown,100
5071.057107410465,slight-left,unknown,80
5145.444103431736,4-left,unknown,30
5254.489415435824,acute-hp-right,unknown,0
5323.770162315401,slight-left,unknown,0
5355.267646751441,slight-right,unknown,50
5415.478676548046,6-right,unknown,70
5523.281975231212,2-left,unknown,40
5673.251781311073,crest,unknown,50
5748.837001018565,6-left,unknown,40
5846.927622814217,slight-right,unknown,0
5903.219496517221,crest,unknown,140
6017.189087619827,1-left,unknown,120
6214.528475933113,5-left,caution,30
6306.588090801275,3-right,unknown,250
6530.146988735234,slight-left,unknown,40
6671.769545650522,2-right,unknown,0
6782.053089733172,6-right,unknown,0
6842.60595289235,5-left,unknown,60
6910.962922954601,3-left,unknown,0
7024.442726345109,6-right,unknown,130
7135.260385799457,hp-right,unknown,0
7260.391004028371,3-left,unknown,90
7408.674728736932,crest,unknown,150
7556.696015548767,slight-right,unknown,120
7703.286539039677,6-left,unknown,30
7875.849807014527,4-right,unknown,160
8010.871632003847,5-right,unknown,0
8149.343087730466,2-left,unknown,40
8247.151673750925,2-right,unknown,0
8305.865035224004,1-left,unknown,50
8364.740785651245,square-right,unknown,0
8444.033776736303,5-left,unknown,50
8485.822812304534,finish,unknown,0
