0,crest,unknown,40
25.620390777587904,slight-left,unknown,0
94.90598859786988,jump,unknown,30
139.06585027694697,crest,unknown,30
183.65052595138553,slight-left,unknown,0
262.09777658462514,jump,unknown,40
299.967192020416,jump,unknown,0
357.81623474121017,2-right,unknown,0
396.65768861770556,3-left,unknown,30
432.47633264541554,5-left,unknown,0
514.0667410469049,crest,unknown,30
596.1747448158259,4-left,unknown,0
653.0975753784174,6-right,unknown,0
694.8067673683163,3-right,unknown,0
743.5339347648612,slight-left,unknown,30
810.2412209701533,2-left,unknown,0
870.4591118049614,6-right,unknown,0
898.8460715484613,crest,unknown,30
930.4358473587033,1-right,unknown,0
981.2415853309624,hp-left,unknown,0
1002.9550802040093,5-right,unknown,0
1048.6237316989896,crest,unknown,40
1082.3512968921664,1-right,unknown,0
1149.1764926433555,slight-left,unknown,0
1174.176722078323,6-right,unknown,0
1197.9481125926973,crest,unknown,40
1238.464618158341,2-left,unknown,0
1314.2088250827787,3-right,unknown,0
1351.392562856674,hp-left,unknown,0
1410.6753544521325,3-right,unknown,0
1454.472480459212,5-left,unknown,0
1488.1030791759474,hp-right,unknown,30
1558.3690569877651,square-right,unknown,0
1585.757591109277,1-left,unknown,0
1622.304732060434,6-right,unknown,40
1657.1982733392717,4-right,unknown,0
1716.2713120698927,3-right,unknown,0
1760.0190636682507,2-right,unknown,0
1797.1554245233535,square-left,unknown,0
1825.9123444223405,6-right,unknown,0
1858.8198472928987,4-right,unknown,0
1908.5060035848596,slight-left,unknown,0
1973.4168095540986,5-right,unknown,0
2028.6713057851773,1-left,unknown,0
2067.7777582883805,5-right,widen,0
2110.2299866628628,1-right,unknown,0
2169.7551680517226,crest,unknown,0
2173.339577422145,square-left,dont-cut,0
2197.8244756460217,1-right,unknown,0
2231.735450377468,1-left,unknown,0
2279.030233273508,crest,unknown,0
2318.956223149301,3-right,unknown,0
2346.31521555424,4-right,unknown,30
2374.958100152018,2-right,dont-cut,0
2421.3138835763957,3-left,unknown,30
2462.6246795606608,5-right,unknown,0
2521.3600451803254,6-right,unknown,0
2549.180606150633,1-left,unknown,0
2587.9986269140304,6-left,unknown,0
2625.366737017638,6-right,caution,0
2666.729768157014,2-right,unknown,0
2708.202625632296,square-left,unknown,0
2726.254301714908,6-right,unknown,0
2762.8217432451356,5-right,unknown,0
2829.70353445531,3-left,unknown,0
2880.4571465730805,6-right,unknown,40
2911.9016966676845,square-right,unknown,40
2961.3670556306984,2-left,unknown,0
3017.2312164735895,4-right,unknown,0
3053.67990864278,crest,unknown,0
3094.0203420686853,crest,unknown,0
3128.1801817751066,1-left,unknown,60
3188.96938095571,slight-right,unknown,0
3251.7296898317454,slight-left,unknown,0
3294.1213190508,bump,unknown,0
3336.599626965535,5-right,unknown,0
3378.477673420918,3-left,unknown,40
3434.263226113333,4-right,unknown,0
3499.6632524347438,5-left,unknown,0
3533.259826912894,3-right,unknown,0
3595.3275203180433,slight-left,unknown,0
3633.255913853655,3-left,unknown,0
3684.786075520525,4-right,unknown,40
3712.48714893819,crest,unknown,0
3763.0225731897463,bump,unknown,0
3818.33085226537,5-left,unknown,0
3866.119990410816,4-right,unknown,40
3961.2901634454824,acute-hp-right,unknown,40
4051.313368258486,crest,unknown,0
4093.44748790265,6-right,unknown,90
4150.971961474425,2-right,unknown,0
4246.583557314883,5-right,unknown,0
4302.669845271122,4-left,unknown,0
4362.0137511015055,3-left,unknown,0
4420.803203463565,slight-left,unknown,100
4541.724506297117,4-left,unknown,60
4677.759744257933,crest,caution,0
4764.589224200252,6-right,unknown,0
4809.019760317805,2-left,unknown,0
4838.347017970088,1-right,unknown,0
4859.707684264193,3-left,unknown,0
4879.07983071805,3-right,unknown,90
4958.679793887144,crest,unknown,50
5033.583831915865,1-right,unknown,0
5114.797741999632,crest,unknown,80
5159.200148921019,2-left,unknown,0
5245.503129916199,4-left,unknown,0
5280.501857848178,crest,unknown,0
5348.103984713566,6-left,unknown,30
5389.990228877079,hp-right,unknown,0
5454.486008887306,crest,unknown,0
5493.922955975544,2-left,unknown,0
5525.161036705982,5-right,unknown,0
5556.129826474204,crest,unknown,30
5591.073507370958,crest,caution,0
5632.033370614056,4-right,unknown,0
5727.710040068627,hp-right,unknown,40
5834.67755364895,square-right,unknown,0
5869.188565239908,square-right,unknown,0
5877.623963475227,1-left,unknown,0
5914.231704287527,1-right,unknown,0
5975.824382872582,slight-left,unknown,0
6013.559200301169,jump,unknown,0
6052.659042029375,jump,unknown,30
6097.774606528277,jump,unknown,60
6160.847363181113,crest,unknown,0
6266.509469504355,3-right,unknown,150
6374.732543063166,6-left,narrow,30
6486.9294383573515,acute-hp-left,unknown,0
6538.8766186666535,slight-right,unknown,0
6590.6157584858065,5-right,unknown,0
6649.145156602869,3-left,unknown,0
6705.281463251124,6-left,unknown,0
6770.725968503966,3-right,unknown,0
6833.544255170834,3-left,unknown,0
6862.949785318391,4-left,unknown,0
6904.684946432131,4-right,unknown,0
6932.653581190124,4-left,unknown,0
6955.0165232563195,square-right,unknown,0
6989.072996664067,water-splash,unknown,0
7004.1487998867215,4-left,unknown,0
7020.675238685624,square-right,unknown,0
7058.3825016212595,water-splash,unknown,0
7074.953289022458,square-right,unknown,0
7089.015172195447,4-left,unknown,0
7108.479136333481,3-right,unknown,0
7140.739859733602,5-left,unknown,0
7168.770434150711,crest,unknown,0
7199.323979187023,2-left,unknown,0
7231.014989624034,bump,unknown,0
7271.397864551558,6-left,unknown,30
7319.592239627852,crest,unknown,0
7379.320513229385,2-right,unknown,0
7419.3364086532765,6-right,unknown,0
7484.636389427195,5-left,unknown,0
7570.278228034984,3-right,narrow,0
7644.926305580151,1-right,caution,0
7680.988024864212,square-left,unknown,0
7702.162810020462,2-right,unknown,30
7752.069813680661,6-right,unknown,0
7850.316369886413,hp-left,unknown,0
7895.590787944807,crest,unknown,50
7933.239013814937,bump,unknown,0
8001.24799555779,square-right,unknown,40
8047.702462453851,1-left,unknown,40
8097.305128088003,2-right,unknown,0
8150.923788805004,4-left,unknown,40
8175.99919125556,5-right,unknown,30
8230.851334447852,2-right,unknown,0
8291.093345384601,1-left,unknown,0
8321.860127363218,4-right,widen,0
8385.446668443712,6-left,caution,50
8458.084418020273,4-right,unknown,0
8548.237417593036,5-left,unknown,0
8611.293850183512,5-right,unknown,0
8645.880604386357,2-left,unknown,0
8681.165866708785,5-right,caution,30
8704.281915082951,square-left,unknown,0
8754.77990242961,hp-right,unknown,0
8774.990510358835,3-left,unknown,0
8801.168092508346,slight-right,unknown,0
8855.29484791758,2-right,unknown,30
8937.95048356059,3-left,unknown,0
8984.467105970418,4-left,unknown,0
9051.504661111861,crest,unknown,0
9126.453835516004,4-left,unknown,30
9172.005375623734,1-right,unknown,0
9222.7540613461,2-left,unknown,0
9252.862246694613,1-right,dont-cut,0
9274.082595148133,3-left,unknown,40
9335.37903918272,3-right,unknown,0
9390.977528505382,3-left,unknown,0
9420.22489754682,hp-right,unknown,60
9482.574032831248,4-left,unknown,0
9516.120706338943,4-right,unknown,0
9562.429835634297,5-left,unknown,0
9644.898369932234,crest,unknown,50
9717.848349943213,1-left,unknown,0
9809.20623406415,4-right,unknown,100
9871.867154550602,5-right,unknown,30
10006.999947557497,crest,unknown,0
10020.296289911317,3-left,unknown,100
10085.965315637628,crest,unknown,60
10117.035759687467,crest,unknown,60
10163.705637235686,5-right,unknown,50
10244.322194547689,crest,unknown,0
10331.397201147121,1-left,dont-cut,0
10375.552387743037,square-right,unknown,50
10432.997529821447,slight-right,unknown,50
10486.544720335056,bump,caution,0
10544.477432241481,bump,caution,0
10556.508936376616,2-right,unknown,0
10593.642829141665,2-left,unknown,0
10625.914842481669,slight-right,unknown,40
10685.413703794533,5-right,unknown,0
10747.94950028425,3-right,unknown,70
10805.552700567298,1-left,unknown,0
10874.373114118618,slight-right,unknown,0
10911.9502403355,2-right,unknown,40
10951.59486443523,4-right,unknown,70
11038.031845579184,3-left,unknown,0
11098.612269125026,6-right,unknown,70
11135.733558988617,2-left,unknown,0
11215.115318841965,1-right,unknown,0
11278.003738794365,4-right,unknown,50
11345.473587274582,bump,unknown,30
11406.147744493519,2-left,unknown,50
11474.607572660487,slight-right,unknown,80
11547.546608972605,5-left,unknown,0
11634.73158463484,6-right,unknown,30
11674.72641800886,4-left,unknown,0
11731.187710123122,crest,unknown,50
11767.172774400768,square-left,unknown,0
11811.607717294744,square-left,unknown,0
11836.234086256074,2-right,unknown,0
11855.406372661633,2-left,dont-cut,40
11916.178370018051,2-right,unknown,0
11971.244895534559,2-left,unknown,0
11998.347363452956,5-right,unknown,0
12023.379591217083,slight-left,unknown,0
12049.986495685625,5-right,unknown,40
12084.926337776235,3-right,unknown,30
12168.915515289356,2-left,unknown,0
12233.525686225925,slight-left,unknown,0
12276.771229286218,6-right,unknown,0
12318.262832775148,4-right,unknown,0
12355.330287380244,2-left,unknown,0
12415.092038402587,1-right,widen,0
12490.988576374084,slight-right,unknown,40
12525.106315650974,2-left,dont-cut,0
12585.972517414119,square-left,unknown,0
12611.615985870381,5-right,unknown,30
12669.593181066532,crest,caution,0
12745.77993239404,4-right,unknown,0
12786.6408281231,2-left,dont-cut,50
12822.43963152886,crest,unknown,0
12874.931484365443,4-right,unknown,30
12946.2478053951,square-left,unknown,30
13044.92930123326,hp-right,unknown,40
13109.283813095077,4-left,unknown,30
13146.042938661545,6-right,unknown,0
13211.88222620961,crest,unknown,40
13249.714966230353,3-right,unknown,0
13307.951096181832,acute-hp-left,unknown,0
13373.88621977802,5-right,unknown,0
13420.268030118912,slight-left,unknown,50
13476.675762948955,crest,unknown,0
13548.96190777775,2-left,unknown,0
13623.911091375308,crest,caution,0
13687.35558622351,6-right,unknown,50
13758.742073268786,acute-hp-right,unknown,0
13837.430885162259,slight-right,unknown,40
13862.811235141658,2-left,unknown,0
13916.913179683585,2-right,unknown,0
13988.4019406127,crest,unknown,60
14045.975403194338,slight-right,unknown,100
14201.530106487191,1-right,unknown,120
14348.451881179732,hp-left,unknown,0
14435.025004367746,crest,unknown,0
14474.860388832023,slight-right,unknown,160
14573.82877956384,slight-right,unknown,0
14686.57725322717,jump,unknown,0
14778.989928817673,6-left,unknown,0
14838.856275939866,slight-right,unknown,40
14899.737425651474,6-left,unknown,100
15027.625702934183,jump,unknown,150
15236.748027610704,slight-right,unknown,70
15361.53300216667,4-left,unknown,50
15465.615999908374,crest,unknown,50
15557.542867736738,2-right,unknown,0
15643.466686820893,6-left,unknown,0
15675.336007499594,4-right,unknown,0
15711.352505626572,5-left,unknown,0
15746.92637834538,slight-right,unknown,0
15794.180977382553,hp-left,unknown,40
15869.34070124616,slight-right,unknown,70
15917.309051580316,slight-left,caution,0
15996.822539281738,4-right,unknown,0
16043.839973249309,square-right,unknown,80
16108.214898462194,3-right,unknown,0
16178.855990705393,2-left,unknown,50
16221.553490610006,6-left,unknown,0
16289.666582479353,1-right,unknown,0
16335.654012040972,hp-left,unknown,40
16381.743215150702,crest,unknown,30
16422.323035373574,5-right,unknown,0
16484.197535896183,crest,unknown,0
16524.805797576777,4-left,unknown,0
16596.41372039782,2-left,unknown,30
16633.219219684463,2-right,unknown,0
16675.155889282072,6-right,unknown,40
16728.07367881759,crest,unknown,40
16800.998774947973,1-left,dont-cut,0
16851.17978834136,5-right,unknown,0
16898.18803367598,crest,unknown,0
16952.840609397717,1-right,unknown,90
17002.3000054167,2-right,unknown,0
17074.012317066026,2-left,dont-cut,0
17095.674625634972,square-left,unknown,0
17110.41986997587,square-right,unknown,30
17137.41550451263,3-right,unknown,0
17166.491626701187,slight-left,unknown,30
17199.923089294258,3-right,unknown,0
17241.096612548652,4-left,unknown,0
17280.348485946495,5-right,unknown,60
17321.296451568433,crest,unknown,0
17408.379264926723,square-right,unknown,30
17459.477102832614,6-right,unknown,0
17500.47856238348,3-left,unknown,90
17607.069337911424,3-right,unknown,160
17784.80918372138,crest,unknown,0
17892.69642470342,slight-right,unknown,120
17976.76937384588,3-left,unknown,50
18091.97836253149,6-right,unknown,30
18176.900455732182,3-right,unknown,0
18238.502556371524,3-left,unknown,80
18275.59677733404,square-left,unknown,0
18358.890379037683,crest,unknown,40
18383.911833829698,3-left,unknown,0
18438.819924611864,2-right,unknown,0
18513.447315053745,bridge,unknown,110
18575.765683903475,crest,unknown,0
18667.530338825953,square-left,unknown,40
18730.706775622137,slight-right,unknown,70
18779.25934517361,crest,unknown,30
18863.755840496768,square-right,unknown,0
18926.783864712463,3-left,unknown,0
18947.32495887254,4-right,unknown,50
19038.812615065308,slight-left,unknown,0
19104.714944910764,crest,unknown,30
19150.236326136357,3-right,unknown,50
19233.037415461305,3-left,unknown,50
19315.61486236074,6-left,unknown,0
19384.490082468772,2-right,unknown,0
19421.00646535375,4-right,unknown,70
19487.418315710816,hp-left,unknown,30
19561.548600878545,slight-left,unknown,40
19605.76805253488,6-left,unknown,0
19672.540615343878,6-right,unknown,0
19733.348393969365,4-right,unknown,0
19788.856854586444,3-left,unknown,50
19886.504481768454,square-right,unknown,0
19957.96313811763,5-left,unknown,40
19989.68083041654,2-right,unknown,0
20043.445440764288,hp-left,unknown,0
20100.664259085537,hp-right,unknown,0
20127.2295334481,square-left,unknown,0
20152.221207117916,square-right,unknown,40
20217.2614876698,4-left,unknown,0
20257.58638705716,3-left,unknown,0
20329.89450141415,crest,unknown,0
20366.578659453236,4-right,unknown,0
20427.5261618565,3-left,unknown,40
20519.530400595475,square-right,unknown,0
20580.00378867605,4-right,unknown,0
20626.674753346215,6-left,unknown,40
20672.548502278092,4-left,unknown,0
20722.67417854763,6-left,unknown,50
20761.700565533414,crest,unknown,0
20823.460062222275,hp-right,unknown,30
20873.922540116124,4-left,unknown,0
20924.747569527444,4-right,unknown,0
20956.65521707993,6-left,unknown,0
20985.48169876558,crest,unknown,60
21044.674476456454,3-right,unknown,0
21118.443194699114,slight-left,unknown,0
21156.76845083696,slight-right,unknown,0
21185.351380772412,water-splash,unknown,0
21213.20506338577,3-left,unknown,0
21233.535753102093,3-right,unknown,120
21280.122167477377,crest,caution,0
21373.701623692294,3-left,unknown,70
21452.841738075982,6-left,caution,30
21515.343078217255,1-left,unknown,0
21570.61404041742,square-right,unknown,0
21603.94277119131,bridge,unknown,40
21622.027455849384,2-left,unknown,50
21682.92196669076,crest,unknown,0
21737.85199038004,slight-right,unknown,0
21774.045434326887,square-right,unknown,30
21802.90968466257,crest,unknown,0
21824.199725241422,square-left,unknown,70
21904.16539994675,crest,unknown,60
21966.532672075802,crest,unknown,0
22042.096581110534,slight-right,unknown,0
22084.4269984384,2-right,unknown,50
22139.846341471246,3-left,unknown,50
22226.963258242202,crest,unknown,0
22289.83354726274,1-left,unknown,0
22320.92888282257,4-right,unknown,0
22350.999489798138,6-left,unknown,0
22394.67934215029,6-right,unknown,0
22431.52944697817,crest,unknown,0
22476.951729273405,3-right,unknown,0
22512.92082322557,2-left,unknown,0
22541.435959963383,crest,unknown,0
22563.177622236806,square-right,unknown,0
22601.700974974214,4-left,unknown,80
22649.53440421538,square-right,unknown,0
22738.12171298461,3-left,unknown,0
22783.972282633364,acute-hp-left,unknown,0
22825.983954529325,4-right,unknown,0
22856.206741518552,3-left,unknown,0
22902.81869648413,6-left,unknown,60
22955.08501949744,1-right,unknown,50
23044.445571350618,4-right,unknown,0
23096.19996544319,crest,unknown,30
23128.224466766897,4-left,unknown,0
23185.43873915151,slight-right,unknown,0
23245.38777595952,slight-left,unknown,0
23329.538902248874,crest,unknown,0
23364.735722221874,1-left,unknown,0
23391.149162277714,3-right,unknown,0
23421.41027608348,crest,unknown,50
23464.920725626493,hp-left,unknown,0
23525.905896791937,slight-right,unknown,0
23563.951333345885,5-left,dont-cut,0
23592.69414088677,water-splash,unknown,0
23619.99141442727,slight-left,unknown,0
23645.39580398034,4-right,unknown,0
23676.725825571542,crest,unknown,40
23712.88883115243,5-right,unknown,0
23770.69072011422,5-left,bridge,0
23811.63723546457,hp-right,unknown,40
23868.127154402217,6-left,unknown,40
23914.642970270594,5-left,unknown,30
24034.011377214898,1-right,unknown,0
24095.115283464893,hp-left,unknown,30
24164.605908960806,6-left,unknown,0
24218.389292845222,6-right,unknown,0
24271.671594595402,3-right,unknown,0
24315.916767134146,6-right,unknown,0
24362.239044680075,crest,unknown,0
24414.951219973056,2-left,unknown,0
24447.821496977296,6-left,unknown,0
24477.106655878495,6-right,unknown,0
24512.167780317744,2-left,unknown,40
24553.211580595453,3-right,unknown,0
24603.993355535935,crest,unknown,40
24636.834584497883,4-right,unknown,0
24691.584074110484,crest,unknown,80
24728.47183667609,3-left,unknown,0
24808.947806887125,square-right,unknown,0
24842.01744832466,slight-left,unknown,100
24910.93110171744,slight-right,unknown,40
24993.91271869133,3-left,unknown,0
25051.767347597568,1-right,unknown,0
25082.429502443763,square-left,unknown,30
25120.357389034732,4-left,unknown,0
25165.50475688408,3-right,unknown,30
25202.789119085763,jump,unknown,80
25301.21270898289,6-left,unknown,0
25380.05953845448,6-right,unknown,0
25432.113235277608,4-left,unknown,0
25496.857458033046,crest,unknown,0
25525.55895720907,square-right,unknown,0
25549.83123444982,crest,unknown,0
25568.685638989875,5-right,unknown,90
25640.661464747856,5-left,unknown,50
25733.048446063458,5-right,unknown,0
25839.809602603364,crest,unknown,30
25888.85067895835,jump,unknown,60
25944.703375453402,3-right,unknown,40
26023.56367170281,2-left,unknown,100
26159.410222529867,5-right,unknown,70
26220,finish,unknown,0
