0,straight,unknown,80
72.66940599441529,5-left,unknown,120
276.16005090395873,2-right,unknown,50
327.59798740069317,3-left,unknown,60
412.85672275225613,jump,unknown,0
487.6719446150489,crest,unknown,30
538.8531236235327,5-left,unknown,0
587.268821751279,4-right,unknown,100
718.6063466994,4-left,unknown,0
823.1424404493991,crest,unknown,0
868.1601198546115,acute-hp-left,unknown,0
901.409593350095,3-right,unknown,0
941.9688372103396,slight-left,unknown,40
977.2303634134951,6-left,unknown,0
1023.203619829816,6-right,unknown,90
1067.526304346723,5-right,caution,0
1149.5219515101146,3-left,unknown,0
1203.8224279658032,5-right,unknown,40
1254.16890986125,square-right,unknown,0
1334.2372303072668,square-left,unknown,0
1354.437475325272,2-right,unknown,30
1393.0069938914053,6-left,unknown,80
1455.7605189577823,6-right,unknown,0
1548.293567434955,square-left,unknown,0
1605.9049138323553,2-right,unknown,80
1713.3316926492341,crest,unknown,0
1777.5028853334065,4-left,unknown,0
1816.2517690766922,crest,unknown,0
1849.3631652177435,3-left,unknown,0
1893.1035718453984,2-right,unknown,0
1952.7046663201904,5-left,unknown,0
1982.200292254792,6-right,unknown,0
2009.7905307305898,3-right,unknown,40
2053.818877383575,5-left,unknown,40
2111.7465415490697,3-left,unknown,0
2176.7267116082744,slight-left,unknown,0
2215.944599753723,6-right,unknown,0
2256.8150088418574,square-right,unknown,30
2325.5351641000348,1-left,unknown,70
2425.8159586347183,1-right,unknown,0
2491.711122475967,6-right,unknown,0
2526.5508911336506,crest,unknown,30
2570.980118142471,hp-left,unknown,0
2637.2415319264983,5-right,widen,0
2685.75472511421,5-left,bridge,40
2715.601283971176,crest,unknown,0
2778.4266213239284,4-left,unknown,0
2814.6150461591346,6-right,unknown,30
2849.6675162900533,water-splash,unknown,0
2891.5235082257827,4-right,unknown,0
2924.7532166112487,1-right,unknown,40
2977.1464491475635,crest,unknown,0
3026.8506708158056,4-left,unknown,30
3060.428246003488,1-right,unknown,0
3116.3282931340714,crest,unknown,30
3143.9744886601957,slight-left,unknown,0
3224.916143609382,4-right,unknown,30
3314.2256153501016,crest,unknown,0
3361.9706658948407,3-left,unknown,50
3405.681937524173,acute-hp-right,caution,0
3471.1164182103603,6-right,unknown,0
3513.659593631122,4-right,unknown,0
3570.3254310143925,4-left,unknown,0
3713.1135274262474,acute-hp-right,unknown,0
3760.395499577049,4-right,unknown,0
3779.912367767812,1-left,unknown,0
3832.13197369051,square-left,unknown,80
3879.328992008683,5-right,unknown,0
3941.098729748245,1-left,dont-cut,0
3975.7312263150175,crest,unknown,0
4012.5973864979665,2-right,unknown,0
4040.603101448525,3-left,unknown,30
4077.2913178105237,6-left,unknown,0
4135.237860416877,6-right,unknown,0
4177.859766048897,3-left,unknown,0
4221.241487049569,2-right,unknown,0
4270.261122478949,crest,unknown,40
4304.200819630132,3-right,unknown,0
4362.303957104191,4-left,unknown,0
4409.4708150715705,crest,unknown,0
4467.8519677014265,slight-left,unknown,70
4505.187756313791,6-right,unknown,50
4610.316791843879,square-right,unknown,40
4711.078191170204,square-left,unknown,60
4795.521923813335,crest,unknown,0
4851.440620007033,square-right,unknown,0
4889.264325241561,bridge,unknown,40
4917.544501308914,acute-hp-left,unknown,0
4954.280953011035,1-right,widen,40
4993.2915733163745,5-right,unknown,80
5065.222364789763,3-right,unknown,0
5140.904171430388,crest,unknown,130
5228.624044038579,4-left,unknown,0
5324.780711137574,4-right,unknown,0
5356.704279157443,water-splash,unknown,0
5382.481748391914,slight-left,unknown,0
5413.15616874867,slight-right,unknown,0
5446.635676633653,3-left,unknown,50
5473.784768735704,slight-right,unknown,0
5496.399834176838,crest,unknown,0
5528.921647188008,5-right,unknown,0
5561.865191804705,4-left,unknown,0
5611.66389206105,4-right,unknown,40
5642.567003957563,hp-left,unknown,50
5724.104192315885,slight-right,caution,0
5771.435689708539,3-right,unknown,30
5826.774570247475,5-right,unknown,0
5883.5355004232615,4-left,unknown,0
5913.729666568585,square-left,unknown,30
5973.315873233626,crest,unknown,0
6028.367157060455,4-right,unknown,0
6069.595873300387,3-left,unknown,50
6129.857981550053,crest,unknown,0
6186.045216714691,3-right,unknown,0
6224.33205597098,3-right,unknown,50
6284.579789678414,acute-hp-right,unknown,0
6346.591761476356,hp-right,unknown,0
6391.18034130271,hp-left,unknown,0
6424.282237779458,hp-right,unknown,0
6459.369902803265,3-left,unknown,0
6500.696225730744,5-right,unknown,0
6549.547968036492,hp-left,unknown,40
6603.649996291958,hp-left,unknown,40
6634.549086658326,3-right,unknown,30
6673.1512619512905,3-left,unknown,60
6785.623838931868,6-right,unknown,80
6884.733481571024,hp-right,unknown,60
7026.694066573917,3-left,unknown,30
7077.315642482578,2-left,unknown,0
7141.862043926059,4-right,unknown,50
7198.199090682805,4-right,unknown,60
7281.000663024718,3-left,unknown,0
7347.015733329589,crest,unknown,0
7396.401322776613,slight-right,unknown,0
7437.327207595644,3-left,unknown,0
7483.542480193913,4-right,unknown,0
7559.707416774567,acute-hp-right,unknown,0
7568.348448573885,square-left,unknown,0
7644.686660548986,crest,unknown,70
7682.501278144661,6-left,unknown,50
7758.375666190931,1-right,unknown,40
7854.625777427513,crest,unknown,120
7947.103268734323,2-left,unknown,0
8049.386605945939,3-right,unknown,50
8102.848132587777,crest,unknown,0
8180.042290989272,square-right,unknown,90
8264.42707267653,square-left,unknown,70
8362.214124454358,4-right,unknown,0
8420.66750297914,1-left,unknown,0
8466.829240819052,5-right,unknown,50
8496.206191685027,2-right,unknown,0
8564.410268356625,4-left,unknown,80
8625.359757854754,1-left,unknown,0
8700.069218036944,2-left,unknown,0
8711.900358383471,5-left,widen,0
8760.464363643936,slight-right,unknown,70
8792.264266598038,crest,unknown,40
8868.337055828388,1-right,unknown,0
8935.146475803664,6-left,unknown,0
8992.329560406037,6-right,unknown,0
9022.841722366646,3-left,unknown,0
9060.02375243409,slight-right,unknown,0
9096.967085144357,2-left,unknown,60
9145.829061767883,crest,unknown,50
9225.588018829627,4-right,unknown,70
9310.216699249546,crest,unknown,150
9446.930161812114,crest,unknown,50
9567.392853157337,slight-right,unknown,0
9703.379117309858,jump,unknown,0
9776.440256492899,slight-left,caution,0
9844.680769378941,slight-right,unknown,0
9905.555056450168,jump,unknown,0
9994.262100975322,slight-left,unknown,150
10112.303420593531,slight-left,unknown,0
10243.924529373435,crest,unknown,0
10305.208663055682,hp-right,narrow,40
10380.429569256105,slight-left,unknown,50
10417.78423707227,square-left,unknown,100
10531.248181221288,slight-left,unknown,70
10640.439225685393,crest,caution,0
10756.689163505833,1-left,unknown,30
10799.82058415632,crest,unknown,0
10840.393764784154,1-right,unknown,30
10873.911969473173,slight-left,unknown,0
10912.834816019351,square-right,unknown,30
10955.865561735462,6-left,unknown,0
11011.74942175133,jump,unknown,0
11094.028658926301,3-right,unknown,0
11146.751328985501,crest,unknown,40
11212.41189380865,6-right,caution,0
11284.414925596513,crest,unknown,0
11333.366655485423,4-left,unknown,0
11375.841379530213,square-right,unknown,0
11395.258721582688,1-left,unknown,40
11451.543711273474,5-left,unknown,0
11521.795526172928,4-right,unknown,0
11586.221848537733,hp-left,unknown,40
11698.141864197074,square-right,dont-cut,0
11738.097315523451,3-left,unknown,30
11780.556862118066,crest,unknown,60
11824.419328567805,crest,unknown,60
11850.0082449649,3-right,dont-cut,0
11942.223655617065,4-left,unknown,0
11971.797041046446,crest,unknown,40
12014.612221138304,6-left,unknown,0
12066.065473053277,4-left,unknown,0
12125.716418144528,square-right,dont-cut,40
12206.638712045962,1-left,unknown,30
12273.325926649397,1-right,unknown,0
12337.129649107284,4-left,unknown,0
12395.769192735974,slight-right,caution,0
12481.39456697686,3-right,unknown,0
12529.255318205194,4-left,unknown,50
12584.993027613002,5-left,unknown,0
12672.512939569786,4-right,unknown,0
12719.499008142784,4-left,unknown,0
12759.161168558438,2-right,unknown,0
12792.658771993953,2-left,unknown,30
12817.329808981262,2-right,unknown,0
12856.246401731809,2-left,unknown,0
12910.05807918771,square-right,unknown,30
12954.278624384247,crest,unknown,0
12986.357873203606,3-right,unknown,0
13031.626460411402,5-left,unknown,0
13059.909609119752,4-right,unknown,70
13142.780521747929,5-left,unknown,40
13221.604200050684,3-right,unknown,0
13296.339907982207,bump,unknown,60
13363.907494861927,3-left,caution,0
13453.60058881029,1-left,unknown,0
13502.738523800206,1-right,unknown,40
13555.545063240357,bump,unknown,0
13602.706703445732,6-left,unknown,0
13642.414809334101,2-right,bridge,0
13676.572609836878,bump,unknown,40
13705.42972850067,2-left,unknown,0
13758.032520839983,1-left,unknown,30
13815.56626855117,crest,unknown,0
13860.111549923235,square-right,unknown,60
13924.54412215452,3-left,unknown,0
14020.608499519629,slight-left,unknown,0
14087.719799854562,slight-right,bridge,0
14118.589274484933,2-right,unknown,0
14144.023761446299,2-left,unknown,0
14184.318588888465,slight-right,unknown,40
14217.4673378585,6-left,unknown,40
14284.43532018882,1-left,unknown,0
14360.901616327588,2-right,unknown,0
14400.174578192056,slight-left,unknown,50
14454.531547930072,6-left,unknown,130
14583.825688345276,2-right,unknown,0
14714.766008093198,crest,unknown,0
14756.154025134882,crest,unknown,0
14779.85668587431,4-left,unknown,100
14860.119993045178,3-left,unknown,0
14961.474954249697,2-right,unknown,0
15000.245319735835,crest,unknown,0
15036.815158040352,slight-right,unknown,0
15104.899554192854,5-right,unknown,30
15163.21660035832,4-left,unknown,0
15219.03950122579,4-right,unknown,50
15281.664483125058,hp-left,unknown,0
15351.750488602964,3-right,unknown,0
15384.16579607711,3-left,unknown,40
15422.143090789172,3-right,unknown,0
15474.618932235095,1-left,dont-cut,0
15528.070753488026,2-right,unknown,0
15561.475483903369,1-left,unknown,30
15586.098131856412,6-right,unknown,0
15633.968005341985,crest,unknown,0
15681.058105344271,4-right,unknown,40
15756.257925042612,2-right,unknown,30
15824.773919400672,2-left,unknown,30
15870.82482949207,6-left,unknown,0
15923.128857087591,4-right,unknown,0
15971.281604470712,square-left,unknown,0
16036.800198850146,square-right,unknown,30
16064.45190413426,slight-left,unknown,0
16103.55077840756,2-right,unknown,0
16136.278332614396,6-left,unknown,0
16160.017812346901,slight-right,unknown,0
16191.909773311092,5-left,unknown,40
16226.830873240886,bump,unknown,0
16302.223239020752,6-right,unknown,0
16343.380691642193,4-left,unknown,30
16382.957684058585,1-right,unknown,0
16459.134537734408,square-right,unknown,0
16490.00584790175,1-left,unknown,0
16514.46642594282,6-left,unknown,40
16554.616075791764,6-right,caution,0
16613.79623034424,1-left,unknown,40
16653.2630617804,1-right,unknown,40
16725.994312886673,square-left,unknown,50
16814.725932616708,crest,unknown,0
16874.08663248015,slight-right,unknown,0
16904.31888584089,square-right,unknown,0
16932.939850959297,4-left,unknown,30
16977.484828204637,4-left,unknown,0
17040.75653778029,2-left,unknown,0
17076.345787086026,1-right,unknown,0
17102.947590999138,1-left,unknown,0
17130.788410901543,4-left,unknown,0
17166.1989462085,slight-right,unknown,0
17216.8979305263,6-left,unknown,0
17292.407077674437,5-left,unknown,0
17331.748568362786,2-left,unknown,0
17374.400568065248,slight-right,unknown,40
17416.67173089943,6-right,unknown,30
17470.91870649298,crest,unknown,0
17534.45918123203,2-right,unknown,0
17567.747427024417,slight-left,unknown,0
17608.82868963199,slight-right,unknown,0
17645.493558902304,2-left,unknown,0
17675.73478813129,4-right,unknown,0
17701.27469341235,1-left,unknown,0
17738.90378066975,square-left,unknown,0
17763.55624703845,5-right,unknown,0
17784.760273909196,water-splash,unknown,0
17815.449972719765,hp-left,unknown,0
17837.22278090916,4-right,unknown,0
17856.809880081622,4-left,unknown,0
17885.643675228566,4-right,unknown,30
17914.071124302354,3-right,unknown,0
17944.687136837463,3-left,unknown,40
17973.369695908026,5-right,unknown,0
18038.70234300276,dip,unknown,0
18070.655157982324,3-right,unknown,30
18101.288559433422,6-left,unknown,0
18151.65796052599,slight-left,unknown,0
18190.017880608073,acute-hp-right,unknown,30
18281.87268976832,slight-right,unknown,140
18384.755209805,4-left,unknown,50
18523.949019905565,crest,unknown,0
18582.985435425293,jump,unknown,0
18632.34824147846,jump,unknown,0
18680.843501907853,crest,unknown,50
18736.106848198437,1-left,unknown,0
18830.046769844557,slight-right,unknown,0
18856.316120525862,1-right,unknown,0
18889.069101788085,square-left,unknown,0
18913.84760935455,hp-right,unknown,0
18952.953049732743,6-left,unknown,0
18987.042348572308,hp-left,unknown,0
19017.803971077497,slight-right,unknown,0
19049.577861038724,square-right,unknown,0
19085.932829281395,4-left,unknown,0
19118.308220926785,crest,unknown,30
19162.192603003063,4-left,unknown,0
19205.244189631016,3-right,unknown,0
19262.453301741138,crest,unknown,0
19291.78714855815,hp-left,unknown,30
19333.019128061784,slight-right,unknown,0
19403.33494431343,crest,unknown,0
19447.614994495765,4-right,unknown,0
19487.939051502584,2-right,unknown,90
19604.699158085212,crest,unknown,0
19670.922789238317,1-left,unknown,40
19704.181749542575,slight-left,unknown,100
19788.23434445222,2-left,unknown,0
19880.431425751056,4-right,unknown,0
19920.4111142429,1-left,unknown,0
19966.93227358664,2-right,unknown,0
19993.35522654377,slight-left,unknown,0
20018.32671548926,crest,unknown,50
20047.153821192598,3-right,unknown,100
20171.772870817997,slight-right,unknown,50
20282.21667788586,2-right,unknown,0
20381.08099852645,4-right,unknown,0
20429.077604800095,slight-left,unknown,0
20480.213218546738,3-left,unknown,90
20598.36762810787,6-left,unknown,0
20679.569352923238,crest,unknown,30
20717.569633036455,square-right,unknown,0
20787.8150721844,crest,unknown,0
20811.06176332553,3-left,unknown,0
20886.4803103455,6-right,unknown,50
20945.46663755497,slight-left,unknown,30
21035.044896794145,4-left,caution,0
21098.529347458665,3-right,unknown,0
21153.470694933723,4-left,unknown,30
21208.752056589914,6-right,unknown,0
21258.617152434188,3-left,unknown,0
21310.069344569045,3-right,unknown,30
21366.138741579864,5-left,unknown,0
21430.71779503902,slight-right,unknown,0
21503.55154599268,crest,unknown,0
21539.95523541528,crest,unknown,0
21602.077368727518,1-right,unknown,0
21647.259826689544,crest,unknown,30
21686.262377577572,2-left,unknown,0
21743.096973391326,2-right,unknown,30
21799.915194655223,square-left,unknown,30
21855.170090475833,slight-left,unknown,0
21904.3194868286,2-right,unknown,0
21938.367974930596,5-left,unknown,180
22060.120601788385,1-right,unknown,0
22086.87434003911,1-left,unknown,40
22122.982101078815,crest,caution,0
22167.414937744914,1-right,unknown,0
22226.32751476364,crest,unknown,0
22260.009358359148,3-left,unknown,40
22295.511391669068,3-right,unknown,0
22356.343469248586,1-left,unknown,0
22393.173219252403,4-left,unknown,0
22425.553461933912,4-left,unknown,0
22499.910912667096,1-right,unknown,0
22527.068560238662,square-left,unknown,0
22572.809910393553,1-right,unknown,0
22605.180628777347,square-right,dont-cut,0
22631.68000515064,1-left,unknown,30
22655.56167868692,3-left,unknown,0
22702.117763529615,square-right,unknown,0
22731.25148526271,3-left,dont-cut,60
22802.095705729364,3-left,unknown,0
22868.577765704034,crest,unknown,30
22929.65730429732,square-right,unknown,0
22980.220321780078,1-left,unknown,0
23020.12593848311,2-left,unknown,30
23062.961763449526,4-left,unknown,0
23104.897634363966,6-left,unknown,0
23144.767459059545,1-right,unknown,0
23230.663250962105,acute-hp-left,unknown,0
23289.521055656314,5-right,unknown,80
23317.10546498383,3-left,unknown,0
23359.365715323343,crest,unknown,0
23401.025537634745,hp-right,unknown,0
23444.279705382203,3-left,unknown,0
23463.834108091225,3-right,unknown,30
23511.355550456887,crest,unknown,0
23566.681782832984,6-left,unknown,0
23622.24573628987,1-left,unknown,30
23677.00261411274,crest,unknown,0
23730.588013740402,slight-left,unknown,30
23765.851231246812,hp-right,unknown,0
23809.126627899026,3-left,unknown,0
23853.72226316534,crest,unknown,0
23889.026237259724,crest,unknown,0
23903.462003327226,6-left,unknown,0
23938.093097744808,2-right,unknown,40
23968.033852635235,3-left,unknown,0
24066.098715077285,crest,unknown,30
24127.241669731986,4-right,unknown,30
24174.064737931138,crest,unknown,0
24222.798834458223,4-right,unknown,40
24294.25453022086,5-right,dont-cut,0
24380.90396629415,3-left,unknown,30
24417.670349255426,crest,unknown,30
24487.97402309498,crest,unknown,0
24529.745537815907,slight-right,unknown,40
24567.649612541998,slight-left,unknown,0
24633.520866967054,finish,unknown,0
