0,crest,unknown,40
24.275624675750738,slight-left,unknown,0
97.1569196891785,jump,unknown,30
152.98899229049695,crest,unknown,30
193.39579751968404,slight-left,unknown,0
264.617826061249,jump,unknown,40
302.2014910697936,jump,unknown,0
362.1743272781373,2-right,unknown,0
400.1841137695313,3-left,unknown,30
434.63628833770747,5-left,unknown,0
527.7052794456483,crest,unknown,30
600.2475783538813,4-left,unknown,0
661.3038509559624,6-right,unknown,0
699.9687347984302,3-right,unknown,0
748.5426465797412,slight-left,unknown,30
820.2283963203414,2-left,unknown,0
874.2741486549353,6-right,unknown,0
902.3896954345672,crest,unknown,30
933.1774695777865,1-right,unknown,0
984.0180583572361,hp-left,unknown,0
1007.1112621116612,5-right,unknown,0
1054.7310956031042,crest,unknown,40
1088.734495928878,1-right,unknown,0
1154.7427946883379,slight-left,unknown,0
1178.8862859946435,6-right,unknown,0
1206.6022814780429,crest,unknown,40
1244.1837296706397,2-left,unknown,0
1320.1452178603365,3-right,unknown,0
1435.8249719363384,3-right,unknown,0
1473.1886318331883,5-left,unknown,0
1509.563698800199,hp-right,unknown,30
1572.8682454186603,square-right,unknown,0
1608.2035010081456,1-left,unknown,0
1647.2331271201292,6-right,unknown,40
1675.7003277999072,4-right,unknown,0
1741.1073058348811,3-right,unknown,0
1785.4743725043452,2-right,unknown,0
1822.6054470282706,square-left,unknown,0
1851.8625452262077,6-right,unknown,0
1890.9442025691176,4-right,unknown,0
1941.0826314097553,slight-left,unknown,0
2003.6236095744293,5-right,unknown,0
2059.40911132156,2-left,unknown,0
2098.350652268522,5-right,widen,0
2144.429111607666,1-right,unknown,0
2206.569855979081,square-left,dont-cut,0
2230.5524452811437,1-right,widen,0
2266.702378657459,1-left,unknown,0
2315.634977439046,crest,unknown,0
2351.498055995108,3-right,unknown,0
2381.4666641074427,4-right,unknown,30
2409.6861191588655,2-right,dont-cut,0
2456.2283772689107,3-left,unknown,30
2491.4206980544295,5-right,unknown,0
2551.696146815415,6-right,unknown,0
2583.4710053092213,1-left,unknown,0
2619.245837081071,6-left,unknown,0
2657.918485510943,6-right,caution,0
2700.0638654929357,2-right,unknown,0
2734.5228997260288,acute-hp-left,unknown,0
2750.483218443985,square-left,unknown,0
2759.8605860358434,6-right,widen,0
2811.5658145363595,5-right,unknown,0
2870.2531443054936,3-left,unknown,0
2922.9654085381303,6-right,unknown,40
2948.107007983473,square-right,unknown,40
3012.052340367584,2-left,unknown,0
3056.9849621136473,4-right,unknown,0
3096.168667138365,crest,unknown,0
3199.063921723089,crest,unknown,0
3230.320854286873,1-left,unknown,60
3286.528080353464,slight-right,unknown,0
3352.6511899039424,slight-left,unknown,0
3399.273053192821,bump,unknown,0
3446.4080267188233,5-right,unknown,0
3485.237464413373,3-left,unknown,40
3535.213098416057,4-right,unknown,0
3600.488792061533,5-left,unknown,0
3632.5595826003205,3-right,unknown,0
3694.4353205725774,slight-left,unknown,0
3733.586116852482,3-left,unknown,0
3784.7925021407214,4-right,unknown,40
3810.9186658713397,crest,unknown,0
3862.6125291297003,bump,unknown,0
3920.077617783266,5-left,unknown,0
3964.678760323243,4-right,unknown,40
4051.4785506102635,square-left,unknown,40
4124.532186741554,crest,unknown,0
4195.7590404460025,6-right,unknown,90
4257.344138769823,2-right,unknown,0
4346.988132796003,5-right,unknown,0
4403.375697722148,4-left,unknown,0
4462.695454821299,3-left,unknown,0
4523.1662488505335,slight-left,unknown,100
4679.737837843609,4-left,unknown,60
4796.12353093596,crest,caution,0
4870.161665510851,6-right,unknown,0
4916.621677107532,2-left,unknown,0
4945.607129978852,1-right,unknown,0
4958.680216302587,3-left,unknown,0
4978.831691534229,3-right,unknown,90
5064.852874414629,crest,unknown,50
5140.901580164146,1-right,unknown,0
5220.618736974907,crest,unknown,80
5267.14924638958,2-left,unknown,0
5350.430045721244,4-left,unknown,0
5385.018885080527,crest,unknown,0
5455.710169088556,6-left,unknown,30
5498.589977743339,hp-right,unknown,0
5561.572629091453,crest,unknown,0
5613.702191787257,2-left,unknown,0
5648.020870061409,5-right,unknown,0
5678.199471927179,crest,unknown,30
5717.776097636703,crest,caution,0
5760.975906463149,4-right,unknown,0
5857.446609330661,hp-right,unknown,40
5920.320681834697,hp-left,unknown,0
5963.099894166467,square-right,unknown,0
6005.618469920631,1-left,unknown,0
6043.955728126045,1-right,unknown,0
6104.049313064098,slight-left,unknown,0
6141.4320357089055,jump,unknown,0
6179.311809077736,jump,unknown,30
6223.7063932757355,jump,unknown,60
6293.492505298138,crest,unknown,0
6393.848734889511,3-right,unknown,150
6509.621050525194,6-left,narrow,30
6615.309069095136,acute-hp-left,unknown,0
6665.048144717702,slight-right,unknown,0
6726.931995006095,5-right,unknown,0
6784.891102424161,3-left,unknown,0
6840.832293468019,6-left,unknown,0
6914.038866687319,3-right,unknown,0
6970.770860324401,3-left,unknown,0
7000.642440829773,4-left,unknown,0
7042.85067466309,4-right,unknown,0
7070.548701453711,4-left,unknown,0
7090.202581000834,square-right,unknown,0
7130.620469594511,water-splash,unknown,0
7145.603705764328,4-left,unknown,0
7165.599677615679,square-right,unknown,0
7199.322660708939,water-splash,widen,0
7214.235353370226,square-right,unknown,0
7222.366562743844,4-left,unknown,0
7239.4974747044425,3-right,unknown,0
7281.005231261906,5-left,unknown,0
7309.4008750111425,crest,unknown,0
7337.32145309036,2-left,unknown,0
7371.993749538112,bump,unknown,0
7411.59515792434,6-left,unknown,30
7460.784616389919,crest,unknown,0
7492.27823754852,crest,unknown,0
7523.1619718128895,2-right,unknown,0
7561.955203128507,6-right,widen,0
7630.92899106567,5-left,unknown,0
7721.795216785119,3-right,narrow,0
7790.376915336303,1-right,caution,0
7822.929741302185,square-left,unknown,0
7846.864986854245,2-right,unknown,30
7899.405774350815,6-right,unknown,0
8041.627843928991,crest,unknown,50
8081.1380505234565,bump,unknown,0
8149.300196691223,square-right,unknown,40
8192.266704717345,2-left,unknown,40
8244.326455293362,2-right,unknown,0
8294.698581777282,4-left,unknown,40
8322.429137464229,5-right,unknown,30
8379.427445512485,2-right,unknown,0
8437.090949464502,1-left,unknown,0
8469.187595992753,4-right,widen,0
8531.095216546728,6-left,caution,50
8615.465125756928,4-right,unknown,0
8697.379059129427,5-left,unknown,0
8756.317340665524,5-right,unknown,0
8783.990200048152,2-left,unknown,0
8819.859705758749,5-right,caution,30
8844.572463851635,square-left,unknown,0
8896.203111625373,hp-right,unknown,0
8917.975059943848,3-left,unknown,0
8947.94604982919,slight-right,unknown,0
8999.97722321099,2-right,unknown,30
9084.576222749416,3-left,unknown,0
9133.231037393269,4-left,unknown,0
9222.245593743988,crest,unknown,0
9279.594973130883,4-left,unknown,30
9364.800358229122,1-right,unknown,0
9413.801871080832,2-left,unknown,0
9444.148690500684,1-right,dont-cut,0
9466.067769575538,3-left,unknown,40
9518.643566008044,3-right,unknown,0
9581.9351193337,3-left,unknown,0
9613.108367968038,hp-right,unknown,60
9665.772639055669,4-left,widen,0
9707.208560295503,4-right,unknown,0
9754.309455871979,5-left,unknown,0
9844.86220514335,crest,unknown,50
9899.028119449995,1-left,unknown,0
9993.113787460701,1-left,unknown,0
10001.999723492041,4-right,unknown,100
10072.266813946153,5-right,unknown,30
10173.604808674238,crest,unknown,0
10215.193253803636,3-left,unknown,100
10301.267307196049,crest,unknown,60
10363.328638506322,5-right,unknown,50
10444.71575799027,crest,unknown,0
10515.227785120393,crest,unknown,0
10527.581983042144,1-left,dont-cut,0
10583.786092825314,square-right,unknown,50
10636.950705252088,slight-right,unknown,50
10691.321953802495,bump,caution,0
10753.295765886689,bump,caution,0
10764.344649191285,2-right,unknown,0
10797.976170740492,2-left,unknown,0
10831.882580042247,slight-right,unknown,40
10891.37386988676,5-right,unknown,0
10956.429817343105,3-right,unknown,70
11036.528123216976,1-left,unknown,0
11085.001647520403,slight-right,unknown,0
11122.62916279827,2-right,unknown,40
11163.707006044726,4-right,unknown,70
11252.695610666593,3-left,unknown,0
11314.044875631662,6-right,unknown,70
11356.846307096812,2-left,unknown,0
11428.683849668834,1-right,unknown,0
11487.589664659832,4-right,unknown,50
11560.504939241751,bump,unknown,30
11622.243434400889,2-left,unknown,50
11690.224548540444,slight-right,unknown,80
11768.736025648446,5-left,unknown,0
11850.782782659859,6-right,unknown,30
11890.030307569832,4-left,unknown,0
11947.668854971262,crest,unknown,50
11991.874511881213,square-left,unknown,0
12052.246035299648,2-right,unknown,0
12072.30321519886,2-left,dont-cut,40
12110.925749302243,2-right,unknown,0
12190.76509740863,2-left,unknown,0
12218.732521648742,5-right,widen,0
12241.73742366824,slight-left,unknown,0
12269.10070848498,5-right,unknown,40
12304.401988067953,3-right,unknown,30
12388.675545921657,2-left,unknown,0
12453.026182518326,slight-left,unknown,0
12495.07900001557,6-right,unknown,0
12536.8003322223,4-right,unknown,0
12575.829717102364,2-left,unknown,0
12650.238410492258,1-right,unknown,0
12707.038046417556,slight-right,unknown,40
12745.798105550424,2-left,dont-cut,0
12806.884225259433,square-left,unknown,0
12828.315843377724,5-right,unknown,30
12897.741829400686,crest,caution,0
12961.887441983848,4-right,unknown,0
13003.912507749217,2-left,dont-cut,50
13047.775986238847,crest,unknown,0
13109.316563624881,finish,unknown,0
