0,slight-right,widen,0
7.5312447834014895,3-right,dont-cut,0
44.81816802024841,4-left,unknown,0
78.8966941547394,crest,unknown,40
118.33564589500433,6-left,unknown,0
169.8620838451387,4-left,unknown,0
230.71151823997508,square-right,dont-cut,40
312.92257795333904,1-left,unknown,30
379.6797340202335,1-right,unknown,0
435.4810170173646,4-left,unknown,0
495.31081327438363,slight-right,caution,0
583.3081484413148,3-right,unknown,0
631.0115712547304,4-left,unknown,50
683.1932503318789,5-left,unknown,0
775.1391296958923,4-right,unknown,0
825.2508390235901,4-left,unknown,0
855.4121060085293,2-right,unknown,0
902.7234348723173,2-left,unknown,30
926.8516728636506,2-right,unknown,0
979.3790366980319,2-left,unknown,0
1031.5204072615395,square-right,unknown,30
1065.6864246985203,crest,unknown,0
1107.996831307101,3-right,unknown,0
1152.989786781955,5-left,unknown,0
1182.4631259772063,4-right,unknown,70
1256.795025849032,5-left,unknown,40
1343.4970091864338,3-right,unknown,0
1407.64813059299,bump,unknown,60
1487.0851684042696,3-left,caution,0
1574.7857761236899,1-left,unknown,0
1622.4589338824023,1-right,unknown,40
1671.696266264605,bump,unknown,0
1724.875783075976,6-left,unknown,0
1762.7800422617663,2-right,unknown,0
1797.88634967296,bump,unknown,40
1828.2147855898615,2-left,unknown,0
1879.4684093424553,1-left,unknown,30
1910.258660654712,1-left,unknown,30
1936.1939437243225,crest,unknown,0
1980.9271046969181,square-right,unknown,60
2042.1832526823755,3-left,unknown,0
2134.502252258948,slight-left,unknown,0
2203.7108208319455,slight-right,widen,0
2245.340676407508,2-right,unknown,0
2275.217179455451,2-left,unknown,0
2300.3641987273027,slight-right,unknown,40
2332.081434559518,6-left,unknown,40
2400.5758367964554,1-left,unknown,0
2473.319376377755,1-right,widen,0
2518.113537687948,slight-left,unknown,50
2566.1648224398405,6-left,unknown,130
2703.617737345387,2-right,unknown,0
2855.1837539240605,crest,unknown,0
2884.2478972384224,4-left,unknown,100
2964.0731991335647,3-left,unknown,0
3068.945859541589,2-right,unknown,0
3102.500433897668,crest,unknown,0
3135.5338751360714,slight-right,unknown,0
3208.9896438357164,5-right,unknown,30
3265.914720816308,4-left,unknown,0
3323.2841246935654,4-right,unknown,50
3393.2137623545464,hp-left,unknown,0
3452.1854902788914,3-right,unknown,0
3486.32812870949,3-left,unknown,40
3525.1993256661235,3-right,unknown,0
3576.801393518146,1-left,dont-cut,0
3626.077694787679,2-right,widen,0
3658.740433892902,1-left,unknown,30
3684.0286146637754,6-right,widen,0
3734.1804980179627,crest,unknown,0
3781.2492964455414,4-right,unknown,40
3854.478132524183,2-right,unknown,30
3926.7075794884454,2-left,unknown,30
3972.5400582405828,6-left,unknown,0
4024.7216900917742,4-right,unknown,0
4072.754574231784,square-left,unknown,0
4138.235912179631,square-right,unknown,30
4163.111180019062,slight-left,unknown,0
4201.130522794408,2-right,unknown,0
4231.968824071571,6-left,unknown,0
4254.171514329597,slight-right,unknown,0
4286.159235925364,5-left,unknown,40
4320.776888265301,bump,unknown,0
4399.953393048925,6-right,unknown,0
4442.707330541299,4-left,unknown,30
4482.7066815087055,1-right,unknown,0
4586.0014239880375,1-left,unknown,0
4612.726376189894,6-left,unknown,40
4652.81723358125,6-right,caution,0
4713.685969028175,1-left,unknown,40
4750.424547080694,1-right,unknown,40
4823.39781537026,square-left,unknown,50
4905.60176438302,crest,unknown,0
4966.997307233516,slight-right,unknown,0
4997.401065416039,square-right,unknown,0
5024.604844865504,4-left,unknown,30
5074.572525844284,4-left,unknown,0
5134.808772716228,2-left,unknown,0
5167.513452148141,1-right,unknown,0
5192.196194743814,2-left,unknown,0
5193.1154926678555,1-left,unknown,0
5219.210939826671,4-left,unknown,0
5258.053793115325,slight-right,unknown,0
5288.0798342606495,square-right,unknown,0
5360.304890641878,2-left,unknown,0
5383.706485719392,5-right,unknown,50
5485.3266477868065,crest,unknown,0
5576.6656296822475,4-left,unknown,50
5627.386236142819,4-right,unknown,30
5719.203911504455,4-left,unknown,40
5805.516546926211,slight-left,unknown,70
5883.13967158289,crest,caution,0
5989.173260106761,4-left,dont-cut,0
6034.525868558602,6-right,unknown,0
6068.77058138819,crest,unknown,0
6114.065342817021,4-right,unknown,0
6154.0614322945585,2-right,unknown,90
6270.983341474255,crest,unknown,0
6339.809384526923,1-left,unknown,40
6371.1848689362505,slight-left,unknown,100
6445.894013833707,2-left,unknown,0
6548.138571061796,4-right,unknown,0
6589.173762769404,1-left,unknown,0
6635.106663655937,2-right,unknown,0
6659.015674180689,slight-left,unknown,0
6683.961865653697,crest,unknown,50
6713.884886283579,3-right,unknown,100
6831.626614074409,slight-right,unknown,50
6927.186965217294,2-right,unknown,0
7049.9343060109095,4-right,unknown,0
7099.659550819109,slight-left,unknown,0
7149.922374610612,3-left,unknown,90
7266.816115760508,6-left,unknown,0
7347.955747794805,crest,unknown,30
7393.270570449533,square-right,unknown,0
7456.471057204907,crest,unknown,0
7476.298081741041,3-left,unknown,0
7544.468887977308,6-right,unknown,50
7611.779712753005,slight-left,unknown,30
7688.058375205702,4-left,caution,0
7764.520899848644,3-right,unknown,0
7811.35006196946,4-left,unknown,30
7876.048919677437,6-right,unknown,0
7927.264690437023,3-left,unknown,0
7977.395990829174,3-right,unknown,30
8029.510341872884,5-left,unknown,0
8098.2149077412605,slight-right,unknown,0
8170.434173907948,crest,unknown,0
8213.750802020748,crest,unknown,0
8269.915482272829,1-right,unknown,0
8313.97547847721,crest,unknown,30
8353.934530811046,2-left,unknown,0
8410.351434573866,2-right,unknown,30
8465.279406318406,acute-hp-left,unknown,30
8522.089050941213,slight-left,unknown,0
8568.840669688927,2-right,unknown,0
8602.531483802542,5-left,unknown,0
8637.057644405117,crest,unknown,0
8689.881829299684,6-left,unknown,0
8727.331026458503,1-right,unknown,0
8757.470596103432,1-left,unknown,40
8789.360368728405,crest,caution,0
8834.52682049729,1-right,unknown,0
8890.135487222453,crest,unknown,0
8927.490092496655,3-left,unknown,40
8961.654152002118,3-right,unknown,0
9024.959996385362,1-left,unknown,0
9060.082458686604,4-left,unknown,0
9090.960770644919,4-left,unknown,0
9160.641304855133,crest,unknown,0
9167.412746886996,1-right,unknown,0
9195.697730636388,square-left,unknown,0
9238.91214132288,1-right,unknown,0
9271.504607610492,square-right,dont-cut,0
9293.963315572524,2-left,widen,30
9321.64373453119,3-left,unknown,0
9368.060285396361,square-right,unknown,0
9398.024789695526,3-left,dont-cut,60
9469.643981275338,3-left,unknown,0
9534.414321031347,crest,unknown,30
9598.941951913606,square-right,unknown,0
9649.442276506192,1-left,unknown,0
9689.379252652892,2-left,unknown,30
9732.34765561082,4-left,unknown,0
9773.463422231465,6-left,unknown,0
9813.872188005236,1-right,unknown,0
9870.14273480394,square-left,unknown,30
9900.721368846687,acute-hp-left,unknown,0
9956.588584642192,5-right,unknown,0
9983.831281606923,3-left,unknown,0
10033.266133100753,crest,unknown,0
10069.458856813664,hp-right,unknown,0
10113.43982677674,3-left,unknown,0
10130.032770960079,3-right,unknown,30
10177.569817888485,crest,unknown,0
10235.48764576171,6-left,unknown,0
10291.257332842093,1-left,unknown,30
10345.526028234695,crest,unknown,0
10398.841275388926,slight-left,unknown,30
10436.447595731946,hp-right,unknown,0
10479.427442953309,3-left,unknown,0
10514.63932186337,crest,unknown,0
10547.895203325474,crest,unknown,0
10563.974963590827,6-left,unknown,0
10600.480417749604,2-right,unknown,40
10629.854993784156,3-left,unknown,0
10727.898490011416,crest,unknown,30
10786.753245069696,4-right,unknown,30
10833.346170713623,crest,unknown,0
10883.978302194791,4-right,unknown,40
10962.30993396969,5-right,dont-cut,0
11045.222226259435,3-left,unknown,30
11085.095267030914,crest,unknown,30
11151.388755762295,crest,unknown,0
11194.281139299586,slight-right,unknown,40
11229.260244562345,slight-left,unknown,0
11250,finish,unknown,0
