0,2-left,unknown,0
39.88298911094663,crest,caution,0
90.85620007514953,6-right,unknown,50
154.41658551216125,acute-hp-right,unknown,0
241.3049686145783,slight-right,unknown,40
266.40123940467834,2-left,unknown,0
319.5646991443635,2-right,unknown,0
389.5282337474827,crest,unknown,60
444.35509622573926,slight-right,unknown,100
566.8064876365668,1-right,unknown,120
744.5072899818431,hp-left,unknown,0
836.01989089966,crest,unknown,0
874.7377513122585,slight-right,unknown,160
972.7202583313027,slight-right,unknown,0
1084.7336606979418,jump,unknown,0
1178.1187000274706,6-left,unknown,0
1238.7545475387624,slight-right,unknown,40
1298.2231799316462,6-left,unknown,100
1402.2456574630783,jump,unknown,150
1628.576787300115,slight-right,unknown,70
1759.973910560613,4-left,unknown,50
1864.8039604950002,crest,unknown,50
1909.439667816168,crest,unknown,50
1949.0225748825123,2-right,unknown,0
2043.9405592918436,6-left,unknown,0
2075.2044042968773,4-right,unknown,0
2109.736621360781,5-left,unknown,0
2147.7694223403983,slight-right,unknown,0
2193.956490707402,hp-left,unknown,40
2260.6975023841937,slight-right,unknown,70
2314.2801854133704,slight-left,caution,0
2396.4592866706953,4-right,unknown,0
2445.6011062812895,square-right,unknown,80
2505.987465658202,3-right,unknown,0
2579.456627340334,2-left,unknown,50
2631.3631347751793,6-left,unknown,0
2689.928927507412,1-right,unknown,0
2737.037232790005,hp-left,unknown,40
2770.3119371509683,crest,unknown,30
2819.5773584222916,5-right,unknown,0
2879.637910752307,crest,unknown,0
2921.7612814188124,4-left,unknown,0
2994.410988526358,2-left,unknown,30
3030.6485834360265,2-right,unknown,0
3060.8454998254906,2-right,unknown,0
3071.7341447496533,6-right,unknown,40
3122.5881497812397,crest,unknown,40
3195.1257187700417,1-left,dont-cut,0
3247.4625550699357,5-right,unknown,0
3295.9350772142507,crest,unknown,0
3349.9520186662803,1-right,unknown,90
3394.943830075276,2-right,unknown,0
3471.750324311271,2-left,dont-cut,0
3493.283286690727,square-left,unknown,0
3510.6113739538323,square-right,unknown,30
3540.431463627827,3-right,unknown,0
3568.980501742378,slight-left,unknown,30
3602.101968207374,3-right,unknown,0
3641.423853125587,4-left,unknown,0
3681.722511610999,5-right,unknown,60
3720.914471869482,crest,unknown,0
3806.6504816770707,square-right,unknown,30
3863.5399155092423,6-right,unknown,0
3903.0597000360667,3-left,unknown,90
4012.3839479112808,3-right,unknown,160
4176.668363766687,crest,unknown,0
4293.734700741781,slight-right,unknown,120
4372.932253270165,3-left,unknown,50
4494.954338002226,6-right,unknown,30
4575.9402353716105,3-right,unknown,0
4640.588024678246,3-left,unknown,80
4680.9341107607,square-left,unknown,0
4762.960628819473,crest,unknown,40
4788.597739491469,3-left,unknown,0
4843.11100636006,2-right,unknown,0
4888.7966527414355,2-right,unknown,0
4912.137189602856,bridge,unknown,110
4971.311775364877,crest,unknown,0
5071.356081929204,square-left,unknown,40
5135.536993985175,slight-right,unknown,70
5178.0218005132565,crest,unknown,30
5229.972038168897,crest,unknown,30
5266.564595389356,square-right,unknown,0
5332.18336162089,3-left,unknown,0
5355.411534361828,4-right,unknown,50
5442.9822662115,slight-left,unknown,0
5508.351373209959,crest,unknown,30
5555.484389758114,3-right,unknown,50
5649.715340857511,3-left,unknown,50
5721.247405352592,6-left,unknown,0
5785.350986704824,2-right,unknown,0
5821.214176287646,4-right,unknown,70
5885.133990073202,hp-left,unknown,30
5966.354775938978,slight-left,unknown,40
6010.393809628472,6-left,unknown,0
6074.2243947076595,6-right,unknown,0
6135.516884331679,4-right,unknown,0
6191.530750336621,3-left,unknown,50
6276.118257870644,square-right,unknown,0
6359.755511898964,5-left,unknown,40
6404.3940877839605,2-right,unknown,0
6457.097231590423,hp-left,unknown,0
6513.094346325078,hp-right,unknown,0
6542.079656822361,square-left,unknown,0
6566.686035568397,square-right,unknown,40
6612.417892191096,4-left,unknown,0
6662.728606969995,3-left,unknown,0
6736.691014215624,crest,unknown,0
6772.87979057518,4-right,unknown,0
6830.454081976087,3-left,unknown,40
6919.334913961558,square-right,unknown,0
6972.6365514775825,square-right,unknown,0
6983.944374162825,4-right,widen,0
7031.589796659616,6-left,unknown,40
7078.454091951518,4-left,unknown,0
7127.229717294846,6-left,unknown,50
7167.666072256245,crest,unknown,0
7227.878409654773,hp-right,unknown,30
7295.1744746038075,4-left,unknown,0
7330.008892452398,4-right,unknown,0
7360.977065727391,6-left,unknown,0
7393.445446712652,crest,unknown,60
7485.636985056075,3-right,unknown,0
7524.3798057576705,slight-left,unknown,0
7561.160834600599,slight-right,unknown,0
7593.289586221845,water-splash,unknown,0
7618.696739313277,3-left,unknown,0
7640.5857287046065,3-right,unknown,120
7776.8863923665685,3-left,unknown,70
7851.078026659174,6-left,caution,30
7918.557039873285,1-left,unknown,0
7976.194556905909,square-right,unknown,0
8011.623523943112,bridge,unknown,40
8032.553217298671,1-left,unknown,50
8089.224398462465,crest,unknown,0
8147.444593031091,slight-right,unknown,0
8180.3113550206845,square-right,unknown,30
8211.441707098162,crest,unknown,0
8232.514027368707,square-left,unknown,70
8282.57439217774,crest,unknown,60
8348.28310668198,crest,unknown,0
8422.722268364114,slight-right,unknown,0
8470.169719535981,2-right,unknown,50
8514.894166824495,3-left,unknown,50
8610.528961040653,crest,unknown,0
8674.286843444974,1-left,unknown,0
8703.284985019829,4-right,unknown,0
8732.452553455507,6-left,unknown,0
8775.306693126833,6-right,unknown,0
8818.427161228336,crest,unknown,0
8864.551673595583,3-right,unknown,0
8899.778611366432,2-left,unknown,0
8923.862064964453,crest,unknown,0
8947.649115039978,square-right,unknown,0
8984.404196846162,4-left,unknown,80
9031.916723873286,square-right,unknown,0
9087.838351299439,square-right,unknown,0
9111.080012695467,3-left,unknown,0
9164.918988296655,acute-hp-left,unknown,0
9208.90458459106,4-right,unknown,0
9228.698120710513,3-left,unknown,0
9281.597251207475,6-left,unknown,60
9334.654419977307,1-right,unknown,50
9421.93886438572,4-right,unknown,0
9474.0096986028,crest,unknown,30
9506.02628004278,4-left,unknown,0
9562.516769334923,slight-right,unknown,0
9618.551480390672,slight-left,unknown,0
9705.822906019335,crest,unknown,0
9744.146350938929,2-left,widen,0
9771.413888113148,3-right,unknown,0
9798.71355264868,crest,unknown,50
9842.591098959114,hp-left,unknown,0
9904.18244064536,slight-right,unknown,0
9945.606164800773,5-left,dont-cut,0
9976.936902601376,water-splash,unknown,0
10008.529983064785,slight-left,unknown,0
10040.154745046742,4-right,unknown,0
10067.910535604602,crest,unknown,40
10101.443874303957,5-right,unknown,0
10150.792115289823,5-left,bridge,0
10189.892956392421,hp-right,unknown,40
10249.371940271509,6-left,unknown,40
10296.314369070193,5-left,unknown,30
10341.95659687246,acute-hp-left,unknown,60
10411.35661741462,1-right,unknown,0
10473.822666074899,hp-left,unknown,30
10551.011509306103,6-left,unknown,0
10595.25029186455,6-right,unknown,0
10649.265897104407,3-right,unknown,0
10692.942038671643,6-right,unknown,0
10740.705909692906,crest,unknown,0
10792.458114931243,2-left,unknown,0
10827.136615411895,6-left,unknown,0
10856.723244936124,6-right,unknown,0
10890.71228328909,2-left,unknown,40
10931.7867711469,3-right,unknown,0
10981.057375032542,crest,unknown,40
11015.990508730061,4-right,unknown,0
11068.211242067471,crest,unknown,80
11109.093009740962,3-left,unknown,0
11187.236354276787,square-right,unknown,0
11217.750670568594,slight-left,unknown,100
11281.031616642129,slight-right,unknown,40
11368.53767445768,3-left,unknown,0
11427.717659694801,1-right,unknown,0
11459.617037002685,square-left,unknown,30
11500.569827568172,4-left,unknown,0
11550.019094774358,3-right,unknown,30
11591.351898252593,jump,unknown,80
11676.171656725044,6-left,unknown,0
11762.839271242261,6-right,unknown,0
11814.902273676042,4-left,unknown,0
11878.060923959856,crest,unknown,0
11911.337828943373,square-right,unknown,0
11938.451031610612,crest,unknown,0
11958.48779173577,5-right,unknown,90
12026.366130253919,5-left,unknown,50
12152.093874966755,5-right,unknown,0
12224.60988753999,crest,unknown,30
12271.527157246717,jump,unknown,60
12325.670733716137,3-right,unknown,40
12403.722027470714,2-left,unknown,100
12538.715766427167,5-right,unknown,70
12600,finish,unknown,0