0,2-right,unknown,0
15.742828168869023,6-left,unknown,0
43.170571012496936,4-right,unknown,0
83.86414324760432,5-left,unknown,0
118.58046456336967,slight-right,unknown,0
166.78540032386758,hp-left,unknown,40
238.77979275703433,slight-right,unknown,70
287.2079194927216,slight-left,caution,0
367.65781950950634,4-right,unknown,0
415.50701964378374,square-right,unknown,80
475.8244518756866,3-right,unknown,0
550.5889171504975,2-left,unknown,50
613.4415681934356,6-left,unknown,0
661.1024022006985,1-right,unknown,0
706.0827324199678,hp-left,unknown,40
751.6193895435338,crest,unknown,30
805.7900555037154,5-right,unknown,0
871.7020399855274,crest,unknown,0
909.3259722136161,4-left,unknown,0
982.0639843367239,2-left,unknown,30
1018.4312137411739,2-right,unknown,0
1059.4253710936216,6-right,unknown,40
1108.2144091986322,crest,unknown,40
1186.025033569207,1-left,dont-cut,0
1236.237914314141,5-right,unknown,0
1316.3314385533695,crest,unknown,0
1357.2227185655004,1-right,unknown,90
1404.7786847710975,2-right,unknown,0
1480.5568221879357,2-left,dont-cut,0
1498.7589476704961,square-left,unknown,0
1517.9793282246958,square-right,unknown,30
1543.8407668328657,3-right,unknown,0
1573.4048123288526,slight-left,unknown,30
1607.2105042195697,3-right,unknown,0
1647.690212795771,4-left,unknown,0
1687.7703880048168,5-right,unknown,60
1729.1774158215894,crest,unknown,0
1815.3694980740922,hp-left,unknown,0
1862.8720779157059,crest,unknown,0
1901.534457676449,5-right,unknown,0
1960.7300859380134,6-left,unknown,0
2010.0413285375037,crest,unknown,30
2066.451783363859,crest,unknown,0
2134.532501251737,6-right,unknown,100
2200.001955368559,6-left,unknown,40
2421.327931587738,slight-left,unknown,0
2549.0405633855257,crest,unknown,0
2647.835784714258,crest,unknown,0
2720.8387469029776,square-right,dont-cut,0
2788.596468155416,3-left,unknown,30
2835.3263204217233,crest,unknown,60
2873.153517401246,crest,unknown,60
2901.4828087830833,3-right,dont-cut,0
2993.0603990769655,4-left,unknown,0
3023.896146338013,crest,unknown,40
3066.3472602677607,6-left,unknown,0
3117.335725348022,4-left,unknown,0
3176.9966588044417,square-right,dont-cut,40
3257.129183657189,1-left,unknown,30
3323.924010527153,1-right,unknown,0
3381.424737284201,4-left,unknown,0
3444.845138437766,slight-right,caution,0
3526.608538286708,3-right,unknown,0
3574.7519114327656,4-left,widen,50
3624.641609041713,5-left,unknown,0
3717.047356417202,4-right,unknown,0
3768.696871492885,4-left,unknown,0
3805.237068827172,2-right,unknown,0
3827.8344073510366,2-left,unknown,30
3851.1425988030637,2-right,unknown,0
3902.100458452722,2-left,unknown,0
3955.1964691186135,square-right,unknown,30
3994.933201792257,crest,unknown,0
4031.76261768581,3-right,unknown,0
4075.277174761311,5-left,unknown,0
4107.293762400165,4-right,unknown,70
4181.992683203237,5-left,unknown,40
4268.785178244131,3-right,unknown,0
4344.815434591786,bump,unknown,60
4409.261638090623,3-left,caution,0
4497.843853628642,1-left,unknown,0
4547.608389856824,1-right,unknown,40
4597.8107800507605,bump,unknown,0
4647.496109602458,6-left,unknown,0
4686.048724081526,2-right,unknown,0
4721.442184641368,bump,unknown,40
4751.7135609650695,2-left,unknown,0
4802.980089170942,1-left,unknown,30
4858.004229662423,crest,unknown,0
4901.948819983014,square-right,unknown,60
4967.617395670425,3-left,unknown,0
5050.552691576483,slight-left,unknown,0
5120.568143026828,slight-right,unknown,0
5159.753702166078,2-right,unknown,0
5188.540784742826,2-left,unknown,0
5215.202670462123,slight-right,unknown,40
5249.581534769524,6-left,unknown,40
5316.103784143913,1-left,unknown,0
5391.014917223443,1-right,widen,0
5429.044351980672,slight-left,unknown,50
5478.309864466174,6-left,unknown,130
5616.84188913582,2-right,unknown,0
5745.975265181051,crest,unknown,0
5791.648100397572,4-left,unknown,100
5879.293087770919,3-left,unknown,0
5978.505712854845,2-right,unknown,0
6008.242131121143,crest,unknown,0
6045.8572993492935,slight-right,unknown,0
6118.5022120118,5-right,unknown,30
6174.925006010519,4-left,unknown,0
6231.397420980913,4-right,unknown,50
6285.013637068256,hp-left,unknown,0
6363.079882528768,3-right,unknown,0
6392.535140984042,3-left,unknown,40
6429.984869282228,3-right,unknown,0
6481.7129394650265,1-left,dont-cut,0
6531.667971565704,2-right,unknown,0
6566.400036613929,1-left,unknown,30
6591.681859161843,6-right,widen,0
6641.125255653847,crest,unknown,0
6687.828772404181,4-right,unknown,40
6763.1758791851935,2-right,unknown,30
6833.233514854906,2-left,unknown,30
6878.827523968224,6-left,unknown,0
6931.219794018271,4-right,unknown,0
6994.853230450155,square-left,unknown,0
7043.208662149912,square-right,unknown,30
7076.437533171729,slight-left,unknown,60
7111.45205158527,2-right,unknown,0
7142.784638388714,6-left,unknown,0
7165.769692996102,slight-right,unknown,0
7195.623914568981,5-left,unknown,40
7246.6066262465265,bump,unknown,0
7310.693262045929,6-right,unknown,0
7351.759960539882,4-left,unknown,30
7391.4258054190295,1-right,unknown,0
7496.479923461032,1-left,unknown,0
7522.640245802948,6-left,unknown,40
7562.206870701861,6-right,caution,0
7623.7069514399245,1-left,unknown,40
7661.394758523055,1-right,unknown,40
7714.461416504926,square-left,unknown,50
7819.385606072493,crest,unknown,0
7881.467287400315,slight-right,unknown,0
7913.338168862415,square-right,unknown,0
7939.958485215262,4-left,unknown,30
7985.550739243578,4-left,unknown,0
8047.950866787987,2-left,unknown,0
8082.043141148647,1-right,unknown,0
8108.275434163166,1-left,bridge,0
8137.489692881658,4-left,unknown,0
8173.766553910332,slight-right,unknown,0
8218.15177199658,6-left,unknown,0
8298.413727181507,5-left,unknown,0
8340.051170075489,2-left,unknown,0
8380.70940806681,slight-right,unknown,40
8423.865628102361,6-right,unknown,30
8479.194924481455,crest,unknown,0
8544.039912865686,2-right,unknown,0
8576.882525628147,slight-left,unknown,0
8618.625334389739,slight-right,unknown,0
8656.676048539222,2-left,unknown,0
8687.461152966565,4-right,unknown,0
8707.676806691243,1-left,unknown,0
8747.776579506946,square-left,widen,0
8771.784584010198,5-right,unknown,0
8796.201146128718,water-splash,unknown,0
8825.244493296694,hp-left,unknown,0
8846.285550959654,4-right,unknown,0
8867.383023703644,4-left,unknown,0
8897.640336974227,4-right,unknown,30
8926.507213824358,3-right,unknown,0
8956.847485831351,3-left,unknown,40
8988.335111277678,5-right,unknown,0
9048.512287619686,dip,unknown,0
9082.968736823173,3-right,unknown,30
9116.968875449269,6-left,unknown,0
9167.741608241156,slight-left,unknown,0
9205.718297617983,acute-hp-right,unknown,0
9276.229564173758,slight-right,unknown,140
9400.874298346584,4-left,unknown,50
9549.633708766054,crest,unknown,0
9600.66087511355,jump,unknown,0
9651.154262183247,jump,unknown,0
9705.122224753452,bump,unknown,50
9757.613175910074,1-left,unknown,0
9848.645127614107,slight-right,unknown,0
9870.605630753607,1-right,unknown,0
9907.72809907255,square-left,unknown,0
9932.97645030317,hp-right,unknown,0
9972.50558310803,6-left,unknown,0
10005.947357791025,hp-left,unknown,0
10035.877051909525,slight-right,unknown,0
10063.905672267052,square-right,unknown,0
10102.47923094091,4-left,unknown,0
10128.32669342336,jump,unknown,30
10172.324742663472,4-left,unknown,0
10215.466953871812,3-right,unknown,0
10272.07973364171,crest,unknown,0
10301.466394961435,square-right,unknown,0
12350,finish,unknown,0