0,straight,unknown,30
0,square-right,unknown,0
21.26426362991333,bridge,unknown,40
50.19072063446049,square-left,unknown,0
121.04051004409803,5-right,unknown,80
182.22531839370734,3-right,unknown,0
268.8647824287417,crest,unknown,130
352.5874554824834,4-left,unknown,0
453.35744365692227,4-right,unknown,0
497.96068729400747,water-splash,unknown,0
525.7152632522593,slight-left,unknown,0
557.062418117524,slight-right,unknown,0
590.5254684448253,3-left,unknown,50
619.922484989167,slight-right,unknown,0
658.3437973976144,crest,unknown,0
692.5551378059392,5-right,unknown,0
725.0548899078369,4-left,unknown,0
757.9865088081359,4-right,unknown,40
857.6843017292014,slight-right,caution,0
905.9454936504355,3-right,unknown,30
961.8375784587859,5-right,unknown,0
1017.3958627986914,4-left,unknown,0
1050.7896308612826,square-left,unknown,30
1110.0468181514739,crest,unknown,0
1161.939318113325,4-right,unknown,0
1203.99458222389,3-left,unknown,50
1291.5337159384003,crest,unknown,0
1347.2453523100132,3-right,unknown,0
1381.105039733719,3-right,unknown,50
1505.5589516104003,hp-right,unknown,0
1547.165866798237,hp-left,unknown,0
1580.2842762792852,hp-right,unknown,0
1614.7669255483902,3-left,unknown,0
1687.988807462883,5-right,unknown,0
1718.6225987092982,hp-left,unknown,40
1797.2585213605896,3-right,unknown,30
1837.2223049299243,3-left,unknown,60
1949.992382902337,6-right,unknown,80
2056.3294546262755,hp-right,unknown,60
2195.3938260969812,3-left,unknown,30
2250.766036694974,2-left,unknown,0
2316.285475858184,4-right,unknown,50
2372.1774887785623,4-right,unknown,60
2453.089250634642,3-left,unknown,0
2524.295075810881,crest,unknown,0
2570.9349308523833,slight-right,unknown,0
2613.8051816687284,3-left,unknown,0
2660.6021614203146,4-right,unknown,0
2746.042691834894,acute-hp-right,unknown,0
2820.068997300588,crest,unknown,70
2856.9393663248647,6-left,unknown,50
2934.0259754595427,1-right,unknown,40
3025.89999023768,crest,unknown,120
3122.5446596941642,2-left,unknown,0
3223.729928096263,3-right,unknown,50
3286.959832099405,crest,unknown,0
3353.442453559367,square-right,unknown,90
3423.7156598696433,3-right,unknown,0
3489.5081831011535,3-left,unknown,0
3527.220151332355,6-left,unknown,50
3568.7704104647382,3-right,unknown,90
3658.539192088575,6-left,unknown,0
3751.1683415255284,crest,unknown,160
3892.797874263262,3-left,unknown,60
4053.674791682699,3-right,unknown,0
4150.844039653278,6-left,unknown,60
4213.029192851517,square-left,unknown,0
4295.183310855364,crest,unknown,0
4345.174234492522,3-left,unknown,0
4413.958266799193,5-right,unknown,0
4454.08920510028,2-left,unknown,0
4492.886138465151,4-right,unknown,0
4538.838405825839,4-left,unknown,0
4576.547475096923,square-left,unknown,0
4615.163215415222,square-right,unknown,0
4648.596400077087,2-right,dont-cut,0
4679.108579365951,3-left,unknown,60
4750.773659827456,1-left,unknown,0
4792.335736033661,6-left,unknown,0
4863.986384024365,1-right,unknown,0
4887.590469274267,square-right,dont-cut,30
4912.171664581047,crest,unknown,0
4951.993587350598,5-left,unknown,0
4992.703233575573,2-left,unknown,30
5080.741536912673,2-right,unknown,0
5132.325607652415,5-left,unknown,0
5188.226627969499,4-left,unknown,30
5256.747713479759,crest,unknown,30
5295.562181215048,crest,unknown,30
5333.997544660332,acute-hp-right,unknown,0
5392.1492848870785,1-left,unknown,0
5429.794639136557,5-right,unknown,50
5463.9851353333015,2-right,unknown,0
5535.585540168052,4-left,unknown,80
5601.7452755806435,1-left,unknown,0
5681.070570113415,5-left,unknown,0
5732.878990485429,slight-right,unknown,70
5763.098116023308,crest,unknown,40
5839.916752345324,1-right,unknown,0
5904.683337237594,6-left,unknown,0
5968.595682713737,6-right,unknown,0
5999.062314870113,3-left,unknown,0
6036.32029821133,slight-right,unknown,0
6073.225871808282,2-left,unknown,60
6141.951380669828,crest,unknown,50
6204.23652408338,4-right,unknown,70
6288.453834225896,crest,unknown,150
6424.861711995365,crest,unknown,50
6555.029919621709,slight-right,unknown,0
6682.802689969307,jump,unknown,0
6755.597558629286,slight-left,caution,0
6823.798471677077,slight-right,unknown,0
6885.086972081437,jump,unknown,0
6970.103909985795,slight-left,unknown,150
7082.688928754106,slight-left,unknown,0
7221.551476704851,crest,unknown,0
7285.958779675739,hp-right,narrow,40
7357.081559130931,slight-left,unknown,50
7401.596468779824,square-left,unknown,100
7511.178392283704,slight-left,unknown,70
7621.525623137736,crest,caution,0
7742.368526122354,1-left,unknown,30
7780.68527725914,crest,unknown,0
7824.296362998277,1-right,unknown,30
7856.948976905138,slight-left,unknown,0
7898.5412231324035,square-right,unknown,30
7942.998111922537,6-left,unknown,0
7996.323332526484,jump,unknown,0
8079.682498748106,3-right,unknown,0
8133.98067215663,crest,unknown,40
8198.160432078672,6-right,caution,0
8271.902450206115,crest,unknown,0
8326.212244708366,4-left,unknown,0
8374.534036452593,square-right,unknown,0
8390.906650636029,1-left,unknown,40
8480.578007939546,5-left,unknown,0
8545.916962521775,4-right,unknown,50
8611.917685368757,5-right,unknown,60
8727.38607648204,finish,unknown,0
