0,square-right,unknown,0
21.17303091049195,square-left,bridge,0
39.626185541152964,2-right,unknown,30
76.64663269996645,6-left,unknown,80
146.5740885066987,6-right,unknown,0
238.1283029842379,square-left,unknown,0
293.15569342613253,2-right,unknown,80
357.55834882240737,crest,unknown,0
418.88470929603994,4-left,unknown,0
457.6241686389964,crest,unknown,0
490.08503293495596,3-left,unknown,0
531.3896230075877,2-right,unknown,0
590.6237752864878,5-left,unknown,0
619.459509177021,6-right,unknown,0
651.9882541988409,3-right,unknown,40
690.0975605533638,5-left,unknown,40
751.3203349445387,3-left,unknown,0
818.3647048328443,slight-left,unknown,0
855.4346258304639,6-right,unknown,0
892.2769558857009,square-right,unknown,30
979.0224272296955,1-left,unknown,70
1065.799598831943,1-right,unknown,0
1128.368401017003,6-right,unknown,0
1166.1071983955437,crest,unknown,30
1211.5707933471733,hp-left,unknown,0
1276.7181944130014,5-right,unknown,0
1321.638276943979,5-left,bridge,40
1352.7265136001681,crest,unknown,0
1416.5626262329197,4-left,unknown,0
1450.6020270393476,6-right,unknown,30
1486.8858284996138,water-splash,unknown,0
1528.7761212394812,4-right,unknown,0
1562.4185018585297,1-right,unknown,40
1618.6934967849822,crest,unknown,0
1664.0162556694127,4-left,unknown,30
1698.795683712778,1-right,unknown,0
1754.577131199654,crest,unknown,30
1781.1927631424037,slight-left,unknown,0
1865.6430276535125,4-right,unknown,30
1953.333926358041,crest,unknown,0
2002.0465744636624,3-left,unknown,50
2039.5271793220586,square-left,caution,0
2109.419009766395,6-right,unknown,0
2146.7231624267642,4-right,unknown,0
2204.1481108520584,4-left,unknown,0
2268.729256768042,acute-hp-right,unknown,0
2319.7735435817754,4-right,unknown,0
2342.5529662464155,1-left,unknown,0
2400.7018263958003,square-left,unknown,80
2449.7398361442583,5-right,unknown,0
2515.0917779205356,1-left,dont-cut,0
2544.7503059242254,crest,unknown,0
2580.5438351104726,2-right,unknown,0
2606.806904797359,3-left,unknown,30
2640.4179599807712,6-left,unknown,0
2712.42157865982,6-right,unknown,0
2755.691650872038,3-left,unknown,0
2795.9118249748185,2-right,unknown,0
2841.162602925103,crest,unknown,40
2868.6402648780745,3-right,unknown,0
2932.324689163965,4-left,unknown,0
2982.605106968685,crest,unknown,0
3037.680554756926,slight-left,unknown,70
3076.3367443702696,6-right,unknown,50
3165.621280236054,square-right,unknown,40
3323.773507275395,square-left,unknown,60
3370.5792948196454,crest,unknown,0
3434.1916368148854,square-right,unknown,0
3466.4489839790417,bridge,unknown,40
3498.3247412918163,acute-hp-right,unknown,0
3535.1582603881907,1-right,widen,40
3567.8909312389455,5-right,unknown,80
3633.4915529010855,3-right,unknown,0
3715.6908234165276,crest,unknown,60
3760.6989347026924,2-right,unknown,0
3838.1840714405143,6-left,unknown,0
3874.9738462017135,5-right,dont-cut,0
3950.9076838062388,bump,unknown,0
4000.610031962215,3-right,unknown,0
4041.589425997552,crest,unknown,30
4075.6877980564186,6-left,unknown,70
4143.882775130085,6-left,unknown,30
4288.298239073565,5-right,unknown,0
4397.4369286106075,5-left,unknown,0
4446.703536391063,6-left,unknown,0
4531.090612349313,5-right,unknown,0
4594.6088850162405,slight-left,unknown,0
4658.355316824714,5-right,unknown,70
4770.445052981183,6-right,unknown,0
4869.389057650376,6-left,unknown,0
4920.364377703479,1-left,unknown,0
4963.516994509509,bridge,unknown,0
4998.7774466655765,3-left,unknown,40
5021.055077042391,hp-right,unknown,50
5105.737692074601,6-left,unknown,0
5161.965171437088,slight-right,unknown,0
5213.979022335828,crest,unknown,0
5263.02020302278,slight-left,unknown,0
5316.833946919264,jump,unknown,50
5373.691491169752,crest,unknown,50
5448.9873868225195,slight-left,unknown,40
5520.51312721711,hp-left,unknown,30
5574.38071066361,crest,unknown,0
5615.78222701531,slight-right,unknown,0
5671.531672205733,crest,unknown,60
5724.845769953537,crest,unknown,0
5811.434432749556,6-right,unknown,70
5909.5898285625435,slight-left,unknown,0
6049.508132738876,crest,unknown,30
6131.473456225203,jump,unknown,0
6173.260517916487,jump,unknown,0
6197.417216791914,5-right,unknown,0
6250.914649653247,4-left,unknown,0
6302.748612818531,crest,unknown,40
6355.487950892267,4-right,unknown,50
6422.753921580136,6-right,unknown,0
6495.5253755901485,3-left,unknown,90
6602.598488497555,3-right,unknown,120
6652.592705223925,finish,unknown,0
