0,straight,unknown,60
10.030296945571902,slight-left,unknown,0
64.60090525627142,slight-right,unknown,0
115.16849318504342,4-left,unknown,100
265.4345123577119,2-right,unknown,40
378.6999803447724,2-left,unknown,0
473.044317979813,1-right,unknown,0
532.2107356929782,3-left,dont-cut,0
601.051672391892,2-right,unknown,30
686.6265400981912,4-left,unknown,0
748.2221364116682,5-right,unknown,0
831.8125991344464,slight-left,unknown,50
882.898830595018,1-right,unknown,0
978.7073035335558,6-left,unknown,0
1008.2580065059672,slight-right,unknown,0
1051.6066676998157,6-left,unknown,0
1092.0875884532945,6-right,unknown,40
1140.4409674358394,5-left,unknown,0
1245.415068578723,6-right,unknown,60
1297.4775782299068,6-right,unknown,0
1383.7408843898806,6-left,unknown,0
1438.5326385402723,4-left,unknown,0
1483.642394552235,4-right,unknown,0
1526.0980619716693,crest,unknown,0
1571.5672490215345,6-left,unknown,0
1625.4491673183488,5-right,unknown,30
1677.6214000225125,3-left,widen,30
1718.3652003765167,4-left,unknown,0
1762.5290434169847,4-right,unknown,0
1801.7443439388355,crest,unknown,50
1838.5056302929006,hp-right,unknown,90
1963.3868661403742,4-right,unknown,0
2035.3450736141276,2-left,unknown,30
2104.9183028316547,6-left,unknown,0
2158.399145689015,crest,unknown,0
2199.118076353077,2-right,unknown,30
2235.7344126033827,3-right,unknown,0
2301.501139707573,slight-right,unknown,0
2347.2271456813864,3-left,unknown,0
2392.941377325064,1-right,unknown,40
2475.425055379874,slight-right,unknown,0
2524.122763338095,3-left,unknown,0
2587.113526353841,6-left,unknown,0
2698.285808324814,slight-right,caution,0
2794.125691061017,4-left,unknown,0
2838.162256231304,2-right,unknown,0
2873.295564355846,1-left,unknown,0
2907.029274644845,4-right,unknown,0
2953.1013860416338,6-left,unknown,0
2991.460408983223,4-right,unknown,0
3030.6337888812936,hp-left,unknown,0
3059.424405393593,1-right,unknown,30
3138.307305927267,2-left,caution,0
3225.297206153859,3-left,unknown,0
3285.710049495692,square-left,unknown,0
3341.4558687019303,6-right,unknown,0
3371.9885880470233,6-left,unknown,0
3403.3551531410176,5-right,unknown,0
3454.6748651885946,3-right,unknown,30
3490.6306157112062,acute-hp-right,unknown,0
3560.054170303337,4-right,unknown,0
3605.5534499740465,3-left,widen,30
3637.6458552169665,hp-right,widen,30
3712.9759420394757,5-right,unknown,0
3768.7112489127944,6-left,unknown,40
3809.9692769050403,3-left,unknown,0
3858.2250971793924,2-left,unknown,0
3916.7527213477915,1-right,unknown,0
3974.2835885619966,hp-right,widen,0
4024.28777528762,4-left,unknown,0
4071.016066455835,3-left,unknown,0
4142.743471794122,slight-right,bridge,0
4179.267251472464,crest,unknown,30
4217.769774169911,square-right,dont-cut,0
4273.354954013803,1-left,unknown,0
4312.444834375359,5-right,unknown,0
4339.911380643818,2-left,unknown,60
4418.564470243427,3-right,unknown,40
4495.041427221272,2-right,unknown,0
4595.4272705745425,6-left,unknown,0
4642.03740349767,2-left,unknown,30
4683.077951669668,slight-right,widen,40
4750.742306776022,5-left,unknown,0
4823.24889910696,6-right,unknown,60
4877.388220319726,3-right,caution,0
4988.800148153284,2-left,unknown,0
5046.4708131885345,3-left,unknown,60
5175.095392389274,crest,unknown,0
5230.551112642258,slight-right,unknown,0
5290.003201990095,5-left,unknown,50
5356.772812013597,3-right,unknown,0
5454.834390993092,3-left,unknown,0
5511.575585832567,2-right,unknown,30
5543.018184804886,1-left,unknown,0
5621.690552911728,crest,unknown,0
5661.1950642871525,6-left,unknown,0
5693.55308968541,4-left,unknown,40
5746.1919820499115,hp-right,unknown,50
5859.631484184236,6-right,unknown,0
5910.617042331671,crest,unknown,40
5997.036398181888,6-right,unknown,0
6082.80710981366,hp-left,unknown,0
6182.47274457929,6-left,unknown,60
6276.921560115786,4-right,unknown,0
6366.377152461982,crest,bridge,30
6414.930677089667,3-left,unknown,0
6478.515509433719,crest,unknown,0
6519.041351718876,5-left,unknown,0
6566.897705745673,hp-right,unknown,0
6617.095012245159,6-right,unknown,60
6673.81792043684,1-right,unknown,0
6761.836145267472,6-left,unknown,0
6787.781764049518,5-right,unknown,40
6829.097206878651,crest,unknown,0
6887.542188186632,2-left,unknown,0
6929.122530593859,crest,unknown,0
6963.4206735992275,4-left,unknown,0
6999.029265327436,6-right,unknown,0
7035.333259849529,4-right,unknown,40
7077.064538459762,4-right,unknown,60
7189.636615219104,jump,unknown,0
7249.5294618606395,jump,unknown,0
7294.217938728315,slight-right,unknown,60
7357.163580436691,2-left,unknown,30
7512.073941898331,5-right,unknown,0
7559.461173572527,3-left,unknown,0
7629.501101970668,6-right,unknown,0
7671.385493259428,4-right,unknown,50
7771.504780635832,slight-right,unknown,40
7952.821584224696,2-left,unknown,40
8000.482224903109,3-right,unknown,0
8071.253541841511,2-left,dont-cut,0
8110.154046182634,2-right,unknown,0
8262.911439504618,5-left,widen,60
8343.64308287621,slight-right,unknown,0
8431.51736315728,crest,unknown,0
8479.512092084891,5-right,unknown,0
8530.238003606793,3-right,unknown,30
8618.58382365226,1-left,unknown,0
8720.837711420047,crest,unknown,50
8739.782254462238,3-right,unknown,40
8798.653802180286,5-right,unknown,0
8889.9361490965,hp-left,unknown,30
8980.664351353671,5-left,widen,0
9018.010025467891,hp-right,widen,0
9064.279576630617,slight-right,unknown,0
9122.546731152548,5-right,unknown,0
9196.078610997201,6-left,unknown,0
9241.568448872564,3-right,unknown,30
9318.971962552061,square-left,unknown,0
9358.05802860736,3-right,unknown,0
9409.521344046587,2-left,unknown,0
9494.013672366124,crest,unknown,40
9534.931174521416,2-right,unknown,0
9590.992651305176,4-left,unknown,0
9649.912251105283,4-right,unknown,0
9746.548278002716,crest,widen,0
9787.46952535149,crest,unknown,0
9804.466938052146,1-left,unknown,0
9838.510059771515,1-right,unknown,30
9868.140311179142,hp-left,dont-cut,60
9946.59510467051,3-right,unknown,0
10026.08396704673,3-left,dont-cut,70
10064.395372667308,slight-left,unknown,50
10165.900386533729,slight-right,unknown,0
10284.030490598665,crest,unknown,0
10328.808987760538,crest,unknown,0
10347.735964879987,4-right,widen,50
10401.647504529945,5-left,widen,60
10529.122373037335,crest,unknown,70
10583.795436773291,crest,unknown,70
10620.701001348489,5-right,unknown,0
10716.399140233993,5-left,unknown,0
10789.904339475634,4-right,unknown,0
10846.546954030988,2-left,unknown,0
10911.884097280497,4-right,unknown,140
10990.276316709525,4-left,unknown,80
11135.291395177846,right-entry-chicane,unknown,350
11593.846067934048,crest,unknown,140
11796.634034318928,5-right,unknown,0
11994.945027132044,slight-left,unknown,120
12073.37233704568,slight-left,unknown,0
12229.541356687188,slight-right,unknown,100
12313.788055486331,left-entry-chicane,unknown,0
12465.180301322578,3-right,unknown,0
12502.500767068495,bridge,unknown,0
12540.276843862162,3-left,unknown,30
12612.225980500807,4-right,unknown,100
12781.193791207905,slight-right,unknown,50
12891.271894693002,crest,unknown,0
13012.225703248594,6-left,unknown,0
13080.575133485409,6-right,unknown,0
13189.246706208796,crest,unknown,40
13289.891650971977,square-right,unknown,0
13342.049533357222,square-right,unknown,0
13364.400657682021,1-right,unknown,0
13397.458929280834,square-left,widen,30
13440.635640954557,slight-left,unknown,0
13502.522781075873,square-left,unknown,0
13536.356839494145,4-right,unknown,30
13575.298501080917,crest,unknown,30
13611.236778802322,crest,unknown,30
13628.575141343526,1-left,unknown,0
13669.905956582485,2-right,dont-cut,0
13713.247129220425,1-left,unknown,0
13767.9842537207,1-right,unknown,0
13835.459803437643,slight-left,unknown,0
13893.017425050188,4-right,dont-cut,0
13930.352331933416,4-left,unknown,0
13971.424059037603,2-right,dont-cut,0
14002.251132001324,3-left,unknown,0
14105.114937577117,6-right,unknown,0
14168.224678845278,4-left,unknown,0
14234.249054875254,4-right,unknown,50
14289.72224497306,5-left,unknown,0
14365.9781110047,square-right,unknown,0
14400.869915413728,hp-left,unknown,0
14437.443345265281,4-right,unknown,60
14479.848192486661,5-right,unknown,0
14548.395338711642,3-right,widen,40
14651.063173928167,slight-left,unknown,0
14710.666830525306,2-right,widen,0
14751.588663620854,4-left,unknown,30
14778.782949871924,2-left,unknown,0
14838.228966298018,4-right,unknown,0
14876.577574524801,1-right,unknown,0
14910.971229329029,square-left,unknown,0
14944.622678522974,crest,unknown,60
14981.299681792165,3-left,unknown,30
15060.414418558974,hp-left,unknown,0
15111.947875227832,2-right,widen,0
15159.59423653117,6-right,unknown,0
15215.980909733695,slight-right,unknown,0
15255.200535111353,1-left,unknown,0
15287.85816627972,5-right,unknown,30
15330.46401398174,3-right,unknown,0
15385.806127476604,5-left,widen,0
15423.75404865732,slight-left,unknown,0
15487.87534256449,hp-right,unknown,0
15522.710193619632,slight-left,widen,0
15550.920544361968,crest,unknown,0
15586.300136017706,2-right,unknown,0
15623.803899903198,hp-left,widen,0
15652.287173485662,slight-right,widen,80
15715.67518489353,4-left,unknown,0
15786.353197741419,4-right,caution,0
15826.21187022677,1-left,unknown,0
15861.810836157701,2-right,unknown,0
15906.138561663542,2-left,unknown,0
15936.888856520558,4-right,widen,40
15992.086491141217,4-left,unknown,0
16049.281701521788,4-right,unknown,0
16109.267961249248,1-left,unknown,0
16148.629982218654,2-right,unknown,30
16188.675686659713,slight-right,unknown,0
16240.866237826243,3-left,unknown,0
16279.541728739649,6-right,widen,0
16311.900761122608,slight-left,unknown,0
16375.393225016505,1-right,unknown,0
16417.992648024447,hp-left,dont-cut,80
16515.200748410123,crest,unknown,0
16555.969588093667,crest,unknown,0
16571.069978260908,square-right,unknown,0
16631.9790993737,slight-right,unknown,0
16690.194870533818,1-left,unknown,0
16728.104161209936,6-left,unknown,0
16775.123144593104,slight-right,unknown,30
16812.89412872778,square-right,unknown,0
16867.83486889349,hp-left,unknown,50
16949.588734087814,2-right,bridge,0
17001.299043516967,slight-left,unknown,0
17026.62211932641,1-left,unknown,0
17058.058235239794,square-right,unknown,0
17094.389321360384,3-left,widen,0
17144.409797873308,1-right,unknown,40
17238.004011759593,2-left,unknown,0
17292.415407843448,6-left,unknown,0
17349.276590914582,2-right,unknown,0
17381.32261008726,2-left,unknown,0
17412.0982395314,4-right,widen,30
17457.953928980703,crest,unknown,0
17518.880068125596,2-right,unknown,40
17568.318125510104,4-right,unknown,0
17623.515803255923,3-left,unknown,0
17671.14032760133,2-right,unknown,0
17756.311583361534,6-left,unknown,50
17803.700340752515,crest,unknown,0
17872.09083208553,4-left,unknown,0
17930.57679979795,4-right,unknown,0
17993.28346998686,crest,unknown,0
18010.04038694853,3-left,unknown,0
18048.64001669402,5-right,widen,40
18084.0175012445,crest,unknown,40
18124.957652192068,crest,unknown,40
18135.71421465392,4-left,unknown,0
18238.80574011323,square-right,unknown,0
18307.408793396913,3-left,unknown,50
18393.84343788622,6-right,unknown,30
18480.3517115068,square-left,unknown,0
18591.29013182161,crest,unknown,50
18621.435390982595,6-left,unknown,0
18689.242624239883,4-right,unknown,0
18759.365728106462,5-left,unknown,0
18849.525880618054,crest,unknown,0
18861.688605647043,slight-left,unknown,0
18913.77403804299,1-right,unknown,0
18958.80584880349,4-left,unknown,0
18999.86236844536,2-right,unknown,0
19035.221131415336,crest,unknown,0
19068.77547576423,3-right,unknown,0
19103.91151729102,3-left,unknown,0
19156.725504393526,slight-right,unknown,0
19205.6519279241,4-left,unknown,40
19284.65012185568,slight-right,unknown,0
19362.78833783622,jump,unknown,100
19399.70294721123,jump,unknown,100
19553.664496092777,2-right,unknown,0
19620.26991168497,6-left,unknown,0
19674.72238774774,6-right,unknown,0
19727.823007979357,6-left,unknown,150
19854.009437308283,3-left,unknown,30
19993.730795149804,1-left,unknown,0
20042.395209994327,2-left,unknown,0
20054.48313134671,3-right,unknown,0
20094.64009789946,slight-left,widen,0
20138.875573649424,2-right,unknown,0
20171.97596532348,2-left,unknown,0
20236.69893929963,1-right,unknown,0
20309.981328883205,3-left,unknown,0
20364.686090178537,5-right,unknown,0
20404.773544821786,4-right,caution,0
20465.58673944003,3-right,unknown,0
20520.087967295698,5-left,unknown,60
20554.624204878863,slight-left,widen,0
20684.701993689603,3-left,unknown,0
20730.11991986759,5-right,unknown,30
20790.061641821958,hp-right,unknown,0
20860.657932620135,6-left,widen,30
20914.976497073272,crest,unknown,0
20958.010542788594,6-right,unknown,30
21010.617350573644,3-right,unknown,40
21087.261641841036,6-right,unknown,0
21125.660627245998,6-right,unknown,0
21174.078200984077,5-left,unknown,40
21215.559752879202,1-left,unknown,30
21311.096985621523,3-right,unknown,0
21365.26808028704,6-left,unknown,0
21430.59640822898,square-right,unknown,0
21464.459888377325,square-right,unknown,0
21528.390818438675,2-left,unknown,0
21573.812381663476,slight-right,unknown,0
21625.582196974894,2-left,unknown,50
21688.603930449615,4-right,unknown,0
21789.05846288217,crest,unknown,70
21825.549765410553,6-left,dont-cut,0
21921.63659417642,4-right,unknown,0
21970.025957923055,3-left,unknown,100
22100.150174945524,3-right,unknown,0
22190.888649181044,crest,unknown,0
22291.582178691544,2-right,unknown,0
22331.310030292192,slight-left,unknown,0
22363.848129600192,6-right,unknown,0
22429.916464179685,2-left,unknown,0
22482.267058471378,3-right,unknown,0
22524.749083713225,4-left,unknown,0
22588.34733652464,3-right,unknown,0
22717.394565299626,1-left,unknown,0
22783.024989493973,crest,unknown,40
22806.8481759869,3-right,unknown,0
22853.57450888028,4-left,unknown,0
22919.19343054166,slight-right,unknown,0
22958.42827785839,4-left,unknown,0
22993.825045894286,slight-left,unknown,30
23045.600384639394,4-right,unknown,0
23138.15029705392,3-right,unknown,0
23182.781634124385,2-left,unknown,40
23280.43679842338,square-right,unknown,0
23351.939637473675,3-left,unknown,0
23398.072365325548,4-right,unknown,0
23473.80737289771,crest,unknown,0
23493.13122310982,1-left,unknown,40
23536.003173431025,1-right,unknown,30
23585.423468631398,4-left,unknown,0
23634.71347711911,5-left,unknown,40
23694.272530788076,crest,unknown,0
23787.855603488562,4-right,unknown,0
23841.005786098114,4-left,unknown,0
23880.42932644235,6-right,unknown,0
23924.771471904376,4-right,unknown,0
23970.038695491414,4-right,unknown,0
24001.794069522493,2-left,dont-cut,0
24048.356296371094,4-right,unknown,40
24105.34230585444,2-right,caution,40
24185.27519750942,4-right,unknown,0
24258.02193592416,4-left,dont-cut,0
24299.750992625828,5-right,unknown,0
24350.02493175852,5-left,unknown,0
24389.659329570397,6-right,unknown,0
24435.57020523415,hp-left,unknown,50
24530.76325796469,3-right,unknown,0
24583.80264351233,2-left,unknown,0
24620.82888729437,2-right,unknown,0
24651.581501563636,3-left,unknown,0
24703.961418861007,crest,unknown,0
24736.02498218879,slight-left,unknown,0
24779.803025973895,6-right,unknown,30
24828.74744377482,5-left,unknown,0
24889.76830124245,crest,unknown,0
24938.473059733962,3-right,unknown,0
24976.93303074226,5-left,unknown,0
25008.19773016319,hp-right,dont-cut,0
25100.76021764145,crest,unknown,0
25125.283746532048,slight-right,unknown,0
25168.652886184285,3-right,unknown,0
25271.29172460898,2-left,unknown,0
25330.596535800534,3-right,unknown,0
25372.615076201986,4-left,unknown,0
25406.469867690637,5-right,unknown,0
25446.899680083843,3-left,unknown,0
25487.891651023474,1-right,unknown,0
25563.6957293354,crest,unknown,0
25587.42196340905,6-right,unknown,0
25621.792157176584,3-left,unknown,40
25688.036233256924,hp-right,unknown,0
25782.776259978866,slight-left,unknown,0
25841.78963957178,hp-left,unknown,0
25871.22509397851,5-right,unknown,0
25915.898055137244,6-left,unknown,0
25966.47635004386,crest,unknown,0
26016.760606063483,crest,unknown,0
26044.96933771477,slight-left,unknown,0
26089.503678763976,3-right,unknown,0
26126.887416328074,crest,unknown,0
26159.042498458497,1-right,unknown,0
26194.287504790904,square-right,unknown,0
26214.981520045872,4-left,unknown,90
26283.927527526517,4-left,unknown,0
26372.149768890038,1-right,unknown,0
26428.767510093337,2-left,dont-cut,0
26477.01895935403,4-right,widen,0
26522.072103198625,3-left,unknown,0
26570.508180678953,slight-right,unknown,0
26626.105270541764,jump,unknown,50
26697.33026523935,2-left,unknown,30
26778.824012683504,3-right,unknown,0
26843.780980151783,3-left,unknown,0
26899.11152912487,3-right,unknown,0
26961.23711759914,3-left,unknown,80
27076.947238906527,square-right,unknown,0
27173.72070616117,6-left,unknown,0
27234.772573245675,3-left,unknown,0
27296.29159166684,crest,unknown,0
27339.432635730416,3-right,unknown,0
27370.038847068456,2-left,unknown,0
27427.943964484853,2-right,unknown,40
27543.88337644923,slight-left,unknown,0
27607.24630825387,6-right,unknown,100
27674.396180575943,5-left,unknown,30
27776.487074588407,crest,unknown,80
27818.222054484962,crest,unknown,80
27855.597927745464,1-right,unknown,0
27966.1757250439,crest,unknown,0
27997.144801238668,3-left,unknown,0
28063.067035621287,crest,unknown,0
28105.4282766949,3-right,unknown,0
28181.992541335712,hp-left,unknown,30
28277.99900886879,6-right,unknown,0
28319.41460682257,2-left,unknown,0
28366.392945331194,1-right,unknown,0
28420.09263401376,slight-left,unknown,0
28453.321760486248,6-right,unknown,0
28510.32069017757,crest,unknown,0
28546.296505797996,crest,unknown,0
28588.36116640438,4-left,unknown,0
28639.284872382777,6-left,caution,0
28702.869511321675,3-right,unknown,0
28749.7790450512,slight-left,unknown,60
28794.04267895087,5-left,unknown,40
28880.989176066956,6-left,unknown,0
28995.376358874888,3-right,unknown,40
29101.16507610663,slight-left,unknown,0
29188.014597819838,2-right,widen,0
29290.68980306962,2-left,dont-cut,0
29365.53693156578,3-right,unknown,0
29424.891316751004,crest,unknown,40
29481.75276408527,crest,unknown,0
29563.933618997064,6-right,unknown,50
29630.38299479813,acute-hp-left,unknown,30
29737.015792873804,6-left,unknown,0
29777.435269525948,dip,unknown,0
29823.736160410353,5-right,unknown,0
29868.070178202102,5-left,unknown,0
29914.344857386073,slight-right,unknown,40
29963.211340921833,6-left,unknown,50
30050.54568673942,crest,unknown,0
30151.47695764396,5-right,unknown,0
30203.964003656834,5-left,unknown,0
30264.741508806677,4-right,unknown,0
30313.84087667319,crest,unknown,0
30379.646024073107,5-left,unknown,30
30426.15029760215,crest,unknown,0
30472.278367632385,crest,unknown,0
30520.043762491696,5-right,unknown,40
30568.175324305037,4-left,unknown,0
30645.38480993123,3-right,unknown,0
30718.51811834188,4-left,unknown,40
30779.700872639096,3-right,unknown,0
30862.444433010503,5-left,unknown,0
30906.156880291383,slight-right,unknown,0
30959.558343952584,crest,unknown,50
31004.163683155468,hp-right,unknown,40
31080.331742285187,2-left,unknown,30
31123.895426472125,1-left,unknown,40
31178.745699833307,hp-right,unknown,70
31280.945671661768,crest,unknown,0
31338.019278133776,5-right,unknown,0
31379.07252531851,3-left,unknown,0
31442.15680868948,4-right,unknown,0
31485.859879978532,slight-left,unknown,0
31538.939449718826,crest,unknown,40
31578.710453899734,4-right,unknown,0
31669.14335728489,2-right,unknown,0
31715.632388532977,4-left,unknown,0
31766.35521070324,6-left,unknown,0
31805.807976244298,jump,unknown,30
31878.03981056058,3-right,unknown,0
31934.082182463048,6-left,unknown,0
31984.737404917123,2-right,unknown,0
32020.51854015197,1-left,unknown,0
32063.630118673736,3-right,unknown,0
32109.499125364713,4-left,unknown,40
32146.095757788094,3-right,unknown,0
32221.518749922205,1-left,unknown,0
32261.767852877056,3-right,unknown,0
32289.90380147785,slight-left,unknown,0
32321.504963968677,hp-left,unknown,0
32372.222329691274,5-right,unknown,0
32422.048086927818,6-left,unknown,0
32456.301997126004,crest,unknown,0
32488.399566057575,slight-right,unknown,0
32551.131556490327,2-left,unknown,0
32589.034988191946,3-right,unknown,0
32624.443557852133,4-left,unknown,0
32674.47547862851,crest,unknown,0
32727.98264362179,2-right,unknown,0
32766.09111350858,slight-left,unknown,30
32802.53320768202,4-left,unknown,0
32867.95257436599,3-right,unknown,30
32920.31826299513,3-left,unknown,0
32995.40340082013,slight-left,unknown,30
33047.51961410367,square-right,unknown,0
33104.67466531599,square-right,unknown,0
33162.43348272171,crest,unknown,30
33211.84833785859,4-right,unknown,0
33259.164296720905,2-left,unknown,0
33305.3917871269,6-left,unknown,40
33358.02143424834,4-right,unknown,40
33427.195910833725,5-left,unknown,0
33510.14646438444,3-right,unknown,0
33546.59240794982,3-left,unknown,30
33594.63670961228,5-right,unknown,0
33669.77729009479,crest,unknown,0
33712.01012723774,crest,unknown,0
33757.65015355919,4-right,unknown,0
33806.759349115804,2-left,unknown,0
33857.36406099169,5-right,unknown,0
33890.65773874129,4-left,unknown,30
33927.822163980854,4-right,unknown,0
33984.389910410326,4-left,unknown,0
34027.548418882754,3-left,unknown,0
34061.96775804371,6-left,unknown,0
34109.44147321553,crest,unknown,0
34174.803062189516,slight-right,unknown,50
34254.64426725241,6-left,unknown,120
