0,straight,unknown,40
0.629537525177002,crest,unknown,0
41.05452734947208,crest,unknown,0
91.38084441184996,6-left,unknown,0
134.3400631618499,5-right,unknown,60
183.84343047142013,crest,unknown,70
270.4369740581511,6-right,unknown,50
367.7975630474088,6-right,unknown,80
538.8197947978977,3-right,unknown,0
656.445384893418,crest,unknown,0
691.7451253986363,crest,unknown,0
716.5756892108924,3-left,unknown,30
756.4730589771282,4-right,unknown,0
804.432037591935,6-left,unknown,0
844.4995938587194,2-right,unknown,30
882.4651731586464,4-left,unknown,0
920.1446712589276,6-left,unknown,0
958.286159296037,4-left,unknown,40
1017.6436726093308,3-right,unknown,0
1113.3165441608458,3-left,unknown,0
1173.108731584552,5-right,unknown,40
1211.498591852192,4-left,unknown,30
1287.1039077091261,6-right,caution,0
1361.5022108173423,3-right,unknown,0
1423.1075797367148,3-left,unknown,0
1456.8237301349689,crest,unknown,0
1517.1790080547385,slight-left,unknown,0
1560.835039815908,hp-left,dont-cut,30
1594.740526857381,slight-left,unknown,0
1654.1726932048844,slight-right,unknown,0
1692.0751446056408,3-right,unknown,0
1729.2163937282603,3-left,unknown,0
1781.2551645183605,3-right,unknown,30
1857.9153631115005,crest,unknown,0
1917.4324996852927,3-left,unknown,0
2008.065628271106,3-right,unknown,0
2053.926672887805,3-left,unknown,0
2097.2968478679677,1-right,unknown,0
2160.7524468135853,slight-left,unknown,40
2189.5477879238147,crest,unknown,0
2238.4837032032046,6-right,unknown,0
2283.4958343982757,5-left,unknown,180
2381.6840305233036,crest,unknown,0
2413.6209624290527,4-left,unknown,0
2451.945548191078,2-right,unknown,0
2486.678017501838,3-left,unknown,40
2524.2567376899774,4-right,bridge,0
2593.4952245140125,4-left,unknown,0
2634.5392067527832,3-right,unknown,0
2670.2897488975595,2-left,unknown,0
2723.9256476783835,6-right,unknown,0
2749.5663096618746,2-left,unknown,0
2801.688258476264,crest,unknown,0
2851.5442800331207,6-right,unknown,0
2889.7967593193157,3-right,unknown,0
2951.898146266949,2-left,unknown,30
3004.9606406021217,square-right,unknown,0
3074.445304813395,6-left,unknown,30
3122.007574596413,crest,unknown,0
3153.923118705759,crest,unknown,0
3195.194472503672,3-left,unknown,0
3245.453456954967,4-right,unknown,0
3285.301895828257,5-left,unknown,90
3392.880271968853,hp-left,unknown,40
3509.140090665828,square-right,unknown,30
3556.0521005535234,2-right,unknown,0
3611.271721525201,hp-left,unknown,30
3696.0441911602097,crest,unknown,0
3737.6149209594832,6-left,unknown,0
3778.590259437573,6-right,unknown,0
3824.1256967163213,3-left,unknown,40
3870.5409799194463,3-right,unknown,0
3936.16626739503,crest,unknown,0
3985.8071914672933,2-left,unknown,0
4023.3324407959035,6-right,unknown,40
4071.1745396232645,5-left,unknown,0
4162.182102336891,crest,unknown,40
4206.025586414346,5-right,unknown,30
4259.950141048439,crest,unknown,0
4349.622714824682,3-left,unknown,0
4401.403463497167,4-right,unknown,0
4445.30992937088,6-left,unknown,0
4508.73025915146,crest,unknown,40
4576.934039020536,6-right,unknown,0
4636.068703289032,5-left,unknown,0
4746.114741802213,4-right,unknown,0
4802.459176464079,5-left,unknown,0
4853.9048329734715,crest,unknown,0
4916.064061985009,5-right,unknown,40
4967.842494983667,acute-hp-right,unknown,30
5037.660677132595,6-left,unknown,0
5083.420233302108,crest,unknown,50
5149.487880053506,slight-right,unknown,0
5238.86404365061,3-left,unknown,0
5298.251621203404,2-right,bridge,0
5367.227738718972,2-left,unknown,0
5456.65462997912,crest,unknown,0
5482.808187108026,slight-right,unknown,40
5524.305869870171,3-left,widen,0
5591.169450612049,6-right,unknown,50
5722.950320057847,4-right,unknown,60
5834.07582779405,crest,caution,0
5874.846124424911,crest,caution,0
5925.921136860823,3-left,unknown,0
5978.685081143357,6-right,unknown,0
6023.649851574876,4-right,widen,0
6088.721410794236,crest,unknown,0
6143.237733349776,5-left,unknown,0
6193.648466305708,slight-right,unknown,0
6269.305236134503,1-left,widen,0
6330.215568032236,square-right,unknown,0
6352.396042904823,6-left,unknown,0
6401.143886857003,slight-right,unknown,0
6454.981851735081,square-right,unknown,0
6487.991090702982,3-left,unknown,0
6536.723333592388,crest,unknown,30
6581.768615574815,6-right,unknown,0
6629.699310650808,3-right,unknown,0
6712.38480751513,crest,unknown,0
6737.105118641838,1-left,unknown,70
6809.162372174251,crest,unknown,0
6874.883316502559,slight-left,unknown,0
6920.783230366696,4-right,unknown,90
6995.170410923956,6-left,unknown,0
7089.33611431598,6-right,unknown,50
7133.665764470095,2-left,unknown,0
7189.421091618532,2-right,unknown,0
7286.781602025021,4-left,unknown,0
7344.2935299920955,4-right,unknown,0
7406.33567690371,3-right,unknown,0
7466.047495160094,hp-left,unknown,80
7604.470186200123,4-right,caution,0
7676.435207180958,3-left,unknown,0
7734.9799173021165,4-right,unknown,0
7801.825670342421,3-left,unknown,30
7881.8187914323535,2-right,widen,40
8001.381012328114,crest,unknown,0
8028.139802973725,5-left,unknown,0
8081.091264422394,2-right,unknown,0
8161.209207194314,4-left,unknown,0
8206.824615481359,3-right,unknown,0
8261.787055857634,1-left,unknown,0
8310.102219679813,5-right,widen,90
8399.109814227093,3-right,unknown,0
8490.340817568771,hp-left,unknown,0
8541.221798212995,1-left,unknown,0
8575.174808667194,slight-right,unknown,0
8603.96413232137,4-left,unknown,0
8638.916146691334,crest,unknown,0
8698.412635643968,5-right,unknown,0
8738.277045586603,5-left,unknown,0
8826.36439418127,hp-right,unknown,30
8858.754828389188,hp-right,unknown,30
8906.27135695746,hp-left,unknown,30
8957.862011006377,3-right,unknown,0
9063.690315163632,crest,unknown,0
9092.297669556638,5-left,unknown,0
9156.06765330602,crest,unknown,0
9177.301059639942,1-left,unknown,0
9213.597496331226,3-right,widen,0
9250.175796521193,5-left,unknown,0
9306.98601428319,3-right,unknown,0
9340.822792695055,3-left,unknown,0
9386.098301079757,3-right,unknown,0
9427.385224030508,4-left,unknown,0
9487.552648785597,crest,unknown,0
9534.157808468823,crest,unknown,0
9546.898090107921,slight-left,unknown,0
9597.492145359998,crest,unknown,0
9645.46474919605,hp-left,dont-cut,0
9677.357018406867,5-right,widen,0
9723.386076252937,3-left,unknown,0
9794.351174500465,4-right,unknown,0
9892.80876222098,6-left,unknown,0
9958.708664297696,6-right,unknown,0
10006.420802015888,crest,unknown,30
10046.61024774038,1-right,unknown,0
10110.76322019065,3-left,unknown,0
10145.130341314922,2-right,unknown,0
10187.580705485,2-left,unknown,40
10218.806983542105,hp-right,unknown,0
10310.33896537273,6-left,widen,0
10359.527716288261,crest,unknown,0
10398.073494410208,5-left,unknown,0
10442.169053110762,3-right,dont-cut,0
10492.850750574757,4-left,unknown,50
10538.108767256437,2-left,unknown,40
10608.542692579926,6-left,unknown,0
10676.851621584588,2-right,unknown,0
10748.360382628145,4-left,unknown,0
10786.198363184638,2-right,unknown,0
10836.172720102979,6-left,unknown,0
10878.559230532372,5-right,unknown,0
10945.100845408168,5-left,unknown,60
10985.056866678919,6-right,unknown,30
11070.532238611906,4-right,unknown,0
11148.560213350973,2-left,unknown,30
11207.609433550553,1-right,unknown,0
11272.82646563978,4-left,widen,0
11313.853966135686,2-right,unknown,0
11383.631166624727,square-left,unknown,30
11415.569116110517,square-left,unknown,30
11454.784113974292,6-right,unknown,0
11497.508947443692,2-right,unknown,0
11537.795032629696,2-left,unknown,30
11621.98068307373,slight-right,unknown,0
11695.767606634823,4-right,unknown,0
11777.48597682449,slight-left,unknown,0
11820.332279696191,4-right,unknown,0
11863.995513300619,2-left,unknown,40
11931.330011973107,crest,unknown,0
11989.430600237574,1-right,unknown,0
12021.115468001095,3-left,unknown,0
12081.225553717342,4-right,unknown,0
12197.096208448138,4-left,unknown,0
12245.693029412949,3-right,unknown,0
12311.383539972041,5-left,unknown,0
12375.980429200854,crest,unknown,0
12432.386089887354,3-left,unknown,0
12477.033530988425,crest,unknown,0
12560.93746563884,3-left,unknown,100
12638.811061563207,3-right,unknown,0
12740.22830967876,4-left,unknown,0
12814.716493501397,6-right,unknown,60
12864.354340944017,crest,unknown,0
12942.071643037534,4-left,unknown,40
12993.446839074824,3-right,unknown,0
13068.608414735538,slight-left,unknown,0
13154.58338147138,3-right,unknown,0
13201.153239068732,hp-left,unknown,0
13257.954063176852,5-right,unknown,0
13352.057559434747,4-left,unknown,0
13433.368708574142,slight-right,unknown,0
13490.67901493248,1-right,unknown,30
13539.539580098965,4-right,widen,0
13593.789591829154,6-left,unknown,0
13633.683051111077,3-left,unknown,40
13737.879883424623,slight-left,unknown,0
13801.18091495692,crest,unknown,30
13847.016540529126,6-right,unknown,0
13893.126788255577,hp-left,unknown,30
13964.544519502524,5-left,widen,0
14008.368360940822,2-right,bridge,50
14092.797251035587,slight-right,unknown,70
14175.844869272129,5-right,unknown,0
14262.781201631435,3-left,unknown,0
14361.629495241063,3-right,unknown,0
14436.661570779697,2-left,unknown,0
14497.779601823699,3-right,unknown,0
14569.960619699368,3-left,unknown,0
14634.88652698697,slight-right,unknown,0
14684.12763658704,2-left,widen,30
14716.65677711668,square-right,unknown,0
14772.863783780955,3-right,unknown,150
14903.581529255544,6-right,unknown,0
15002.86872030322,6-left,unknown,0
15055.289434872315,4-right,unknown,0
15106.681087971378,3-left,unknown,0
15186.787352390935,2-right,widen,120
15233.370970497774,2-right,unknown,120
15305.348967724492,jump,unknown,30
15389.075585346864,slight-left,unknown,50
15443.906336308171,5-right,unknown,0
15525.79896253651,slight-left,unknown,0
15572.222970562643,3-right,unknown,0
15646.81787839955,3-left,unknown,0
15720.51164571827,crest,unknown,50
15764.023682366076,6-right,unknown,0
15840.908113403982,6-left,unknown,0
15908.86683231421,crest,unknown,0
15936.278761368476,2-left,unknown,0
15970.685836506564,3-right,unknown,0
16025.476184540477,1-right,unknown,0
16076.226807900162,slight-left,unknown,50
16114.328458595974,2-left,unknown,30
16203.61902200769,crest,unknown,0
16243.351637573944,2-right,unknown,0
16280.348255081897,1-left,unknown,0
16317.029417935128,6-right,unknown,40
16351.278466587768,3-right,unknown,50
16432.019588871703,slight-right,unknown,40
16517.323599491814,5-left,unknown,0
16612.711638165227,4-right,unknown,0
16668.184574337698,5-left,widen,0
16710.255542050098,4-right,unknown,0
16762.143812580798,crest,unknown,60
16825.39830827781,slight-right,unknown,0
16908.49003564902,3-left,unknown,0
16953.385868778907,3-right,unknown,0
16992.850695458146,3-left,unknown,60
17083.927063732826,1-left,unknown,50
17169.39948713372,3-left,unknown,0
17228.59396623682,2-right,unknown,0
17283.795276795136,2-left,widen,0
17321.42110393592,6-right,unknown,0
17365.194977570274,2-right,unknown,50
17425.523931465854,1-left,unknown,30
17489.112345772493,2-right,unknown,0
17543.040397606575,2-right,unknown,0
17556.094015656196,hp-left,unknown,0
17610.635007649158,square-right,unknown,30
17654.83112342903,square-left,unknown,50
17703.941536465394,square-left,unknown,50
17717.84043655467,hp-right,unknown,0
17846.83321721149,6-left,bridge,0
17885.194444857363,slight-right,unknown,0
17924.59722996784,2-right,unknown,0
17963.944324141292,5-left,caution,0
18010.155194016254,6-right,widen,0
18042.42199178771,hp-left,unknown,90
18173.401347180195,hp-right,unknown,0
18245.146838379722,2-left,unknown,0
18280.965862904402,1-left,unknown,0
18303.38268236241,2-left,widen,0
18323.65252708514,6-right,unknown,0
18349.37573465424,6-left,unknown,0
18381.765049744437,2-right,unknown,0
18435.70825256426,slight-left,unknown,50
18480.720620871372,2-left,unknown,0
18536.666559744666,1-right,unknown,0
18572.76242043571,2-left,unknown,0
18600.78116293985,4-right,unknown,40
18648.79434922295,3-left,unknown,0
18742.62777463035,1-right,unknown,0
18777.549341288362,2-left,unknown,0
18818.993467093267,2-right,unknown,0
18867.27795806007,3-left,unknown,0
18902.303114538965,4-right,unknown,70
18940.285133333975,slight-left,unknown,0
19016.70958951074,1-right,unknown,0
19056.458493777096,square-right,unknown,0
19083.656857386424,2-left,widen,0
19112.961787615626,crest,unknown,0
19138.659016486006,slight-right,unknown,0
19177.433562365353,hp-left,widen,0
19203.451836806125,6-right,dont-cut,30
19230.992536583726,5-right,unknown,0
19277.330146332566,3-left,unknown,30
19334.45283199388,5-left,caution,0
19388.02115997395,1-right,unknown,0
19437.67217884142,5-left,unknown,0
19469.796362667876,slight-left,unknown,0
19506.382432175476,2-left,unknown,0
19545.72784553607,hp-right,dont-cut,0
19616.044333697133,2-right,unknown,100
19706.799529209886,square-right,caution,0
19755.68347181395,square-right,caution,0
19794.60979562834,square-left,unknown,0
19831.877620688254,2-right,unknown,30
19885.12962370949,4-right,unknown,0
19938.47506375385,3-left,unknown,60
19998.127520743128,3-left,unknown,0
20067.80782462191,4-left,unknown,60
20163.9801203258,4-left,unknown,0
20245.687448664426,hp-right,unknown,0
20291.324326067675,square-left,unknown,0
20348.99782007864,5-right,unknown,50
20390.906644751354,5-left,unknown,0
20453.541728846347,4-right,unknown,0
20498.88867289236,6-left,unknown,0
20558.660486704634,3-right,unknown,0
20672.288304259106,2-left,unknown,0
20736.078657633578,2-right,unknown,0
20770.63864203148,4-left,dont-cut,0
20803.304716440965,5-right,unknown,0
20847.189320093927,slight-left,unknown,0
20885.16226191214,2-left,widen,0
20975.383635432056,1-left,dont-cut,0
21035.42125160866,2-right,unknown,70
21099.725248114413,4-left,unknown,0
21166.532679468924,1-right,unknown,40
21239.885923964302,1-right,caution,0
21295.53513601952,square-left,unknown,0
21388.34063592605,crest,unknown,0
21422.76202576332,6-left,unknown,0
21489.260097166825,6-right,unknown,70
21624.4159874027,slight-left,unknown,0
21756.17061669046,crest,unknown,70
21809.150753752532,crest,unknown,70
21835.21448475533,slight-left,unknown,0
21916.252781073377,4-left,unknown,40
21986.82727883033,4-right,caution,0
22083.702783438515,bridge,unknown,0
22114.01780590709,bridge,unknown,0
22148.25712814982,bridge,unknown,0
22179.764919554535,3-left,unknown,0
22222.091343275846,right-entry-chicane,unknown,220
22498.414398281853,slight-right,unknown,0
22642.419834416192,5-left,unknown,140
22755.709574864228,4-right,unknown,90
22985.884977066864,5-left,unknown,0
23049.16195706643,3-right,unknown,40
23131.21355637825,6-left,unknown,0
23218.212071869755,5-right,unknown,30
23318.23944442072,3-left,dont-cut,0
23381.85348742762,slight-right,unknown,30
23450.966726487106,5-left,caution,0
23519.207372048324,3-right,unknown,0
23584.660738785682,crest,unknown,60
23632.40016059201,slight-right,unknown,0
23717.165430977744,6-left,unknown,0
23772.347597916516,slight-right,unknown,100
23852.641188614773,dip,unknown,70
23983.554205811433,slight-right,unknown,0
24074.17229647917,slight-left,unknown,0
24146.89682025236,5-right,unknown,50
24216.438867905566,4-left,unknown,0
24328.58523406307,crest,unknown,0
24381.507164986535,slight-left,unknown,40
24421.228167565296,slight-right,unknown,70
24548.054056237146,3-right,unknown,0
24675.309142258546,3-left,unknown,40
24715.569080574907,hp-right,unknown,0
24801.319781029637,2-left,unknown,0
24841.295499318054,2-right,widen,0
24884.78123036664,4-left,unknown,30
24932.4114136247,4-right,unknown,0
25004.80201516432,3-right,unknown,0
25056.51881184858,2-left,unknown,40
25094.987660839965,slight-right,caution,0
25171.330206540042,2-right,unknown,0
25204.914073231637,3-left,widen,0
25283.997805226267,1-right,widen,50
25378.38620951931,4-left,unknown,0
25433.293993008527,slight-right,unknown,0
25471.239499943644,6-left,unknown,60
25514.945494511496,hp-left,unknown,0
25615.33123816768,5-right,unknown,40
25668.593325941936,hp-right,unknown,0
25797.52851570406,4-left,unknown,40
25871.182738974483,crest,caution,0
25950.13692478455,hp-right,unknown,30
25991.346257918245,2-left,widen,30
26051.800679629203,5-left,unknown,0
26133.012056696763,crest,unknown,0
26223.196554758888,slight-left,unknown,60
26270.746805537085,5-right,unknown,40
26338.300320170278,1-right,unknown,0
26425.10599504742,4-left,unknown,0
26479.990083811634,3-right,dont-cut,0
26562.839666712607,3-left,unknown,50
26679.763287279948,slight-right,widen,0
26720.82146847047,slight-left,unknown,70
26784.347865050222,4-left,unknown,0
26905.970549795995,crest,unknown,0
26968.94555876054,crest,unknown,0
27003.043593466668,2-right,unknown,0
27044.41483564655,5-left,widen,40
27089.35853410998,2-right,widen,40
27214.549573996464,slight-left,unknown,0
27277.05238561906,slight-right,unknown,60
27365.906829207313,4-left,unknown,50
27461.979291403633,4-left,unknown,0
27580.5918535832,4-right,unknown,0
27688.817295935467,crest,unknown,30
27727.30236891062,2-right,unknown,0
27774.62815153391,crest,unknown,50
27799.768780081573,4-left,caution,0
27868.80085962565,slight-right,unknown,0
27907.564569304293,square-left,unknown,60
27962.22086706432,6-left,unknown,0
28070.53235973631,6-right,unknown,50
28128.598966906386,3-right,unknown,40
28208.18084989817,crest,unknown,0
28269.30219957623,3-left,unknown,70
28314.463689902157,6-right,caution,0
28392.03344572336,hp-right,unknown,0
28512.809027560048,6-left,widen,80
28599.116236574966,5-left,unknown,60
28885.40189745216,4-right,unknown,0
28936.18705663946,6-right,unknown,0
28980.50665298727,crest,unknown,0
29029.525370562333,2-right,unknown,0
29065.912196963076,square-right,unknown,0
29092.601886351367,2-left,unknown,0
29140.85629671364,3-right,unknown,0
29179.546531737135,4-left,unknown,60
29230.101292250427,6-right,unknown,0
29312.042283461353,slight-left,unknown,40
29355.40586569097,slight-right,unknown,70
29427.360170996457,4-right,unknown,0
29535.534681494493,slight-left,unknown,0
29606.07692222863,2-right,unknown,0
29644.412467654023,3-left,unknown,60
29711.030122053882,6-left,unknown,0
29784.236954329288,4-right,unknown,40
29843.469814284126,6-left,unknown,30
29917.435942671604,2-right,unknown,0
29974.02150778085,2-right,unknown,0
29989.148509886567,6-right,unknown,0
30047.411349280195,1-left,unknown,40
30116.016532080484,3-left,unknown,70
30214.153648760606,2-right,unknown,0
30290.67310390744,4-left,unknown,0
30338.589440462914,1-right,unknown,0
30387.969496672453,square-left,unknown,30
30405.03356880456,acute-hp-right,unknown,30
30445.070157826238,6-left,unknown,0
30490.347117436235,3-right,unknown,0
30549.843962147537,4-right,unknown,0
30600.681350148036,hp-left,unknown,30
30667.113778050247,1-left,widen,0
30719.311300919362,3-right,unknown,0
30744.24792944222,2-right,unknown,0
30842.851236937357,6-left,widen,30
30909.521494238674,slight-left,unknown,0
30965.28427130016,hp-left,unknown,0
31000.86087518962,2-right,unknown,0
31056.927341196842,4-left,unknown,0
31086.336935732674,1-right,unknown,0
31121.929246161297,3-left,unknown,0
31229.148185008187,6-right,unknown,0
31295.241443846844,6-left,unknown,0
31334.811241667892,square-right,unknown,30
31373.925651171845,3-right,unknown,0
31409.847237437392,2-left,unknown,0
31468.65240753474,2-right,unknown,40
31517.863853629267,1-left,unknown,0
31581.82098894421,1-right,unknown,0
31640.838245309023,2-left,unknown,0
31687.352016852514,slight-right,unknown,0
31726.061179755336,6-left,unknown,0
31761.665070574883,1-right,unknown,0
31807.087878668903,2-left,unknown,0
31850.338767741287,3-right,unknown,0
31881.70022505103,slight-left,unknown,30
31913.070758288493,6-right,unknown,0
31979.93171041787,3-right,unknown,0
32080.10665724099,6-left,unknown,40
32157.68268657979,2-left,unknown,0
32233.834687617375,2-right,unknown,0
32289.643655837117,2-right,unknown,0
32301.011754210536,slight-left,unknown,30
32348.953069041316,3-left,unknown,30
32407.867712462525,2-left,unknown,0
32467.467963431467,crest,unknown,0
32528.843524058437,6-right,unknown,0
32564.95346908863,1-right,unknown,0
32604.591649287308,5-left,widen,90
32683.075041792996,crest,unknown,0
32815.57438510244,crest,unknown,0
32885.42213793105,3-left,unknown,0
32921.70351810759,3-right,unknown,0
32956.45268383331,2-right,unknown,30
32995.467612269575,2-right,unknown,30
33003.02484718624,4-left,unknown,0
33065.64385313336,6-right,unknown,0
33127.185324500235,crest,unknown,0
33166.619915068775,3-left,unknown,0
33212.49327627482,4-right,unknown,0
33253.544172843125,slight-left,unknown,70
33306.11408193892,6-left,caution,0
33405.59909181896,4-right,unknown,40
33457.876574576534,6-left,caution,0
33533.23167345348,4-right,unknown,0
33623.04317678755,5-left,unknown,0
33670.969381545256,5-right,unknown,0
33716.17276453321,1-left,unknown,30
33754.84158792799,slight-right,unknown,0
33812.990530856325,6-left,unknown,0
33860.54684395139,3-right,unknown,40
33925.70101028748,2-left,unknown,0
34033.835832636956,2-right,unknown,40
34107.37621736827,1-left,unknown,0
34175.3857311279,2-right,bridge,30
34251.54370346367,3-left,unknown,120
34375.83130502998,4-right,unknown,0
34475.705947287606,slight-left,unknown,0
34537.63080622011,slight-right,unknown,0
34628.08536085425,finish,unknown,0
