0,crest,unknown,0
2.9451641845703125,4-left,unknown,0
40.07361048698424,4-right,unknown,0
75.09000748634338,crest,unknown,0
120.04595709800726,3-left,unknown,0
154.15513430595416,5-right,unknown,40
194.8166480350496,crest,unknown,40
233.26506138801588,crest,unknown,40
244.7975979328157,4-left,unknown,0
349.1074129962924,square-right,unknown,0
416.04651318550117,3-left,unknown,50
498.6064952564245,6-right,unknown,30
583.8902226734159,square-left,unknown,0
672.5343962574009,square-left,unknown,0
699.1604641628268,crest,unknown,50
729.8538366222382,6-left,unknown,0
801.5408389186861,4-right,unknown,0
869.6014773845675,5-left,unknown,0
926.129639806748,crest,unknown,0
973.1679759502417,slight-left,unknown,0
1027.6052179241187,1-right,unknown,0
1067.801512937547,4-left,unknown,0
1108.920964040759,2-right,unknown,0
1145.0992695522336,crest,unknown,0
1173.2606159687052,3-right,unknown,0
1213.5787847805032,3-left,unknown,0
1266.9631283855442,slight-right,widen,120
1317.0435421085358,4-left,unknown,40
1397.207912511826,slight-right,unknown,0
1476.3245184230814,jump,unknown,100
1510.031536970139,jump,unknown,100
1544.7379296016709,2-left,unknown,0
1667.4269839000717,2-right,unknown,0
1787.5805911922441,6-right,unknown,0
1841.3194729900345,6-left,unknown,150
1975.7864751338952,3-left,unknown,30
2107.52685221672,1-left,unknown,0
2165.563458261488,3-right,unknown,0
2206.911654863357,slight-left,widen,0
2250.5463275051125,2-right,unknown,0
2282.977315607069,2-left,unknown,0
2420.045898237228,3-left,unknown,0
2475.126210412981,5-right,unknown,0
2511.6907629871384,4-right,caution,0
2570.1506627368954,3-right,unknown,0
2623.4409249210394,5-left,widen,60
2663.94261845589,slight-left,unknown,0
2781.36726092339,crest,unknown,0
2791.6520346736957,3-left,unknown,0
2839.396752958303,5-right,unknown,30
2898.781690454488,hp-right,unknown,0
2982.0562816333786,6-left,unknown,30
3021.6527984428426,crest,unknown,0
3066.842629165653,6-right,unknown,30
3115.881011199953,3-right,unknown,40
3191.665107078554,6-right,unknown,0
3279.1625145530743,5-left,unknown,40
3320.0359014320384,1-left,unknown,30
3412.8589762878437,3-right,unknown,0
3462.1089921569865,6-left,unknown,0
3525.6834983444246,square-right,unknown,0
3628.2712731170695,2-left,unknown,0
3674.5176478767444,slight-right,unknown,0
3724.407262687687,2-left,unknown,50
3793.8088581275993,4-right,unknown,0
3860.093205966956,crest,unknown,70
3920.2083293342657,6-left,dont-cut,0
4011.8895785713275,4-right,unknown,0
4065.682209720617,3-left,unknown,100
4185.41309694291,3-right,unknown,0
4273.2603910446205,crest,unknown,0
4375.155697708131,2-right,unknown,0
4412.567559814455,slight-left,unknown,0
4446.334528503418,6-right,unknown,0
4508.778612442017,2-left,unknown,0
4565.459977798464,3-right,unknown,0
4606.19417461395,4-left,unknown,0
4667.206621036527,3-right,unknown,0
4772.22370161056,1-left,unknown,0
4843.67987627029,1-left,unknown,0
4870.45391695022,crest,unknown,40
4884.553107223506,3-right,unknown,0
4927.739278106684,4-left,unknown,0
4996.471104183183,slight-right,unknown,0
5033.569694995865,4-left,bridge,0
5070.386067733748,slight-left,unknown,30
5119.343825836166,4-right,unknown,0
5209.64501350401,3-right,unknown,0
5257.292148170456,2-left,unknown,40
5360.931081209159,square-right,unknown,0
5415.4358613490795,square-right,unknown,0
5427.652189817403,3-left,unknown,0
5476.844182500811,4-right,unknown,0
5542.655266523335,crest,unknown,0
5569.635111093502,2-left,unknown,40
5574.452151918391,1-left,unknown,40
5611.658080892539,1-right,unknown,30
5655.645431032155,4-left,unknown,0
5706.940233316403,5-left,unknown,40
5769.543331022241,crest,unknown,0
5810.218006277058,crest,unknown,0
5852.034571409202,4-right,unknown,0
5901.399008665061,4-left,unknown,0
5947.964443540548,6-right,unknown,0
5987.806110181781,3-left,bridge,0
6030.170854635213,4-right,unknown,0
6075.330617246597,2-left,dont-cut,0
6116.951420373888,4-right,unknown,40
6173.186195344896,2-right,caution,40
6239.681496210064,2-right,caution,40
6250.223439187969,4-right,unknown,0
6321.933363637883,4-left,dont-cut,0
6361.127707624396,5-right,unknown,0
6408.291982107119,5-left,unknown,0
6449.708329954106,6-right,unknown,0
6597.9737878512815,3-right,unknown,0
6643.032400312369,2-left,unknown,0
6680.023018255178,2-right,unknown,0
6714.777155065479,3-left,unknown,0
6782.461173944422,crest,unknown,0
6797.174306478449,slight-left,unknown,0
6833.3072335910265,6-right,unknown,30
6876.465391969631,5-left,unknown,0
6941.806112337063,crest,unknown,0
6993.946286287257,3-right,unknown,0
7035.840569963405,5-left,unknown,0
7071.864838857602,hp-right,dont-cut,0
7178.140739736507,crest,unknown,0
7196.611303214978,slight-right,unknown,0
7235.11952253337,3-right,unknown,0
7328.126638851118,2-left,unknown,0
7394.989442405651,3-right,unknown,0
7437.686831722207,4-left,unknown,0
7469.988430728857,5-right,unknown,0
7511.316008510537,3-left,widen,0
7557.207340621901,1-right,unknown,0
7624.112636127423,crest,unknown,0
7662.486747741656,6-right,unknown,0
7690.328884830432,3-left,unknown,40
7745.5658810424375,hp-right,unknown,0
7846.484987125359,slight-left,unknown,0
7915.9503741454655,hp-left,widen,0
7941.20035863872,5-right,unknown,0
7990.51779150005,6-left,unknown,0
8034.518945903727,crest,unknown,0
8102.133559970811,crest,unknown,0
8109.671441593127,slight-left,unknown,0
8151.114955196344,3-right,widen,0
8207.134412946669,crest,unknown,0
8220.58915351863,1-right,unknown,0
8253.299990186651,square-right,unknown,0
8285.580005826901,4-left,unknown,90
8353.968974037096,4-left,unknown,0
8428.413160095144,1-right,unknown,0
8484.870734138412,2-left,dont-cut,0
8548.915747184674,4-right,widen,0
8588.813766078874,3-left,unknown,0
8630.504727859412,slight-right,unknown,0
8692.012908115308,jump,unknown,50
8753.773336238779,2-left,widen,30
8871.98315716536,3-right,widen,0
8918.857300842114,3-left,unknown,0
8964.568188064412,3-right,unknown,0
9039.552140720198,3-left,unknown,80
9141.842331226184,square-right,unknown,0
9172.37375319273,square-right,unknown,0
9225.381463992906,6-left,unknown,0
9308.21562495025,3-left,unknown,0
9385.10324394973,crest,unknown,0
9406.156540439448,3-right,unknown,0
9437.434172923879,2-left,unknown,0
9488.954384677729,2-right,unknown,40
9605.626213538962,slight-left,unknown,0
9663.140186736897,6-right,unknown,100
9718.789012496773,5-left,unknown,30
9857.566085899183,crest,unknown,80
9893.674319579897,1-right,unknown,0
10017.101470611393,crest,unknown,0
10068.343680236625,3-left,unknown,0
10119.910763976868,crest,unknown,0
10160.579999358944,3-right,unknown,0
10226.951507957276,hp-left,unknown,30
10321.367159354975,6-right,unknown,0
10391.894873264126,1-left,unknown,0
10424.149372146418,1-right,unknown,0
10492.853384273334,slight-left,unknown,0
10524.273961589615,6-right,unknown,0
10562.030216911118,crest,unknown,0
10633.755251415058,4-left,unknown,0
10677.105333278454,6-left,caution,0
10738.329188144482,3-right,unknown,0
10795.732492740432,slight-left,unknown,60
10855.927622363835,5-left,unknown,40
10923.80025881556,6-left,unknown,0
11041.938922832278,3-right,unknown,40
11150.16851252343,slight-left,unknown,0
11241.257424152147,2-right,widen,0
11366.606366145848,2-left,dont-cut,0
11423.379630992642,3-right,unknown,0
11476.685941875208,crest,unknown,40
11541.76476090213,crest,unknown,0
11605.824620368674,6-right,unknown,50
11664.916640632344,acute-hp-left,unknown,30
11823.428526275346,6-left,unknown,0
11846.158966310226,dip,unknown,0
11876.313509586045,5-right,unknown,0
11910.025728881543,5-left,unknown,0
11948.413955466931,slight-right,unknown,40
12003.49746041077,6-left,unknown,50
12082.316980483713,crest,unknown,0
12179.35744538087,5-right,unknown,0
12228.22825196046,5-left,unknown,0
12289.821769111342,4-right,unknown,0
12343.543344314287,crest,unknown,0
12418.185666663827,5-left,unknown,30
12459.733424308482,crest,unknown,0
12499.891904418644,crest,unknown,0
12556.407965247816,5-right,unknown,40
12603.996027496049,4-left,unknown,0
12679.781275832847,3-right,unknown,0
12740.6676738431,4-left,unknown,40
12810.566057021802,3-right,unknown,0
12890.385624416067,5-left,unknown,0
12928.892116496745,slight-right,unknown,0
12986.488560359665,crest,unknown,50
13024.097852885916,hp-right,unknown,40
13122.486823680592,2-left,unknown,30
13175.967914874744,1-left,unknown,40
13217.274687946028,hp-right,unknown,70
13341.958445480053,crest,unknown,0
13377.912107942288,5-right,unknown,0
13407.408348329256,3-left,unknown,0
13468.528409097376,4-right,unknown,0
13511.7639827134,slight-left,unknown,0
13566.853119104091,crest,unknown,40
13608.148717439357,4-right,unknown,0
13685.632386033718,2-right,unknown,0
13783.109655397113,4-left,unknown,0
13816.589434106521,6-left,unknown,0
13849.840275705028,jump,unknown,30
13903.126186711957,3-right,unknown,0
13951.566171415025,6-left,unknown,0
14017.366088445357,2-right,unknown,0
14057.818704106974,1-left,unknown,0
14097.351837403929,3-right,unknown,0
14158.274275853793,4-left,unknown,40
14184.568224008242,3-right,unknown,0
14250.53352697149,1-left,unknown,0
14298.816625764532,3-right,unknown,0
14339.720413377448,slight-left,unknown,0
14368.546197526617,hp-left,unknown,0
14410.001732690505,5-right,unknown,0
14483.613614099186,6-left,unknown,0
14502.29209176795,crest,unknown,0
14526.141900861425,slight-right,unknown,0
14575.785614831604,1-left,unknown,0
14614.842340753245,3-right,unknown,0
14670.11478154914,4-left,unknown,0
14713.213080213229,crest,unknown,0
14759.229918325114,2-right,unknown,0
14794.943537328403,slight-left,unknown,30
14840.116232316654,4-left,unknown,0
14895.900984151516,3-right,unknown,30
14943.835022943167,3-left,unknown,0
15030.617210672035,slight-left,unknown,30
15083.358932187693,square-right,unknown,0
15231.122466867106,crest,unknown,30
15257.92390765919,4-right,unknown,0
15289.648905980715,2-left,unknown,0
15333.861862371094,6-left,unknown,40
15397.047444760938,4-right,unknown,40
15449.294071004528,5-left,unknown,0
15531.505551450398,3-right,unknown,0
15569.102054135948,3-left,unknown,30
15621.572113988552,5-right,unknown,0
15681.022162072815,crest,unknown,0
15711.1586737992,crest,unknown,0
15769.091813848181,4-right,unknown,0
15816.162863271407,2-left,unknown,0
15873.13020374077,5-right,unknown,0
15914.790707738566,4-left,unknown,30
15952.660859563523,4-right,unknown,0
16005.909728257819,4-left,unknown,0
16049.737993981998,3-left,unknown,0
16084.694154203098,6-left,unknown,0
16141.158328435591,crest,unknown,0
16194.456822583852,slight-right,unknown,50
16258.432307508156,6-left,unknown,120
16280,finish,unknown,0