0,straight,unknown,40
0.6228989124298097,crest,unknown,0
41.16144587516785,crest,unknown,0
92.3768962574005,6-left,unknown,0
130.8918492603302,5-right,unknown,60
182.5942721271517,crest,unknown,70
270.3573228931427,6-right,unknown,50
367.96629700660736,6-right,unknown,80
546.6535752582555,3-right,unknown,0
656.8289356327066,crest,unknown,0
715.4803784084329,3-left,unknown,30
752.1575459957128,4-right,unknown,0
802.7711999797829,6-left,unknown,0
838.5016319942481,2-right,unknown,30
872.0873974323284,4-left,unknown,0
958.7385377979294,4-left,unknown,40
1015.5823337459573,3-right,unknown,0
1111.6774475383781,3-left,unknown,0
1170.3209466457397,5-right,unknown,40
1207.532850980762,4-left,unknown,30
1288.8143103694936,6-right,caution,0
1361.7447538280517,3-right,unknown,0
1423.1591328716297,3-left,unknown,0
1457.5479996013646,crest,unknown,0
1518.113894662857,slight-left,unknown,0
1557.3643267154703,hp-left,dont-cut,30
1606.1634486675282,slight-left,unknown,0
1651.1458236980452,slight-right,unknown,0
1688.035171461106,3-right,unknown,0
1724.6981743526462,3-left,unknown,0
1778.6721431064607,3-right,unknown,30
1854.8385821819297,crest,unknown,0
1914.5601937580095,3-left,unknown,0
1968.6001223850224,crest,unknown,0
2005.8427424526185,3-right,unknown,0
2050.472363252636,3-left,unknown,0
2159.8307078647567,slight-left,unknown,40
2197.7199931430755,crest,unknown,0
2236.68116848945,6-right,unknown,0
2275.552460832591,5-left,unknown,0
2315.2558685779513,hp-right,unknown,0
2374.2464315128236,crest,unknown,0
2408.7869194698233,4-left,unknown,0
2440.801813478459,2-right,unknown,0
2474.7805195140736,3-left,unknown,40
2517.066130609502,4-right,unknown,0
2582.7982889842897,4-left,widen,0
2620.144788656225,3-right,unknown,0
2657.8246340274713,2-left,unknown,0
2713.0067509746473,6-right,unknown,0
2739.3235404109873,2-left,unknown,0
2791.4045195865538,crest,unknown,0
2840.450895910253,6-right,unknown,0
2874.11264883994,3-right,unknown,0
2939.5568719386965,2-left,unknown,30
2995.151129217137,square-right,unknown,0
3061.8817623042937,6-left,unknown,30
3108.6085600948186,crest,unknown,0
3178.675967016205,3-left,unknown,0
3229.0308242320834,4-right,unknown,0
3268.563874502166,5-left,unknown,90
3386.7493458843023,hp-left,unknown,40
3499.5790247058667,square-right,unknown,30
3541.878851966835,2-right,unknown,0
3594.1749529456833,hp-left,unknown,30
3676.4840629195915,crest,unknown,0
3719.899460296608,6-left,unknown,0
3757.568684291816,6-right,unknown,0
3803.8730918693304,3-left,unknown,40
3851.0912536048663,3-right,unknown,0
3919.906913127875,crest,unknown,0
3966.9096451759087,2-left,unknown,0
4005.444776401496,6-right,unknown,40
4052.68685680387,5-left,unknown,0
4132.607510414102,crest,unknown,40
4184.123505477883,5-right,unknown,30
4238.937435302707,crest,unknown,0
4293.283695564242,crest,unknown,0
4329.685391235326,3-left,unknown,0
4383.798967323278,4-right,unknown,0
4422.971567726112,6-left,unknown,0
4486.255277481054,crest,unknown,40
4555.1982468795495,6-right,unknown,0
4608.519080772369,5-left,unknown,0
4720.651007080047,4-right,unknown,0
4773.596956100431,5-left,unknown,0
4823.7227556609805,crest,unknown,0
4886.66545242307,5-right,unknown,40
4938.935690231296,acute-hp-right,unknown,30
5027.935896527746,6-left,unknown,0
5066.118130223726,crest,unknown,50
5130.31393714664,slight-right,unknown,0
5217.818036153293,3-left,unknown,0
5278.458621060824,2-right,widen,0
5347.819315488317,2-left,unknown,0
5416.7897286009575,crest,unknown,0
5463.193066689948,slight-right,unknown,40
5495.208123795969,3-left,unknown,0
5562.77426862476,6-right,unknown,50
5628.069850480535,6-right,unknown,50
5690.16098649738,4-right,unknown,60
5819.121783311339,crest,caution,0
5850.914982736082,crest,caution,0
5890.494309480164,3-left,unknown,0
5948.428967339969,6-right,unknown,0
5995.655015351744,4-right,unknown,0
6054.784256360502,crest,unknown,0
6108.067888562648,5-left,unknown,0
6155.472374532187,slight-right,unknown,0
6237.898480031452,1-left,unknown,0
6319.04409541841,square-right,unknown,0
6325.077595059827,6-left,widen,0
6371.01732021089,slight-right,unknown,0
6418.701075589612,square-right,unknown,0
6456.468262250379,3-left,unknown,0
6504.102669951877,crest,unknown,30
6542.440779788453,6-right,unknown,0
6592.76594267603,3-right,unknown,0
6654.236620700323,crest,unknown,0
6701.479293944803,1-left,unknown,70
6787.061769301854,crest,unknown,0
6840.089523417911,slight-left,unknown,0
6880.95112410303,4-right,unknown,90
6954.110849215947,6-left,unknown,0
7044.765090434518,6-right,unknown,50
7095.859444377387,2-left,unknown,0
7152.335375964609,2-right,unknown,0
7260.193550498455,4-left,unknown,0
7313.319674136606,4-right,unknown,0
7372.094432761639,3-right,unknown,0
7440.532713210546,hp-left,unknown,80
7574.562063395932,4-right,caution,0
7635.373253524252,3-left,unknown,0
7697.4399129938465,4-right,unknown,0
7766.370239684522,3-left,unknown,30
7852.787291877208,2-right,unknown,40
7939.833807265695,crest,unknown,0
7982.593022048408,5-left,unknown,180
8112.211780745922,4-left,unknown,0
8171.905684211191,3-right,unknown,0
8217.063986728132,1-left,widen,0
8275.688139254977,5-right,unknown,90
8357.3447792124,3-right,unknown,0
8439.06283999197,hp-left,unknown,0
8503.095038173127,1-left,unknown,0
8545.20961614363,slight-right,unknown,0
8567.257060458582,4-left,unknown,0
8596.99312475912,crest,unknown,0
8652.57852923147,5-right,unknown,0
8696.519879558009,5-left,unknown,0
8783.513070437844,hp-right,unknown,30
8875.971962716529,hp-left,unknown,30
8948.505360772562,3-right,unknown,0
9007.20920735116,crest,unknown,0
9046.531571261841,5-left,unknown,0
9085.0113790774,crest,unknown,0
9124.699774539431,1-left,unknown,0
9170.589162051634,3-right,widen,0
9207.083203952261,5-left,unknown,0
9259.949920833053,3-right,unknown,0
9294.935701987682,3-left,unknown,0
9339.144503066484,3-right,widen,0
9375.181485049667,4-left,unknown,0
9435.165255114973,crest,unknown,0
9489.37039982551,slight-left,unknown,0
9553.286155707765,crest,unknown,0
9581.398329436712,hp-left,dont-cut,0
9624.264686896735,5-right,unknown,0
9673.820072543565,3-left,unknown,0
9732.425344855728,4-right,unknown,0
9800.998851458964,6-left,unknown,0
9858.867052371439,6-right,unknown,0
9911.527968280252,crest,unknown,30
9945.910969989238,1-right,unknown,0
10010.563432643354,3-left,unknown,0
10054.31874083275,2-right,unknown,0
10099.087883803777,2-left,unknown,40
10130.290093924941,hp-right,unknown,0
10193.567479827338,6-left,unknown,0
10271.667256085806,crest,unknown,0
10301.364123666228,5-left,unknown,0
10340.690138242177,3-right,dont-cut,0
10388.430597493574,4-left,unknown,50
10442.113230397632,2-left,unknown,40
10513.1141336035,6-left,unknown,0
10578.62925674193,2-right,unknown,0
10650.346842591689,4-left,unknown,0
10695.187055394588,2-right,unknown,0
10736.225781762529,6-left,unknown,0
10785.122798707407,5-right,unknown,0
10839.077499139232,5-left,unknown,60
10882.963033654616,6-right,unknown,30
10957.545095231459,4-right,unknown,0
11041.817171304165,2-left,unknown,30
11108.941966721957,2-right,unknown,0
11176.631465794984,4-left,unknown,0
11233.707664468226,2-right,unknown,0
11286.644069220949,square-left,widen,30
11353.322752559125,6-right,unknown,0
11409.787031447819,2-right,unknown,0
11437.151706569117,2-left,unknown,30
11534.728817565356,slight-right,unknown,0
11601.682684829148,4-right,unknown,0
11675.921005561268,slight-left,widen,0
11724.984220740707,4-right,unknown,0
11758.439259231007,2-left,unknown,40
11840.249627787998,crest,unknown,0
11891.09578690283,1-right,unknown,0
11928.341625144405,3-left,unknown,0
11987.709029395506,4-right,unknown,0
12099.750573966418,4-left,unknown,0
12127.496553532994,3-right,unknown,0
12190.879825951968,5-left,unknown,0
12260.861704575933,crest,unknown,0
12297.534745004097,3-left,unknown,0
12340.30989282362,crest,unknown,0
12429.364638593113,3-left,unknown,100
12511.922329728523,3-right,unknown,0
12601.946133592044,4-left,unknown,0
12694.946135461238,6-right,unknown,60
12730.7786428999,crest,unknown,0
12798.254404961974,4-left,unknown,40
12847.368480813413,3-right,unknown,0
12930.44477208844,slight-left,unknown,0
13025.627681367305,3-right,unknown,0
13062.48491374721,hp-left,unknown,0
13137.34820792904,5-right,widen,0
13205.06867460956,4-left,unknown,0
13270.040177714713,slight-right,unknown,0
13337.980467250236,1-right,unknown,30
13370.61035984743,4-right,widen,0
13452.634121005416,6-left,unknown,0
13477.56177615869,3-left,unknown,40
13534.575242001898,slight-left,widen,0
13630.001305539494,crest,unknown,30
13662.417764661202,crest,unknown,30
13678.577972791083,6-right,widen,0
13725.418789212577,hp-left,unknown,30
13816.657522694948,5-left,widen,0
13868.853594872831,2-right,unknown,50
13943.358920800565,slight-right,unknown,70
14009.144723546378,5-right,unknown,0
14084.948949544303,3-left,unknown,0
14132.692653272023,6-left,unknown,0
14208.654167802195,3-right,unknown,0
14270.882910897584,2-left,unknown,0
14337.373732888555,3-right,unknown,0
14420.936801450109,3-left,unknown,0
14481.074139687877,slight-right,widen,0
14535.057106854782,2-left,bridge,30
14564.961359155044,square-right,unknown,0
14621.538843877179,3-right,unknown,150
14718.809011170735,6-right,unknown,0
14806.030857674956,6-left,unknown,0
14859.870456521387,4-right,unknown,0
14914.599059846272,3-left,unknown,0
15008.554605843896,2-right,widen,120
15073.238969056481,2-right,unknown,120
15146.763695905087,jump,unknown,30
15209.569539887785,slight-left,unknown,50
15265.394309365623,5-right,unknown,0
15338.292817895282,slight-left,unknown,0
15385.115356500026,3-right,unknown,0
15478.248162515052,3-left,unknown,0
15556.84217380274,crest,unknown,50
15597.752584760075,6-right,unknown,0
15651.674489819878,6-left,unknown,0
15697.0233554815,crest,unknown,0
15728.944199826597,crest,unknown,0
15748.50484798181,2-left,unknown,0
15797.669789311773,3-right,unknown,0
15860.20009616601,1-right,unknown,0
15914.428719327321,slight-left,unknown,50
15952.1039940046,2-left,unknown,30
16011.128617150644,crest,unknown,0
16072.194285848007,2-right,unknown,0
16107.810182340021,1-left,unknown,0
16161.607964131708,6-right,unknown,40
16193.8371859144,3-right,unknown,50
16241.242905900353,slight-right,unknown,40
16339.008010232319,5-left,unknown,0
16415.823737389892,4-right,unknown,0
16465.85450566992,5-left,unknown,0
16520.43167535529,4-right,widen,0
16631.382802263408,crest,unknown,60
16700,finish,unknown,0