0,3-right,unknown,0
2.1978237533569334,3-left,widen,40
42.24451898574828,hp-right,unknown,0
124.39599294662477,1-left,unknown,0
161.65646429061889,2-right,widen,0
203.56260450363158,4-left,unknown,30
252.50140488624584,4-right,unknown,0
324.863864107132,3-right,unknown,0
377.8692133617403,2-left,widen,40
418.1007061290747,slight-right,caution,0
491.18593380928144,2-right,unknown,0
528.3088462162029,3-left,bridge,0
600.494026155473,1-right,widen,50
697.439045648575,4-left,unknown,0
750.0166861057276,slight-right,unknown,0
792.1877522754667,6-left,unknown,60
844.274319009781,hp-left,widen,0
932.7747038745888,5-right,unknown,40
989.5611566829692,hp-right,unknown,0
1118.788366718291,4-left,unknown,40
1199.975481681824,crest,caution,0
1278.182161293031,hp-right,unknown,30
1319.4513649368298,2-left,widen,30
1378.916447525026,5-left,unknown,0
1478.7742321395885,crest,unknown,0
1555.6314564514153,slight-left,unknown,60
1601.2547628784152,5-right,unknown,40
1670.0222401809679,1-right,unknown,0
1755.9784274864205,4-left,unknown,0
1812.9524305725106,3-right,dont-cut,0
1896.892817554475,3-left,unknown,50
2015.5135324287414,slight-right,widen,0
2053.925228538514,slight-left,unknown,70
2117.5034641456605,4-left,unknown,0
2244.633246631624,crest,unknown,0
2294.8784986686724,crest,unknown,0
2336.928962230686,2-right,unknown,0
2379.6877146339443,5-left,unknown,40
2423.4770236778263,2-right,widen,40
2500.5350807762143,slight-left,bridge,0
2605.0250387573224,slight-right,unknown,60
2704.64306991577,4-left,unknown,50
2801.8500486755393,4-left,unknown,0
2919.5361677169803,4-right,unknown,0
3050.0313416248555,crest,unknown,30
3078.954455638528,2-right,unknown,0
3126.807532535196,crest,unknown,50
3153.1698858791606,4-left,caution,0
3221.817051025035,slight-right,unknown,0
3262.3248142391462,square-left,unknown,60
3320.277782035472,6-left,unknown,0
3405.7061944538386,hp-left,dont-cut,30
3422.8991360622676,6-right,unknown,50
3479.308143439892,3-right,unknown,40
3556.7887586170455,crest,unknown,0
3623.0886138874325,3-left,unknown,70
3668.7004190021767,6-right,caution,0
3749.362529636029,hp-right,unknown,0
3949.479889827376,5-left,unknown,60
4090.537760387071,hp-left,unknown,50
4237.464509387622,4-right,unknown,0
4285.637518497122,6-right,unknown,0
4330.061346851004,crest,unknown,0
4378.828279033318,2-right,unknown,0
4419.561912036552,square-right,unknown,0
4447.698871017113,2-left,unknown,0
4490.340499702109,3-right,unknown,0
4530.902935042986,4-left,unknown,60
4577.890618472705,6-right,unknown,0
4661.079001193658,slight-left,unknown,40
4706.884065127985,slight-right,unknown,70
4776.993186870237,4-right,unknown,0
4885.128952632571,slight-left,unknown,0
4959.56958098951,2-right,unknown,0
4993.080273290307,3-left,unknown,60
5057.938385987907,6-left,unknown,0
5132.933116593991,4-right,unknown,40
5193.860891442925,6-left,unknown,30
5265.982585435538,2-right,unknown,0
5337.309289994861,6-right,unknown,0
5394.437743421222,1-left,unknown,40
5460.7196109062725,3-left,unknown,70
5556.178250718736,2-right,unknown,0
5636.3017190796445,4-left,widen,0
5682.82516924444,1-right,unknown,0
5732.150502019556,square-left,unknown,30
5778.694719720518,6-left,widen,0
5833.530661760007,3-right,unknown,0
5893.066414895688,4-right,widen,0
6008.8084870773855,1-left,unknown,0
6063.8589989906895,3-right,unknown,0
6082.935937324204,2-right,unknown,0
6117.068816314378,2-right,unknown,50
6180.216079097426,6-left,bridge,30
6245.322959113745,slight-left,unknown,0
6302.126449905062,hp-left,unknown,0
6338.063532653477,2-right,unknown,0
6393.448089919707,4-left,unknown,0
6423.071779552123,1-right,unknown,0
6458.244506431244,3-left,unknown,0
6544.602183566712,6-right,unknown,0
6618.330302405972,6-left,unknown,0
6662.298968482631,square-right,unknown,30
6700.559475360533,3-right,unknown,0
6734.510279155397,2-left,unknown,0
6793.574796882297,2-right,unknown,40
6838.175556293153,1-left,unknown,0
6903.84164166989,1-right,unknown,0
6961.873155379906,2-left,unknown,0
7004.9862228351985,slight-right,unknown,0
7044.175193343773,6-left,unknown,0
7082.049495406763,1-right,unknown,0
7126.644284225122,2-left,unknown,0
7168.983108745236,3-right,unknown,0
7202.1959015804705,slight-left,unknown,30
7233.151253028533,6-right,unknown,0
7290.091106734893,3-right,unknown,0
7400.9880143124055,6-left,unknown,40
7478.707517524386,2-left,unknown,0
7555.396053748746,2-right,unknown,0
7623.432540622371,slight-left,unknown,30
7670.0900072247005,3-left,unknown,30
7729.254325519221,2-left,unknown,0
7791.448323970452,crest,unknown,0
7847.727772632258,6-right,unknown,0
7887.349723163263,1-right,unknown,0
7926.1513734013015,5-left,unknown,90
7997.773236232416,crest,unknown,0
8149.441068978898,crest,unknown,0
8201.429702897663,3-left,unknown,0
8239.94489004671,3-right,unknown,0
8276.459945626855,2-right,unknown,30
8317.497160287501,4-left,unknown,0
8381.195134988442,6-right,unknown,0
8440.655102677954,crest,unknown,0
8483.32784430087,3-left,unknown,0
8526.463189569113,4-right,unknown,0
8568.071725564594,slight-left,unknown,70
8622.594697709672,6-left,caution,0
8723.521400209062,4-right,unknown,40
8773.434151559464,6-left,caution,0
8848.154915528881,4-right,unknown,0
8938.926736398327,5-left,unknown,0
8990.009093423481,5-right,unknown,0
9034.059667420981,1-left,unknown,30
9070.850569940198,slight-right,unknown,0
9126.878968663807,6-left,unknown,0
9175.34627815782,3-right,unknown,40
9245.652033315302,2-left,unknown,0
9347.43605988085,2-right,unknown,40
9390.293673196122,2-right,unknown,40
9428.23586196242,1-left,unknown,0
9494.023774502846,2-right,unknown,30
9575.163976986982,3-left,unknown,120
9696.827159169301,4-right,unknown,0
9793.930201695537,slight-left,unknown,0
9857.244568226899,slight-right,unknown,0
9946.41615784939,finish,unknown,0
