0,straight,unknown,60
8.185198106765748,slight-right,unknown,0
66.80089737892152,3-left,widen,0
107.40015809059142,3-right,unknown,0
141.35605156898495,3-left,unknown,60
238.07403237342837,1-left,widen,50
290.0458400058747,1-left,unknown,50
329.2220647144318,3-left,unknown,0
384.2188128376005,2-right,unknown,0
439.0682405567166,2-left,unknown,0
473.2200843524933,6-right,unknown,0
518.8837264156347,2-right,unknown,50
582.767248029709,1-left,unknown,30
640.771855726242,2-right,unknown,0
711.1618603038785,hp-left,unknown,0
763.2603883647915,square-right,unknown,30
803.5795305633543,square-left,unknown,50
833.7803793716431,acute-hp-right,unknown,50
852.22920753479,square-left,unknown,50
871.1839817810059,hp-right,unknown,0
975.1562703227995,hp-left,unknown,30
981.5740700817107,6-left,widen,0
1038.9364597988115,slight-right,unknown,0
1116.1063021755199,5-left,caution,0
1157.1331745815253,6-right,unknown,0
1191.8140582370731,hp-left,unknown,90
1307.2248292922936,hp-right,unknown,0
1386.9609900855985,2-left,unknown,0
1423.645025291438,1-left,unknown,0
1451.45476581573,2-left,unknown,0
1464.8357827758741,6-right,unknown,0
1490.125128040309,6-left,unknown,0
1516.9093465232804,2-right,unknown,0
1576.7989517021138,slight-left,widen,50
1609.8989249801598,2-left,unknown,0
1677.1213018989547,2-right,unknown,0
1713.8170676612838,2-left,unknown,0
1756.4914058780623,4-right,unknown,40
1797.3711823415713,3-left,unknown,0
1885.8573204183538,1-right,unknown,0
1925.6630711698483,2-left,widen,0
1964.6073987150144,2-right,unknown,0
2012.3203291463803,3-left,unknown,0
2046.1055744695616,4-right,unknown,70
2078.343825087543,slight-left,unknown,0
2159.6287810659355,1-right,unknown,0
2203.6723711347536,square-right,unknown,0
2227.704661793707,2-left,unknown,0
2260.4165123128873,crest,unknown,0
2278.7456330823875,slight-right,unknown,0
2311.413996348379,hp-left,unknown,0
2344.277299075126,6-right,dont-cut,30
2376.234472537042,5-right,unknown,0
2421.8589574575426,3-left,unknown,30
2477.814134726526,5-left,caution,0
2532.3225715017343,1-right,unknown,0
2582.868797659877,5-left,unknown,0
2614.1609340047844,slight-left,unknown,0
2652.5826107549647,2-left,unknown,0
2692.3016280317315,hp-right,dont-cut,0
2742.736601424218,2-right,widen,100
2851.999667372704,square-right,caution,0
2943.4724671697613,square-left,unknown,0
2987.3393456506715,2-right,unknown,30
3035.6436012887966,4-right,unknown,0
3088.6862886858007,3-left,unknown,60
3150.50420530796,3-left,unknown,0
3218.2797785615912,4-left,unknown,60
3305.7365011835104,4-left,unknown,0
3393.504991250034,hp-right,unknown,0
3435.9142159891085,square-left,unknown,0
3437.1611247301057,acute-hp-left,unknown,0
3443.8882161951014,square-left,unknown,0
3476.216714262958,5-right,unknown,50
3517.0627123880367,5-left,unknown,0
3580.118699765203,4-right,unknown,0
3617.8430675935733,6-left,unknown,0
3682.9160008287454,3-right,unknown,0
3792.8863234186224,2-left,unknown,0
3863.3328535127653,2-right,widen,0
3898.650066437721,4-left,dont-cut,0
3930.2116056489967,5-right,unknown,0
3972.841401028635,slight-left,unknown,0
4012.4412769365294,1-left,unknown,0
4049.5839031839323,2-right,unknown,30
4105.0479855585045,1-left,dont-cut,0
4164.755690217011,1-right,unknown,70
4237.461512475006,4-left,unknown,0
4297.377650418271,1-right,unknown,40
4369.146464343063,1-right,caution,0
4424.590678687083,square-left,unknown,0
4462.660309510221,square-left,dont-cut,0
4519.646845183363,crest,unknown,0
4550.070148768416,6-left,unknown,0
4610.207940974225,6-right,unknown,70
4734.414655909519,slight-left,unknown,0
4880.242858118993,crest,unknown,70
4938.571951136569,crest,unknown,70
4960.746147532443,slight-left,unknown,0
5041.373798670745,4-left,unknown,40
5116.216686892481,4-right,caution,0
5211.1587721585975,bridge,unknown,0
5272.7067691755055,bridge,unknown,0
5307.517136454557,3-left,unknown,0
5351.276224627471,right-entry-chicane,unknown,220
5614.366189675309,slight-right,unknown,0
5761.624524064043,5-left,unknown,300
6006.666968903516,crest,unknown,130
6342.011763443921,left-entry-chicane,unknown,100
6611.158233494734,4-right,unknown,150
6768.233512024852,4-left,unknown,0
6875.605892243352,2-right,unknown,0
6931.84474401948,3-left,unknown,0
6974.155590062113,5-right,unknown,30
7028.527608647317,5-left,unknown,60
7108.362647938699,slight-right,unknown,0
7200.867562565775,slight-left,unknown,0
7265.0886051225425,5-right,unknown,50
7329.509262852645,4-left,unknown,0
7453.125485272384,crest,unknown,0
7502.279616198514,crest,unknown,0
7512.966951165175,slight-left,unknown,40
7551.0971324872735,slight-right,unknown,0
7629.851098513576,finish,unknown,0
