0,5-right,unknown,0
21.06378346443176,5-left,unknown,180
171.6030560970307,hp-left,unknown,30
244.42835730552696,3-right,unknown,0
326.0474521923063,crest,unknown,0
353.3143321514127,5-left,unknown,0
402.5036841487883,crest,unknown,0
439.1383576869963,1-left,unknown,0
476.77333796501136,3-right,unknown,0
512.3836919307707,5-left,unknown,0
569.5481661319725,3-right,unknown,0
603.4421587848658,3-left,unknown,0
649.6701236438746,3-right,unknown,0
690.5731610202779,4-left,unknown,0
751.2533251476276,crest,unknown,0
811.4158872127522,slight-left,unknown,0
854.2971561336508,crest,unknown,0
886.8694467449182,crest,unknown,0
901.7175452709192,hp-left,dont-cut,0
937.6382267284386,5-right,unknown,0
982.0851797485344,3-left,unknown,0
1053.0749975013714,4-right,unknown,0
1119.5943012046794,6-left,unknown,0
1185.3397643470746,6-right,unknown,0
1239.885439510343,crest,unknown,30
1280.7202813529937,1-right,unknown,0
1340.6222467231714,3-left,unknown,0
1372.9153252029384,2-right,unknown,0
1416.525754127498,2-left,unknown,40
1447.6914563369714,hp-right,unknown,0
1512.9644573783828,6-left,unknown,0
1585.2606547546343,crest,unknown,0
1621.1350867462118,5-left,unknown,0
1666.770101051326,3-right,dont-cut,0
1717.3476543807944,4-left,unknown,50
1763.8746335601766,2-left,unknown,40
1833.2973047256442,6-left,unknown,0
1901.167450160978,2-right,unknown,0
1972.9380377006491,4-left,unknown,0
2011.4868750381406,2-right,unknown,0
2061.120466842645,6-left,unknown,0
2105.4072945976195,5-right,unknown,0
2169.8617504310514,5-left,unknown,60
2210.393871593467,6-right,unknown,30
2296.126498470294,4-right,unknown,0
2373.9690190315137,2-left,unknown,30
2434.7315568351646,1-right,unknown,0
2501.308666515338,4-left,unknown,0
2542.9605831336835,2-right,unknown,0
2595.429972801197,square-left,unknown,30
2668.9592966461096,6-right,unknown,0
2731.459830493918,2-right,unknown,0
2769.61683254241,2-left,unknown,30
2855.0573875236414,slight-right,unknown,0
2926.609586887352,4-right,unknown,0
3009.6690763664164,slight-left,widen,0
3056.5112095451263,4-right,unknown,0
3096.9014955711273,2-left,unknown,40
3166.995591697684,crest,unknown,0
3224.055296382896,2-right,unknown,0
3259.2748634338304,3-left,unknown,0
3322.357968654626,4-right,unknown,0
3429.5687743706553,4-left,unknown,0
3472.465290216913,3-right,unknown,0
3537.8970896096166,5-left,unknown,0
3618.053235964292,crest,unknown,0
3658.402998575682,3-left,unknown,0
3727.80134639215,crest,unknown,0
3786.1739059014258,3-left,unknown,100
3866.848830675598,3-right,unknown,0
3965.7195850319818,4-left,unknown,0
4036.461486601352,6-right,unknown,60
4089.1530931229595,crest,unknown,0
4165.278365187165,4-left,unknown,40
4218.248842253208,3-right,unknown,0
4290.140942625523,slight-left,unknown,0
4375.389624170774,3-right,unknown,0
4421.569735521787,hp-left,unknown,0
4479.03063205194,5-right,unknown,0
4546.517071127409,4-left,unknown,0
4629.04466504526,slight-right,unknown,0
4687.012761015411,1-right,unknown,30
4723.599893126012,4-right,widen,0
4793.754953073982,6-left,unknown,0
4830.98029826594,3-left,unknown,40
4897.109127001293,slight-left,unknown,0
4993.079381632333,crest,unknown,30
5040.7006055398,6-right,unknown,0
5087.487905649665,hp-left,unknown,30
5171.235464752495,5-left,widen,0
5223.2711598284795,2-right,unknown,50
5312.887266414933,slight-right,unknown,70
5382.8969712718,5-right,unknown,0
5476.686830356877,3-left,unknown,0
5519.16418886975,6-left,unknown,0
5572.541142299925,3-right,unknown,0
5648.653195598879,2-left,unknown,0
5711.420064113898,3-right,bridge,0
5781.277674148843,3-left,unknown,0
5847.2382864459005,slight-right,unknown,0
5898.732271431253,2-left,unknown,30
5929.218498657509,square-right,unknown,0
5979.8291270716645,square-right,unknown,0
5988.201963756843,3-right,unknown,150
6108.507042377752,6-right,unknown,0
6213.065496433539,6-left,unknown,0
6265.318625286381,4-right,unknown,0
6316.298385990426,3-left,unknown,0
6397.445946110048,2-right,unknown,120
6519.626873424811,jump,unknown,30
6599.402011516853,slight-left,unknown,50
6655.480901363652,5-right,unknown,0
6736.796126354502,slight-left,unknown,0
6782.843543117811,3-right,unknown,0
6859.50862681227,3-left,unknown,0
6934.4910867198,crest,unknown,50
6973.2037134821885,6-right,unknown,0
7050.166672161387,6-left,unknown,0
7102.576136768626,crest,unknown,0
7150.081907337474,2-left,unknown,0
7193.896009815502,3-right,unknown,0
7237.665422180466,1-right,unknown,0
7284.544786632828,slight-left,unknown,50
7324.439112747482,2-left,unknown,30
7396.349844539935,crest,unknown,0
7453.008028953846,2-right,unknown,0
7491.831953857714,1-left,unknown,0
7527.538010204606,6-right,unknown,40
7557.227399738603,3-right,unknown,50
7639.123030117327,slight-right,widen,40
7727.5266621287365,5-left,unknown,0
7823.386276806164,4-right,unknown,0
7876.741900928785,5-left,unknown,0
7918.952182853989,4-right,unknown,0
8006.46111897891,crest,unknown,60
8031.799577688624,finish,unknown,0
