0,crest,unknown,0
6.2468211936950695,slight-left,unknown,0
34.377848453521736,3-right,unknown,0
82.90300621032718,crest,unknown,0
100.31006561279301,1-right,unknown,0
139.66005035400403,square-right,unknown,0
168.19553632736233,4-left,unknown,90
246.3826496982577,4-left,unknown,0
331.8602112293247,1-right,unknown,0
385.8516388607028,2-left,dont-cut,0
434.01296423912044,4-right,widen,0
479.3332029819486,3-left,unknown,0
529.6010606288905,slight-right,unknown,0
584.4565297222141,jump,unknown,50
655.8182211208348,2-left,unknown,30
738.2249918651584,3-right,unknown,0
803.8138192272181,3-left,unknown,0
861.0131234264373,3-right,unknown,0
923.4675766468049,3-left,unknown,80
1033.5328337192518,square-right,unknown,0
1111.0549040698995,square-right,unknown,0
1131.1629004764557,6-left,unknown,0
1196.2445457935323,3-left,unknown,0
1282.9016546535486,crest,unknown,0
1298.961487607956,3-right,unknown,0
1332.0959204196927,2-left,unknown,0
1388.2308341884611,2-right,unknown,40
1500.3495854854582,slight-left,unknown,0
1567.1317995357513,6-right,unknown,100
1598.122390165329,6-right,unknown,100
1638.083334798813,5-left,unknown,30
1734.9933399868012,crest,unknown,80
1779.9260877132417,crest,unknown,80
1814.0110814189914,1-right,unknown,0
1927.8430850887307,crest,unknown,0
1956.399945287707,3-left,unknown,0
2021.9521219539677,crest,unknown,0
2067.322375822072,3-right,unknown,0
2146.3409783840216,hp-left,unknown,30
2225.310094652177,6-right,widen,0
2281.9648399353027,1-left,unknown,0
2327.996462326048,2-right,unknown,0
2381.593847007751,slight-left,unknown,0
2414.5001495933525,6-right,unknown,0
2478.413536434172,crest,unknown,0
2552.8450122261015,4-left,unknown,0
2597.726539859769,6-left,caution,0
2664.701683750148,3-right,unknown,0
2710.9656052970804,slight-left,unknown,60
2756.83955421447,5-left,unknown,40
2844.827604713433,6-left,unknown,0
2964.135543136596,3-right,unknown,40
3063.1800940704325,slight-left,unknown,0
3149.74536022186,2-right,widen,0
3257.9523418998656,2-left,dont-cut,0
3323.82968660354,3-right,unknown,0
3381.8162767410213,crest,unknown,40
3438.152122783655,crest,unknown,0
3522.4918898963874,6-right,unknown,50
3587.674649715417,acute-hp-left,unknown,30
3746.719759755873,6-left,unknown,0
4764.323014707878,dip,unknown,0
4813.6601303771295,5-right,unknown,0
4853.731560964895,5-left,unknown,0
4894.288025808643,slight-right,unknown,40
4952.018428640675,6-left,unknown,50
5045.660205679249,crest,unknown,0
5141.187594518971,5-right,unknown,0
5191.498568106011,5-left,unknown,0
5254.30799269707,4-right,unknown,0
5301.676451216052,crest,unknown,0
5368.228998060539,5-left,unknown,30
5415.3505341628315,crest,unknown,0
5508.368676596,5-right,unknown,40
5556.903339338618,4-left,unknown,0
5634.609026899651,3-right,unknown,0
5696.722121801688,4-left,unknown,40
5754.00289921791,3-right,unknown,0
5847.181000109019,5-left,unknown,0
5890.73710114509,slight-right,unknown,0
5945.190438280405,crest,unknown,50
5989.243492060008,hp-right,unknown,40
6064.0618810942815,2-left,unknown,30
6109.787162838288,1-left,unknown,40
6164.734054375002,hp-right,unknown,70
6263.425176334693,crest,unknown,0
6322.648915825198,5-right,unknown,0
6364.383533172917,3-left,unknown,0
6429.9959336665415,4-right,unknown,0
6472.347933750464,slight-left,unknown,0
6524.416819706277,crest,unknown,40
6565.563965282756,4-right,unknown,0
6653.813138904886,2-right,unknown,0
6699.9095062068245,4-left,unknown,0
6752.633229103399,6-left,unknown,0
6793.346938438725,jump,unknown,30
6868.024294777224,3-right,unknown,0
6923.423267708127,6-left,unknown,0
6970.150565300289,2-right,unknown,0
7006.970538139645,1-left,unknown,0
7038.6373020556575,3-right,unknown,0
7096.417005539236,4-left,unknown,40
7131.540747680963,3-right,unknown,0
7206.508438721003,1-left,unknown,0
7249.452185592954,3-right,unknown,0
7275.919528770752,slight-left,unknown,0
7307.896685943907,hp-left,unknown,0
7359.376462707821,5-right,unknown,180
7468.616639776534,slight-right,unknown,0
7535.585436849899,1-left,unknown,0
7574.680793829268,3-right,unknown,0
7610.235583181683,4-left,unknown,0
7659.149592237775,crest,unknown,0
7711.730925722432,2-right,unknown,0
7748.628725691148,slight-left,unknown,30
7786.061044054337,4-left,unknown,0
7852.040579443281,3-right,unknown,30
7904.818954382249,3-left,unknown,0
7980.273308706583,slight-left,unknown,30
8033.023353052444,square-right,unknown,0
8163.317816391286,crest,unknown,30
8199.768652077018,4-right,unknown,0
8247.207017555538,2-left,unknown,0
8293.622481308297,6-left,unknown,40
8346.059518337563,4-right,unknown,40
8417.353686199493,5-left,unknown,0
8497.88853338272,3-right,unknown,0
8537.53082170517,3-left,unknown,30
8583.951597175917,5-right,unknown,0
8658.62266027483,crest,unknown,0
8747.059116268467,4-right,unknown,0
8797.1478794673,2-left,unknown,0
8845.259080448452,5-right,unknown,0
8879.993201160738,4-left,unknown,30
8914.418236007998,4-right,unknown,0
8973.925379028631,4-left,unknown,0
9015.819306335767,3-left,unknown,0
9051.246861515358,6-left,unknown,0
9098.393874721836,crest,unknown,0
9167.482389698336,slight-right,unknown,50
9252.668592472375,6-left,unknown,120
9375.43062768967,finish,unknown,0
