0,straight,unknown,90
57.09228062629699,crest,unknown,110
99.08323220252996,5-left,cut,120
221.31417351722723,crest,unknown,60
379.59400101661714,slight-right,unknown,160
480.9024231052405,3-right,unknown,30
677.6237601566336,4-left,unknown,60
738.4370114231128,4-left,unknown,70
838.9855904865284,3-right,unknown,0
921.9127400302908,5-left,unknown,0
970.2394092273737,5-right,unknown,0
1021.4505608463311,5-left,unknown,40
1100.0479678240129,5-left,unknown,60
1178.3099927416163,4-right,unknown,100
1271.5813107576687,5-right,unknown,0
1396.7346345796905,3-left,unknown,0
1450.439122189554,5-right,unknown,40
1528.8330057993257,2-right,unknown,0
1593.5480970468855,5-left,unknown,50
1644.1411018076278,2-right,unknown,40
1723.4442463388773,1-left,unknown,60
1824.5580160608608,2-right,unknown,0
1891.4814354410491,4-left,unknown,0
1928.2360524454432,4-right,unknown,0
1977.6146397867506,slight-left,unknown,0
2027.695590104135,6-right,unknown,90
2080.9591719522796,2-right,unknown,0
2182.7629442682614,1-left,unknown,0
2232.5253573694563,3-left,unknown,50
2276.4439634409255,4-right,unknown,100
2384.3022579660746,1-left,unknown,30
2501.0155376520484,2-right,unknown,30
2570.7163904848453,6-left,unknown,50
2640.226507214579,4-right,unknown,30
2713.1690996065495,1-left,unknown,0
2792.3370015993464,3-right,unknown,0
2835.4776647228437,4-left,unknown,0
2885.9860277408793,3-right,unknown,30
2942.7353027195154,3-left,unknown,0
3012.148955597322,5-right,unknown,0
3058.421219200535,4-left,unknown,90
3104.10731543009,slight-left,unknown,70
3190.4477800602176,2-right,unknown,0
3259.7047584003662,2-right,unknown,0
3297.9167945713266,4-left,dont-cut,0
3341.8173619694,5-right,unknown,0
3391.1733238453166,2-left,unknown,30
3438.5969994587194,6-left,unknown,30
3519.108167251992,5-right,caution,50
3593.4886560291534,slight-right,unknown,0
3653.8178764576223,2-right,unknown,0
3699.1492585224396,3-left,unknown,0
3737.488035797526,5-right,unknown,0
3778.704004387309,5-left,unknown,0
3824.70486681407,6-right,unknown,50
3878.4653069538417,6-left,unknown,80
3939.803111481124,5-left,unknown,30
4060.032024979052,3-right,unknown,70
4127.481258301201,4-left,unknown,0
4257.715184702253,6-right,unknown,60
4308.509755358074,4-right,unknown,30
4396.980538095806,4-left,unknown,100
4464.432046427106,6-left,unknown,170
4613.724332231863,slight-right,unknown,50
4768.204934572563,crest,unknown,70
4832.515975069391,crest,unknown,70
4855.23360499798,6-right,unknown,0
4959.829488634453,5-left,unknown,0
5052.07631862103,3-left,unknown,0
5107.56635291516,slight-right,unknown,0
5153.715864290586,4-left,unknown,0
5212.940889582029,bridge,unknown,0
5250.318506159177,1-right,unknown,50
5282.513563570373,4-right,unknown,0
5339.196621336334,1-left,unknown,0
5383.552959150666,6-right,unknown,150
5555.327132677427,slight-right,unknown,0
5686.148457712524,crest,unknown,40
5754.370073503849,4-left,unknown,0
5817.7120082801575,6-right,unknown,0
5868.647108721137,3-left,unknown,40
5964.893427194955,4-left,unknown,30
6023.031561235787,1-right,unknown,0
6093.683790850042,bridge,unknown,30
6127.190899004337,5-right,unknown,70
6216.6926817268095,6-left,unknown,70
6327.027572244998,6-left,unknown,100
6455.007663645149,3-left,unknown,100
6582.872035707835,5-left,unknown,70
6704.550554575326,3-right,unknown,0
6810.848199419382,6-left,narrow,0
6883.394488173463,6-left,unknown,60
6944.225512248013,hp-left,unknown,0
7071.210165339445,crest,unknown,30
7085.898546915981,1-right,unknown,40
7130.168097258537,square-right,bridge,0
7185.586842490166,6-left,unknown,40
7217.571077395407,acute-hp-left,unknown,0
7285.494473486878,5-right,unknown,0
7320.676575728394,4-left,unknown,0
7357.227255469299,crest,unknown,0
7392.561117259,1-right,unknown,70
7431.276158381435,4-right,unknown,0
7497.777265425656,square-left,unknown,0
7538.786982260676,2-right,widen,70
7643.032132521593,3-right,unknown,0
7683.978375788645,6-right,unknown,30
7716.879587851478,jump,unknown,0
7779.754112997968,6-right,unknown,50
7828.719527884444,hp-left,unknown,0
7925.188068743666,6-left,unknown,40
7974.596658736191,3-right,unknown,80
8114.400142622905,4-right,unknown,80
8263.030066271729,6-left,unknown,120
8387.968733454663,6-right,unknown,90
8549.9993017301,slight-right,unknown,50
8694.63268410772,2-left,unknown,60
8783.362245875303,6-left,unknown,250
9037.332994261656,4-right,unknown,30
9184.353754874157,3-left,cut,0
9258.01891341298,5-right,unknown,50
9304.45438693136,6-right,unknown,50
9372.497765952046,2-left,cut,0
9476.79714160055,crest,unknown,40
9525.650586987427,2-right,unknown,30
9561.914206248213,2-right,unknown,30
9587.694260226177,3-left,cut,90
9663.071699839522,finish,unknown,0
