0,3-right,unknown,30
26.635517034530633,2-left,unknown,30
115.79903054237381,crest,unknown,0
182.08532055854812,2-right,cut,0
222.52343560218821,6-left,unknown,60
287.0874935817721,4-left,unknown,0
383.3054933834078,3-right,cut,0
432.7606769847872,5-left,unknown,220
649.0534995937353,6-right,unknown,60
897.4616939067843,slight-left,twisty,0
1035.426652994155,5-right,unknown,120
1175.0390563297258,6-right,unknown,60
1316.2865275669078,4-left,unknown,80
1499.2988566303256,2-left,unknown,60
1615.738155336381,6-right,unknown,50
1708.3411582660679,hp-right,unknown,40
1801.1250814151765,6-left,widen,0
1875.0944308757796,jump,unknown,0
1926.03678824425,5-left,unknown,30
1976.5925437831904,2-left,unknown,0
2025.3655924510974,hp-right,unknown,70
2101.912040920257,4-left,unknown,0
2191.5769745063785,3-left,unknown,30
2216.189688625337,slight-left,twisty,40
2254.9641463661196,2-left,unknown,0
2315.1531657600417,crest,unknown,0
2329.528655719758,3-right,unknown,0
2361.158957538606,6-left,unknown,0
2398.939379177095,acute-hp-right,twisty,40
2434.0218529892004,6-right,unknown,0
2507.4853206856938,acute-hp-right,unknown,40
2549.0255642922616,1-left,unknown,0
2604.140882285426,crest,unknown,30
2647.0122397835926,hp-right,unknown,50
2718.064506581612,6-right,unknown,40
2766.3905066426473,slight-right,unknown,0
2856.2726154835914,2-left,widen,70
2915.121143658947,5-right,unknown,100
3012.354188817331,4-right,unknown,90
3125.171653188056,hp-left,unknown,0
3139.38518601734,6-right,unknown,80
3246.8006646855524,6-right,unknown,40
3353.1118835194743,crest,unknown,50
3420.6152564366503,5-right,unknown,120
3518.3873090871025,bridge,unknown,30
3584.183714459722,1-left,unknown,30
3629.071286862675,4-right,twisty,40
3690.3419757588517,3-right,twisty,30
3753.9823329671026,6-left,unknown,40
3805.6019757969966,4-right,twisty,40
3903.8022516759047,crest,unknown,170
4058.693521817511,6-left,unknown,40
4194.58192139942,3-right,unknown,0
4299.360058759041,2-right,unknown,0
4352.073605626413,5-right,unknown,50
4386.4794663747,acute-hp-right,unknown,0
4434.219026006045,acute-hp-right,twisty,0
4455.344823811831,bridge,unknown,0
4500.115531667054,4-right,twisty,0
4535.093585618312,4-left,unknown,0
4576.654304116536,4-right,unknown,70
4649.1257886441235,6-left,unknown,80
4749.555764497091,crest,unknown,40
4833.4997658856455,crest,unknown,40
4961.58452803927,6-right,unknown,90
5110.034252007777,4-right,twisty,30
5239.985647385891,3-left,unknown,50
5301.612330849945,6-left,unknown,0
5383.304283326441,3-left,dont-cut,60
5444.182441476162,3-left,unknown,30
5541.171746133144,5-right,unknown,80
5602.046632035552,6-right,unknown,50
5714.46935641604,5-right,unknown,0
5818.0617904599285,5-right,unknown,30
5880.615206979095,4-left,unknown,0
5939.097335999785,3-right,unknown,0
5981.975300515475,2-left,unknown,50
6016.67126323062,4-left,unknown,0
6082.702000497159,6-right,unknown,40
6127.5806518490845,2-right,unknown,0
6233.827987473772,2-left,unknown,0
6279.500164597798,4-right,twisty,0
6325.788071702288,2-left,unknown,70
6412.142399323751,slight-right,twisty,100
6486.760254739094,3-right,unknown,0
6591.513513215352,5-right,unknown,0
6636.458392251305,3-right,unknown,0
6680.326866410544,4-left,unknown,0
6720.774555657674,4-right,twisty,30
6782.188280862139,2-left,unknown,0
6848.481313622762,2-right,unknown,0
6886.333390992453,5-left,unknown,60
6940.681825173667,6-right,unknown,30
7025.726060097986,2-left,unknown,0
7089.79168391543,square-right,unknown,100
7210.105481942469,3-left,widen,50
7290.4553972943295,4-right,caution,0
7376.8105829174965,2-right,unknown,0
7429.20447356539,2-left,unknown,90
7504.989116204551,6-left,unknown,0
7593.071488107017,slight-right,bridge,0
7643.547211297324,4-left,unknown,0
7691.96922068911,4-right,twisty,0
7738.862397759725,2-left,unknown,60
7779.924150269797,3-left,unknown,30
7856.502042992873,2-left,unknown,40
7937.498175595564,5-right,unknown,0
8007.9980292447035,3-left,widen,30
8064.191597321793,5-left,unknown,0
8142.979460595417,slight-right,twisty,0
8187.461187051101,3-right,unknown,0
8231.24358146028,3-left,unknown,80
8293.298054269117,5-right,unknown,60
8383.561468232441,5-right,unknown,40
8471.501705582898,4-right,twisty,0
8555.960614121715,4-left,unknown,0
8630.540948289197,5-right,unknown,0
8681.52129809694,3-left,unknown,50
8728.847728989886,4-right,twisty,40
8807.387700341498,slight-left,twisty,0
8870.833527634899,4-right,unknown,0
8922.45513991668,3-left,unknown,160
9043.3573353131,slight-left,twisty,70
9154.127370827922,crest,unknown,150
9258.749826997033,5-right,cut,110
9418.817442506068,crest,unknown,70
9560.66085772823,finish,unknown,0
9650.700684617266,finish,unknown,0
