0.7571503734588623,3-right,unknown,50
39.34021631240846,4-right,unknown,0
117.06859617233279,6-left,unknown,50
165.98363161087025,6-right,unknown,0
236.0152918434141,hp-left,unknown,40
321.57297266006464,5-right,unknown,70
405.8255763053892,5-left,unknown,0
502.2504284095762,3-right,dont-cut,0
550.1020713615419,5-left,unknown,80
661.2856676244746,2-right,unknown,80
755.0233506536499,1-right,unknown,0
844.5767098760614,5-right,unknown,0
921.6985182913538,slight-left,unknown,0
981.0233758124108,hp-left,unknown,30
1013.6894262846707,slight-right,unknown,0
1097.2455588942128,3-left,unknown,30
1136.8111316710067,2-right,unknown,90
1232.9966060667582,4-left,unknown,50
1332.494567072924,3-right,dont-cut,60
1459.0545908766362,6-left,unknown,0
1565.8742553358634,2-left,unknown,0
1615.2677372389396,4-left,unknown,70
1744.4477243464532,5-right,dont-cut,70
1819.89653511458,slight-right,unknown,50
1992.5494343226487,4-left,narrow,0
2114.1516051142744,hp-right,unknown,0
2168.438723472889,5-right,unknown,70
2234.467643989857,5-left,unknown,0
2342.8642056506246,4-left,unknown,130
2512.283752884205,1-right,unknown,240
2780.7774675982578,5-right,unknown,40
2906.636939873039,4-right,unknown,0
2958.763505119622,hp-left,unknown,50
3036.87835842544,6-left,unknown,120
3136.8337730639582,5-left,unknown,40
3250.458046211538,hp-right,unknown,60
3400.1733101504396,slight-left,unknown,70
3462.4295714419436,4-right,unknown,50
3550.2541640322784,slight-right,unknown,0
3659.1535715335012,hp-left,unknown,130
3867.9392465441815,6-left,unknown,60
3962.411589111625,5-left,unknown,70
4052.688230728444,6-left,unknown,60
4162.317998413385,slight-right,unknown,0
4251.743545135808,hp-right,unknown,190
4401.110147480316,4-right,unknown,60
4675.686260380094,slight-left,unknown,0
4764.4159886210655,6-right,unknown,0
4866.320812954257,6-left,unknown,50
4907.0361541789325,hp-right,unknown,40
5011.746207737283,6-left,unknown,0
5077.349697632145,slight-right,unknown,100
5296.911485313725,4-right,unknown,0
5443.6557137912,4-left,unknown,0
5491.6851650851495,2-right,unknown,0
5551.147621826483,4-left,unknown,0
5591.645039200138,6-right,unknown,90
5643.959163765267,hp-left,unknown,50
5776.691259826967,4-left,unknown,40
5834.335609726255,3-right,unknown,0
5905.4569022982705,4-left,unknown,0
5952.509177040402,3-right,dont-cut,0
6030.9192579119845,3-left,unknown,160
6191.087150482476,hp-right,unknown,50
6326.23520269805,5-left,unknown,40
6383.577393860163,3-right,unknown,50
6479.19370970184,6-left,unknown,200
6684.732488350212,slight-right,unknown,0
6820.2362113803,hp-left,unknown,60
6909.2097794383135,4-right,cut,0
6974.896235203087,slight-left,unknown,0
7033.079109081565,6-right,unknown,0
7089.605452198324,4-left,unknown,0
7155.993302463829,hp-right,unknown,70
7261.501343750304,4-left,dont-cut,60
7336.401271519001,2-left,unknown,40
7416.446371006311,3-right,unknown,0
7494.8788020365855,6-right,unknown,40
7566.8805076640265,slight-left,unknown,0
7639.05374809676,2-right,unknown,0
7683.608454174337,hp-left,unknown,0
7730.761523289023,4-left,unknown,0
7773.948955425554,5-right,unknown,80
7836.313298897083,slight-left,unknown,30
7945.353640732112,hp-right,unknown,0
8016.648592228238,slight-left,unknown,30
8073.050025085759,hp-left,unknown,0
8161.12665945466,6-right,unknown,0
8206.388842443777,slight-left,unknown,0
8271.496055979083,hp-right,unknown,30
8352.25451777872,slight-right,unknown,120
8445.576609243712,1-left,dont-cut,0
8570.906480936366,5-right,dont-cut,0
8636.788927206355,5-left,unknown,50
8686.253793844538,slight-right,unknown,0
8757.917888883914,6-right,unknown,50
8862.378164572088,6-right,unknown,50
8998.5606493133,5-left,unknown,60
9074.031451715791,slight-left,unknown,80
9156.00985389169,6-right,unknown,80
9248.309908823323,1-right,unknown,30
9378.955487417525,slight-left,unknown,150
9501.696099008861,5-right,unknown,100
9614.735891908942,5-left,dont-cut,40
9757.612914346997,4-right,unknown,50
9872.229021257708,6-left,unknown,200
10119.668573783472,slight-right,unknown,0
10218.930861342991,finish,unknown,0
