0,slight-left,unknown,200
225.37502070426947,3-left,unknown,40
315.5151031398778,4-right,unknown,100
452.85730364799554,6-left,unknown,120
606.5817499446874,slight-right,dont-cut,40
743.491754674913,1-left,dont-cut,70
884.076647119523,6-left,dont-cut,60
954.6574441623695,slight-right,unknown,90
1049.5892683506015,hp-right,unknown,70
1242.95231856346,6-left,cut,60
1314.9257210063906,slight-left,unknown,50
1393.7025206279734,5-right,unknown,0
1503.8656255626668,6-left,unknown,0
1576.6854869747149,3-right,unknown,0
1629.8083719158162,2-right,dont-cut,180
1745.1069617938995,hp-left,unknown,0
1864.286086435316,slight-right,unknown,0
1920.9577469348885,slight-left,unknown,40
1970.7703138637526,hp-right,unknown,60
2098.0775334262794,slight-left,caution,0
2158.2996579265555,hp-left,unknown,0
2200.7447939968047,slight-right,unknown,80
2285.445507631301,slight-left,unknown,0
2369.678077592852,6-right,unknown,40
2423.8189467334787,1-right,unknown,0
2489.1734378910105,1-left,unknown,0
2557.8115583324507,slight-right,unknown,90
2614.3791018581433,4-left,unknown,40
2711.777324819567,3-right,unknown,50
2802.998634939192,6-right,unknown,70
2886.6873873043064,hp-left,unknown,0
2991.507079458238,5-right,unknown,0
3066.2238240909574,6-left,unknown,0
3120.5028508472465,slight-right,unknown,0
3177.4122476291714,4-left,cut,70
3240.1380572986627,hp-right,unknown,0
3348.444543695453,slight-left,unknown,200
3507.983033170702,slight-right,unknown,40
3629.8981847667687,3-left,unknown,40
3691.25958834648,6-right,unknown,50
3816.2890011119844,hp-left,unknown,150
4050.17730416656,3-right,unknown,0
4143.390613759766,3-left,unknown,0
4197.174001516117,3-right,unknown,0
4267.229817174686,3-left,unknown,40
4346.025391782537,5-right,widen,50
4418.434161275643,hp-right,unknown,70
4549.833165887615,slight-left,dont-cut,0
4614.987104867712,5-right,unknown,0
4671.562281831514,2-left,unknown,0
4720.811440461886,4-right,unknown,0
4759.275885995635,4-left,unknown,40
4816.265492929227,slight-left,unknown,70
4952.88849868179,slight-left,unknown,0
5083.347419656519,6-right,unknown,50
5296.607365964643,slight-right,unknown,0
5350.693822778457,slight-left,unknown,0
5395.600018609755,slight-right,unknown,120
5516.046728433366,hp-right,unknown,0
5660.710820440054,slight-left,unknown,30
5709.857240785359,3-left,unknown,160
5809.248010438673,slight-left,unknown,0
6011.254860852951,5-right,unknown,60
6079.132019399395,4-right,unknown,70
6172.319671834698,slight-right,unknown,140
6306.858194249862,hp-right,unknown,0
6452.863134588001,5-left,unknown,40
6528.9489107072295,crest,unknown,30
6616.705909303423,3-left,unknown,40
6684.525040467974,slight-right,unknown,60
6858.111718362566,hp-left,unknown,0
6866.543822244404,4-right,unknown,120
7022.5714035355995,5-right,unknown,60
7132.331363481282,hp-right,unknown,0
7230.457608102556,4-left,unknown,30
7296.777816327806,5-left,unknown,200
7467.4980269563175,1-left,caution,120
7668.3031400621,4-right,unknown,70
7861.823445543066,6-left,caution,0
8061.579560312046,3-right,unknown,30
8133.617221235051,slight-left,unknown,70
8293.241877855082,5-left,dont-cut,70
8425.398978723297,4-right,unknown,0
8516.127607339635,1-right,unknown,0
8577.65521701219,5-right,unknown,50
8659.283504289418,3-left,unknown,40
8755.196655000493,4-right,unknown,50
8851.810890420711,slight-left,unknown,0
8947.33796161059,3-left,unknown,0
9014.757268174928,2-right,unknown,70
9076.225958207884,square-right,unknown,30
9188.18957532291,3-left,unknown,0
9242.138497599402,1-left,unknown,70
9351.579389094159,1-left,unknown,80
9451.540860079574,4-right,unknown,40
9532.044826716223,3-left,dont-cut,0
9603.278820627978,6-right,unknown,70
9658.490469912347,6-left,unknown,40
9749.0640377224,hp-right,unknown,0
9869.772926749047,6-left,unknown,30
9927.901625460434,6-right,unknown,0
9983.432862261581,5-left,unknown,50
10031.191931322863,3-left,unknown,0
10116.74692300683,finish,unknown,0
