0,right-entry-chicane,widen,0
0,4-left,bridge,0
0,2-left,widen,0
27.43323615074158,square-right,unknown,90
111.43088654518132,5-left,widen,40
202.55138289451594,6-right,unknown,80
286.64841334342947,5-left,twisty,0
407.9788685894009,4-right,unknown,30
516.4947210216516,3-left,unknown,40
656.7629341030114,2-right,unknown,30
775.4633473873132,3-left,unknown,30
852.9979811954485,4-right,widen,40
954.3753996372205,crest,caution,0
1051.8669190311416,1-left,widen,30
1122.5975616931903,slight-right,widen,50
1180.3595578670495,1-right,unknown,0
1189.0652820873252,5-left,unknown,0
1277.2733133983597,slight-right,unknown,90
1338.2103642559043,crest,unknown,40
1395.714103651046,crest,unknown,40
1457.8354711818681,3-right,unknown,50
1592.3843421459198,5-left,widen,30
1656.8617680835728,4-right,widen,40
1743.443564233779,3-left,widen,0
1863.0812894535043,5-left,widen,70
1963.6090374469748,6-right,unknown,0
1979.4967945957176,5-right,unknown,70
2085.7241690158858,4-right,unknown,60
2209.9641634464256,5-left,widen,0
2326.918150568009,jump,unknown,70
2418.396410722731,crest,unknown,40
2497.645116624831,crest,unknown,40
2587.3683239459983,bump,unknown,140
2798.7525080466244,jump,unknown,0
2856.1442131018616,jump,unknown,0
2936.4761313605286,crest,widen,40
3066.3067893195152,5-left,unknown,0
3127.491385037899,slight-right,widen,70
3189.862163159847,3-left,unknown,0
3309.1204454779604,4-right,widen,0
3371.501043431757,slight-left,unknown,50
3444.0557228827447,crest,unknown,50
3525.8060088324523,jump,unknown,30
3583.30829440832,jump,unknown,30
3615.7206063055955,crest,widen,0
3648.6036223959873,crest,unknown,0
3666.5893173956842,5-right,unknown,60
3719.828452146051,6-right,widen,40
3806.835761334893,5-left,widen,70
3896.4439751028976,5-left,widen,70
4010.5878912711087,crest,unknown,0
4052.6051161169976,crest,unknown,0
4088.8697175574284,crest,unknown,0
4117.681285207273,6-right,unknown,0
4191.510902097229,6-left,unknown,40
4319.735377881526,2-right,unknown,30
4436.218497693538,3-left,unknown,0
4515.877138783929,5-right,widen,0
4590.8306478095,crest,unknown,50
4650.132483785145,5-left,widen,30
4732.360417401784,5-left,twisty,40
4806.566622426498,6-right,unknown,30
4906.164173467145,5-left,widen,40
5018.375604550824,bump,widen,0
5077.104268262372,5-left,bridge,0
5127.711577146037,4-right,twisty,80
5176.734647710306,6-right,widen,0
5261.217028157695,2-left,widen,40
5416.585009114725,4-right,twisty,0
5484.541835248447,6-left,unknown,0
5565.19604034183,crest,unknown,50
5623.664404637786,slight-left,unknown,0
5679.715997159455,6-left,unknown,70
5740.578435857266,6-right,twisty,0
5831.756432225675,crest,unknown,130
6051.003235890827,4-right,twisty,40
6201.304290578324,5-left,widen,80
6317.4381637167535,crest,unknown,0
6401.535709760146,jump,unknown,0
6459.1558674978805,3-right,widen,0
6512.264295880753,slight-left,unknown,0
6576.926192433793,slight-right,widen,0
6690.6454406332605,3-left,caution,70
6804.59136726137,4-right,widen,120
6956.509848058186,5-left,widen,0
7071.859762990441,6-left,widen,50
7190.5152120566045,crest,twisty,0
7250.313066403838,crest,widen,0
7290.368284604526,6-right,unknown,50
7398.58452106236,6-left,widen,70
7493.580735013472,3-right,widen,0
7633.032558553204,6-left,widen,30
7706.25921634434,6-right,widen,50
7917.0735411047835,crest,caution,0
7998.45205131291,4-right,unknown,0
8057.605083081706,4-left,unknown,0
8107.98950065373,jump,unknown,180
8318.256714131818,crest,unknown,0
8363.580685613148,jump,unknown,100
8432.220621907702,6-left,widen,50
8534.700415685165,4-left,unknown,50
8612.338579976555,5-left,widen,40
8704.700564877985,5-left,widen,0
8791.034363706103,4-right,widen,120
8907.562672727083,2-right,widen,0
9086.586617257573,5-left,widen,30
9160.168243806336,2-right,widen,80
9434.868461797212,crest,unknown,0
9562.58614490269,crest,widen,0
9588.200884053695,3-left,unknown,0
9638.421129376879,4-right,widen,30
9684.574395253649,4-right,twisty,30
9737.164770505417,5-left,widen,50
9794.79365962743,3-right,unknown,0
9893.904347569936,1-left,unknown,0
9928.044215924727,slight-right,unknown,0
9973.96692247151,6-left,unknown,0
10016.957760999196,jump,unknown,160
10123.652941472532,5-left,widen,0
10249.245359075063,finish,unknown,0
10296.476624600871,finish,unknown,0
