0,slight-right,unknown,100
48.40809638977054,6-right,unknown,0
141.04044876098627,crest,unknown,50
207.13679763793942,6-left,unknown,30
282.5911209869384,1-left,unknown,0
330.4741281127927,3-right,unknown,0
396.57257089614836,1-left,unknown,0
442.18715156555135,2-right,unknown,0
470.1347863388057,4-right,unknown,0
506.84326908111524,crest,unknown,0
571.0478483200077,slight-left,unknown,0
613.2115593719489,4-right,unknown,50
662.3320025634774,hp-right,unknown,40
766.1884730148324,2-left,unknown,30
864.3517759704604,slight-right,unknown,40
926.9479105377211,3-left,unknown,50
984.7554712295554,1-right,unknown,0
1075.4682819747973,3-left,widen,0
1112.3562709617652,6-left,unknown,110
1226.7740378570584,1-right,unknown,0
1333.8481511306793,4-left,unknown,0
1363.910224437717,5-left,unknown,70
1406.9217417907755,slight-right,unknown,0
1498.471345291141,2-right,unknown,0
1551.8585597991967,3-left,caution,0
1609.733942432405,slight-right,unknown,0
1646.544780235291,slight-left,unknown,0
1682.2024531745913,3-right,unknown,50
1719.7522126770018,2-right,unknown,40
1767.9151192474355,square-left,unknown,0
1833.5207245445258,1-right,unknown,0
1868.4098782157898,3-left,widen,0
1952.782044038774,2-right,unknown,30
2020.3694873523714,2-right,unknown,30
2047.1303205585473,slight-left,unknown,0
2113.235983724595,2-left,unknown,0
2152.459705266952,3-right,unknown,0
2205.4223148822775,6-left,unknown,40
2265.973816251755,2-right,dont-cut,40
2357.063339109421,2-left,unknown,0
2420.1481166553517,3-right,dont-cut,50
2593.829801435469,4-left,unknown,0
2634.118387136457,1-right,unknown,80
2729.5573589420273,1-left,unknown,40
2799.210534563059,5-right,widen,60
2866.7734999370514,2-right,unknown,40
2950.755151433939,4-left,dont-cut,0
3030.819905729286,6-right,unknown,60
3125.7876736545495,6-left,unknown,0
3177.754277410501,6-right,unknown,50
3222.404672956458,4-left,unknown,0
3272.602213048926,slight-right,unknown,0
3317.8954526805805,6-left,unknown,60
3354.585403909678,3-right,unknown,0
3417.747108144754,5-left,unknown,0
3478.2486978435436,5-right,unknown,60
3522.9418318080848,4-left,unknown,0
3578.34664477348,2-left,widen,0
3618.0140825557696,square-right,unknown,0
3651.578879194257,1-left,unknown,0
3686.195557413097,5-right,unknown,60
3734.330593519207,slight-left,caution,0
3811.7699331569643,1-right,unknown,100
3915.618709897996,4-left,unknown,0
3994.2674694919583,3-right,unknown,0
4039.681027173998,4-left,dont-cut,30
4094.1404493427294,1-right,unknown,0
4172.22047833442,2-left,unknown,0
4199.910050210945,4-right,unknown,0
4250.479651937478,6-left,unknown,0
4334.876435003273,3-right,unknown,0
4377.431659269325,slight-left,unknown,0
4417.424718465799,slight-right,unknown,50
4459.450667448035,3-left,unknown,50
4515.316497220984,3-left,unknown,60
4609.61786070823,6-right,unknown,60
4687.76727854728,hp-right,unknown,50
4828.581835832581,4-left,unknown,0
4875.630357961639,6-right,unknown,0
4921.012465085968,4-left,unknown,0
5015.559349851603,3-right,unknown,0
5063.583496847146,3-left,unknown,40
5093.341623487461,6-left,unknown,0
5147.857468442902,1-right,unknown,30
5186.041965589508,acute-hp-left,unknown,30
5223.503973836882,3-left,dont-cut,30
5279.093204584104,6-right,unknown,0
5310.720999898892,6-right,unknown,0
5379.706085939383,4-left,unknown,0
5479.890658655142,1-right,unknown,0
5547.884321145987,2-left,unknown,0
5585.538859815571,2-right,unknown,0
5619.984779691669,2-left,dont-cut,0
5650.08422852513,2-right,unknown,80
5716.206799955335,4-left,unknown,0
5789.202027883499,3-right,unknown,0
5888.262658491103,slight-left,unknown,0
5930.573292188613,4-right,unknown,60
5995.232105970349,slight-left,unknown,0
6063.327857961615,5-right,unknown,0
6142.723812169991,3-left,unknown,100
6218.0837705516415,5-right,unknown,50
6309.5968178081075,6-left,unknown,0
6417.945673093744,4-left,unknown,0
6471.361062345451,5-right,unknown,90
6522.743517179438,6-left,unknown,0
6610.118816518734,2-right,unknown,30
6653.842506132076,4-left,unknown,40
6742.808107385578,slight-right,unknown,0
6834.449667940075,6-left,unknown,70
6883.817003831802,6-left,caution,0
6969.293289079602,4-right,unknown,0
7017.522247590956,5-left,unknown,80
7072.595338563857,2-left,unknown,0
7176.297032442034,2-right,unknown,0
7210.014142179429,5-left,unknown,40
7244.651140832842,2-left,unknown,0
7309.726149511278,2-right,unknown,30
7400.61884173387,1-left,unknown,0
7467.114332799843,5-left,unknown,30
7521.005081396041,square-right,unknown,0
7581.33369164461,square-right,unknown,0
7605.792228918018,2-left,unknown,50
7654.67394606584,hp-right,unknown,70
7759.196522960603,1-left,unknown,30
7818.240235538422,slight-right,unknown,0
7882.691738624511,5-left,unknown,40
7919.763122348723,slight-left,caution,0
7973.935952663362,4-right,unknown,0
8017.982880611362,4-left,unknown,0
8057.924076137486,slight-right,unknown,0
8147.975782146396,crest,unknown,40
8182.002260913789,square-right,unknown,0
8269.752560129096,4-right,unknown,0
8313.935457572847,3-right,unknown,0
8345.879292507081,1-right,unknown,0
8383.150098113925,2-left,unknown,60
8451.464688320064,4-right,unknown,0
8509.425413494015,4-left,unknown,80
8578.179092731378,slight-left,unknown,0
8659.071728687197,3-right,unknown,0
8701.140099964048,6-left,unknown,110
8755.404639491951,5-right,unknown,0
8850.042580737994,slight-left,unknown,60
8909.840115261004,3-left,unknown,0
9037.985142764992,6-right,unknown,30
9080.009106464327,slight-left,unknown,0
9121.6251060676,slight-right,unknown,0
9161.963822269388,square-left,unknown,0
9189.730926570846,hp-right,unknown,0
9208.13009641643,6-right,widen,0
9239.99600378986,6-left,unknown,0
9270.226742277104,acute-hp-right,unknown,40
9348.622555551487,slight-left,unknown,50
9414.08733244891,crest,caution,0
9493.332539548817,3-right,unknown,70
9552.83099862093,5-left,unknown,30
9632.991626596393,5-right,unknown,40
9753.229352235747,5-left,unknown,60
9864.19492760654,4-left,narrow,30
9967.888016023595,2-right,unknown,30
10082.757603082622,3-left,unknown,40
10133.002472276663,acute-hp-right,unknown,0
10289.355502404562,finish,unknown,0
