0,straight,unknown,60
5.8040142631530784,5-right,unknown,150
136.72974451065062,jump,caution,0
249.867124080658,6-right,unknown,0
307.13853193283086,slight-left,unknown,30
355.70043371200546,1-right,unknown,0
396.74656145095764,2-left,unknown,0
430.905839328765,6-left,unknown,0
474.9042815589897,4-right,unknown,30
514.5438077735894,5-left,unknown,50
580.1148179435719,6-left,unknown,0
661.0578080940237,4-right,unknown,0
706.9998032569875,jump,unknown,70
752.017976818084,crest,unknown,90
823.1658265495294,jump,unknown,40
932.7994534873955,slight-left,unknown,0
1007.934017086028,2-left,unknown,30
1066.9767074012752,4-right,unknown,40
1146.9058136177046,crest,unknown,0
1217.4067547416673,crest,unknown,0
1236.1490713310232,2-left,unknown,100
1334.4050060462941,4-left,unknown,0
1427.4010601234438,4-right,unknown,0
1481.619356479645,4-right,unknown,60
1529.0095511817922,4-right,unknown,50
1599.5434193992605,4-right,caution,0
1690.9043023872375,slight-right,unknown,100
1777.9532600593557,crest,unknown,0
1853.746861591338,crest,unknown,0
1911.551304225921,bump,unknown,180
2018.2508685874936,crest,unknown,0
2117.527249507903,crest,unknown,0
2162.4532888221725,5-right,unknown,0
2216.3704100608816,5-left,unknown,0
2266.7559914970393,crest,unknown,90
2316.834765186312,slight-left,unknown,0
2422.1420754051223,crest,unknown,40
2531.0381957435607,crest,caution,0
2572.5060883903498,crest,caution,0
2601.4704212379456,3-left,unknown,60
2692.230520267486,slight-right,unknown,0
2785.658662128448,slight-left,unknown,0
2870.737779140472,crest,unknown,50
2935.22865312576,jump,unknown,0
3013.103406162259,5-right,unknown,0
3113.26721071243,6-right,unknown,120
3258.6827853584264,4-left,unknown,90
3387.6785532569843,3-right,unknown,50
3519.3882879829357,slight-left,unknown,0
3640.5454538536032,slight-right,unknown,0
3735.729266567225,3-left,unknown,30
3803.9486632347075,crest,unknown,80
3897.8969696235654,4-right,unknown,60
4055.013561267854,jump,unknown,30
4123.914245185856,3-left,unknown,0
4187.797305030827,slight-right,unknown,100
4280.617142944338,crest,unknown,0
4391.512453422544,5-left,unknown,60
4465.006605110161,6-right,unknown,100
4601.9236725997835,6-right,unknown,0
4726.106615715019,4-left,unknown,40
4799.086923255913,2-right,unknown,0
4904.352564125057,6-left,unknown,100
5031.899162063595,4-left,narrow,0
5155.081756668087,5-right,unknown,0
5214.764312515254,bump,unknown,0
5254.752677040095,4-right,unknown,0
5310.09161827087,5-left,unknown,0
5358.936569061273,jump,unknown,40
5409.125553894034,5-right,unknown,40
5482.073009719841,5-right,unknown,30
5562.088079948413,4-left,unknown,30
5658.709529190057,3-right,unknown,30
5778.43629089355,3-left,unknown,40
5855.276621627802,6-right,unknown,60
5938.141365661615,6-left,unknown,0
6044.196852760312,jump,unknown,70
6106.518404502867,jump,unknown,70
6181.002514305113,4-right,unknown,0
6296.976296081549,slight-left,unknown,0
6347.324935989385,6-right,unknown,0
6399.805182876587,6-left,unknown,50
6475.4252795791635,6-left,unknown,40
6565.129329338073,jump,unknown,40
6617.021158866883,jump,unknown,40
6634.815072135922,crest,unknown,30
6713.807264709468,crest,unknown,0
6781.055543441767,5-left,unknown,0
6895.198966102594,3-right,unknown,90
7026.351970748897,6-left,unknown,0
7120.962079811097,6-right,unknown,0
7179.932308120724,slight-left,unknown,30
7239.1067710494945,bump,unknown,0
7303.217040367122,jump,unknown,130
7433.687250404352,jump,unknown,0
7572.663637504569,5-left,unknown,0
7639.6401327896065,jump,unknown,50
7712.782362670894,crest,unknown,70
7782.965525054926,jump,unknown,0
7820.444895668023,jump,unknown,0
7880.317506904596,5-right,unknown,60
7946.812638168328,5-left,unknown,70
8059.391789970391,6-left,unknown,80
8187.597865371704,5-right,unknown,0
8288.49792846679,4-right,caution,30
8422.848234672538,slight-left,unknown,0
8507.674685630775,4-left,unknown,40
8568.628942527748,5-right,unknown,60
8652.628651962244,1-left,unknown,0
8756.269107303582,slight-right,unknown,80
8845.3202453613,crest,unknown,0
8942.470215492227,5-right,unknown,0
8999.534048194862,slight-left,unknown,40
9081.774350509615,1-right,unknown,90
9238.261869430511,3-left,unknown,40
9318.454061279264,3-right,unknown,30
9418.182604637102,2-left,unknown,40
9534.811557121226,3-right,unknown,50
9651.40209781641,4-left,unknown,40
9752.121775741532,5-right,unknown,70
9870.041205215412,6-left,unknown,0
9984.061370925861,6-right,unknown,0
10061.898323860121,jump,unknown,80
10110.35344261165,jump,unknown,80
10133.050926628068,1-left,unknown,0
10236.040512752494,square-right,unknown,0
10294.405651054334,6-right,unknown,0
10376.179682750651,finish,unknown,0
