0,slight-right,unknown,60
62.95486165046693,3-left,unknown,50
170.65096119880684,6-right,unknown,30
252.69751240730304,3-right,unknown,0
315.72953972816515,3-left,unknown,80
408.46142853930667,square-left,unknown,0
464.4711924286196,crest,unknown,40
500.50505940446686,crest,unknown,40
545.1791273039587,3-left,unknown,0
595.5474014109373,2-right,unknown,0
656.92222383678,bridge,unknown,110
718.1249197787043,crest,unknown,0
812.0534994143244,square-left,unknown,40
883.4888521784538,slight-right,unknown,70
929.1386274927853,crest,unknown,30
1013.2732765787838,square-right,unknown,0
1075.1350582331413,3-left,unknown,0
1102.6417429369683,4-right,unknown,50
1187.2676998919233,slight-left,unknown,0
1253.6165123957362,crest,unknown,30
1299.6561876887042,3-right,unknown,50
1368.5413934534738,3-left,unknown,50
1459.5803741663635,6-left,unknown,0
1530.7631862086005,2-right,unknown,0
1563.9478120058734,4-right,unknown,70
1628.556239892834,hp-left,unknown,30
1708.64871952235,slight-left,unknown,40
1753.627825939052,6-left,unknown,0
1818.5151723211939,6-right,unknown,0
1879.4047683066067,4-right,unknown,0
1934.953433124417,3-left,unknown,50
2033.676012813446,square-right,unknown,0
2101.8756737250055,5-left,unknown,40
2133.3734561079687,2-right,unknown,0
2189.808024627562,hp-left,unknown,0
2244.9203889387813,hp-right,unknown,0
2271.741710321303,square-left,unknown,0
2300.30641313731,square-right,unknown,40
2362.743176099652,4-left,unknown,0
2404.765891343945,3-left,unknown,0
2479.1604511850983,crest,unknown,0
2516.1799009150177,4-right,unknown,0
2573.0865808886183,3-left,unknown,40
2655.5077993029277,square-right,unknown,0
2714.1622478693653,square-right,unknown,0
2728.5930597895313,4-right,unknown,0
2771.682168752543,6-left,unknown,40
2819.332509958141,4-left,unknown,0
2867.5556432169615,6-left,unknown,50
2906.5726599329664,crest,unknown,0
2968.5073065394104,hp-right,unknown,30
3028.9220025747927,4-left,unknown,0
3069.361064807763,4-right,unknown,0
3103.275041877617,6-left,unknown,0
3135.5839906614915,crest,unknown,60
3174.3455203169474,3-right,unknown,0
3261.7625125807385,slight-left,unknown,0
3300.9831139105427,slight-right,unknown,0
3333.558828441488,water-splash,unknown,0
3349.5666667574524,3-left,unknown,0
3371.275934459555,3-right,unknown,40
3396.8125770681977,acute-hp-left,unknown,0
3439.566464645253,6-left,unknown,0
3479.9066359195194,5-right,dont-cut,0
3545.8856145724744,bump,unknown,0
3609.081862550684,3-right,unknown,0
3653.603433175989,crest,unknown,30
3688.824784246393,6-left,unknown,70
3757.7680563792655,6-left,unknown,30
3891.6929227504206,5-right,unknown,0
4006.138533941219,5-left,unknown,0
4054.730784650755,6-left,unknown,0
4141.604677205987,5-right,unknown,0
4204.336126142449,slight-left,unknown,0
4269.6420441111995,5-right,unknown,70
4380.941847177446,6-right,unknown,0
4480.653175340594,6-left,unknown,0
4529.764933572712,1-left,unknown,0
4578.149177328048,bridge,unknown,0
4605.692952199873,3-left,unknown,40
4634.827603021559,hp-right,unknown,50
4715.958055883346,6-left,unknown,0
4772.991150346701,slight-right,unknown,0
4825.320544229449,crest,unknown,0
4872.093591714798,slight-left,unknown,0
4919.948856988847,jump,unknown,50
4983.3543815478715,crest,unknown,50
5059.302507425256,slight-left,unknown,0
5127.997695413538,6-right,unknown,30
5176.264276872585,square-right,dont-cut,0
5259.062425104093,3-left,unknown,30
5320.6753143176575,crest,unknown,60
5354.672408891635,crest,unknown,60
5383.430366159395,3-right,dont-cut,0
5476.997412782624,4-left,unknown,0
5510.04912947269,crest,unknown,40
5549.874738794286,6-left,unknown,0
5600.949034563029,4-left,unknown,0
5684.185623994792,square-right,dont-cut,40
5745.536120973552,1-left,unknown,30
5811.016998582806,1-right,unknown,0
5870.912178216895,4-left,unknown,0
5935.759149957616,slight-right,caution,0
6017.06959633442,3-right,unknown,0
6065.987396169625,4-left,widen,50
6113.003418127023,5-left,unknown,0
6207.509922376588,4-right,unknown,0
6259.836509290653,4-left,unknown,0
6297.356167551005,2-right,widen,0
6325.405314193671,2-left,unknown,30
6340.827093530599,2-right,unknown,0
6397.468247266713,2-left,unknown,0
6451.7130338534735,square-right,unknown,30
6486.606797071399,crest,bridge,0
6528.806145549715,3-right,unknown,0
6573.250046859682,5-left,unknown,0
6601.939250541625,4-right,unknown,70
6681.658837810455,5-left,unknown,40
6765.1449139747065,3-right,unknown,0
6837.8888978538025,bump,unknown,60
6912.764152046159,3-left,caution,0
6995.003465476943,1-left,unknown,0
7044.259401451063,1-right,unknown,40
7095.944448238332,bump,unknown,0
7145.172431808436,6-left,unknown,0
7185.109477706871,2-right,unknown,0
7227.192951789819,bump,unknown,40
7257.364672275508,2-left,unknown,0
7303.571686817134,1-left,unknown,30
7359.485741516077,crest,unknown,0
7403.182138172118,square-right,unknown,60
7468.153701091738,3-left,unknown,0
7553.6941536483455,slight-left,unknown,0
7627.403649230927,slight-right,unknown,0
7668.937133270237,2-right,unknown,0
7697.040753951999,2-left,unknown,0
7722.2205587539365,slight-right,unknown,40
7752.8722243842785,6-left,unknown,40
7822.500530467953,1-left,unknown,0
7896.794483829464,1-right,widen,0
7936.533345981563,slight-left,unknown,50
7994.945261970486,6-left,unknown,130
8126.233300815564,2-right,unknown,0
8224.561513973224,2-right,unknown,0
8256.361496501913,crest,unknown,0
8313.381585732459,crest,unknown,0
8323.112859354289,4-left,unknown,100
8406.379119072228,3-left,unknown,0
8502.509730720789,2-right,unknown,0
8547.833254864485,crest,unknown,0
8581.53411485253,slight-right,unknown,0
8653.079610610588,5-right,unknown,30
8709.570951705564,4-left,unknown,0
8768.078352294555,4-right,unknown,50
8815.195825286495,hp-left,unknown,0
8895.561212459199,3-right,unknown,0
8931.442376599894,3-left,unknown,40
8970.012235856644,3-right,unknown,0
9023.395108638397,1-left,dont-cut,0
9072.283144927607,2-right,widen,0
9104.85035041391,1-left,unknown,30
9130.29788598596,6-right,unknown,0
9178.952930236443,crest,unknown,0
9224.728076263053,4-right,unknown,40
9289.307006965264,2-right,unknown,30
9369.535333381284,2-left,unknown,30
9418.634457965476,6-left,unknown,0
9469.916540217982,4-right,unknown,0
9518.72911138116,square-left,unknown,0
9581.8896759945,square-right,unknown,30
9611.669014888388,slight-left,unknown,0
9650.759694943987,2-right,unknown,0
9681.374779191581,6-left,unknown,0
9703.754037480918,slight-right,unknown,0
9733.135285173028,5-left,unknown,40
9783.325234723656,bump,unknown,0
9848.805486550898,6-right,unknown,0
9891.776640840146,4-left,unknown,30
9933.707382035824,1-right,unknown,0
10005.802550912491,square-right,unknown,0
10041.293557887664,1-left,unknown,0
10066.151085591906,6-left,unknown,40
10105.960356011985,6-right,caution,0
10166.287896028156,1-left,unknown,40
10205.639167066207,1-right,unknown,40
10277.747847142802,square-left,unknown,50
10359.998834195716,crest,unknown,0
10425.617861199953,slight-right,unknown,0
10456.800326924893,square-right,unknown,0
10481.430647988884,4-left,unknown,30
10529.721601682277,4-left,unknown,0
10591.077389360033,finish,unknown,0
