0,straight,unknown,50
0,5-left,unknown,100
66.41764296531676,hp-right,unknown,120
246.57073303222646,6-left,unknown,60
333.17155380249017,3-left,unknown,0
431.75024642944356,2-left,unknown,0
487.5690904235841,2-right,unknown,40
521.7469223976137,5-left,unknown,100
596.4681904029851,3-left,dont-cut,0
687.9604938697817,slight-right,unknown,0
741.3876460456845,slight-left,unknown,30
788.3501574897756,2-right,unknown,0
833.8400108909592,5-left,unknown,180
935.7128136444062,2-left,unknown,0
990.0466761779749,1-right,unknown,40
1029.9131723594633,6-right,unknown,0
1102.288079185481,2-left,unknown,30
1138.0504905319158,2-right,unknown,0
1189.2766006088198,4-left,unknown,100
1250.2970300674374,3-left,dont-cut,50
1358.3325274276672,1-right,unknown,50
1446.2917054748464,slight-left,unknown,0
1525.8283766364978,slight-right,unknown,0
1568.3520238304075,4-left,unknown,40
1606.7469919395378,square-right,dont-cut,0
1662.9052780914233,slight-left,unknown,160
1781.2838122367775,crest,unknown,0
2005.6263687705882,3-left,unknown,0
2144.802903537736,2-right,narrow,30
2205.9131290817095,1-left,unknown,60
2265.773753967269,3-left,unknown,0
2322.4790266418277,3-right,unknown,40
2358.4992728805355,1-left,unknown,0
2399.586013431532,2-right,unknown,0
2453.6349800872645,crest,unknown,0
2499.2005249976964,dip,unknown,0
2532.6757198333585,4-right,unknown,90
2568.956402168259,slight-right,unknown,110
2670.3626024627524,4-right,unknown,0
2773.9342379379136,4-left,unknown,50
2816.958430099474,3-left,unknown,0
2874.6433138656475,slight-right,unknown,0
2943.48843067168,1-left,unknown,80
3006.8771955680722,slight-left,unknown,220
3184.326754608141,crest,unknown,90
3272.7939287567,crest,unknown,90
3327.9413946533086,6-right,unknown,0
3444.0672039794786,crest,unknown,0
3520.2690887451,water-splash,unknown,0
3546.1522619247257,2-right,unknown,50
3566.968428058608,4-right,unknown,0
3615.28691328047,slight-left,unknown,50
3647.4609029960457,1-right,unknown,30
3711.478078708628,6-right,unknown,0
3753.1254969405927,3-left,unknown,0
3835.4697647476037,6-right,unknown,40
3899.2985110282716,4-left,unknown,0
3963.118516712173,6-right,unknown,60
4025.0169959831073,4-right,unknown,160
4197.6554896736,crest,unknown,130
4460.721116161327,slight-left,caution,0
4614.08008432386,5-left,unknown,30
4678.208569812753,6-left,unknown,0
4729.352122821787,crest,unknown,0
4777.221604481249,crest,unknown,0
4805.522929878741,1-left,unknown,100
4895.365644684345,6-left,unknown,0
4970.061304913073,1-right,unknown,0
5007.883782673385,square-left,unknown,0
5048.835078068279,6-right,unknown,0
5082.650541782875,2-right,unknown,0
5114.013241272471,1-left,unknown,30
5142.65001382877,2-left,unknown,0
5181.707226372255,1-right,unknown,40
5230.223098450196,5-right,unknown,50
5298.119924231061,1-right,unknown,30
5366.8673774437975,jump,unknown,0
5411.326455221661,2-left,unknown,60
5446.470305986892,4-left,unknown,40
5564.610011168002,6-left,dont-cut,30
5648.180506010535,1-right,unknown,0
5696.158057070254,slight-left,unknown,0
5727.002516069884,slight-right,unknown,80
5761.75521632241,6-left,unknown,40
5840.035381727682,1-right,unknown,0
5927.705916681753,4-left,unknown,80
6020.8499520401865,5-left,unknown,0
6089.356930609219,6-right,unknown,40
6128.071257849208,4-left,unknown,0
6180.782354193203,square-left,unknown,80
6268.81601395654,1-right,unknown,0
6341.15445376443,3-left,unknown,0
6368.939242296688,4-right,unknown,0
6413.565449572082,water-splash,unknown,0
6425.013496294493,1-left,unknown,30
6442.173439608091,crest,unknown,70
6472.304226217738,6-left,unknown,120
6610.759136877531,crest,unknown,80
6706.693303556912,square-right,unknown,30
6813.402411585323,5-right,unknown,80
6892.263558149806,4-right,unknown,0
6973.119276495448,bump,unknown,80
7014.43693785714,6-right,unknown,70
7081.698389158717,slight-right,unknown,0
7185.352980070587,6-left,dont-cut,140
7323.2456254105455,acute-hp-right,unknown,40
7465.58960730599,6-left,unknown,350
7821.394288855062,5-left,unknown,130
8110.437284269799,jump,caution,40
8168.016001372324,jump,caution,40
8227.626558951124,square-right,unknown,190
8389.070697039338,4-left,unknown,140
8563.036804407819,2-left,unknown,30
8685.408129137726,5-right,unknown,100
8765.847916449291,1-right,unknown,30
8861.96503513216,2-left,unknown,40
8928.494708327056,5-right,unknown,120
9095.549979666468,slight-right,unknown,100
9205.769679297204,slight-left,unknown,0
9333.409690474262,1-right,dont-cut,0
10339.907205466036,4-left,unknown,0
10515.1706262958,4-right,unknown,0
10575.845408781755,6-left,unknown,40
10646.792574003915,finish,unknown,0
