0,6-right,unknown,0
1.344151601791382,4-left,unknown,30
50.84461956977848,4-right,unknown,0
1003.9161614704126,hp-right,caution,0
1177.416332445145,2-left,unknown,0
1242.11727435112,slight-right,unknown,100
1330.579057092667,slight-left,unknown,120
1467.2553818988804,3-left,unknown,40
1610.1057033634206,2-right,unknown,40
1715.41378037453,1-left,unknown,80
1824.312611951831,5-left,unknown,30
1904.733766851428,2-right,unknown,70
1998.6312142276797,crest,unknown,50
2064.4957203197514,4-right,unknown,160
2210.4809904384656,crest,unknown,30
2390.2749777889303,jump,unknown,130
2487.5485047817265,5-right,unknown,350
2916.40734385491,6-right,unknown,30
3081.4231980419218,square-right,unknown,70
3184.690307178503,slight-right,unknown,40
3234.2519049835255,6-right,dont-cut,0
3316.711605720525,slight-left,unknown,80
3391.6406178283755,6-left,caution,70
3526.248995437628,bump,unknown,0
3621.496587219243,3-left,unknown,60
3668.729642257695,4-left,unknown,30
3735.5361017990163,acute-hp-left,unknown,220
3956.3823518943805,6-right,unknown,60
4067.0312484550523,crest,unknown,0
4148.115711421971,3-right,unknown,0
4211.055316181193,water-splash,widen,0
4223.441120109571,2-left,widen,0
4240.844303617491,crest,unknown,0
4269.795397014633,1-left,unknown,0
4294.694853687298,bump,unknown,60
4321.742405738842,1-right,unknown,0
4390.761663246166,3-right,unknown,40
4450.379065570842,4-left,unknown,0
4510.367103767407,3-right,unknown,40
4547.98107391358,6-right,unknown,30
4615.5740446090795,jump,unknown,0
4649.276710166943,2-right,unknown,0
4678.080729351055,1-left,unknown,0
4709.788597164165,6-right,unknown,90
4781.20264816285,5-left,unknown,0
4875.966100158705,5-right,unknown,30
4918.33356311799,square-left,unknown,0
4949.164791259778,5-right,unknown,40
4976.866850032817,3-right,unknown,0
5045.99670373917,4-right,unknown,60
5084.754045658114,3-right,unknown,0
5173.805474605565,jump,unknown,30
5222.651411151894,square-left,unknown,50
5262.184170589455,4-left,unknown,40
5397.950054340365,2-right,unknown,30
5452.855387859346,2-right,unknown,0
5505.931853561404,1-left,unknown,30
5533.543958282481,square-right,unknown,0
5584.347295990001,square-left,unknown,0
5622.156362514507,6-right,unknown,120
5716.408664855968,1-right,unknown,0
5816.852818164838,dip,unknown,0
5847.059499273315,dip,unknown,0
5860.424114446652,jump,unknown,30
5896.771173238766,5-right,unknown,170
6085.810274133674,slight-left,unknown,150
6291.811915788649,4-left,unknown,70
6448.864534006119,5-left,caution,0
6577.451310434341,3-right,unknown,40
6626.448955583573,3-left,unknown,30
6698.726078119281,1-right,unknown,0
6766.030063753133,2-right,unknown,0
6817.45141030312,4-left,unknown,0
6848.6422939014465,square-left,narrow,30
6897.513311624524,3-right,unknown,0
6958.699262704849,4-left,unknown,40
6994.217514276504,3-left,unknown,0
7061.75081612587,water-splash,widen,0
7095.89250554085,jump,unknown,0
7118.922129449845,5-left,unknown,90
7163.2900797557795,crest,unknown,130
7389.980332517623,6-right,unknown,80
7620.3423650646255,4-left,unknown,0
7660.504234781267,3-right,unknown,50
7721.859165163038,4-right,unknown,0
7795.508375291825,3-left,unknown,100
7859.986192712785,slight-left,unknown,80
7971.776276521682,3-left,unknown,0
8073.7041816043775,dip,unknown,0
8128.1399195766435,crest,unknown,0
8140.8939178752835,2-left,unknown,0
8165.151657705294,1-right,unknown,30
8209.2701578617,2-left,unknown,0
8263.986698369972,1-right,unknown,40
8300.908101148594,1-right,unknown,0
8360.939465951906,2-left,unknown,0
8406.35000512122,2-right,unknown,220
8569.685006380067,slight-left,unknown,150
8754.512444772707,6-right,unknown,0
8869.877710123039,square-left,unknown,0
8947.74759373663,2-right,dont-cut,0
9000.287765588739,6-left,unknown,0
9032.171061468103,slight-right,unknown,40
9068.155843763325,1-left,unknown,30
9133.79217326162,2-left,unknown,30
9143.272318258261,3-right,dont-cut,90
9279.822270765268,5-right,dont-cut,0
9364.291573400456,1-left,unknown,0
9412.780953874546,2-right,unknown,0
9462.160035066563,5-left,unknown,40
9499.992961606937,1-left,unknown,0
9523.186886014893,2-left,unknown,0
9527.607758512448,1-left,unknown,0
9566.16018633838,3-right,unknown,40
9605.82364695545,5-left,unknown,0
9666.221891012157,5-right,unknown,30
9709.715502309768,1-left,dont-cut,0
9754.032217321359,6-right,unknown,0
9801.842824010804,6-left,unknown,0
9843.723709897957,4-right,unknown,0
9920.723140935863,6-right,unknown,30
10013.405951452227,2-left,unknown,0
10077.12182742116,square-right,unknown,0
10119.835995740857,3-right,unknown,60
10178.541392660103,slight-right,unknown,130
10314.446677885024,hp-left,unknown,80
10484.440759992573,5-right,unknown,200
10555.12586546895,finish,unknown,0
