0,straight,unknown,60
8.225029592514039,slight-left,unknown,0
66.25600623130799,slight-right,unknown,0
124.04521208763124,4-left,unknown,100
273.07580698966984,2-right,unknown,40
383.0747860622405,2-left,unknown,0
472.60815920829737,1-right,unknown,0
538.3068776988977,3-left,dont-cut,0
598.9417511272422,2-right,unknown,30
666.9882647800432,4-left,unknown,0
746.3375816631302,5-right,unknown,0
829.4150732326493,slight-left,unknown,50
880.8027423763257,1-right,unknown,0
977.1473449993113,6-left,unknown,0
1004.8174948406197,slight-right,unknown,0
1047.8338098812071,6-left,unknown,0
1088.2828576946217,6-right,unknown,40
1140.989384222026,5-left,unknown,0
1239.4335165691327,6-right,unknown,60
1290.5755382060956,6-right,unknown,0
1375.3148456478077,6-left,unknown,0
1423.2543557643849,4-left,unknown,0
1468.0606313228573,4-right,unknown,0
1510.1482538509333,crest,unknown,0
1548.713364095684,6-left,unknown,0
1595.7791801357237,5-right,unknown,30
1645.752996015545,3-left,widen,30
1697.595617017742,4-left,unknown,0
1749.9480462932565,4-right,unknown,0
1787.3496760082219,crest,unknown,50
1817.7447338771794,hp-right,unknown,90
1948.679216127394,4-right,unknown,0
2013.0985372829416,2-left,unknown,30
2078.641684789654,6-left,unknown,0
2143.3882604694336,crest,unknown,0
2184.0031697559316,2-right,unknown,30
2213.5567894840215,3-right,unknown,0
2284.1424520015703,slight-right,unknown,0
2327.9935953807803,3-left,unknown,0
2371.085294485087,1-right,unknown,40
2443.2404838466605,slight-right,unknown,0
2518.625376570145,3-left,unknown,0
2575.8467298530736,6-left,unknown,0
2697.4821627258393,slight-right,caution,0
2783.861730101022,4-left,unknown,0
2826.2547957443303,2-right,unknown,0
2865.1823759292665,1-left,unknown,0
2900.576286661536,4-right,unknown,0
2942.585099909215,6-left,unknown,0
2978.020805532841,4-right,unknown,0
3012.6642963623085,hp-left,unknown,0
3051.131463301091,1-right,unknown,30
3136.987425320055,2-left,caution,0
3182.047903244404,1-right,unknown,0
3218.701744892504,3-left,unknown,0
3276.0813161586802,square-left,unknown,0
3330.250601875691,6-right,unknown,0
3367.6511174129528,6-left,unknown,0
3394.071913502124,5-right,unknown,0
3442.566786796954,3-right,unknown,30
3482.081764938738,square-left,unknown,0
3549.8957934116384,4-right,unknown,0
3599.4336946701064,3-left,widen,30
3629.6566069053674,hp-right,widen,30
3709.2239930080386,5-right,unknown,0
3755.7504085754385,6-left,unknown,40
3796.6580968688977,3-left,unknown,0
3844.0002387451173,2-left,unknown,0
3907.230808908843,1-right,unknown,0
3963.313002550505,hp-right,widen,0
4012.404931681056,4-left,unknown,0
4065.840442888642,3-left,unknown,0
4134.406280805972,slight-right,widen,0
4179.110806009673,crest,unknown,30
4210.521005861658,square-right,dont-cut,0
4266.928640253448,2-left,unknown,0
4305.949331285858,5-right,unknown,0
4332.917492887876,2-left,unknown,60
4416.855410654442,3-right,unknown,40
4492.903767721555,2-right,unknown,0
4523.01177358856,2-right,unknown,0
4581.55442669143,6-left,unknown,0
4632.255790789023,2-left,unknown,30
4668.136188413993,slight-right,unknown,40
4734.906562731168,5-left,unknown,0
4800.900720598605,6-right,unknown,60
4858.724685099032,3-right,caution,0
4967.756655733488,2-left,unknown,0
5050.251141054537,3-left,unknown,60
5148.044818785096,crest,unknown,0
5210.483961546325,slight-right,unknown,0
5265.426033384702,5-left,unknown,50
5334.456585752869,3-right,unknown,0
5433.757423460387,3-left,unknown,0
5499.369400465391,2-right,unknown,30
5535.470679380793,2-left,bridge,0
5603.96477247466,crest,unknown,0
5635.099185736074,crest,unknown,0
5649.979599344621,6-left,unknown,0
5676.003934214005,4-left,unknown,40
5722.420350077042,hp-right,unknown,50
5852.447046778092,6-right,unknown,0
5887.678353006734,crest,unknown,40
5971.898203222649,6-right,unknown,0
6051.500815641776,hp-left,unknown,0
6160.034251387015,6-left,unknown,60
6250.279359514607,4-right,unknown,0
6334.872734529871,crest,unknown,30
6384.589667055506,3-left,unknown,0
6451.775129969015,crest,unknown,0
6492.84805481185,5-left,unknown,0
6535.8187207817,hp-right,unknown,0
6576.501463053119,hp-right,unknown,0
6596.192786524189,6-right,unknown,60
6657.739592850105,1-right,unknown,0
6738.52286229362,6-left,unknown,0
6775.169218647381,5-right,unknown,40
6807.047052128218,crest,unknown,0
6838.6818245815275,crest,unknown,0
6860.208392307664,2-left,unknown,0
6904.547039196397,crest,unknown,0
6940.8858196758265,4-left,unknown,0
6974.081430714035,6-right,unknown,0
7012.178848316577,4-right,unknown,40
7053.775024425895,4-right,unknown,60
7186.316241352472,jump,unknown,0
7219.727569210444,jump,unknown,0
7263.115799419792,slight-right,unknown,60
7336.1047288250065,1-left,unknown,30
7444.931886379638,5-right,widen,0
7532.277683575068,3-left,unknown,0
7592.7293667148715,6-right,unknown,0
7638.614276688014,4-right,unknown,50
7739.153696625153,slight-right,unknown,40
7904.420737526344,2-left,widen,40
7958.302173798011,3-right,widen,0
8042.296848022854,2-left,dont-cut,0
8074.6846987079725,2-right,unknown,0
8175.231755450514,square-left,unknown,30
8240.869026854782,5-left,widen,60
8316.787667010583,slight-right,unknown,0
8395.540557959828,crest,unknown,0
8440.925583098682,5-right,unknown,0
8489.776999991685,3-right,unknown,30
8587.513289931576,1-left,unknown,0
8643.456058409975,2-left,unknown,0
8732.76225635249,crest,unknown,50
8756.855068833414,3-right,unknown,40
8824.517118012493,5-right,unknown,0
8885.395518529001,hp-left,unknown,30
9001.523864094797,5-left,unknown,0
9026.621729771676,hp-right,widen,0
9070.469404999787,slight-right,unknown,0
9138.25152438837,5-right,unknown,0
9191.959064461756,6-left,unknown,0
9233.711457612088,3-right,unknown,30
9273.69862725931,crest,widen,0
9312.763927743015,square-left,bridge,0
9351.975795304348,3-right,widen,0
9421.47099833206,2-left,unknown,0
9490.31862750724,crest,unknown,40
9539.944375664743,2-right,unknown,0
9586.865243451144,4-left,unknown,0
9647.534659096747,4-right,unknown,0
9765.712800347343,crest,unknown,0
9798.316840016385,1-left,unknown,0
9833.637950665485,1-right,widen,30
9873.387647950181,hp-left,dont-cut,60
9980.25476771903,3-right,unknown,0
10012.7113097055,3-left,dont-cut,70
10046.794748330847,slight-left,unknown,50
10133.045742898716,slight-right,unknown,0
10242.612470727685,crest,unknown,0
10296.377261529686,4-right,unknown,50
10358.626280542136,5-left,widen,60
10471.248447709795,crest,unknown,70
10536.91269941879,crest,unknown,70
10614.590994745025,finish,unknown,0
