0,straight,unknown,60
2.025710315704346,3-left,unknown,0
51.82154512405395,6-left,unknown,130
182.7957042503358,slight-right,unknown,0
293.3833832740784,jump,unknown,50
370.22454423904423,6-right,unknown,0
494.45302556991624,crest,unknown,0
553.5635088157659,3-left,unknown,70
758.5352956581119,crest,unknown,110
846.1542996788036,slight-left,unknown,50
984.9514233970654,slight-right,caution,60
1082.1803735923781,crest,unknown,0
1146.535827236177,crest,unknown,0
1201.8739504814152,crest,unknown,0
1214.1218280220032,6-left,unknown,0
1281.5345815467836,6-right,unknown,0
1342.249356136322,jump,unknown,0
1469.014687862398,jump,unknown,70
1502.581417903902,jump,unknown,70
1537.4176772880573,5-right,unknown,50
1640.1014016151448,crest,unknown,30
1803.5672681236308,4-left,unknown,80
1962.5837992811223,crest,unknown,70
2040.6265846967738,crest,unknown,60
2107.484999384884,1-right,unknown,80
2230.7768391561544,6-left,dont-cut,90
2345.767310652738,slight-left,unknown,130
2498.1206388616597,5-left,unknown,60
2633.7366394186065,5-right,unknown,70
2784.8059011030227,crest,unknown,160
2932.973611674311,slight-right,unknown,100
3065.543536944395,crest,unknown,70
3211.133885531431,crest,unknown,0
3302.4026839780836,6-left,unknown,70
3374.4727897214907,slight-right,unknown,80
3472.46104743481,5-right,dont-cut,0
3592.2431275510817,slight-left,unknown,40
3676.839696154597,5-right,dont-cut,0
3772.776917910579,5-left,unknown,0
3910.908246932035,slight-left,unknown,50
4038.4343647146306,6-right,unknown,160
4256.451447157873,crest,unknown,50
4387.634922995581,jump,unknown,40
4462.919134802833,slight-right,unknown,0
4550.303157172215,6-left,unknown,50
4656.840810332308,5-right,unknown,200
4901.836230902682,slight-right,unknown,40
5040.9417689657275,square-left,widen,0
5116.487095046049,5-left,unknown,30
5182.482804083831,2-right,dont-cut,50
5335.772407317166,3-left,unknown,40
5418.487249197961,4-right,dont-cut,0
5527.552604537013,6-left,unknown,110
5619.213810744288,4-left,unknown,0
5752.269510512351,6-right,unknown,140
5965.066726050377,slight-right,dont-cut,40
6083.991021780973,2-left,unknown,0
6151.489354834559,6-right,unknown,30
6230.942750067714,2-left,unknown,200
6413.491884398452,4-right,unknown,0
6532.252988066666,3-right,unknown,40
6586.603524947162,3-left,unknown,0
6676.449063887594,6-right,unknown,0
6709.127670912738,6-right,unknown,0
6779.796383605001,3-left,unknown,180
6956.027255454066,slight-right,unknown,0
7075.858877005577,slight-left,dont-cut,40
7171.0772371053645,3-right,caution,30
7253.557249350548,3-left,unknown,30
7348.902860217095,2-right,unknown,40
7440.271660609246,5-left,unknown,0
7528.824793734553,bridge,unknown,0
7591.699774966246,bridge,unknown,0
7606.885389513973,6-left,dont-cut,0
7665.6046998548545,6-right,unknown,0
7725.279781680111,crest,unknown,0
7835.532934603698,4-left,dont-cut,60
7910.460007357605,6-right,unknown,0
8019.886049876217,4-right,unknown,60
8093.881040034308,hp-left,narrow,40
8245.883862490671,4-left,unknown,90
8325.25437713148,3-right,unknown,50
8418.544673151977,slight-left,unknown,90
8558.708240160962,3-left,unknown,120
8772.513408389119,6-right,unknown,0
8868.288207659742,4-right,unknown,30
8977.616060824408,3-left,unknown,40
9059.363151354797,4-right,unknown,0
9176.847085871701,slight-left,unknown,0
9272.37827216625,crest,unknown,60
9376.800074000355,6-left,unknown,0
9487.055236964216,3-left,unknown,50
9551.58028525828,4-right,unknown,50
9643.013860125528,6-left,unknown,100
9738.700992999065,5-right,unknown,0
9873.421948657024,bump,unknown,0
9938.750490336402,slight-right,unknown,0
10001.589824404715,crest,unknown,120
10090.867226481443,4-left,unknown,0
10221.557463488587,crest,unknown,0
10294.0343849516,4-right,unknown,130
10443.036289401083,3-left,dont-cut,30
10573.955023455655,3-right,unknown,0
10648.768927378685,crest,unknown,130
10728.777349963219,3-left,caution,0
10844.49420028213,finish,unknown,0
