0,straight,unknown,140
134.67222367286683,slight-left,unknown,50
202.8662416362762,crest,unknown,120
282.08276597023024,crest,unknown,300
505.5021378421787,crest,unknown,40
536.6151724338537,crest,unknown,40
574.8267956638336,crest,unknown,40
646.0980357456207,3-right,unknown,100
782.049385309219,6-right,unknown,80
867.1191763019561,5-left,unknown,0
984.3973313999171,5-right,unknown,60
1054.5617608356472,acute-hp-left,unknown,0
1175.0970664501197,slight-right,unknown,70
1215.2914281606677,5-right,unknown,0
1278.1315064191817,crest,unknown,50
1322.3124650526051,5-right,unknown,0
1377.3931990003596,dip,unknown,40
1458.2675231504452,1-left,unknown,100
1513.0160104703918,slight-right,unknown,30
1616.469985194207,6-left,unknown,0
1703.6471062803266,3-left,unknown,40
1851.1928743224923,3-right,unknown,0
1920.0709195381012,crest,unknown,100
1960.192850919327,crest,unknown,100
1993.8070459228354,crest,unknown,100
2041.0069194465486,5-right,unknown,0
2130.2433985572657,4-left,unknown,120
2217.0018303352217,6-right,unknown,50
2313.310512738788,5-left,unknown,120
2398.2238269477693,5-left,unknown,50
2501.5994297462307,3-left,unknown,0
3031.477925725539,5-right,unknown,70
3215.5533768897817,slight-left,unknown,0
3345.3011940055676,6-left,unknown,90
3406.7794635063,6-left,unknown,80
3494.58477798994,jump,unknown,80
3554.1002486091434,jump,unknown,80
3603.872475362378,3-left,unknown,30
3708.6765042548964,6-right,unknown,0
3795.281698916993,6-right,unknown,0
3828.654679912172,square-right,unknown,0
3901.3644706378777,bridge,unknown,0
3932.438515723783,slight-left,unknown,200
4196.3705379901685,crest,unknown,70
4275.898767379363,6-right,unknown,120
4385.613007224641,slight-right,unknown,0
4509.104251502597,crest,unknown,70
4616.659620383824,2-left,unknown,0
4702.516813338843,slight-left,unknown,0
4901.517979747644,5-left,unknown,40
4994.505442859528,3-right,unknown,30
5081.136754009127,6-left,unknown,0
5173.139008266329,6-right,unknown,50
5226.443629772067,slight-left,unknown,0
5302.825327312349,crest,unknown,0
5370.4641021078805,6-right,unknown,0
5430.5024303930995,4-left,unknown,0
5494.184553768045,5-left,unknown,70
5562.719846012001,6-left,unknown,60
5672.383562061195,4-right,unknown,100
5802.321185390359,jump,unknown,50
5869.864409496191,jump,unknown,50
5915.025243083838,6-right,unknown,50
6020.589532062423,slight-right,unknown,80
6176.26627152623,jump,unknown,50
6317.955871288195,slight-right,unknown,40
6392.772006046188,4-left,unknown,60
6503.384515277755,4-right,unknown,100
6593.762184116252,jump,unknown,100
6693.417509471781,slight-right,unknown,40
6823.219910251504,4-left,unknown,0
6879.334783717997,6-right,unknown,0
6930.7333577078625,6-left,unknown,0
6982.39475491703,slight-left,unknown,40
7086.858494808084,crest,unknown,0
7134.292796375161,dip,unknown,100
7198.30647862614,jump,unknown,0
7264.839143802527,6-right,unknown,80
7325.616111919291,5-left,unknown,50
7440.920153133281,5-right,unknown,0
7550.240478717695,crest,unknown,0
7586.804156886949,crest,unknown,0
7596.427197200669,2-left,unknown,40
7639.204311801806,4-right,unknown,60
7711.564897586714,crest,unknown,80
7792.3951579016575,bump,unknown,0
7888.164949237721,3-left,unknown,0
7938.834340297595,crest,unknown,40
8003.295831043143,5-right,unknown,40
8061.591939823058,4-left,unknown,0
8160.581129390618,6-left,unknown,0
8217.409152652639,4-right,unknown,50
8348.588617526899,crest,unknown,0
8392.986075107463,crest,unknown,0
8459.27301572026,slight-right,unknown,80
8513.673165180098,crest,unknown,50
8592.206464244733,6-right,unknown,0
8722.894226619612,3-left,unknown,80
8820.547387401477,crest,unknown,0
8860.532604381462,crest,unknown,0
8913.494879657641,crest,unknown,30
8970.663737041368,5-right,unknown,0
9051.505500614061,3-right,unknown,0
9193.691022235764,4-left,unknown,70
9276.337656299478,jump,unknown,0
9368.960878497965,jump,unknown,40
9431.075510837447,jump,unknown,120
9500.040976535687,3-left,unknown,30
9640.41885907353,5-right,unknown,120
9795.622027561103,2-left,unknown,30
9917.684047023682,3-right,unknown,30
9988.779326068792,4-left,cut,40
10081.818817722253,acute-hp-right,unknown,80
10204.132428905421,3-right,unknown,80
10308.784383098531,crest,unknown,0
10401.551531192716,6-left,unknown,0
10455.188580181053,4-left,unknown,0
10523.34662278359,crest,bridge,50
10569.760981990743,1-right,unknown,130
10741.517491943267,6-left,unknown,0
10844.459314262313,slight-right,unknown,90
10907.25637633508,crest,unknown,60
10939.618417541442,crest,unknown,60
10976.715938522275,finish,unknown,0
