0,2-right,unknown,60
73.70513898849487,1-left,unknown,0
153.104267501831,4-right,unknown,120
359.2054283905029,hp-left,unknown,0
478.9346258544922,4-right,unknown,0
559.3958366584772,5-right,unknown,0
640.2204279899586,2-left,unknown,40
748.701128978727,4-right,unknown,50
831.8448551177949,6-left,unknown,0
924.8659217452973,2-right,unknown,30
1015.6491780471777,slight-right,unknown,50
1082.6348048210114,2-left,unknown,30
1165.9876067161524,4-right,unknown,0
1264.2835145568795,slight-right,unknown,60
1357.1777030563305,crest,unknown,0
1429.949066581722,6-left,unknown,40
1492.1815742492643,crest,unknown,50
1529.3008060073819,crest,unknown,50
1560.8544910812338,6-right,caution,0
1630.993230743405,bridge,unknown,0
1666.13489196777,bridge,unknown,0
1711.1069550704929,5-left,unknown,170
1866.71301094055,6-right,unknown,100
2006.7375820541367,slight-right,unknown,0
2132.438949508664,3-left,unknown,50
2313.3474988613616,2-right,caution,0
2382.8421694622534,bridge,unknown,0
2438.017663427402,bridge,unknown,0
2454.2746901760593,slight-right,unknown,80
2637.851886526163,6-left,unknown,110
2836.2247445355033,5-right,unknown,30
2964.8853651486,6-left,unknown,0
3096.520529104292,4-right,unknown,40
3155.4791072903295,2-left,unknown,60
3283.4156451664567,4-left,unknown,0
3356.2943061886413,6-left,unknown,60
3444.342768217144,6-right,unknown,50
3579.809081045209,slight-left,unknown,160
3759.478880582866,6-right,unknown,170
4079.781597410255,2-left,unknown,60
4351.367612825454,crest,unknown,50
4429.114445844708,4-right,caution,0
4516.950341573775,bridge,unknown,40
4561.884686628401,bridge,unknown,40
4577.249003530566,3-left,unknown,0
4636.448553148334,5-right,unknown,60
4801.428684736318,2-left,unknown,0
4921.966440206594,3-right,caution,0
4978.383431173391,bridge,unknown,180
5088.648762212825,5-left,unknown,0
5205.134244123531,6-left,unknown,0
5277.300389829707,4-right,unknown,0
5331.551344839168,bridge,unknown,50
5369.761473737785,4-right,unknown,0
5429.876467710566,2-left,unknown,0
5476.439636159966,3-right,dont-cut,0
5522.786111417839,4-left,unknown,30
5566.93518078429,3-right,dont-cut,80
5647.031886488024,6-left,unknown,30
5731.062725111066,5-left,unknown,0
5816.3043828259115,5-right,unknown,40
5867.485309301437,5-right,unknown,40
5995.002476049484,4-left,unknown,0
6110.538762975756,6-left,caution,0
6166.893987966602,5-right,unknown,0
6218.494928251331,bridge,unknown,0
6258.278940206589,slight-left,unknown,0
6307.769222532334,5-right,unknown,40
6353.316722456038,3-left,unknown,0
6416.859881139816,5-left,unknown,30
6491.898491102282,crest,unknown,120
6618.076861120282,crest,unknown,350
7025.06262806517,slight-left,caution,0
7208.755195509015,4-left,unknown,50
7273.646155439433,3-right,unknown,70
7364.050926023536,1-right,unknown,70
7414.289612432531,6-left,unknown,50
7552.427369619414,4-right,unknown,140
7789.173591619527,slight-left,caution,0
7908.3453706417495,3-left,unknown,0
8044.482096029324,slight-right,unknown,0
8101.3759930859205,4-right,unknown,120
8248.07513611417,slight-right,unknown,50
8375.130590520908,4-left,unknown,120
8553.024443937338,4-left,unknown,0
8658.862541242648,6-right,unknown,40
8711.887216840794,5-left,unknown,0
8797.574385191032,3-right,unknown,180
8986.688541341831,6-left,unknown,0
9116.11731144528,5-left,unknown,0
9183.45303562741,crest,unknown,40
9251.471536413243,5-right,unknown,0
9305.885954023419,crest,unknown,0
9363.572477079451,6-left,unknown,50
9424.24419144254,4-right,unknown,70
9609.232861295754,4-left,unknown,0
9714.95616840941,4-right,unknown,30
9783.394708219588,3-left,caution,30
9912.871154180591,5-right,unknown,0
10010.027651849814,crest,unknown,0
10073.96638561828,5-right,unknown,70
10225.174296461148,3-left,unknown,70
10353.183829923672,3-right,unknown,0
10483.749277769124,3-left,unknown,50
10543.457812086144,5-right,unknown,0
10642.596769376782,4-left,unknown,60
10760.4997966061,crest,unknown,0
10796.407430540121,crest,unknown,0
10844.134231267963,crest,unknown,0
10882.965554090535,finish,unknown,0
