0,straight,unknown,60
56.431871881484994,slight-right,unknown,0
101.89123845100409,slight-left,unknown,0
137.07678397178657,6-right,unknown,40
178.36863684654247,4-right,dont-cut,0
238.25297110557577,3-left,unknown,60
299.0730388927465,slight-right,unknown,0
382.3087139797215,3-left,unknown,0
428.9159866237646,1-right,unknown,120
531.9737730693832,3-left,unknown,0
620.5717156505597,5-right,unknown,40
674.9814229488383,2-right,unknown,0
748.906760206223,3-left,unknown,0
809.0689529132848,4-right,unknown,30
886.547191591263,3-right,unknown,40
981.9995447826386,3-left,unknown,40
1050.1905663013479,6-left,unknown,0
1125.1868134784725,6-right,unknown,40
1225.3453957462334,4-right,unknown,60
1344.967864007954,3-left,unknown,30
1442.6235046100646,2-right,unknown,0
1520.172609148028,slight-left,unknown,70
1555.5128508472478,4-left,dont-cut,0
1636.5575547122987,5-right,unknown,0
1687.7473979663887,3-right,unknown,30
1738.1618961048157,4-left,unknown,50
1795.01150385857,6-left,dont-cut,0
1874.1131874752093,slight-right,unknown,100
1991.1897131633793,slight-right,unknown,30
2104.115750532152,4-left,unknown,50
2164.3088353252465,5-right,caution,40
2357.544954900742,square-left,unknown,30
2422.037091073991,1-right,unknown,50
2489.0594222164177,slight-right,unknown,60
2641.62123650551,6-left,unknown,0
2743.3290703678153,hp-right,unknown,60
2915.073835401537,slight-right,unknown,100
2989.5367743110664,6-left,unknown,40
3076.914114933016,hp-right,unknown,40
3178.5589492034946,slight-right,unknown,50
3230.1338339805643,6-left,unknown,40
3365.539707889563,5-right,unknown,60
3429.1832698822122,6-left,unknown,40
3499.2891445922946,6-left,unknown,60
3562.756947593697,4-right,caution,0
3672.2095817184536,4-left,unknown,0
3711.7568417167745,3-left,dont-cut,0
3775.1049588012797,1-right,narrow,0
3850.8425958061325,3-left,unknown,0
3939.0604540825034,6-left,unknown,40
3963.2323523140076,6-right,unknown,50
4016.518067684188,6-left,unknown,40
4102.69854200364,slight-right,unknown,0
4158.380347423564,6-left,unknown,60
4215.474395198837,3-right,unknown,0
4275.587964229598,2-left,unknown,0
4317.802828502668,4-right,unknown,30
4356.461199874893,5-right,unknown,0
4409.978626289384,5-left,unknown,0
4454.517046318069,slight-right,unknown,0
4500.961521759047,4-left,unknown,0
4544.512086868296,5-left,unknown,50
4648.049649047859,4-left,unknown,0
4747.969588928233,6-right,unknown,50
4790.733542594919,hp-right,unknown,40
4890.573347969054,4-left,unknown,0
4935.270483388903,2-left,unknown,30
4972.345988187795,square-right,unknown,30
5023.639782476432,hp-left,unknown,0
5075.828169298176,square-right,unknown,0
5125.522334632875,6-right,unknown,0
5161.797776203156,4-left,unknown,50
5198.016374416352,2-right,unknown,100
5328.057610187531,1-right,unknown,0
5416.082607364646,6-left,caution,0
5475.175866851804,1-left,unknown,0
5519.022493572233,5-right,unknown,40
5576.004870681756,4-right,unknown,0
5644.197261924736,6-right,unknown,0
5702.813617935172,5-left,unknown,70
5759.999289360043,1-left,unknown,90
5912.930788230892,square-right,unknown,40
6007.19129976272,5-left,unknown,0
6063.064096508017,4-right,unknown,0
6102.4883254432625,4-left,unknown,40
6144.238251323694,3-right,unknown,0
6232.519870567312,3-left,unknown,0
6287.499628849022,hp-left,unknown,0
6316.651631355277,2-right,unknown,80
6361.7082663535975,hp-right,unknown,30
6436.480901069635,1-left,unknown,40
6499.528141736979,5-left,unknown,80
6592.1643352603805,hp-right,unknown,80
6734.906215314853,slight-right,unknown,70
6800.714746980654,2-left,unknown,70
6954.74410864829,6-left,unknown,50
7012.959491949069,6-left,unknown,50
7099.4867045879255,square-right,unknown,30
7195.323679094307,2-left,unknown,30
7235.432419109335,acute-hp-left,dont-cut,0
7285.331604862211,2-right,unknown,0
7324.380698447225,1-right,unknown,0
7353.045755991931,square-left,unknown,30
7381.5403125333705,5-right,unknown,40
7434.319090094558,crest,unknown,0
7485.067932963364,3-right,unknown,120
7567.29846423625,3-right,unknown,30
7656.934161524759,3-left,unknown,50
7730.392271361335,2-right,unknown,0
7775.058282294258,2-left,unknown,40
7826.674196066841,5-left,unknown,0
7905.910751452432,hp-right,unknown,50
7996.757076544755,slight-right,unknown,0
8047.725174670216,3-left,unknown,0
8088.929811549186,slight-right,unknown,50
8146.49814624309,1-left,unknown,0
8224.180331416128,hp-right,unknown,30
8276.046833596238,4-left,unknown,0
8391.576782393475,square-right,unknown,70
8468.5672241831,3-left,unknown,0
8542.022145676647,1-right,unknown,80
8614.4565683222,2-right,dont-cut,30
8690.467646698962,square-left,unknown,0
8742.3877548647,square-left,unknown,0
8747.787797322284,6-right,widen,0
8803.084147648824,6-left,unknown,50
8889.573959279074,2-left,unknown,50
8979.941654973036,1-right,unknown,0
9054.46425339223,square-right,unknown,0
9075.048077578558,5-left,unknown,30
9099.851159739503,1-right,unknown,50
9201.664082808502,5-left,unknown,0
9253.066925425532,slight-right,unknown,40
9294.334105486874,3-left,unknown,0
9350.274778170584,square-right,unknown,60
9469.681195273408,slight-right,unknown,50
9523.913871836667,6-left,unknown,50
9605.403453707704,2-left,unknown,0
9677.269641566294,3-right,unknown,70
9777.786947608005,2-left,unknown,0
9841.898555026053,1-left,unknown,0
9873.599150652895,slight-right,unknown,50
9901.04085250378,slight-left,unknown,30
9949.944893488897,6-right,unknown,0
10015.721338343632,6-left,unknown,0
10070.934306864747,slight-right,unknown,0
10117.18059276105,2-left,unknown,30
10159.208366313003,2-right,unknown,30
10235.891899313945,4-right,unknown,0
10307.206525893222,5-left,unknown,0
10348.038841338173,4-right,unknown,0
10408.728228430764,acute-hp-right,unknown,0
10458.432638030063,2-right,unknown,0
10509.246362452523,3-left,widen,30
10552.875353922853,1-right,unknown,0
10653.530366835601,crest,unknown,0
10685.411424078948,slight-left,unknown,110
10741.048670477863,5-right,unknown,0
10855.07310719967,1-left,unknown,60
10962.03316054819,1-right,unknown,40
11017.84706786631,finish,unknown,0
