0,2-left,dont-cut,40
30.739571237564085,3-right,unknown,0
111.467538099289,1-right,unknown,0
145.54752417564393,6-left,unknown,50
189.88318207740778,slight-right,unknown,60
289.9660128498077,2-left,unknown,30
411.08266777992225,5-right,widen,0
474.7309301280975,2-left,unknown,30
535.6569872379306,1-right,unknown,0
594.5439167308812,4-left,unknown,0
630.6388132572177,5-right,unknown,0
667.6733298969267,5-left,unknown,30
738.3241743183137,2-left,unknown,30
838.5261999607092,2-right,unknown,0
899.5943447017673,slight-left,unknown,0
937.2838637447358,slight-right,unknown,0
977.3996204662325,6-left,unknown,0
1019.9609278774265,slight-right,unknown,40
1066.3619004726415,6-left,caution,0
1165.6015101909647,1-right,unknown,80
1239.0533000278476,2-left,unknown,30
1306.66737200737,2-right,unknown,40
1363.4569122600558,slight-right,unknown,60
1436.9441643619534,bump,unknown,60
1510.3161156177534,bump,unknown,60
1526.7892044162759,hp-left,unknown,0
1614.1272572803496,2-right,unknown,40
1696.2793632411951,crest,unknown,0
1770.14539141655,5-right,unknown,50
1808.5730225276943,1-left,unknown,0
1875.584764261246,6-right,unknown,0
2034.0741994857829,2-right,unknown,50
2101.7855134201122,6-right,unknown,0
2164.3788880729717,5-left,unknown,50
2216.7433357048076,square-right,unknown,0
2317.3084876632693,1-left,unknown,40
2364.0107073783875,straight,unknown,0
2419.9699837493904,1-left,unknown,0
2468.106870765687,2-right,unknown,80
2553.2758256340035,square-left,unknown,0
2636.241914215088,hp-right,unknown,0
2667.283771543507,2-right,unknown,30
2715.2103706264515,hp-left,unknown,0
2775.1778275394454,1-right,unknown,50
2845.3189092159264,slight-left,unknown,30
2903.698887586591,3-right,unknown,0
2954.4626223659498,6-left,unknown,60
2989.755047121045,hp-left,unknown,0
3077.2771808719576,4-right,unknown,30
3130.5208210849673,2-right,unknown,0
3197.5804575824677,2-left,unknown,0
3265.1465565204544,3-right,unknown,30
3310.6103098773874,3-left,unknown,40
3373.7110675144136,slight-left,unknown,50
3443.1654394245097,3-left,unknown,60
3550.071454553599,5-left,unknown,0
3616.5496262264232,1-right,unknown,0
3671.154633169171,1-left,unknown,0
3718.690491056438,acute-hp-right,unknown,0
3784.1165556376172,2-right,unknown,0
3827.4311656563486,acute-hp-right,unknown,40
3838.40355203559,square-left,unknown,40
3902.4990364639984,6-right,unknown,90
4045.8174709694595,2-right,unknown,30
4139.292650031345,slight-left,unknown,100
4266.4355878060005,hp-left,unknown,70
4411.137951764358,4-right,unknown,40
4470.4430102055185,1-right,unknown,30
4658.912596682795,2-left,caution,0
4726.611535510312,hp-right,unknown,40
4774.693110350857,square-right,unknown,0
4833.900015715851,3-left,unknown,40
4856.786884288085,4-right,unknown,0
4916.603992327945,4-left,unknown,0
4958.747712191836,6-right,unknown,30
4998.763464640868,1-left,unknown,90
5120.312956418281,1-right,unknown,70
5216.119549073465,slight-right,unknown,0
5280.459623746163,5-right,unknown,0
5320.7747296421585,6-left,unknown,0
5364.647187947514,4-left,unknown,0
5437.01709711957,1-right,unknown,60
5681.552933434712,3-left,dont-cut,50
5784.919523095359,4-right,unknown,0
5856.108576287496,6-left,unknown,0
5904.369080361597,square-left,unknown,0
5940.7840600292575,square-right,unknown,30
5966.525202807652,1-left,unknown,0
6015.970290765026,2-right,unknown,50
6058.513565339308,2-right,unknown,50
6125.2682695858275,acute-hp-left,unknown,40
6223.758938121061,6-left,unknown,0
6267.268744019727,4-right,unknown,40
6307.583242997386,5-right,unknown,0
6382.922581891282,4-right,unknown,0
6484.499676694137,6-left,unknown,0
6557.148047360643,6-right,unknown,0
6601.463822392689,slight-left,unknown,0
6646.818983334765,2-left,unknown,0
6687.63124358104,3-right,unknown,0
6742.060326165423,2-left,narrow,40
6778.277093476521,6-right,unknown,0
6825.424954098925,slight-left,unknown,40
6878.706339368087,slight-right,unknown,0
6951.478040417891,6-left,unknown,70
7014.085525616865,acute-hp-right,unknown,0
7136.779901284436,3-right,unknown,0
7154.552125453214,hp-left,unknown,0
7195.333752555113,1-right,unknown,0
7249.216457652308,3-right,unknown,0
7305.008997115353,5-right,unknown,0
7343.759017028069,3-left,unknown,50
7416.7072512882605,6-right,unknown,30
7471.554028078875,6-right,unknown,60
7553.956470743972,5-left,unknown,0
7642.202157847241,hp-right,unknown,40
7717.914357458903,slight-right,unknown,60
7758.677897002056,slight-left,unknown,70
7944.516986243086,6-right,unknown,130
8033.519160487014,hp-right,unknown,60
8183.013750321223,hp-left,unknown,0
8239.278386723356,5-right,unknown,80
8316.390543686713,6-left,unknown,70
8468.144741036254,1-left,unknown,30
8592.447384926627,square-right,unknown,40
8662.893147503688,5-left,unknown,80
8826.360841566891,4-right,unknown,0
8903.824620520447,slight-left,unknown,100
8969.479308211197,slight-left,unknown,40
9071.769124495373,6-right,unknown,80
9133.875754286642,4-right,unknown,30
9250.694528395543,3-left,unknown,40
9321.258128668675,4-right,unknown,90
9463.140127531893,1-left,unknown,30
9550.171702105421,3-right,unknown,70
9631.308812739273,4-left,unknown,40
9713.087284037489,6-left,unknown,50
9785.394389025578,slight-left,unknown,0
9874.781431834108,6-right,unknown,60
9926.326021334535,3-right,unknown,40
10027.295431124583,3-left,unknown,30
10119.58728260699,3-left,unknown,0
10174.475823676035,2-right,unknown,40
10224.546847311893,2-left,unknown,30
10352.880854856232,5-left,unknown,30
10413.439039766057,3-right,unknown,120
10533.889253312802,square-left,unknown,0
10644.204528848377,2-right,unknown,0
10678.6728651826,slight-left,unknown,60
10722.970519754143,3-right,unknown,0
10806.110385591246,4-left,unknown,30
10862.876189424245,6-left,unknown,0
10930.29400543376,slight-right,unknown,0
10972.941593400687,slight-left,unknown,0
11016.610075990415,hp-right,unknown,60
11082.420218126026,finish,unknown,0
