0,slight-left,unknown,40
26.631844387054446,3-right,unknown,70
154.66665052413936,jump,unknown,0
191.42204210281366,jump,unknown,0
254.89808500289934,crest,unknown,100
308.3411002922059,hp-left,unknown,0
416.5509555625915,4-left,unknown,0
465.5667876052854,slight-right,unknown,30
511.040360507965,crest,unknown,0
580.8843509101866,3-right,unknown,0
623.9443188285828,3-right,unknown,0
712.5992476081854,crest,unknown,50
799.2297491264343,hp-left,unknown,60
913.2759754371646,3-right,unknown,50
992.122908134461,crest,unknown,0
1039.6092784309408,crest,unknown,0
1065.6085784721402,2-right,unknown,0
1141.8729200172456,2-left,unknown,40
1233.6683575248755,2-right,unknown,0
1308.1401034545931,square-left,unknown,160
1402.5858806800882,slight-left,unknown,100
1518.4833257484484,5-left,unknown,120
1678.3107809257551,crest,unknown,0
1799.3735392952,6-left,unknown,0
1862.0292415428185,slight-right,unknown,0
1965.9465433311473,1-right,unknown,70
2030.6396771621746,6-left,unknown,0
2103.399514141087,crest,unknown,50
2166.9287698555027,crest,unknown,50
2180.564867877964,1-right,unknown,150
2328.2907403564523,slight-left,unknown,80
2424.0093819427575,slight-right,unknown,40
2553.0841807174756,crest,unknown,60
2666.380431022653,6-right,unknown,100
2766.9386113357627,6-left,unknown,0
2929.140859336859,slight-right,unknown,50
3015.9117921447837,crest,unknown,30
3069.410537300117,crest,unknown,30
3124.5861748123234,5-left,unknown,0
3209.7365279007035,slight-left,unknown,30
3329.2051956176815,slight-left,unknown,130
3500.475367393499,jump,unknown,0
3611.156394615177,slight-left,unknown,90
3709.1163370895397,crest,unknown,40
3766.102517814639,crest,unknown,40
3800.9210206985504,square-left,unknown,0
3890.492878761293,slight-right,unknown,80
3952.705268497472,5-right,unknown,70
4079.442886562349,slight-left,unknown,190
4274.193073024753,jump,unknown,200
4480.071284084331,jump,caution,120
4646.548829288494,6-left,unknown,50
4794.844276180275,4-left,unknown,0
4916.9877186775275,2-right,unknown,30
4973.468561306009,3-right,unknown,0
5033.931726169593,4-left,unknown,80
5142.498557529455,crest,unknown,50
5211.0653450965965,3-left,unknown,60
5278.433703556068,6-right,unknown,40
5378.726750621807,4-left,unknown,0
5461.689087314612,crest,unknown,80
5500.254097728734,crest,unknown,80
5524.896067142493,6-left,unknown,0
5622.653286266326,2-right,unknown,30
5679.069576244353,crest,unknown,0
5740.826911582947,square-left,unknown,0
5783.062912921908,crest,unknown,80
5844.378532733924,6-right,unknown,0
5904.15204029084,slight-right,unknown,100
6070.94026844025,jump,unknown,0
6187.613395271305,slight-right,unknown,200
6416.3901239395245,crest,unknown,50
6501.823223304757,crest,unknown,50
6563.436046638495,2-left,unknown,130
6708.412167625424,2-right,dont-cut,70
6839.411323719027,6-left,dont-cut,200
7093.822106475826,jump,unknown,40
7240.3497908401405,jump,unknown,150
7317.768362617485,5-left,unknown,0
7477.720353050219,6-right,unknown,120
7641.181651420585,crest,unknown,120
7769.744632263175,1-left,unknown,70
7941.061741962423,5-right,unknown,60
8005.874921360002,slight-left,unknown,40
8100.307678432456,crest,unknown,0
8204.766679363242,slight-right,unknown,100
8303.967787227612,3-left,unknown,220
8556.770632762871,crest,unknown,130
8752.381642131752,square-right,unknown,60
8958.579011974281,slight-left,unknown,280
9172.10831039424,jump,unknown,200
9373.21802444453,crest,unknown,40
9546.706151809649,6-right,unknown,0
9619.992443313553,slight-left,unknown,130
9692.768875045736,5-right,unknown,60
9841.186029968225,6-left,dont-cut,130
10165.206029663048,5-left,unknown,70
10331.065869140582,4-left,unknown,40
10464.456028861945,crest,unknown,50
10537.477587623534,5-left,unknown,0
10737.110515441853,6-right,unknown,280
11047.961059646577,3-right,unknown,50
11221.767424240064,crest,unknown,90
11329.282938156077,3-left,unknown,0
11473.31055335993,finish,unknown,0
