0,4-right,unknown,0
15.429022893905644,5-left,unknown,30
79.6936832141876,5-left,dont-cut,0
151.4996332263947,hp-right,unknown,40
204.39032719612112,6-right,unknown,30
283.2819335460665,2-left,unknown,60
392.35032797813477,3-right,unknown,30
487.8205471324926,6-right,bridge,0
561.4392869091039,6-left,unknown,80
616.1437777614601,slight-right,unknown,0
715.5773760890976,slight-left,unknown,0
777.166342077257,6-right,unknown,50
839.2167795467398,4-left,unknown,0
896.5502633190175,4-right,unknown,0
929.6464944076561,4-right,unknown,80
990.7731938742744,1-left,unknown,70
1107.77252830497,6-left,unknown,0
1181.6151129531015,slight-right,unknown,0
1223.273094177162,3-right,unknown,0
1262.0759527968519,3-left,unknown,30
1322.033887863076,6-left,unknown,0
1405.3607841490877,4-right,unknown,0
1449.1836592482712,4-left,unknown,0
1513.4872598647266,3-right,unknown,0
1555.7857155989814,6-left,unknown,0
1583.640619525831,1-right,unknown,0
1612.7908659552747,3-left,unknown,100
1668.9253590201563,3-left,unknown,0
1758.2445586966703,3-right,unknown,0
1802.4607585715476,6-right,unknown,0
1860.3621949385813,1-left,unknown,40
1934.843828849714,5-right,unknown,0
2012.3381986426532,3-left,unknown,60
2087.366191196363,4-right,unknown,40
2174.2099941634315,5-right,widen,0
2231.697514610208,slight-left,unknown,100
2279.4556119155054,slight-right,unknown,0
2370.699775085363,5-left,unknown,0
2421.912983817967,2-right,unknown,0
2451.126708030611,1-left,caution,0
2482.693040580658,2-right,unknown,0
2514.5918873786004,4-left,widen,0
2567.930159644987,slight-right,unknown,40
2624.5125135802277,1-right,unknown,30
2687.7743470763216,3-left,unknown,40
2747.576346645261,3-left,unknown,0
2821.3503457831384,6-right,unknown,50
2868.90483442297,6-left,unknown,0
2965.8748288153656,2-right,unknown,0
3035.807429561518,2-left,unknown,0
3113.7221924208607,6-right,unknown,120
3189.9923816107726,4-right,unknown,60
3280.838984966179,5-left,unknown,0
3355.499986133476,3-right,unknown,0
3398.8215178488686,5-left,unknown,40
3435.7925890921565,hp-left,unknown,0
3482.564150218868,3-right,unknown,30
3549.250539255046,2-left,unknown,0
3602.716788682841,3-right,widen,0
3671.0719016551006,2-right,unknown,0
3706.5732903574917,4-left,widen,40
3734.8340381144485,slight-right,unknown,50
3813.70014216413,hp-right,dont-cut,0
3866.971774644752,3-left,unknown,40
3905.5902253340655,4-right,unknown,0
3972.614883479969,2-left,unknown,0
4030.13176145543,3-right,unknown,0
4086.3438015173824,3-left,bridge,60
4154.520038242231,hp-left,unknown,30
4235.529597568398,4-right,unknown,0
4281.6445631502875,4-left,widen,30
4339.477703466297,hp-right,widen,60
4457.211704692719,6-right,unknown,0
4499.6942770956775,4-right,unknown,0
4539.653726901894,1-left,unknown,80
4615.04585737217,4-left,unknown,0
4662.613455524329,6-right,widen,40
4705.31708372105,slight-left,unknown,0
4768.132961444744,3-right,unknown,0
4815.028449916733,4-left,unknown,0
4857.586625232595,6-right,unknown,120
4907.675521488088,1-right,unknown,30
5047.572475318802,6-left,unknown,40
5108.968747424975,1-left,unknown,0
5178.083522128957,3-right,unknown,0
5215.215393600366,slight-left,unknown,90
5258.691071052454,6-left,unknown,0
5340.649718017484,slight-right,unknown,0
5393.787662010095,3-left,bridge,0
5433.738261299034,6-left,unknown,100
5492.887104339496,slight-left,unknown,0
5597.919670829672,6-right,unknown,70
5655.508281860249,6-left,unknown,50
5722.379936370744,4-right,bridge,30
5791.004364509482,hp-left,unknown,0
5853.708368167776,slight-right,unknown,0
5911.976446113487,5-left,widen,30
5950.028108806512,6-right,unknown,140
6036.915279941459,slight-left,unknown,0
6154.654195079703,hp-right,unknown,0
6209.321314468284,6-left,unknown,110
6302.588336505789,slight-left,unknown,30
6396.775887012377,6-right,unknown,40
6455.484162044422,4-left,unknown,40
6535.323732623949,6-right,bridge,130
6618.683448734178,1-right,unknown,50
6778.584411735433,slight-left,dont-cut,60
6848.071367568871,4-left,unknown,0
6977.495654525656,2-left,unknown,0
7009.057141160865,6-right,unknown,0
7039.55881512632,5-left,unknown,0
7071.7381546114875,4-right,unknown,0
7112.604331254855,3-left,unknown,0
7173.883963479892,1-left,widen,0
7208.477337884801,6-right,unknown,200
7434.785777482877,6-right,unknown,70
7488.085926961798,slight-right,unknown,0
7567.078670644662,6-left,unknown,0
7622.420666723156,hp-right,dont-cut,40
7674.749810428526,6-left,unknown,100
7731.855857314973,3-left,unknown,80
7817.898566169648,3-right,unknown,0
7918.905317916782,2-left,unknown,90
8029.068011760609,1-right,unknown,60
8130.251764984038,slight-right,unknown,0
8188.391705551058,1-left,unknown,0
8233.354355621253,3-right,dont-cut,0
8276.537438354402,2-left,widen,40
8326.60553108207,4-right,unknown,40
8462.833334808254,3-left,unknown,130
8553.288869781398,slight-right,unknown,100
8653.51338218679,4-left,unknown,40
8780.68700279224,3-left,unknown,80
8912.784340820188,3-left,unknown,100
9080.025112706286,6-left,caution,0
9177.76952974425,4-left,dont-cut,0
9227.899342213736,1-right,unknown,0
9267.204589482408,slight-right,unknown,60
9390.553721886728,3-left,unknown,50
9508.28577900037,3-right,unknown,100
9681.599746514405,slight-left,unknown,100
9775.818973542311,5-left,unknown,40
9896.268526383517,2-left,unknown,110
10010.016968899832,2-right,unknown,0
10089.452027951342,2-left,unknown,0
10138.049667836298,1-right,unknown,30
10183.94066530333,2-left,widen,30
10243.616293450461,1-right,unknown,30
10322.469957028496,2-left,unknown,80
10456.542323304277,slight-right,widen,0
10520.664179383379,2-right,unknown,0
10557.385688401322,2-left,widen,0
10597.343999634848,1-right,unknown,0
10667.420184441677,5-left,widen,80
10737.137068387143,1-left,unknown,50
10857.346895886541,2-right,dont-cut,60
10924.788109437115,5-left,unknown,80
11081.02446945299,2-right,unknown,40
11269.628292485351,6-left,unknown,0
11309.936692658526,5-right,unknown,40
11353.184091950525,1-left,unknown,40
11459.523882809746,4-left,unknown,30
11527.349190465067,slight-right,unknown,180
11627.819665757268,2-left,unknown,30
11653.196120377625,6-right,unknown,0
11695.819019948087,2-right,unknown,0
11736.557788029742,4-left,unknown,80
11802.08854200465,4-right,unknown,50
11897.287894955714,finish,unknown,0
