0,6-right,unknown,0
45.2551777648926,5-left,dont-cut,0
128.52574760437014,bump,unknown,280
440.05214351654064,6-left,unknown,40
554.9838422393799,slight-right,unknown,0
656.1154457473752,crest,unknown,0
720.6690958023073,3-right,unknown,0
777.9312661361694,3-left,unknown,60
835.4511001586908,slight-left,unknown,0
957.7983406829824,bump,unknown,0
1084.8928169250476,5-right,unknown,30
1150.3512857437122,5-left,unknown,40
1219.1595868682853,4-right,unknown,0
1311.996860466004,6-left,unknown,0
1385.9121733856202,2-right,unknown,0
1444.4120966911316,slight-left,unknown,30
1512.653654785156,crest,unknown,30
1570.8151153564463,crest,unknown,60
1626.7983571624766,4-left,unknown,0
1710.1009006118775,4-right,unknown,60
1779.395986289978,6-right,unknown,0
1879.363178176879,crest,unknown,90
1973.0876848983758,crest,unknown,90
2010.4273557662955,4-left,unknown,0
2142.1238759613047,bump,unknown,100
2265.872334289551,6-right,unknown,0
2375.7287964248685,5-right,unknown,0
2440.420706443789,3-left,caution,120
2588.274999961853,6-left,unknown,0
2694.55146198273,4-right,unknown,70
2752.985778656009,4-right,unknown,0
2841.4552050018337,3-left,unknown,60
3017.0008290863034,crest,unknown,90
3119.3471333312964,5-right,unknown,100
3235.3671205520627,6-right,unknown,0
3379.0081930160495,jump,unknown,100
3456.4729314041115,crest,unknown,0
3577.1293296050985,4-right,unknown,70
3698.143409233088,6-left,unknown,40
3821.5149822807257,4-right,unknown,0
3895.1393544959974,5-left,unknown,80
4025.866128101345,6-right,unknown,0
4154.565583171846,5-left,unknown,40
4263.1589571571385,crest,unknown,0
4334.3999466514615,5-left,unknown,110
4413.647307987219,crest,unknown,40
4462.695201854712,crest,unknown,40
4550.781551990519,6-left,unknown,80
4653.324964809428,4-right,unknown,0
4798.179319820408,4-left,unknown,120
5058.687383174903,slight-right,unknown,0
5200.636273403173,6-right,unknown,150
5457.318566303261,5-left,unknown,0
5626.295607585913,6-left,unknown,120
5816.077449588788,5-right,unknown,0
5983.248737430585,6-left,unknown,0
6060.0317928505065,6-right,unknown,0
6130.166840572369,5-right,unknown,0
6222.3663605690135,crest,unknown,0
6334.804838542945,4-left,unknown,50
6395.465184078222,jump,unknown,0
6429.072119312292,jump,unknown,0
6510.811459941874,4-right,dont-cut,0
6568.032589130408,6-left,unknown,100
6655.760063114177,5-left,unknown,0
6792.9165045356895,crest,unknown,0
6860.966359195727,crest,unknown,0
6922.298979434987,square-right,narrow,0
6971.355421962759,6-right,unknown,70
7064.02530323985,2-left,unknown,0
7149.028130502727,slight-right,unknown,0
7198.116019964246,4-left,unknown,40
7238.447376508742,3-right,unknown,0
7318.899874982865,4-right,unknown,110
7404.580843439128,square-left,unknown,30
7517.135704622291,5-right,unknown,0
7573.9578819561275,5-left,unknown,40
7615.160965299636,3-left,unknown,70
7728.358220739394,4-left,unknown,0
7826.92540106776,5-right,unknown,0
7875.973585310011,5-right,unknown,70
7964.659174909626,jump,unknown,40
8038.837076559106,jump,unknown,40
8047.740898008386,4-left,unknown,40
8107.5298248577565,5-right,unknown,60
8198.160985326811,slight-left,unknown,0
8325.711513624237,slight-right,unknown,60
8391.52096968655,6-right,unknown,0
8485.74909178738,4-right,unknown,0
8557.106332845726,acute-hp-right,unknown,0
8632.38203465466,5-left,unknown,50
8686.52484240537,4-left,unknown,60
8792.508540334758,crest,unknown,0
8848.940263242792,crest,unknown,0
8899.577501592707,bump,unknown,30
8955.849894743043,3-right,unknown,0
9011.881406202394,4-left,unknown,0
9062.492856817313,crest,unknown,60
9114.01985369689,crest,unknown,60
9218.034350805361,hp-right,widen,30
9279.468097324449,crest,unknown,80
9349.420673961726,5-left,unknown,0
9422.6489364625,slight-right,unknown,70
9480.442923507795,jump,unknown,0
9574.111226234549,5-right,unknown,0
9634.879917640796,4-left,unknown,30
9707.870844040033,3-right,unknown,50
9815.084595451466,crest,unknown,0
9866.149715442762,crest,unknown,0
9988.991829545575,5-left,unknown,30
10084.308122422772,5-right,unknown,0
10152.825320184309,6-left,unknown,40
10224.094232575973,6-right,unknown,80
10310.54830636748,5-left,unknown,0
10439.092088563524,crest,unknown,30
10499.3319547821,crest,unknown,30
10521.886758935541,slight-right,unknown,0
10601.3350197769,6-right,unknown,100
10701.029437196323,5-left,unknown,70
10872.314848649572,5-left,unknown,40
11004.383736856049,6-left,unknown,50
11080.040588548254,slight-right,unknown,70
11189.937918489046,6-left,unknown,70
11310.05342942961,slight-right,unknown,0
11439.177677476493,slight-left,unknown,80
11568.006396501156,6-left,unknown,50
11690.263947999572,4-right,unknown,0
11788.425946824635,6-left,unknown,50
11880.277715966784,slight-right,unknown,90
12042.259263398719,6-left,cut,140
12241.880812623582,5-right,caution,100
12426.005120103433,finish,unknown,0
