0,5-left,unknown,100
45.95151833534243,4-right,unknown,40
161.20713437080389,3-left,unknown,0
275.8392429828645,6-left,unknown,50
371.1315382480623,4-right,unknown,100
541.0233628177643,5-right,unknown,60
658.3244306659695,5-left,unknown,0
788.1702733325951,3-left,unknown,30
842.3047772693635,2-right,unknown,60
903.6296353244784,3-left,dont-cut,50
995.8005092716215,3-right,unknown,0
1073.4783950519552,2-left,unknown,30
1143.1251540470112,square-right,unknown,80
1274.9972246074694,2-left,dont-cut,30
1353.1163504886647,3-right,widen,0
1435.1708590412147,2-left,unknown,60
1474.7459657382967,4-right,unknown,0
1549.3290249538434,4-left,unknown,90
1627.3452363109604,2-right,unknown,60
1758.5542215251933,2-left,unknown,70
1879.9649837017078,4-right,unknown,90
2006.7823304271735,6-left,unknown,100
2118.661022634508,6-left,unknown,40
2240.804371023178,5-right,unknown,0
2341.0086667537694,3-right,unknown,50
2443.4878536510437,4-right,unknown,0
2522.9645406627656,6-left,unknown,50
2571.9823079967523,6-right,unknown,0
2641.342541990284,hp-left,unknown,40
2724.3257408428253,5-right,unknown,70
2812.8968150234286,5-left,unknown,0
2904.131554975517,3-right,dont-cut,0
2956.533475446709,5-left,unknown,80
3026.266356687554,2-right,unknown,80
3147.112170896539,1-right,unknown,0
3246.688060827263,5-right,unknown,0
3313.4935127353738,slight-left,unknown,0
3371.349080743798,hp-left,unknown,30
3409.9344913196655,slight-right,unknown,0
3474.4341825270785,3-left,unknown,30
3515.0180207991725,2-right,unknown,90
3605.2887310958035,4-left,unknown,50
3700.191324250708,3-right,dont-cut,60
3841.8546780180986,6-left,unknown,0
3937.1406770110175,2-left,unknown,0
3987.3841518950503,4-left,unknown,70
4061.255452401645,5-right,dont-cut,70
4155.95583818198,slight-right,unknown,50
4287.737935807714,4-left,narrow,0
4454.2896954131265,hp-right,unknown,0
4510.287557027356,5-right,unknown,70
4567.881612317579,5-left,unknown,0
4661.6228309989165,4-left,unknown,130
4842.24564311745,1-right,unknown,240
5104.125271184469,5-right,unknown,40
5239.335873906641,4-right,unknown,0
5295.15227206948,hp-left,unknown,50
5346.371543233419,6-left,unknown,120
5477.139927794782,5-left,unknown,40
5593.235978209823,hp-right,unknown,60
5761.331403033583,slight-left,unknown,70
5811.259732234326,4-right,unknown,50
5895.849938762036,slight-right,unknown,0
5999.358058841084,hp-left,unknown,130
6213.276974513396,6-left,unknown,60
6305.900089862216,5-left,unknown,70
6395.781702525482,6-left,unknown,60
6505.895803325043,slight-right,unknown,0
6599.604690425256,hp-right,unknown,190
6739.474992778152,4-right,unknown,60
7024.971700274804,slight-left,unknown,0
7109.79770548568,6-right,unknown,0
7210.772747371057,6-left,unknown,50
7270.266061580041,hp-right,unknown,40
7357.490213763579,6-left,unknown,0
7429.27670483338,slight-right,unknown,100
7612.89957710969,4-right,unknown,0
7789.573667456991,4-left,unknown,0
7852.580144164444,2-right,unknown,0
7904.18088360536,4-left,unknown,0
7944.4381589196855,6-right,unknown,90
7986.749116523137,hp-left,unknown,50
8126.465637652734,4-left,unknown,40
8186.1201040147225,3-right,unknown,0
8252.681695582707,4-left,unknown,0
8307.005690257392,3-right,dont-cut,0
8381.74220328076,3-left,unknown,160
8527.609888751333,hp-right,unknown,50
8681.8001293252,5-left,unknown,40
8733.19128010491,3-right,unknown,50
8825.180041930464,6-left,unknown,200
9016.759199034972,slight-right,unknown,0
9167.292790648744,hp-left,unknown,60
9254.14839146356,4-right,cut,0
9317.99571270685,slight-left,unknown,0
9374.685823485652,6-right,unknown,0
9433.264700934684,4-left,unknown,0
9498.350068824087,hp-right,unknown,70
9616.46534605721,4-left,dont-cut,60
9684.77988978127,2-left,unknown,40
9766.099661013877,3-right,unknown,0
9838.605924289026,6-right,unknown,40
9910.24976347665,slight-left,unknown,0
9981.343272578511,2-right,unknown,0
10034.077248179705,hp-left,unknown,0
10071.1570223687,4-left,unknown,0
10132.882429911888,5-right,unknown,80
10191.356106002135,slight-left,unknown,30
10302.02467644434,hp-right,unknown,0
10355.615451934136,slight-left,unknown,30
10431.302681090638,hp-left,unknown,0
10505.714137503908,6-right,unknown,0
10564.675008475593,slight-left,unknown,0
10632.631565558722,hp-right,unknown,30
10688.575382849982,slight-right,unknown,120
10797.45541851741,1-left,dont-cut,0
10922.280737464243,5-right,dont-cut,0
10999.354468352614,5-left,unknown,50
11050.65301037532,slight-right,unknown,0
11118.420118529622,6-right,unknown,50
11360.934807212177,5-left,unknown,60
11434.923362414651,slight-left,unknown,80
11518.599464900313,6-right,unknown,80
11613.356840121569,1-right,unknown,30
11750.232385051053,slight-left,unknown,150
11859.168186309136,5-right,unknown,100
11978.012194945604,5-left,dont-cut,40
12119.852478225024,4-right,unknown,50
12235.091943557058,6-left,unknown,200
12387.89633194664,slight-right,unknown,0
12551.191752402565,finish,unknown,0
