103.16284857749936,6-right,dont-cut,60
224.17507987022395,3-left,unknown,40
313.5641242504119,4-right,unknown,100
440.5520033931732,6-left,unknown,120
581.4879754924774,slight-right,dont-cut,40
738.1467599391934,1-left,dont-cut,70
882.5308816623685,6-left,dont-cut,60
951.1552006435394,slight-right,unknown,90
1049.447346525192,hp-right,unknown,70
1243.8212670993778,6-left,cut,60
1314.8275211429561,slight-left,unknown,50
1394.8860172367065,5-right,unknown,0
1506.0434964084607,6-left,unknown,0
1577.952035036085,3-right,unknown,0
1628.6925325107559,2-right,dont-cut,180
1750.4255275440203,hp-left,unknown,0
1864.5606244754772,slight-right,unknown,0
1920.7159998416885,slight-left,unknown,40
1972.2819265270205,hp-right,unknown,60
2111.9668335628494,slight-left,caution,0
2167.0296560382812,hp-left,unknown,0
2206.865244989393,slight-right,unknown,80
2280.6359737110147,slight-left,unknown,0
2370.649403619767,6-right,unknown,40
2425.2371306705486,1-right,unknown,0
2496.4490770053912,1-left,unknown,0
2555.4584882831614,slight-right,unknown,90
2608.8721915721912,4-left,unknown,40
2709.8093770122528,3-right,unknown,50
2799.907981863022,6-right,unknown,70
2884.0763300991066,hp-left,unknown,0
2988.1246995067636,5-right,unknown,0
3071.1199329662345,6-left,unknown,0
3121.7802257633202,slight-right,unknown,0
3179.120528879167,4-left,cut,70
3242.3028827762596,hp-right,unknown,0
3348.268164072036,slight-left,unknown,200
3504.741576128005,slight-right,unknown,40
3627.339385118482,3-left,unknown,40
3691.715014543529,6-right,unknown,50
3814.201655550001,hp-left,unknown,150
4007.9107918643926,3-right,unknown,0
4108.147297487257,3-left,unknown,0
4160.694423265456,3-right,unknown,0
4229.174443368915,3-left,unknown,40
4309.172077417375,5-right,unknown,50
4380.618166551593,hp-right,unknown,70
4510.9293368816325,slight-left,dont-cut,0
4576.567361001964,5-right,unknown,0
4633.970416460033,2-left,unknown,0
4682.120887689585,4-right,unknown,0
4715.352144250862,4-left,unknown,40
4777.994663286203,slight-left,unknown,70
4904.270653238297,slight-left,unknown,0
5044.6689663410225,6-right,unknown,50
5080.947537469869,6-right,unknown,50
5255.101344213483,slight-right,widen,0
5311.493169717784,slight-left,unknown,0
5360.109920015331,slight-right,unknown,120
5462.572256479253,hp-right,unknown,0
5623.119699831,slight-left,unknown,30
5668.385184049601,3-left,unknown,160
5764.47783202171,slight-left,unknown,0
5969.067522516248,5-right,unknown,60
6035.87989199638,4-right,unknown,70
6128.76506838798,slight-right,unknown,140
6259.213781194682,hp-right,unknown,0
6411.893496541972,5-left,unknown,40
6482.740909795754,crest,unknown,30
6571.228384733189,3-left,unknown,40
6641.1013226604355,slight-right,unknown,60
6836.237221136077,4-right,unknown,120
6979.073946142183,5-right,unknown,60
7088.859640111909,hp-right,unknown,0
7187.883438825598,4-left,unknown,30
7255.545645856848,5-left,unknown,200
7422.482358427038,1-left,caution,120
7630.289471273414,4-right,unknown,70
7814.338373708711,6-left,caution,0
7958.61247210501,hp-left,unknown,0
8020.960044126493,3-right,unknown,30
8090.418769159303,slight-left,unknown,70
8243.477415170655,5-left,dont-cut,70
8382.64733830451,4-right,unknown,0
8473.1571583271,1-right,unknown,0
8534.486841478336,5-right,unknown,50
8616.869495630264,3-left,unknown,40
8712.598484964365,4-right,unknown,50
8809.715151414866,slight-left,unknown,0
8904.492227792729,3-left,unknown,0
8973.02543004033,2-right,unknown,70
9046.48566157338,square-right,unknown,30
9150.908072824459,3-left,unknown,0
9196.306215047824,1-left,unknown,70
9309.630524358745,1-left,unknown,80
9406.345428686132,4-right,unknown,40
9487.549307355868,3-left,dont-cut,0
9557.546220655438,6-right,unknown,70
9611.902569189066,6-left,unknown,40
9703.903893957131,hp-right,unknown,0
9819.297537584293,6-left,unknown,30
9882.592674264894,6-right,unknown,0
9938.195910596838,5-left,unknown,50
9988.016404943459,3-left,unknown,0
10140.463153886796,6-right,unknown,100
10248.519575090419,slight-right,dont-cut,100
10373.38740998269,4-left,unknown,60
10513.658481302276,3-right,unknown,50
10678.563306360255,2-left,unknown,80
10803.408316164034,3-right,unknown,40
10883.311523180017,4-left,unknown,60
10960.66902825356,1-right,unknown,0
11060.964947862627,2-left,unknown,0
11094.975484437953,1-right,dont-cut,80
11288.96376801493,4-right,unknown,0
11352.571019525556,2-right,unknown,0
11395.405157251384,4-left,unknown,40
11447.996142454176,3-right,unknown,50
11522.038971471824,2-left,unknown,0
11620.181700429957,4-right,unknown,60
11703.333194723173,4-left,unknown,120
11864.48445273404,4-left,unknown,0
11988.580376615562,6-right,unknown,0
12085.38313876155,4-right,unknown,0
12187.952009687466,3-left,unknown,110
12403.07233466154,5-right,unknown,0
12531.311740293564,finish,unknown,0
