0,straight,unknown,60
2.8222846412658695,4-left,unknown,30
55.34308687210083,4-right,unknown,0
119.91819984436033,6-left,unknown,40
204.79810241699218,5-right,unknown,150
385.7603826141357,2-left,caution,30
509.3448554611204,3-right,unknown,0
665.742703399657,4-left,unknown,0
743.981889629362,slight-right,unknown,40
793.1011424446078,6-left,unknown,90
890.3519563484164,6-right,unknown,50
1038.2652769279448,6-left,unknown,160
1242.1604453468274,6-left,unknown,0
1383.3685258293108,5-right,unknown,40
1494.5881253242449,5-left,unknown,0
1607.1279901313721,4-right,unknown,100
1691.092888126367,slight-right,unknown,0
1803.1230469322147,crest,unknown,90
1867.2837669181765,slight-left,unknown,60
1992.0839348411487,2-left,unknown,30
2172.0399835395724,4-right,unknown,0
2253.6724004554667,1-right,unknown,160
2395.293102684014,slight-left,unknown,100
2495.731664314263,slight-left,unknown,0
2627.0255627441347,6-right,unknown,50
2693.0293764877283,hp-left,unknown,40
2802.7225887870754,hp-right,dont-cut,60
2908.5499084663375,slight-left,unknown,0
2975.012093982696,5-right,unknown,40
3023.705487079619,2-left,unknown,0
3097.810846271513,2-right,unknown,0
3139.9481365394563,slight-left,unknown,70
3203.1017456054665,hp-left,unknown,30
3285.166546211241,2-right,unknown,0
3365.0312267017334,1-right,unknown,0
3418.439786615364,6-left,unknown,80
3473.904883680335,crest,unknown,0
3566.8348843288322,6-right,unknown,30
3624.3667967128663,hp-left,unknown,0
3673.1772423839493,4-right,unknown,0
3729.7867991161256,3-left,unknown,0
3767.6472943782705,3-right,unknown,0
3832.4911408429257,3-left,unknown,0
3869.0360044102763,1-right,unknown,0
3906.961577721128,3-left,unknown,0
3945.5744262509465,3-right,unknown,0
3983.994301968111,5-left,unknown,0
4027.434714222445,2-right,unknown,40
4073.126458988682,slight-right,unknown,0
4155.774761524697,6-left,unknown,0
4202.352363110087,3-left,caution,70
4356.561546726731,4-right,unknown,130
4508.984909458661,4-right,caution,30
4694.378335705304,3-left,unknown,60
4793.781733723196,5-left,unknown,40
4886.718557262932,3-right,unknown,140
5066.947033978023,2-left,unknown,30
5178.7176279645355,3-right,unknown,90
5268.611378346004,5-left,unknown,80
5369.193521290335,3-right,unknown,40
5494.032864437617,1-left,unknown,0
5576.493662281545,2-right,unknown,40
5648.570692272695,2-left,unknown,0
5713.862101498158,5-right,unknown,80
5800.912291851554,5-left,caution,0
5913.601566448721,3-left,unknown,40
5980.116440830738,slight-left,unknown,0
6076.677492428337,slight-right,unknown,0
6131.978168125663,3-left,unknown,0
6190.850757313284,3-right,unknown,0
6251.236051211867,4-right,unknown,30
6304.494673362287,5-left,dont-cut,0
6381.483644271409,4-right,unknown,40
6440.705538497484,6-right,unknown,80
6525.868859687363,3-left,unknown,50
6666.936449447194,1-left,unknown,0
6766.09275117793,1-left,unknown,0
6850.537021315281,slight-right,narrow,60
6906.208903963756,6-left,unknown,0
6979.297746679968,3-right,unknown,0
7019.787519438452,3-left,unknown,90
7125.2798753191855,2-right,unknown,0
7202.166175520601,6-right,unknown,30
7277.694283926669,5-right,unknown,0
7333.38416811246,square-left,unknown,0
7375.775857489293,1-right,unknown,30
7412.71934145231,slight-right,unknown,0
7469.075400049879,slight-left,unknown,0
7507.43400799055,6-right,unknown,0
7588.177593081187,4-left,unknown,0
7631.731235125249,2-right,unknown,0
7672.46551456708,4-left,unknown,0
7718.418154394805,slight-right,unknown,0
7770.452033446014,2-left,unknown,0
7823.000835364042,3-right,unknown,0
7876.78261587399,1-left,unknown,0
7913.068224909483,5-right,unknown,0
7947.6072819735355,5-left,unknown,120
8026.517313902546,3-left,unknown,0
8129.198468001057,4-right,unknown,0
8171.170466826128,5-left,unknown,0
8210.075491659809,3-right,unknown,0
8249.81350355403,2-right,bridge,0
8284.870414621992,2-left,unknown,100
8364.462741015124,3-right,unknown,0
8437.328820402785,4-right,bridge,0
8492.471498739882,1-left,unknown,0
8549.10439413325,6-right,unknown,0
8583.440329821276,2-left,unknown,0
8659.431672175107,5-right,unknown,0
8696.080295622523,5-left,unknown,40
8759.833252546967,5-right,unknown,0
8830.476739371008,1-left,unknown,30
8913.82116277952,crest,unknown,0
8954.979425471023,slight-right,unknown,40
8997.592175028522,3-right,unknown,30
9044.665624506677,slight-right,unknown,0
9117.597397425374,1-left,unknown,40
9178.902930109694,crest,unknown,0
9236.737355005936,3-right,unknown,30
9282.77021881361,3-left,unknown,0
9357.083368303962,3-right,unknown,30
9418.942529947939,4-right,caution,50
9493.405284617123,3-left,unknown,30
9633.530015003853,4-right,unknown,40
9687.485106346787,3-right,cut,40
9756.366486923871,2-left,unknown,0
9824.46288760441,1-right,dont-cut,0
9910.941881878547,crest,unknown,0
9933.117324383436,3-right,unknown,0
9975.55198964374,4-left,unknown,0
10019.301116383238,4-right,unknown,0
10065.106503002795,5-left,unknown,0
10102.791651051202,2-left,bridge,0
10161.754603153513,2-right,dont-cut,0
10192.578241001416,square-left,unknown,0
10238.100980469042,1-right,unknown,0
10294.548095146465,2-left,unknown,30
10347.134629532153,5-left,unknown,0
10407.796227032006,6-left,unknown,40
10455.47258510238,6-right,unknown,50
10507.882120739294,1-right,unknown,0
10597.108212581956,4-left,unknown,0
10654.435803123799,1-right,unknown,0
10693.215500198692,square-left,unknown,0
10726.813384548512,slight-right,unknown,0
10777.103148971897,hp-right,unknown,30
10812.083732677807,6-left,unknown,40
10879.215319362987,6-left,unknown,30
10955.998979698528,acute-hp-left,unknown,0
11007.858056808818,hp-right,dont-cut,30
11053.489382835734,6-left,unknown,40
11107.593579613083,slight-left,unknown,70
11159.32428680074,4-left,unknown,0
11259.26204154623,1-right,unknown,0
11322.97601104391,3-left,unknown,120
11442.222222782495,5-left,unknown,60
11540.159187084557,3-left,unknown,90
11804.11715984,slight-left,unknown,40
11854.869998060587,2-left,caution,40
11938.366949106594,3-right,unknown,0
11998.068739935286,3-left,dont-cut,0
12032.9238168968,2-right,unknown,0
12064.02620226515,1-left,unknown,0
12098.11888365401,slight-right,widen,140
12177.385781732919,slight-left,unknown,90
12278.583187204733,slight-right,unknown,100
12431.308754717245,crest,unknown,80
12596.42447287216,2-right,unknown,0
12704.543751436606,5-right,unknown,0
12753.203188291924,6-right,unknown,30
12815.980010630028,5-left,unknown,0
13167.028927256019,finish,unknown,0
