0,straight,unknown,60
5.565092477798464,hp-left,unknown,30
64.45557141304016,hp-right,dont-cut,0
124.21066793918618,2-right,unknown,0
171.8333115234966,acute-hp-left,unknown,50
230.4761366310711,hp-right,unknown,40
310.68878262907214,square-right,unknown,0
396.09916246801566,2-left,unknown,0
439.4233676138514,hp-right,widen,30
486.73846277147464,4-right,unknown,0
540.3311908236128,3-right,dont-cut,0
571.7753482332807,1-left,unknown,0
606.2361408129311,2-left,unknown,0
678.2198829928012,2-left,widen,30
692.2956991472812,1-left,unknown,30
704.8292372599219,2-left,unknown,0
762.2707197275741,slight-right,unknown,50
800.9599669733624,1-right,unknown,50
985.5697472086523,hp-right,dont-cut,40
1116.0275644770243,4-left,unknown,0
1175.748372454853,3-right,unknown,40
1213.901943612307,hp-right,unknown,30
1298.893904442996,1-left,unknown,0
1346.249179539891,6-left,unknown,40
1437.5602132036418,4-right,unknown,0
1473.8692134573187,2-right,unknown,0
1514.8075704290582,6-left,unknown,0
1550.2527362730218,hp-right,unknown,30
1592.0427300359909,1-left,unknown,180
1697.363169574946,4-right,unknown,0
1749.6843573381598,3-left,narrow,0
1826.8049570848646,6-right,unknown,0
1893.6871282770321,slight-left,unknown,30
1943.434255199639,2-left,unknown,0
1988.5273785974673,3-left,unknown,80
2079.6568299486344,6-right,unknown,0
2148.72167467138,6-left,dont-cut,70
2199.122900562494,slight-right,unknown,0
2289.330489635675,hp-left,unknown,0
2404.121470470636,6-left,unknown,0
2447.3252038862393,hp-right,unknown,50
2522.803108682837,crest,unknown,30
2578.0970998670714,6-left,unknown,0
2627.1523820020816,5-right,unknown,0
2682.0207867719787,3-left,dont-cut,0
2727.384059286324,4-left,unknown,40
2779.727519216744,slight-right,unknown,0
2853.989991789074,hp-left,dont-cut,30
2906.9993929388256,hp-right,unknown,0
2962.884736757493,crest,unknown,40
2989.921871853088,2-left,unknown,0
3034.961823730684,4-right,unknown,0
3095.7257679369213,1-right,unknown,0
3158.4699462129856,acute-hp-left,unknown,0
3206.9119641210787,6-right,widen,0
3242.0804845239854,4-right,unknown,0
3278.968676758027,6-right,unknown,30
3331.691568317628,2-left,unknown,0
3390.979295826172,5-right,unknown,50
3452.9435104562976,5-right,unknown,60
3534.401471157285,4-left,dont-cut,0
3623.639238910887,5-left,unknown,50
3677.4917610742755,5-right,unknown,0
3785.843452358455,slight-left,unknown,40
3838.507627506465,3-left,unknown,0
3885.7447157861893,slight-right,unknown,100
3979.6698192789277,square-right,dont-cut,30
4100.589977531641,slight-right,unknown,0
4163.983313942164,slight-left,unknown,30
4202.948684807037,hp-left,widen,0
4274.245114088264,5-left,unknown,0
4293.9839660646585,5-right,unknown,30
4318.357309532373,6-left,caution,0
4366.77862737677,3-right,unknown,0
4407.881127147888,6-left,unknown,60
4448.869197368836,slight-right,unknown,0
4496.622997684694,5-left,unknown,110
4577.8980309107055,6-right,caution,0
4699.360334644532,3-left,unknown,0
4746.514618511415,slight-right,unknown,90
4783.405497074345,3-right,unknown,0
4867.722467670653,2-left,unknown,60
4913.335471286984,2-right,widen,0
5001.365281076641,1-left,unknown,30
5041.188926382273,3-left,unknown,0
5093.0163942053,hp-right,unknown,0
5164.88715685866,square-left,unknown,0
5203.685339422439,6-right,unknown,0
5232.618609705184,slight-left,unknown,0
5282.829716482378,5-right,unknown,0
5326.947657270647,4-left,narrow,0
5419.033255987378,6-right,unknown,40
5461.921061201304,4-right,unknown,0
5513.202011671274,slight-left,unknown,30
5558.724932165351,1-right,unknown,70
5634.418115072459,square-left,unknown,40
5727.205234794831,2-right,unknown,0
5795.081171837066,acute-hp-right,unknown,30
5829.110959091395,5-right,unknown,0
5884.187539139006,1-right,unknown,30
5963.095232506016,1-left,unknown,40
6067.973574600433,2-right,unknown,0
6128.356157341211,6-left,unknown,0
6157.597922134604,6-right,unknown,0
6192.47264423391,3-left,unknown,0
6232.664854202478,2-right,unknown,80
6290.69152536413,6-right,unknown,0
6360.105853214473,3-left,unknown,0
6416.787454509945,4-right,unknown,60
6456.819088421082,6-right,unknown,0
6535.968774166329,6-left,unknown,40
6580.115449924693,3-right,dont-cut,40
6672.532083111036,1-left,unknown,0
6768.423386783829,5-right,unknown,80
6829.59410274528,6-left,unknown,0
6917.698638496619,4-right,dont-cut,60
6985.820792427289,5-left,unknown,90
7100.822024002302,4-right,unknown,0
7215.532261276477,4-left,unknown,0
7277.189602508774,slight-right,unknown,80
7328.163285980455,3-left,unknown,0
7441.960861854788,6-right,unknown,0
7506.539472847226,3-left,unknown,0
7545.895115509272,4-right,unknown,100
7629.2975101664,2-left,unknown,0
7731.574421673052,3-right,unknown,0
7784.508219051595,2-left,unknown,0
7820.524937591792,2-right,unknown,0
7851.498857040646,2-left,unknown,0
7858.263140774013,1-left,unknown,0
7888.642896538018,4-right,dont-cut,0
7920.992676315547,6-left,unknown,70
7988.381243934872,5-left,unknown,0
8077.310591011273,2-right,unknown,30
8145.890782509088,hp-right,unknown,30
8211.952359295125,acute-hp-right,unknown,0
8254.674931841122,4-right,widen,40
8285.288259325253,4-right,unknown,0
8339.838150930618,3-left,dont-cut,0
8380.397475042555,3-right,unknown,0
8417.026664304936,5-left,unknown,40
8453.30214129469,4-left,unknown,0
8526.864429083087,5-right,unknown,50
8573.44176737807,hp-left,unknown,60
8661.480593319158,5-left,unknown,70
8734.076170120465,3-right,unknown,40
8827.50064929986,2-right,unknown,0
8904.828657036069,6-left,unknown,60
8963.839492607356,3-left,caution,0
9046.526080246216,5-right,unknown,0
9096.617016792536,3-left,unknown,50
9146.615033226251,3-right,unknown,0
9268.960918395718,square-left,unknown,0
9292.257012593951,4-right,unknown,0
9334.465124795639,3-left,unknown,0
9400.678459089,2-right,dont-cut,100
9501.78376090785,1-left,caution,0
9567.389169995979,1-left,caution,0
9591.317775037487,slight-right,unknown,60
9645.398362443644,6-left,unknown,30
9719.745720994668,1-right,unknown,0
9772.55224626322,square-left,unknown,0
9811.410712983805,1-right,unknown,50
9882.139064157203,5-left,unknown,0
9946.465242669768,5-right,unknown,0
9990.963393914883,3-left,unknown,70
10036.195184991546,5-right,caution,0
