0,slight-right,unknown,100
50.17487990379334,6-right,unknown,0
145.91352038383476,crest,unknown,50
210.88096686363198,6-left,unknown,30
287.9756578350065,1-left,unknown,0
351.9537735080721,3-right,unknown,0
398.06218298912046,1-left,unknown,0
443.7984327220915,2-right,unknown,0
473.7823909282683,4-right,unknown,0
502.5116785144804,crest,unknown,0
575.761377515793,slight-left,unknown,0
619.6117395305638,4-right,unknown,50
667.511321630478,hp-right,unknown,40
765.9962223339083,2-left,unknown,30
859.8398300266263,slight-right,unknown,40
926.3046765613558,3-left,unknown,50
985.5172039890293,1-right,unknown,0
1074.0420921039586,3-left,widen,0
1116.5973850727098,6-left,unknown,110
1231.5605974102045,1-right,unknown,0
1337.9591408824945,4-left,unknown,0
1367.6811187267313,5-left,unknown,70
1414.8378399562835,slight-right,unknown,0
1504.1863301753995,2-right,unknown,0
1556.5447734355914,3-left,caution,0
1613.1375616931891,slight-right,unknown,0
1651.423422517774,slight-left,unknown,0
1683.2575804233516,3-right,unknown,50
1713.9733170223199,2-right,unknown,40
1773.782956361766,square-left,bridge,0
1839.2310485935157,1-right,unknown,0
1872.9617378711641,3-left,widen,0
1965.5222373485517,2-right,unknown,30
2023.8961699962576,2-right,unknown,30
2051.902213773723,slight-left,unknown,0
2117.9355835056267,2-left,unknown,0
2151.57100352287,3-right,unknown,0
2208.400510873793,6-left,unknown,40
2281.4340840435007,2-right,dont-cut,40
2359.233507585523,2-left,widen,0
2423.434692506788,3-right,dont-cut,50
2591.2211918926214,4-left,unknown,0
2634.040806751247,1-right,unknown,80
2732.916646232602,1-left,unknown,40
2798.014435138697,5-right,unknown,60
2864.838390407557,2-right,unknown,40
2949.2995612907357,4-left,dont-cut,0
3029.0794937324463,6-right,unknown,60
3082.3522746086082,6-left,unknown,0
3169.6328653526252,6-right,unknown,50
3221.4483818244858,4-left,unknown,0
3270.1826631355193,slight-right,unknown,0
3312.249066333762,6-left,unknown,60
3353.5533068275363,3-right,unknown,0
3414.109060611713,5-left,unknown,0
3474.4857220268136,5-right,unknown,60
3515.4362748527424,4-left,unknown,0
3572.975485744466,2-left,widen,0
3612.005390586842,square-right,unknown,0
3643.7160466003306,1-left,unknown,0
3677.179694843279,5-right,unknown,60
3724.118175201402,slight-left,caution,0
3804.315058269488,1-right,unknown,100
3906.4890461921545,4-left,unknown,0
3987.1964549445956,3-right,unknown,0
4031.70827777861,4-left,dont-cut,30
4086.8588171958795,1-right,unknown,0
4164.465023956284,2-left,unknown,0
4191.349955863935,4-right,unknown,0
4245.061234779344,6-left,unknown,0
4328.6005772972,3-right,unknown,0
4367.149264240255,slight-left,unknown,0
4409.653891773214,slight-right,unknown,50
4448.742631397241,3-left,unknown,50
4507.899130420676,3-left,unknown,60
4609.201283092486,6-right,unknown,60
4696.890948390948,hp-right,unknown,50
4819.358947591767,4-left,unknown,0
4866.628409967407,6-right,unknown,0
4915.676468400936,4-left,unknown,0
5006.82971528051,3-right,unknown,0
5053.136235418299,3-left,unknown,40
5084.390464067441,6-left,unknown,0
5139.3956139469,1-right,unknown,30
5175.209627790436,acute-hp-left,unknown,30
5212.722166786175,3-left,dont-cut,30
5272.247766966806,6-right,unknown,0
5371.413446497909,4-left,unknown,0
5468.959245753286,1-right,unknown,0
5537.03629676342,2-left,unknown,0
5574.39561679363,2-right,unknown,0
5607.4563406324405,2-left,dont-cut,0
5637.730324645045,2-right,unknown,80
5707.933664698603,4-left,unknown,0
5777.124185709956,3-right,unknown,0
5877.577813830374,slight-left,unknown,0
5919.6516262579,4-right,unknown,60
5971.426311106689,slight-left,unknown,0
6051.713984866154,5-right,unknown,0
6133.508121752746,3-left,unknown,100
6206.2446903181135,5-right,unknown,50
6299.9936711073,6-left,unknown,0
6406.429330172551,4-left,unknown,0
6459.124996829047,5-right,unknown,90
6506.564904742257,6-left,unknown,0
6600.372839007394,2-right,unknown,30
6643.215336184519,4-left,unknown,40
6741.206998152753,slight-right,unknown,0
6820.7843073034555,6-left,unknown,70
6870.035087447194,6-left,caution,0
6958.475565428757,4-right,unknown,0
7004.939065794974,5-left,unknown,80
7060.174410452876,2-left,unknown,0
7161.804051528007,2-right,unknown,0
7199.067017722161,5-left,unknown,40
7232.675112319026,2-left,unknown,0
7295.08742368225,2-right,unknown,30
7399.377227644956,1-left,unknown,0
7454.612582716972,5-left,unknown,30
7511.987280020744,square-right,unknown,0
7582.454233527204,square-right,unknown,0
7592.508601279277,2-left,unknown,50
7646.128123803155,hp-right,unknown,70
7748.782021908776,1-left,unknown,30
7806.420346989644,slight-right,unknown,0
7870.480105671897,5-left,unknown,40
7907.073896794329,slight-left,caution,0
7962.780184712419,4-right,unknown,0
8005.602894177452,4-left,unknown,0
8043.022484059343,slight-right,unknown,0
8131.862816472074,crest,unknown,40
8172.035098042508,square-right,unknown,0
8225.365012631437,hp-left,unknown,0
8256.732311501528,4-right,unknown,0
8298.205218853978,3-right,unknown,0
8331.790055928263,1-right,unknown,0
8368.094779400857,2-left,bridge,60
8431.666021237412,4-right,unknown,0
8493.49361361031,4-left,unknown,80
8574.337016339354,slight-left,unknown,0
8643.343761220034,3-right,unknown,0
8681.459642567686,6-left,unknown,110
8742.464916348505,5-right,unknown,0
8836.506791462958,slight-left,unknown,60
8939.59491214281,3-left,unknown,0
9023.873267321645,6-right,unknown,30
9060.713714537682,slight-left,unknown,0
9107.787968478262,slight-right,unknown,0
9141.616965117515,square-left,unknown,0
9169.024525733059,hp-right,widen,0
9185.015605073035,6-right,widen,0
9225.517590231959,6-left,unknown,0
9259.863417182049,acute-hp-right,unknown,40
9322.840782179912,slight-left,unknown,50
9393.714146838262,crest,caution,0
9456.008480372499,crest,caution,0
9485.010753054696,3-right,unknown,70
9544.159618239468,5-left,unknown,30
9626.502944388474,5-right,unknown,40
9758.89148576268,5-left,unknown,60
9872.116174521534,4-left,narrow,30
9964.701314673513,2-right,unknown,30
10022.32594342717,6-left,unknown,0
10074.180367922863,3-left,unknown,40
10140.85104320057,acute-hp-right,unknown,0
10234.27289379605,hp-left,unknown,0
10271.145067639434,4-left,dont-cut,0
10311.926409955113,2-right,unknown,30
10369.280014214595,crest,unknown,0
10484.832090087004,hp-right,unknown,0
10526.05963132388,4-left,bridge,50
10559.181097168983,5-right,unknown,30
10625.000033173632,4-right,unknown,0
10675.83209345348,4-left,unknown,0
10716.228511948648,6-right,unknown,30
10759.066761193337,crest,unknown,60
10914.152992100795,slight-right,widen,0
10959.257099137383,square-right,unknown,80
10994.937125268065,slight-left,unknown,50
11040.977994790173,slight-left,unknown,70
11106.990047116373,6-right,unknown,0
11199.808879780867,6-left,dont-cut,80
11253.680870747665,3-right,unknown,0
11385.714421429708,slight-left,unknown,0
11446.143032078817,5-left,unknown,30
11494.277253689837,2-right,unknown,0
11547.726104703019,4-left,unknown,0
11674.508033375812,crest,caution,0
11718.248623166155,2-right,unknown,0
11750.048303837842,hp-left,unknown,0
11806.21441608913,6-right,unknown,0
11852.867872638772,3-left,unknown,0
11893.653025283891,4-left,unknown,0
11927.37453027732,hp-right,unknown,0
11967.555102062297,slight-left,unknown,40
12002.23474694258,1-right,unknown,30
12060.06749594695,hp-left,unknown,30
12137.025909700476,3-left,unknown,0
12185.82525953303,3-right,unknown,0
12222.533381385925,1-right,unknown,40
12382.712947228094,hp-right,unknown,50
12527.738292124413,slight-left,caution,0
12585.888607542644,3-right,unknown,0
12624.022712195045,1-right,unknown,0
12693.396248247725,square-left,unknown,0
12718.634625322924,2-right,widen,0
12750.836902458774,1-right,unknown,0
12789.726787045109,2-left,unknown,0
12821.02983065855,4-left,unknown,30
12905.582647507297,2-right,unknown,0
12947.376296198476,acute-hp-right,widen,0
12996.295070307364,square-left,unknown,40
13136.508196742612,acute-hp-right,unknown,0
13187.55526840933,1-left,unknown,0
13224.229069764691,hp-left,widen,30
13263.252054832064,hp-right,unknown,70
13350.074281175228,finish,unknown,0
