0,5-right,unknown,40
13.769386596679686,6-left,unknown,50
76.96058586120604,hp-left,unknown,30
186.45453361511213,square-right,dont-cut,0
251.25096384048433,6-left,unknown,0
354.02550041198737,5-left,unknown,70
463.9739486694338,6-left,unknown,50
574.1392161941533,3-left,unknown,70
722.5231018066415,slight-right,unknown,0
811.3876072311418,5-right,unknown,90
931.1006154632588,4-right,unknown,70
1085.6964478683492,bump,unknown,80
1182.3829561996488,3-left,unknown,0
1292.199193992618,crest,unknown,80
1338.8583601379435,square-left,unknown,0
1451.484214591984,1-right,dont-cut,0
1492.8531659507778,slight-left,unknown,0
1532.4617879867576,slight-right,unknown,0
1577.5343487548848,6-left,unknown,0
1635.3814411163346,1-right,unknown,40
1773.443749885561,6-left,unknown,70
1855.744456748965,3-right,unknown,0
1971.044612503052,square-right,unknown,80
2038.3760497665414,hp-left,unknown,80
2146.8528601837147,slight-right,unknown,0
2218.8079017829864,6-left,unknown,50
2277.652459812162,crest,unknown,40
2353.209763545986,3-right,unknown,120
2481.21924192428,6-right,unknown,40
2596.4939090537973,slight-left,unknown,120
2672.266715984339,4-left,caution,130
2870.4278168678266,jump,unknown,100
2993.9313299369815,4-left,unknown,0
3110.365344219208,6-right,unknown,0
3192.4636643791196,1-right,unknown,50
3412.2191383552586,crest,unknown,100
3457.937826023105,crest,unknown,100
3490.538629550936,5-right,unknown,0
3615.7382876014753,hp-left,dont-cut,0
3657.881716136936,4-right,widen,0
3709.51099747658,6-right,unknown,0
3747.7136601924904,jump,unknown,0
3811.173207883837,slight-left,unknown,0
3887.1495676326776,3-right,unknown,30
3946.5871179103874,3-left,unknown,70
4061.5910542965007,crest,unknown,0
4142.33500742913,3-right,unknown,0
4204.247981023792,6-left,unknown,0
4278.696871862416,dip,unknown,40
4327.015898656848,square-left,dont-cut,0
4375.770086240773,6-right,unknown,0
4431.0034387111655,3-right,unknown,80
4535.608117170332,jump,unknown,50
4646.841744146345,crest,unknown,60
4713.984515409469,slight-left,unknown,120
4810.347131528857,1-right,unknown,0
4983.985395841601,6-left,unknown,180
5141.011709165574,slight-right,unknown,130
5326.866008634565,6-left,caution,0
5498.131353330611,5-left,unknown,50
5620.163942747118,3-right,unknown,160
5781.13742484092,2-left,unknown,0
5898.656905126563,bridge,unknown,0
5930.836017827981,bridge,unknown,0
5941.61763564109,square-left,widen,170
6056.372167406082,3-left,unknown,0
6161.039694910045,slight-right,unknown,60
6260.85736905098,5-right,unknown,0
6340.5800399494165,6-right,unknown,220
6574.603958787916,slight-left,caution,80
6742.625133790963,slight-right,unknown,0
6857.629279451362,4-left,unknown,0
6931.230338220593,5-left,unknown,0
7000.1935506534555,6-right,unknown,140
7064.80314042091,slight-right,unknown,250
7291.951258783338,6-right,unknown,220
7542.0731819248185,2-left,unknown,280
7909.712506914139,6-right,unknown,200
8145.859356508248,square-left,narrow,60
8368.089413061136,3-right,unknown,40
8416.338163995737,crest,caution,0
8494.90813714027,crest,caution,0
8504.243301553719,square-right,unknown,0
8542.067591409676,6-right,unknown,0
8588.566806268671,6-left,unknown,80
8632.76389760015,square-right,unknown,30
8677.561711511582,square-right,unknown,30
8689.895570955247,1-right,unknown,0
8757.804512014367,2-left,unknown,60
8817.960934514975,3-left,unknown,0
8892.510538091632,square-left,widen,120
8965.984314355828,6-right,unknown,130
9099.106764955506,5-right,unknown,0
9233.867719240157,slight-left,unknown,100
9324.687949876747,slight-right,unknown,0
9480.666353044462,bridge,unknown,50
9542.055400209389,crest,unknown,0
9605.865239267308,4-right,unknown,0
9665.932978944738,4-left,unknown,0
9723.799458513224,4-right,unknown,0
9787.03062333105,5-left,unknown,0
9844.39975708958,6-right,dont-cut,0
9901.415456247303,4-left,unknown,80
10018.012460603688,6-left,unknown,100
10132.436807146047,hp-left,unknown,0
10277.687980489709,6-right,unknown,0
10343.075266332597,4-right,unknown,0
10434.952559766745,2-right,unknown,130
10604.62009875294,4-left,unknown,50
10710.06295886035,crest,unknown,0
10796.794875669431,4-right,unknown,120
11001.14256400103,jump,unknown,50
11123.928030576655,slight-right,unknown,0
11191.367359609541,slight-left,unknown,80
11260.305908689434,slight-right,caution,40
11350.46366602892,3-left,unknown,0
11453.595753393109,6-right,dont-cut,130
11601.290948858217,crest,unknown,120
11744.097885808902,slight-left,unknown,50
11914.72646079058,jump,unknown,0
12017.88372061723,4-right,dont-cut,50
12203.097889432824,3-left,unknown,90
12308.74981822005,3-left,dont-cut,40
12441.15899336807,crest,unknown,70
12511.944863653098,crest,unknown,60
12597.64235758773,slight-left,unknown,120
12728.359887151622,6-left,unknown,80
12895.128234624768,crest,unknown,0
13010.62398459426,4-right,unknown,0
13075.58515952103,3-left,unknown,30
13134.067018651891,1-right,unknown,0
13228.934629049232,5-left,unknown,40
13283.859126443791,slight-right,unknown,0
13352.753890657352,3-right,unknown,80
13412.931164178775,5-left,unknown,100
13577.526943445127,slight-right,caution,0
13700.386815195005,6-right,unknown,0
13799.244067087091,crest,unknown,0
13881.357041330259,5-right,unknown,0
13959.868109598081,4-left,unknown,80
14031.034374856861,slight-right,unknown,60
14120.067453966056,5-left,unknown,90
14209.915069703971,slight-left,unknown,120
14503.277714662458,finish,unknown,0
