0,straight,unknown,280
289.0438806056977,crest,unknown,90
404.12423048973096,4-right,dont-cut,0
528.6952147579195,5-left,unknown,70
593.1604794216158,6-left,unknown,160
795.757797079087,5-right,unknown,80
961.2643434047711,3-left,unknown,0
1121.0747100353256,6-left,unknown,40
1194.1160126400014,5-right,unknown,30
1261.6439496517207,1-left,unknown,0
1335.7850252819098,3-right,unknown,40
1406.7560927104992,5-left,unknown,0
1504.5273058223754,crest,unknown,90
1554.0735947322883,slight-right,unknown,110
1659.4055508709005,slight-right,unknown,80
1792.976053533559,crest,unknown,50
1929.1759226131478,slight-left,unknown,40
2031.1318830776243,3-right,dont-cut,90
2115.962570333483,3-right,cut,0
2238.9003978633887,4-left,unknown,50
2379.354749708176,6-right,unknown,0
2762.236354589462,5-left,unknown,0
2962.191648397444,3-right,unknown,40
3074.1790455150604,slight-left,unknown,0
3162.3632244014716,slight-right,unknown,0
3229.6494216823544,slight-left,unknown,60
3347.0631070613827,jump,unknown,90
3438.803743200298,4-left,unknown,0
3596.5897512721963,crest,unknown,50
3754.9326393794936,4-right,unknown,120
3876.216129560461,2-left,unknown,0
4018.168469457619,4-left,unknown,40
4082.503137350072,6-left,unknown,60
4175.948937063204,hp-right,unknown,100
4351.74717451095,slight-right,unknown,90
4418.428229026789,4-right,unknown,0
4532.471553955074,5-left,dont-cut,0
4654.461756210325,4-right,unknown,0
4724.25403633117,4-left,unknown,0
4784.512573661803,4-right,unknown,0
4849.068537635806,4-left,unknown,50
4911.459392395026,bridge,unknown,0
5023.933939361575,slight-left,unknown,0
5090.6085220718405,slight-right,widen,0
5158.216770820618,5-left,unknown,100
5309.317738151547,5-left,unknown,120
5463.9996126174865,square-right,narrow,0
5661.39229936599,2-right,unknown,50
5688.198948745722,3-right,unknown,0
5746.194630260457,1-left,unknown,30
5798.359066181169,square-left,unknown,70
5845.766307430251,square-left,unknown,70
5894.11563299178,5-right,unknown,0
5957.2622500610305,5-left,unknown,0
5999.823612289421,square-left,unknown,0
6061.403309555048,crest,unknown,50
6075.693164539333,3-left,unknown,60
6142.3979631996135,hp-right,widen,220
6357.9970684909695,6-left,unknown,270
6642.376007928835,2-right,unknown,200
6971.579995535408,6-left,dont-cut,190
7170.262342032001,slight-left,caution,100
7321.093847006361,5-left,unknown,0
7513.357759741348,6-right,unknown,0
7589.208255804586,4-right,unknown,0
7655.528896635577,crest,unknown,70
7722.727152823021,slight-right,unknown,250
7877.740671957545,6-left,unknown,0
8080.516888769681,crest,unknown,0
8136.729952276758,crest,unknown,0
8166.919977530057,4-left,unknown,60
8246.225622137605,6-left,unknown,50
8320.69641048293,3-right,unknown,180
8485.756067694223,1-right,unknown,0
8612.390101736577,4-right,unknown,0
8648.548208588163,2-right,unknown,150
8753.403457706952,3-left,unknown,70
8886.531414097326,6-right,unknown,0
8994.880954998516,crest,unknown,0
9077.90966200687,bump,unknown,100
9145.060232265958,slight-left,unknown,200
9319.47583803987,6-right,unknown,0
9509.134778622145,square-left,unknown,90
9643.246300533765,slight-right,unknown,70
9748.992566250317,crest,unknown,50
9866.846899479384,jump,unknown,70
9936.966797092906,3-left,unknown,0
10032.61462153291,6-left,unknown,40
10144.617262060698,5-left,bridge,0
10145.032404858921,3-left,widen,0
10164.629522920264,square-right,dont-cut,40
10268.734150567661,bump,unknown,30
10309.711733232145,3-left,unknown,0
10373.058899865753,crest,unknown,90
10448.866095262172,3-right,unknown,40
10550.443779588344,4-left,unknown,0
10622.14193270266,slight-right,unknown,0
10692.785240998863,6-left,unknown,0
10767.601278825407,4-left,unknown,0
10885.047527566558,square-right,dont-cut,0
10946.27712915957,3-left,widen,70
11025.598056750905,crest,unknown,0
11094.392685161241,slight-left,unknown,30
11145.744028659474,1-right,unknown,50
11236.001391463895,square-left,unknown,0
11303.030775294923,6-left,unknown,0
11397.59893191877,5-right,unknown,100
11480.844472804694,bump,unknown,70
11514.97796107831,bump,unknown,70
11607.575256000191,crest,unknown,0
11667.888184543282,crest,unknown,0
11700.889878345164,4-right,unknown,100
11771.801711803117,slight-right,unknown,60
11861.82333037917,5-left,unknown,120
12003.779457774803,3-left,unknown,50
12153.45964789932,crest,unknown,0
12256.524488940884,slight-right,unknown,0
12317.12787604873,6-left,unknown,80
12382.17254970137,square-right,unknown,80
12526.71268399778,square-left,unknown,90
12647.89652194562,slight-right,unknown,50
12732.111417384762,1-left,unknown,0
12824.170218349129,slight-right,unknown,0
12878.136639705328,6-right,unknown,0
12961.899753833448,6-left,unknown,50
13035.514882236153,1-left,unknown,0
13136.908427730239,square-right,unknown,80
13184.735002742447,crest,unknown,0
13252.657748084695,3-right,unknown,90
13303.892313514378,bump,unknown,60
13420.364851432478,4-left,unknown,50
13509.497979674974,6-left,unknown,0
13586.955019241013,5-left,unknown,140
13732.797157416971,4-right,unknown,70
13880.51926969115,6-right,unknown,60
14022.763804183644,4-right,unknown,0
14111.690861716896,6-right,unknown,50
14201.136207824376,acute-hp-right,unknown,30
14356.531530128157,hp-right,unknown,50
14412.815209365546,hp-right,unknown,50
14448.25832101411,slight-right,unknown,70
14509.259918170643,6-left,unknown,0
14609.684916301438,4-right,unknown,0
14688.895092474015,finish,unknown,0