0,hp-left,unknown,0
13.152901315689087,2-right,unknown,0
69.75189663887024,1-left,unknown,30
116.11933377265915,3-right,unknown,80
198.073739824295,6-left,unknown,0
269.5758581638335,4-right,unknown,0
342.0019892215728,slight-right,unknown,0
445.55569714546203,bump,unknown,30
499.2252903079987,2-left,caution,40
540.1846149158474,1-right,unknown,30
604.0010335636141,3-left,cut,0
654.9488572978976,6-left,unknown,40
690.826150693894,3-right,unknown,0
772.6538318538672,crest,unknown,0
825.7611272335066,6-right,unknown,0
869.1661715030687,1-left,unknown,40
898.610211839678,5-left,unknown,0
956.5983169078845,crest,unknown,0
1030.5723044872298,slight-left,unknown,40
1081.2172819423683,square-right,dont-cut,0
1134.8717098522202,1-left,unknown,0
1174.0620089435586,6-right,unknown,0
1213.2701418399822,3-left,unknown,0
1298.708989191058,3-right,dont-cut,0
1337.7987504673035,acute-hp-right,unknown,70
1411.8656606006664,6-left,unknown,0
1478.9738906192808,3-left,unknown,0
1529.2496103763608,2-right,dont-cut,30
1634.0748905372636,2-left,unknown,0
1685.9912342548391,hp-right,unknown,30
1713.4807680416136,1-right,unknown,0
1771.3692188549069,crest,unknown,0
1807.1636212444328,1-left,dont-cut,0
1837.1428239154857,crest,unknown,80
1869.1244724941293,4-right,unknown,40
1948.8159888362936,slight-right,unknown,0
2025.330280256279,crest,unknown,0
2085.186056966786,4-left,unknown,0
2125.940747709279,5-right,unknown,0
2172.7050467205127,6-right,unknown,100
2464.63538598061,6-left,unknown,50
2541.405877122887,4-right,unknown,90
2737.941125993736,6-left,unknown,40
2852.0318656635345,bridge,unknown,100
2965.378372774129,4-left,unknown,250
3238.6995269489316,hp-right,unknown,50
3407.230784025197,5-left,unknown,0
3451.976378536229,4-left,unknown,40
3542.808288593297,5-right,unknown,0
3633.321463642127,4-right,unknown,40
3727.8282770729156,6-left,unknown,130
3866.0720692253203,3-right,unknown,0
3990.0773477363664,crest,unknown,30
4037.159895420083,4-left,unknown,0
4097.578042354597,2-right,unknown,0
4126.494095325481,square-left,unknown,40
4170.84615374566,slight-right,unknown,60
4237.36250274659,4-right,unknown,80
4378.963425140384,2-left,unknown,50
4469.241745452886,crest,unknown,0
4538.941033267982,slight-left,unknown,50
4580.491315746317,6-left,unknown,40
4626.295261516581,crest,unknown,80
4719.381146640784,crest,unknown,50
4824.795199069987,slight-right,unknown,120
4926.140543231977,5-left,unknown,0
5069.259457874314,crest,unknown,40
5142.928633060469,crest,unknown,0
5200.538674755107,5-right,unknown,0
5260.255880680098,slight-left,unknown,70
5370.182272434242,6-right,unknown,0
5491.5720516395695,2-right,unknown,0
5553.154330635084,crest,unknown,0
5584.662989101426,crest,unknown,0
5598.692753524793,4-left,unknown,90
5662.087935295117,2-left,unknown,90
5790.374725399034,crest,unknown,80
5871.240954723378,slight-left,unknown,0
5873.0,ここログ不足かも？,unknwn,0
5994.074816020585,slight-left,unknown,0
6001.455544094532,slight-right,unknown,40
6028.638209137411,square-left,unknown,80
6112.156817631214,crest,unknown,40
6179.699711117239,3-right,unknown,60
6299.683094753711,4-left,unknown,100
6489.55919632385,5-left,unknown,60
6603.503243221742,1-right,unknown,0
6713.816607365117,slight-right,unknown,40
6768.691707844244,3-right,cut,90
6881.864297871108,slight-right,unknown,0
6983.027582630632,6-left,unknown,120
7079.523886150834,4-right,unknown,0
7222.893985371114,6-left,unknown,0
7376.810421757221,6-right,unknown,30
7414.7715566105835,6-right,unknown,30
7438.051287216663,3-left,unknown,0
7511.124943527694,6-right,unknown,120
7640.962055038923,3-left,unknown,50
7757.013673233499,6-right,unknown,50
7862.692475838169,crest,unknown,40
7942.856464333037,crest,unknown,40
7960.779709267119,3-right,unknown,90
8094.87347986647,1-left,unknown,70
8215.743664974658,1-left,unknown,0
8280.989705280763,hp-right,unknown,50
8354.100899185647,5-left,unknown,0
8408.177553333759,6-right,unknown,50
8537.794655193808,1-left,unknown,0
8663.042518963333,4-right,unknown,0
8702.433134140492,crest,unknown,60
8735.421613239767,slight-right,unknown,80
8813.150758842943,crest,unknown,30
8860.138605865954,crest,unknown,30
8907.300255188464,water-splash,unknown,0
8958.471535324572,jump,unknown,50
9005.38548849535,1-left,dont-cut,0
9077.68815393877,6-right,unknown,0
9117.323636612413,hp-right,unknown,0
9180.805672344692,hp-left,unknown,50
9263.015499786856,crest,unknown,40
9319.23604752016,slight-left,unknown,0
9386.571176495072,6-right,unknown,0
9433.11481419038,4-left,unknown,40
9514.26126469086,4-right,unknown,0
9612.12755936095,crest,unknown,0
9679.289241604296,crest,unknown,0
9731.271614536734,slight-left,unknown,30
9787.129256596056,4-right,unknown,0
9854.146573948343,4-left,dont-cut,0
9920.599378399333,bump,unknown,60
9988.473627457093,6-right,unknown,0
10079.18751924938,crest,unknown,60
10139.016824440414,5-right,unknown,0
10230.78933645671,crest,unknown,0
10328.447400707659,2-right,unknown,0
10395.329842495374,crest,unknown,0
10419.202931732589,jump,unknown,70
10463.191860794472,slight-left,unknown,0
10557.313078674713,crest,unknown,0
10605.258613991178,1-left,unknown,30
10686.655788578439,crest,unknown,0
10739.344107384126,3-right,unknown,70
10847.069595493704,6-right,unknown,0
10923.325358642975,slight-left,unknown,0
10995.691794037264,6-right,unknown,60
11073.15781565134,3-right,unknown,30
11158.217949890539,2-left,unknown,0
11203.511008991647,5-left,unknown,70
11276.70089432185,slight-right,unknown,70
11353.388813633368,bump,unknown,30
11429.668030437868,jump,unknown,0
11488.910056003975,6-left,unknown,60
11564.52532772486,2-right,unknown,270
11799.889953884534,slight-left,unknown,70
12039.12613857693,crest,unknown,60
12124.377690224115,4-right,unknown,190
12323.0726444096,crest,unknown,0
12451.185460686142,3-left,unknown,30
12503.535311455189,slight-left,unknown,0
12562.609033836783,4-left,unknown,60
12654.329221138427,6-right,unknown,90
12771.565569443188,3-right,unknown,220
13029.953139118665,slight-right,unknown,100
13184.613221516134,6-left,unknown,0
13324.32357590151,5-left,unknown,60
13401.589424442767,crest,unknown,80
13464.520901913162,crest,unknown,80
13537.932457165229,2-left,dont-cut,60
13615.964787716373,2-right,unknown,70
13766.793905033575,4-left,unknown,70
13972.648110784996,3-right,unknown,50
14082.821678747638,slight-right,unknown,0
14167.472194494701,crest,unknown,100
14217.4587538285,6-right,unknown,130
14327.812651838754,4-right,unknown,60
14459.666725477668,5-left,unknown,50
14628.68007714698,slight-right,unknown,100
14827.293504080275,slight-left,unknown,50
14948.54764348457,6-right,unknown,0
15019.534468512034,finish,unknown,120
