0,straight,unknown,80
48.43810209274295,6-right,unknown,200
241.02268987655626,square-left,narrow,60
428.79635248184184,3-right,unknown,40
479.04439062118496,crest,caution,0
564.7536867332452,square-right,unknown,0
607.5301474952689,6-right,unknown,0
650.8165594482414,6-left,unknown,80
694.0068497848504,square-right,unknown,30
749.4118132019036,1-right,unknown,0
818.7473234939565,2-left,unknown,60
878.5084822845446,3-left,unknown,0
952.7902163696281,square-left,widen,120
1029.0835085105878,6-right,unknown,130
1162.094766597747,5-right,unknown,0
1298.0218357658362,slight-left,unknown,100
1397.9550465965256,slight-right,unknown,0
1544.7691183662384,bridge,unknown,50
1606.0567286872824,crest,unknown,0
1666.5299141502344,4-right,unknown,0
1725.599252643582,4-left,unknown,0
1783.1248538398709,4-right,unknown,0
1840.5993243598903,5-left,unknown,0
1893.7658173179598,6-right,dont-cut,0
1950.4606017112703,4-left,unknown,80
2080.284051265713,6-left,unknown,100
2195.4338437843317,hp-left,unknown,0
2332.3360886192286,6-right,unknown,0
2405.9767723655664,4-right,unknown,0
2499.225757503502,2-right,unknown,130
2668.9401235389655,4-left,unknown,50
2772.7038456535297,crest,unknown,0
2860.638357944483,4-right,unknown,120
3063.0286241340536,jump,unknown,50
3185.336648960104,slight-right,unknown,0
3253.0483417320156,slight-left,unknown,80
3324.831876964561,slight-right,caution,40
3414.1046605491565,3-left,unknown,0
3514.521160984034,6-right,dont-cut,130
3664.52284173965,crest,unknown,120
3810.4401501274074,slight-left,unknown,50
3978.110951519009,jump,unknown,0
4082.27104406356,4-right,dont-cut,50
4256.248042316434,3-left,unknown,90
4373.318642978669,3-left,dont-cut,40
4501.152175273891,crest,unknown,70
4574.120729923239,crest,unknown,60
4658.693034877767,slight-left,unknown,120
4785.785501842482,6-left,unknown,80
4957.86400533674,crest,unknown,0
5075.073006648993,4-right,unknown,0
5133.423474750497,3-left,unknown,30
5186.490239238718,1-right,unknown,0
5293.724487476329,5-left,unknown,40
5345.340123882274,slight-right,unknown,0
5413.732412624344,3-right,unknown,80
5483.398127956369,5-left,unknown,100
5626.505867176034,slight-right,caution,0
5760.492261981937,6-right,unknown,0
5860.09469285962,crest,unknown,0
5941.1567881965375,5-right,unknown,0
6013.545606136301,4-left,unknown,80
6077.646018047311,slight-right,unknown,60
6182.021266345953,5-left,unknown,90
6270.531093769042,crest,unknown,270
6502.190756320936,square-left,dont-cut,0
6707.857244777663,slight-right,unknown,0
6740.625538825975,slight-left,unknown,0
6804.253907909375,4-left,unknown,0
6870.874664669019,3-right,dont-cut,80
6958.605025691971,jump,unknown,50
7053.746648235315,6-right,unknown,100
7149.019619235984,crest,unknown,0
7267.969518871302,crest,unknown,0
7289.971508846276,4-right,dont-cut,40
7383.7694062614355,hp-left,unknown,120
7584.328985309594,crest,caution,0
7675.579981403352,hp-right,unknown,130
7762.3137299537675,hp-left,unknown,50
7892.425041198734,hp-right,widen,50
7981.400065689095,4-left,unknown,60
8049.596883049024,crest,unknown,0
8120.225710182193,2-left,dont-cut,0
8177.912318344114,5-right,unknown,50
8241.36742050171,1-right,unknown,90
8349.997526874546,square-left,unknown,0
8428.450765743271,5-right,unknown,40
8474.841712226887,3-right,unknown,90
8568.243391342183,3-right,caution,0
8686.752300872815,square-left,unknown,100
8800.868092174533,2-right,unknown,0
8881.457839679711,1-left,caution,100
8951.605514812443,slight-left,unknown,0
9041.581164760571,jump,unknown,50
9113.964445438376,slight-left,unknown,0
9212.61117284774,square-right,unknown,40
9268.680548267359,3-right,unknown,0
9307.05671163558,2-left,dont-cut,70
9348.788704471577,square-left,unknown,0
9437.231027507776,crest,unknown,30
9472.577506217955,1-right,unknown,350
9705.538290348048,square-left,unknown,0
9948.514013938915,crest,unknown,100
10023.966873245257,4-left,unknown,140
10165.005832405099,6-left,unknown,240
10407.177401275638,4-left,dont-cut,140
10681.338971748348,5-right,unknown,50
10820.412036018372,crest,unknown,70
10939.933837966926,5-right,unknown,50
11060.771259727482,slight-right,unknown,70
11146.310803718563,5-left,dont-cut,0
11257.857879295352,6-right,unknown,180
11412.479455070496,1-right,dont-cut,0
11590.182728900907,slight-left,unknown,120
11702.860240726472,5-right,unknown,280
11992.312015705102,3-left,caution,130
12195.600062694553,slight-left,widen,80
12482.42388902664,crest,unknown,0
12516.095617465971,crest,unknown,0
12560.394774188997,crest,unknown,0
12625.29846971512,slight-right,unknown,0
12708.663826465618,5-right,unknown,0
12788.728718738572,5-left,dont-cut,120
12862.199074878707,jump,unknown,40
12975.397230854052,slight-left,unknown,170
13151.941777896893,crest,caution,0
13355.206812152872,5-right,unknown,0
13435.61883516313,6-left,unknown,0
13502.93713056565,4-left,unknown,0
13619.854175128927,bump,unknown,50
13654.449990444173,3-right,unknown,0
13728.671537609085,3-left,unknown,120
13835.45915678023,slight-right,caution,0
13963.454271755212,1-right,unknown,60
14036.641462879174,6-left,unknown,40
14125.53138086318,2-left,dont-cut,0
14178.86143838882,3-left,unknown,160
14279.376801586151,crest,unknown,80
14355.959784030903,crest,unknown,80
14393.304810810083,3-right,caution,0
14500.308286800391,3-left,dont-cut,60
14570.1851441002,6-right,unknown,100
14692.21020792009,5-right,unknown,40
14834.574594249736,3-left,unknown,0
14936.220597591413,5-left,unknown,50
15025.625603412995,1-right,dont-cut,200
15301.308921722788,finish,unknown,0
