0,straight,unknown,200
195.3021067810058,5-right,unknown,30
255.90954620361327,3-right,dont-cut,40
322.50166194915766,6-left,unknown,100
440.22213111877494,slight-left,unknown,0
560.256035652162,crest,unknown,0
642.9165505599989,3-right,dont-cut,0
704.821819839479,3-left,unknown,70
780.3247587966933,crest,unknown,190
935.8430604171755,3-right,dont-cut,120
1155.0003464508059,2-left,unknown,150
1376.4050704956037,5-right,unknown,0
1471.1498536300621,4-left,unknown,70
1538.6547737884496,5-right,unknown,80
1696.048212356567,6-left,unknown,120
1882.605127143859,slight-right,unknown,150
2022.4914065551757,crest,unknown,80
2160.7563079833985,jump,caution,70
2299.824748992919,crest,unknown,50
2399.130769195557,5-right,unknown,0
2479.39677307129,5-left,unknown,70
2540.6218540954583,crest,unknown,50
2647.029640922543,6-right,unknown,0
2771.20666423797,crest,unknown,170
2887.5750338363573,crest,unknown,170
3245.00277080535,4-left,caution,120
3452.774560737598,6-right,unknown,70
3563.9995226669193,1-left,unknown,170
3766.470395603171,6-left,unknown,50
3868.900007953636,5-right,unknown,60
3980.5174408149664,6-left,unknown,50
4101.275567646021,5-left,unknown,80
4189.811117649075,crest,unknown,70
4306.738167781818,4-left,unknown,0
4422.935595188131,crest,unknown,100
4492.729411716457,5-right,dont-cut,0
4609.679256076813,4-right,unknown,190
4801.911586132048,6-right,unknown,140
4973.846263484953,4-right,unknown,80
5126.804182186121,crest,caution,90
5183.032147617331,crest,caution,90
5237.598436424191,crest,caution,90
5307.138572272117,square-left,unknown,30
5402.792502974326,1-right,unknown,350
5668.128514803704,square-left,unknown,0
5823.044392565549,crest,unknown,0
5861.872614172758,1-right,unknown,60
5901.484883154689,2-right,unknown,0
5991.953202532585,2-left,unknown,40
6029.860734652335,hp-left,unknown,0
6090.149061335378,5-right,unknown,60
6148.870944018429,crest,unknown,0
6207.258316512166,slight-right,unknown,120
6313.301872038897,2-right,unknown,0
6437.492226042804,1-left,unknown,100
6513.207377390917,1-right,unknown,0
6601.350155749377,4-left,unknown,90
6690.348124232346,3-left,unknown,40
6780.9454081679,6-left,dont-cut,0
6849.603670077381,square-right,unknown,80
6969.114744601311,square-left,unknown,40
7044.110183959071,6-left,unknown,0
7105.961768164694,4-right,unknown,50
7152.924408202231,crest,unknown,0
7256.97602094179,4-right,unknown,50
7375.784621825278,hp-right,unknown,120
7549.360967822137,hp-left,unknown,0
7649.483298831051,crest,unknown,120
7727.39954440601,hp-right,unknown,0
7853.863463072856,4-left,unknown,0
7915.359453654377,crest,unknown,130
8041.448470683182,6-left,unknown,80
8172.338427424523,jump,unknown,90
8282.619843516452,3-left,dont-cut,0
8395.864731593243,4-right,unknown,40
8471.637308535683,crest,unknown,50
8579.38145804891,1-right,unknown,350
8866.865247130487,6-right,unknown,50
9017.387398696048,crest,unknown,90
9132.736549315547,4-right,dont-cut,0
9257.833656973939,5-left,unknown,70
9335.85304379949,6-left,unknown,160
9570.947714209642,5-right,unknown,80
9730.501698126878,3-left,unknown,0
9851.046317038605,6-left,unknown,40
9920.300928168364,5-right,unknown,30
9985.04352250583,1-left,unknown,0
10060.518815932348,3-right,unknown,40
10142.629357295114,5-left,unknown,0
10230.420566897463,crest,unknown,90
10280.292617564266,slight-right,unknown,110
10409.577626376215,slight-right,unknown,80
10542.926279254025,crest,unknown,50
10657.07143439777,slight-left,unknown,40
10762.303263087342,3-right,dont-cut,90
10861.970799784705,3-right,cut,0
10964.149671435396,4-left,unknown,50
11141.467220988317,6-right,unknown,0
11542.018088488643,5-left,unknown,0
11689.700343928394,3-right,unknown,40
11799.927945399342,slight-left,unknown,0
11887.746037402201,slight-right,unknown,0
11963.068853869483,slight-left,unknown,60
12075.42045539385,jump,unknown,90
12166.475228762682,4-left,unknown,0
12377.48058764939,crest,unknown,50
12480.193442759544,4-right,unknown,120
12614.695722193752,2-left,unknown,0
12742.662117781665,4-left,unknown,40
12821.113860545174,6-left,unknown,60
12905.69311522963,hp-right,unknown,100
13064.882358136212,slight-right,unknown,90
13147.34026039604,4-right,unknown,0
13253.824987034832,5-left,dont-cut,0
13374.372578396828,4-right,unknown,0
13443.721499600442,4-left,unknown,0
13502.10717834952,4-right,unknown,0
13570.02693813803,4-left,unknown,50
13634.469031910921,bridge,unknown,0
13705.961722912827,bridge,unknown,0
13748.043006825483,bridge,widen,0
13754.577101082838,slight-left,unknown,0
13791.909864691002,slight-right,widen,0
13912.154842470403,5-left,unknown,100
14059.959541948556,5-left,unknown,120
14231.889689882528,square-right,narrow,0
14385.396833399085,2-right,unknown,50
14439.20784589135,3-right,unknown,0
14501.482076638566,2-left,unknown,30
14552.012071908335,square-left,unknown,70
14646.136773312915,5-right,unknown,0
14708.52287051522,5-left,unknown,0
14756.419469140405,square-left,unknown,0
14821.362672398913,crest,unknown,50
14838.230557969448,3-left,unknown,60
14888.562128003483,hp-right,widen,220
15106.382388556844,6-left,unknown,110
15375.4323325571,finish,unknown,0
