0,6-left,unknown,0
5.142172565460205,4-right,unknown,40
48.722084827423124,1-right,unknown,0
119.25151075363156,crest,unknown,0
157.31115489959726,3-left,unknown,80
289.8017572402955,3-right,unknown,70
378.0721916961671,6-right,caution,0
409.16340747833254,6-right,caution,0
470.9593340492249,4-right,unknown,0
535.4653996849057,3-left,unknown,30
574.7167132759093,3-right,unknown,30
644.1086487007137,hp-left,unknown,150
780.0510168075557,6-right,unknown,0
873.8832294464108,6-left,unknown,0
934.6806166839598,6-right,unknown,40
991.6957286834714,crest,unknown,0
1059.957888145446,2-right,unknown,50
1119.0168334388716,acute-hp-left,unknown,40
1166.9679918479894,2-right,unknown,0
1226.2905287742565,crest,unknown,50
1305.5706025886493,crest,unknown,0
1378.6967650985673,5-right,dont-cut,0
1417.2884540176346,crest,unknown,40
1450.6390930175735,5-left,unknown,0
1498.4347355461077,4-right,unknown,30
1586.790266971583,crest,unknown,0
1635.1653226661635,1-left,unknown,0
1671.7197622871358,hp-right,unknown,0
1693.5941858673057,slight-left,unknown,40
1723.1613874340019,3-left,dont-cut,70
1822.7100952243763,3-right,unknown,0
1923.7041159725154,crest,unknown,0
2003.0209081554378,crest,unknown,60
2049.435322065349,1-left,unknown,0
2143.8404168224315,slight-right,unknown,0
2195.1698317050905,2-right,unknown,0
2230.878732614511,2-left,unknown,0
2264.972522363658,crest,unknown,0
2299.618501424785,slight-right,unknown,0
2337.9957166194868,crest,unknown,0
2395.596613988872,6-left,unknown,0
2448.3800726604404,4-left,unknown,70
2497.2506774043986,6-right,unknown,0
2589.412917432781,5-right,unknown,0
2688.6760900783484,4-left,dont-cut,60
2788.6753763866363,jump,unknown,0
2877.5884289073892,slight-left,unknown,30
2927.439757261272,2-right,unknown,0
3034.4726757717094,4-left,unknown,0
3083.691605062482,5-right,unknown,50
3124.551836538311,5-right,unknown,0
3195.3302755641903,slight-left,unknown,0
3296.238772878645,slight-right,unknown,40
3411.4209506511675,1-left,unknown,0
3539.422040662767,4-right,unknown,0
3630.932316408159,6-left,unknown,0
3723.2461437702214,crest,unknown,0
3775.7386572742503,slight-right,unknown,30
3822.410580453878,6-left,unknown,50
3915.3221302890843,bump,unknown,0
4038.149779100426,5-left,unknown,90
4126.140285387045,acute-hp-right,unknown,0
4224.637777261736,6-left,unknown,0
4261.641420469292,slight-right,unknown,60
4313.045799474727,4-right,unknown,0
4405.326427869812,slight-left,unknown,0
4459.817175092716,5-left,unknown,0
4561.071308927555,1-right,unknown,0
4631.340328512207,slight-right,unknown,0
4674.990210199373,1-left,unknown,0
4710.3386111355,5-right,unknown,30
4740.52086174967,5-right,unknown,0
4782.397759675999,slight-left,unknown,30
4838.742945718785,5-left,unknown,0
4888.447190904642,crest,unknown,30
4945.6713985538745,1-left,unknown,40
4993.353894510297,crest,unknown,0
5051.099233179124,5-left,unknown,0
5086.421288461716,slight-right,unknown,50
5124.425458974869,1-right,unknown,0
5219.767030324971,slight-left,unknown,40
5267.175676813162,5-right,caution,90
5469.670790314113,slight-left,caution,0
5521.149028019346,bump,unknown,0
5568.527021679319,slight-left,unknown,0
5633.451533626949,1-left,unknown,60
5705.946131500637,bump,unknown,0
5764.26628639642,4-left,unknown,0
5880.346568455134,6-right,unknown,0
5969.382598041924,slight-left,unknown,40
6030.163098301324,1-right,unknown,30
6110.72565578881,1-left,caution,0
6180.220389522937,5-right,unknown,0
6240.9502531475055,crest,unknown,0
6271.495755981827,square-right,unknown,0
6300.737056812665,6-left,unknown,0
6320.837076143645,6-right,unknown,30
6351.879170965576,3-right,unknown,30
6444.483396200564,4-left,unknown,30
6489.477161459355,crest,unknown,0
6572.586103376776,5-left,unknown,40
6613.313783735661,6-right,unknown,50
6658.910485281379,6-left,unknown,0
6750.762553877263,2-right,unknown,30
6809.997989363101,2-left,unknown,0
6880.653956331637,4-right,unknown,0
6928.510637182621,2-left,unknown,50
6979.02940923157,slight-right,unknown,50
7051.2424939483635,6-left,unknown,0
7130.749263777162,slight-right,unknown,0
7183.556924223326,4-right,unknown,0
7234.114161352533,3-left,unknown,50
7278.378600134276,2-left,unknown,100
7378.7142171806345,acute-hp-right,dont-cut,0
7463.713243345643,slight-left,unknown,60
7503.743669037243,jump,unknown,40
7572.062203030008,6-right,unknown,0
7647.715480503451,5-left,unknown,0
7696.577709965128,5-right,unknown,0
7743.472447819132,slight-left,unknown,0
7800.023767589944,crest,unknown,0
7854.084788021467,5-left,unknown,30
7900.485548443215,6-left,unknown,0
7959.601862301251,1-right,unknown,30
8100.7913914150095,6-right,unknown,0
8136.96543758811,crest,unknown,0
8183.946944908511,slight-right,unknown,60
8227.517750419987,4-left,caution,0
8290.034087395092,slight-right,unknown,0
8332.792673973476,3-left,unknown,0
8364.93977627222,3-right,unknown,0
8390.15155211871,slight-left,unknown,0
8409.814136270938,slight-right,unknown,30
8440.414871382178,2-left,unknown,0
8476.692811808043,1-right,unknown,0
8550.471368984627,crest,unknown,30
8598.310642990516,1-right,unknown,30
8643.905985264231,4-left,unknown,0
8699.788441719456,5-right,unknown,40
8735.176480240265,2-left,unknown,90
8858.41480667536,bump,caution,30
8937.201881412924,2-left,unknown,0
9000.700091499752,2-right,unknown,0
9036.813578381003,2-left,unknown,0
9067.952109493672,2-right,unknown,0
9099.504514307437,4-left,unknown,60
9164.727698530618,5-right,unknown,0
9222.100003141835,crest,unknown,30
9259.497872633407,crest,unknown,0
9298.574969763233,2-left,unknown,60
9337.519979567007,square-right,unknown,0
9405.887131342355,4-right,unknown,0
9442.468738531534,crest,unknown,40
9474.87942805713,3-right,unknown,0
9551.095051989014,4-left,unknown,70
9644.61995442814,4-right,unknown,0
9718.251691240732,3-left,unknown,50
9783.846762918905,crest,unknown,0
9897.390179418999,2-right,unknown,0
9952.035000795791,4-left,unknown,0
10015.07340859837,5-right,unknown,40
10068.971623510788,1-right,unknown,0
10144.973918585256,hp-left,unknown,40
10214.346345514718,5-right,unknown,130
10303.030061563919,2-right,unknown,0
10416.01963286823,6-left,unknown,30
10461.259036592906,slight-left,unknown,0
10509.043895716137,6-left,unknown,60
10585.222188372081,6-right,unknown,50
10664.171715654802,5-right,unknown,0
10743.47232169576,slight-left,unknown,0
10844.14677165456,slight-right,unknown,0
10891.006635126538,2-left,unknown,0
10931.479385885668,4-right,unknown,0
10968.928224272202,2-left,unknown,40
11005.498718370878,3-right,unknown,0
11063.098016409345,slight-left,unknown,70
11117.631417936751,crest,unknown,70
11217.93393235631,6-right,unknown,50
11327.275197805839,1-right,unknown,0
11388.696758532016,square-left,unknown,240
11573.913571314311,6-right,unknown,0
11695.870025400602,1-left,unknown,100
11803.836423696968,6-left,unknown,0
11883.353275083999,slight-right,unknown,0
11935.250963415596,4-right,unknown,0
11986.71613889166,slight-left,unknown,90
12044.413333105507,2-right,unknown,50
12206.209842695656,crest,unknown,50
12268.27473975606,crest,unknown,50
12283.734424547622,6-right,unknown,0
12348.496169809767,4-left,unknown,100
12430.333409647401,4-left,unknown,90
12535.751290850118,6-left,unknown,0
12646.254078783466,3-left,unknown,0
12717.39721385428,6-right,unknown,80
12803.841154856173,slight-right,unknown,100
12906.634360956636,crest,unknown,50
12957.592864069436,crest,unknown,50
13017.542377542937,slight-right,unknown,100
13102.26527457663,5-right,caution,0
13230.981877016498,3-left,unknown,60
13354.554795679525,crest,unknown,200
13549.700422586882,jump,unknown,0
13628.580563578085,jump,unknown,0
13665.044932932335,jump,unknown,0
13698.303656305745,slight-right,unknown,100
13797.046098474937,4-left,unknown,30
13972.67109000629,4-right,unknown,50
14064.160191378061,2-right,unknown,80
14204.022411379283,5-right,unknown,30
14272.481519846384,6-left,unknown,80
14375.891388544493,slight-left,unknown,100
14506.54414328998,square-left,unknown,100
14718.788663505993,crest,unknown,170
14829.638698276958,4-right,unknown,50
14968.216970791307,crest,unknown,0
15068.616536335441,slight-right,unknown,40
15132.937697643723,slight-left,unknown,170
15250.186446499323,crest,unknown,40
15293.67349712799,crest,unknown,40
15350.382643703919,crest,unknown,40
15424.086920437321,square-left,unknown,40
15514.175074600682,crest,unknown,60
15564.528629382947,1-right,unknown,0
15640.47367409121,3-left,unknown,0
15687.020909103267,3-right,unknown,80
15724.87421339403,hp-right,unknown,0
15802.935555709695,4-left,unknown,80
15869.94744552026,2-left,caution,70
16009.416391443117,crest,unknown,280
16366.75702935591,finish,unknown,0
