0,straight,unknown,40
0,1-left,unknown,50
71.3072617912293,1-right,unknown,70
155.19307413101208,hp-left,unknown,0
222.96425661087056,crest,unknown,40
247.2719428825381,4-left,unknown,0
291.72603012084954,hp-right,unknown,40
358.22483043670627,4-right,unknown,0
398.1705716896055,4-left,unknown,0
438.10322006225556,4-right,unknown,0
493.7020802879332,crest,unknown,30
526.8216758728029,3-left,unknown,0
573.963902244568,hp-left,unknown,0
638.9859659290313,4-right,unknown,0
678.598014736175,bump,unknown,50
707.5642487907401,6-left,unknown,0
765.3908663558946,4-right,unknown,0
805.8434245681749,4-right,unknown,40
849.1891146850575,1-right,unknown,30
899.4242504882804,3-right,dont-cut,0
950.7173387718192,crest,unknown,30
977.0201087760918,square-left,dont-cut,30
1019.4895644760122,4-right,unknown,0
1081.1601028537743,3-left,dont-cut,0
1118.756434259413,square-right,unknown,0
1165.5521653842902,4-left,unknown,0
1194.7147418975815,crest,unknown,0
1230.930253410337,1-right,dont-cut,0
1262.9849706268283,crest,unknown,0
1282.579939804074,3-left,unknown,30
1305.6513035964936,2-right,unknown,0
1359.0073910522437,5-right,unknown,30
1395.458025569913,hp-left,unknown,0
1441.186898193357,6-right,unknown,0
1480.2669930553407,5-left,unknown,0
1529.5806299495669,4-right,unknown,0
1573.5648997783628,4-left,unknown,40
1620.6685710620854,crest,caution,40
1685.1648707294423,square-right,unknown,0
1735.5283753871875,1-right,unknown,30
1767.47454238891,slight-left,unknown,0
1814.405425357813,5-left,unknown,40
1866.7665276908815,6-right,unknown,0
1925.208166370384,6-left,unknown,0
1962.8534985542233,5-left,unknown,0
2007.6913702583247,4-right,unknown,70
2077.477281551351,1-left,unknown,100
2177.2127757453845,jump,unknown,70
2230.569941844934,jump,unknown,70
2245.4386747169424,3-right,unknown,0
2316.004032421105,4-left,unknown,30
2350.077507305137,crest,unknown,0
2425.743617420188,5-right,unknown,60
2473.7291228294275,6-left,unknown,0
2563.4354259681604,3-left,unknown,0
2647.150329914082,crest,unknown,0
2682.9633489417924,3-right,unknown,0
2716.32028728484,1-left,unknown,0
2744.3584072303674,5-left,unknown,30
2775.2276922035107,3-right,unknown,90
2869.051984138479,5-left,unknown,80
2948.0686827087306,hp-right,unknown,70
3094.5426001739384,6-right,unknown,50
3150.698875637042,4-left,unknown,0
3224.598159236896,6-left,unknown,40
3296.423444538106,6-right,caution,0
3359.5254034232976,4-right,unknown,0
3433.2437535285812,crest,unknown,0
3535.6923616218432,6-left,unknown,0
3594.79622545241,crest,unknown,0
3639.2475897788854,1-left,unknown,30
3669.544509582505,1-right,unknown,50
3739.289370956406,square-right,unknown,60
3839.916589593869,6-left,unknown,0
3889.3407348537285,bump,unknown,0
3931.055356245025,slight-right,unknown,30
3977.559478864656,crest,unknown,40
4021.3068367290343,1-left,unknown,30
4063.6140886783414,bump,unknown,40
4117.20153983114,4-left,unknown,30
4179.819210119225,square-right,unknown,0
4256.934572496385,5-left,unknown,0
4303.855654697395,bump,unknown,30
4367.187921771975,jump,unknown,0
4410.815477313964,6-right,unknown,0
4458.131460170714,4-left,unknown,0
4502.730976428957,square-right,unknown,0
4547.512314891784,3-left,unknown,30
4626.997832469902,4-right,unknown,0
4704.447909183463,slight-left,unknown,120
4816.100462741814,slight-left,unknown,0
4930.152562427479,3-right,unknown,30
5097.113843021345,4-right,unknown,0
5187.353115634871,crest,unknown,50
5230.71458131785,crest,unknown,0
5294.713492221778,slight-left,unknown,0
5367.2676535605815,3-right,unknown,0
5517.964757347046,crest,unknown,0
5570.022774352965,6-left,unknown,0
5614.606696166926,crest,unknown,0
5660.2350371932325,5-left,unknown,80
5705.072136535582,jump,unknown,90
5800.167609710633,crest,unknown,40
5878.418125648442,2-left,unknown,40
5973.107546920725,2-right,unknown,50
6035.710765132854,1-left,dont-cut,30
6096.550300788822,1-right,unknown,0
6153.1762800216065,6-right,unknown,0
6224.419435539191,5-left,dont-cut,0
6270.342999763434,2-right,unknown,80
6364.797560520126,crest,unknown,60
6423.829995613049,5-left,unknown,30
6511.815406036324,crest,unknown,100
6571.897566337532,6-right,unknown,0
6679.357969016975,6-left,caution,70
6799.953418712564,jump,unknown,60
6867.482602519935,crest,unknown,40
6950.889505100196,2-left,unknown,0
7002.656626110027,4-right,unknown,30
7069.4243157195615,slight-left,unknown,0
7123.867468376118,slight-right,unknown,0
7175.0786249160365,hp-left,unknown,50
7230.8364951514795,slight-right,unknown,50
7320.167821102094,5-left,unknown,30
7412.9878246116195,3-left,unknown,0
7517.654877147631,6-right,unknown,50
7632.84368973132,square-right,unknown,0
7722.023554538448,3-left,unknown,50
7772.994888118467,4-right,unknown,0
7834.001063121512,slight-left,unknown,30
7872.126669734673,acute-hp-right,unknown,30
7911.962564548205,crest,unknown,0
7951.267931865408,crest,unknown,0
7972.782002881719,3-right,unknown,0
8013.2371355473615,crest,unknown,0
8066.079136451439,slight-left,unknown,30
8131.371955817888,4-right,unknown,60
8181.025443977065,6-right,unknown,0
8273.38685755128,4-left,unknown,0
8357.675886863413,5-right,unknown,0
8401.384399741839,slight-left,unknown,0
8494.854222091386,6-right,unknown,0
8607.942647041027,slight-left,unknown,140
8713.696429160778,jump,unknown,70
8826.07886133545,slight-right,unknown,0
8914.360413306893,6-left,unknown,50
8956.64881723756,hp-right,unknown,0
9022.704340594957,4-left,unknown,50
9095.503534015357,acute-hp-right,unknown,0
9173.34318792696,6-right,unknown,0
9219.277671664906,slight-left,unknown,0
9256.83485807772,slight-right,unknown,0
9302.789828208643,crest,unknown,30
9354.294581321445,5-left,narrow,40
9408.214935668664,5-right,unknown,0
9527.539750884738,5-left,unknown,50
9571.659263557165,square-right,unknown,30
9629.078176540115,square-left,unknown,0
9673.83992245076,4-right,dont-cut,0
9712.189921582918,square-left,unknown,30
9739.226897538878,3-left,dont-cut,0
9780.205355838138,3-right,unknown,0
9819.369682353328,5-left,dont-cut,30
9866.724068644835,4-right,dont-cut,0
9907.74744407971,3-left,unknown,40
9959.040823653546,1-right,unknown,0
10037.735918276217,crest,unknown,0
10058.143635733031,2-left,unknown,0
10090.899289896395,3-right,unknown,90
10241.739078771972,slight-right,unknown,40
10328.692843611148,6-left,unknown,0
10412.633021070858,5-right,unknown,0
10487.359073736567,crest,unknown,0
10565.110595342998,3-left,unknown,40
10603.502769472492,3-right,unknown,30
10675.350161306755,1-left,unknown,0
10734.56376356354,2-right,unknown,0
10776.763670179747,crest,unknown,0
10838.948895456697,6-left,unknown,0
10879.884917070782,2-right,cut,0
10918.605194170386,3-left,unknown,0
10969.440012934116,bump,unknown,0
11014.879731123367,4-left,cut,30
11057.314658682259,3-right,unknown,0
11112.066834852603,5-left,unknown,40
11157.886339542785,5-right,unknown,50
11216.27370278591,6-left,unknown,90
11297.143350040857,slight-left,unknown,50
11403.253477756924,5-left,unknown,0
11485.4084145474,crest,unknown,0
11548.672601749848,4-right,unknown,50
11586.774345524265,6-left,unknown,0
11666.395205051855,5-right,unknown,0
11719.154026539281,4-left,unknown,0
11767.846752102338,4-right,unknown,0
11807.884636681049,acute-hp-right,caution,0
11847.707347099758,4-right,unknown,0
11878.561889402841,5-right,dont-cut,50
11926.970053312754,3-left,caution,40
12007.204289457773,slight-right,unknown,0
12091.369230415776,slight-left,unknown,90
12130.595564606145,1-right,unknown,30
12233.141818687862,4-right,unknown,0
12284.092720978202,slight-left,unknown,40
12326.528045017665,5-right,unknown,0
12377.685073730889,3-left,unknown,0
12409.605896522942,crest,unknown,50
12442.52090037578,3-right,unknown,0
12507.180084144997,crest,unknown,0
12538.789010937138,4-left,unknown,30
12573.931965172209,3-left,unknown,0
12612.649450485631,3-right,dont-cut,90
12694.87218280069,5-right,unknown,0
12777.894538605125,6-left,unknown,0
12817.269002830893,5-right,unknown,0
12857.341679451374,slight-left,unknown,0
12897.038073913955,4-right,unknown,0
12938.482821876909,slight-left,unknown,0
12977.082052833934,crest,unknown,60
13019.304488289261,slight-right,unknown,0
13069.80991362801,jump,unknown,100
13118.885258400345,acute-hp-left,unknown,0
13220.366816284555,6-right,unknown,0
13265.947141229999,square-right,unknown,0
13302.494955065153,crest,unknown,0
13332.220097620397,4-left,unknown,0
13361.483998377224,4-right,unknown,0
13404.895323297875,3-left,unknown,0
13447.33337986222,crest,unknown,30
13478.707558767699,square-right,unknown,0
13520.369541265864,slight-left,unknown,0
13555.924862701791,crest,unknown,0
13583.072186977759,5-left,unknown,0
13614.180927097696,6-right,unknown,60
13649.617539036177,6-left,unknown,50
13691.953951618576,square-right,unknown,30
13794.750955555342,5-right,unknown,80
13886.700950252894,crest,unknown,50
13959.37345065344,5-right,unknown,80
14034.166774399166,3-left,unknown,40
14143.17778426397,5-left,unknown,120
14252.843795807237,6-right,unknown,0
14360.794168617611,6-left,unknown,30
14424.576998131153,4-right,unknown,100
14523.772484161724,4-left,unknown,0
14629.415876419409,5-right,unknown,60
14690.802835152017,6-left,unknown,60
14768.160561363562,square-left,dont-cut,0
14880.026648609493,crest,unknown,60
14918.497829382275,6-left,unknown,80
15019.916674234724,2-right,unknown,30
15120.59440597758,4-left,unknown,30
15181.656366007177,slight-right,unknown,0
15233.772159101807,5-left,unknown,30
15276.368965284673,crest,unknown,0
15334.19779993281,5-right,unknown,0
15383.922436086981,5-left,unknown,0
15430.185676100107,6-left,unknown,0
15483.138761007638,crest,unknown,0
15518.182137319898,crest,unknown,0
15525.111803476668,square-right,unknown,40
15542.251336080884,crest,unknown,40
15613.873898302994,4-right,unknown,0
15669.399656359632,3-left,unknown,50
15705.331911074598,4-left,unknown,60
15774.724472720096,crest,unknown,0
15822.13029596992,crest,unknown,0
15859.541544558477,2-right,unknown,0
15900.897494036624,6-left,unknown,40
15932.501882349936,3-right,unknown,0
15971.466392428363,crest,unknown,0
16012.56372618386,3-left,unknown,40
16046.808563105536,4-right,unknown,0
16084.994835822034,5-left,unknown,0
16153.941548354072,6-right,unknown,0
16205.67806351368,5-left,unknown,40
16265.7487587804,3-right,unknown,0
16334.16660744376,bump,unknown,60
16382.671600386573,6-right,unknown,30
16453.605199210124,slight-left,unknown,0
16556.698676993292,slight-right,unknown,100
16615.08335266773,finish,unknown,0
