0,straight,unknown,180
156.44032799720756,2-right,unknown,200
328.78460422515843,6-left,dont-cut,190
537.8187303543084,slight-left,caution,100
720.2699730682375,5-left,unknown,0
882.5117204284669,6-right,unknown,0
954.4529217529303,4-right,unknown,0
1017.6815865707407,crest,unknown,70
1079.4418220520035,slight-right,unknown,250
1274.6730606460592,6-left,unknown,0
1452.6744356155416,crest,unknown,0
1524.3052827835106,4-left,unknown,60
1589.1337184524562,6-left,unknown,50
1690.0472689437886,3-right,unknown,180
1847.2099430084265,1-right,unknown,0
1976.2931212234544,4-right,unknown,0
2043.3760531094158,2-right,unknown,150
2206.893745227106,3-left,unknown,70
2310.542163882501,6-right,unknown,0
2392.6423303177444,crest,unknown,0
2475.6915346100427,bump,unknown,100
2533.717394252073,slight-left,unknown,200
2774.58848109747,6-right,unknown,0
2909.1442354538513,square-left,unknown,90
3046.8762045242815,slight-right,unknown,70
3151.6131213905824,crest,unknown,50
3261.8638560249856,jump,unknown,70
3332.7276497414155,3-left,unknown,0
3427.6783846428443,6-left,unknown,40
3498.989021277669,square-right,dont-cut,40
3534.9275891258735,square-right,dont-cut,40
3645.402754893541,bump,unknown,30
3686.761709418534,3-left,unknown,0
3752.4718238594514,crest,unknown,90
3826.6171427681466,3-right,unknown,40
3929.5413195183282,4-left,unknown,0
4000.7789870979796,slight-right,unknown,0
4072.412051177265,6-left,unknown,0
4148.318195510148,4-left,unknown,0
4266.051554389235,square-right,dont-cut,0
4324.64204890752,3-left,widen,70
4425.914119429828,crest,unknown,0
4471.651068701987,slight-left,unknown,30
4623.063230128529,square-left,unknown,0
4726.479975524192,6-left,unknown,0
4777.6546938850925,5-right,unknown,100
4874.452585273039,bump,unknown,70
4987.974712348231,crest,unknown,0
5032.631644912013,crest,unknown,0
5082.0028471901505,4-right,unknown,100
5139.546958403831,slight-right,unknown,60
5243.133421225783,5-left,unknown,120
5399.872557997935,3-left,unknown,50
5533.666848960147,crest,unknown,0
5634.6305573036525,slight-right,unknown,0
5693.499086432675,6-left,unknown,80
5753.841771178464,square-right,unknown,80
5914.903936591371,square-left,unknown,90
6028.631349349244,slight-right,unknown,50
6105.2170226242415,1-left,unknown,0
6199.179674258462,slight-right,unknown,0
6249.2704743530685,6-right,unknown,0
6333.965062136879,6-left,unknown,50
6409.241178889508,1-left,unknown,0
6564.946176238289,crest,unknown,0
6626.1950223495905,3-right,unknown,90
6794.313340525859,4-left,unknown,50
6883.663934703106,6-left,unknown,0
6962.971932559249,5-left,unknown,140
7101.743138423198,4-right,unknown,70
7260.929093089334,6-right,unknown,60
7395.578238597142,4-right,unknown,0
7485.579122767678,6-right,unknown,50
7574.829281420939,acute-hp-right,unknown,30
7729.104964823959,hp-right,unknown,50
7828.023676009407,slight-right,unknown,70
7885.762697558632,6-left,unknown,0
7988.1084493973185,4-right,unknown,0
8039.110290713541,3-left,unknown,80
8150.6673840668245,5-left,unknown,60
8227.000073275804,hp-left,unknown,40
8335.256453166243,6-right,unknown,60
8404.816888470872,hp-right,unknown,50
8529.51957626841,5-left,unknown,0
8584.191895642494,slight-left,unknown,0
8640.621800008026,slight-right,unknown,70
8697.839843144626,2-right,unknown,90
8797.49164684793,3-right,unknown,120
8897.16965950509,2-left,unknown,0
9039.635658726891,slight-right,unknown,100
9143.885896554188,4-left,unknown,80
9257.289318490237,slight-right,unknown,100
9393.53840994377,square-right,dont-cut,70
9562.550909791216,5-left,unknown,0
9616.091902756914,6-right,unknown,170
9717.414543023333,bump,unknown,90
9864.347541299081,4-right,unknown,0
9965.934368233895,2-right,unknown,80
10107.664942383984,3-left,unknown,0
10176.57507748148,2-left,unknown,0
10245.065738778332,crest,unknown,0
10256.245965981707,3-right,unknown,60
10295.907817063546,5-right,unknown,0
10394.372604623051,4-right,unknown,0
10507.483810487107,crest,unknown,0
10588.735723481484,4-left,unknown,110
10728.062021775542,2-left,unknown,40
10861.8381427434,4-right,dont-cut,30
10933.621317506124,crest,unknown,0
11011.187015595726,slight-right,unknown,90
11072.85725115328,4-left,caution,100
11290.052123894971,crest,unknown,0
11419.771499238292,5-left,unknown,40
11482.344034219072,crest,unknown,0
11547.148787942213,3-left,unknown,0
11624.491565804763,4-right,unknown,0
11737.364324670129,2-right,unknown,30
11779.568561044034,5-left,caution,0
11847.00097027331,1-left,unknown,70
11923.208929944334,hp-right,unknown,70
12047.958254628462,4-left,unknown,40
12113.312536320964,slight-left,unknown,0
12187.665738835613,slight-right,unknown,0
12248.441814999856,4-left,unknown,0
12313.321729817664,4-right,unknown,0
12387.619486775675,square-left,unknown,0
12453.326993603978,4-right,widen,30
12544.517678618698,5-right,unknown,120
12671.984918113,4-left,unknown,0
12801.821700873614,3-left,unknown,80
12894.321312880767,crest,unknown,40
13023.649936352906,4-left,caution,0
13117.106538716493,crest,unknown,100
13170.203539677803,3-right,unknown,0
13292.366013013067,4-right,unknown,40
13391.767647420113,6-left,unknown,80
13473.357575474934,square-right,dont-cut,40
13566.320453587725,3-left,unknown,60
13638.730729390332,slight-left,unknown,150
13778.501277600479,6-right,unknown,60
13916.474296895209,1-right,unknown,0
14044.268155308904,slight-left,unknown,0
14089.079835549534,6-right,unknown,140
14182.995118905248,3-left,dont-cut,150
14350.043226472082,2-left,unknown,0
14459.493166543203,6-right,unknown,60
14541.241276665876,6-left,unknown,280
14766.94148143881,5-right,caution,150
15009.051511269738,3-left,unknown,120
15222.58685596579,5-right,unknown,220
15442.51932888146,right-entry-chicane,unknown,200
15562.302525941093,right-entry-chicane,unknown,200
15780.048736422885,slight-right,unknown,60
15908.69658294998,crest,caution,100
15961.980239604336,crest,caution,100
16003.029034007415,1-right,unknown,0
16127.968947470994,6-left,unknown,280
16334.742515414586,4-left,unknown,240
16614.252660487553,3-left,unknown,0
16776.231952403436,2-right,unknown,50
16878.37161063033,finish,unknown,0
