0,3-left,unknown,0
29.93796563148499,crest,unknown,0
55.95630259513856,1-right,unknown,0
80.52044814109806,6-left,unknown,50
120.72745654106137,4-right,dont-cut,0
189.68994887351988,3-left,unknown,50
236.50482075691227,6-left,caution,0
292.6140707111358,crest,unknown,0
370.8233083438869,1-right,unknown,0
400.00458247184685,slight-left,unknown,30
434.0571368122092,6-right,unknown,0
480.998007707595,3-left,unknown,0
547.9170039081564,4-left,unknown,90
578.3196402072904,crest,unknown,0
649.760149011611,6-left,unknown,0
744.7360118198382,jump,unknown,0
853.9710490512834,jump,unknown,0
868.5710010242447,5-right,unknown,0
937.4375258731837,bridge,unknown,0
978.7730444431302,5-left,unknown,0
1042.3345181369777,kinks,unknown,100
1112.3801961612692,crest,unknown,0
1210.9922250843065,3-right,unknown,60
1285.7958036136629,5-left,unknown,50
1374.7531981945046,6-right,unknown,70
1458.0471918392202,3-left,narrow,0
1566.6187804698968,slight-right,unknown,0
1608.7963061809567,crest,unknown,100
1666.8314057445552,6-right,unknown,0
1775.6102906322528,slight-left,unknown,150
1858.9510325908705,5-right,unknown,0
1992.856723775868,6-left,unknown,0
2058.6548714733144,bridge,unknown,0
2126.993018140794,bridge,unknown,0
2178.7837569332123,5-left,unknown,70
2239.45417151451,4-left,unknown,0
2371.363206777576,crest,unknown,50
2421.8820134258326,2-right,unknown,40
2488.073183469777,crest,unknown,0
2543.8488295078337,3-right,unknown,0
2583.7654099941333,6-left,unknown,0
2621.861281194696,crest,unknown,0
2674.780079298026,5-right,unknown,0
2715.7981165599895,square-left,unknown,50
2785.567436513909,1-right,unknown,30
2865.6035849189893,crest,unknown,60
2901.105257186902,5-left,unknown,0
2987.667881622327,4-left,unknown,150
3126.998226318373,5-left,unknown,0
3235.8712386322177,6-right,unknown,0
3289.4070197296287,3-right,unknown,0
3357.9994654846337,slight-left,unknown,0
3401.9474965858603,slight-right,unknown,80
3575.296470699326,6-right,unknown,50
3705.488094882979,3-left,caution,0
3815.6028215599185,3-right,unknown,70
3896.966437644975,6-left,narrow,40
3965.535402622241,4-right,unknown,50
4072.8404052543815,4-left,unknown,60
4176.563390636457,slight-left,unknown,40
4275.668327274336,6-right,unknown,0
4345.64311910631,crest,unknown,100
4408.172427349108,crest,unknown,0
4523.460135478993,crest,unknown,0
4536.37553899767,3-left,narrow,70
4686.503760013593,4-right,unknown,0
4732.430110836043,3-right,unknown,30
4784.114736480727,slight-right,unknown,0
4843.971505584731,crest,unknown,0
4880.429405822769,slight-left,unknown,40
4939.551708755505,crest,unknown,50
5005.670739021314,5-left,unknown,40
5079.517748298661,6-right,unknown,30
5156.853950805679,slight-left,unknown,0
5264.772120094315,5-left,unknown,50
5319.613107185379,4-right,unknown,0
5400.843257522598,slight-left,unknown,120
5528.745698280352,5-right,unknown,0
5656.93305461885,crest,unknown,0
5727.06402832033,slight-left,unknown,80
5783.752164268508,jump,caution,0
5869.14763774873,5-right,unknown,0
5932.3990802002045,crest,unknown,0
5980.6712830718,crest,unknown,0
5993.620125929654,6-left,unknown,0
6028.34396354372,crest,unknown,80
6076.012821041892,crest,unknown,80
6094.912272946191,5-right,unknown,90
6269.417791745025,5-left,unknown,0
6381.645857426484,crest,unknown,30
6419.2442030304255,crest,unknown,30
6437.162446934539,6-right,unknown,0
6490.182546994048,slight-right,unknown,70
6555.854583508331,crest,unknown,80
6653.710907894924,4-left,unknown,0
6753.2736881607325,crest,unknown,40
6811.388144451936,crest,unknown,40
6856.6215105026595,3-right,unknown,0
6938.849516293375,crest,unknown,30
6979.37199685749,slight-left,unknown,0
7039.770035721625,6-right,unknown,0
7107.134986473885,6-left,unknown,0
7172.799884964793,crest,unknown,0
7207.46332940754,4-right,unknown,0
7257.158969055973,4-left,unknown,0
7304.46246793445,slight-right,unknown,0
7360.06779332812,4-left,unknown,40
7429.731690270261,5-left,caution,0
7539.71829271014,crest,unknown,30
7575.3476078193935,crest,unknown,30
7606.622703797174,2-right,unknown,0
7653.352958733392,6-left,unknown,0
7723.023557640862,6-left,unknown,0
7800.221684395625,6-right,unknown,0
7895.053447624999,slight-left,unknown,50
7947.7076565712205,6-right,bridge,0
8049.948712364992,crest,unknown,0
8122.646585594971,5-right,unknown,30
8179.8987856071735,6-left,unknown,0
8240.999477974723,crest,unknown,40
8327.56740705187,slight-left,unknown,70
8381.393663842024,4-right,unknown,0
8500.875953575905,6-left,unknown,0
8550.545801369482,crest,narrow,40
8617.748303238677,slight-right,unknown,0
8737.751240708154,6-right,unknown,70
8797.011543137358,5-right,unknown,220
9014.464971710957,6-left,unknown,100
9156.785484253682,4-left,unknown,0
9296.299440781382,crest,unknown,0
9343.193707405833,slight-right,caution,0
9400.210000244888,crest,unknown,40
9458.1789460533,slight-right,unknown,30
9566.185861031327,6-left,unknown,0
9610.148042656694,crest,unknown,0
9672.140643593588,slight-right,unknown,0
9785.632692124156,bump,unknown,50
9820.969803215767,6-left,unknown,60
9903.793186241894,6-right,unknown,30
9998.448085343154,5-left,unknown,50
10081.552571427139,6-right,unknown,0
10182.993466927324,4-left,unknown,0
10277.274235321795,crest,unknown,0
10319.404566094194,4-right,unknown,30
10377.417342888635,5-left,unknown,40
10449.206921078492,4-right,unknown,40
10530.60808700256,crest,unknown,0
10564.750573040765,crest,unknown,0
10598.598324085995,crest,unknown,0
10610.694755207818,slight-left,unknown,0
10658.706794010926,3-left,dont-cut,60
10737.651222035218,5-right,unknown,0
10825.474534298703,jump,unknown,0
10869.068862072749,jump,unknown,0
10884.313205525203,5-left,unknown,0
10928.678844410693,crest,unknown,0
11035.64972995451,5-right,unknown,0
11127.432576252724,5-left,unknown,0
11174.907575909408,crest,unknown,0
11222.581625477584,crest,unknown,0
11262.940965344225,2-right,unknown,0
11306.010154873647,6-right,unknown,0
11351.93387983017,6-left,unknown,60
11479.53691407853,slight-right,unknown,0
11591.971542832189,4-left,unknown,0
11654.11224046403,5-right,unknown,0
11719.888679253401,6-left,unknown,0
11794.20573739702,slight-right,unknown,0
11916.473644425218,slight-left,unknown,0
11981.851476609056,crest,unknown,0
12026.88198583299,slight-right,bridge,60
12078.664365937062,jump,unknown,90
12129.724050347153,jump,unknown,90
12260.23494813615,slight-left,unknown,50
12300.89149366075,slight-left,unknown,0
12377.868583084888,4-left,unknown,0
12449.098961312127,5-right,unknown,0
12499.08683725054,6-left,unknown,0
12581.617157704184,crest,unknown,0
12643.780741459685,6-right,unknown,50
12689.933515393092,5-left,unknown,40
12749.299081875633,slight-left,unknown,0
12825.982941700773,5-right,unknown,0
12899.095233303857,slight-left,unknown,0
12982.470864025883,square-right,unknown,0
13035.612524067694,1-left,widen,0
13070.54600254717,1-left,unknown,0
13082.326145655537,2-left,unknown,0
13105.371049467945,4-right,unknown,0
13158.117058779637,crest,unknown,30
13195.185981070435,square-right,unknown,0
13244.93622637454,square-left,widen,0
13272.709376761353,5-right,unknown,30
13327.094719063669,5-left,unknown,0
13406.722224404248,6-left,unknown,40
13481.967992798714,5-right,unknown,0
13564.028696457777,crest,unknown,90
13642.366610695755,6-left,unknown,40
13764.4088403863,4-right,unknown,30
13859.05884999934,5-left,unknown,0
13919.00120813074,6-right,unknown,40
14004.487485329528,slight-left,unknown,50
14128.375429093256,jump,unknown,40
14177.679449822313,4-right,unknown,50
14257.54594751062,slight-left,unknown,100
14385.847443100824,6-right,unknown,0
14504.272975403677,crest,unknown,0
14535.67876496972,crest,unknown,0
14566.664608590023,slight-right,unknown,70
14622.424720510293,6-right,unknown,370
14963.095770066175,6-left,unknown,0
15047.04165103235,6-right,unknown,80
15078.99731665887,6-right,unknown,80
15124.362624428642,slight-left,unknown,0
15253.231967347047,4-left,unknown,0
15311.375078270814,4-right,unknown,70
15433.048546860593,4-right,dont-cut,0
15518.356601479429,4-left,unknown,0
15611.07417151727,crest,unknown,0
15703.78752082147,3-right,unknown,0
15752.533001397032,slight-left,unknown,0
15799.105708802126,crest,unknown,0
15854.081906884092,slight-left,unknown,50
15904.34881549157,3-left,unknown,40
16057.89015776912,6-right,unknown,40
16094.781148598582,6-right,unknown,0
16171.518291008852,6-left,unknown,0
16220.360916054638,5-right,unknown,80
16301.23280333796,crest,unknown,0
16333.088477585683,crest,unknown,0
16348.873147194756,4-left,unknown,0
16403.401465142128,4-right,unknown,0
16451.869988053186,crest,unknown,50
16508.118218911048,6-right,unknown,0
16593.898656494956,crest,unknown,0
16627.149176705236,5-left,unknown,30
16679.84817862784,jump,unknown,40
16710.45337283408,jump,unknown,40
16745.650041306366,4-left,unknown,0
16830.519312088858,5-right,unknown,0
16926.02057017601,slight-left,unknown,0
16999.549960892557,4-left,unknown,0
17077.861645691737,finish,unknown,0
