0,4-left,unknown,0
3.678564395904541,crest,unknown,60
56.53763635635374,slight-left,unknown,80
148.06313451766974,5-right,unknown,0
278.6725418663025,5-left,unknown,180
439.2470710563657,crest,unknown,70
531.0929062843321,jump,unknown,40
651.8149160575864,jump,unknown,60
726.4365585899351,5-left,unknown,60
828.5390349769592,jump,unknown,0
942.879521083832,4-right,unknown,60
1049.5758328437805,crest,unknown,170
1196.1429563713082,jump,unknown,40
1339.779362812042,slight-right,unknown,0
1416.7410209083564,6-left,dont-cut,70
1494.9103243446361,crest,unknown,0
1644.5012313652062,3-right,unknown,30
1697.0091942024258,crest,unknown,40
1788.8421092033418,crest,unknown,40
1802.1333586692836,6-left,unknown,0
1853.423587913516,4-left,unknown,50
1909.7126984024073,slight-left,unknown,0
2021.9103054809602,crest,unknown,160
2117.817436904914,4-right,unknown,30
2277.8094596862866,3-left,unknown,0
2407.857631797796,square-right,unknown,60
2535.137766180044,5-left,unknown,0
2588.8561794948637,5-right,unknown,50
2633.7729722118424,slight-left,unknown,0
2729.5038459682514,5-left,unknown,50
2857.538402929312,6-left,unknown,0
2956.817960042959,6-right,unknown,0
3051.7378171825476,jump,unknown,100
3153.8408304119166,6-right,unknown,0
3277.47552226067,5-left,unknown,160
3410.386034307484,4-right,dont-cut,50
3555.807772245413,4-left,unknown,0
3661.0588845348416,6-left,unknown,50
3721.0892642116596,jump,unknown,90
3806.61864272118,slight-right,unknown,70
3936.5056930065216,4-left,caution,100
4096.277704725277,square-right,dont-cut,0
4215.0923757076325,2-left,unknown,0
4260.64014458656,crest,unknown,120
4336.510649290075,jump,unknown,110
4436.308700284947,6-left,unknown,0
4541.980779485689,5-right,dont-cut,0
4608.6436693859005,2-left,unknown,0
4699.258017110816,crest,unknown,100
4795.309625425328,3-right,unknown,30
4902.1357394695115,5-left,unknown,0
4967.932990903832,slight-left,unknown,0
5023.063759031272,jump,unknown,50
5114.619029455162,slight-right,unknown,0
5311.570370588279,5-left,caution,160
5608.485364217516,slight-left,unknown,0
5681.101732015369,slight-right,unknown,140
5759.171002263776,jump,unknown,0
5878.794260205976,slight-left,unknown,70
5947.146282682171,6-left,unknown,50
6045.052687024817,6-right,unknown,0
6154.7048028085,jump,unknown,90
6211.121057233546,5-right,unknown,0
6299.740979184836,crest,unknown,0
6341.898633527486,crest,unknown,0
6377.796663388937,6-right,unknown,40
6443.430518369409,1-right,unknown,70
6586.475497712834,jump,caution,0
6618.832872915012,jump,caution,0
6627.323687734348,5-left,unknown,0
6669.2363628671,1-right,dont-cut,0
6700.507278394451,2-left,unknown,0
6725.610516443004,crest,unknown,40
6754.581291703929,hp-left,dont-cut,0
6803.192055444463,4-left,unknown,30
6877.140839881644,jump,unknown,0
6938.278963298545,1-right,dont-cut,0
6977.052337703459,2-left,unknown,0
7035.666083259337,jump,unknown,0
7087.877249355071,5-left,unknown,0
7120.5000729558415,2-left,unknown,0
7154.821435413117,6-right,unknown,0
7186.170949802158,6-left,dont-cut,0
7204.596469821691,2-right,dont-cut,130
7296.593386645078,crest,unknown,0
7389.650627245664,jump,unknown,140
7479.4062632701425,slight-left,unknown,170
7687.026154131662,6-left,unknown,50
7851.644624285464,slight-right,unknown,40
7969.86625098682,square-right,unknown,70
8116.594000096091,slight-right,unknown,70
8208.076740975155,6-left,unknown,0
8317.880655693787,5-left,unknown,60
8389.777486634031,4-right,unknown,190
8576.364318566099,4-right,unknown,90
8788.7144671867,crest,unknown,120
8839.236191010245,crest,unknown,120
8909.379012894406,crest,unknown,130
9035.140033707392,crest,unknown,50
9177.259235367566,right-entry-chicane,unknown,60
9293.062638039377,crest,unknown,70
9346.706068100719,slight-left,unknown,200
9510.845765290043,crest,unknown,0
9672.583203415643,slight-right,unknown,100
9748.361417755848,crest,unknown,30
9882.095645203352,1-left,unknown,70
9968.710400709868,crest,widen,80
10024.019622967,slight-right,unknown,0
10094.476259662848,crest,unknown,70
10211.755496418216,5-left,unknown,180
10444.341146976665,crest,unknown,370
10796.751143009353,slight-right,unknown,80
11005.53238721101,6-right,unknown,110
11154.350897342852,square-right,unknown,30
11303.019602977934,square-right,unknown,30
11339.554462358645,crest,unknown,120
11405.703920390288,square-left,narrow,150
11545.59656052321,crest,unknown,0
11620.403789012125,slight-left,unknown,40
11674.065140902683,6-right,unknown,60
11737.637125193756,crest,unknown,0
11857.71378779141,crest,unknown,160
11944.33024580685,6-left,dont-cut,70
12110.382459704544,6-left,unknown,0
12243.359769541888,3-right,unknown,70
12343.955729624895,slight-left,unknown,0
12424.822315089383,slight-right,unknown,120
12482.124371401935,6-left,caution,0
12588.1920326492,5-left,unknown,100
12670.406053378263,3-right,unknown,100
12828.775466601524,6-left,unknown,90
12937.260005786093,6-left,dont-cut,50
13072.294279696616,slight-right,unknown,0
13210.358228213456,crest,unknown,50
13270.844382464551,crest,unknown,130
13355.791995532183,6-left,dont-cut,0
13501.832569605966,crest,unknown,80
13567.884252001899,6-left,unknown,120
13699.861900317328,6-right,unknown,0
13831.32986448968,slight-right,unknown,140
13962.429928538442,crest,unknown,30
14087.20015711511,crest,unknown,0
14153.999130923406,3-left,dont-cut,80
14224.474430491578,right-entry-chicane,unknown,130
14483.24884394373,slight-left,unknown,90
14611.8500749084,6-left,unknown,0
14742.125148913528,bump,unknown,0
14817.311033160364,6-right,unknown,0
14887.143550860555,jump,unknown,100
14950.054854647784,bump,unknown,0
15052.826975505039,slight-left,unknown,0
15124.812934519927,5-left,unknown,180
15242.274241206329,slight-right,unknown,0
15309.073808924828,slight-left,unknown,40
15373.696574237016,crest,unknown,0
15470.356983706622,5-right,unknown,0
15535.379590975914,5-left,unknown,70
15606.115609576385,crest,unknown,30
15718.645631167585,4-left,unknown,120
15913.483723513767,1-left,unknown,0
16031.864494864636,slight-right,unknown,80
16084.730226084854,3-right,unknown,0
16165.482113768732,crest,unknown,60
16232.241887328275,3-left,unknown,170
16371.115177466547,5-right,unknown,100
16516.910568320414,crest,unknown,40
16652.952862021582,square-right,unknown,0
16733.365348307758,6-left,unknown,50
16806.557843711013,crest,unknown,0
16907.75713833534,6-left,unknown,0
16971.255831420043,finish,unknown,0
