0,straight,unknown,60
12.667076206207277,slight-left,unknown,0
70.90730180740357,slight-right,unknown,0
138.13173463821425,4-left,unknown,100
280.33856225967446,2-right,unknown,40
389.603798618317,2-left,unknown,0
479.3536537551886,1-right,unknown,0
546.1398633384712,3-left,dont-cut,0
607.4021034431462,2-right,unknown,30
676.1998076438902,4-left,unknown,0
756.8783050918579,5-right,unknown,0
841.4928943634026,slight-left,unknown,50
894.9810698318479,1-right,unknown,0
988.6957130241398,6-left,unknown,0
1017.7846155166624,slight-right,unknown,0
1060.9632604598994,6-left,unknown,0
1102.2059799194335,6-right,unknown,40
1153.729120025634,5-left,widen,180
1257.8133755874628,6-right,unknown,60
1308.8593840026854,6-right,unknown,0
1396.7183188247677,6-left,unknown,0
1447.9034140014644,4-left,unknown,0
1495.1349110412593,4-right,unknown,0
1554.8736637115455,crest,unknown,0
1579.867098541257,6-left,unknown,0
1630.1610276794404,5-right,unknown,30
1678.021050148008,3-left,widen,30
1720.5652001571632,4-left,unknown,0
1772.3289595413185,4-right,unknown,0
1811.6526392745936,crest,unknown,50
1847.6119486236535,hp-right,unknown,90
1972.964809207913,4-right,unknown,0
2051.816603698728,2-left,unknown,30
2113.2124061965924,6-left,unknown,0
2169.202440052032,crest,unknown,0
2208.8300980377185,2-right,unknown,30
2244.210371513366,3-right,unknown,0
2313.989522514346,slight-right,unknown,0
2360.359523963931,3-left,unknown,0
2404.756723175051,1-right,unknown,40
2475.7008645629885,slight-right,unknown,0
2534.760403995514,3-left,unknown,0
2597.734794139863,6-left,unknown,0
2708.279795589447,slight-right,caution,0
2804.1114926338173,4-left,unknown,0
2850.563979930875,2-right,unknown,0
2885.290133800505,1-left,unknown,0
2916.258414592742,4-right,unknown,0
2962.387126636503,6-left,unknown,0
2996.4110465812646,4-right,unknown,0
3030.0682171058634,hp-left,unknown,0
3067.49706336975,1-right,unknown,30
3146.0016886901826,2-left,caution,0
3202.2412836837702,1-right,unknown,0
3236.214796199791,3-left,bridge,0
3298.0583614349284,square-left,unknown,0
3351.5910833358703,6-right,bridge,0
3383.734907360074,6-left,unknown,0
3418.1180755996666,5-right,unknown,0
3467.9747217941244,3-right,unknown,30
3506.4617163848816,acute-hp-right,unknown,0
3574.65176347732,4-right,widen,0
3618.4544563484114,3-left,widen,30
3650.802346000663,hp-right,unknown,30
3726.342787342059,5-right,unknown,0
3785.216388072956,6-left,unknown,40
3827.898398189533,3-left,unknown,0
3876.6179218482866,2-left,unknown,0
3930.324560108173,1-right,unknown,0
3986.3877389144777,hp-right,widen,0
4030.8615923595303,4-left,unknown,0
4087.004315567005,3-left,unknown,0
4156.741702365865,slight-right,unknown,0
4193.038587055194,crest,unknown,30
4235.151768474567,square-right,dont-cut,0
4288.306328697198,1-left,unknown,0
4326.4881729698145,5-right,unknown,180
4435.729690876,3-right,unknown,40
4516.164024181364,2-right,unknown,0
4572.828248996731,2-right,unknown,0
4610.556133346552,6-left,unknown,0
4656.2996472167915,2-left,unknown,30
4696.6836938095,slight-right,widen,40
4764.572970390309,5-left,unknown,0
4838.101964302051,6-right,unknown,60
4890.397444725025,3-right,caution,0
5003.747313308701,2-left,unknown,0
5058.26060752867,3-left,widen,60
5190.537943458541,crest,unknown,0
5244.607849731425,slight-right,unknown,0
5307.899478874187,5-left,unknown,50
5376.471025848368,3-right,unknown,0
5470.912945671064,3-left,unknown,0
5525.497996940595,2-right,unknown,30
5566.72159440992,1-left,unknown,0
5636.519329776739,crest,unknown,0
5679.326974716164,6-left,unknown,0
5715.761381759623,4-left,unknown,40
5766.027764320352,hp-right,unknown,50
5877.262170886975,6-right,unknown,0
5931.607515239697,crest,unknown,40
6019.822738437636,6-right,unknown,0
6107.56739953993,hp-left,unknown,0
6200.9212439346165,6-left,unknown,60
6284.448710918407,4-right,unknown,0
6386.974580173474,crest,unknown,30
6429.396751041396,3-left,unknown,0
6523.031569576246,crest,unknown,0
6537.369965724925,5-left,unknown,0
6585.185632228829,hp-right,unknown,0
6632.709307765943,6-right,unknown,60
6690.374840707757,1-right,unknown,0
6780.912231683708,6-left,unknown,0
6803.970597791643,5-right,unknown,40
6839.4242180156425,crest,unknown,0
6907.782455053299,2-left,unknown,0
6945.065703744855,crest,unknown,0
6979.289249658552,4-left,unknown,180
7097.463447618447,4-right,unknown,60
7217.341484575234,jump,unknown,0
7296.829864549598,jump,unknown,0
7318.085619592628,slight-right,unknown,60
7375.495121469465,2-left,unknown,30
7526.146429700819,5-right,unknown,0
7580.2031107043895,3-left,unknown,0
7650.633048295946,6-right,unknown,0
7693.804955682725,4-right,unknown,50
7784.886314134571,slight-right,bridge,40
7936.463543443655,crest,unknown,0
7979.962852563834,1-left,widen,40
8020.842742662407,3-right,widen,0
8094.12943464277,2-left,dont-cut,0
8131.9010790061675,2-right,unknown,0
8213.460735397319,square-left,widen,30
8287.011997337311,5-left,widen,60
8354.97737028118,slight-right,unknown,0
8453.422492313346,crest,unknown,0
8505.638388614614,5-right,unknown,0
8555.766311054193,3-right,unknown,30
8642.121953639959,2-left,unknown,0
8732.194726257281,crest,unknown,50
8754.419592952696,3-right,unknown,40
8821.824982929204,5-right,unknown,0
8912.754878406495,hp-left,unknown,30
8992.468597199888,5-left,widen,0
9040.792055585356,hp-right,unknown,0
9086.632904012184,slight-right,unknown,0
9142.213838450907,5-right,unknown,0
9222.531526839723,6-left,unknown,0
9266.77809803723,3-right,unknown,30
9342.122803065768,square-left,unknown,0
9375.328462207308,3-right,widen,0
9431.863302733891,2-left,unknown,0
9529.305793864718,crest,unknown,40
9553.599924819466,2-right,unknown,0
9612.072957122326,4-left,unknown,0
9672.331194140908,4-right,unknown,0
9788.33092478515,crest,unknown,0
9824.357591922295,1-left,unknown,0
9859.858009154808,1-right,widen,30
9970.302105395815,3-right,widen,0
10027.697380454565,3-left,dont-cut,70
10074.416364429022,slight-left,unknown,50
10167.581137073068,slight-right,unknown,0
10293.214628093276,crest,unknown,0
10343.041478869953,crest,unknown,0
10361.755125110185,4-right,widen,50
10409.31464674715,5-left,unknown,60
10508.785202014486,crest,unknown,70
10574.066424014596,crest,unknown,70
10627.557042453314,5-right,unknown,0
10724.46868456604,5-left,unknown,0
10799.147209422597,4-right,unknown,0
10853.86438811066,2-left,unknown,0
10919.9286440158,4-right,unknown,140
11003.961572425358,4-left,unknown,80
11155.228106658444,right-entry-chicane,widen,350
11590.308354995255,crest,unknown,140
11832.645686004162,5-right,unknown,0
12012.692398498048,slight-left,unknown,120
12092.862830665103,slight-left,unknown,0
12225.15958622694,slight-right,unknown,100
12296.509369628433,left-entry-chicane,unknown,0
12456.767364547239,3-right,unknown,0
12498.533714110832,bridge,unknown,0
12535.290315883147,3-left,unknown,30
12611.267129428377,4-right,unknown,100
12778.392776744358,slight-right,unknown,50
12892.782886836521,crest,unknown,0
13014.807049014555,6-left,unknown,0
13083.119404475668,6-right,unknown,0
13190.837118670917,crest,unknown,40
13289.972978656275,square-right,unknown,0
13391.27307966946,square-left,widen,30
13434.003943545811,slight-left,unknown,0
13490.387269122593,square-left,unknown,0
13522.965528857705,4-right,unknown,30
13559.46763163328,crest,unknown,30
13616.35767002821,1-left,unknown,0
13655.935815970895,2-right,dont-cut,0
13701.061613891132,1-left,unknown,0
13755.14142977478,1-right,unknown,0
13824.356314456481,slight-left,widen,0
13884.758290717624,4-right,dont-cut,0
13923.587693221592,4-left,unknown,0
13963.354721839445,2-right,dont-cut,0
13994.047090899965,3-left,unknown,0
14076.788747212915,6-right,unknown,0
14153.62530297997,4-left,unknown,0
14223.473430039905,4-right,unknown,50
14275.031385743645,5-left,unknown,0
14353.240764749087,square-right,unknown,0
14389.60919429544,hp-left,unknown,0
14428.965385763688,4-right,unknown,60
14473.819405014558,5-right,widen,0
14552.348574974569,3-right,unknown,40
14645.63821290259,slight-left,unknown,0
14720.735313358864,2-right,bridge,0
14749.340037460888,4-left,unknown,30
14777.696063557225,2-left,unknown,0
14845.667457256888,4-right,unknown,0
14882.638460026354,1-right,unknown,0
14917.715304489688,square-left,unknown,0
14954.241224909385,crest,unknown,60
14990.02527036723,3-left,unknown,30
15072.556490841482,hp-left,unknown,0
15121.415112972829,2-right,widen,0
15163.57066702899,6-right,unknown,0
15224.673057928632,slight-right,unknown,0
15263.540505095076,1-left,unknown,0
15295.944692698078,5-right,unknown,30
15338.979875383939,3-right,unknown,0
15396.398265200223,5-left,widen,0
15432.608999872775,slight-left,unknown,0
15497.054983416163,hp-right,unknown,0
15525.695132532688,slight-left,widen,0
15557.846279039952,crest,unknown,0
15594.699798117252,2-right,unknown,0
15659.531777945136,slight-right,unknown,80
15725.270820675465,4-left,unknown,0
15797.326362267118,4-right,caution,0
15833.874253254517,1-left,unknown,0
15872.009464378936,2-right,unknown,0
15914.929126816376,2-left,unknown,0
15944.70559890806,4-right,widen,40
15988.75603679715,4-left,unknown,0
16059.854879265406,4-right,unknown,0
16120.746570892905,1-left,unknown,0
16158.968536491975,2-right,unknown,30
16197.43608520566,slight-right,unknown,0
16252.921675930595,3-left,unknown,0
16292.193291874511,6-right,unknown,0
16325.766786957356,slight-left,unknown,0
16425.61415632304,hp-left,dont-cut,80
16529.054419794633,crest,unknown,0
16579.76430230196,square-right,unknown,0
16638.828836317585,slight-right,unknown,0
16700.603761911927,1-left,unknown,0
16737.013590174254,6-left,unknown,0
16785.080259371312,slight-right,unknown,30
16824.254944601562,square-right,unknown,0
16877.932730284236,hp-left,unknown,50
16959.213175592908,2-right,unknown,0
17013.632648191957,slight-left,widen,0
17039.545125971355,1-left,unknown,0
17105.40398406078,3-left,unknown,0
17157.865917177707,1-right,unknown,40
17247.23467307143,2-left,unknown,0
17303.3407002359,6-left,unknown,0
17364.395000010074,2-right,unknown,0
17396.70857800537,2-left,widen,0
17427.226368513646,4-right,unknown,30
17474.362518587644,crest,unknown,0
17536.881657171787,2-right,unknown,40
17583.765731306605,4-right,unknown,0
17642.738435717165,3-left,unknown,0
17689.457875433505,2-right,unknown,0
17803.65452067429,crest,unknown,0
17874.673170424074,crest,unknown,0
17900.673170424074,finish,unknown,0
