0,4-right,twisty,0
24.437845649719243,5-left,unknown,30
80.32649440765385,5-left,dont-cut,0
153.3058864974975,hp-right,unknown,40
242.99257102966322,6-right,unknown,30
274.1995050525665,2-left,unknown,60
413.74108130455033,3-right,widen,30
481.6377766132351,6-right,unknown,0
557.7580495929714,6-left,unknown,80
614.8094623088837,slight-right,unknown,0
709.5690904521942,slight-left,twisty,0
747.7975324916839,slight-left,unknown,0
758.4529986858366,6-right,unknown,50
811.1244453716274,4-left,unknown,0
860.8666137218477,4-right,unknown,0
910.046324148178,4-right,unknown,80
958.7934967327121,1-left,widen,70
1093.4510192394266,6-left,unknown,0
1150.733050470353,slight-right,unknown,0
1189.6474353885653,3-right,unknown,0
1239.767107839585,3-left,unknown,30
1342.276285429001,6-left,unknown,0
1374.338816280365,4-right,unknown,0
1410.5963054084766,4-left,widen,0
1481.6752301216125,3-right,unknown,0
1520.1646026802068,6-left,widen,0
1543.4355437469492,2-right,widen,0
1562.6512708473213,3-left,unknown,100
1728.7250347900408,3-right,unknown,0
1795.2797214508075,6-right,widen,0
1833.2296148014077,1-left,unknown,40
1887.712722673417,1-left,unknown,40
1931.2345044994377,4-right,unknown,0
1978.1056778621696,3-left,unknown,60
2072.553785562516,4-right,unknown,40
2141.020561170577,4-right,widen,0
2198.7998017215737,slight-left,widen,100
2334.7515366458865,5-left,unknown,0
2380.48557240486,2-right,unknown,0
2445.7116218280776,2-right,unknown,0
2480.5928490924816,4-left,widen,0
2535.2468043327376,slight-right,twisty,40
2592.7030245018063,2-right,unknown,30
2723.8826843834017,3-left,widen,0
2757.6647068595994,3-left,unknown,0
2787.9099997139087,6-right,unknown,50
2832.13650674821,water-splash,unknown,0
2842.4843081092945,6-left,unknown,0
2932.0106167793365,2-right,unknown,0
3000.439962291729,2-left,unknown,0
3077.1384919548163,6-right,unknown,120
3162.379041233075,4-right,twisty,60
3245.4890658760196,5-left,widen,0
3321.1076164436467,3-right,unknown,0
3359.258089504255,5-left,unknown,40
3400.6729145050185,hp-left,unknown,0
3474.0097650337334,3-right,widen,30
3513.13348797799,2-left,unknown,0
3579.4876981449233,3-right,unknown,0
3635.527891302118,2-right,unknown,0
3665.935937929163,4-left,widen,40
3742.9899646425374,slight-right,unknown,50
3780.064507145894,hp-right,dont-cut,0
3868.633360323913,4-right,twisty,0
3932.4970416021424,2-left,widen,0
3993.4167051076975,3-right,unknown,0
4084.4941774892964,3-left,unknown,60
4130.349440093054,hp-left,widen,30
4208.670991816542,4-right,widen,0
4246.746712851546,4-left,widen,30
4345.782950415621,hp-right,widen,60
4422.964313769345,6-right,unknown,0
4464.231434264187,4-right,twisty,0
4503.0617566823985,1-left,widen,80
4570.223197894095,4-left,unknown,0
4626.282838950149,6-right,widen,40
4666.718747038833,slight-left,unknown,0
4732.885536017415,3-right,unknown,0
4773.462133269303,4-left,unknown,0
4822.655187029832,6-right,unknown,120
4895.543035788531,1-right,unknown,30
5017.63562684536,6-left,unknown,40
5076.546334700588,1-left,unknown,0
5145.014992117878,3-right,unknown,0
5182.086617770191,slight-left,twisty,90
5308.877208514199,slight-right,twisty,0
5352.34548968791,3-left,widen,0
5389.156564021101,6-left,unknown,100
5464.713812823286,slight-left,unknown,0
5512.899841837873,slight-left,unknown,0
5566.094921336159,6-right,unknown,70
5615.4188968610615,6-left,unknown,50
5694.539577670087,4-right,unknown,30
5758.296271777141,hp-left,unknown,0
5822.9193633794675,slight-right,unknown,0
5874.83441880702,5-left,widen,30
5909.228958735449,6-right,unknown,140
6013.527910704594,slight-left,unknown,0
6070.469282088258,slight-left,unknown,0
6118.297944464662,hp-right,unknown,0
6171.3375144147585,6-left,unknown,110
6271.6513637876205,slight-left,unknown,30
6351.164575610129,slight-left,unknown,30
6430.826588664021,4-left,unknown,40
6532.6964894246785,6-right,unknown,250
6760.930899004905,slight-left,dont-cut,60
6816.937174296349,4-left,unknown,0
6900.150474886863,1-right,unknown,0
6945.886066660849,2-left,unknown,0
6978.2035879277855,6-right,unknown,0
7005.827630257575,5-left,unknown,0
7036.042070126502,4-right,widen,0
7069.135822281803,3-left,narrow,0
7135.178803849188,3-left,unknown,0
7141.705621857612,1-left,widen,0
7174.5992295312535,6-right,unknown,200
7402.452026410077,6-right,unknown,70
7455.800971121756,slight-right,twisty,0
7534.633336405724,6-left,unknown,0
7586.143001589745,hp-right,dont-cut,40
7642.129485897988,6-left,unknown,100
7786.054136958089,3-right,unknown,0
8001.596465353925,1-right,unknown,60
8097.657632632207,slight-right,widen,0
8154.071282381967,1-left,unknown,0
8197.78619695182,3-right,dont-cut,0
8242.208117976148,2-left,unknown,40
8277.737261061631,1-left,unknown,40
8372.299606146791,6-left,unknown,0
8432.520816798195,3-left,unknown,250
8628.940641455618,4-left,unknown,40
8748.963218054732,3-left,unknown,80
8895.612633871997,3-left,unknown,100
9045.76167001242,6-left,caution,0
9134.453856329865,4-left,dont-cut,0
9166.063395056672,4-left,dont-cut,0
9180.003653540556,1-right,unknown,0
9214.748497614817,slight-right,twisty,60
9344.906704792946,3-left,unknown,50
9435.300060162514,3-left,unknown,50
9497.703381810152,3-right,unknown,100
9638.832290921162,slight-left,unknown,100
9737.874655842726,5-left,unknown,40
9812.306708683913,5-left,unknown,40
9851.906411137521,2-left,unknown,110
9976.252979397714,2-right,unknown,0
10041.891422600685,2-left,widen,0
10090.190265278752,2-right,unknown,30
10136.164607644021,2-left,widen,30
10169.30410133833,2-left,unknown,30
10297.518962044653,2-left,widen,80
10408.13350323196,slight-right,unknown,0
10504.995124363872,2-left,widen,0
10614.66279482361,5-left,unknown,80
10692.168302273718,1-left,unknown,50
10806.079873471223,2-right,dont-cut,60
10909.894282822585,5-left,unknown,80
11049.542321286175,2-right,unknown,40
11152.779263100612,1-right,widen,0
11216.672204937939,6-left,unknown,0
11256.980838799478,4-right,unknown,40
11297.136030182844,1-left,unknown,40
11386.707278542526,4-left,unknown,30
11475.02064072131,slight-right,twisty,0
11540.828091168389,2-right,dont-cut,0
11573.852452206596,2-left,unknown,30
11601.648759255399,6-right,unknown,0
11645.181075310702,2-right,unknown,0
11686.900988926893,4-left,widen,80
11759.376431183813,4-right,twisty,50
11848.587564148904,2-right,unknown,0
11914.792258477219,2-right,unknown,0
11933.696654496202,4-right,unknown,70
11981.18315670491,2-left,unknown,60
12024.937062420859,2-left,unknown,60
12109.020543694518,1-right,dont-cut,100
12262.522233561716,5-left,unknown,30
12343.005497321332,6-right,unknown,0
12406.671046370713,6-left,unknown,0
12453.903220137798,slight-right,twisty,0
12496.697931250766,5-left,unknown,80
12545.211359099574,crest,unknown,30
12634.433383483123,4-right,unknown,30
12694.005873984534,4-left,unknown,50
12731.192745970924,4-left,unknown,50
12860.430727881629,4-right,unknown,0
12957.330650290683,slight-left,unknown,0
12991.62252040787,slight-left,twisty,0
13001.2498196022,2-right,dont-cut,60
13066.204084738925,3-left,unknown,0
13130.003694590767,3-right,unknown,30
13169.849079302981,3-right,unknown,30
13202.567788905335,6-left,widen,80
13268.494057597349,4-left,unknown,0
13358.605365885922,6-right,unknown,70
13412.709033526615,1-left,unknown,40
13517.83792062684,2-right,unknown,50
13634.370090026117,3-left,unknown,50
13699.295399474357,slight-left,twisty,40
13820.327177409386,2-left,caution,0
13862.935699023465,1-right,widen,40
13920.022735633109,6-left,widen,30
13981.731791438317,3-right,unknown,30
14029.71301599428,3-right,unknown,30
14099.707501677722,4-left,caution,0
14142.673715934017,3-left,unknown,0
14216.41578891681,3-right,unknown,30
14322.287895678735,4-right,unknown,50
14378.543690814226,1-left,caution,50
14477.163502272808,2-right,dont-cut,60
14529.660677848648,2-right,dont-cut,60
14655.128524116473,2-left,unknown,30
14745.957439941365,slight-left,caution,40
14799.184912456465,hp-right,unknown,0
14855.059975608781,slight-left,unknown,0
14885.68631109615,3-right,unknown,0
14922.09473896404,5-left,unknown,0
14966.236073783833,3-right,unknown,0
15005.648308509783,2-left,unknown,50
15077.299342998454,2-right,twisty,40
15131.704709991407,6-left,unknown,0
15204.148379901844,4-left,unknown,40
15245.936528743705,2-right,unknown,80
15357.54268982311,5-left,unknown,50
15415.097111400573,crest,unknown,160
15545.311117214165,3-right,widen,90
15700.48661232371,6-right,unknown,40
15799.74410828013,6-left,unknown,40
16011.723318790395,slight-right,unknown,60
16147.09913414378,crest,unknown,70
16228.69562206645,slight-right,unknown,40
16312.487516788444,5-left,unknown,80
16382.888900379143,6-right,unknown,80
16500.329325145714,5-left,unknown,0
16571.97190929794,5-left,unknown,0
16613.098529132836,4-right,unknown,70
16678.50964554213,crest,unknown,90
16797.642339786504,slight-right,caution,0
16900.002949451424,6-left,unknown,0
16962.463062213883,6-right,unknown,60
17018.195345043183,1-left,unknown,30
17091.086994747166,slight-left,unknown,0
17171.669369663243,6-right,unknown,0
17222.162953762057,6-right,unknown,350
17451.707685741447,slight-right,unknown,0
17618.36370457081,crest,unknown,60
17741.188162502327,slight-left,unknown,100
17815.534970935852,crest,unknown,100
17907.709543499044,4-left,unknown,0
18022.865846637782,4-right,unknown,100
18121.619460109767,4-right,unknown,50
18232.438858760892,slight-left,unknown,0
18335.802008251263,finish,unknown,0
