0,acute-hp-right,unknown,0
0,hp-right,unknown,0
0,straight,unknown,90
102.37587124824526,5-left,cut,120
228.6692126178741,crest,unknown,60
384.4707158374784,slight-right,unknown,160
680.914257936477,4-left,unknown,60
743.497741937637,4-left,unknown,70
843.3060583591463,3-right,unknown,0
927.6011998462674,5-left,unknown,180
1095.3636961460109,5-left,unknown,60
1177.8035512256615,4-right,unknown,100
1271.491454896926,5-right,unknown,0
1397.3093643283842,3-left,unknown,0
1448.827954111099,5-right,unknown,40
1526.642877397537,2-right,unknown,0
1592.0626070499407,5-left,unknown,50
1642.572357988357,2-right,unknown,40
1721.7450867176042,1-left,unknown,60
1817.4348360538465,2-right,unknown,0
1889.6236710262276,4-left,unknown,0
1926.184184427258,4-right,unknown,0
1974.8421136760687,slight-left,unknown,0
2024.6092895412403,6-right,unknown,90
2180.683360433574,1-left,unknown,0
2231.668165006634,3-left,unknown,50
2274.5826952838856,4-right,unknown,100
2376.5044560718507,1-left,unknown,30
2498.9974523258156,2-right,unknown,30
2562.3968609905182,6-left,unknown,50
2627.1265036868986,4-right,unknown,30
2700.2040441226886,1-left,unknown,0
2780.7573448276435,3-right,unknown,0
2818.283816504467,4-left,unknown,0
2869.181667456615,3-right,unknown,30
2927.0053466558343,3-left,unknown,0
2997.584879469857,5-right,unknown,0
3044.4009132528167,4-left,unknown,90
3133.085904419567,slight-left,unknown,70
3209.1695415808235,2-right,unknown,0
3315.9452176977647,4-left,dont-cut,0
3358.7739833570977,5-right,unknown,0
3408.3750961805836,2-left,unknown,30
3456.890316097881,6-left,unknown,30
3535.901156590128,5-right,caution,50
3611.1486276365763,slight-right,unknown,0
3670.992791073465,2-right,unknown,0
3716.8725155378834,3-left,unknown,0
3755.491940586711,5-right,unknown,0
3796.7690746428016,5-left,unknown,0
3847.5911741377377,6-right,unknown,50
3905.318879292156,6-left,unknown,80
3970.095027249006,5-left,unknown,30
4078.553993542343,3-right,unknown,70
4145.033166172654,4-left,unknown,0
4239.917912647873,6-right,unknown,60
4297.612495358142,4-right,unknown,30
4381.533646977098,4-left,unknown,100
4590.33701657548,slight-right,unknown,50
4752.3633335615705,crest,unknown,70
4817.379321491868,crest,unknown,70
4943.644005024581,5-left,unknown,0
5035.927474682478,3-left,unknown,0
5090.2620598723,slight-right,unknown,0
5140.379061176926,4-left,unknown,0
5239.849386189124,1-right,unknown,50
5324.642678349157,1-left,unknown,0
5367.375272877355,6-right,unknown,150
5539.38364392534,slight-right,unknown,0
5672.882761395133,crest,unknown,40
5744.715505688342,4-left,unknown,0
5805.600421688708,6-right,unknown,0
5861.778149235399,3-left,unknown,40
5947.959850399646,4-left,unknown,30
6010.545766575489,1-right,unknown,0
6080.124869549434,bridge,unknown,30
6115.353862965265,5-right,unknown,70
6205.789300873442,6-left,unknown,70
6317.587109482456,6-left,unknown,100
6447.23023871678,3-left,unknown,100
6574.119526474656,5-left,unknown,70
6695.442882797897,3-right,unknown,0
6801.848819801985,6-left,narrow,0
6860.724809410751,6-left,unknown,60
6919.587315476119,hp-left,unknown,0
7036.399377796834,crest,unknown,30
7061.472485153863,1-right,unknown,40
7106.5120433547045,square-right,unknown,0
7163.995203449923,6-left,unknown,40
7199.10054904242,acute-hp-left,unknown,0
7263.207377064421,5-right,widen,0
7294.228772013374,4-left,unknown,0
7332.2721107317875,crest,unknown,0
7370.960622389505,1-right,unknown,70
7474.1620974375755,square-left,unknown,0
7513.255367834765,2-right,widen,70
7617.926769459443,3-right,unknown,0
7659.5538712431935,6-right,unknown,30
7694.437313664155,jump,unknown,0
7757.368183872894,6-right,unknown,50
7808.458523342802,hp-left,unknown,0
7897.517198021611,6-left,unknown,40
7950.982367317877,3-right,unknown,80
8089.289057820041,4-right,unknown,80
8230.409254963595,6-left,unknown,120
8364.259926884368,6-right,unknown,90
8519.633806164458,slight-right,unknown,50
8673.086826260278,2-left,unknown,60
8758.58640366812,6-left,unknown,250
9012.68801911612,4-right,unknown,30
9162.41685757895,3-left,cut,0
9234.504770329191,5-right,unknown,50
9282.417086041165,6-right,unknown,50
9350.492062771502,2-left,cut,0
9447.592774365128,crest,unknown,40
9492.491883671464,2-right,unknown,30
9558.614584286406,3-left,cut,90
9657.167332928384,6-left,unknown,0
9755.6953902938,slight-right,unknown,70
9815.861829884263,5-left,caution,0
9881.954190418935,2-right,dont-cut,0
9934.133490708095,6-left,unknown,40
10017.27615474009,6-right,unknown,30
10124.00797122263,slight-left,unknown,40
10193.354941055995,4-right,unknown,0
10270.115870506987,5-left,unknown,40
10324.39236544871,1-left,dont-cut,0
10424.984720452067,3-right,unknown,80
10521.059095877727,3-right,cut,0
10611.885935935094,4-left,unknown,0
10669.164551619599,3-right,cut,0
10717.155349234657,4-left,unknown,100
10890.030749663449,6-right,cut,0
10949.140253905392,6-left,unknown,50
11010.099068831545,2-left,unknown,40
11093.191010703204,3-right,unknown,0
11183.274431342243,3-left,unknown,40
11248.6877364341,6-left,unknown,100
11392.949839820016,slight-left,unknown,50
11519.893775176162,3-right,unknown,0
11641.40435466683,2-right,unknown,50
11683.904350394374,square-left,unknown,50
11756.704038085114,crest,unknown,50
11856.208421191359,6-left,unknown,100
11939.533586520345,3-right,cut,100
12109.477001895095,6-left,unknown,60
12210.407389315755,6-left,unknown,100
12308.567039889487,1-right,unknown,150
12527.13372224727,slight-left,unknown,100
12759.35227315823,slight-left,unknown,0
12924.330669154333,crest,unknown,180
13200.653582514937,4-left,unknown,0
13283.07027784269,5-right,unknown,120
13456.393505915834,hp-left,unknown,50
13603.024898852544,3-left,unknown,0
13663.168171481342,acute-hp-right,unknown,100
13752.52821725773,2-left,unknown,60
13840.302114657625,slight-left,unknown,0
13939.793057879679,square-right,widen,0
13973.467048720602,3-right,unknown,200
14220.121753825428,5-left,unknown,30
14281.307969073534,3-left,unknown,30
14347.952362002603,2-right,unknown,0
14410.401911219826,slight-left,unknown,60
14472.573069457272,1-left,unknown,0
14543.287896308158,3-right,cut,90
14707.448420104232,4-left,unknown,80
14842.332016867857,2-right,dont-cut,70
14952.726319464902,2-right,dont-cut,70
15120.583986853811,6-left,caution,0
15224.552393798087,3-left,unknown,0
15277.636115454892,3-right,cut,50
15335.86567796634,3-right,dont-cut,30
15423.445043391454,4-left,unknown,70
15501.58701280521,4-left,unknown,0
15612.295935229522,4-right,cut,0
15692.773004702787,6-left,unknown,0
15796.496613368265,slight-right,cut,0
15857.863337687726,3-left,unknown,40
15913.962075251815,2-right,unknown,0
15975.498681811552,6-left,unknown,0
16024.699596156346,5-left,unknown,0
16077.01343122411,3-right,cut,0
16128.724310397381,4-left,unknown,40
16165.436598223923,6-right,unknown,0
16221.415917491211,2-left,unknown,160
16515.744750499038,6-right,terrible-caution,0
16608.27832536627,2-right,unknown,0
16658.524745234736,3-left,dont-cut,0
16702.389478968853,slight-right,unknown,0
16751.13517614292,4-left,unknown,30
16800.693094805953,slight-right,unknown,0
16855.543735942112,2-right,unknown,0
16903.463789691195,2-left,unknown,0
16951.24998540805,6-right,unknown,0
16997.112988757355,3-left,unknown,50
17045.04967969822,6-right,unknown,90
17138.630048312385,2-right,unknown,30
17243.219710330213,2-left,dont-cut,0
17324.389940051282,5-left,unknown,100
17410.710786685195,5-right,unknown,0
17521.52378587649,3-left,cut,0
17573.485234545922,1-right,unknown,40
17656.248908223384,2-left,caution,0
17709.99518799708,6-right,unknown,0
17754.487306946972,slight-left,unknown,0
17798.938352669928,slight-right,unknown,0
17853.34046074794,slight-left,unknown,120
17991.870048455447,4-left,cut,0
18053.56355835839,3-right,cut,0
18113.70848507805,5-left,unknown,0
18154.525510606,6-right,unknown,60
18222.04352444571,slight-right,unknown,0
18311.2915660183,6-left,unknown,0
18373.371209038924,5-right,unknown,70
18459.625592774588,1-left,unknown,40
18554.11183140677,6-right,unknown,0
18645.989392365642,4-right,unknown,30
18714.357368973924,6-left,unknown,0
18883.53921933097,finish,unknown,0
