0,5-left,unknown,0
0,straight,unknown,120
111.9136540031434,6-right,unknown,30
161.11993589401266,5-left,dont-cut,40
233.31163763046283,6-right,unknown,0
305.5891804695131,4-left,unknown,0
355.28562204360946,6-right,unknown,0
400.5704819297789,6-left,unknown,50
449.38002202987644,crest,unknown,60
504.78560789108263,3-left,unknown,0
572.5758789634708,1-right,unknown,0
617.1021798896795,2-left,unknown,0
649.6071557807933,crest,unknown,30
691.2505651855485,3-left,unknown,0
740.1270102310204,square-right,unknown,0
795.1415252113367,2-right,unknown,30
826.4065816497831,2-left,unknown,0
933.1019591140767,1-right,unknown,0
980.5155505180381,square-left,unknown,30
1028.3635162544272,square-left,caution,0
1083.0292424011245,1-right,widen,0
1118.3596867179886,slight-left,unknown,0
1161.2027016639718,2-right,unknown,0
1195.0215105056761,5-left,unknown,30
1229.0381016349781,3-right,unknown,0
1267.8224385642989,4-left,unknown,0
1314.8915846061689,5-right,unknown,30
1466.1768940925588,1-left,caution,0
1528.9943190193158,3-left,unknown,0
1562.1471778678879,4-right,unknown,0
1595.5249590682959,square-right,unknown,0
1630.7652696418743,slight-left,unknown,0
1655.444727382657,slight-right,unknown,0
1678.9962852287258,3-left,unknown,0
1713.2584370040856,4-right,unknown,0
1755.0525608444177,3-left,unknown,0
1794.8850547027557,slight-right,unknown,0
1843.4184010314912,slight-left,unknown,30
1887.587094535825,4-left,unknown,0
1931.7187216186487,2-right,unknown,0
1968.8726985740643,6-left,unknown,0
2023.1659133338903,3-right,unknown,0
2063.8422188377376,square-left,unknown,30
2101.962019081115,3-right,unknown,0
2156.4424512863147,2-left,widen,60
2228.382959709165,3-left,unknown,0
2291.255182056423,2-left,unknown,40
2356.464059238431,4-right,unknown,30
2424.418190917965,4-left,unknown,50
2493.5956366348228,3-right,unknown,0
2585.2487563323944,2-left,unknown,0
2647.16516235351,2-right,unknown,0
2713.2547342491084,1-left,unknown,180
2867.5539663124005,5-right,unknown,0
2953.7984188651967,4-right,unknown,0
3004.472317142479,2-left,unknown,30
3052.532540988913,5-right,unknown,50
3124.217009582509,1-left,unknown,50
3191.656175498953,1-right,unknown,50
3316.919754845632,4-left,unknown,0
3381.3773747415676,4-right,unknown,0
3423.1872367258184,3-left,unknown,0
3467.781445443165,1-right,unknown,30
3529.006473786363,1-left,unknown,0
3585.013212811481,slight-left,unknown,70
3678.2070428629,6-right,unknown,0
3767.4324245615085,2-right,unknown,40
3826.5786695261077,5-right,unknown,40
3898.8169099207025,3-left,unknown,0
3975.8827339334566,2-left,unknown,30
4034.474140564926,4-right,unknown,0
4083.8545108194457,4-left,dont-cut,40
4122.829032418258,2-right,unknown,40
4185.55596418095,2-right,unknown,0
4250.788969761852,1-left,unknown,0
4297.514953991898,2-right,unknown,50
4343.470683838855,2-right,unknown,50
4416.1202877206915,4-left,caution,0
4496.197841012015,3-right,unknown,0
4540.06819989873,6-left,unknown,0
4580.061558587084,slight-right,unknown,0
4625.664695450792,square-left,unknown,30
4666.955531231892,square-right,unknown,30
4716.763211495412,1-left,cut,30
4758.996633278859,2-left,unknown,0
4806.496623456005,2-right,dont-cut,30
4839.4130679674245,1-left,unknown,40
4887.439786755572,4-right,widen,0
4963.314856545463,2-left,unknown,0
5008.040163361565,1-left,unknown,0
5041.358586117757,slight-right,widen,40
5125.895969311721,2-left,bridge,30
5192.173466374403,1-right,unknown,50
5257.168667256359,2-left,unknown,180
5417.693923966409,6-right,unknown,40
5549.4037397546745,5-right,unknown,0
5631.892922970767,3-left,unknown,80
5711.7073672838105,2-left,unknown,40
5797.2609612245415,5-right,unknown,100
5907.3047857637275,crest,unknown,0
6011.222642819395,6-right,unknown,40
6067.078463742248,2-left,unknown,70
6160.747440640446,2-right,unknown,30
6243.624886662482,6-left,unknown,50
6319.58872375202,6-right,caution,30
6396.719626461982,1-left,unknown,0
6483.960257679939,crest,unknown,30
6539.473684632294,2-right,unknown,30
6580.488331887235,1-right,unknown,50
6657.2494973917,1-left,unknown,30
6717.059092347145,3-left,dont-cut,0
6778.8484312791825,3-right,unknown,0
6821.406229645725,4-left,unknown,30
6857.896618630407,2-right,cut,0
6911.835640313147,3-left,unknown,0
6958.979094140049,5-right,unknown,0
7058.314333436004,square-right,unknown,40
7146.787451722132,2-right,unknown,50
7238.792540451993,6-left,unknown,0
7315.704389512053,3-right,unknown,0
7358.900448319424,2-left,unknown,70
7477.323641793243,1-right,unknown,40
7566.991027886379,5-right,widen,0
7627.37279742907,1-left,unknown,0
7683.65314113329,1-right,unknown,30
7742.574374367697,slight-right,unknown,40
7816.631866433129,1-left,unknown,40
7937.605544583309,1-right,caution,40
8003.6563908929775,5-left,unknown,40
8081.5921973581335,3-left,unknown,0
8145.046053597449,1-right,unknown,40
8189.9681485147385,2-left,unknown,70
8293.001761414522,4-left,unknown,40
8366.417889897351,1-right,unknown,70
8507.314569870949,6-left,unknown,50
8574.831954800598,5-right,unknown,0
8650.647850224479,3-left,unknown,30
8701.696863476735,5-right,caution,0
8755.51951923083,2-right,unknown,40
8852.72878875446,3-left,unknown,30
8951.091018244744,6-left,unknown,40
9035.003588435173,1-left,unknown,30
9115.05529764843,6-right,unknown,0
9167.325665690423,6-left,unknown,0
9210.751060854906,slight-right,unknown,50
9262.021987330429,5-left,unknown,0
9339.91081042002,5-right,unknown,0
9395.380109049791,4-left,unknown,0
9450.263280436517,2-right,unknown,0
9492.71766291332,5-left,unknown,60
9548.077950236324,square-right,unknown,40
9660.03565041257,5-left,unknown,0
9712.003725459099,slight-right,unknown,110
9886.503685976972,5-left,unknown,70
9948.01964335155,5-right,unknown,80
10037.494572321884,crest,unknown,50
10147.748961512561,2-left,unknown,30
10210.202253844274,3-right,unknown,0
10269.977312914856,square-left,unknown,120
10450.601722838384,square-right,widen,60
10509.368491312962,slight-right,unknown,50
10572.308262583723,slight-left,unknown,0
10743.095386301986,6-left,unknown,60
10968.748333918586,3-right,unknown,50
11114.976295840273,4-right,unknown,150
11291.021442915928,1-left,unknown,0
11449.701725928311,3-right,unknown,0
11512.720196482655,4-left,narrow,50
11566.496203677161,slight-right,unknown,0
11662.983154932961,6-left,unknown,30
11772.713882281292,2-right,widen,70
11881.017431818957,4-left,unknown,30
11951.201363932598,5-right,unknown,50
12013.275772883408,3-right,cut,30
12120.779476801867,1-left,unknown,40
12179.890788371073,3-right,widen,0
12253.795029742232,3-left,unknown,0
12342.296216761584,3-right,unknown,0
12388.984653880116,2-left,unknown,0
12427.033579909325,5-left,unknown,0
12485.778337695116,6-right,dont-cut,0
12526.13515024852,2-left,unknown,0
12565.571258570657,slight-right,unknown,0
12602.399951197602,3-left,unknown,0
12644.070575358362,4-right,unknown,30
12679.031714388817,1-right,unknown,30
12724.558271586384,2-left,unknown,30
12767.787552992797,1-right,unknown,40
12812.313169638608,2-left,unknown,50
12911.134598853085,3-right,unknown,40
12983.888822485895,2-left,unknown,100
13089.93529644678,4-left,dont-cut,0
13174.594248320573,2-right,unknown,0
13223.829216143595,2-left,widen,30
13263.713818938242,2-right,unknown,0
13304.616207034098,3-left,unknown,30
13343.306633421882,2-right,unknown,40
13437.579143034904,2-left,caution,50
13532.548062827078,2-left,unknown,40
13594.951805216759,1-right,unknown,0
13660.627692095732,square-left,unknown,0
13728.996838957773,6-right,unknown,0
13766.547179972633,4-left,unknown,0
13805.980893923746,2-right,unknown,0
13843.851207777961,6-left,unknown,30
13905.632101180057,4-right,unknown,0
14000.952523123715,2-right,unknown,0
14066.34814602563,6-left,unknown,120
14172.334933287591,crest,unknown,0
14281.165943724603,6-right,unknown,0
14338.068309905026,1-left,unknown,0
14370.732677962282,4-right,unknown,0
14422.358900992374,3-left,unknown,70
14479.825738493904,4-left,unknown,0
14554.960404326428,4-right,unknown,0
14597.432775618545,2-left,unknown,0
14641.149753291113,4-right,unknown,30
14693.523176409712,slight-left,unknown,0
14772.187199809065,2-left,unknown,0
14810.143959452611,3-right,cut,0
14855.393846537567,crest,unknown,0
14896.05968844125,slight-right,unknown,50
14950.99397654245,3-left,unknown,0
15035.897486369115,3-right,unknown,60
15099.817391612034,6-left,unknown,0
15192.854951731677,3-left,unknown,30
15253.8206936903,5-right,unknown,180
15467.834740588176,slight-left,dont-cut,30
15542.464127909656,3-right,unknown,0
15605.683216616615,crest,unknown,0
15629.166643206583,4-left,unknown,40
15672.126620509136,3-left,unknown,0
15718.536016146654,2-right,unknown,0
15752.69818230342,3-left,dont-cut,0
15782.05984160136,slight-right,unknown,40
15817.060759684538,6-right,unknown,0
15875.454959017728,2-right,unknown,30
15916.914046885468,2-left,unknown,70
16093.678305401838,5-left,unknown,60
16193.161748280567,6-right,dont-cut,0
16298.573607449584,5-left,unknown,40
16370.348923687992,3-right,unknown,60
16438.397154622107,1-left,unknown,0
16537.83740013601,hp-right,unknown,30
16578.792688946756,2-left,unknown,200
16745.432506012927,crest,unknown,40
16858.940111603726,6-left,unknown,40
16923.29552668093,crest,unknown,40
16976.67689554691,crest,unknown,40
17009.32895357608,4-right,unknown,0
17065.874780259117,6-left,dont-cut,0
17113.81017633914,4-right,unknown,100
17257.95316484923,crest,unknown,30
17352.59970736023,crest,unknown,30
17417.791764740916,5-left,unknown,40
17472.799662270507,5-right,unknown,130
17709.953674111322,4-left,unknown,190
18014.62056082245,crest,unknown,0
18066.14993738648,crest,unknown,0
18135.831828598926,crest,unknown,0
18146.496753029787,6-left,unknown,90
18272.97107027529,crest,unknown,60
18464.874006333343,crest,unknown,0
18478.39376310825,slight-left,unknown,70
18540.32275400637,6-left,unknown,70
18645.425691094402,5-left,unknown,40
18826.913639626535,6-right,unknown,30
18933.58691629891,3-left,unknown,60
19018.477040390997,4-right,unknown,0
19118.426823601727,2-right,bridge,50
19247.983028016093,5-left,unknown,40
19316.50131565572,6-right,unknown,30
19387.720062451368,6-left,unknown,0
19455.3816144991,6-right,unknown,50
19509.59009369374,square-left,unknown,0
19570.412715516082,square-left,unknown,0
19579.042681775085,6-right,unknown,0
19711.245874047254,finish,unknown,0
19810.147987542114,finish,unknown,0
