0,slight-left,unknown,150
72.68891320228572,slight-right,dont-cut,40
251.86042666435227,crest,unknown,100
340.34239349365197,4-right,unknown,0
430.8186389541627,slight-left,dont-cut,0
502.856237220764,6-right,unknown,0
598.6188860321043,1-left,unknown,0
685.1254813957211,1-right,unknown,30
721.2656951332089,square-left,unknown,40
773.879673709869,3-left,unknown,80
866.7240988612175,5-left,unknown,0
936.4791034770017,slight-right,unknown,40
985.2068807673461,hp-right,dont-cut,80
1094.3094739615908,6-left,unknown,40
1156.291924542189,6-right,unknown,0
1214.1333643233784,kinks,unknown,270
1428.2402987563612,5-left,unknown,30
1568.6883382308474,square-right,dont-cut,0
1618.2696412169926,slight-left,unknown,200
1750.5136491572832,straight,unknown,150
1895.8004701030222,3-left,dont-cut,90
2080.8648352992523,crest,unknown,50
2176.5797156322,6-right,unknown,30
2276.2898129832765,2-left,unknown,40
2336.6488951289653,5-left,unknown,30
2414.622374266388,6-right,unknown,40
2473.2924211490185,crest,unknown,0
2553.3967474734795,1-right,unknown,350
2884.729858006239,2-left,unknown,80
3076.951717175244,3-right,unknown,160
3242.784967755076,5-left,caution,0
3351.4773924910987,acute-hp-left,unknown,0
3395.8088687980135,5-right,unknown,0
3432.148085173366,6-left,unknown,100
3501.345622214076,6-left,unknown,0
3585.961396559474,1-right,dont-cut,0
3648.535184973477,slight-left,unknown,30
3697.1506473529307,6-right,unknown,0
3736.6462854754877,slight-left,unknown,120
3817.797249296898,3-right,unknown,0
3936.7327705752787,3-left,unknown,40
3975.588649805778,4-right,dont-cut,190
4411.274456137395,hp-left,unknown,220
4728.8741967952,bump,unknown,120
4845.825711458891,crest,unknown,30
4982.6367117488135,1-right,unknown,30
5025.163297671054,slight-left,dont-cut,50
5080.841561411589,square-left,dont-cut,30
5146.54339769241,6-left,unknown,70
5212.789438723291,6-right,unknown,190
5375.537790316311,6-left,unknown,0
5510.927260607451,slight-right,unknown,0
5580.2777708232115,slight-left,unknown,0
5641.554632395478,crest,unknown,50
5703.281525706026,6-right,unknown,80
5767.965010203096,6-left,narrow,0
5828.794020403601,6-right,unknown,70
5881.337866457676,slight-left,unknown,0
5953.47078660843,slight-right,unknown,0
6001.797419680334,slight-left,unknown,60
6065.102542856913,6-right,unknown,50
6188.491701830605,4-left,unknown,0
6269.148597277379,2-right,unknown,0
6313.013827379922,1-left,unknown,0
6342.649399565436,2-right,unknown,170
6508.0438560664525,6-right,unknown,110
6646.228022745831,slight-left,unknown,80
6747.181314524397,6-left,unknown,100
6878.572062052471,2-right,unknown,30
6974.27411069749,4-left,unknown,30
7040.797308920606,slight-right,unknown,70
7102.843071917276,5-left,unknown,0
7193.847623461463,slight-right,unknown,60
7237.160852335668,square-right,unknown,60
7340.728005017023,2-left,unknown,0
7396.899044979793,6-right,unknown,50
7430.065711182341,crest,unknown,40
7498.765145138492,6-right,unknown,100
7633.667064465274,slight-right,unknown,0
7732.038382023561,6-left,dont-cut,50
7784.035211476078,slight-right,unknown,110
7856.852109059086,4-right,unknown,190
8066.955632313499,3-left,unknown,120
8258.261860722312,1-right,dont-cut,0
8794.761867665078,6-right,caution,0
8948.719118412771,5-left,unknown,170
9066.375104969773,6-right,unknown,0
9196.690343731669,6-left,unknown,0
9242.143492192065,slight-right,unknown,70
9289.734433621203,crest,unknown,80
9371.54061938169,6-right,unknown,0
9471.10803809049,4-left,unknown,30
9524.113640660065,4-right,unknown,0
10445.890197514347,hp-right,caution,0
10655.751348389424,1-left,unknown,0
10723.99721293334,slight-right,unknown,100
10819.471135548385,slight-left,unknown,120
10958.341747387687,3-left,unknown,40
11091.362533749387,2-right,unknown,40
11195.196955212408,1-left,unknown,80
11303.838316601586,5-left,unknown,30
11384.913602551289,2-right,unknown,70
11473.477116555048,crest,unknown,50
11543.102301644154,4-right,unknown,160
11689.783816956371,crest,unknown,30
11813.179404496035,acute-hp-left,unknown,30
11867.198042916147,jump,unknown,130
11966.622922209588,5-right,unknown,350
12412.213697699393,6-right,unknown,30
12561.101705778927,square-right,unknown,70
12662.038164919706,slight-right,unknown,40
12714.042790488094,6-right,dont-cut,0
12796.011030310478,slight-left,unknown,80
12871.439260596111,6-left,caution,70
13020.059262198281,bump,unknown,0
13072.984697378939,bump,unknown,0
13101.41184646494,3-left,unknown,60
13147.045851591887,4-left,unknown,30
13214.579375914398,acute-hp-right,unknown,220
13421.4877272404,6-right,unknown,60
13543.386077078654,crest,unknown,0
13622.827247465924,3-right,unknown,0
13689.70252601512,water-splash,widen,0
13713.274786108808,1-left,widen,0
13722.49440528001,crest,unknown,0
13754.223948354382,1-left,unknown,0
13782.41150822606,bump,unknown,60
13807.762400827083,1-right,unknown,0
13876.394506501836,3-right,unknown,40
13932.711404409096,4-left,unknown,0
13995.666559114148,3-right,unknown,40
14033.214676942514,6-right,unknown,30
14093.970084657358,jump,unknown,0
14133.590570878678,2-right,unknown,0
14167.282037667916,1-left,unknown,0
14199.801411561646,6-right,unknown,90
14278.136571702638,5-left,unknown,0
14358.007602929745,5-right,unknown,30
14404.954328927672,square-left,unknown,0
14437.655032605791,5-right,unknown,40
14468.90358313528,3-right,unknown,0
14529.85172820059,4-right,unknown,60
14578.836162786165,3-right,unknown,0
14660.27751345603,jump,unknown,30
14749.11680952994,4-left,unknown,40
14900.735371999424,2-right,unknown,30
15015.152000293392,2-right,unknown,0
15060.657774734154,1-left,unknown,30
15084.646628532064,square-right,unknown,0
15138.42128755535,square-left,unknown,0
15182.39660673108,6-right,unknown,120
15283.292951402334,1-right,unknown,0
15378.430485028894,dip,unknown,0
15421.254280929228,jump,unknown,30
15460.104272842062,5-right,unknown,170
15649.169455070143,slight-left,unknown,150
15844.1150772854,4-left,unknown,70
15997.495274428959,5-left,caution,0
16138.147488975164,3-right,unknown,40
16186.42913253748,3-left,unknown,30
16259.107729911466,1-right,unknown,0
16326.783765525515,2-right,unknown,0
16380.374073505078,4-left,unknown,0
16412.346371478718,square-left,narrow,30
16459.554747905408,3-right,unknown,0
16521.663048858343,4-left,unknown,40
16558.393045997356,3-left,unknown,0
16625.993630790457,water-splash,unknown,0
16662.99697475406,jump,unknown,0
16680.318490303445,5-left,unknown,90
16730.54213175623,crest,unknown,130
16954.918947971728,6-right,unknown,80
17051.98153445091,6-right,unknown,80
17081.439594906227,1-right,unknown,0
17189.708570030598,4-left,unknown,0
17229.7003697857,3-right,unknown,50
17286.253385685348,4-right,unknown,0
17362.441065205014,3-left,unknown,100
17434.49530798763,slight-left,unknown,80
17546.59744070856,3-left,unknown,0
17642.564949444204,dip,unknown,0
17694.376596344402,crest,unknown,0
17710.532078922683,2-left,unknown,0
17733.34032982677,1-right,unknown,30
17782.89764464229,2-left,unknown,0
17834.281203030034,1-right,unknown,40
17868.444376591124,1-right,unknown,0
17930.62149725763,2-left,unknown,0
17977.477552917888,2-right,unknown,220
18137.520458267612,slight-left,unknown,150
18312.65645966382,6-right,unknown,0
18439.051422546803,acute-hp-right,unknown,0
18518.74452137798,2-right,dont-cut,0
18573.400289371883,6-left,unknown,0
18603.735759628686,slight-right,unknown,40
18638.70409861413,1-left,unknown,30
18716.162463806562,3-right,dont-cut,90
18845.67648691981,5-right,dont-cut,0
18932.10484419674,1-left,unknown,0
18982.09059752317,2-right,unknown,0
19029.94899039119,5-left,unknown,40
19069.133947342332,1-left,unknown,0
19134.092148369244,3-right,unknown,40
19174.469729946537,5-left,unknown,0
19235.10596632808,5-right,unknown,30
19278.497391041205,1-left,dont-cut,0
19323.277428272668,6-right,unknown,0
19372.1014258656,6-left,unknown,0
19413.581431511335,4-right,unknown,0
19497.366316498203,6-right,unknown,30
19584.133935097143,2-left,unknown,0
19649.453329933564,square-right,unknown,0
19688.11666714519,3-right,unknown,60
19749.5880143246,slight-right,unknown,130
19883.831083401117,hp-left,unknown,80
20050.196828792923,5-right,unknown,200
20126.410353420608,finish,unknown,0
