0,slight-right,unknown,30
29.706037769317643,6-left,unknown,50
101.22840623855602,5-right,cut,40
217.90838190078748,5-left,dont-cut,50
342.3618068885804,1-right,unknown,100
499.7553308296199,2-left,unknown,90
643.2688653373717,1-right,dont-cut,70
762.2928100967404,5-right,unknown,0
849.0335165786736,crest,unknown,90
887.4171197509759,crest,caution,0
970.6614998245235,1-left,unknown,0
1016.0614360809324,crest,unknown,30
1096.5422155727408,3-left,caution,80
1172.6681970275913,5-left,unknown,0
1246.3878119148264,1-right,unknown,30
1293.0582120384217,acute-hp-right,unknown,0
1341.7883999504093,1-left,cut,0
1393.9921952630532,5-right,widen,0
1455.689074611808,slight-left,unknown,60
1498.3785110284346,slight-right,unknown,0
1571.5895346643003,5-left,unknown,0
1653.44688962951,crest,caution,0
1716.2071729852228,6-right,unknown,0
1785.5403990365535,6-left,unknown,190
2020.0891051675355,slight-right,unknown,60
2276.5578747750815,4-right,unknown,0
2464.4696663476575,5-left,cut,0
2514.708051319276,square-right,dont-cut,0
2571.5087595941177,crest,unknown,30
2605.9754157830803,square-left,unknown,170
2721.617461557538,slight-left,unknown,0
2828.205257806929,1-right,widen,90
2957.5405031301084,4-right,cut,270
3191.1650198079647,3-left,unknown,160
3410.231791849285,6-right,unknown,240
3624.474110956343,slight-right,unknown,0
3796.4937564183783,slight-left,unknown,180
4081.7036270238445,slight-right,unknown,150
4263.709902124556,slight-left,unknown,140
4451.114578714518,left-entry-chicane,unknown,0
4670.6621188832805,3-right,unknown,0
4755.573271761086,bridge,unknown,0
4790.807615709457,1-left,unknown,30
4822.800059271012,slight-right,unknown,200
4969.51084080711,slight-right,cut,150
5124.986650743632,6-left,unknown,50
5300.125418977891,slight-right,unknown,70
5376.056043749008,slight-left,unknown,0
5474.7696125508855,slight-right,dont-cut,0
5541.1768002416175,5-left,unknown,0
5596.130172090677,4-right,unknown,40
5647.306061639934,6-right,caution,0
5747.076304445418,slight-left,unknown,0
5838.298925256883,3-left,unknown,60
5885.801113252792,square-right,unknown,40
5990.74491601006,1-left,dont-cut,30
6035.624545946272,5-right,unknown,0
6095.716379728467,6-left,unknown,50
6189.860958051827,6-right,unknown,0
6309.4859919263445,slight-left,dont-cut,110
6417.308052206195,5-left,dont-cut,180
6561.215888471758,4-right,caution,0
6613.084025793225,2-right,unknown,40
6698.359285841137,3-left,unknown,100
6823.5648870946425,4-left,caution,0
6927.510534677651,5-right,unknown,300
7143.142391824872,5-right,unknown,0
7299.187293138659,4-left,dont-cut,0
7361.559606218493,4-right,unknown,0
7418.695305338056,slight-right,unknown,0
7488.839219141156,6-left,dont-cut,100
7624.717443781042,5-right,unknown,0
7775.51421444907,slight-right,unknown,250
8019.266000147013,slight-left,unknown,40
8174.098086862705,3-left,widen,0
8264.615035829684,3-right,unknown,0
8306.690797968056,3-left,widen,30
8345.961063699868,5-right,caution,60
8396.541812181615,3-right,unknown,60
8576.85979081505,5-left,unknown,50
8862.67964661948,slight-right,unknown,0
9002.053651975324,3-right,unknown,50
9043.434394925767,slight-right,unknown,0
9123.356350129781,4-left,dont-cut,0
9168.628906396569,slight-right,unknown,0
9213.610664933862,slight-left,unknown,0
9260.661568025294,4-left,dont-cut,0
9308.323486665422,slight-right,unknown,0
9355.253513063119,slight-left,unknown,40
9406.967958596877,6-right,unknown,0
9457.184924501113,3-left,unknown,60
9500.760712236099,2-right,unknown,40
9547.36124015205,1-right,unknown,60
9641.62521317832,2-right,unknown,0
9706.368227552091,1-left,widen,0
9746.807510160133,4-left,widen,0
9784.58593768471,slight-right,widen,0
9859.652432130502,5-left,dont-cut,0
9905.424744447402,6-right,widen,0
10049.912820619293,4-right,widen,0
10178.551905358987,slight-right,unknown,0
10269.214065545752,5-left,unknown,70
10342.443766854964,5-left,unknown,0
10459.070662492486,5-right,unknown,0
10515.829470285153,slight-left,unknown,0
10565.569705613829,5-right,unknown,120
10618.668801187254,slight-right,unknown,0
10708.38437194227,4-left,widen,50
10833.21753558515,slight-left,unknown,0
10897.238762773251,slight-right,caution,40
10953.617148507816,2-right,unknown,0
11034.682419198736,6-right,unknown,0
11084.82401023267,3-left,widen,40
11125.68302691816,5-left,cut,100
11200.460405324686,1-right,unknown,0
11317.11279084562,6-left,unknown,160
11459.30596442579,5-left,unknown,0
11581.432634767269,6-left,widen,40
11637.48328730939,4-left,caution,140
11819.572577928297,slight-right,unknown,60
12019.782892907864,slight-right,unknown,0
12086.995537179711,4-left,dont-cut,70
12226.680219777825,1-right,unknown,30
12327.10648732543,5-left,unknown,40
12390.284770177603,4-left,dont-cut,30
12487.893871053446,3-right,unknown,60
12617.878647760128,4-left,unknown,40
12703.356090844849,2-right,unknown,0
12772.60431956646,6-right,unknown,0
12824.353917440154,6-left,dont-cut,30
12872.909218381616,4-right,unknown,40
12922.282575010022,slight-right,unknown,0
12997.34698129054,6-left,cut,0
13046.597425512038,square-left,dont-cut,0
13090.295602735241,bridge,unknown,0
13105.785505689342,square-left,widen,0
13127.115078519537,6-right,unknown,0
13155.814412912083,6-left,dont-cut,40
13198.92918458338,6-right,unknown,0
13300.374498914434,slight-left,unknown,40
13357.440425962164,2-right,unknown,60
13405.70452733393,6-left,dont-cut,0
13481.694566949553,4-right,unknown,70
13556.667700151153,slight-left,unknown,60
13668.603239167884,3-right,unknown,40
13807.234039529512,3-right,unknown,0
13888.038532231989,5-left,unknown,0
13929.766106656725,5-right,unknown,0
13974.940695012741,4-left,cut,0
14022.617352307967,slight-right,unknown,0
14073.537410634684,5-left,unknown,0
14122.258470853494,4-right,unknown,0
14170.339206517861,5-left,unknown,0
14216.933726934127,6-right,unknown,0
14255.90990941399,2-left,dont-cut,0
14288.417623113324,square-left,widen,50
14322.393119462662,3-right,unknown,50
14374.431413968734,6-right,unknown,40
14441.540071576777,4-right,unknown,30
14518.322416318588,crest,unknown,0
14573.481000779799,crest,unknown,0
14580.611972116163,5-right,unknown,0
14637.387925943074,5-left,unknown,0
14689.388060487456,6-right,widen,50
14725.970244363489,1-left,widen,0
14782.620027459796,6-right,unknown,0
14836.702235139544,2-left,unknown,0
14921.807923158345,6-right,widen,30
14957.024310525594,3-right,unknown,30
15027.749224713967,hp-right,unknown,70
15099.5993586289,1-left,narrow,50
15150.58773827902,2-right,unknown,30
15216.573850740111,5-left,widen,0
15276.241074994721,4-left,unknown,30
15312.787812398583,4-right,unknown,30
15385.066702798513,2-right,unknown,30
15428.783590501453,4-left,widen,40
15471.946574300437,jump,unknown,30
15526.613137525232,2-left,unknown,40
15608.829618161828,3-right,unknown,0
15660.155789521854,1-left,widen,40
15734.473548711456,2-right,unknown,0
15794.756490243592,crest,unknown,30
15850.48844432227,crest,unknown,0
15900.709762719795,slight-right,unknown,30
15949.22192702644,4-left,unknown,0
16006.80170344704,5-right,unknown,50
16071.028841966325,3-left,unknown,0
16166.208344377228,4-right,unknown,0
16200.331905664158,2-left,unknown,0
16245.286228154846,1-left,widen,0
16271.402809976295,6-right,unknown,50
16371.819285978021,1-left,unknown,30
16491.615266812965,slight-right,widen,0
16572.174506620067,5-left,unknown,70
16617.043069585477,2-right,unknown,130
16747.653305524494,slight-right,unknown,70
17032.46296613085,4-left,unknown,0
17186.987142690305,4-right,unknown,30
17278.66159303057,2-right,unknown,0
17357.13152745593,4-left,unknown,0
17419.404147943114,6-right,unknown,0
17484.234774468994,slight-left,unknown,0
17555.96315459594,slight-right,unknown,0
17611.344612420664,6-left,unknown,0
17714.73670455323,5-right,unknown,0
17809.471389001475,4-left,unknown,50
17860.66915900576,1-right,unknown,40
17963.27695769655,2-left,dont-cut,0
18107.278121999367,4-right,unknown,0
18192.204482396683,crest,unknown,80
18266.234704869825,5-right,unknown,50
18370.642721799435,5-left,unknown,0
18486.347634900616,slight-right,unknown,60
18563.289226544894,4-left,unknown,0
18663.83228356699,2-right,unknown,0
18714.068038037796,4-left,unknown,70
18820.948497142566,4-right,unknown,0
18920.717259425863,5-left,unknown,50
19027.233847446165,3-right,unknown,0
19115.640583591172,2-left,dont-cut,0
19169.12902341813,square-left,widen,70
19208.603008155533,3-right,unknown,50
19287.44296197862,2-left,unknown,80
19418.454738826476,crest,unknown,0
19457.404368419375,crest,unknown,0
19471.24525636647,6-left,unknown,40
19616.63331804251,5-right,unknown,0
19767.397017001862,crest,unknown,30
19887.096977977508,crest,unknown,30
19898.199010600798,5-left,unknown,0
19971.745688838717,5-right,unknown,0
20095.81031171776,slight-left,unknown,0
20219.698333720942,2-right,unknown,30
20270.80712102867,slight-right,caution,0
20327.99452875112,4-left,bridge,0
20367.99452875112,finish,unknown,0
