0,straight,unknown,60
55.98701282501222,slight-right,unknown,0
99.48815459251418,slight-left,unknown,0
134.91865946769724,6-right,unknown,40
174.4494341182709,4-right,dont-cut,0
233.68121314048759,3-left,unknown,60
301.6459418773655,slight-right,unknown,0
379.4268296337133,3-left,unknown,0
427.0491985988623,1-right,unknown,120
529.5364921092994,3-left,unknown,0
619.0999946117408,5-right,unknown,40
673.2778787899026,2-right,unknown,0
746.3526811122913,3-left,unknown,0
807.02451096535,4-right,unknown,30
883.3198845768001,3-right,unknown,40
980.348199262621,3-left,unknown,40
1046.6695771312734,6-left,unknown,0
1121.6547798061395,6-right,unknown,40
1218.390207128528,4-right,unknown,60
1339.4453289699575,3-left,unknown,30
1436.5308780574805,2-right,unknown,0
1516.553320493699,slight-left,unknown,70
1552.0940977954879,4-left,dont-cut,0
1631.6345474338546,5-right,unknown,0
1685.0497604846967,3-right,unknown,30
1734.6167605686178,4-left,unknown,50
1792.011479578016,6-left,dont-cut,0
1871.4603636646243,slight-right,unknown,100
1989.0263232135753,slight-right,unknown,30
2099.838445863719,4-left,unknown,50
2158.1365663623765,5-right,caution,40
2281.128191194532,acute-hp-right,unknown,30
2397.5016492938967,1-right,unknown,50
2492.6420539951305,slight-right,unknown,60
2632.3256609630566,6-left,unknown,0
2743.982985296247,hp-right,unknown,60
2919.548030595779,slight-right,unknown,100
2999.5539529228213,6-left,unknown,40
3079.978311519626,hp-right,unknown,40
3176.899423265464,slight-right,unknown,50
3232.156304235465,6-left,unknown,40
3368.440613031395,5-right,unknown,60
3428.4253865146693,6-left,unknown,40
3499.6454975223583,6-left,unknown,60
3563.0073137378713,4-right,caution,0
3674.7383519458845,4-left,unknown,0
3712.8195522976,3-left,dont-cut,0
3854.5535921192263,3-left,unknown,0
3903.764768590934,square-right,unknown,0
3943.2508057689747,6-left,unknown,40
3966.6949534320906,6-right,unknown,50
4020.493178148276,6-left,unknown,40
4106.258159837734,slight-right,unknown,0
4161.36385910989,6-left,unknown,60
4216.61878437997,3-right,unknown,0
4279.580948305141,2-left,unknown,0
4321.795024633419,4-right,unknown,30
4361.868846349728,5-right,unknown,0
4413.7249438953495,5-left,unknown,0
4458.673613100062,slight-right,unknown,0
4505.282555780424,4-left,unknown,0
4542.23081795694,5-left,unknown,50
4658.948147516266,4-left,unknown,0
4753.413528604517,6-right,unknown,50
4793.34170228005,hp-right,unknown,40
4893.073204355252,4-left,unknown,0
4936.392590379728,2-left,unknown,30
4973.557741251004,square-right,unknown,30
5032.392827787407,hp-left,unknown,0
5078.39341155053,square-right,unknown,0
5125.859528932579,6-right,unknown,0
5160.101332025533,4-left,unknown,50
5195.8686507511175,2-right,unknown,100
5331.962329225547,1-right,unknown,0
5414.266005258568,6-left,caution,0
5472.297046289449,1-left,unknown,0
5516.832119588859,5-right,unknown,40
5567.073517789843,4-right,unknown,0
5640.09612473488,6-right,unknown,0
5697.708394021987,5-left,unknown,70
5756.531695604323,1-left,unknown,90
5909.520543851839,square-right,unknown,40
6005.230276403413,5-left,unknown,0
6058.805794744482,4-right,unknown,0
6098.9556186962045,4-left,unknown,40
6140.020671300877,3-right,unknown,0
6229.164910058963,3-left,unknown,0
6283.362267827976,hp-left,unknown,0
6314.784984884249,2-right,unknown,80
6361.428804464333,hp-right,unknown,30
6456.459409894941,1-left,unknown,40
6494.748206529615,5-left,unknown,80
6583.231150846492,hp-right,unknown,80
6725.291573801044,slight-right,unknown,70
6793.251287469864,2-left,unknown,70
6938.285037355414,6-left,unknown,50
7003.592749872201,6-left,unknown,50
7091.104702920911,square-right,unknown,30
7126.479507608412,square-right,unknown,30
7187.036424913402,2-left,widen,30
7228.671448640822,acute-hp-left,dont-cut,0
7277.78879635811,2-right,unknown,0
7320.698128633502,1-right,unknown,0
7346.4794832897205,square-left,unknown,30
7376.631352167135,5-right,unknown,40
7433.882333860413,crest,unknown,0
7484.751172533047,3-right,unknown,120
7564.62925751687,3-right,unknown,30
7656.621949548738,3-left,unknown,0
7730.689665288951,2-right,unknown,0
7775.388405027412,2-left,unknown,40
7833.06619700434,5-left,unknown,0
7908.32754801753,hp-right,unknown,50
8002.38623348238,slight-right,unknown,0
8047.114521341349,3-left,unknown,0
8086.163442506814,slight-right,unknown,50
8144.690237455407,1-left,unknown,0
8224.130138196984,hp-right,unknown,30
8279.460640649833,4-left,widen,0
8390.516825161014,square-right,unknown,70
8474.170561313644,3-left,unknown,0
8538.598030738847,1-right,unknown,80
8615.367196235684,2-right,dont-cut,30
8687.580954914121,square-left,unknown,0
8744.885192089114,6-right,unknown,0
8808.810043821375,6-left,unknown,50
8888.997067174962,2-left,unknown,50
8979.20771162992,1-right,unknown,0
9056.312328767832,square-right,unknown,0
9073.046354312959,5-left,unknown,30
9130.873233712928,1-right,unknown,50
9226.488028177055,5-left,unknown,0
9282.594488309647,slight-right,unknown,40
9323.739867872026,3-left,unknown,0
9376.815424970411,square-right,unknown,60
9458.549757627268,square-right,unknown,60
9498.730239995739,slight-right,unknown,50
9555.06424291017,6-left,unknown,50
9636.473298352987,2-left,unknown,0
9710.517449926157,3-right,unknown,70
9814.002184537678,2-left,unknown,0
9871.748771795053,2-left,unknown,0
9902.346605695513,slight-right,unknown,50
9928.346014112254,slight-left,unknown,30
9981.427533544322,6-right,unknown,0
10045.421969617626,6-left,unknown,0
10101.025881093768,slight-right,unknown,0
10152.386985257896,2-left,unknown,30
10196.85666032198,2-right,unknown,30
10264.51635289552,4-right,unknown,0
10337.888855508583,5-left,unknown,0
10374.445726655738,4-right,unknown,0
10438.45836528184,acute-hp-right,unknown,0
10486.673689302223,2-right,unknown,0
10537.372051919721,3-left,widen,30
10588.677006219637,1-right,unknown,0
10683.510863870388,crest,unknown,0
10715.812003053432,slight-left,unknown,110
10771.160231641525,5-right,unknown,0
10886.404265722029,1-left,unknown,60
10975.918495553726,1-right,unknown,120
11092.16840810179,hp-left,unknown,30
11184.038255304102,hp-right,dont-cut,0
11241.536563514463,2-right,unknown,0
11281.02058530211,acute-hp-left,unknown,50
11335.859997085332,hp-right,unknown,40
11418.664362529527,square-right,unknown,0
11461.985118488086,acute-hp-left,unknown,30
11503.746727317586,2-left,unknown,0
11542.564490646144,hp-right,widen,30
11598.730080293433,4-right,unknown,0
11648.437006675014,3-right,dont-cut,0
11681.764031840568,1-left,unknown,0
11714.754483500728,2-left,unknown,0
11755.145128470656,square-right,dont-cut,0
11787.301390467888,1-left,unknown,30
11812.342749825732,2-left,unknown,0
11870.446757231975,slight-right,unknown,50
11907.847969886083,1-right,unknown,50
12093.471605674044,hp-right,dont-cut,40
12225.664601546554,4-left,unknown,0
12267.443222943573,3-right,unknown,40
12307.113687897938,hp-right,unknown,30
12392.026735192554,1-left,unknown,0
12440.796366540206,6-left,unknown,40
12526.65400034072,4-right,unknown,0
12566.458531457214,2-right,unknown,0
12607.358030968931,6-left,unknown,0
12643.84282924774,hp-right,unknown,30
12685.158589860237,1-left,unknown,0
12686.177420254982,2-left,unknown,0
12737.382184811855,3-left,unknown,0
12807.902579699026,4-right,unknown,0
12855.74997780846,3-left,narrow,0
12937.34619660423,6-right,unknown,0
13035.222394572857,slight-left,unknown,30
13082.629146834965,2-left,unknown,0
13128.075541984184,3-left,unknown,80
13216.110283767324,6-right,unknown,0
13287.41601094399,6-left,dont-cut,70
13339.444748584372,slight-right,unknown,0
13428.173339511504,hp-left,unknown,0
13543.563017837158,6-left,unknown,0
13583.21020345841,hp-right,unknown,50
13663.344938289274,crest,unknown,30
13716.528491088497,6-left,unknown,0
13764.945879050838,5-right,unknown,0
13820.220394622429,3-left,dont-cut,0
13866.944136268236,4-left,unknown,40
13918.202588912583,slight-right,unknown,0
13992.85237569008,hp-left,dont-cut,30
14049.378163739766,hp-right,unknown,0
14102.887250262826,crest,unknown,40
14127.77948400649,2-left,unknown,0
14173.203908216079,4-right,unknown,0
14232.80602323683,1-right,unknown,0
14296.262392751301,acute-hp-left,unknown,0
14339.01372503431,6-right,unknown,0
14373.87672098311,4-right,unknown,0
14411.429923917367,6-right,unknown,30
14463.78417221219,2-left,unknown,0
14524.139835397304,5-right,widen,50
14593.858336106823,5-right,unknown,60
14666.839655019348,4-left,dont-cut,0
14756.872664052551,5-left,unknown,50
14819.0004987541,5-right,unknown,0
14917.320190564695,slight-left,unknown,40
14970.466855222288,3-left,unknown,0
15017.204884549681,slight-right,unknown,100
15114.891082784245,square-right,dont-cut,30
15230.960259992193,slight-right,unknown,0
15294.915000421106,slight-left,unknown,30
15333.332563020293,hp-left,unknown,0
15375.002143956717,square-right,unknown,0
15406.497696410715,5-left,unknown,0
15427.799261952938,5-right,unknown,30
15453.128978472307,6-left,caution,0
15507.75424384172,3-right,unknown,0
15549.590343542646,6-left,unknown,60
15587.090922346657,slight-right,unknown,0
15637.001022787648,5-left,unknown,110
15727.838407850826,6-right,caution,0
15839.701154470997,3-left,unknown,0
15892.178448896957,slight-right,unknown,90
15935.019069128592,3-right,unknown,0
16009.496033335285,2-left,unknown,60
16063.98850932177,2-right,unknown,0
16141.37230284749,1-left,unknown,30
16180.542521334295,3-left,unknown,0
16230.969382277155,hp-right,unknown,0
16302.78903653205,square-left,unknown,0
16374.597926591076,6-right,unknown,0
16398.584885872024,slight-left,unknown,0
16449.751963756702,5-right,unknown,0
16501.82219977203,4-left,narrow,0
16586.821028392933,6-right,unknown,40
16623.56966820539,4-right,unknown,0
16680.617150562422,slight-left,unknown,30
16722.26606566254,1-right,unknown,70
16799.891982525063,square-left,unknown,40
16891.05046645945,2-right,unknown,0
16938.364047868923,square-left,unknown,30
16961.346919573032,acute-hp-right,unknown,30
16995.647810285765,5-right,unknown,0
17050.243106344424,1-right,unknown,30
17128.7984874899,1-left,unknown,40
17235.015656946416,2-right,unknown,0
17291.76139747452,6-left,unknown,0
17323.452957819227,6-right,unknown,0
17361.345310724504,3-left,unknown,0
17402.92424753024,2-right,unknown,80
17448.668507841357,6-right,unknown,0
17524.163181951768,3-left,unknown,0
17581.015944936993,4-right,unknown,60
17634.87473417115,6-right,unknown,0
17701.399752386344,6-left,unknown,40
17749.002120664863,3-right,dont-cut,40
17844.51297286821,1-left,unknown,0
17932.66670772388,5-right,unknown,80
17997.769529436388,6-left,unknown,0
18083.452197969724,4-right,dont-cut,60
18163.445426328977,5-left,unknown,90
18284.47154159388,4-right,unknown,0
18383.77435233911,4-left,unknown,0
18443.698997801144,slight-right,unknown,80
18499.94989330132,3-left,unknown,0
18607.006175726274,6-right,unknown,0
18671.007045286526,3-left,unknown,0
18708.310144956948,4-right,unknown,100
18796.541586531053,2-left,unknown,0
18896.48101833189,3-right,unknown,0
18946.869902475726,2-left,unknown,0
18981.147832792634,2-right,unknown,0
19015.228911569935,1-left,unknown,0
19049.980826967574,4-right,dont-cut,0
19080.72822017512,6-left,unknown,70
19150.240587004046,5-left,unknown,0
19241.100886190747,2-right,unknown,30
19300.24621074521,2-right,unknown,30
19308.99128311002,hp-right,unknown,30
19381.005992487324,acute-hp-right,unknown,0
19392.900267065434,square-left,unknown,0
19417.108706501393,4-right,widen,40
19447.469999493056,4-right,unknown,0
19503.02332827418,3-left,dont-cut,0
19541.25223208277,3-right,unknown,0
19574.258499802043,5-left,unknown,40
19616.221139801433,4-left,unknown,0
19691.294369362276,5-right,unknown,50
19734.906353462626,hp-left,unknown,60
19818.91240615693,5-left,unknown,70
19893.60255586472,3-right,unknown,40
19985.670622194666,2-right,unknown,0
20062.01257753222,6-left,unknown,60
20121.825149820706,3-left,caution,0
20204.276888903027,5-right,unknown,0
20254.262724970216,3-left,unknown,50
20314.985167253857,3-right,unknown,0
20401.350352609978,square-left,unknown,0
20435.663514459946,4-right,unknown,0
20470.773097666126,3-left,unknown,0
20536.13679134212,2-right,dont-cut,100
20640.010772970512,1-left,caution,0
20727.969431608526,slight-right,unknown,60
20785.93558492503,6-left,unknown,30
20857.103620889993,1-right,unknown,0
20910.972698400845,square-left,unknown,0
20950.430473783825,1-right,unknown,50
21019.098088091196,5-left,unknown,0
21083.15785844642,5-right,unknown,0
21128.810301912585,3-left,unknown,70
21176.400723818122,5-right,caution,0
21259.873653505612,6-left,unknown,0
21305.25272191839,4-right,unknown,40
21345.593537843997,6-left,unknown,0
21394.080049989992,6-right,unknown,40
21448.371192034072,4-left,unknown,0
21504.78542386848,3-right,unknown,0
21552.687646425547,slight-left,unknown,0
21610.96735872107,2-left,unknown,60
21653.725343378366,3-left,unknown,0
21717.491711309747,2-right,unknown,80
21819.490938146908,acute-hp-right,unknown,0
21898.39695838771,3-right,unknown,50
21940.705169676166,hp-right,unknown,50
22048.73488442263,3-left,unknown,0
22095.943594806995,2-right,unknown,50
22147.8368592723,square-left,unknown,40
22156.629556034397,acute-hp-left,unknown,40
22227.74277682144,4-right,unknown,0
22291.659821060493,2-left,unknown,0
22365.40011811097,1-right,unknown,40
22462.55898209412,3-left,unknown,0
22519.55329283554,4-right,unknown,0
22614.92751091796,hp-left,unknown,0
22709.703078220686,square-right,widen,30
22762.848404262862,2-left,unknown,0
22813.323287571282,slight-left,widen,0
22867.76261433444,2-left,unknown,0
22906.687529762614,6-right,unknown,0
22938.69194693409,2-right,unknown,0
22970.61200579487,1-left,unknown,30
23021.343217705125,slight-left,unknown,70
23079.32458769645,6-right,unknown,0
23171.863209064864,3-right,unknown,0
23222.02067419852,acute-hp-right,unknown,110
23304.89299393499,6-right,unknown,0
23386.745596989032,2-right,unknown,30
23492.015523899456,square-left,unknown,40
23563.050664442188,3-right,unknown,0
23609.026719473004,slight-left,unknown,40
23665.49421714603,4-right,unknown,0
23713.346270979044,2-right,unknown,50
23805.474384019966,hp-left,unknown,50
23907.579655931593,3-left,unknown,0
23955.24425350011,slight-right,unknown,0
24000.787040479794,5-left,unknown,0
24044.249361608632,3-left,unknown,0
24150.18413139166,2-right,unknown,0
24186.97371639074,2-left,unknown,30
24215.080053175105,1-right,unknown,30
24263.78814403357,6-right,unknown,50
24324.807316892773,slight-left,unknown,0
24463.577810934225,6-left,unknown,0
24593.472194631726,finish,unknown,0
