0,straight,unknown,80
25.081342105865478,crest,unknown,0
79.06040925979612,5-left,unknown,120
241.26514476776123,2-right,unknown,50
339.2497423171998,3-left,unknown,60
402.9352732849123,jump,unknown,0
469.96541370391867,crest,unknown,30
517.262547416687,5-left,unknown,0
562.5083977508541,4-right,unknown,100
726.0267083930971,4-left,unknown,0
808.5838928031926,crest,unknown,0
850.2435813713081,acute-hp-left,unknown,0
880.7425696849829,3-right,unknown,0
917.3120054054268,slight-left,unknown,40
947.8745951461796,6-left,unknown,0
995.5726539230355,6-right,unknown,90
1061.1872333145143,5-right,caution,0
1129.064564533235,3-left,unknown,0
1183.893332595826,5-right,unknown,40
1247.2151217651376,square-right,unknown,0
1310.7897986602793,square-left,unknown,0
1341.2008350467702,2-right,unknown,30
1375.4174943542512,6-left,unknown,80
1455.6045342826856,6-right,unknown,0
1531.3601840209956,square-left,unknown,0
1585.7596961212146,2-right,unknown,80
1674.0504937904218,crest,unknown,0
1720.9983528869484,4-left,unknown,0
1752.2973073928688,crest,unknown,0
1784.6330579345558,3-left,unknown,0
1836.3025126998764,2-right,unknown,0
1896.881608883652,5-left,unknown,0
1919.666290413652,6-right,unknown,0
1950.058224198137,3-right,unknown,40
2006.2442665832377,5-left,unknown,40
2060.8973176353315,3-left,unknown,0
2122.5454148261892,slight-left,unknown,0
2160.3183182113526,6-right,unknown,0
2201.4223419731034,square-right,unknown,30
2302.4615982311147,1-left,unknown,70
2369.1683124893025,1-right,unknown,0
2431.527193981916,6-right,unknown,0
2469.3638541190917,crest,unknown,30
2508.1340681808297,crest,unknown,30
2515.001486412794,hp-left,unknown,0
2581.1679461257772,5-right,widen,0
2624.7858362167244,5-left,bridge,40
2656.819308506763,crest,unknown,0
2717.2087760131712,4-left,unknown,0
2748.7449560516247,6-right,unknown,30
2780.8214482086087,water-splash,unknown,0
2829.7768687408316,4-right,unknown,0
2857.247655979907,1-right,unknown,40
2920.6282359187926,crest,unknown,0
2963.856100851808,4-left,unknown,30
2998.7655027454234,1-right,unknown,0
3058.8009888522965,crest,unknown,30
3081.6488623493046,slight-left,unknown,0
3182.9629298274886,4-right,unknown,30
3252.7299339931415,crest,unknown,0
3301.636577002325,3-left,unknown,50
3410.185476252351,6-right,unknown,0
3447.1445560901525,4-right,unknown,0
3505.2022663944144,4-left,unknown,0
3561.3141042011152,acute-hp-right,unknown,0
3620.6239982288257,4-right,unknown,0
3644.5071796577345,1-left,unknown,0
3739.1630290668377,5-right,unknown,0
3800.6121184223107,1-left,dont-cut,0
3829.199055392068,crest,unknown,0
3865.2583336990297,2-right,unknown,0
3892.1417284172007,3-left,unknown,30
3936.8189230888347,6-left,unknown,0
3991.938742367553,6-right,unknown,0
4029.1855814331025,3-left,unknown,0
4074.1448558013894,2-right,unknown,0
4125.173707711028,crest,unknown,40
4155.822678620145,3-right,unknown,0
4214.098116585533,4-left,unknown,0
4266.644207073972,crest,unknown,0
4321.960030705263,slight-left,unknown,70
4358.111735588838,6-right,unknown,50
4471.745053803257,square-right,unknown,40
4566.109046532441,square-left,unknown,60
4648.155964094936,crest,unknown,0
4707.716312586608,square-right,unknown,0
4743.162234370057,bridge,unknown,40
4773.265486971687,square-left,unknown,0
4810.750069586586,1-right,unknown,40
4842.971120440317,5-right,unknown,80
4914.775304514717,3-right,unknown,0
4986.922800032443,crest,unknown,130
5082.151662356205,4-left,unknown,0
5174.98793268853,4-right,unknown,0
5208.877229258356,water-splash,unknown,0
5234.882960974516,slight-left,unknown,0
5259.783060690705,slight-right,unknown,0
5285.780644556825,3-left,unknown,50
5307.801744639224,slight-right,unknown,0
5338.21140246088,crest,unknown,0
5376.366993662664,5-right,unknown,0
5403.082665736022,4-left,unknown,0
5457.927421614474,4-right,unknown,40
5485.768816134277,hp-left,unknown,50
5572.798700844589,slight-right,caution,0
5618.1302295654505,3-right,unknown,30
5673.116800953694,5-right,unknown,0
5729.612965256516,4-left,unknown,0
5759.555576931779,square-left,unknown,30
5831.2083822410805,crest,unknown,0
5875.091321007564,4-right,unknown,0
5918.020984455898,3-left,unknown,50
5961.061914936854,crest,unknown,0
6030.28123332675,3-right,unknown,0
6064.761753498871,3-right,unknown,50
6126.538945824455,square-left,unknown,0
6192.36310352022,hp-right,unknown,0
6234.0543002479735,hp-left,unknown,0
6266.76447433168,hp-right,unknown,0
6293.470916640111,3-left,unknown,0
6331.6430703800315,5-right,unknown,0
6380.741409651579,hp-left,unknown,40
6461.409832951376,3-right,unknown,30
6507.091748987987,3-left,unknown,60
6620.08786722834,6-right,unknown,80
6738.401908499545,hp-right,unknown,60
6855.129259220905,3-left,unknown,30
6909.591366497818,2-left,unknown,0
6975.945863873303,4-right,unknown,50
7015.024645993053,4-right,unknown,60
7112.372256352251,3-left,unknown,0
7184.321379601302,crest,unknown,0
7234.498357559981,slight-right,unknown,0
7272.963747898884,3-left,unknown,0
7319.708731762718,4-right,unknown,0
7394.9658336609145,square-left,unknown,0
7470.612511479207,square-left,unknown,0
7477.729156834432,crest,unknown,70
7519.45508310015,6-left,unknown,50
7593.346358467891,1-right,unknown,40
7712.207988182855,crest,unknown,120
7777.483272826031,2-left,unknown,0
7877.516780402021,3-right,unknown,50
7951.941908709362,crest,unknown,0
8006.9475228946985,square-right,unknown,90
8074.138314492067,square-left,unknown,70
8168.850047947735,4-right,unknown,0
8229.658005635132,1-left,unknown,0
8285.822960801544,5-right,unknown,50
8322.493726373139,2-right,unknown,0
8392.791586423347,4-left,unknown,80
8456.805465588996,1-left,unknown,0
8536.213117566525,5-left,unknown,0
8586.30873719734,slight-right,unknown,70
8621.569021716536,crest,unknown,40
8695.998216147838,1-right,unknown,0
8761.904466376722,6-left,unknown,0
8819.134031758718,6-right,unknown,0
8850.037145753315,3-left,unknown,0
8887.773497834618,slight-right,unknown,0
8925.677262673802,2-left,unknown,60
9001.907207723089,crest,unknown,50
9061.724208455506,4-right,unknown,70
9145.227922540136,crest,unknown,150
9275.44082541031,crest,unknown,50
9426.86850222153,slight-right,unknown,0
9536.820513902143,jump,unknown,0
9609.887793107464,slight-left,caution,0
9678.689593911602,slight-right,unknown,0
9738.20534639878,jump,unknown,0
9825.72510500474,slight-left,unknown,150
9942.855637040577,slight-left,unknown,0
10075.663305116137,crest,unknown,0
10138.76504740282,hp-right,narrow,40
10212.357732263035,slight-left,unknown,50
10249.28043214363,square-left,unknown,100
10357.420439029163,slight-left,unknown,70
10478.928763709495,crest,caution,0
10590.82151620431,1-left,unknown,30
10621.154310565418,crest,unknown,0
10670.005132880624,1-right,unknown,30
10701.135226722176,slight-left,unknown,0
10742.852982478547,square-right,unknown,30
10786.00689614812,6-left,unknown,0
10851.28991852322,jump,unknown,0
10923.034213319199,3-right,unknown,0
10977.277539010418,crest,unknown,40
11040.506085706125,6-right,caution,0
11115.080315595033,crest,unknown,0
11162.80362953699,4-left,unknown,0
11206.015693097474,square-right,unknown,0
11240.092045865416,1-left,unknown,40
11298.9900572685,5-left,unknown,180
11422.83576725996,hp-left,unknown,40
11538.678866739645,square-right,dont-cut,0
11565.949681578046,3-left,unknown,30
11603.211647901899,crest,unknown,60
11642.811334009526,crest,unknown,60
11674.896973677036,3-right,dont-cut,0
11768.16695666348,4-left,unknown,0
11796.397832289098,crest,unknown,40
11838.61874405896,6-left,double-caution,0
11889.583833055856,4-left,unknown,0
11949.769420519238,square-right,dont-cut,40
12031.412489757882,2-left,unknown,30
12095.351944809296,1-right,unknown,0
12156.832230034215,4-left,unknown,0
12235.155106506689,slight-right,caution,0
12301.242450046882,3-right,unknown,0
12349.47399946247,4-left,unknown,50
12408.952206554766,5-left,unknown,0
12493.242854366663,4-right,unknown,0
12540.525895634059,4-left,unknown,0
12570.848730049505,2-right,unknown,0
12606.242778520205,2-left,unknown,30
12634.056773480985,2-right,unknown,0
12682.286993779742,2-left,unknown,0
12735.221373834216,square-right,unknown,30
12778.794945802289,crest,unknown,0
12812.927668170541,3-right,unknown,0
12858.737762927627,5-left,unknown,0
12889.607132606117,4-right,unknown,70
12968.405899047466,5-left,unknown,40
13050.241281203846,3-right,unknown,0
13128.806789531325,bump,unknown,60
13190.615897063823,3-left,caution,0
13280.00098266564,1-left,unknown,0
13382.052770347202,bump,unknown,0
13430.351136569574,6-left,unknown,0
13467.137620753834,2-right,unknown,0
13500.935283298082,bump,unknown,40
13528.353280391282,2-left,unknown,0
13585.685874404484,1-left,unknown,30
13641.513357486307,crest,unknown,0
13684.770919875691,square-right,unknown,60
13746.639916934562,3-left,unknown,0
13838.81667707402,slight-left,unknown,0
13907.657287787986,slight-right,widen,0
13946.08317361791,2-right,unknown,0
13975.155919093679,2-left,unknown,0
14002.580739268857,slight-right,unknown,40
14032.248123969643,6-left,unknown,40
14102.492922248446,1-left,unknown,0
14178.176085376337,2-right,widen,0
14216.37440395314,slight-left,unknown,50
14272.236438712667,6-left,unknown,130
14420.27313028295,2-right,unknown,0
14527.496870364746,crest,unknown,0
14587.18467947599,4-left,unknown,100
14671.304027944765,3-left,unknown,0
14773.824416853147,2-right,unknown,0
14813.989346872537,crest,unknown,0
14840.291346861091,slight-right,unknown,0
14915.175912958359,5-right,unknown,30
14971.881619287718,4-left,unknown,0
15027.958259493116,4-right,unknown,50
15073.892176691299,hp-left,unknown,0
15157.677790113697,3-right,unknown,0
15191.269033075576,3-left,unknown,40
15229.504200636153,3-right,unknown,0
15282.525900999302,2-left,dont-cut,0
15332.444360872489,2-right,bridge,0
15365.715653139334,1-left,unknown,30
15391.15373604415,6-right,widen,0
15439.980452295522,crest,unknown,0
15487.14025412201,4-right,unknown,40
15562.362098070367,2-right,unknown,30
15632.459068857412,2-left,unknown,30
15678.932946211089,6-left,unknown,0
15731.510328928225,4-right,unknown,0
15780.711646295782,square-left,unknown,0
15845.418238359667,square-right,unknown,30
15866.079120784969,slight-left,unknown,0
15907.854648004733,2-right,unknown,0
15939.403616739462,6-left,unknown,0
15960.545013366896,slight-right,unknown,0
15992.912959343163,5-left,unknown,40
16034.994496494495,bump,unknown,0
16108.445712944223,6-right,unknown,0
16150.322144447522,4-left,unknown,30
16187.611914077948,1-right,unknown,0
16282.81879750841,square-right,unknown,0
16294.71482698077,1-left,unknown,0
16322.686410928938,6-left,unknown,40
16360.956889740204,6-right,caution,0
16424.626565872415,2-left,unknown,40
16459.222790313943,1-right,unknown,40
16533.424876600493,square-left,unknown,50
16615.104289976323,crest,unknown,0
16681.702086092206,slight-right,unknown,0
16708.98507969495,square-right,unknown,0
16735.217245317664,4-left,unknown,30
16777.08399055118,4-left,unknown,0
16846.885129581628,2-left,unknown,0
16879.457802482775,1-right,unknown,0
16906.458335605763,1-left,unknown,0
16932.50137759795,4-left,unknown,0
16970.485011564393,slight-right,unknown,0
17020.028387800343,6-left,unknown,0
17097.322039076014,5-left,unknown,0
17137.1466542112,2-left,unknown,0
17178.230142866287,slight-right,unknown,40
17219.452080198425,6-right,unknown,30
17276.459041868347,crest,unknown,0
17338.863155428062,2-right,unknown,0
17369.586437765247,slight-left,unknown,0
17415.724040361565,slight-right,unknown,0
17450.117023893523,2-left,unknown,0
17477.781777502227,4-right,unknown,0
17503.029700494943,1-left,unknown,0
17543.358944269366,square-left,bridge,0
17563.58484309787,5-right,unknown,0
17591.580829693026,water-splash,unknown,0
17618.645490490144,hp-left,widen,0
17637.461436306203,4-right,unknown,0
17660.79595207807,4-left,unknown,0
17685.760540262436,4-right,unknown,30
17708.109528356792,3-right,unknown,0
17746.39567961336,3-left,unknown,40
17774.465424352893,5-right,unknown,0
17877.347957082937,3-right,unknown,30
17908.701831995197,6-left,unknown,0
17959.92439264889,slight-left,unknown,0
17998.653516126826,acute-hp-right,unknown,30
18070.809493738376,slight-right,unknown,140
18241.94328451546,4-left,unknown,50
18346.815674671234,crest,unknown,0
18417.210200256377,jump,unknown,0
18468.04436666874,jump,unknown,0
18512.4620952454,crest,unknown,50
18543.718868087806,crest,unknown,50
18570.116455329924,1-left,unknown,0
18664.858403413153,slight-right,unknown,0
18686.779805447914,2-right,unknown,0
18722.53466527686,square-left,unknown,0
18748.619992024735,hp-right,unknown,0
18794.965413815822,6-left,unknown,0
18831.025250165298,hp-left,unknown,0
18862.517927872967,slight-right,unknown,120
18932.769122931782,4-left,unknown,0
18960.306560189532,crest,unknown,30
19004.666307675656,4-left,unknown,0
19047.270036160764,3-right,unknown,0
19103.555158803298,crest,unknown,0
19134.760939347598,hp-left,unknown,30
19190.353491785376,slight-right,unknown,0
19226.156749384256,crest,unknown,0
19271.471527483285,4-right,unknown,0
19334.43955408318,2-right,unknown,90
19423.933569948513,crest,unknown,0
19494.88653787835,2-left,unknown,40
19524.472948820425,slight-left,unknown,100
19626.81239196999,2-left,unknown,0
19705.578078405695,4-right,unknown,0
19744.55419277412,1-left,unknown,0
19791.605512754744,2-right,unknown,0
19812.11751080738,slight-left,unknown,0
19840.22479492413,crest,unknown,50
19885.91910005794,3-right,unknown,100
20003.037321932206,slight-right,unknown,50
20120.069656031006,2-right,unknown,0
20207.65801933516,4-right,unknown,0
20255.635247347236,slight-left,unknown,0
20306.42759880291,3-left,unknown,90
20420.64681226956,6-left,unknown,0
20506.229402563433,crest,unknown,30
20541.7376993011,square-right,unknown,0
20614.845556633354,crest,unknown,0
20630.406455423705,3-left,unknown,0
20702.87798811186,6-right,unknown,50
20767.41111885297,slight-left,unknown,30
20854.931331484222,4-left,caution,0
20921.328772413643,3-right,unknown,0
20971.564687464146,4-left,unknown,30
21030.677758486167,6-right,unknown,0
21081.031750643127,3-left,unknown,0
21130.767882902503,3-right,unknown,30
21185.824568045013,5-left,unknown,0
21256.68208738555,slight-right,unknown,0
21325.40241258849,crest,unknown,0
21360.279302608848,crest,unknown,0
21422.444922726016,1-right,unknown,0
21460.529690468185,crest,unknown,30
21507.095111610775,2-left,unknown,0
21563.818879768733,2-right,unknown,30
21618.608148720134,square-left,unknown,30
21674.987995903335,slight-left,unknown,0
21723.995474874828,2-right,unknown,0
21753.717922212927,5-left,unknown,0
21792.13064573511,crest,unknown,0
21845.727227918942,6-left,unknown,0
21880.162785703982,1-right,unknown,0
21906.600182096794,1-left,unknown,40
21947.426526291234,crest,caution,0
21988.272823154788,1-right,unknown,0
22043.675309841507,crest,unknown,0
22079.886444904678,3-left,unknown,40
22136.094681656232,3-right,unknown,0
22178.30723237264,1-left,unknown,0
22213.505328237883,4-left,unknown,0
22245.398222143533,4-left,unknown,0
22292.954970171322,crest,unknown,0
22321.29092066037,1-right,unknown,0
22350.689212381712,square-left,unknown,0
22390.939512598383,1-right,unknown,0
22422.787255394294,square-right,dont-cut,0
22446.98751046402,1-left,unknown,30
22475.05196237784,3-left,unknown,0
22522.042373821554,square-right,unknown,0
22548.49430617554,3-left,dont-cut,60
22627.429611341773,3-left,unknown,0
22702.501563265145,acute-hp-left,unknown,0
22708.677223703675,crest,unknown,30
22746.73033513291,crest,unknown,30
22769.056809804253,square-right,unknown,0
22803.295396725942,1-left,unknown,0
22840.973405949873,2-left,unknown,30
22885.922976815513,4-left,unknown,0
22926.695058629324,6-left,unknown,0
22966.50429141741,2-right,unknown,0
23022.761899831094,square-left,unknown,30
23076.954391000116,acute-hp-left,unknown,0
23105.989530217474,5-right,unknown,0
23231.95662221154,3-left,unknown,0
23278.802571985296,crest,unknown,0
23314.49396654324,hp-right,unknown,0
23357.25873132901,3-left,unknown,0
23377.23008958058,3-right,unknown,30
23432.214740726504,crest,unknown,0
23499.997202684408,6-left,unknown,0
23537.494065086405,2-left,unknown,30
23605.352470008896,crest,unknown,0
23645.379018690142,slight-left,unknown,30
23675.117204534567,hp-right,unknown,0
23725.856770364793,3-left,unknown,0
23773.494369117783,crest,unknown,0
23811.63068555074,6-left,unknown,0
23848.227341653874,2-right,unknown,40
23881.24229240611,3-left,unknown,0
23980.44142957882,crest,unknown,30
24035.4820260449,4-right,unknown,30
24082.604085657185,crest,unknown,0
24131.703447286658,4-right,unknown,40
24205.927440149375,5-right,dont-cut,0
24292.707261411735,3-left,unknown,30
24343.129969465306,crest,unknown,30
24398.8555499287,crest,unknown,0
24440.228461343813,slight-right,unknown,40
24492.192922460603,slight-left,unknown,0
24500.0,finish,unknown,0