0,slight-left,unknown,80
350.1477931690218,6-right,unknown,60
656.4897993946073,1-right,unknown,70
816.7450777648103,slight-left,unknown,0
884.1461827681665,slight-right,unknown,250
1105.2519345687028,4-left,cut,0
1257.7763224623793,6-right,unknown,0
1315.6710080931784,slight-left,unknown,70
1376.2653276274796,4-right,unknown,0
1498.3033734725107,5-right,unknown,30
1561.1514784453498,3-left,unknown,80
1652.0026889632327,2-right,unknown,30
1762.0524327681642,2-left,unknown,0
1843.28365194541,5-right,unknown,80
1903.2795773528203,2-left,unknown,40
1999.1263633177855,2-right,unknown,0
2096.3807983229754,6-right,unknown,200
2285.416602575603,slight-right,unknown,100
2412.6870405028462,5-right,unknown,80
2546.782166387854,1-left,unknown,30
2675.593762800509,3-right,unknown,0
2725.7914834425983,4-left,unknown,0
2791.8744470809083,5-right,unknown,70
2870.5883500502673,3-right,unknown,0
2982.5961755583867,4-left,unknown,60
3035.9487525008317,3-right,unknown,40
3133.039574949563,6-left,unknown,0
3214.856354696573,3-left,unknown,0
3270.5498441527498,3-right,unknown,120
3337.1256608031404,crest,unknown,0
3448.1044135115753,hp-right,unknown,50
3526.772129976574,crest,unknown,50
3577.6107429717217,6-left,unknown,70
3654.157094671549,slight-right,unknown,60
3777.492112638774,6-left,unknown,0
3864.1795741484784,2-left,unknown,0
3950.755368559187,6-right,unknown,0
4053.2853950331864,3-left,unknown,0
4127.4377593825575,4-right,unknown,30
4167.919888326954,6-left,caution,0
4242.396230413744,2-left,unknown,130
4391.060469286274,1-right,unknown,30
4537.744482614829,5-left,unknown,0
4604.579192507098,3-left,unknown,60
4699.773367121047,crest,unknown,60
4737.677782099074,crest,unknown,60
4783.517377321541,3-right,unknown,30
4855.317720491707,4-left,unknown,90
4925.8724293540145,6-left,unknown,40
5046.676998979876,4-right,unknown,70
5130.058278696366,4-left,unknown,50
5255.2261467002145,slight-right,unknown,80
5394.476917307214,slight-right,unknown,70
5532.734793627097,1-right,unknown,30
5629.654408457107,4-right,unknown,50
5696.562661974262,3-left,unknown,70
5828.752312547997,4-left,unknown,120
6021.68386484367,4-left,unknown,60
6124.393960935894,5-left,unknown,0
6220.640342809981,6-right,unknown,90
6281.663232405016,crest,unknown,0
6324.842525617903,crest,unknown,0
6405.206168501204,4-right,dont-cut,180
6614.654322187722,crest,unknown,40
6757.100907690343,3-right,dont-cut,0
6841.024414160068,4-left,unknown,100
6935.313747465416,2-right,unknown,30
7041.246113264372,4-left,unknown,80
7122.801363851835,slight-right,unknown,0
7221.444350340178,slight-left,unknown,60
7282.751956960963,5-right,unknown,50
7349.5827565978025,crest,unknown,40
7530.504001447961,6-right,unknown,40
7623.796318819324,5-left,dont-cut,0
7728.924180567063,5-right,unknown,0
7840.858644830981,6-left,dont-cut,40
7935.050250589648,4-right,caution,0
8043.754392893114,3-right,unknown,120
8133.249963075903,1-left,unknown,30
8219.412746240889,6-right,unknown,40
8276.974212457926,3-left,unknown,170
8461.200175592669,4-right,caution,0
8574.898218843708,2-right,unknown,40
8662.657107431647,slight-left,unknown,100
8754.236347715612,slight-left,unknown,0
8870.77297491289,6-left,dont-cut,60
8964.58398637987,crest,unknown,0
9002.500100652944,crest,unknown,0
9072.81013906695,3-left,unknown,50
9130.738913442878,5-right,caution,0
9207.044869940068,hp-right,unknown,30
9290.931704351691,4-left,unknown,0
9361.627684862395,6-right,unknown,180
9662.292422811748,4-left,unknown,50
9816.111485998392,4-right,unknown,0
9916.292975179904,6-left,unknown,0
10028.568291799775,crest,unknown,90
10166.992707502588,3-left,unknown,40
10276.673116247392,1-right,unknown,0
10358.574072134226,6-right,unknown,100
10428.19736845229,6-right,unknown,110
10544.61985933517,4-left,unknown,70
10682.230636732329,5-left,unknown,40
10798.969584600682,slight-right,unknown,50
10903.258532011261,5-left,unknown,90
10989.334662687535,3-right,unknown,80
11217.328570406185,2-left,dont-cut,50
11276.810094358665,2-right,unknown,50
11371.201381876199,1-left,unknown,30
11459.823306772445,3-right,bridge,50
11630.696135225122,2-left,unknown,130
11825.08097912115,slight-right,unknown,70
11890.076216948453,crest,caution,0
11972.795977232876,4-right,unknown,0
12058.673787749247,slight-right,unknown,60
12164.728223555521,6-left,unknown,50
12287.757834113076,5-right,unknown,60
12385.918605864486,1-left,unknown,0
12509.612183707206,6-left,unknown,40
12658.631132719962,6-right,unknown,0
12780.846581900556,5-left,unknown,100
12882.931837981183,4-right,unknown,40
13041.753459799727,3-left,unknown,0
13156.854674323047,6-left,bridge,50
13248.396502592996,4-right,unknown,100
13424.934628012628,5-right,unknown,60
13539.157398970581,5-left,unknown,0
13682.35075696275,3-left,unknown,30
13725.844126866314,2-right,unknown,60
13786.61850934313,3-left,dont-cut,50
13879.545172970746,3-right,unknown,0
13957.689707997299,2-left,unknown,30
14027.209355748157,square-right,unknown,80
14162.442690747246,2-left,dont-cut,30
14240.31971648501,3-right,unknown,0
14320.415604699128,1-left,unknown,60
14359.739337304107,4-right,unknown,0
14435.774729531275,4-left,unknown,90
14506.4679437189,2-right,unknown,60
14581.905792458536,2-right,unknown,60
14709.17179939712,2-left,unknown,70
14810.088072590477,4-right,unknown,90
14939.351919483794,6-left,unknown,100
15039.694257092124,6-left,unknown,40
15160.53302082503,5-right,unknown,0
15256.734971089007,3-right,unknown,50
15365.139601025232,4-right,unknown,0
15444.43081757034,6-left,unknown,50
15498.669393581997,6-right,unknown,0
15563.786844792015,hp-left,unknown,40
15651.416941399224,5-right,unknown,70
15734.607488293297,5-left,unknown,0
15826.60541424238,3-right,dont-cut,0
15880.915077747932,5-left,unknown,80
15944.170523228284,2-right,unknown,80
16095.239335827471,1-right,unknown,0
16168.694422554612,5-right,unknown,0
16237.09473421539,slight-left,unknown,0
16293.847824654236,hp-left,unknown,30
16335.187627167332,slight-right,unknown,0
16388.422098755473,3-left,unknown,30
16428.370193733812,2-right,unknown,90
16521.187486176106,4-left,unknown,50
16615.55806196649,3-right,dont-cut,60
16726.36925108392,6-left,unknown,0
16855.610237583707,2-left,unknown,0
16900.68438717324,4-left,unknown,70
17057.76853370866,5-right,dont-cut,70
17133.20322990616,slight-right,unknown,50
17279.334461290448,4-left,narrow,0
17428.8564834615,hp-right,unknown,0
17505.828848030193,5-right,unknown,70
17557.39371492587,5-left,unknown,0
17659.351057226304,4-left,unknown,130
17826.405445348846,1-right,unknown,240
18088.880510885305,5-right,unknown,40
18218.46522230346,4-right,unknown,0
18277.60951257902,hp-left,unknown,50
18360.525329782555,6-left,unknown,120
18449.672499525146,5-left,unknown,40
18559.378939458904,hp-right,unknown,60
18722.623847772662,slight-left,unknown,70
18777.79794134337,4-right,unknown,50
18860.011922704754,slight-right,unknown,0
18965.57893644529,hp-left,unknown,130
19176.431646520683,6-left,unknown,60
19265.754491750788,5-left,unknown,70
19354.744193746646,6-left,unknown,60
19466.706005613396,slight-right,unknown,0
19561.775914442147,hp-right,unknown,190
19711.166271640843,4-right,unknown,60
19993.023046180795,slight-left,unknown,0
20076.68160178382,6-right,unknown,0
20179.18074332436,6-left,unknown,50
20235.137345611656,hp-right,unknown,40
20332.862746975014,6-left,unknown,0
20392.9950072976,slight-right,unknown,100
20588.90670800407,4-right,unknown,0
20754.806491710744,4-left,unknown,0
20810.63123948297,2-right,unknown,0
20867.503376018623,4-left,unknown,0
20909.12560685356,6-right,unknown,90
20955.599837963186,hp-left,unknown,50
21090.503051941003,4-left,unknown,40
21150.756840564827,3-right,unknown,0
21217.805275318246,4-left,unknown,0
21266.814132778258,3-right,dont-cut,0
21345.54409280027,3-left,unknown,160
21493.980752098254,hp-right,unknown,50
21649.211186821132,5-left,unknown,40
21701.93396529404,3-right,unknown,50
21793.021909973293,6-left,unknown,200
21983.176494590905,slight-right,unknown,0
22133.984218780657,hp-left,unknown,60
22224.24801144802,4-right,cut,0
22287.38609551631,slight-left,unknown,0
22342.780632335765,6-right,unknown,0
22400.01814278803,4-left,unknown,0
22469.98957574092,hp-right,unknown,70
22577.986946575264,4-left,dont-cut,60
22648.070755416953,2-left,unknown,40
22729.22721396645,3-right,unknown,0
22803.496297561716,6-right,unknown,40
22875.055731384342,slight-left,unknown,0
22945.654656021194,2-right,unknown,0
22995.476309616173,hp-left,unknown,0
23045.306978504286,4-left,unknown,0
23099.15370900355,5-right,unknown,80
23154.191778614164,slight-left,unknown,30
23268.137903034312,hp-right,unknown,0
23333.783866493337,slight-left,unknown,30
23399.292222721208,hp-left,unknown,0
23471.177482959843,6-right,unknown,0
23545.553329898932,slight-left,unknown,0
23607.62774148186,hp-right,unknown,30
23689.287037193404,slight-right,unknown,120
23774.353054744835,1-left,dont-cut,0
23916.815012428397,5-right,dont-cut,0
23970.167921173193,5-left,unknown,50
24017.86789733133,slight-right,unknown,0
24088.191258384802,6-right,unknown,50
24226.69569091043,hp-left,unknown,0
24330.357828323456,5-left,unknown,60
24407.921107151124,slight-left,unknown,80
24491.61464326107,6-right,unknown,80
24583.042540599945,1-right,unknown,30
24696.55004681789,slight-left,unknown,150
24832.256896850697,5-right,unknown,100
24953.826055328467,5-left,dont-cut,40
25094.487868454067,4-right,unknown,50
25213.454764244147,6-left,unknown,200
25410.75861146172,slight-right,unknown,0
25536.538095180582,finish,unknown,0
