0,straight,unknown,60
4.7938971424102785,slight-right,unknown,100
83.77415509223938,slight-left,dont-cut,80
203.19031453132618,crest,caution,0
290.93903763771056,crest,caution,0
343.261375055313,slight-left,unknown,0
413.78489605903604,hp-left,dont-cut,0
465.584551000595,3-right,cut,0
512.9580100536349,slight-left,unknown,200
652.8294219875332,slight-right,unknown,0
789.8224782848354,slight-left,unknown,100
865.0162153911584,crest,unknown,0
947.7084950542454,crest,unknown,0
988.9421832561495,dip,unknown,120
1047.3825569438934,dip,unknown,120
1129.311280813217,slight-left,unknown,50
1192.0193821334824,slight-right,unknown,30
1279.3581572723388,hp-left,dont-cut,0
1323.2652269363405,slight-right,unknown,70
1389.7248703861242,1-right,unknown,70
1502.9404082202918,hp-left,dont-cut,0
1560.9042719173422,1-right,dont-cut,0
1607.2250020599354,bridge,widen,0
1622.2165378189077,square-left,dont-cut,40
1645.8487696552263,4-left,cut,0
1694.3200832176196,3-right,unknown,60
1770.1809377861011,6-right,unknown,0
1841.7165432357754,6-right,unknown,0
1897.178719495382,4-left,unknown,50
1937.2932092414749,4-right,unknown,0
2016.3392474113352,3-right,unknown,120
2138.0499768196005,crest,caution,0
2187.33485650405,crest,caution,0
2240.6426408134375,3-right,unknown,0
2301.9398550544656,slight-left,unknown,0
2360.6133363853382,crest,unknown,80
2412.8717745719873,3-right,unknown,30
2477.136088594051,2-left,dont-cut,60
2533.731380876155,crest,unknown,0
2596.051782830807,slight-right,unknown,0
2649.1225434814396,crest,unknown,140
2768.8582454238854,bump,unknown,0
2804.822113908384,bump,unknown,0
2844.1071499954205,crest,dont-cut,60
2908.0986879287675,crest,unknown,100
2949.8768528305013,crest,unknown,100
2980.633501313778,hp-left,unknown,0
3148.3957975326525,slight-right,unknown,80
3214.8438490997332,slight-left,unknown,0
3282.7040774856587,bump,unknown,0
3336.346873086549,bump,unknown,0
3365.305441850283,slight-right,unknown,50
3426.6693223892207,1-right,unknown,70
3539.3039587150574,6-left,dont-cut,70
3618.1213992057815,5-right,unknown,40
3763.72144044266,6-left,unknown,30
3913.440918058015,5-left,unknown,40
3997.313145803071,crest,caution,0
4049.81610398636,4-left,unknown,0
4113.020974324798,crest,unknown,50
4145.469605191803,crest,unknown,50
4165.767659162141,hp-left,unknown,30
4218.61467568741,hp-right,unknown,0
4265.39376227722,slight-left,unknown,50
4320.282095006554,slight-right,unknown,90
4424.825192121123,crest,unknown,140
4524.491927007294,crest,unknown,140
4587.227193959807,crest,unknown,0
4663.42930409774,crest,unknown,0
4705.526740621174,slight-right,unknown,0
4788.769836324296,crest,unknown,160
4883.397698873127,bump,unknown,0
4940.996927999105,bump,unknown,0
5044.572140706621,5-left,unknown,80
5111.788009389482,slight-right,unknown,40
5216.987041066731,6-left,caution,60
5338.669657338706,6-left,caution,0
5449.3006132255505,6-right,bridge,0
5521.9971367011985,2-left,unknown,50
5619.69334840164,6-right,unknown,0
5679.319669087979,slight-left,dont-cut,0
5735.412934850308,5-right,unknown,90
5824.379859212493,6-left,unknown,140
5982.7767626701325,6-left,unknown,0
6125.9823728309575,5-right,unknown,0
6204.096836255633,4-left,unknown,0
6253.823426107016,6-right,unknown,80
6354.494722188558,slight-right,unknown,0
6475.337242406453,6-left,unknown,0
6542.645747998796,6-right,unknown,40
6605.8187475715495,slight-left,dont-cut,0
6717.262330640396,crest,unknown,40
6796.998722852311,4-right,unknown,30
6860.931122220596,4-left,unknown,90
6921.613225034316,crest,unknown,60
7017.91031533583,crest,unknown,60
7038.017744153578,4-right,unknown,40
7138.089450315078,slight-left,unknown,100
7361.825872663096,slight-left,unknown,90
7509.551075872021,4-right,unknown,0
7619.9246240363855,4-left,unknown,70
7676.890125707223,4-right,unknown,60
7792.50920148237,6-left,unknown,0
7887.7184381232955,slight-right,unknown,0
8012.894223760197,3-right,unknown,0
8057.323401311472,1-right,unknown,0
8100.372982133465,square-left,unknown,40
8132.95062304838,6-right,widen,0
8189.3642785583315,slight-left,unknown,80
8293.873962892136,6-right,unknown,50
8445.08671389921,crest,caution,0
8591.929349816872,4-left,unknown,30
8653.638568376138,6-left,unknown,0
8718.38599246366,6-right,unknown,0
8781.143836396765,5-left,unknown,0
8871.336410096721,5-right,unknown,80
8932.16529227598,crest,caution,0
9028.923158258034,3-right,unknown,0
9086.843902619907,6-left,unknown,70
9135.324580415323,5-left,unknown,100
9212.629450105267,bump,caution,0
9281.889157556137,bump,caution,0
9332.256604112228,bump,caution,0
9345.44401931151,1-right,unknown,70
9392.479049409476,hp-left,widen,60
9510.297053884124,3-right,caution,0
9577.604661840045,bridge,unknown,60
9603.971125577535,square-right,unknown,0
9670.044966386406,3-right,widen,0
9691.81128545151,slight-left,unknown,30
9724.786500123604,3-left,unknown,0
9773.230173143023,slight-right,widen,0
9820.40335669863,slight-left,unknown,0
9917.160125192273,5-right,unknown,40
10098.372233766187,crest,unknown,0
10136.554897760023,5-left,unknown,40
10211.222318757633,6-right,unknown,0
10496.252140229815,crest,unknown,80
10577.577698892233,1-right,dont-cut,50
10669.329434541338,2-left,unknown,60
10828.342520982826,crest,caution,0
10841.616664964762,2-right,dont-cut,0
10880.19818998536,3-left,unknown,30
10927.074838468629,5-right,unknown,0
10977.458429243154,4-left,unknown,70
11112.359186117232,4-right,unknown,0
11213.028771116322,3-left,unknown,0
11283.924215948173,4-right,dont-cut,0
11371.270485364974,slight-left,unknown,0
11422.508346998287,crest,unknown,0
11479.440675298765,4-right,unknown,70
11537.481863958428,5-left,unknown,60
11662.956656477045,crest,unknown,0
11715.580823652328,crest,unknown,0
11743.036996175819,4-left,unknown,0
11804.358441259445,5-right,unknown,40
11890.318333379802,2-right,unknown,60
11997.602754723614,2-left,unknown,0
12072.789850422916,crest,unknown,0
12112.947138421116,3-right,unknown,0
12157.132074906396,5-left,unknown,0
12223.59035459237,6-right,unknown,0
12270.999020707173,5-left,unknown,40
12353.77807435707,crest,unknown,0
12426.514271866832,6-right,unknown,0
12485.656437851936,6-left,unknown,0
12544.339656464612,4-right,unknown,0
12598.604093453456,4-left,unknown,0
12675.773200623555,4-left,unknown,0
12795.386299904705,4-right,unknown,70
12879.899197358003,slight-left,unknown,0
13049.038816574912,5-left,unknown,130
13256.569405793052,2-left,unknown,60
13420.036664704196,4-right,unknown,0
13489.702152031767,6-left,unknown,40
13532.455579613557,3-right,unknown,30
13576.434276322243,6-left,bridge,0
13683.771886910316,5-left,unknown,0
13780.749899987086,2-right,widen,0
13837.24545439611,4-left,widen,0
13868.179470166067,5-right,cut,0
13906.873059014173,5-left,unknown,0
13967.61943135151,6-right,unknown,100
14025.901486786692,slight-left,caution,0
14138.111289681281,2-left,unknown,30
14215.357124337042,5-left,unknown,0
14273.22374409564,bump,unknown,0
14321.718699196656,5-right,unknown,0
14370.09397263416,6-left,unknown,0
14440.58394650349,6-right,unknown,50
14508.577509354436,hp-right,unknown,0
14587.984123772465,slight-left,unknown,0
14635.700214432556,5-left,unknown,0
14679.699317253902,5-right,unknown,0
14728.968562859367,5-left,unknown,30
14796.924709099581,5-right,unknown,0
14891.355521706399,3-left,unknown,0
14962.110526036086,square-left,unknown,60
15002.222534865203,3-left,unknown,50
15048.962145794689,1-right,dont-cut,0
15113.986475189979,square-right,unknown,0
15143.245922440346,5-left,widen,0
15179.931869667818,5-right,dont-cut,0
15217.38467665559,3-left,widen,0
15293.60929079896,4-right,dont-cut,0
15340.420148266609,slight-left,unknown,0
15390.110739735428,4-right,unknown,0
15441.662902897668,5-left,unknown,0
15490.562317646813,5-right,unknown,0
15533.805580967732,3-left,unknown,40
15569.636286610432,2-left,unknown,0
15604.80013260729,6-right,unknown,70
15708.866654137431,4-left,caution,0
15828.413673218547,6-right,unknown,60
15896.529566201025,2-left,unknown,0
16009.873110359958,slight-right,unknown,0
16061.115047634888,slight-left,unknown,40
16099.348195065293,5-right,unknown,0
16172.052313297985,6-left,caution,40
16273.636979206809,1-right,unknown,0
16324.97786063075,bridge,widen,0
16372.727796524763,5-right,caution,50
16409.83874613642,3-left,unknown,0
16462.715367802375,6-right,dont-cut,0
16535.03756628872,slight-left,unknown,0
16584.002923802167,2-left,unknown,0
16631.74987490538,4-right,unknown,80
16743.870703495795,3-left,unknown,30
16836.451518658432,4-right,dont-cut,40
16916.497288731367,6-right,dont-cut,40
16994.660666226162,1-left,unknown,60
17131.46566643596,4-right,dont-cut,90
17280.10453709484,2-left,unknown,0
17381.072155236016,slight-left,unknown,140
17526.590927036978,4-right,unknown,40
17642.134353283604,6-right,widen,0
17704.083756169057,5-right,unknown,160
17879.058260601752,5-right,unknown,60
18010.023182514884,2-left,unknown,100
18154.03031296611,5-right,unknown,40
18224.52403736951,3-right,unknown,0
18298.671184662613,slight-left,unknown,0
18334.872141407763,3-left,widen,0
18373.596701306124,slight-left,unknown,0
18423.937185696388,slight-right,unknown,0
18516.842479466246,6-right,widen,50
18574.725354679853,4-right,unknown,0
18650.131923512246,slight-left,unknown,130
18712.017490566966,3-left,unknown,0
18838.18322893977,slight-right,unknown,0
18885.524284352065,5-left,unknown,0
18936.77181830287,slight-right,widen,80
18988.280803173777,5-right,unknown,0
19046.594342488053,slight-left,caution,60
19114.84751810909,3-left,unknown,80
19240.872794941675,5-right,unknown,50
19330.999165104662,5-right,caution,0
19411.70485506895,5-left,widen,0
19472.779845532204,5-right,widen,0
19526.077126339707,5-right,unknown,0
19577.02085299377,1-right,dont-cut,0
19673.610562504582,2-left,unknown,50
19710.127408646407,slight-left,caution,0
19762.415785893256,1-left,dont-cut,40
19807.692173184205,3-left,unknown,60
19868.668139714024,3-right,unknown,0
19947.005860470552,6-left,unknown,0
19996.040605305432,slight-right,unknown,0
20054.002982052574,5-right,unknown,0
20119.13508635403,slight-left,unknown,0
20201.180292195102,4-right,unknown,0
20250.304074009688,slight-left,unknown,50
20296.55174097898,2-left,unknown,90
20409.27554308777,6-right,unknown,50
20574.13505347141,4-right,unknown,50
20723.705720700123,5-left,unknown,50
20869.878941601644,5-left,unknown,40
20981.552600087045,4-right,unknown,0
21057.580275563127,5-left,widen,0
21119.403310192938,5-right,unknown,300
21350.578897084113,slight-left,caution,0
21491.48444952856,4-left,unknown,70
21620.127744892925,6-right,dont-cut,50
21775.983923405474,5-left,unknown,40
21919.479621075447,3-left,unknown,0
21994.344142712413,4-right,dont-cut,0
22043.737349766554,6-left,unknown,300
22281.42581927187,5-left,unknown,0
22434.58955496679,4-right,widen,100
22490.940682629433,6-right,unknown,0
22598.895357045007,3-right,dont-cut,30
22646.416004628016,slight-left,caution,0
22709.53338602906,1-left,unknown,0
22747.03547507174,4-left,unknown,0
22799.366071671317,6-right,dont-cut,120
22872.270326126883,6-right,dont-cut,0
22977.951671799477,6-left,unknown,70
23052.086929329696,5-right,unknown,40
23171.097228325674,5-left,unknown,30
23292.794437989054,1-right,unknown,0
23383.579058770014,bridge,unknown,40
23407.098671616375,square-left,unknown,60
23462.866153200906,3-right,unknown,0
23533.56933065298,6-left,unknown,50
23621.429589899766,4-left,dont-cut,0
23726.114361590156,5-right,unknown,30
23819.49858739735,6-left,dont-cut,0
23887.3338081539,slight-right,unknown,80
23942.642842272555,slight-left,unknown,40
24024.997930582773,slight-right,unknown,140
24132.03118928793,slight-left,cut,150
24283.695858591815,left-entry-chicane,unknown,70
24519.950269240133,3-right,caution,0
24612.931108626148,bridge,unknown,0
24644.31762069585,2-left,dont-cut,250
24964.323604086665,slight-left,unknown,200
25168.980951308036,slight-right,unknown,80
25344.13513091927,slight-right,unknown,0
25446.4878595722,slight-left,unknown,250
25692.921439665613,6-left,unknown,170
25904.32629852184,4-right,caution,220
26201.536847876352,right-entry-chicane,unknown,0
26307.479113615806,4-left,cut,100
26405.385450924674,1-left,unknown,0
26507.25292117001,6-right,unknown,0
26674.937410610975,square-right,dont-cut,0
26779.573212193307,square-right,dont-cut,0
26793.28732560043,crest,unknown,30
26824.816002405943,square-left,dont-cut,0
26860.832132567222,4-right,cut,0
26901.23663596992,6-left,widen,120
26992.829044188296,slight-left,unknown,0
27331.128177374656,crest,unknown,190
27571.282075728257,6-left,unknown,70
27631.55804511913,5-right,unknown,0
27731.554181288575,slight-left,unknown,70
27807.779646262017,6-right,unknown,0
27918.357371863196,4-left,unknown,0
27973.06547637827,1-right,cut,0
28029.372053870058,acute-hp-left,unknown,30
28097.6903408787,2-left,widen,0
28152.165456196988,6-right,unknown,80
28202.309154431554,3-right,unknown,40
28297.010479962577,crest,unknown,30
28328.362579915254,crest,unknown,30
28358.158021542764,2-right,unknown,100
28447.49150695538,crest,unknown,0
28529.435493809928,5-left,unknown,70
28579.883193700072,1-left,unknown,80
28751.127197930622,2-right,unknown,100
28805.14383556111,2-right,unknown,100
28888.53240480166,1-left,unknown,40
28983.839179532348,5-right,unknown,70
29049.751682984657,5-left,unknown,0
29153.71894689305,finish,unknown,0
