0,straight,unknown,40
0,1-left,unknown,50
61.02392013549806,1-right,unknown,70
154.6397297573089,hp-left,unknown,0
224.31485888481123,crest,unknown,40
251.9848592472077,4-left,unknown,0
299.476489458084,hp-right,unknown,40
360.14538116455026,4-right,unknown,0
403.40069644927934,4-left,unknown,0
444.19031768798794,4-right,unknown,0
500.8827266693111,crest,unknown,30
537.8842620086666,3-left,unknown,0
582.2416185951224,hp-left,unknown,0
634.9722592544543,4-right,unknown,0
684.7155331611614,bump,unknown,50
713.2120205879189,6-left,unknown,0
774.8549368095382,4-right,unknown,0
814.0112644004809,4-right,unknown,40
856.2678590774524,1-right,unknown,30
905.0721243095389,3-right,dont-cut,0
956.9478645610801,crest,unknown,30
982.7293600177758,square-left,dont-cut,30
1023.2461709499356,4-right,unknown,0
1086.5950001716624,3-left,dont-cut,0
1124.6846084785468,square-right,unknown,0
1167.3749271774302,4-left,unknown,0
1198.5446207904831,crest,unknown,0
1236.8236778736127,1-right,dont-cut,0
1267.0495492076893,crest,unknown,0
1286.640962524415,3-left,unknown,30
1308.7849264335641,2-right,unknown,0
1366.6893027496353,5-right,unknown,30
1400.2494166564952,hp-left,unknown,0
1445.1019674491881,6-right,widen,0
1482.5703035640722,5-left,unknown,0
1536.642849264145,4-right,unknown,0
1579.6720063495648,4-left,unknown,40
1627.7658169460308,crest,caution,40
1694.9574707698835,square-right,unknown,0
1739.7813970851907,1-right,unknown,30
1770.345347328186,slight-left,unknown,0
1821.6490377807625,5-left,unknown,40
1876.5573243713382,6-right,unknown,0
1933.9460494995117,6-left,unknown,0
1966.916371631622,5-left,unknown,0
2015.5842694282526,4-right,unknown,70
2080.020288162231,1-left,unknown,100
2187.1859217643723,jump,unknown,70
2240.9851571083054,jump,unknown,70
2254.091570911406,3-right,unknown,0
2324.1013732337924,4-left,unknown,30
2359.860527820585,crest,unknown,0
2437.798700466154,5-right,unknown,60
2486.009844226837,6-left,unknown,0
2575.274523372653,3-left,unknown,0
2655.280705242161,crest,unknown,0
2689.436004772191,3-right,unknown,0
2719.241780929573,1-left,unknown,0
2745.6180889511156,5-left,unknown,30
2773.644511241918,3-right,unknown,90
2881.117173347478,5-left,unknown,80
2970.557171783452,hp-right,unknown,70
3107.298960056311,6-right,unknown,50
3167.7562147903527,4-left,unknown,0
3243.243790016182,6-left,unknown,40
3315.49655982972,6-right,caution,0
3378.7719660186813,4-right,unknown,0
3463.9219241333026,crest,unknown,0
3555.322510795597,6-left,unknown,0
3618.477752914432,crest,unknown,0
3649.685147743227,1-left,unknown,30
3674.185658283236,1-right,unknown,60
3752.749569416048,5-right,unknown,0
3813.5546844482424,3-left,unknown,170
3990.682185020442,6-right,unknown,0
4113.170050430294,jump,unknown,110
4188.756559104914,3-left,unknown,40
4354.924000720968,4-right,unknown,0
4433.006349487293,slight-left,unknown,120
4554.079971923819,slight-left,unknown,0
4669.577308578486,3-right,unknown,30
4709.747451438892,hp-left,unknown,120
4836.173682737341,4-right,unknown,0
4928.492435483923,crest,unknown,50
4982.564572572704,crest,unknown,0
5036.740892362594,slight-left,unknown,0
5120.831439046865,3-right,unknown,0
5255.039293870924,crest,unknown,0
5309.651350221639,6-left,unknown,0
5352.026417665484,crest,unknown,0
5393.083986711502,5-left,unknown,80
5439.0463910388935,jump,unknown,90
5541.335558366774,crest,unknown,40
5617.717582101819,1-left,unknown,40
5711.1945691967,2-right,unknown,50
5758.934629144669,1-left,dont-cut,30
5832.928700036998,1-right,unknown,0
5905.998186769472,6-right,unknown,0
5963.359730043399,5-left,dont-cut,0
6008.462922906863,2-right,unknown,80
6103.616484212866,crest,unknown,60
6165.563083639137,5-left,unknown,30
6255.25171286582,crest,unknown,100
6314.044329252234,6-right,unknown,0
6424.682229452126,6-left,caution,70
6505.797524099342,jump,unknown,60
6609.281794004435,crest,unknown,40
6692.595593519202,2-left,unknown,0
6742.6933024120235,4-right,unknown,30
6807.038000326148,slight-left,unknown,0
6861.99722979545,slight-right,unknown,0
6915.047573347088,hp-left,unknown,50
6966.649507665628,slight-right,unknown,50
7052.555777192109,5-left,unknown,30
7150.424109787939,3-left,unknown,0
7213.142529282566,bump,unknown,0
7249.654170441624,6-right,unknown,50
7315.45475782871,square-right,unknown,0
7404.320883622162,3-left,unknown,50
7454.8102627897215,4-right,unknown,0
7517.885912718765,slight-left,unknown,30
7552.24466950893,square-left,unknown,30
7593.494009032244,crest,unknown,0
7649.331616568557,3-right,unknown,0
7693.680671896924,crest,unknown,0
7748.406877322188,slight-left,unknown,30
7814.80615115642,4-right,unknown,60
7863.288163447372,6-right,unknown,0
7958.544109644882,4-left,unknown,0
8039.788378252984,5-right,unknown,0
8092.229741339686,slight-left,unknown,0
8180.02995967389,6-right,unknown,0
8293.837637362496,slight-left,unknown,140
8391.37776042463,jump,unknown,70
8511.115038294802,slight-right,unknown,0
8597.020745768548,6-left,unknown,50
8644.616333956728,hp-right,unknown,0
8702.465969920164,4-left,unknown,50
8779.333880753515,acute-hp-right,unknown,0
8856.865037446009,6-right,unknown,0
8902.317042031282,slight-left,unknown,0
8942.031394581796,slight-right,unknown,0
8988.881503567693,crest,unknown,30
9035.110115857116,5-left,narrow,40
9120.96766571522,5-right,unknown,0
9214.169035458563,5-left,unknown,50
9253.55720760822,square-right,unknown,30
9315.989238181117,square-left,unknown,0
9357.09911640645,4-right,dont-cut,0
9394.891102156658,square-left,unknown,30
9421.31130080702,3-left,dont-cut,0
9458.53405136588,3-right,unknown,0
9499.329928956056,5-left,dont-cut,30
9545.553830876377,4-right,dont-cut,0
9587.990273137122,3-left,unknown,40
9638.183368802089,1-right,unknown,0
9700.1673293543,crest,unknown,0
9730.769663796444,2-left,unknown,0
9763.327793087983,3-right,unknown,90
9911.444815678613,slight-right,unknown,40
10000.162715229999,6-left,unknown,0
10085.735418591517,5-right,unknown,0
10159.919326024083,crest,unknown,0
10236.374503045101,3-left,unknown,40
10274.561397385623,3-right,unknown,30
10346.049102501898,1-left,unknown,0
10404.488214039826,2-right,unknown,0
10448.366390576388,crest,unknown,0
10510.507347302457,6-left,unknown,0
10547.030968213101,2-right,cut,0
10582.55038441183,3-left,unknown,0
10639.692570157064,bump,unknown,0
10685.928178029073,4-left,cut,30
10728.30942604543,3-right,unknown,0
10782.528531594275,5-left,unknown,40
10814.46288464069,5-right,unknown,50
10886.978236889836,6-left,unknown,90
10970.869451413151,slight-left,unknown,50
11075.500113911621,5-left,unknown,0
11156.737410435664,crest,unknown,0
11219.838658833487,4-right,unknown,50
11256.592362332327,6-left,unknown,0
11339.654833683955,5-right,unknown,0
11387.466258244496,4-left,unknown,0
11439.108923077565,4-right,unknown,0
11474.42151447771,acute-hp-right,caution,0
11516.335642285323,4-right,unknown,0
11539.109183030108,5-right,dont-cut,50
11597.636405529955,3-left,caution,40
11679.920263752902,slight-right,unknown,0
11760.497487225502,slight-left,unknown,90
11811.29025063034,1-right,unknown,30
11903.1525372171,4-right,unknown,0
11949.738853325809,slight-left,unknown,40
11993.111095757444,5-right,unknown,0
12043.894366955721,3-left,unknown,0
12077.239565796808,crest,unknown,50
12115.530327706281,3-right,unknown,0
12174.790931496571,crest,unknown,0
12209.546579079568,4-left,unknown,30
12246.301057572298,3-left,unknown,0
12286.423970818445,3-right,dont-cut,90
12361.812239804203,5-right,unknown,0
12444.861194386425,6-left,unknown,0
12481.42808678144,5-right,unknown,0
12515.87367054998,slight-left,unknown,0
12550.957660303713,4-right,unknown,0
12589.243994322422,slight-left,unknown,0
12622.735128889684,crest,unknown,60
12673.051386614452,slight-right,unknown,0
12743.136559477474,jump,unknown,100
12796.973110457073,acute-hp-left,unknown,0
12883.342677565222,6-right,unknown,0
12923.13812594474,square-right,unknown,0
12959.883811445832,crest,unknown,0
12989.084184904688,4-left,unknown,0
13019.082286520596,4-right,unknown,0
13061.61377718985,3-left,unknown,0
13102.667940092688,crest,unknown,30
13135.346714888212,square-right,unknown,0
13175.069166803942,slight-left,unknown,0
13212.494615269286,crest,unknown,0
13237.895449886892,5-left,unknown,0
13261.243617401682,6-right,unknown,60
13291.683242111769,6-left,unknown,70
13366.16294069346,2-left,unknown,0
13476.942653141576,4-right,unknown,0
13519.619863834943,bump,unknown,0
13578.21674037989,6-right,unknown,0
13622.426548538755,6-left,unknown,0
13671.467491798945,4-right,unknown,30
13716.885482636042,crest,unknown,0
13754.976052971433,3-left,unknown,0
13810.682681961602,3-right,unknown,0
13852.923821793143,4-left,unknown,30
13912.996702309187,5-left,unknown,0
13975.279215355447,5-right,unknown,40
14015.560677490765,3-right,unknown,0
14068.965435734319,crest,unknown,0
14097.496447811647,4-right,unknown,0
14130.304834061191,4-left,unknown,70
14195.621903362804,2-left,unknown,30
14298.402954769657,4-right,unknown,0
14364.940726242596,5-left,unknown,0
14411.599311409536,crest,unknown,40
14476.948674278798,4-right,unknown,0
14534.139780045096,3-left,unknown,50
14567.949919262468,4-left,unknown,60
14638.650550613924,crest,unknown,0
14725.520883331827,2-right,unknown,0
14762.738259258796,6-left,unknown,40
14796.589723072573,3-right,unknown,0
14836.582414494082,crest,unknown,0
14877.790579319522,3-left,unknown,40
14907.589156799831,4-right,unknown,0
14951.629221363575,5-left,unknown,0
15020.244643364475,6-right,unknown,0
15070.874516182466,5-left,unknown,40
15131.783630867503,3-right,unknown,0
15202.00258216908,bump,unknown,60
15249.998047066238,6-right,unknown,30
15328.182419167073,slight-left,unknown,0
15424.093753700758,slight-right,unknown,100
15502.889824676999,6-right,unknown,0
15628.191217918873,6-left,unknown,0
15681.783752136715,hp-left,unknown,0
15728.053203163636,2-right,unknown,0
15779.09758893062,1-left,unknown,30
15827.591569796095,3-right,unknown,80
15907.93981263209,6-left,unknown,0
15976.395067358515,4-right,unknown,0
16057.43911707928,slight-right,unknown,0
16153.838562384113,bump,unknown,30
16203.18135592506,2-left,caution,40
16243.046311827171,1-right,unknown,30
16309.376492453104,3-left,cut,0
16361.76524138498,6-left,unknown,40
16399.506531630024,3-right,unknown,0
16479.809013720005,crest,unknown,0
16530.29630848931,6-right,unknown,0
16572.352647715055,1-left,unknown,40
16605.589896269266,5-left,unknown,0
16663.53018698736,crest,unknown,0
16737.834231958863,slight-left,unknown,40
16783.76780259181,square-right,dont-cut,0
16841.02444916774,1-left,unknown,0
16878.08984557202,6-right,unknown,0
16920.595046949886,3-left,unknown,0
17005.08141722731,3-right,dont-cut,0
17042.881869555044,square-left,unknown,70
17119.472001886897,6-left,unknown,0
17186.552058935693,3-left,unknown,0
17235.877762861786,2-right,dont-cut,30
17339.940815325328,2-left,unknown,0
17390.944528647025,hp-right,unknown,30
17420.516177607158,1-right,unknown,0
17479.494900880556,crest,unknown,0
17516.5646438081,1-left,dont-cut,0
17545.498691182827,crest,unknown,80
17579.94903292249,4-right,unknown,40
17657.601924310453,slight-right,unknown,0
17733.756234307995,crest,unknown,0
17792.687333513008,4-left,unknown,0
17832.476169877762,5-right,unknown,0
17886.181442590452,6-right,unknown,100
18173.15744037217,6-left,unknown,50
18253.034614177395,4-right,unknown,90
18456.081741862963,6-left,unknown,40
18561.488053966237,bridge,unknown,100
18673.746404338548,slight-left,unknown,0
18788.276614833558,1-right,unknown,50
18826.68242539951,3-right,unknown,50
18880.25443193026,crest,unknown,0
18955.108242736533,3-right,unknown,80
19031.1558870084,hp-left,unknown,140
19212.424881320658,1-left,unknown,40
19302.92401935164,4-right,unknown,0
19365.430228915844,crest,unknown,0
19427.257450194964,2-left,unknown,0
19488.746558471365,square-right,unknown,80
19552.496187224995,slight-right,unknown,100
19621.638841758373,2-left,unknown,0
19720.99779038966,6-right,unknown,100
19863.56809167445,crest,unknown,0
19966.49751847803,3-right,unknown,80
20116.64531083644,slight-right,unknown,40
20198.158584762223,crest,unknown,0
20264.108919387476,3-left,unknown,0
20304.873449569368,slight-left,unknown,0
20340.549073043505,crest,unknown,0
20382.072086311033,3-right,dont-cut,50
20419.337660957037,slight-left,unknown,0
20488.427818465876,crest,unknown,50
20536.620864005716,4-left,unknown,40
20606.604702163375,6-right,unknown,0
20672.565975852613,2-right,unknown,0
20720.2916341549,crest,unknown,0
20763.323760219195,crest,unknown,0
20777.629866653067,4-left,unknown,90
20854.339592395416,2-left,unknown,90
20970.352498202887,crest,unknown,80
21054.144419284414,slight-left,unknown,0
21166.862492137512,slight-right,unknown,40
21220.09465068396,square-left,unknown,80
21291.323836141193,crest,unknown,40
21353.750417733758,3-right,unknown,60
21468.007349305717,4-left,unknown,100
21661.09462568813,5-left,unknown,60
21779.485595765647,1-right,unknown,0
21890.42872780377,slight-right,unknown,40
21944.750965848525,3-right,cut,90
22058.133432317307,slight-right,unknown,0
22158.740105443554,6-left,unknown,120
22258.593447232754,4-right,unknown,0
22417.77802677684,6-left,unknown,0
22544.847743306706,6-right,unknown,30
22611.282005124627,3-left,unknown,0
22686.932121472928,6-right,unknown,120
22814.512710385894,3-left,unknown,50
22935.77835377272,6-right,unknown,50
22984.480654073308,6-right,unknown,50
23038.738526044453,crest,unknown,40
23136.53591816481,3-right,unknown,90
23267.51187550121,1-left,unknown,70
23391.581400247145,1-left,unknown,0
23455.592568860582,hp-right,unknown,50
23530.506970525286,5-left,unknown,0
23584.14421425393,6-right,unknown,50
23713.628021169225,1-left,unknown,0
23838.052614484364,4-right,unknown,0
23876.159815850788,crest,unknown,60
23909.68515879207,slight-right,unknown,80
23987.795416246,crest,unknown,30
24037.398323770125,crest,unknown,30
24083.27933081206,water-splash,unknown,0
24140.321843247977,jump,unknown,50
24178.826841073595,1-left,dont-cut,0
24252.5775593048,6-right,unknown,0
24292.601514726237,hp-right,unknown,0
24356.155651326728,hp-left,unknown,50
24439.152206283146,crest,unknown,40
24493.32819854313,slight-left,unknown,0
24560.624885516707,6-right,unknown,0
24608.581436038563,4-left,unknown,40
24690.542030101373,4-right,unknown,0
24786.424488025248,crest,unknown,0
24861.546332850987,crest,unknown,0
24904.608029017967,slight-left,unknown,30
24960.523007236035,4-right,unknown,0
25027.717091556115,4-left,dont-cut,0
25094.369557567174,bump,unknown,60
25162.134729991514,6-right,unknown,0
25253.115596995896,crest,unknown,60
25313.824955287524,5-right,unknown,0
25405.13151794014,crest,unknown,0
25502.090207896792,2-right,unknown,0
25572.091764216948,crest,unknown,0
25587.832779841956,jump,unknown,70
25641.173119216503,slight-left,unknown,0
25734.94071038777,crest,unknown,0
25784.79635842857,1-left,unknown,30
25861.686586299515,crest,unknown,0
25915.618571487037,3-right,unknown,70
26019.69366939123,6-right,unknown,0
26099.238341003016,slight-left,unknown,0
26173.435371223037,6-right,unknown,60
26236.51348271901,3-right,unknown,30
26334.988625541275,2-left,unknown,0
26379.288872008856,5-left,unknown,70
26447.77564069321,slight-right,unknown,70
26530.271519217968,bump,unknown,30
26608.80577954816,jump,unknown,0
26664.216565986146,6-left,unknown,60
26740.705966849793,2-right,unknown,270
26990.79261003062,slight-left,unknown,70
27128.40963643597,square-left,unknown,50
27217.251493812073,crest,unknown,60
27296.147708964796,4-right,unknown,190
27501.89269397301,crest,unknown,0
27628.339666514807,3-left,unknown,30
27680.688494258335,slight-left,unknown,0
27736.638916621625,4-left,unknown,60
27831.17256290001,6-right,unknown,90
27960.946773562853,3-right,unknown,220
28205.878705249313,slight-right,unknown,100
28363.911861720546,6-left,unknown,0
28501.947771869196,5-left,unknown,60
28579.1719989734,crest,unknown,80
28684.204163356357,2-left,dont-cut,60
28779.705055423332,2-right,unknown,70
28946.183174872946,4-left,unknown,70
29103.225500274246,3-right,unknown,50
29246.93922376214,slight-right,unknown,0
29345.240766654602,crest,unknown,100
29395.028789344422,6-right,unknown,130
29502.619136405574,4-right,unknown,60
29638.973977599722,5-left,unknown,50
29807.72233953056,slight-right,unknown,100
30011.266598907085,slight-left,unknown,50
30126.10459508478,6-right,unknown,0
30197.558500152227,finish,unknown,120
