0.35401353836059574,3-left,unknown,0
30.26614853858948,crest,unknown,0
52.006671457290665,1-right,unknown,0
81.91077565193179,6-left,unknown,50
123.97307734489439,4-right,dont-cut,0
189.0538133907317,3-left,unknown,50
244.5979438495636,6-left,caution,0
293.7391149425509,crest,unknown,0
370.6154110240936,1-right,unknown,0
397.3558058071136,slight-left,twisty,30
433.87545056343106,6-right,unknown,0
481.0324889278417,3-left,unknown,0
548.4297158527386,4-left,unknown,90
650.0684843349469,6-left,unknown,0
782.1273384380358,jump,unknown,0
850.9017125225088,jump,unknown,0
868.770784177782,4-right,unknown,0
936.5321249294301,bridge,unknown,0
975.8025844097159,5-left,unknown,0
1115.7528381443065,crest,unknown,0
1213.0437220859578,3-right,unknown,60
1308.5332441234634,5-left,unknown,50
1375.651202974324,6-right,unknown,70
1466.924221429829,3-left,narrow,0
1568.284871034626,slight-right,unknown,0
1606.5718921566042,crest,unknown,100
1679.0620660877255,6-right,unknown,0
1775.776010484698,slight-left,twisty,150
1885.688439493182,5-right,unknown,0
1995.237368097309,6-left,unknown,0
2071.273430643084,bridge,unknown,0
2184.3707991313927,5-left,unknown,70
2293.2178333187117,6-left,unknown,0
2371.788853254319,crest,unknown,50
2423.684690771102,2-right,unknown,40
2490.583138132095,crest,unknown,0
2543.6044258403754,3-right,unknown,0
2586.055004682537,6-left,twisty,0
2615.8263575649216,crest,unknown,0
2677.1782588672604,5-left,unknown,0
2709.5744424533805,acute-hp-right,unknown,50
2785.9685726165726,1-right,unknown,30
2855.1794225692706,crest,widen,60
2954.5562897491454,5-left,unknown,0
2990.7862165355705,4-left,unknown,150
3160.2484090757403,square-left,unknown,0
3186.0170203503603,5-left,unknown,0
3236.521401358511,6-right,unknown,0
3288.241518889334,3-right,unknown,0
3354.8020382603663,slight-left,twisty,0
3398.678482180505,slight-right,twisty,80
3570.8502697476424,6-right,unknown,50
3711.5501646145913,3-left,caution,0
3812.826731806668,3-right,unknown,70
3886.3242761525253,6-left,narrow,40
3971.931783514893,4-right,twisty,50
4066.8160027989497,4-left,unknown,60
4194.528685484803,slight-left,twisty,40
4270.771722308079,6-right,unknown,0
4341.902410479465,crest,unknown,100
4423.312742548868,crest,unknown,30
4466.130331164284,crest,unknown,30
4525.491906824984,2-right,unknown,50
4613.668614722169,crest,unknown,0
4678.194164420043,5-right,unknown,0
4729.711348219782,5-left,unknown,30
4784.732362051878,4-left,dont-cut,60
4986.097611456786,3-left,unknown,180
5127.685789099614,jump,unknown,0
5161.129080305975,4-right,twisty,0
5205.124263945496,slight-right,unknown,80
5332.326639033238,jump,unknown,0
5425.720959642799,5-left,unknown,0
5482.730367773446,6-left,unknown,0
5567.559516142281,slight-right,unknown,40
5604.04116512147,2-left,unknown,90
5697.447954786697,6-right,unknown,30
5794.297119902056,4-left,unknown,160
6042.53222020952,crest,unknown,30
6103.128663957998,5-left,unknown,60
6178.170708368706,jump,unknown,0
6280.117849558281,slight-right,unknown,50
6327.044437807486,jump,unknown,130
6500.080440462505,crest,unknown,0
6578.168521288308,5-right,unknown,50
6670.740780542763,slight-left,dont-cut,70
6822.1469613823065,crest,unknown,80
6918.8144095024245,6-right,caution,0
7026.483611544052,6-left,unknown,50
7098.5977637275855,crest,unknown,0
7147.579615496075,crest,unknown,0
7187.0528069481015,2-left,unknown,70
7275.102988699346,square-right,dont-cut,40
7370.440216415792,crest,unknown,30
7398.777908924489,2-right,unknown,0
7435.786017635728,2-right,unknown,0
7445.052838543321,6-left,unknown,0
7515.493610828781,6-left,unknown,0
7601.302597988515,6-right,unknown,0
7691.408419712453,slight-left,unknown,50
7760.401505573664,6-right,unknown,0
7845.364634197626,crest,unknown,0
7915.017251366051,crest,unknown,0
7920.824093731316,4-right,unknown,30
7982.193057777621,6-left,unknown,0
8044.254088279949,crest,unknown,40
8127.7132790682135,slight-left,unknown,70
8211.950190384128,6-right,unknown,0
8302.151402351592,6-left,unknown,0
8345.798051635948,crest,narrow,40
8393.931126587124,crest,narrow,40
8419.544527656763,slight-right,unknown,0
8485.720579769344,bump,unknown,0
8520.826014339644,6-right,unknown,70
8603.171172382554,5-right,unknown,220
8859.73246190282,6-left,unknown,100
9001.448713009077,4-left,unknown,0
9096.936546718794,crest,unknown,0
9144.389930011948,slight-right,caution,0
9183.332843601436,crest,unknown,40
9261.196759617065,slight-right,unknown,30
9333.40079663489,bump,unknown,0
9369.74989806388,6-left,unknown,0
9412.893829147573,bump,unknown,0
9443.494227802506,crest,unknown,0
9476.568011638885,slight-right,twisty,0
9580.223123752829,bump,unknown,50
9626.002939274065,6-left,unknown,60
9751.504005296005,6-right,unknown,30
9816.415726945163,5-left,unknown,50
9923.736103112455,6-right,unknown,0
10005.10689946866,6-left,unknown,0
10094.535748212096,crest,unknown,0
10117.656333863491,4-right,unknown,30
10200.210771615257,5-left,unknown,40
10251.431679761165,4-right,unknown,40
10337.576650807618,crest,unknown,0
10384.008361737488,crest,unknown,0
10418.351430718656,slight-left,twisty,0
10459.447786233184,3-left,dont-cut,60
10575.897549969912,4-right,unknown,0
10646.673855464234,jump,unknown,0
10691.111955144166,5-left,unknown,0
10768.457505814764,crest,unknown,0
10802.26017677995,6-left,caution,30
10848.104349734516,4-right,unknown,0
10929.966162860128,5-left,unknown,0
11000.008937995173,crest,unknown,0
11065.02700770114,2-right,unknown,0
11104.651405360444,6-right,unknown,0
11155.29214356159,6-left,unknown,60
11310.091701724268,slight-right,twisty,0
11395.965788027972,4-left,unknown,0
11454.178660418725,5-right,unknown,0
11533.605388285845,6-left,unknown,0
11659.325271842199,slight-right,unknown,0
11725.357368609615,slight-left,unknown,0
11767.743191363536,crest,unknown,0
11808.997510974132,slight-right,twisty,60
11895.772674758156,jump,unknown,90
11990.835446669782,3-right,unknown,0
12070.089322650165,slight-left,twisty,50
12116.00472401353,slight-left,unknown,0
12188.69961014481,4-left,bridge,0
12255.101180312342,5-right,unknown,0
12303.245811545565,6-left,unknown,0
12383.345122687535,crest,unknown,0
12451.950461222837,6-right,unknown,50
12489.76781229706,5-left,unknown,40
12561.855606410218,slight-left,twisty,0
12634.382794367984,4-right,unknown,0
12723.558647525018,slight-left,unknown,0
12793.719664752181,square-right,unknown,0
12846.483468367756,1-left,widen,0
12887.508755976853,4-right,unknown,0
12939.46061348647,crest,unknown,30
12980.038304755402,square-right,unknown,0
13028.461140277092,square-left,widen,0
13065.266765238948,5-right,unknown,30
13121.432718894192,5-left,unknown,0
13183.679176680746,6-left,unknown,40
13300.517413499048,4-right,unknown,0
13360.25672341077,crest,unknown,90
13441.052714945947,6-left,unknown,40
13545.81754694668,4-right,twisty,30
13640.326296412622,5-left,unknown,0
13701.022937190208,6-right,unknown,40
13845.34336516111,slight-left,unknown,50
13909.959403044879,jump,unknown,40
13954.518555571747,4-right,unknown,50
14057.199327056123,slight-left,twisty,100
14215.560901076518,6-right,unknown,0
14288.5294536278,crest,unknown,0
14326.775060279104,slight-right,unknown,70
14400.786610514855,jump,caution,0
14483.313055140703,6-left,unknown,60
14593.996805627066,jump,unknown,100
14659.296114661422,6-right,unknown,0
14737.155457656114,6-left,unknown,0
14822.573193328108,6-right,unknown,80
14943.730673587044,slight-left,twisty,0
15032.312626635741,4-left,unknown,0
15081.4416373703,4-right,twisty,70
15208.844899775704,4-right,dont-cut,0
15295.293293597424,4-left,unknown,0
15364.512428614815,crest,unknown,0
15404.371839244084,crest,unknown,0
15486.309046408858,3-right,unknown,0
15518.092656676508,slight-left,twisty,0
15579.669975993378,crest,unknown,0
15660.552158957427,slight-left,unknown,50
15740.78476504415,3-left,unknown,40
15832.044477206178,6-right,unknown,40
15905.415715228019,square-right,unknown,0
15909.709513140615,6-right,unknown,80
15975.125151434842,6-left,unknown,0
16018.762141867583,5-left,unknown,0
16104.350367232264,crest,unknown,0
16139.058966513585,crest,unknown,0
16145.515076857517,4-left,unknown,0
16207.484456397011,4-right,unknown,0
16241.142538767794,crest,unknown,50
16307.310842505427,crest,unknown,50
16386.253469840045,crest,unknown,0
16433.053594809535,5-right,unknown,30
16495.142755232846,jump,unknown,40
16549.688103095094,4-left,unknown,0
16635.563138457335,5-right,unknown,0
16730.749930716553,slight-left,unknown,0
16853.611489134844,4-left,unknown,0
16886.15630845173,5-right,unknown,70
17048.55688523399,6-left,unknown,0
17106.635157157038,crest,unknown,0
17150.214483920186,4-right,dont-cut,40
17199.275603533828,1-right,dont-cut,0
17262.50317511665,slight-left,unknown,0
17308.468499632945,4-left,unknown,0
17356.080187140546,slight-right,unknown,40
17414.31487587075,3-right,unknown,30
17470.936044069356,1-left,unknown,0
17541.343436366173,6-left,dont-cut,0
17593.243588629808,5-left,narrow,0
17637.35955708608,crest,unknown,0
17671.328931799973,crest,unknown,0
17683.210992899978,1-left,unknown,30
17714.726212454876,6-right,unknown,50
17792.623282719665,6-left,caution,0
17850.878050957697,5-left,unknown,0
17939.509359387026,4-right,unknown,40
17967.28294561255,crest,unknown,0
18019.135516279803,2-left,unknown,30
18065.01952369557,slight-right,unknown,0
18104.464660252183,3-left,dont-cut,50
18184.240635546314,square-right,unknown,0
18234.110154751423,4-right,unknown,0
18284.47341564048,crest,unknown,0
18340.71718699803,hp-right,widen,40
18419.02278424224,1-right,unknown,30
18475.80851465185,2-left,unknown,0
18545.47749137839,4-left,unknown,0
18579.84307271917,3-right,unknown,60
18634.99673441845,acute-hp-right,unknown,0
18666.679907564725,3-left,unknown,0
18700.375453495588,1-right,unknown,0
18743.632439331614,6-left,unknown,0
18794.39067394696,2-left,dont-cut,30
18852.95780488096,3-right,caution,0
18894.95004096113,4-left,unknown,70
19015.872428246363,2-right,unknown,50
19111.498211394195,crest,unknown,40
19197.244506502982,6-right,unknown,0
19256.702724333612,crest,unknown,0
19316.12819891058,slight-left,unknown,0
19352.65147328459,5-left,twisty,0
19397.315628100256,slight-right,unknown,0
19432.139582014897,4-right,twisty,30
19509.064932671405,3-left,unknown,0
19550.398442631587,slight-right,unknown,0
19596.037621348725,slight-left,unknown,60
19632.363737929696,2-right,unknown,0
19735.48789635025,4-left,unknown,0
19772.356593879093,crest,unknown,0
19820.123724234894,1-left,unknown,0
19862.504796183897,slight-left,unknown,90
19925.51331013045,6-right,unknown,0
20008.98022018752,slight-right,dont-cut,0
20077.373261702884,4-left,unknown,30
20125.036193011634,3-right,caution,0
20182.778169196477,4-left,unknown,0
20280.982732222943,4-right,unknown,0
20362.72149463978,slight-left,unknown,0
20433.419771908215,4-right,unknown,0
20471.94858749241,4-left,unknown,0
20522.33096518367,crest,unknown,0
20573.662975433774,2-right,unknown,0
20621.019091289963,crest,unknown,280
20831.32406466338,6-left,caution,100
21071.511850326962,slight-left,unknown,120
21290.096753624388,hp-left,bridge,0
21425.491553924912,jump,caution,0
21478.706374352823,3-right,unknown,0
21547.851056664847,3-left,unknown,110
21733.125650409125,6-right,unknown,0
21795.062885936128,4-right,twisty,50
21906.20627003037,5-left,unknown,0
22043.621375118466,bridge,unknown,190
22189.735305534577,4-right,unknown,0
22272.211223350747,4-right,twisty,0
22310.428915954835,6-left,unknown,60
22423.421881386068,4-left,unknown,40
22490.532216202046,jump,unknown,0
22554.543357445025,slight-right,twisty,50
22626.125145584345,slight-left,twisty,0
22715.077012420894,crest,unknown,0
22769.725115772468,4-right,twisty,100
22879.873285270914,6-right,unknown,0
22947.47460279106,5-left,unknown,0
23034.755568767756,crest,unknown,0
23069.828303905702,6-left,unknown,0
23128.211835304475,6-right,unknown,80
23335.399319015756,slight-left,twisty,150
23609.352940059936,6-right,unknown,0
23713.332527138024,6-left,unknown,0
23788.757571178703,5-left,unknown,40
23894.274144387746,4-right,unknown,40
23960.43711157378,6-right,unknown,0
24028.220992704017,crest,unknown,0
24060.613294625877,3-left,unknown,0
24145.833767724645,crest,unknown,30
24186.07533049165,4-right,twisty,50
24281.883599858855,3-left,unknown,50
24377.89036888657,5-left,unknown,0
24434.949805970773,3-right,unknown,0
24502.735288606265,6-left,unknown,150
24689.324057832302,jump,caution,100
24788.86779398495,5-left,unknown,0
24891.830542741372,slight-right,unknown,0
24983.840417142466,bridge,unknown,0
25019.4373303276,bridge,unknown,0
25067.442292546162,slight-right,twisty,0
25105.353032893072,4-right,unknown,0
25157.243914049996,6-left,unknown,70
25272.185504320994,crest,unknown,0
25330.34352598084,slight-left,twisty,0
25363.666950358278,5-left,unknown,0
25509.35609169852,crest,unknown,0
25567.878461398,slight-right,twisty,50
25651.30352633161,bump,unknown,0
25720.758449866018,3-right,unknown,0
25784.962881113726,slight-right,twisty,0
25831.347804362023,crest,unknown,0
25890.88754498168,5-left,unknown,0
25924.577568499288,1-left,unknown,40
26001.95170170469,3-right,unknown,0
26078.493042608916,2-left,unknown,50
26206.95556399985,4-right,unknown,40
26280.64604079884,jump,unknown,140
26411.70641200704,3-right,unknown,0
26517.385376106904,4-left,unknown,70
26636.81291534103,jump,caution,0
26711.132123314517,4-right,unknown,130
26870.914807373698,slight-left,dont-cut,0
26942.20904597921,crest,unknown,0
26982.268491551116,crest,unknown,0
26988.588057629306,3-right,unknown,0
27068.20797418278,4-left,unknown,0
27168.771158844662,6-right,unknown,0
27266.512853429947,bump,unknown,40
27318.37149667567,crest,unknown,0
27366.766834963033,5-left,unknown,0
27426.068150041752,4-right,twisty,50
27567.40539893931,3-left,unknown,40
27656.680970342808,jump,unknown,150
27910.457540132244,4-left,dont-cut,100
28052.583068677675,bump,unknown,0
28113.009859639897,5-left,unknown,0
28145.100317899494,3-left,unknown,0
28175.649585458556,crest,unknown,30
28262.17419709377,bump,unknown,0
28303.26557247332,slight-left,unknown,0
28359.996839391508,bump,unknown,0
28399.890679799828,jump,unknown,70
28450.529662858746,6-left,unknown,0
28545.708792707228,crest,unknown,60
28603.090638810878,crest,unknown,80
28740.90679756334,jump,unknown,100
28822.92321870972,slight-left,unknown,80
29001.80530780006,6-right,unknown,50
29261.108512670264,6-left,caution,60
29390.868684077253,5-left,unknown,0
29479.613271746643,4-right,twisty,0
29560.255069384577,crest,unknown,0
29600.816999812134,3-left,unknown,100
29679.037797293644,square-right,unknown,0
29762.68608848095,6-left,widen,0
29813.727863345168,bridge,unknown,0
29844.54663753036,4-left,unknown,0
29878.561055941624,2-right,unknown,0
29916.32013696198,slight-left,unknown,30
29968.700309081123,2-left,unknown,0
30028.55534522535,6-left,unknown,0
30094.51377424719,crest,unknown,40
30170.102531352077,crest,unknown,0
30180.873752970725,slight-left,unknown,0
30218.8813283873,square-right,unknown,0
30253.61116191392,square-right,unknown,0
30274.44725346095,6-left,unknown,0
30313.22654333599,slight-left,twisty,0
30419.651888704393,slight-right,twisty,0
30482.40548968326,5-left,unknown,40
30558.871768560504,5-left,unknown,0
30609.45066790592,5-right,unknown,60
30671.025429782974,6-left,unknown,0
30750.59712590231,square-right,unknown,0
30792.875325231675,acute-hp-right,unknown,0
30795.904899625893,square-left,unknown,0
30813.111289606208,acute-hp-right,unknown,0
30820.479554100144,1-right,widen,0
30875.056013383968,2-left,unknown,40
