0,crest,unknown,120
155.7377228260041,crest,unknown,0
270.45880837440484,5-left,unknown,0
365.03089089393626,crest,unknown,0
507.21253411293065,3-left,unknown,110
650.0920474145577,6-left,unknown,70
701.1919785020519,crest,unknown,50
798.2289968202286,3-left,unknown,40
949.3121549699476,slight-right,twisty,0
1069.053550023812,4-right,twisty,70
1193.0966086480792,3-left,unknown,60
1353.0608908746435,2-right,dont-cut,80
1452.5057657334983,crest,unknown,60
1524.0391265199362,6-right,unknown,130
1668.3183275697422,slight-left,twisty,0
1797.2149459932045,crest,unknown,170
1925.841497735759,3-left,unknown,80
2165.990329274913,6-left,unknown,50
2250.1339243982043,3-right,unknown,0
2370.0321843621928,crest,unknown,40
2450.34160071351,3-right,unknown,220
2671.3301881311145,4-left,unknown,70
2803.0672196481432,crest,unknown,60
2908.7538193795876,square-right,unknown,70
3027.162611369864,crest,unknown,160
3153.1007556913055,crest,unknown,60
3276.036690902486,crest,unknown,0
3353.9943834684013,2-left,unknown,70
3403.4564603421813,6-right,unknown,30
3488.656018981708,slight-left,twisty,30
3551.2453681943543,bump,unknown,50
3604.3018968961364,6-left,unknown,70
3676.307388877644,4-right,unknown,0
3776.066210021747,3-right,dont-cut,0
3827.128795051348,2-left,unknown,50
3896.252600745928,5-left,unknown,0
3952.421906337511,slight-right,unknown,0
4010.97105577446,crest,unknown,0
4061.3798022649376,6-left,unknown,70
4114.205378246082,3-left,unknown,0
4197.198082294241,crest,unknown,0
4239.667795848624,crest,unknown,0
4364.64259370781,slight-left,twisty,0
4419.571851768259,slight-right,unknown,70
4482.536704940569,dip,unknown,0
4596.530097732317,3-left,unknown,30
4647.844245338213,square-right,unknown,0
4736.3237314794205,6-left,unknown,0
4782.330907420885,crest,unknown,0
4843.812240962753,slight-right,unknown,30
4894.602297000656,6-left,unknown,0
4947.556998119125,jump,unknown,50
5000.807884845501,crest,unknown,0
5058.777925853496,4-right,dont-cut,0
5109.959120502239,crest,unknown,0
5152.456068935161,3-left,unknown,0
5213.297841300732,crest,unknown,0
5239.513449382554,5-left,unknown,0
5311.002388400801,crest,unknown,0
5356.29876619316,4-left,unknown,0
5430.634288997425,4-right,twisty,30
5523.507038554922,4-left,unknown,0
5614.523872241755,slight-right,unknown,50
5662.471508350157,crest,unknown,60
5719.520740718627,hp-right,unknown,0
5806.757861785679,hp-left,unknown,0
5863.033282756599,6-left,unknown,0
5988.352842078017,crest,unknown,0
6053.047401175297,water-splash,unknown,0
6104.477290396486,crest,unknown,60
6145.377654909884,slight-left,unknown,0
6227.648239130772,crest,unknown,40
6281.150649294652,4-left,unknown,0
6350.201061816011,2-right,unknown,40
6393.9745319126005,6-left,unknown,0
6491.798790068431,4-right,unknown,70
6707.0218826434975,1-right,unknown,40
6900.026612953954,3-left,unknown,0
6975.545261559303,slight-right,twisty,50
7039.821782784279,6-left,unknown,50
7135.708091187293,3-right,unknown,100
7311.3153668067935,6-left,unknown,0
7410.94029654007,3-right,unknown,30
7500.054243683623,6-left,unknown,0
7589.055387406161,6-right,unknown,40
7637.979609474947,3-left,unknown,90
7781.8402161644035,6-right,caution,0
7884.128631233986,slight-left,unknown,70
8026.872596535496,3-left,cut,40
8163.7334789512615,6-left,unknown,30
8246.38129827956,2-left,unknown,60
8318.976030754835,4-right,twisty,30
8414.146846089157,crest,unknown,0
8500.36774097899,4-right,unknown,50
8604.016208424364,4-left,unknown,40
8779.131850514194,crest,unknown,80
8831.486262364158,crest,unknown,80
8955.822315144314,5-left,unknown,0
9022.50964108207,5-right,unknown,60
9062.343812300953,crest,unknown,100
9145.186500518113,2-right,unknown,70
9293.166872718128,6-right,unknown,0
9374.473150260243,crest,unknown,0
9418.794604193961,crest,unknown,0
9452.84218815545,1-left,caution,0
9486.639262950219,6-left,unknown,140
9601.521411216063,5-left,unknown,30
9717.668239257122,crest,unknown,50
9783.408875243453,crest,unknown,0
9885.962339026717,6-right,unknown,100
10070.958006522465,crest,unknown,90
10199.583721740057,jump,unknown,40
10321.331513564388,4-right,unknown,0
10389.166832206047,crest,unknown,30
10455.758711898134,2-right,unknown,40
10576.625272834119,6-left,unknown,50
10697.00879185421,slight-left,unknown,40
10798.528130271265,4-left,unknown,0
10897.660742308923,4-left,unknown,50
10996.757026870082,1-right,unknown,130
11129.791547362636,1-right,unknown,30
11236.07667027218,6-left,unknown,0
11288.944049212756,3-left,unknown,0
11332.752276160549,crest,unknown,80
11385.681820342354,2-left,unknown,0
11387.227615172675,3-left,unknown,50
11477.126130797677,1-left,widen,0
11549.601870353043,slight-right,twisty,60
11644.367184569659,6-right,unknown,80
11738.504327132527,4-left,dont-cut,60
11953.18380860074,6-right,unknown,70
12075.710174224223,hp-right,unknown,100
12274.367569024429,6-left,unknown,0
12341.409032285086,6-left,unknown,0
12438.365255963674,3-right,unknown,0
12549.27114143121,crest,unknown,0
12591.216289059992,5-left,unknown,50
12634.904004399654,3-left,unknown,60
12720.415972306604,crest,unknown,0
12796.331751801834,1-right,dont-cut,0
12840.873486974102,crest,unknown,0
12865.620927140573,1-left,unknown,30
12950.055345952374,2-right,unknown,0
13002.67336962447,1-left,dont-cut,0
13054.397039821004,3-right,unknown,120
13189.259300067279,square-right,unknown,30
13285.339596335754,3-left,dont-cut,0
13330.708002612464,4-right,unknown,0
13362.577853686684,slight-left,twisty,30
13407.721397483227,6-left,unknown,0
13466.432948691723,4-right,unknown,0
13503.341256377576,acute-hp-right,unknown,0
13531.818344790809,slight-right,twisty,70
13597.714340216984,4-right,unknown,40
13691.18715336548,2-right,unknown,0
13760.537241675725,6-left,unknown,0
13801.890470130324,crest,unknown,0
13835.299544741982,3-left,unknown,40
13871.292098395701,6-right,unknown,0
13934.690321376202,3-right,unknown,30
13986.814259555216,1-left,unknown,30
14058.27445612659,2-right,unknown,0
14121.168850104703,crest,unknown,90
14184.212138697987,6-left,unknown,0
14272.884007060404,6-right,unknown,0
14317.325517489799,crest,unknown,80
14377.558409411791,1-left,unknown,0
14470.939384333966,slight-right,twisty,0
14510.342266642927,2-right,unknown,0
14548.769047553404,2-left,unknown,0
14590.031360575998,hp-right,unknown,50
14665.194895694105,crest,unknown,80
14726.778746001573,slight-left,twisty,40
14825.478144461955,crest,unknown,30
14909.529294555032,6-left,unknown,50
14986.60003544554,crest,unknown,0
15109.273685118998,3-left,unknown,0
15157.535646254855,6-right,unknown,0
15203.8607351373,5-left,unknown,0
15254.656266143165,6-right,unknown,0
15313.187165496192,3-left,unknown,50
15393.509253127415,4-right,twisty,0
15473.540956218076,2-left,unknown,0
15516.481404750179,crest,unknown,0
15572.451910216638,2-left,unknown,0
15623.4033478616,6-right,unknown,50
15710.153417041134,3-right,unknown,0
15797.516189334232,3-left,unknown,0
15837.245360858278,crest,unknown,30
15878.305004355738,acute-hp-right,unknown,0
15947.01529768688,crest,unknown,0
15966.950975081756,6-right,unknown,30
16045.077008483255,4-left,unknown,0
16089.00863072142,6-right,unknown,0
16161.592232291569,slight-left,twisty,40
16214.651961448062,3-right,unknown,0
16271.120090873123,2-left,unknown,0
16326.255678374648,crest,unknown,30
16362.822075183278,6-right,unknown,60
16418.621676871673,crest,unknown,0
16517.500083625215,square-right,unknown,40
16573.8448073267,6-right,unknown,40
16667.892323470038,5-left,unknown,0
16758.90574372762,4-right,unknown,100
16829.00921784873,5-left,unknown,0
16935.687613654103,slight-right,unknown,0
17019.54775762077,5-left,unknown,110
17122.436047987918,5-right,unknown,30
17233.580824027056,3-right,unknown,50
17284.98866899012,5-left,unknown,130
17475.364338355004,5-left,caution,30
17613.581698317448,square-left,unknown,0
17636.64092206469,acute-hp-right,unknown,0
17680.547767415017,slight-right,unknown,40
17759.869808545103,5-left,caution,0
17852.512888798716,4-right,twisty,0
17896.400619511616,jump,unknown,0
17927.144058480266,slight-right,unknown,0
17956.52796711444,square-left,unknown,30
17982.351407485,crest,unknown,0
18008.718053469653,2-right,unknown,0
18042.61102565289,3-left,unknown,0
18075.268501563085,6-right,unknown,0
18107.716941885956,crest,unknown,0
18148.896728854183,acute-hp-right,unknown,0
18181.39627156735,crest,unknown,0
18214.05455025197,hp-right,unknown,50
18262.415130333895,slight-right,unknown,30
18306.760542807573,5-left,unknown,0
18375.749353156087,slight-right,unknown,0
18428.787461333268,crest,unknown,0
18479.893793921463,5-left,unknown,0
18569.13848863126,slight-right,twisty,0
18603.755533881205,4-left,unknown,40
18644.14461827757,4-right,unknown,0
18688.80830453395,4-left,unknown,70
18795.928603224722,3-right,unknown,30
18850.988480219807,4-right,unknown,0
18907.87973859306,crest,unknown,0
18949.409914393396,3-left,unknown,50
18979.710379252414,crest,unknown,0
19027.823668799378,3-right,unknown,0
19073.44998551845,3-left,unknown,0
19110.940436263067,slight-right,twisty,0
19140.644721236207,4-left,unknown,30
19178.87182601449,acute-hp-right,unknown,90
19272.02683539865,slight-right,twisty,0
19345.29996688362,slight-left,twisty,40
19389.18969260688,3-right,unknown,50
19484.805998625707,4-left,unknown,40
19542.197071356735,3-left,unknown,0
19611.545227827988,square-right,dont-cut,0
19641.45464412207,4-left,unknown,0
19663.429721283854,5-left,unknown,0
19697.798576111723,5-left,unknown,0
19734.59488127224,slight-right,unknown,60
19785.915157208372,4-left,unknown,0
19876.856207089375,crest,unknown,0
19943.490274681968,6-right,unknown,0
19979.37589666837,slight-right,unknown,90
20059.60672735684,slight-right,twisty,50
20162.139283776207,5-left,unknown,40
20223.491009659694,4-right,twisty,0
20295.544742989463,3-left,dont-cut,0
20361.845998291883,3-right,unknown,50
20415.39829531186,2-right,unknown,30
20492.448188347735,2-left,unknown,40
20543.834643425856,4-right,caution,0
20610.302020363724,jump,unknown,0
20650.374276642717,3-left,unknown,0
20690.13277834408,1-right,unknown,30
20731.455515484715,2-left,unknown,40
20789.531451020146,3-right,unknown,0
20843.571864170917,6-left,unknown,0
20965.685278286823,5-right,dont-cut,30
21027.394612851025,6-left,unknown,70
21113.068757672223,4-left,unknown,30
21220.92483314983,2-right,unknown,0
21352.59766463672,crest,unknown,0
21394.62759839449,crest,unknown,0
21423.653939050757,2-left,dont-cut,40
21457.484715761268,3-right,unknown,0
21510.2680702153,4-left,dont-cut,0
21542.76338830384,4-left,unknown,0
21587.07894351395,3-left,unknown,0
21626.458509630273,2-right,unknown,30
21681.649454015802,2-right,unknown,30
21730.882479776432,4-left,dont-cut,30
21825.034398461175,square-right,unknown,30
21864.174275513484,acute-hp-right,unknown,40
21917.294780464934,slight-right,twisty,0
21967.31923162536,slight-left,twisty,50
22003.669172478476,4-right,unknown,40
22096.35145254208,6-left,unknown,60
22202.471457081563,6-left,unknown,0
22305.53629388881,square-right,unknown,40
22383.155506325533,4-right,unknown,0
22444.61461074906,hp-left,unknown,30
22511.434108239006,6-right,unknown,0
22554.201040936292,crest,unknown,0
22592.165098992176,6-left,unknown,50
22626.625767842106,slight-right,unknown,130
22721.330255604564,6-right,unknown,40
22830.757266979996,5-left,unknown,0
22901.36769304352,6-right,unknown,30
22978.86755788881,4-left,unknown,40
23086.439288464386,4-right,unknown,0
23167.983889408886,5-left,unknown,60
23213.07385206299,4-left,unknown,40
23313.44266279299,slight-right,twisty,40
23394.712743130545,crest,unknown,0
23447.854686718798,2-left,unknown,40
23497.121423283446,crest,caution,0
23602.947869110918,slight-right,unknown,0
23652.916582165577,3-left,unknown,0
23691.538490601404,2-right,unknown,30
23760.543937836494,acute-hp-right,unknown,40
23816.05959425052,6-left,unknown,0
23861.96588541111,jump,unknown,0
23941.951944943296,2-right,unknown,40
23976.73016492926,2-right,unknown,40
24052.94729648671,6-left,unknown,70
24116.326820336217,hp-right,unknown,0
24235.958335877283,6-left,unknown,0
24282.93984481893,slight-right,unknown,0
24324.3385183724,4-left,unknown,30
24370.898562699178,2-right,unknown,40
24442.66180244527,crest,unknown,80
24518.33953529442,crest,caution,80
24573.03062465751,crest,caution,80
24801.134461136713,crest,unknown,40
24887.266691742785,5-right,unknown,60
24948.432199326402,slight-left,unknown,70
25037.180103913193,1-left,unknown,0
25131.981881333217,6-right,unknown,0
25171.085184841962,6-left,caution,0
25223.88982210241,3-left,unknown,0
25277.749595929014,2-left,unknown,30
25318.646522503732,square-right,dont-cut,50
25389.330584584128,2-left,unknown,40
25443.90258825387,square-right,unknown,30
25506.226954460995,6-left,unknown,100
25652.762906371023,4-right,unknown,0
25750.13967730608,crest,unknown,0
25805.422060690787,6-right,unknown,0
25855.49226676074,6-left,unknown,0
25899.470201178458,3-left,unknown,0
25940.790419608016,6-right,unknown,50
26004.221586256874,crest,unknown,90
26105.774244299755,crest,caution,0
26186.99629458509,crest,caution,0
26227.948194228025,3-left,unknown,80
26279.61755324446,slight-right,unknown,0
26360.694470206112,hp-right,unknown,30
26422.075033522444,2-left,unknown,0
26515.129730500095,slight-right,unknown,120
26592.87954539192,slight-right,unknown,0
26691.45505556951,6-left,unknown,40
26765.935899533135,3-right,unknown,0
26872.120873230786,acute-hp-right,unknown,0
26950.436975621094,2-right,unknown,0
26975.810091751937,slight-left,twisty,0
27025.64589177027,crest,unknown,70
27076.761904362575,4-right,dont-cut,50
27146.09499628915,acute-hp-right,unknown,0
27245.334005459685,3-right,unknown,40
27307.85496954813,crest,unknown,30
27372.477101773176,square-right,unknown,0
27427.33507189645,slight-right,twisty,0
27467.774636029135,slight-left,twisty,40
27529.93452338112,4-left,dont-cut,60
27585.57444197548,acute-hp-right,unknown,50
27669.525439804944,6-left,unknown,0
27734.978962363173,1-left,unknown,0
27786.26501535314,1-right,unknown,0
27839.161209048194,6-right,unknown,0
27880.656559561645,slight-left,unknown,0
27949.274661425494,6-left,unknown,60
28063.107038287082,6-right,unknown,40
28154.45311216253,4-right,twisty,60
28232.974176615644,finish,unknown,0
28234.58388521092,6-left,unknown,80
28319.39215440646,hp-left,unknown,70
28450.882073267825,5-right,unknown,80
28530.249704855785,3-left,unknown,30
28641.46217925917,4-right,unknown,0
28696.64293313872,2-right,dont-cut,0
28771.10965400589,3-left,unknown,0
28798.198953455794,crest,unknown,0
28830.599365576614,2-right,unknown,80
28910.642617243626,4-left,unknown,30
29012.140924700583,crest,unknown,0
29067.33787160763,4-right,twisty,0
29114.236043070636,3-left,unknown,80
29178.35250665555,jump,double-caution,100
29276.18792016874,1-right,unknown,60
29396.446985905222,3-left,unknown,0
29441.472715771255,4-right,unknown,0
29490.144717724375,5-left,unknown,30
29566.06620677237,4-right,caution,60
29644.876103508523,1-left,unknown,0
29734.185294182374,acute-hp-right,unknown,30
29782.05155883081,slight-left,unknown,0
29826.832671568456,4-right,unknown,0
29873.831762774065,4-left,unknown,0
29913.56427892932,4-right,unknown,0
29976.517920286748,6-left,unknown,0
30011.562396853053,hp-right,unknown,30
30069.646813070856,4-left,unknown,0
30125.238027937507,1-left,unknown,0
30153.165365889177,crest,unknown,0
30191.42233865989,2-right,unknown,0
30223.55779497397,crest,unknown,0
30249.67043295157,acute-hp-right,dont-cut,30
30277.402829725885,3-right,unknown,0
30314.247883532196,acute-hp-right,unknown,0
30354.600032122285,2-right,unknown,0
30378.68050991312,4-left,unknown,40
30425.70258312481,square-right,unknown,0
30481.100730097463,4-right,unknown,0
30535.176472180094,2-left,dont-cut,30
30571.551601307587,1-left,unknown,40
30619.1195337798,4-left,unknown,0
30674.191064655966,6-right,unknown,60
30765.339859106683,crest,caution,0
30824.16691631571,3-left,unknown,40
30864.145067846915,hp-right,unknown,0
30901.213784773503,3-right,unknown,30
30948.42456951397,crest,unknown,0
30993.115292856866,4-right,unknown,0
31030.012369616194,4-right,twisty,0
31066.21501438396,6-left,unknown,40
31113.62471575036,hp-left,unknown,0
31177.600565817535,4-right,unknown,0
31221.79951617498,finish,unknown,0
