39.609149684906,5-right,unknown,0
105.60291347503663,slight-left,dont-cut,0
146.4521088790894,4-right,unknown,0
186.81316490173336,4-right,unknown,0
226.14183511734007,2-right,unknown,0
256.5387388420105,1-left,unknown,0
302.4256209373475,square-right,unknown,0
334.1189838790893,square-right,unknown,0
365.93448957443235,square-left,dont-cut,0
389.9046931362156,5-right,unknown,70
510.97940232276886,5-right,unknown,40
572.5418376636514,5-right,unknown,0
625.3293307399761,6-left,unknown,30
668.0905203723917,6-right,double-caution,0
742.0177109622967,crest,unknown,0
827.5534425067912,square-left,unknown,0
895.371400136949,6-right,unknown,0
933.4099837398539,slight-left,unknown,0
995.4943604564671,crest,unknown,0
1054.6122838878644,5-right,unknown,0
1094.6509500789657,2-right,unknown,0
1127.825147142411,slight-right,unknown,0
1191.0045862197887,2-left,unknown,0
1257.9817171859736,4-right,unknown,0
1290.943185100555,6-right,unknown,0
1328.3021035957327,1-left,unknown,90
1445.8087700653068,4-right,unknown,0
1519.132100372312,5-left,unknown,0
1573.1946126556372,5-right,unknown,50
1737.2040536498985,6-right,unknown,0
1844.1412888336138,6-left,unknown,0
1985.6894123840286,crest,unknown,0
2122.216484146112,slight-right,unknown,130
2246.6632854461586,jump,unknown,50
2293.501609268177,jump,unknown,50
2358.138373947132,crest,unknown,80
2464.6136020660274,5-right,unknown,90
2625.1139638519126,jump,unknown,0
2735.825375213605,slight-right,unknown,0
2796.7276008987265,crest,unknown,0
2838.8107702636544,bump,unknown,60
2894.9825894164887,3-right,unknown,0
2986.3706772231862,4-left,unknown,130
3193.609324588756,jump,unknown,80
3301.7820218467537,jump,caution,0
3396.144066295607,3-right,unknown,50
3452.4745774268927,4-left,unknown,40
3545.9078999137696,6-right,unknown,0
3645.9896179008324,bump,unknown,70
3703.775868053417,6-left,unknown,0
3816.0333781623654,4-right,unknown,50
3905.931779689768,3-left,unknown,0
4037.564657688117,crest,unknown,0
4090.2129892730477,slight-right,unknown,120
4262.492059135416,crest,unknown,40
4341.251335678076,crest,unknown,40
4409.782387580845,4-right,unknown,0
4470.038060455294,3-left,unknown,150
4631.481175880397,jump,unknown,40
4737.380436706504,5-left,unknown,50
4807.48054588314,2-right,unknown,0
4918.948541431389,3-left,dont-cut,0
4991.10320623395,5-right,unknown,0
5063.442843856781,2-right,unknown,0
5100.03926080701,6-right,unknown,0
5136.742247943849,slight-left,unknown,50
5191.160737037628,3-left,unknown,0
5276.564989089937,slight-right,widen,60
5343.215094985936,slight-left,unknown,40
5430.079223060581,5-right,unknown,60
5636.045188331565,jump,unknown,80
5734.8156509780465,6-right,unknown,0
5826.0086629867155,5-left,unknown,40
5897.521036491355,bridge,unknown,120
6126.7538863372365,5-right,dont-cut,280
6447.90531963344,3-left,unknown,0
6511.160695724442,6-right,unknown,40
6610.747792549099,4-right,unknown,0
6709.778498611408,4-left,unknown,0
6785.960221252398,crest,unknown,0
6869.967646751359,4-right,unknown,0
6921.750815811114,crest,unknown,0
6961.715794753988,crest,unknown,0
6983.57159801479,5-left,widen,40
7044.26034950002,6-left,unknown,0
7100.294841897325,6-right,unknown,180
7406.594933335615,slight-right,unknown,70
7542.338269936871,slight-left,unknown,0
7740.017055337255,6-right,unknown,30
7874.694332597083,crest,caution,0
7956.610422952006,crest,caution,0
7982.6354575131645,5-right,unknown,0
8039.380450837443,5-left,unknown,0
8086.590958382915,crest,unknown,100
8225.399572236365,6-right,unknown,60
8292.660586221038,slight-left,unknown,0
8396.716417939484,crest,unknown,0
8455.78451753361,crest,unknown,0
8470.52576112492,jump,unknown,0
8511.96178201421,jump,unknown,0
8526.948608262383,5-right,unknown,60
8603.73123489127,5-right,unknown,0
8674.654373891199,4-left,unknown,180
8856.331903073626,slight-right,unknown,0
8978.701001584364,4-right,unknown,60
9074.00948142751,3-left,unknown,0
9161.668165623993,6-left,unknown,120
9292.73735313162,3-right,unknown,0
9446.686200215667,3-left,unknown,30
9530.371487023698,jump,unknown,100
9617.583914468158,slight-right,unknown,0
9720.46012838113,crest,unknown,0
9774.043846566548,slight-right,unknown,150
10262.792118546831,4-left,unknown,0
10415.942471024859,4-right,unknown,0
10514.337728116378,4-left,unknown,0
10580.52332267509,5-right,unknown,0
10623.696214597092,4-left,unknown,0
10685.576855332713,6-right,unknown,0
10744.52020223365,4-right,unknown,0
10840.474713036883,3-left,unknown,0
10873.739960286495,4-right,unknown,0
10915.673188588506,6-left,unknown,0
10961.391073586821,6-left,unknown,70
11048.118807961828,slight-right,caution,0
11153.19711866129,2-right,unknown,40
11208.710187604305,4-right,unknown,30
11268.026418473595,2-left,unknown,0
11319.171340424886,2-left,widen,50
11367.057489240047,slight-right,unknown,0
11423.95375282037,slight-left,unknown,0
11461.931064908376,3-right,unknown,0
11506.442522885678,crest,unknown,0
11533.035820271849,3-left,unknown,30
11567.135575196628,slight-left,unknown,0
11627.928954694145,6-right,unknown,50
11707.448986661308,crest,unknown,0
11738.416832959532,5-left,unknown,0
11783.979358518,crest,unknown,40
11827.812687871323,slight-left,unknown,50
11883.223514859535,3-left,unknown,80
12006.277557694772,3-right,unknown,0
12083.771298444131,3-left,unknown,0
12150.294446828222,2-right,unknown,0
12205.232012078612,crest,unknown,0
12273.286133038857,1-left,unknown,0
12301.516412904126,3-right,unknown,40
12366.269976737352,3-left,unknown,0
12424.10021725401,4-right,unknown,0
12475.600747744891,2-right,unknown,30
12524.100191085186,square-left,unknown,40
12590.172554728837,hp-left,bridge,30
12675.232722375247,hp-right,unknown,0
12714.452136847829,4-left,unknown,30
12754.604015767425,square-left,unknown,50
12815.493522851308,2-right,unknown,0
12879.022212006892,slight-left,unknown,40
12936.36251208051,1-right,unknown,0
12993.779782607407,crest,unknown,30
13023.986702563623,4-left,unknown,0
13072.64230303512,6-right,unknown,0
13163.85564867721,6-left,unknown,40
13257.363152873379,2-right,unknown,30
13338.595318515168,6-left,unknown,0
13400.005539271704,4-right,dont-cut,0
13471.06534025894,crest,unknown,0
13489.38110102402,1-right,unknown,30
13528.879361655581,2-left,unknown,0
13585.941577308033,slight-left,unknown,0
13635.297332866048,4-right,unknown,40
13677.475903231956,1-left,dont-cut,30
13775.927867476805,6-left,unknown,0
13831.562905299521,slight-right,unknown,50
13919.550543238971,crest,unknown,0
14026.480299250936,4-left,unknown,0
14077.751015307764,5-right,unknown,50
14156.707166507103,6-left,unknown,30
14256.099776980742,4-right,unknown,50
14373.284948451392,crest,unknown,0
14483.295319583302,6-right,unknown,0
14543.470202243216,6-left,unknown,50
14638.415880153074,6-left,unknown,0
14726.534494655014,4-left,unknown,0
14801.350735690487,4-right,unknown,0
14844.771213366881,crest,unknown,0
14883.066592547784,5-left,unknown,0
14927.133492038136,6-right,unknown,0
14984.01665995347,6-left,unknown,50
15039.917697512981,crest,unknown,0
15122.031215007175,crest,unknown,0
15145.400423686375,3-right,unknown,60
15211.30030985581,slight-right,unknown,0
15310.304247424472,crest,unknown,0
15340.653371951452,crest,unknown,0
15368.635318171851,slight-right,unknown,0
15431.48166899429,3-left,unknown,60
15495.281294848786,slight-left,unknown,0
15576.381428515768,5-right,unknown,0
15629.93186487899,3-left,dont-cut,50
15694.28141447769,4-left,unknown,0
15784.830678012231,4-right,unknown,120
15978.981019999837,6-left,unknown,0
16096.969206378308,slight-right,unknown,0
16154.439050090175,slight-left,unknown,100
16261.145390498516,jump,unknown,40
16386.591436755534,slight-right,unknown,0
16507.294540545823,jump,unknown,0
16525.578301265126,slight-left,unknown,0
16587.43478201615,slight-right,unknown,0
16658.975403506636,slight-left,unknown,100
16853.69593317737,5-left,unknown,0
16937.404171664588,square-right,unknown,50
17022.06868706453,slight-right,unknown,0
17066.3423611139,6-left,unknown,80
17228.382566687927,slight-right,unknown,70
17395.36064232573,slight-right,unknown,40
17512.27825562226,dip,unknown,0
17564.88109978425,dip,unknown,0
17591.5707624887,bridge,unknown,0
17621.703386199326,bridge,unknown,0
17631.357265937182,square-left,widen,0
17680.29637406097,5-right,unknown,0
17717.951059768053,bump,unknown,50
17773.981066539152,6-left,unknown,0
17845.90794016586,4-left,unknown,0
17897.434889895783,5-right,unknown,0
17958.633461215355,slight-left,unknown,60
18067.459558093426,6-left,caution,70
18263.1447563814,6-right,unknown,0
18400.709292399773,jump,unknown,0
18470.74855662099,jump,unknown,0
18531.24391779653,slight-left,unknown,0
18589.697189013878,bump,unknown,0
18650.904006259352,4-right,unknown,0
18694.87513890019,1-left,unknown,0
18735.24426260701,square-right,unknown,30
18809.13509627098,5-left,unknown,0
18839.55701630348,1-right,bridge,0
18871.69800955529,square-left,unknown,0
18910.49805333849,square-left,unknown,180
19075.86689379447,6-right,unknown,40
19124.74683031791,4-right,unknown,40
19190.701931979598,5-left,unknown,30
19304.865659437917,6-right,unknown,0
19367.75461260867,4-left,unknown,0
19446.75721312596,5-right,unknown,0
19519.915190649765,slight-right,unknown,50
19565.386711302523,slight-right,unknown,0
19671.338516951324,3-left,widen,160
19896.269559031243,crest,unknown,0
19964.254333391887,6-right,unknown,0
20021.690583163003,slight-left,unknown,0
20071.439024439547,5-right,unknown,0
20126.030077334137,6-left,unknown,50
20189.793253985143,4-right,unknown,0
20307.97133202624,slight-left,unknown,70
20364.419359293708,5-right,unknown,30
20476.02839299273,6-left,unknown,0
20590.461017924074,2-left,unknown,50
20669.712790976293,6-right,unknown,0
20746.8929688747,jump,unknown,0
20819.33548619343,jump,unknown,0
20836.303043719072,6-right,unknown,0
20931.276659556177,crest,unknown,0
20982.93765320853,slight-right,unknown,30
21034.526336832794,jump,unknown,0
21077.623481722618,5-left,unknown,70
21235.970761271255,slight-right,unknown,0
21305.087594481258,crest,unknown,30
21342.778603659426,crest,unknown,30
21410.640844107427,4-right,unknown,40
21497.02149157602,4-left,unknown,30
21584.4902526005,3-right,unknown,0
21651.302513113806,6-left,unknown,0
21725.017952318965,bump,unknown,40
21796.489751063167,slight-right,unknown,0
21860.753707514566,6-left,unknown,40
21928.003426867286,6-right,unknown,50
22085.200285387786,crest,unknown,0
22172.19774434164,bump,unknown,0
22202.841592760844,slight-left,unknown,0
22295.85253655507,crest,unknown,0
22314.363091326508,5-right,unknown,0
22368.10687554435,6-left,unknown,0
22407.70442771033,slight-left,widen,0
22503.485841513426,crest,unknown,0
22521.590186758793,slight-left,unknown,0
22572.36849059181,crest,unknown,0
22628.1212041767,3-right,unknown,90
22707.83898633079,slight-right,unknown,100
22807.597023363855,crest,unknown,90
22883.959840555926,crest,unknown,90
23065.170553751715,crest,unknown,0
23151.81008397176,6-left,dont-cut,50
23209.458294268396,jump,caution,0
23279.518913164902,crest,unknown,0
23345.338173724,6-right,unknown,0
23396.80358410914,6-left,unknown,40
23461.66390069087,6-right,unknown,50
23553.101287413418,5-right,unknown,40
23642.301657744247,4-left,unknown,0
23764.76571593365,crest,unknown,0
23851.55479750711,6-left,unknown,30
23902.314073820908,slight-right,unknown,0
23988.005961638297,slight-left,unknown,0
24055.24193251688,5-right,unknown,40
24126.76151545603,6-right,unknown,0
24225.959423933793,2-left,unknown,0
24301.364805460737,crest,unknown,0
24336.57022315102,crest,unknown,0
24355.321442347344,5-right,unknown,0
24420.708111010368,4-right,unknown,0
24509.943039032583,slight-left,unknown,0
24579.53033542312,5-right,widen,0
24673.678973379916,4-left,unknown,40
24750.816540594904,crest,unknown,0
24817.46453410228,6-right,unknown,0
24867.076083479733,6-left,unknown,0
24911.732422324047,slight-right,widen,0
24958.465291167144,crest,unknown,30
25009.264382925867,crest,caution,0
25057.298443632957,3-left,unknown,40
25094.116858149417,6-right,unknown,0
25128.13660092438,6-right,unknown,0
25140.18727704132,4-right,unknown,60
25279.195892191794,bump,unknown,0
25375.48588093842,crest,unknown,50
25429.982587748407,6-left,unknown,40
25514.432838526616,5-right,unknown,60
25579.00258385743,5-left,unknown,0
25732.843559504425,crest,unknown,0
25797.176574641147,crest,unknown,0
25865.535408106716,crest,unknown,0
25880.154295092492,slight-right,unknown,0
25943.714053393272,4-left,unknown,40
26003.630208178434,slight-right,unknown,80
26119.217594481357,crest,unknown,40
26224.10920207107,5-left,unknown,90
26331.04349879348,slight-right,unknown,40
26439.399245673034,4-left,unknown,50
26559.835979987005,5-right,unknown,0
26713.783637648463,slight-left,unknown,40
26830.295715285185,5-right,unknown,0
26883.85654673659,crest,unknown,50
26969.565804205777,crest,unknown,30
27041.194422140954,6-left,unknown,40
27102.977897139426,4-left,unknown,0
27229.022995291587,6-right,unknown,60
27305.067615576623,3-right,caution,0
27394.225329695553,crest,unknown,120
27496.236718989272,6-left,unknown,40
27596.74569470491,crest,unknown,60
27707.993527460956,4-right,unknown,0
27842.79838540166,crest,unknown,0
27879.31836037725,3-left,unknown,50
27926.195642538965,5-right,unknown,40
27980.457202216083,bump,caution,0
28088.778450385016,2-left,unknown,0
28139.754020529697,2-right,unknown,40
28188.68582642649,6-left,unknown,80
28314.05544011211,slight-left,unknown,0
28483.834709177943,slight-right,unknown,0
28598.25169251535,4-left,unknown,0
28640.569116221406,bump,unknown,0
28689.06734347437,bump,unknown,0
28702.83229189966,5-right,unknown,100
28786.819455367073,crest,unknown,0
28847.52491446588,crest,unknown,0
28870.779671088196,4-right,unknown,0
28924.077612410518,5-right,unknown,50
29014.280636397332,crest,unknown,0
29089.989878722183,square-left,unknown,0
29135.778099089628,square-left,unknown,0
29153.337457343107,bridge,unknown,40
29208.686984797503,1-right,unknown,0
29246.385161286376,4-left,unknown,0
29275.99066637136,slight-right,unknown,0
29312.692104340575,6-right,unknown,0
29378.941614151965,3-left,unknown,0
29418.007103100794,crest,unknown,40
29509.91687772849,slight-right,unknown,50
29553.49489517311,5-right,unknown,40
29622.767188073172,6-right,unknown,0
29736.21714538674,slight-right,unknown,50
29859.90555030922,5-left,unknown,100
30029.752206421927,slight-right,unknown,40
30121.34737463101,6-left,unknown,80
30196.380189114654,crest,unknown,0
30237.33773798093,crest,unknown,0
30313.19810918913,slight-left,unknown,0
30385.99916036709,4-right,unknown,50
30428.713118210868,6-left,unknown,40
30534.40014042355,5-right,unknown,40
30619.008896984815,3-left,unknown,130
30834.62528983199,5-right,unknown,30
30953.34499987685,5-left,unknown,0
31028.68239697538,crest,unknown,0
31082.878750696997,crest,unknown,0
31133.110477801176,6-right,unknown,80
31333.70401532253,2-right,narrow,0
31443.76001172146,3-right,unknown,0
31478.520852270944,6-left,unknown,80
31637.659699717373,6-right,unknown,50
31714.885995665423,2-right,caution,0
31806.71480958068,3-left,unknown,0
31835.605435610632,finish,unknown,0
