0,acute-hp-right,unknown,0
0,straight,unknown,50
47.01781152725222,3-right,unknown,140
199.68337484359745,slight-left,twisty,60
325.8493050193785,4-right,unknown,220
556.0706674003595,slight-right,twisty,40
727.543751125335,2-left,unknown,50
809.1013633728019,crest,unknown,90
874.2521922111499,slight-left,twisty,140
1112.2367548942548,left-entry-chicane,twisty,280
1408.4758407974207,6-left,unknown,120
1531.6422265624972,3-right,unknown,140
1777.1034010696399,4-left,unknown,150
1955.3208790206893,crest,unknown,100
2099.229385604858,4-right,unknown,50
2222.4968275451643,6-left,unknown,40
2338.090363006589,2-right,unknown,150
2483.6816294860814,3-right,unknown,140
2637.3815639877284,6-left,unknown,0
2759.637188148495,slight-right,unknown,0
2817.3083413696236,1-left,unknown,0
2860.3135931777906,slight-left,unknown,170
3012.3712319564775,slight-right,twisty,70
3147.8961394882162,2-right,unknown,50
3246.6198534011805,square-left,unknown,40
3353.3611896514885,5-right,unknown,50
3412.9151297950757,6-left,unknown,0
3490.7299442482,3-left,twisty,100
3615.285536975863,4-right,unknown,160
3829.1322885322597,slight-right,unknown,0
3970.556108913426,3-right,unknown,130
4067.425172786716,5-left,unknown,40
4189.574892253875,4-right,unknown,30
4298.5865581321705,1-right,unknown,0
4402.674660663612,4-left,unknown,0
4455.594861011515,4-right,unknown,0
4537.400907459265,slight-left,unknown,0
4620.215809993751,slight-right,twisty,40
4682.737404460916,4-right,unknown,60
4890.90279424668,2-right,unknown,40
4988.918758697521,1-left,unknown,30
5095.342035369888,4-right,twisty,0
5176.922777328501,slight-left,twisty,40
5284.864488372811,6-right,unknown,0
5369.347180862432,crest,unknown,120
5620.229621467601,slight-left,unknown,80
5769.933214607252,3-left,unknown,60
5886.6485036468675,2-right,unknown,100
6062.20941658021,3-right,unknown,0
6167.98444866181,crest,unknown,0
6269.470726737978,3-left,unknown,80
6421.342060279847,3-left,unknown,0
6538.374970474252,crest,unknown,0
6681.163961067207,1-left,unknown,0
6769.776018333442,6-left,unknown,280
7010.075368270898,6-left,unknown,0
7153.176525154139,4-right,unknown,0
7218.798823738123,crest,unknown,50
7277.384621315031,square-left,dont-cut,90
7364.569191799187,slight-left,twisty,70
7437.970549354576,4-right,twisty,80
7553.355780258199,slight-left,unknown,30
7688.191600418114,2-right,unknown,120
7839.517082309744,4-left,unknown,100
7940.714821224236,2-left,caution,90
8057.411340122245,slight-left,twisty,0
8161.219493427282,slight-right,unknown,0
8219.101645870216,5-right,unknown,70
8330.720758495338,5-left,widen,40
8421.050907869343,hp-right,unknown,40
8500.30768589974,4-right,widen,90
8613.092903137209,3-right,unknown,40
8713.121493492126,3-left,unknown,0
8826.835273666382,4-left,unknown,40
8876.95005046844,6-left,unknown,50
9038.4469506073,square-right,dont-cut,0
9101.454446735392,square-right,dont-cut,0
9124.46936737062,6-left,unknown,0
9242.553607997903,5-left,unknown,70
9336.747131176004,6-left,unknown,50
9445.303823108672,3-left,unknown,70
9546.155125789646,slight-right,twisty,0
9660.652866306309,4-right,unknown,90
9793.691584453598,4-right,twisty,70
9958.775632381452,bump,unknown,80
10051.168386707308,3-left,unknown,0
10159.72734697342,crest,unknown,80
10208.78118494034,square-left,unknown,0
10319.167684917458,1-right,dont-cut,0
10367.806537265786,slight-left,widen,0
10408.29085309982,slight-right,twisty,0
10442.53403190613,6-left,widen,0
10646.69514831542,6-left,unknown,70
10728.464609336856,3-right,unknown,0
10839.777382965087,square-right,unknown,80
11030.113445129406,slight-right,unknown,0
11100.50524076462,6-left,unknown,50
11156.674881114966,crest,unknown,40
11233.733863010413,3-right,unknown,120
11354.517016315482,6-right,widen,40
11479.83277360919,slight-left,twisty,120
11554.586109180473,4-left,caution,130
11716.792920475033,jump,unknown,100
11874.84392999652,4-left,unknown,0
11992.905539264715,6-right,unknown,0
12070.86002279285,1-right,unknown,50
12161.770876293222,square-left,dont-cut,60
12297.318857917822,crest,unknown,100
12391.560131874123,4-right,unknown,0
12541.455429534944,4-right,widen,0
12594.846215190904,6-right,unknown,0
12630.931972904222,jump,unknown,0
12694.575019397751,slight-left,twisty,0
12770.518073635118,3-right,unknown,30
12831.89020132066,3-left,unknown,70
12934.600637340565,crest,twisty,0
13025.425710086836,3-right,unknown,0
13090.648450336472,6-left,unknown,0
13210.270365390792,square-left,dont-cut,0
13261.483809986123,6-right,unknown,0
13315.746681003582,3-right,unknown,80
13423.852848262808,jump,unknown,50
13531.93297315599,crest,unknown,60
13599.633141994493,slight-left,twisty,120
13887.727538299594,6-left,unknown,180
14041.781522312212,slight-right,twisty,130
14213.477928257034,6-left,caution,0
14383.397551899005,5-left,twisty,50
14504.431358509113,3-right,unknown,160
14658.968856029562,2-left,unknown,0
14783.733648014124,bridge,unknown,0
14828.272493114528,square-left,widen,170
14945.687118797354,3-left,unknown,0
15046.228424911547,slight-right,unknown,60
15145.71328090673,4-right,unknown,0
15225.378764305167,6-right,unknown,220
15449.953494300906,slight-left,caution,80
15625.586504020748,slight-right,unknown,0
15741.532122764653,4-left,unknown,0
15816.77071338661,5-left,unknown,0
15883.89510002143,6-right,unknown,140
16185.124408264233,6-right,unknown,220
16425.184239807233,2-left,unknown,280
16842.81062644431,6-right,unknown,200
17068.26776416247,acute-hp-right,narrow,60
17126.44235103076,acute-hp-right,narrow,60
17227.80702193683,square-left,narrow,60
17313.344034380374,crest,caution,0
17389.351484255247,crest,caution,0
17397.00754596179,square-right,unknown,0
17425.29188731618,finish,unknown,0
17436.752164492085,6-right,unknown,0
17483.53971946188,6-left,unknown,80
17567.015756372894,square-right,unknown,30
17651.895689291418,2-left,unknown,60
17713.070461019925,3-left,unknown,0
17786.120018820213,square-left,widen,120
17861.521967615517,6-right,unknown,130
18002.48110217513,4-right,unknown,0
18130.385578607937,slight-left,twisty,100
18226.005323938763,slight-right,twisty,0
18375.77821921773,bridge,unknown,50
18438.66984599538,crest,unknown,0
18504.53079802937,4-right,twisty,0
18567.313040575435,4-left,unknown,0
18632.778596376815,4-right,twisty,0
18693.674344896714,5-left,unknown,0
18750.20747092667,6-right,dont-cut,0
18808.885451197068,6-left,unknown,80
18906.071345705433,6-left,unknown,100
19026.017341799175,hp-left,unknown,0
19145.739377626807,6-right,unknown,0
19240.440932974234,4-right,twisty,0
19330.374838842774,2-right,unknown,130
19502.518404554747,6-left,unknown,50
19606.05912675322,crest,unknown,0
19692.066757292163,4-right,twisty,120
19884.687115644796,jump,unknown,50
20019.132195066803,slight-right,unknown,0
20083.504867796306,slight-left,twisty,80
20155.762183279403,slight-right,caution,40
20246.842045645117,3-left,unknown,0
20347.249535574305,6-right,dont-cut,130
20499.171444296207,crest,unknown,120
20651.092915510486,slight-left,twisty,50
20809.790402845687,jump,unknown,0
20912.480061506558,4-right,dont-cut,50
21086.316005071927,3-left,unknown,90
21206.432113928156,3-left,dont-cut,40
21332.994581465086,crest,unknown,70
21405.99446546015,crest,unknown,60
21491.756133436542,slight-left,twisty,120
21619.477936109914,6-left,unknown,80
21792.10589791719,crest,unknown,0
21906.772915281694,4-right,twisty,0
21978.412617773465,3-left,unknown,30
22039.91852937166,1-right,unknown,50
22128.66191869203,5-left,unknown,40
22183.1592065758,slight-right,twisty,0
22253.783230738074,3-right,unknown,80
22320.843150934623,5-left,unknown,100
22460.25665812913,slight-right,caution,0
22598.286458925624,6-right,unknown,0
22699.99289088666,crest,unknown,0
22776.303005098707,5-right,unknown,0
22842.982490839364,4-left,unknown,80
22911.554241976137,slight-right,twisty,60
23019.737989153255,5-left,unknown,90
23110.169436601987,crest,unknown,220
23338.929183916436,acute-hp-right,dont-cut,0
23546.374609636656,slight-right,twisty,0
23580.749085478175,slight-left,unknown,0
23643.28557097852,4-left,unknown,0
23709.475955843325,3-right,dont-cut,80
23798.153375734688,jump,unknown,50
23891.982109827397,6-right,unknown,100
24023.36946540295,crest,unknown,0
24098.245173792224,crest,unknown,0
24128.746091989855,4-right,dont-cut,40
24224.96138545453,hp-left,unknown,120
24427.86907412945,crest,caution,0
24477.453074907637,crest,caution,0
24516.368425478293,hp-right,unknown,130
24736.88260976255,hp-right,widen,50
24822.732716326125,4-left,unknown,60
24889.49546542588,crest,unknown,0
24960.395232614897,2-left,dont-cut,0
25019.75960284652,4-right,unknown,50
25189.42601809918,acute-hp-right,unknown,0
25272.11465751113,5-right,unknown,40
25314.552871584307,3-right,unknown,90
25403.966174463618,3-right,caution,0
25527.72557170328,acute-hp-right,unknown,100
25628.829727892255,2-right,unknown,0
25720.975660127973,1-left,caution,100
25789.299163469674,slight-left,unknown,0
25902.370450243347,jump,unknown,50
25951.618980173454,slight-left,unknown,0
26054.121246790273,square-right,unknown,40
26095.485974878655,3-right,unknown,0
26153.377585796723,2-left,dont-cut,70
26195.65997593345,acute-hp-right,unknown,0
26285.267801784907,crest,unknown,30
26314.87402239267,1-right,unknown,350
26551.564663071047,acute-hp-right,unknown,0
26704.263240837477,1-right,unknown,80
26793.417223972712,crest,unknown,100
26866.495754207997,4-left,unknown,140
27013.430848774315,6-left,unknown,140
27249.485230488182,4-left,dont-cut,140
27524.557045750036,5-right,unknown,50
27662.7444889492,crest,unknown,70
27781.574360584626,4-right,unknown,50
27903.428846935654,slight-right,twisty,70
27990.51551197473,5-left,dont-cut,0
28100.577671169685,6-right,unknown,180
28261.895009464686,1-right,dont-cut,0
28433.214911808434,slight-left,twisty,120
28549.872664761006,4-right,unknown,280
28825.933477711154,3-left,caution,130
29039.23944305845,slight-left,twisty,80
29285.116543430766,crest,unknown,0
29403.476531605193,crest,unknown,0
29468.211450962495,slight-right,twisty,0
29550.454807590922,4-right,unknown,0
29629.110995335057,5-left,dont-cut,120
29730.167158054785,jump,unknown,40
29818.608716053448,slight-left,twisty,170
29995.45642311522,crest,caution,0
30199.65714065976,4-right,unknown,0
30273.836900944163,6-left,unknown,0
30346.780550846524,4-left,unknown,0
30442.27630264706,bump,unknown,50
30511.32892155117,3-right,unknown,0
30577.636809467716,3-left,unknown,120
30673.01704296534,slight-right,caution,0
30881.19082169004,6-left,unknown,40
30966.62381226013,2-left,dont-cut,0
31022.111628002614,3-left,unknown,160
31211.69050903748,crest,unknown,80
31342.890637745342,3-left,dont-cut,60
31413.786949696034,6-right,unknown,100
31528.137654423193,4-right,unknown,40
31678.709477772205,3-left,unknown,0
31777.40859104582,5-left,unknown,50
31856.061690906958,1-right,dont-cut,200
32032.167246975354,finish,unknown,0
