0,straight,unknown,40
73.0375050163269,slight-left,unknown,100
201.2353761863708,jump,unknown,40
260.84909753799434,crest,unknown,60
355.94986562728894,6-right,unknown,0
432.04690061569244,crest,unknown,100
539.5146951103214,6-left,unknown,0
632.0412497901915,3-left,unknown,80
738.3160983848566,crest,unknown,30
796.2396758842466,6-right,unknown,0
855.6810085868832,4-right,unknown,30
910.7873272132871,slight-right,unknown,40
963.9643913459774,4-left,unknown,50
1043.092447452545,crest,unknown,180
1328.794002285004,3-left,unknown,70
1575.160686160026,3-left,unknown,40
1679.1305022534716,6-left,unknown,30
1741.1766817197197,5-right,unknown,60
1821.981954165399,slight-left,twisty,0
1925.4380846509334,6-right,unknown,60
1993.4930320462572,crest,unknown,0
2064.2406685361266,crest,unknown,30
2130.586631480156,3-left,unknown,40
2243.440571795406,square-right,unknown,0
2297.5810229215062,bump,unknown,30
2354.8254241189397,6-left,unknown,0
2451.3474274453574,4-left,unknown,0
2494.613447915024,5-left,unknown,0
2556.8042986688074,5-right,dont-cut,40
2599.022271386092,6-left,unknown,50
2685.3619364938163,crest,unknown,30
2729.963716355268,4-left,unknown,0
2784.5403900918404,5-right,unknown,0
2834.5882706078937,5-left,unknown,0
2892.458994027081,6-right,unknown,0
2941.5326061639203,slight-left,unknown,0
2990.4373537072543,5-right,unknown,40
3060.5967370232943,bump,unknown,0
3092.3060272988664,4-right,unknown,0
3141.0036109170283,4-left,unknown,0
3192.958731995518,5-right,unknown,40
3295.742727051673,finish,unknown,0
