0,6-left,unknown,30
5.6173152923584,5-left,unknown,0
53.31031091690064,5-right,bridge,0
124.7433166694641,4-left,unknown,70
246.29601884841907,6-left,unknown,0
347.7630909156798,6-right,unknown,0
392.8872032356263,5-right,unknown,0
461.2154500389102,5-left,unknown,30
514.603478946686,4-right,unknown,0
572.6934161567697,crest,unknown,40
602.8947870445262,crest,unknown,40
637.6241660118113,6-right,unknown,0
704.0841311073317,6-left,unknown,0
762.9931721305862,4-right,unknown,0
903.641650142672,bump,unknown,0
912.8851543808008,crest,unknown,0
947.8196093368559,5-right,unknown,30
992.2399055480989,square-left,unknown,70
1059.3903733825719,6-left,unknown,50
1141.7014799785647,4-right,unknown,50
1230.63526694298,crest,unknown,40
1277.0186824703242,crest,unknown,40
1339.5971944332157,6-left,unknown,70
1399.673288984302,6-left,unknown,0
1517.8748161983513,5-right,unknown,40
1618.8887808132197,4-right,unknown,70
1682.9185173702272,4-left,unknown,80
1807.7209829235092,4-right,unknown,0
1932.6140676403072,4-left,unknown,120
2051.3132987880736,crest,unknown,30
2144.6986160564456,crest,unknown,40
2203.3537217235607,3-right,unknown,40
2303.5723304653216,6-left,unknown,0
2368.4234799099013,4-left,unknown,120
2517.3737647533444,3-right,unknown,130
2702.514561643599,6-left,unknown,0
2801.8173649120313,jump,unknown,40
2849.8939132595037,jump,unknown,40
2921.7684516811373,jump,unknown,30
2962.150885152816,jump,unknown,30
2995.901798238754,slight-left,unknown,0
3063.6956248760243,slight-right,unknown,80
3130.2876645946517,5-left,unknown,100
3219.889208669667,finish,unknown,0
3306.5004634380407,finish,unknown,0
