0,straight,unknown,170
114.87129515647884,square-right,unknown,100
259.3221862506866,crest,unknown,80
326.8774617481233,square-right,unknown,200
597.9032729816442,1-left,unknown,130
797.2422805118558,jump,unknown,30
873.9260804462435,1-right,unknown,50
941.0742746448515,crest,unknown,100
1025.571798734665,1-left,unknown,80
1124.2719656848926,6-right,unknown,100
1190.065239801409,4-right,unknown,60
1280.169123544697,slight-right,unknown,0
1379.2377391529121,square-right,unknown,180
1522.226580312258,crest,caution,0
1611.9870481848761,square-left,unknown,40
1652.9923306059875,slight-right,unknown,0
1704.13238572598,crest,unknown,70
1755.4054472112716,crest,unknown,50
1929.024975657471,crest,unknown,130
2125.3848585271908,1-left,unknown,40
2274.6985735845637,crest,unknown,30
2326.14542092801,square-right,unknown,30
2418.0217784834017,1-right,unknown,0
2460.7630006536756,3-left,unknown,110
2556.1230200895575,3-right,unknown,50
2666.7810042127835,3-right,unknown,40
2742.9860574278086,6-left,unknown,150
2882.9640117964,square-right,unknown,60
3030.104193051743,3-left,unknown,30
3086.99947814314,crest,unknown,0
3128.572032483503,crest,unknown,0
3151.868831647321,dip,unknown,0
3190.045782597943,jump,unknown,40
3231.8162101110674,5-left,unknown,0
3273.823207257672,crest,unknown,40
3360.3765619024507,2-left,unknown,0
3427.743997167036,2-right,unknown,30
3469.8229055914153,4-left,unknown,0
3597.915567716053,jump,unknown,120
3688.735871251515,bump,unknown,0
3787.588058637072,crest,unknown,0
3837.962898267198,4-left,unknown,70
3879.321639951159,square-right,unknown,80
3986.477225755142,acute-hp-right,unknown,0
4055.4474934705986,6-right,unknown,0
4077.639762919832,6-left,unknown,60
4105.03496193259,6-right,unknown,0
4175.512427733833,5-left,unknown,60
4307.740560325084,finish,unknown,0
