0,slight-left,unknown,60
23.600518674850466,crest,unknown,80
101.30996541023254,slight-left,unknown,30
192.47320389747617,slight-right,unknown,80
252.7436293506622,bump,unknown,90
361.53035569190996,1-left,unknown,30
466.63073445320146,crest,unknown,0
525.3093771076204,crest,unknown,0
542.5215910434727,4-right,unknown,0
622.4884673786167,crest,unknown,80
727.2015714740759,3-left,unknown,100
846.2465823459627,square-right,unknown,30
955.8932277774811,4-right,cut,30
1017.7138692379004,3-left,unknown,0
1100.4607330226866,2-right,unknown,100
1239.7508874034847,5-left,unknown,30
1338.0874491023978,3-right,unknown,140
1528.265457448955,jump,unknown,40
1639.0414205837214,jump,unknown,0
1705.7796791362734,jump,unknown,50
1762.1723086833927,5-right,unknown,0
1837.3427440166445,3-left,unknown,0
1895.1831886196103,crest,unknown,0
1941.7712030696848,crest,unknown,0
1987.6940463161452,6-left,unknown,0
2056.9899669933293,bump,unknown,0
2099.435565176007,crest,unknown,0
2161.5660055065123,crest,unknown,50
2223.0025519084897,2-right,unknown,0
2301.187446165081,6-left,unknown,40
2385.7059014415718,crest,unknown,70
2499.2243511486076,slight-left,unknown,60
2599.008352613453,jump,unknown,0
2669.561760511399,5-left,unknown,0
2735.1746131038685,crest,unknown,0
2791.156153326037,6-right,unknown,0
2847.8562658596074,4-right,unknown,50
2950.2453724956554,5-left,unknown,40
3039.8644034099602,5-right,unknown,0
3126.569580373766,3-right,unknown,0
3179.0876177501705,jump,unknown,50
3240.874639081955,crest,unknown,50
3316.6605934810614,3-left,caution,30
3430.0336760234795,3-right,unknown,0
3519.1559287929504,crest,unknown,0
3536.938292531964,5-left,unknown,40
3574.5212521457624,5-right,unknown,70
3666.974354295726,6-left,unknown,40
3794.427940995687,jump,unknown,90
3874.5264187788903,slight-right,unknown,60
3981.174284875387,6-right,unknown,0
4057.8368784499103,crest,unknown,30
4106.00177995443,crest,unknown,30
4148.841041696067,4-right,unknown,0
4230.947984941003,slight-left,unknown,120
4304.956920449732,jump,unknown,50
4426.088137757779,5-left,unknown,40
4508.089725434782,4-right,unknown,60
4624.535220544343,crest,unknown,70
4665.503011567596,crest,unknown,70
4730.681022384993,crest,unknown,70
4764.024189183207,finish,unknown,0
