0,slight-left,twisty,0
21.034963102340694,1-right,unknown,0
75.38707285881046,slight-right,unknown,70
144.30251313209536,6-left,unknown,0
229.5825816822054,4-right,unknown,0
297.3148000812533,3-left,unknown,0
345.04707871437085,3-left,unknown,180
493.1426982212071,1-right,unknown,50
543.9528353405003,2-left,unknown,40
591.3912539577491,slight-left,unknown,30
656.9823127460484,6-right,unknown,50
731.9593357372289,4-left,unknown,30
788.4068302440646,4-left,unknown,30
823.7813522624973,4-right,unknown,120
943.0500895977024,crest,unknown,90
1027.4423454952246,crest,unknown,90
1157.05170012474,jump,unknown,100
1256.6455900859812,slight-right,caution,0
1360.1651405239086,slight-right,caution,0
1383.7821511363954,slight-left,unknown,0
1459.2063544750192,1-right,unknown,40
1490.408277292248,crest,unknown,200
1640.4938329982745,crest,unknown,80
1744.033468923568,crest,unknown,80
1850.1311941242236,crest,unknown,70
1923.1528534984604,slight-left,unknown,0
1991.7765977573422,slight-right,unknown,250
2213.457873849876,square-left,unknown,0
2354.6656334320533,crest,unknown,0
2414.482905021294,1-right,unknown,50
2480.583209167107,4-right,unknown,30
2542.0887521701898,1-left,unknown,0
2598.1105561405275,3-right,unknown,0
2630.991734958275,4-right,unknown,0
2678.4504265934074,4-left,unknown,80
2745.7353151470284,6-left,unknown,50
2826.8122343593727,3-right,unknown,50
2875.631856628052,3-right,unknown,50
2941.675527206054,3-left,unknown,0
2976.215898070922,3-left,unknown,0
3022.5280611187145,4-left,unknown,40
3106.3450805812995,1-right,narrow,0
3158.0690585094612,6-right,unknown,0
3202.4389994198027,bridge,unknown,0
3247.0567755085185,6-left,unknown,0
3249.9461978179174,4-left,unknown,0
3323.2089348611435,6-right,cut,0
3359.015821171718,6-right,cut,0
3384.772680798489,slight-left,unknown,140
3491.07369981857,crest,unknown,0
3554.2726498994402,crest,unknown,0
3578.8087150773576,1-right,unknown,40
3642.874772644956,crest,unknown,40
3716.2431760224877,3-left,unknown,90
3836.3482435617057,crest,unknown,0
3932.0851683435044,dip,unknown,200
4075.4787675103767,jump,unknown,170
4280.885854493102,square-left,unknown,140
4488.2646990022295,crest,unknown,190
4643.61920080276,square-right,unknown,250
4868.896591282801,6-left,unknown,80
4960.0214970979305,slight-left,unknown,70
5016.170563832248,slight-left,unknown,70
5143.608314877474,crest,unknown,30
5202.686086064306,square-right,unknown,250
5300.686086064306,finish,unknown,0
