0,straight,unknown,50
63.515640869140604,3-right,unknown,0
101.75241626739499,3-left,unknown,30
182.41945125579844,5-right,unknown,70
260.2247122573854,5-left,unknown,0
371.60304439544694,4-right,unknown,0
425.5547137451174,6-left,unknown,100
591.377142601013,slight-left,unknown,180
810.6470888137823,5-right,unknown,70
955.0619534301766,4-left,unknown,40
1024.8658662569533,4-left,unknown,40
1115.8647159349932,crest,unknown,100
1346.764480625392,4-right,unknown,30
1392.9947086870677,5-right,unknown,30
1433.101952835322,4-left,unknown,0
1528.692536560297,6-right,unknown,160
1707.4524335634712,acute-hp-left,unknown,0
1709.5025301134592,6-left,unknown,30
1828.582243210078,slight-right,unknown,50
1937.760464550257,4-right,dont-cut,60
2007.7866937792294,3-right,unknown,0
2077.939983459709,4-left,dont-cut,110
2189.5294043314475,slight-right,unknown,80
2280.1653218805795,crest,unknown,0
2365.8764182627206,3-right,unknown,50
2419.5250670397295,6-left,unknown,60
2501.2669902575026,hp-left,unknown,40
2621.6918614065667,3-left,unknown,170
2812.363889776476,jump,unknown,80
2915.9776728499032,crest,unknown,0
3010.4995455229387,4-right,unknown,70
3164.9192338240264,4-right,unknown,50
3272.0770840895298,4-left,unknown,40
3312.7814442312815,slight-left,unknown,0
3378.0480402052485,2-right,unknown,0
3429.654791094074,3-right,unknown,40
3517.2953274214374,4-right,unknown,190
3803.419840856331,square-left,unknown,0
3912.41785303666,1-left,unknown,30
3957.9531809480404,2-right,unknown,40
4026.36763344362,slight-left,unknown,50
4093.4504206140296,4-left,unknown,50
4191.902509465955,5-right,unknown,0
4298.058910070196,crest,unknown,180
4523.654716699688,3-left,unknown,0
4615.246749208534,bump,unknown,60
4680.716963632669,slight-right,unknown,100
4813.0594666462775,2-right,unknown,0
4879.701664178932,2-left,unknown,0
4907.587442758646,2-left,unknown,0
4960.853697507943,3-right,unknown,30
5028.316908166965,square-left,unknown,80
5238.0268568402125,5-right,unknown,0
5341.730045621947,6-left,unknown,50
5429.343794744566,finish,unknown,0
