0,straight,unknown,50
21.180330886840817,acute-hp-right,unknown,50
88.84769154548637,slight-right,unknown,0
121.76452949523923,6-left,unknown,80
326.8539961814882,slight-right,unknown,70
497.8277495193485,slight-right,unknown,40
590.5296939086925,dip,unknown,0
647.8990436935442,bridge,unknown,0
673.4881544113175,square-left,unknown,180
796.2524996852887,bump,unknown,50
862.7853139114384,6-left,unknown,0
905.7745160293579,4-left,unknown,0
958.2234265899652,5-right,unknown,0
1075.3434053802478,slight-left,unknown,60
1148.2092587852449,6-left,caution,70
1399.2074707603442,6-right,unknown,0
1554.1218242454545,jump,unknown,0
1591.7019324493413,slight-left,unknown,0
1640.5792259597781,bump,unknown,0
1671.407014846802,bump,unknown,0
1684.6506900787356,4-right,unknown,0
1747.5103533172617,1-left,unknown,0
1797.992304525378,square-right,unknown,30
1852.2651826095653,slight-left,unknown,0
1875.8396972894748,5-left,unknown,0
1901.6640324449618,2-right,unknown,0
1959.5204595804296,square-left,unknown,0
1997.8992828655307,slight-right,widen,0
2046.747481651313,slight-left,unknown,0
2099.6599692344785,crest,unknown,0
2136.54778300287,6-right,unknown,40
2202.935218887343,4-right,unknown,40
2287.9462807369414,5-left,unknown,30
2372.863717432046,6-right,unknown,0
2446.321901702905,4-left,unknown,0
2512.1830513572945,5-right,unknown,0
2568.8626603317493,slight-right,widen,50
2663.1991132354915,slight-right,unknown,0
2718.5675287056174,3-left,unknown,160
2880.2141542434892,slight-left,unknown,40
2964.967500934622,crest,unknown,0
3000.8014558601594,crest,unknown,30
3012.6921905136314,6-right,unknown,0
3051.95050161364,slight-left,unknown,0
3122.7132545471445,5-right,unknown,0
3179.3489402961955,6-left,unknown,50
3295.869234161403,4-right,unknown,0
3354.88986909869,slight-left,unknown,70
3465.442828731563,5-right,unknown,30
3590.0817937660454,6-left,unknown,0
3657.6535666847467,2-left,unknown,50
3737.9115305233204,6-right,unknown,0
3833.5002309894785,jump,unknown,0
3889.816334018727,6-right,unknown,0
3987.0169339466324,crest,unknown,0
4029.1368400669344,slight-right,unknown,30
4077.2979829120873,jump,unknown,0
4112.044231557871,jump,unknown,0
4122.423302717235,5-left,unknown,70
4226.3617315197325,3-right,unknown,0
4304.3996057415425,slight-right,unknown,0
4352.539553155947,crest,unknown,30
4404.732745714242,4-left,unknown,40
4490.860622644481,4-right,unknown,40
4585.700765905429,4-left,unknown,30
4645.974375743922,3-right,unknown,0
4724.595364399016,6-left,unknown,0
4788.821782903737,bump,unknown,40
4851.848489542067,slight-right,unknown,0
4904.455088148164,6-left,unknown,40
5035.995622854258,6-right,unknown,50
5139.411810636546,crest,unknown,0
5200.473238515875,bump,unknown,0
5229.95400059702,slight-left,unknown,0
5265.54521386149,crest,unknown,60
5343.304308195145,finish,unknown,0
