2.5066448593139654,2-right,dont-cut,30
47.239962558746335,square-left,unknown,0
99.00060904502864,6-right,unknown,0
160.4532826137542,6-left,unknown,50
247.70235758781428,2-left,unknown,50
298.88359831809987,2-left,unknown,50
425.69250183105504,5-left,unknown,30
457.61156457901023,2-right,unknown,50
559.1034481430058,5-left,unknown,0
618.7538463211059,slight-right,unknown,40
660.7616082000733,3-left,unknown,0
721.5464949417118,2-right,unknown,60
830.4925085639968,slight-right,unknown,50
892.5024734878556,6-left,unknown,50
977.4618740844751,2-left,unknown,0
1045.1207453918498,3-right,unknown,70
1129.1184568023723,2-left,unknown,0
1207.234494514468,1-left,unknown,0
1234.5296580696124,slight-right,unknown,50
1321.444096069336,6-right,unknown,0
1389.7463930892955,6-left,unknown,0
1444.8333681106576,slight-right,unknown,0
1497.208694419863,2-left,unknown,30
1528.4022024917629,2-right,unknown,30
1600.7044999504105,4-right,unknown,0
1677.013002891543,5-left,unknown,0
1715.1222080612215,4-right,unknown,0
1780.2335846328772,square-left,unknown,0
1825.4277379989655,2-right,unknown,0
1876.8360627555874,3-left,unknown,30
1915.2865490341203,2-right,unknown,0
2017.5189738845827,crest,unknown,0
2054.6446591186523,slight-left,unknown,110
2309.221412677765,2-right,unknown,120
2429.292757320399,hp-left,unknown,30
2481.169530315394,hp-left,unknown,30
2529.312673749915,hp-right,dont-cut,0
2559.3302053356097,hp-right,dont-cut,0
2574.129667139046,2-right,unknown,0
2675.8494722981645,hp-right,twisty,40
2718.8598650593945,hp-right,unknown,40
2762.9772272534556,square-right,unknown,0
2805.8800187535467,acute-hp-left,unknown,30
2898.2405152817796,hp-right,unknown,30
2943.2875132866925,4-right,unknown,0
2968.2930900212395,4-right,unknown,0
3000.9733001919876,3-left,dont-cut,0
3020.985127145877,3-right,dont-cut,0
3066.4899474927083,2-left,unknown,0
3105.3137908192766,square-right,dont-cut,0
3163.509119550815,2-left,unknown,0
3223.556891653172,slight-right,unknown,50
3355.0355697461277,hp-left,unknown,50
3443.1757254239255,hp-right,dont-cut,40
3538.204622280233,hp-left,unknown,0
3575.3777636262107,4-left,unknown,0
3617.19082229816,3-right,unknown,40
3660.3714979287265,hp-right,twisty,30
3709.2676716920037,hp-right,twisty,30
3746.733051263919,1-left,unknown,0
3788.3666249962953,6-left,unknown,40
3897.339181231656,hp-left,unknown,0
3947.6489033691078,4-right,unknown,0
3979.6221608630794,2-right,unknown,0
4024.0690352908687,6-left,unknown,0
4061.7334324542585,hp-right,unknown,30
4153.046150826605,3-left,unknown,0
4205.523868474159,4-right,unknown,0
4257.458280839116,3-left,narrow,0
4340.146371430549,6-right,unknown,0
4407.122715462833,slight-left,unknown,30
4459.378367051275,2-left,unknown,0
4503.332617501405,3-left,unknown,80
4590.463397759584,6-right,unknown,0
4669.216158150823,6-left,dont-cut,70
4811.157450341372,hp-left,unknown,0
4915.124086560397,6-left,unknown,0
4960.021454419277,hp-right,twisty,50
5032.8529801169825,crest,unknown,30
5094.000681418562,6-left,unknown,0
5146.583046454573,5-right,unknown,0
5201.837250098369,3-left,dont-cut,0
5245.63149604716,4-left,unknown,40
5297.625297660015,slight-right,unknown,0
5364.57788270869,hp-left,dont-cut,30
5423.327458323615,hp-right,twisty,0
5458.239415759223,hp-right,unknown,0
5469.9212637607025,crest,unknown,40
5555.982175587794,4-right,unknown,0
5611.911712083001,finish,unknown,0
