0,straight,unknown,90
89.47617124557502,slight-left,unknown,70
159.14566778182981,3-right,unknown,30
258.76034067153944,crest,unknown,100
315.3298631095887,crest,unknown,100
444.901839885712,3-left,unknown,30
524.6784953117376,2-left,unknown,0
587.3859588050844,3-right,unknown,40
651.1122885894764,slight-left,unknown,0
704.7328304481492,6-right,unknown,130
776.3451280021654,jump,unknown,250
1015.8141319847092,bump,unknown,150
1161.1756109046917,crest,unknown,100
1223.412337207792,crest,unknown,100
1333.8683236122106,4-left,unknown,60
1473.8759595680203,slight-left,unknown,50
1594.9846588706946,square-right,unknown,30
1686.3347472572295,slight-left,unknown,130
1788.643798313138,crest,unknown,160
1939.794884929655,6-right,unknown,70
2114.1580499458287,crest,unknown,0
2144.190506839749,crest,unknown,0
2211.0454611015284,5-right,unknown,50
2282.618767223354,slight-right,unknown,40
2409.1802837181053,6-left,unknown,50
2504.9228878211957,6-right,unknown,100
2610.5796131706243,6-left,unknown,0
2746.8385024070767,crest,unknown,50
2840.0612280082732,slight-left,unknown,80
2915.2025050163297,slight-right,unknown,140
3117.6020982170094,square-left,unknown,70
3350.783596534727,6-right,unknown,100
3450.4866668701134,1-left,unknown,0
3573.0535039520223,5-left,unknown,0
3613.6408075714075,slight-right,unknown,50
3652.406355876918,5-right,widen,0
3720.2668133735597,crest,unknown,100
3774.8801689720094,5-right,unknown,100
3876.9937494087167,slight-right,unknown,150
4095.44636770247,square-right,unknown,0
4283.04126651762,1-right,unknown,0
4350.517873105988,2-left,unknown,0
4419.900366487487,crest,unknown,0
4482.563843622188,jump,unknown,40
4512.579077768302,jump,unknown,40
4523.675287332511,3-left,unknown,60
4590.271552476861,hp-right,unknown,60
4731.524312925313,2-left,unknown,40
4860.621087446186,4-left,unknown,0
4942.907523813226,crest,unknown,40
5051.339299249633,slight-right,unknown,0
5096.755060052857,hp-right,unknown,100
5195.832941579804,crest,unknown,0
5267.228248643863,slight-right,unknown,60
5358.735968523016,crest,unknown,0
5401.501899080266,3-left,unknown,40
5457.30397171973,6-right,unknown,50
5522.70463051795,finish,unknown,0
