0,crest,unknown,0
17.298923912048338,4-left,unknown,0
52.97654611587523,square-right,unknown,0
88.87643815994264,1-left,unknown,40
168.1662509059907,5-left,unknown,0
233.19444788932802,4-right,unknown,0
297.46944983482376,slight-left,unknown,50
366.97350577354456,slight-right,unknown,90
466.4079738521576,jump,unknown,0
580.3186514949796,6-right,unknown,40
647.4104279232017,6-left,unknown,0
720.114683980941,6-right,unknown,0
785.514617071151,slight-left,unknown,0
841.6971475124346,hp-left,unknown,40
928.4979861736288,3-right,unknown,0
972.7125355052932,1-right,unknown,0
1003.6667593288406,4-right,unknown,0
1051.6719433307637,6-left,unknown,50
1085.7899337291706,6-left,unknown,0
1168.2603571224213,5-right,unknown,0
1272.864049634934,3-left,unknown,0
1325.754898672104,5-right,unknown,0
1400.2802529430385,6-right,unknown,0
1488.3283322429663,5-left,unknown,0
1554.8731787776953,6-right,unknown,30
1622.6421636104585,crest,unknown,50
1715.4857537364958,4-right,unknown,0
1828.198032598496,crest,unknown,0
1881.927752523423,2-left,unknown,0
1925.0559050273905,crest,unknown,0
1968.9988992977144,4-left,unknown,0
2009.2800010967258,slight-right,unknown,30
2050.340917577745,2-left,unknown,60
2159.6500602054634,crest,caution,0
2228.8202840709714,3-left,unknown,70
2299.3050867557554,6-left,caution,30
2371.981526212697,1-left,unknown,0
2426.1376389598913,square-right,unknown,0
2457.6246839523365,bridge,unknown,40
2477.8031246852916,1-left,unknown,50
2537.4263404369367,crest,unknown,0
2595.3181111049644,slight-right,unknown,0
2632.2436400127376,square-right,unknown,30
2659.090611543652,crest,unknown,0
2681.158530149458,square-left,unknown,70
2733.6005460834485,crest,unknown,60
2802.203122434615,crest,unknown,0
2879.000377454757,slight-right,unknown,0
2923.603685979843,2-right,unknown,50
2974.742745542527,3-left,widen,50
3062.338153352737,crest,unknown,0
3128.077677202225,1-left,unknown,0
3158.0095728397387,4-right,unknown,0
3190.380025129323,6-left,unknown,0
3232.9145703601894,6-right,unknown,0
3274.8975118351036,crest,unknown,0
3315.588848657612,3-right,unknown,0
3350.69233691216,2-left,unknown,0
3377.8055209445993,crest,unknown,0
3403.460418634419,square-right,unknown,0
3438.046684312824,4-left,unknown,80
3488.4916834545174,square-right,unknown,0
3557.8207866382654,square-right,unknown,0
3572.8414492321053,3-left,unknown,0
3619.2873560237877,acute-hp-left,unknown,0
3660.678366155622,4-right,unknown,0
3683.7860855531644,3-left,unknown,0
3740.808188672062,6-left,unknown,60
3792.913777604104,1-right,unknown,50
3876.3502556467074,4-right,unknown,0
3934.025283837319,crest,unknown,30
3965.7097887086893,4-left,unknown,0
4022.4352611780237,slight-right,unknown,0
4075.1985660791447,slight-left,unknown,0
4167.901192498213,crest,unknown,0
4202.409802136432,1-left,widen,0
4227.460116734515,3-right,unknown,0
4259.147403435718,crest,unknown,50
4303.42632481099,hp-left,unknown,0
4362.932044758805,slight-right,unknown,0
4399.355203957566,5-left,dont-cut,0
4429.9712435770125,water-splash,unknown,0
4460.465043625846,slight-left,unknown,0
4494.013778138172,4-right,unknown,0
4524.742882256521,crest,unknown,40
4558.259559502611,5-right,unknown,0
4608.548431572919,5-left,bridge,0
4648.245077729233,hp-right,unknown,40
4711.845783572201,6-left,unknown,40
4751.803577542313,5-left,unknown,30
4799.534372906694,square-left,unknown,60
4866.94007011891,1-right,unknown,0
4928.838741211897,hp-left,unknown,30
5001.203911232947,6-left,unknown,0
5051.521964612002,6-right,unknown,0
5105.515506215092,3-right,unknown,0
5148.210764660829,6-right,unknown,0
5195.303045887944,crest,unknown,0
5247.265048146245,2-left,unknown,0
5279.859042325019,6-left,unknown,0
5308.659029450418,6-right,unknown,0
5343.825571351051,2-left,unknown,40
5383.884729847907,3-right,unknown,0
5435.761077446931,crest,unknown,40
5467.593182950012,4-right,unknown,0
5523.069461216917,crest,unknown,80
5562.038815693846,3-left,unknown,0
5641.695625996579,square-right,unknown,0
5671.385111374847,slight-left,unknown,100
5696.770554442394,finish,unknown,0
