0,slight-right,unknown,40
21.978461208343507,6-left,unknown,100
119.89961851119995,5-left,unknown,180
239.88007852554318,4-right,unknown,100
320.5005563163757,crest,unknown,60
428.84815362930306,slight-right,unknown,80
523.8562713050836,6-left,unknown,350
881.8451051521299,6-left,unknown,30
1070.1357562446583,5-left,caution,0
1141.4959612464888,slight-right,unknown,30
1192.898804492949,1-right,unknown,70
1283.293308868407,5-left,unknown,40
1345.8670598602284,6-right,unknown,0
1428.5898105621327,6-left,unknown,80
1487.0307046890248,crest,unknown,70
1558.7638999176004,slight-left,unknown,0
1627.367902450559,5-left,unknown,0
1694.3256892394998,6-right,unknown,70
1752.5323432922348,6-left,unknown,80
1822.8511021041863,5-right,unknown,30
1948.9560037612932,slight-left,unknown,60
2024.0369366455107,crest,unknown,50
2115.89723957062,6-left,unknown,0
2193.3408729171797,6-right,unknown,40
2367.8726687240637,6-left,unknown,100
2532.0814839553846,3-left,unknown,130
2749.978865890505,crest,unknown,50
2872.105699424743,4-right,unknown,70
2940.27195613861,1-left,unknown,0
3026.543880310059,4-right,unknown,40
3107.7440361022973,2-left,unknown,60
3204.1598249816907,2-right,unknown,0
3296.4915517807,3-left,unknown,0
3345.155789146424,5-right,unknown,30
3388.3303483581562,1-left,unknown,30
3438.0716547393827,2-left,unknown,0
3447.9620429611227,1-left,unknown,0
3509.1878431320206,slight-right,unknown,0
3563.3255009651184,2-right,unknown,70
3655.2709883308394,2-left,dont-cut,60
3723.8387441825844,1-right,unknown,40
3803.819183406832,5-left,unknown,30
3887.434966697694,1-right,unknown,0
3948.82388885498,3-left,dont-cut,0
4000.425696105957,4-right,unknown,30
4081.29732152939,3-left,unknown,90
4174.359919147495,6-right,unknown,40
4247.239600887299,2-left,unknown,0
4361.259324359894,2-right,unknown,0
4420.312335491183,1-left,unknown,30
4454.422554473879,slight-right,widen,60
4511.219062366488,3-right,unknown,50
4580.136346683504,1-left,unknown,40
4812.430709552755,slight-left,unknown,0
4894.4443567466615,5-right,unknown,60
4944.937388324721,6-right,unknown,30
5009.889240474683,3-left,unknown,0
5071.8195361900125,3-right,unknown,70
5140.410230350469,2-left,dont-cut,50
5221.658081150035,5-left,widen,40
5317.030194759347,slight-right,unknown,0
5385.2994221687095,4-right,unknown,50
5439.520157375315,4-left,unknown,0
5534.667082118972,slight-right,unknown,80
5637.640962123852,4-right,unknown,0
5726.182355976083,slight-left,unknown,0
5782.078077678659,6-right,unknown,0
5841.842221927621,6-left,unknown,0
5905.238281421639,5-right,unknown,100
5969.601257266978,1-left,unknown,70
6112.279782867409,2-right,unknown,80
6233.652189540841,4-left,unknown,0
6309.563896045667,2-left,unknown,60
6359.864284801469,finish,unknown,0
