0,straight,unknown,130
166.0200191593171,crest,unknown,0
197.75478339195274,left-entry-chicane,unknown,0
230.25958237648024,slight-left,unknown,0
291.76582095146176,slight-right,unknown,90
493.6535636043546,square-left,unknown,180
702.8888503551468,crest,unknown,140
851.2255941295615,square-right,unknown,160
1084.7271525192243,jump,unknown,200
1286.026555061338,crest,unknown,100
1431.8011699676504,3-right,unknown,60
1631.422576694489,slight-left,unknown,30
1708.127653579711,1-left,ベリーロング,150
1868.391173171997,slight-right,unknown,0
1959.3292853927603,slight-left,widen,0
2016.2163999176007,4-right,unknown,0
2074.980831451416,bridge,unknown,0
2106.569056167602,4-left,unknown,30
2265.657571735381,6-left,unknown,0
2350.7062125968896,5-left,unknown,0
2409.741455516812,crest,unknown,130
2537.6213088417,6-right,bridge,40
2623.987991619105,right-entry-chicane,unknown,70
2765.7804918098373,crest,unknown,100
2868.5857668113645,jump,unknown,100
3074.7450788307106,square-left,unknown,0
3149.0608918189937,crest,unknown,110
3372.172826690667,1-right,unknown,0
3535.13828170776,slight-left,unknown,130
3932.8531391143797,5-left,caution,30
4099.216747817995,4-right,unknown,30
4164.665578002931,6-left,unknown,40
4256.346327629088,crest,unknown,40
4320.9989364624,2-right,unknown,0
4414.286717853543,1-left,unknown,0
4446.728758716578,6-right,unknown,90
4584.44909193039,3-right,unknown,60
4670.921109752657,6-left,unknown,0
4759.343642978669,crest,unknown,40
4884.538113546369,crest,unknown,0
4899.17844118118,1-right,unknown,0
4945.669908561709,6-left,unknown,80
5015.702111930852,square-left,unknown,0
5111.811522445692,hp-right,unknown,0
5151.247659797686,square-left,unknown,100
5238.005662517561,square-left,unknown,90
5342.8608820533955,square-left,unknown,90
5445.191119775791,2-left,unknown,0
5517.238751382849,hp-right,unknown,0
5545.759083719273,2-left,unknown,30
5598.501586809174,4-right,unknown,40
5646.086111383453,crest,unknown,80
5723.242543840428,4-left,unknown,0
5818.401553850193,3-right,unknown,30
5894.926282434486,crest,unknown,50
5964.143535661721,2-right,unknown,0
6019.427968988443,crest,unknown,60
6124.224632329956,square-left,unknown,0
6190.804731912628,slight-right,unknown,60
6234.365297441501,finish,unknown,0
