0,5-left,unknown,0
24.04656942367554,3-right,unknown,0
70.47172245025638,3-left,unknown,90
168.81068416595474,2-right,unknown,0
252.00109901428246,6-right,widen,30
326.55888555526747,5-right,unknown,0
382.72848459243784,square-left,unknown,0
426.2638112640382,1-right,unknown,30
460.5879081726076,slight-right,widen,0
518.0976656913756,slight-left,unknown,0
562.3124158287047,6-right,unknown,0
637.0001467704777,4-left,unknown,0
682.3155601310734,2-right,unknown,0
724.1982145118719,4-left,unknown,0
767.3313229179386,slight-right,unknown,0
818.786278553009,2-left,unknown,0
873.6036668968198,3-right,unknown,0
927.1370463752748,1-left,unknown,0
966.8539513587949,5-right,unknown,0
1002.8837413787838,5-left,unknown,120
1179.4613251495352,4-right,unknown,0
1217.4385626792898,5-left,unknown,0
1257.5770493888838,3-right,unknown,0
1300.3232072257977,2-right,unknown,0
1335.377647228239,2-left,unknown,100
1485.760889396666,4-right,bridge,0
1542.1587432479853,1-left,unknown,0
1598.0766207504264,6-right,unknown,0
1631.7250745773306,2-left,unknown,0
1707.8741959381084,5-right,unknown,0
1743.2698226356495,5-left,unknown,40
1808.1505453300458,5-right,unknown,0
1877.9448340034482,1-left,unknown,30
1960.889852581025,crest,unknown,0
2001.948895606994,slight-right,unknown,40
2045.3692418670619,3-right,unknown,30
2091.355806350705,slight-right,unknown,0
2165.0255578231786,2-left,unknown,40
2225.246925144196,crest,unknown,0
2280.9652170944214,3-right,unknown,30
2330.6198571014406,3-left,unknown,0
2401.3340944671645,3-right,unknown,30
2462.9739117813147,4-right,caution,50
2534.7065776062063,3-left,unknown,30
2629.670985679629,4-right,unknown,40
2729.3594145202665,3-right,cut,40
2801.337172966008,2-left,unknown,0
2868.4222512817432,1-right,dont-cut,0
2954.6552609252963,crest,unknown,0
2974.2180315017736,3-right,unknown,0
3019.792730941778,4-left,unknown,0
3063.3233581924483,4-right,unknown,0
3107.911706428531,5-left,unknown,0
3151.2825598907493,2-left,unknown,0
3193.3466578292855,2-right,dont-cut,0
3229.635756263735,square-left,unknown,0
3265.0135506629967,1-right,unknown,0
3302.717258472445,2-left,unknown,30
3360.6584627723687,5-left,unknown,0
3421.5398850250226,6-left,unknown,40
3469.792076263427,6-right,unknown,50
3521.7745076370234,2-right,unknown,0
3612.6314648818948,4-left,unknown,0
3665.9193939018223,1-right,unknown,0
3705.6607383537266,square-left,unknown,0
3739.6168365859944,slight-right,unknown,0
3788.4544756126365,hp-right,unknown,30
3837.608604583737,6-left,unknown,40
3892.310212650299,6-left,unknown,30
3969.167480831147,acute-hp-left,unknown,0
4021.6276867485058,hp-right,dont-cut,30
4062.1023756885506,6-left,widen,40
4119.3452723407745,slight-left,unknown,70
4271.824910554889,1-right,unknown,0
4334.600615968712,3-left,unknown,120
4445.075385732666,5-left,unknown,60
4551.759639463446,3-left,unknown,90
4694.105013341926,1-right,unknown,50
4809.09394885065,slight-left,unknown,40
4862.273637704864,2-left,caution,40
4910.968122568144,3-right,unknown,0
5006.4416442012935,3-left,dont-cut,0
5048.438086442962,2-right,unknown,0
5076.672812929168,1-left,unknown,0
5108.190927705782,slight-right,widen,140
5282.057566576016,slight-right,unknown,100
5421.088134088532,crest,unknown,80
5605.400241098423,2-right,unknown,0
5716.925456056617,5-right,unknown,0
5759.6083650684595,6-right,unknown,30
5822.366982164406,5-left,unknown,0
