0,straight,unknown,60
12.392987480163573,5-right,unknown,0
73.96614927291867,3-right,unknown,60
179.33916715621956,3-left,unknown,0
259.68577020645154,bridge,caution,0
315.30618486404404,5-left,unknown,0
363.5389875984187,6-right,unknown,0
415.4327844047544,5-right,unknown,0
466.50944059371926,5-left,unknown,40
593.1479741477959,5-left,caution,180
707.3413952064517,6-right,unknown,70
832.7236360740663,3-left,dont-cut,30
943.8673500633244,5-right,unknown,0
1003.6200376701363,3-left,dont-cut,0
1044.7466644859321,2-right,unknown,0
1090.6085526466384,3-left,unknown,80
1142.5465447998063,bridge,unknown,0
1196.0047185516364,3-left,unknown,0
1246.281072235108,5-right,unknown,30
1287.7164273834242,5-right,unknown,160
1410.69587135315,bridge,caution,0
1537.3602816772454,2-left,unknown,0
1671.5614275550845,5-left,dont-cut,40
1805.2309461021414,2-right,unknown,0
1916.518906841275,bridge,unknown,0
1983.2413203048673,2-left,unknown,100
2098.6486125564575,slight-right,unknown,0
2197.4071050643925,4-right,unknown,0
2254.821293411256,3-right,unknown,130
2365.649156093596,6-left,unknown,170
2651.1270021629325,slight-right,unknown,50
2805.1717817497256,6-left,unknown,50
2887.389605846404,slight-right,unknown,60
3059.540881099702,4-right,unknown,70
3200.3755267524725,3-right,unknown,0
3301.7958860588074,4-left,unknown,30
3378.1195400619517,5-right,unknown,0
3459.223565254213,5-left,unknown,100
3605.8368459320127,5-right,unknown,70
3724.5756098938014,6-left,caution,0
3937.113694152835,bridge,unknown,0
4108.190685005189,2-left,unknown,0
4175.5960437774675,slight-right,unknown,0
4231.938510589602,3-right,unknown,0
4278.708188285826,slight-left,unknown,140
4402.987337112421,6-left,unknown,150
4541.74387088775,crest,unknown,0
4693.109559516896,5-right,caution,40
4758.054129333486,bridge,unknown,0
4822.059684295645,5-left,unknown,50
4879.051372718805,crest,unknown,0
4961.623347129816,6-right,unknown,0
5027.615325241082,slight-left,unknown,0
5104.625690689079,3-left,unknown,40
5242.934084930415,3-right,unknown,100
5428.149169368733,1-left,unknown,0
5515.23877775191,6-right,unknown,50
5589.282431831347,4-left,unknown,30
5681.606194953911,1-right,unknown,0
5782.687004852287,6-left,unknown,40
5891.608982257835,3-left,dont-cut,30
5994.0870036506585,1-right,unknown,100
6128.964089546198,slight-left,unknown,0
6213.295783081048,4-left,unknown,30
6266.265012168877,1-right,unknown,60
6426.33195096968,3-left,unknown,0
6494.736464939105,6-right,unknown,0
6560.685386791214,finish,unknown,0
