57.37429293632506,5-left,unknown,0
152.0868789386749,2-left,unknown,0
250.37922478675827,2-right,unknown,0
539.177737607955,5-right,unknown,40
694.1733716869339,6-left,unknown,0
838.6180990219096,crest,widen,50
908.8169279385057,5-left,unknown,0
964.6108992290941,2-left,unknown,60
1020.6551665020429,crest,unknown,80
1096.8143614674066,slight-left,unknown,110
1280.3630283832993,slight-right,unknown,140
1417.978762636229,slight-left,narrow,0
1602.2248079777196,1-right,unknown,0
1648.2097541714156,2-left,unknown,0
1686.2694069624379,3-right,unknown,0
1707.8850887060592,3-left,unknown,40
1739.368251986547,4-right,unknown,0
1794.292174029393,2-right,unknown,90
1857.8347208357295,1-left,unknown,80
1992.2790511847008,3-right,unknown,70
2106.2227235746877,5-right,dont-cut,120
2206.1094691038625,4-right,caution,30
2319.2534763670474,1-left,unknown,0
2357.641170153668,1-left,unknown,0
2379.960690302899,4-right,unknown,80
2488.0641155922435,slight-right,unknown,40
2575.1837390053292,6-right,unknown,30
2633.0161479103595,hp-left,unknown,0
2680.022248889212,acute-hp-right,unknown,30
2721.2824413597627,6-right,unknown,50
2777.0179347336343,6-right,unknown,30
2844.080564090016,2-left,unknown,40
2941.2227345383208,1-right,unknown,0
3001.9433376419584,1-left,unknown,0
3047.970064841512,5-right,unknown,0
3079.926139899494,square-left,unknown,50
3149.2047154724596,slight-left,unknown,40
3211.579956332442,5-right,unknown,0
3284.633743640182,6-right,unknown,30
3329.9725400650495,2-right,unknown,0
3376.561029978989,crest,unknown,0
3428.283959265946,2-left,unknown,0
3463.3054781067362,square-right,unknown,0
3498.4505184471604,4-left,unknown,0
3554.0207099759564,4-right,unknown,30
3614.0759490239616,5-left,caution,0
3689.3395455205437,6-right,unknown,0
3731.018084415195,4-left,unknown,0
3767.422947829959,crest,unknown,40
3804.2321077573292,2-left,unknown,0
3846.4596784436685,4-right,unknown,40
3881.662945502995,3-left,cut,30
3955.884094947574,4-left,unknown,30
4017.9362216794507,3-right,unknown,60
4129.476488059765,5-left,unknown,0
4225.774460815201,5-left,unknown,0
4268.905345786819,4-right,unknown,40
4338.484417976152,3-left,unknown,30
4443.982243446123,crest,unknown,40
4509.476184371718,2-right,unknown,0
4560.859495300064,6-left,unknown,40
4610.668609508287,4-left,unknown,0
4660.20225647332,slight-left,caution,0
4735.356729205867,crest,unknown,30
4771.176946300287,crest,unknown,30
4783.83684101464,1-right,unknown,0
4825.90770376565,6-left,unknown,40
4874.053633846069,5-right,unknown,30
4946.567466739438,5-left,unknown,0
5021.476865390565,3-right,unknown,0
5058.604744418886,6-left,unknown,0
5121.403155467172,2-right,unknown,0
5177.745604769844,4-left,unknown,0
5219.823358695164,2-left,unknown,70
5308.046386820934,crest,caution,0
5358.249544913429,slight-right,unknown,0
5397.816643187661,2-right,unknown,0
5428.607447535653,1-left,unknown,30
5459.687846648352,6-right,unknown,0
5519.489343630929,5-left,unknown,0
5564.227795436044,4-right,unknown,80
5618.837538897653,slight-left,unknown,0
5712.076767413286,6-right,unknown,0
5768.683421961932,6-left,unknown,0
5813.4585687133385,2-right,unknown,0
5847.397634017136,4-left,unknown,0
5883.681795203351,3-right,unknown,60
5924.261559607655,5-right,unknown,0
5988.992864272269,3-left,unknown,0
6046.746090323596,5-right,unknown,0
6100.906863963276,6-left,unknown,0
6142.5217930480485,6-right,unknown,50
6192.286769473219,5-right,unknown,0
6245.730638453622,slight-left,unknown,30
6293.693784167432,2-left,unknown,0
6327.103447901868,2-right,unknown,0
6355.219448077345,6-left,unknown,40
6385.412271926066,6-left,unknown,30
6446.968902556561,2-left,unknown,90
6555.1120788451635,3-right,unknown,0
6635.532330691477,4-left,unknown,0
6674.937704302928,6-right,widen,60
6745.60912527766,finish,unknown,0
