5.73089498519898,square-right,unknown,0
22.517494325637802,square-left,unknown,0
47.40178112506867,2-right,unknown,30
90.56022684574137,6-left,unknown,80
185.24520172595982,6-right,unknown,0
247.79479372501373,square-left,unknown,0
299.3757287836075,2-right,unknown,80
421.054481129647,4-left,unknown,0
442.4836515665059,crest,unknown,0
484.5439176225666,3-left,unknown,0
535.5114862108231,2-right,unknown,0
593.69978635311,5-left,unknown,0
616.2172566938387,6-right,unknown,0
648.4094730901706,3-right,unknown,40
710.2538247728334,5-left,unknown,40
765.1608095788944,3-left,unknown,0
820.509541535376,slight-left,twisty,0
857.5209499406794,6-right,unknown,0
910.6521115350697,2-right,unknown,30
999.5282341527931,1-left,unknown,70
1073.4913718271266,2-right,unknown,0
1125.2307659006108,6-right,unknown,0
1163.798508934974,crest,unknown,30
1229.9717901468275,hp-left,unknown,0
1253.4370521783826,hp-left,unknown,0
1317.006153788566,5-left,bridge,40
1360.9703821706769,crest,unknown,0
1414.3171799993515,4-left,unknown,0
1434.4643772268291,6-right,unknown,30
1480.6785029745092,water-splash,unknown,0
1527.1152512502663,4-right,unknown,0
1548.801898760796,2-right,unknown,40
1625.1683668613434,crest,unknown,0
1664.039603891371,4-left,unknown,30
1699.159097595213,2-right,unknown,0
1757.6323587226836,crest,unknown,30
1902.356178970332,4-right,unknown,30
1956.7198190975148,crest,unknown,0
2002.9561895656545,3-left,unknown,50
2106.391885814661,6-right,unknown,0
2149.340782232276,4-right,unknown,0
2215.6058034801367,4-left,unknown,0
2235.7886414909253,4-left,unknown,0
2315.1909511136932,4-right,unknown,0
2385.5916622781656,1-left,unknown,0
2448.8723726796998,5-right,unknown,0
2506.235090041151,1-left,dont-cut,0
2531.5104607248204,crest,unknown,0
2569.4656712770343,2-right,unknown,0
2594.4266389417503,3-left,unknown,30
2640.3489813470696,6-left,unknown,0
2701.0972686052182,6-right,unknown,0
2736.63435513018,3-left,unknown,0
2783.2269413232652,2-right,unknown,0
2831.875282959923,crest,unknown,40
2920.245253138527,4-left,unknown,0
2956.178553118689,5-right,unknown,0
2976.173214163764,crest,unknown,0
3026.0260182905045,slight-left,twisty,70
3214.1287198305035,square-right,unknown,40
3278.902188601485,square-left,unknown,60
3349.9130550336736,crest,unknown,0
3409.6558260679158,square-right,unknown,0
3443.354679179184,bridge,unknown,40
3508.516771340367,1-right,unknown,40
3622.0233798313056,3-right,unknown,0
3691.6459016132294,crest,unknown,60
3812.3464637470156,6-left,unknown,0
3877.143809223166,5-right,dont-cut,0
3926.336595935813,bump,unknown,0
3990.27987121581,3-right,unknown,0
4031.958913822163,crest,unknown,30
4163.06555152892,6-left,unknown,30
4310.360350360856,5-right,unknown,0
4392.006574821458,5-left,unknown,0
4437.47996276854,6-left,unknown,0
4527.084085426307,5-right,unknown,0
4586.913070869423,slight-left,twisty,0
4650.126838455179,5-right,unknown,70
4766.130504646283,6-right,unknown,0
4865.616033477772,6-left,unknown,0
4912.7222435378935,1-left,unknown,0
4951.352540740956,bridge,unknown,0
4983.803206691732,3-left,unknown,40
5087.326000423424,6-left,unknown,0
5152.859181861871,slight-right,unknown,0
5206.178115119928,crest,unknown,0
5254.675811977381,slight-left,twisty,0
5298.81092401504,jump,unknown,50
5366.441721019739,crest,unknown,50
5445.58282255172,slight-left,twisty,40
5512.401981372822,hp-left,unknown,30
5557.484002971642,crest,unknown,0
5601.9164139842915,slight-right,unknown,0
5663.423286390294,crest,unknown,60
5810.48339430808,6-right,unknown,70
5908.518183889376,slight-left,twisty,0
6050.694035062775,crest,unknown,30
6129.648378667815,jump,unknown,0
6169.150407361969,jump,unknown,0
6195.753738698945,5-right,unknown,0
6249.348274145113,4-left,unknown,0
6290.8081927776175,crest,unknown,40
6346.104043722138,4-right,unknown,50
6415.9187646770315,6-right,unknown,0
6484.670491323453,3-left,unknown,90
6595.445648756008,2-right,unknown,120
6764.5875250995505,finish,unknown,0
