0,straight,unknown,60
1.8084778213500976,4-left,unknown,30
53.45142032623291,4-right,unknown,0
117.2294247817993,6-left,unknown,40
201.62155010223375,5-right,unknown,150
372.83985095977806,2-left,caution,30
509.1933861541752,3-right,unknown,0
656.3620830726622,4-left,unknown,0
744.8144777870183,slight-right,unknown,40
793.5478020668031,6-left,unknown,90
880.260266132355,6-right,unknown,50
1026.2851695823674,6-left,unknown,160
1229.7965088462836,6-left,unknown,0
1385.5872488975533,5-right,unknown,40
1471.7171951866162,5-left,unknown,0
1608.6310810661355,4-right,unknown,100
1671.0777996254003,slight-right,unknown,0
1804.7704169654878,crest,unknown,90
1870.3400866889974,slight-left,unknown,60
1993.0310522651707,2-left,unknown,30
2174.52036439896,4-right,unknown,0
2258.232033386234,1-right,unknown,160
2391.755877323152,slight-left,unknown,100
2498.410936412814,slight-left,unknown,0
2631.6001603126574,6-right,unknown,50
2695.8171402549797,hp-left,unknown,40
2802.414091167457,hp-right,dont-cut,60
2911.3282722854706,slight-left,unknown,0
2979.2021317482076,5-right,unknown,40
3026.711356716163,2-left,unknown,0
3101.5302599525508,2-right,unknown,0
3143.266352558143,slight-left,unknown,70
3185.608328456885,hp-left,unknown,30
3298.5746647071905,2-right,widen,0
3366.5210438919166,1-right,unknown,0
3420.6515871811,6-left,unknown,80
3478.0596679306104,crest,unknown,0
3570.43248306275,6-right,unknown,30
3625.4702536010773,hp-left,unknown,0
3670.675872993475,4-right,unknown,0
3735.4707537269605,3-left,unknown,0
3775.5292695808434,3-right,unknown,0
3817.4427636146565,3-left,unknown,0
3861.114729557039,1-right,unknown,0
3900.9059933090216,3-left,unknown,0
3933.4059193038956,3-right,unknown,0
3973.871477012635,5-left,unknown,0
4016.066552886963,2-right,unknown,40
4060.2694218826264,slight-right,unknown,0
4140.753839950563,6-left,unknown,0
4189.027719306947,3-left,caution,70
4319.981691436759,4-right,unknown,130
4483.30582729338,4-right,caution,30
4678.810009269704,3-left,unknown,60
4757.651423721303,5-left,unknown,40
4859.467270660384,3-right,unknown,140
5078.220360145552,2-left,unknown,30
5166.246021881094,3-right,unknown,90
5249.53333885192,5-left,unknown,80
5356.805801429734,3-right,unknown,40
5481.530495147695,1-left,unknown,0
5549.634854049667,1-left,unknown,0
5561.656768379197,2-right,unknown,40
5615.912266349775,2-left,unknown,0
5703.081941719037,5-right,unknown,80
5786.131766738875,5-left,caution,0
5905.129158973681,3-left,unknown,40
5968.464188804622,slight-left,unknown,0
6069.397678222652,slight-right,unknown,0
6124.638434066767,3-left,unknown,0
6182.395444717398,3-right,unknown,0
6237.705495643604,4-right,unknown,30
6291.332423133839,5-left,dont-cut,0
6367.175220069881,4-right,unknown,40
6426.103836364738,6-right,unknown,80
6500.673349151599,3-left,unknown,50
6657.337244338974,1-left,unknown,0
6735.5939342880165,1-left,widen,0
6757.93253150939,slight-right,narrow,60
6840.590947475424,finish,unknown,0
