0,4-right,unknown,0
5.541106624603271,crest,unknown,40
58.77093748092651,6-left,unknown,0
123.23435312271113,5-left,unknown,0
212.40285699844335,2-right,unknown,0
262.25200281143174,square-left,unknown,0
322.40497675895676,5-left,unknown,0
373.3025358533857,3-right,narrow,0
437.93989037990553,1-right,caution,0
471.2608652067181,square-left,unknown,0
494.380204339027,2-right,unknown,30
542.9335716009134,6-right,unknown,0
600.4220218992227,hp-left,unknown,0
681.7959873723979,crest,unknown,50
728.1159366559974,bump,unknown,0
795.1048090505591,square-right,unknown,40
839.3549134778972,1-left,unknown,40
888.696987662315,2-right,unknown,0
941.8398819875712,4-left,unknown,40
966.82488723278,5-right,unknown,30
1022.4144230794905,2-right,unknown,0
1083.0849535894417,1-left,unknown,0
1113.7462323713328,4-right,widen,0
1186.8406552471063,6-left,caution,50
1255.667964416875,4-right,unknown,0
1341.8032632984052,5-left,unknown,0
1405.5278393520243,5-right,unknown,0
1438.5565066684621,2-left,unknown,0
1474.4991301788243,5-right,caution,30
1497.1001344169536,square-left,unknown,0
1547.4365679992598,hp-right,unknown,0
1568.3362972892678,3-left,widen,0
1595.4227056754985,slight-right,unknown,0
1656.8429988540572,2-right,unknown,30
1730.5652759612965,3-left,unknown,0
1777.8430003608623,4-left,unknown,0
1851.3617236961272,crest,unknown,0
1919.4085769332798,4-left,unknown,30
1965.104103933708,1-right,unknown,0
2015.5566404403587,2-left,unknown,0
2043.825168291463,1-right,dont-cut,0
2066.7206448997417,3-left,unknown,40
2115.009337850944,3-right,unknown,0
2181.9185076583803,3-left,unknown,0
2208.597443109886,hp-right,unknown,60
2269.004115129848,4-left,unknown,0
2307.7299235691034,4-right,unknown,0
2354.9896645511585,5-left,unknown,0
2413.319810177225,crest,unknown,50
2499.30461570396,1-left,unknown,0
2593.9026678623163,1-left,unknown,0
2602.5474781574217,4-right,unknown,100
2670.0686171878815,5-right,unknown,30
2804.0857017292014,crest,unknown,0
2814.2167881931296,3-left,unknown,100
2876.574113956831,crest,unknown,60
2956.368100506207,5-right,unknown,50
3037.5284699214913,crest,unknown,0
3122.5614783061947,1-left,dont-cut,0
3167.5824521793334,square-right,unknown,50
3216.6421100391376,slight-right,unknown,50
3280.861473328016,bump,caution,0
3335.8721273769356,bump,caution,0
3353.2191720546703,2-right,unknown,0
3387.8116209377263,2-left,unknown,0
3419.432902294539,slight-right,unknown,40
3478.7290140308332,5-right,unknown,0
3541.827888809579,3-right,unknown,70
3599.6657872356363,1-left,unknown,0
3668.17012481346,slight-right,unknown,0
3707.5290839256277,2-right,unknown,40
3747.080850588226,4-right,unknown,70
3821.5581123985316,3-left,unknown,0
3891.7696904815707,6-right,unknown,70
3951.6162431015046,2-left,unknown,0
4009.413952757267,1-right,unknown,0
4071.347214628603,4-right,unknown,50
4143.312636190797,bump,unknown,30
4203.82172119751,2-left,unknown,50
4259.821023718266,slight-right,unknown,80
4330.816821180731,5-left,unknown,0
4474.917765871441,4-left,unknown,0
4531.206638761914,crest,unknown,50
4564.95490143434,square-left,unknown,0
4595.522033125317,square-left,unknown,0
4635.028732706469,2-right,unknown,0
4654.326354891224,2-left,dont-cut,40
4700.191581674979,2-right,unknown,0
4773.263692823816,2-left,unknown,0
4798.009595152306,5-right,unknown,0
4824.039933687614,slight-left,unknown,0
4854.967422148149,5-right,unknown,40
4894.641643511216,3-right,unknown,30
4972.0943945564395,2-left,unknown,0
5036.429442850508,slight-left,unknown,0
5079.01453238146,6-right,unknown,0
5119.7545984520175,4-right,unknown,0
5160.498174082205,2-left,unknown,0
5217.509540907312,1-right,bridge,0
5290.657963854243,slight-right,unknown,40
5325.163363100452,2-left,dont-cut,0
5385.312083918023,square-left,unknown,0
5407.732630478315,5-right,unknown,30
5465.798709007666,crest,caution,0
5544.135669952789,4-right,unknown,0
5587.406352211395,2-left,dont-cut,50
5624.829735714355,crest,unknown,0
5674.466840130251,4-right,unknown,30
5744.3315325130625,acute-hp-left,unknown,30
5825.919544750613,slight-right,unknown,0
5881.0967471470185,crest,unknown,0
5929.012196136889,crest,unknown,0
5944.974000164445,slight-right,unknown,0
6002.852605244089,crest,unknown,60
6055.869306217602,crest,unknown,0
6142.942514034677,6-right,unknown,0
6251.274769321848,slight-left,unknown,0
6381.422348820132,crest,unknown,30
6462.604144932195,jump,unknown,0
6503.119542576235,jump,bridge,0
6529.123135143682,5-right,unknown,0
6580.89295436518,4-left,unknown,0
6630.973815151621,crest,unknown,0
6685.312877613474,4-right,unknown,50
6753.500676189827,5-right,unknown,0
6827.54453590052,3-left,unknown,60
6940.334618984627,3-right,unknown,120
6980.592705223925,finish,unknown,0