0,3-left,unknown,0
46.1289510154724,2-right,unknown,30
110.85579809188843,square-left,unknown,40
170.85038687705995,6-left,unknown,0
211.43770326614393,jump,unknown,0
286.79273809432993,2-right,unknown,40
344.927162513733,6-right,unknown,0
400.21618413925177,6-left,unknown,70
476.2553856086733,hp-right,unknown,0
583.2046136474605,6-left,unknown,0
621.5101313686358,slight-right,unknown,0
664.3868014049511,4-left,unknown,30
711.7239898967728,2-right,unknown,40
791.189875154493,crest,unknown,80
862.2039244556406,crest,caution,80
947.1029995822888,6-left,unknown,90
1141.2478550434084,crest,unknown,40
1228.3689234256728,5-right,unknown,60
1288.1221416568742,slight-left,unknown,70
1376.03592461586,1-left,unknown,0
1470.5526267528512,6-right,unknown,0
1510.8909141254412,6-left,caution,0
1565.70769070625,3-left,unknown,0
1620.3389093112924,1-left,unknown,30
1658.740851850507,square-right,dont-cut,50
1729.592056589123,2-left,unknown,40
1781.575200510022,square-right,unknown,30
1841.902618856427,6-left,unknown,100
1908.3982466030084,jump,unknown,60
1992.3482788372003,5-right,unknown,0
2107.5428277873953,crest,unknown,0
2144.6498254299113,6-right,unknown,0
2195.916356611248,6-left,unknown,0
2236.9621906185116,3-left,unknown,0
2279.3865650463085,6-right,widen,50
2352.457184839246,crest,unknown,90
2455.932327966689,crest,caution,0
2568.9243847370158,3-left,unknown,80
2617.0343155002633,slight-right,widen,0
2701.7560030841864,hp-right,unknown,30
2783.6523491191906,2-left,unknown,0
2827.555487318043,slight-right,unknown,120
2918.4166097354914,slight-right,unknown,0
3007.3728298664123,4-left,unknown,40
3091.575945844653,3-right,unknown,140
3278.8441667842926,6-left,unknown,180
3488.5682889843006,3-right,cut,0
3616.7301965999645,6-left,unknown,40
3681.0639847469342,6-left,unknown,0
3765.088895902634,1-left,unknown,0
3821.165550069809,1-right,unknown,0
3881.0830637455,6-right,unknown,0
3927.6688630485523,slight-left,unknown,0
3988.20570659637,4-left,unknown,60
4105.123652153015,6-right,unknown,40
4193.709807548525,4-right,unknown,60
4298.036825866705,6-left,unknown,80
4371.913268718726,hp-left,unknown,70
4488.239495000841,5-right,unknown,80
4578.9987989330375,3-left,unknown,30
4678.809907445908,5-right,unknown,0
4735.5148505878415,2-right,dont-cut,0
4808.531881818766,3-left,unknown,0
4834.848465623853,crest,unknown,0
4866.177313089368,2-right,unknown,80
4962.347717142111,4-left,unknown,30
5050.98843705178,crest,unknown,0
5104.350219392779,4-right,unknown,0
5149.246558389666,3-left,unknown,80
5215.422863893512,jump,terrible-caution,100
5272.224461889267,jump,terrible-caution,100
5423.212651081072,3-left,unknown,0
5467.380735158904,4-right,unknown,0
5516.788458757383,5-left,unknown,30
5589.516361703849,4-right,caution,60
5684.47928505895,1-left,unknown,0
5806.996649465541,slight-left,unknown,0
5850.256629810312,4-right,unknown,0
5897.9447002219895,4-left,unknown,0
5935.372251377081,5-right,unknown,0
5999.984842357617,6-left,unknown,0
6033.4497254752905,hp-right,unknown,30
6107.470410814263,4-left,unknown,0
6144.6410288524385,1-left,unknown,0
6174.017137575122,crest,unknown,0
6210.544188909498,2-right,unknown,0
6239.933450269668,crest,unknown,0
6293.947305259671,3-right,unknown,0
6332.438266239131,acute-hp-right,unknown,0
6371.402831325497,2-right,unknown,0
6396.7487407302515,4-left,unknown,40
6441.981117210352,square-right,unknown,0
6498.840327835046,4-right,unknown,0
6550.176595220529,2-left,dont-cut,30
6587.072684602698,1-left,unknown,40
6634.068482332191,4-left,unknown,0
6688.295538892706,6-right,unknown,60
6882.518193924779,crest,caution,0
6956.249108918065,3-left,unknown,40
6996.514869988317,hp-right,unknown,0
7034.957574437017,3-right,unknown,30
7078.25539607321,crest,unknown,0
7122.788309700835,4-left,unknown,0
7160.307807152621,4-right,unknown,0
7192.752695706244,4-left,unknown,40
7244.676081555241,hp-left,unknown,0
7309.554549115061,4-right,unknown,0
7351.592705223925,finish,unknown,0
