0,straight,unknown,130
209.1689037132264,square-right,unknown,90
394.77195066452055,6-left,unknown,0
466.44489496231125,3-left,unknown,40
541.6969168663019,3-right,unknown,0
646.8077541923514,slight-left,unknown,50
710.2693353080742,5-right,unknown,90
794.1286109733577,4-right,unknown,30
922.1808911323545,6-right,caution,40
1002.202680912018,hp-left,unknown,0
1066.9151876640328,5-left,caution,80
1149.2035840415967,1-right,unknown,110
1310.713590526582,3-left,unknown,0
1394.1284461021437,4-right,unknown,0
1440.9373248100294,5-left,unknown,0
1499.3300043296827,slight-right,unknown,40
1551.2897690773034,square-left,unknown,0
1599.7976552009607,1-left,unknown,60
1652.5127967262306,5-right,unknown,0
1715.483731174473,4-left,unknown,30
1785.9153827095074,5-right,caution,0
1850.1470619773909,1-right,unknown,0
1896.5261868858377,1-left,unknown,0
1952.7225872230558,slight-right,unknown,0
1985.275244712832,5-left,dont-cut,50
2026.0481034088148,3-right,unknown,60
2118.254876670838,3-right,unknown,0
2217.7773859024087,6-left,unknown,0
2323.237716426852,1-right,unknown,50
2359.990672016146,crest,unknown,0
2398.3868194961556,crest,unknown,0
2430.612249355316,slight-right,unknown,40
2477.4420967674246,3-left,unknown,0
2532.945322017666,2-left,unknown,90
2605.1826797676054,slight-right,unknown,0
2674.159428176878,6-left,unknown,0
2726.413731536862,6-right,unknown,70
2780.783076477048,1-right,unknown,70
2859.246401977533,slight-right,unknown,40
2925.577804222102,2-left,unknown,60
3041.3483732223485,4-right,unknown,0
3126.2497278594915,2-left,unknown,0
3187.521333427422,4-right,unknown,70
3300.129728488914,4-right,unknown,60
3407.6402829170156,acute-hp-left,unknown,0
3511.929223690032,6-right,unknown,40
3567.0117204093926,3-right,unknown,0
3638.209781703949,4-left,unknown,0
3680.172915401458,slight-right,unknown,0
3720.907730503081,4-left,unknown,0
3767.958219318387,1-left,unknown,30
3804.50920448303,5-right,unknown,50
3845.5064733505237,4-right,unknown,90
3917.5444373702976,5-right,unknown,80
4024.6328234481794,3-right,dont-cut,0
4135.064609985344,1-left,unknown,0
4174.033872566216,2-right,unknown,120
4284.5932781982365,5-right,unknown,60
4401.71582794189,6-left,unknown,160
4648.605979576109,4-right,unknown,80
4848.685151748656,1-left,unknown,0
4953.827343330375,4-right,unknown,60
5013.8455927276555,5-left,unknown,0
5100.961212615961,6-right,unknown,180
5250.922313804625,6-right,unknown,130
5406.192966156,4-left,dont-cut,70
5572.155881271357,4-right,unknown,50
5669.502781524652,3-left,unknown,30
5780.832115249625,3-right,unknown,0
5845.985093917833,slight-right,unknown,0
5897.543140106187,3-left,unknown,30
5946.548344764696,5-left,unknown,0
6005.040307769769,4-right,unknown,0
6053.396325416562,2-right,unknown,0
6137.890557346348,2-left,unknown,80
6237.138953027729,2-left,unknown,0
6312.72264264107,5-right,dont-cut,30
6364.836931333544,2-right,unknown,0
6410.610034322742,2-left,unknown,70
6481.943903436666,1-right,unknown,30
6563.3484504413655,square-left,unknown,40
6616.760498914723,1-right,unknown,60
6708.43564463616,2-left,unknown,30
6778.3304203319585,slight-left,unknown,0
6847.341393346799,square-right,unknown,0
6888.74191500665,hp-left,unknown,50
6954.39489426614,3-right,unknown,0
7010.0197213077645,slight-left,dont-cut,0
7041.67044465066,square-right,unknown,0
7075.6471146488275,4-left,dont-cut,40
7113.394842596066,5-right,unknown,0
7180.195923166285,5-left,unknown,30
7242.105479249964,finish,unknown,0
