0,3-right,unknown,30
29.50136246681212,6-left,unknown,0
116.8883704471588,6-right,unknown,40
168.12182595252997,3-left,unknown,90
314.6462617969514,6-right,caution,0
413.05985627174414,slight-left,unknown,70
556.5094894886022,3-left,cut,40
694.7817014408112,6-left,unknown,30
774.8991295337676,1-left,unknown,60
868.5738302135464,4-right,unknown,30
932.3957675075535,crest,unknown,0
1029.78672949791,4-right,unknown,50
1138.1458198452005,4-left,unknown,40
1282.5108769512199,crest,unknown,80
1385.7949805355097,crest,unknown,80
1402.7180257320429,square-right,unknown,30
1482.0108343029046,5-left,unknown,0
1559.1098247042237,5-right,unknown,60
1596.6790895357665,crest,unknown,100
1683.5273712816768,2-right,unknown,70
1835.8651730242323,6-right,unknown,0
1912.4140178194582,crest,unknown,0
1973.1050898256835,crest,unknown,0
1989.0632506838372,1-left,caution,0
2022.4348705759585,6-left,unknown,140
2152.0403397265013,5-left,unknown,30
2258.193537091305,crest,unknown,50
2323.459716366819,crest,unknown,0
2424.404500493097,6-right,unknown,100
2504.428121556331,slight-left,unknown,100
2614.222438191464,crest,unknown,90
2744.730365323117,jump,unknown,40
2860.6546201220053,5-right,unknown,0
2928.2417225161084,crest,unknown,30
2994.772285412841,2-right,unknown,40
3105.921216191343,4-left,unknown,50
3225.1355540171207,slight-left,unknown,40
3350.4048805132456,4-left,unknown,0
3438.7033308687764,4-left,unknown,50
3535.9184736528973,1-right,unknown,130
3668.7640977755173,1-right,unknown,30
3774.777922429142,6-left,unknown,0
3827.616538914737,3-left,unknown,0
3873.897803067263,crest,unknown,80
3921.316527737672,3-left,unknown,50
4018.1871987810646,1-left,widen,0
4090.0697738924505,slight-right,unknown,60
4124.993796547942,bridge,unknown,50
4184.990824421931,6-right,unknown,80
4283.096715649651,4-left,dont-cut,60
4502.283935154956,6-right,unknown,70
4625.1478782930835,hp-right,unknown,100
4819.792952145631,6-left,unknown,0
4883.853435086305,4-left,unknown,0
4977.812145108279,3-right,unknown,0
5090.6850651064415,crest,unknown,0
5134.642397831968,5-left,unknown,50
5178.562465962459,3-left,unknown,60
5261.049105233237,crest,unknown,0
5341.082452649166,1-right,dont-cut,0
5382.5267619410015,crest,unknown,0
5407.385622624443,1-left,unknown,30
5439.198669804619,hp-left,unknown,0
5492.072993630453,2-right,unknown,0
5543.048591546111,1-left,dont-cut,0
5610.586561764772,3-right,unknown,120
5732.49019399554,square-right,unknown,30
5827.368169535702,3-left,dont-cut,0
5873.864333991114,5-right,unknown,0
5904.67647413165,slight-left,unknown,30
5950.977973765441,6-left,unknown,0
6008.516416682308,4-right,unknown,0
6075.28763498217,slight-right,unknown,70
6145.766502570211,5-right,unknown,40
6237.533997458514,2-right,unknown,0
6306.211832694109,6-left,unknown,0
6348.66013311296,crest,unknown,0
6384.5128279104765,3-left,unknown,40
6424.522576369336,6-right,unknown,0
6484.41039535432,3-right,unknown,30
6534.167678946548,1-left,unknown,30
6604.842788962414,2-right,unknown,0
6669.5875049009865,crest,unknown,90
6735.812333239612,4-left,unknown,0
6822.744151667657,6-right,unknown,0
6865.453841570918,crest,unknown,80
6924.022087649408,1-left,unknown,0
7019.218224047721,slight-right,unknown,0
7058.994074915944,2-right,unknown,0
7096.867740611133,2-left,unknown,0
7134.481714667376,hp-right,unknown,50
7206.851736220413,crest,unknown,80
7252.875971259168,crest,unknown,80
7262.594161986401,finish,unknown,0
