0,crest,unknown,120
56.83585206985475,slight-left,unknown,50
166.5562032127381,crest,unknown,0
282.2893245506289,5-right,unknown,0
389.8336104011539,crest,unknown,0
515.281540317536,3-left,unknown,110
583.6659002494828,6-left,unknown,70
688.7322805213943,crest,unknown,50
788.2000183677685,3-left,unknown,40
960.7734145545965,slight-right,unknown,0
1060.7790732574467,4-right,unknown,70
1182.411074523926,3-left,unknown,60
1359.5552172269697,2-right,dont-cut,80
1456.4231070890294,crest,unknown,60
1531.5332682790622,6-right,unknown,130
1681.2157501211052,slight-left,unknown,0
1808.011079215039,crest,unknown,170
1946.7108902349362,3-left,unknown,80
2164.484627455699,6-left,unknown,50
2256.018545874583,3-right,unknown,0
2374.042504309642,crest,unknown,40
2456.236654891001,3-right,unknown,220
2671.017703093517,4-left,unknown,70
2810.904247969616,crest,unknown,60
2919.3536352529463,square-right,unknown,70
3028.311665693755,crest,unknown,160
3152.331169630521,crest,unknown,60
3280.6298195328673,crest,unknown,0
3356.9938823380453,2-left,unknown,70
3410.0014943566316,6-right,unknown,30
3488.055707594392,slight-left,unknown,30
3551.7266901078196,bump,unknown,50
3608.6676274552324,6-left,unknown,70
3681.013415380954,4-right,unknown,0
3777.383987242221,3-right,dont-cut,0
3825.906312262056,2-left,unknown,50
3895.2704101338363,5-left,unknown,0
3953.7466713109015,slight-right,unknown,0
4013.7292499699615,crest,unknown,0
4067.377942139152,6-left,unknown,70
4119.543723427302,3-left,unknown,0
4197.1093022313225,crest,unknown,0
4253.508710857877,crest,unknown,0
4306.991910797603,1-right,unknown,0
4366.380281731136,slight-left,unknown,0
4418.085488354215,slight-right,unknown,70
4496.4684721150425,dip,unknown,0
4598.83173856401,3-left,unknown,30
4651.022226196758,square-right,unknown,0
4733.492745605939,6-left,unknown,0
4789.060961367114,crest,unknown,0
4855.210770308005,slight-right,unknown,30
4904.875962301719,6-left,unknown,0
4956.779120069965,jump,unknown,50
5008.657719694597,crest,unknown,0
5072.455199934467,4-right,dont-cut,0
5118.346070448384,crest,unknown,0
5157.674743277062,3-left,unknown,0
5198.138340193259,crest,unknown,0
5246.1163217224885,5-left,unknown,0
5320.514799696422,crest,unknown,0
5365.224529272536,4-left,unknown,0
5430.46619339607,4-right,unknown,30
5522.282094160537,4-left,unknown,0
5624.630245825262,slight-right,unknown,50
5673.60340065619,crest,unknown,60
5730.5384111084595,hp-right,unknown,0
5865.829469458059,6-left,unknown,0
5919.163911920976,1-right,unknown,70
5997.856316496324,crest,unknown,0
6064.104910913894,water-splash,unknown,0
6111.383468386122,crest,unknown,60
6159.780734335369,slight-left,unknown,0
6239.562294851727,crest,unknown,40
6292.313365408368,4-left,unknown,0
6356.628754736367,2-right,unknown,40
6399.19877335209,6-left,unknown,0
6509.1518079437665,5-right,unknown,70
6727.425492140245,1-right,unknown,40
6812.186680962026,1-right,unknown,80
6926.87793100017,3-left,unknown,0
7005.886748634754,slight-right,unknown,50
7072.678613373215,6-left,unknown,50
7181.6439841617885,3-right,unknown,100
7298.901469818529,finish,unknown,0
