0,6-left,unknown,0
5.729237756729128,4-right,unknown,40
49.54576636314391,1-right,unknown,0
122.56584107398986,crest,unknown,0
159.0349198818207,3-left,unknown,80
295.2989548778537,3-right,unknown,70
409.4354257488255,6-right,caution,0
471.92552739143383,4-right,unknown,0
536.7113978290557,3-left,unknown,30
573.9094178867335,3-right,unknown,30
644.1302985477447,hp-left,unknown,150
787.0935133361804,6-right,unknown,0
880.6365903091418,6-left,unknown,0
931.5188512420648,6-right,unknown,40
979.9220234680165,crest,unknown,0
1063.2655358886705,2-right,unknown,50
1121.49460489273,acute-hp-left,unknown,40
1172.0017717361445,2-right,unknown,0
1227.8409498691558,crest,unknown,50
1303.6739488506312,crest,unknown,0
1381.5204980564097,5-right,dont-cut,0
1418.088955163955,crest,unknown,40
1452.7576196765892,5-left,unknown,0
1505.600992822646,4-right,unknown,30
1590.3796385669698,crest,unknown,0
1637.8546404361728,1-left,unknown,0
1671.7021896266936,hp-right,unknown,0
1694.8637610340124,slight-left,unknown,40
1724.472577066424,3-left,dont-cut,70
1827.1194108867658,3-right,unknown,0
1925.122384901048,crest,unknown,0
2007.5338137722008,crest,unknown,60
2052.61142466545,1-left,unknown,0
2148.298656549455,slight-right,unknown,0
2197.1844130420686,2-right,unknown,0
2236.125733900068,2-left,unknown,0
2267.8641652584033,crest,unknown,0
2301.860075845716,slight-right,unknown,0
2341.1940583133664,crest,unknown,0
2400.620010194776,6-left,unknown,0
2450.78667737007,4-left,unknown,70
2504.146349573136,6-right,unknown,0
2591.3739891147616,5-right,unknown,0
2696.891251802445,4-left,dont-cut,60
2792.1274265384686,jump,unknown,0
2879.8679806995424,slight-left,unknown,30
2928.0999374485073,2-right,unknown,0
3037.0333565235173,4-left,unknown,0
3087.6601140689904,5-right,unknown,50
3126.7950139713334,5-right,unknown,0
3199.308397912981,slight-left,unknown,0
3305.1898838901557,slight-right,unknown,40
3414.4538686466226,1-left,unknown,0
3542.517431650161,4-right,unknown,0
3658.1447152423852,6-left,unknown,0
3730.8929308223705,crest,unknown,0
3783.181183805463,slight-right,unknown,30
3828.90287791252,6-left,unknown,50
4047.490546751021,5-left,unknown,90
4113.77517558098,square-left,unknown,0
4232.343528966903,6-left,unknown,0
4274.496164803519,slight-right,unknown,60
4328.28930933477,4-right,unknown,0
4420.040759224909,slight-left,unknown,0
4476.8736412286935,5-left,unknown,0
4575.346712021845,1-right,unknown,0
4644.785294537561,slight-right,unknown,0
4688.845755143182,1-left,unknown,0
4720.414329991364,5-right,unknown,30
4753.0503154039625,5-right,unknown,0
4797.96107870581,slight-left,unknown,30
4853.60338453772,5-left,unknown,0
4903.061900162718,crest,unknown,30
4959.751833100345,1-left,unknown,40
5009.2101278543705,crest,unknown,0
5064.075631794955,5-left,unknown,180
5224.753646378541,slight-left,unknown,40
5280.469778485327,5-right,caution,90
5434.06236572745,slight-left,caution,0
5531.939799389866,bump,unknown,0
5587.628931660676,slight-left,unknown,0
5645.464736752534,1-left,unknown,60
5715.5500478410995,bump,unknown,0
5778.135112862621,4-left,unknown,0
5890.518002228772,6-right,unknown,0
5983.362937264475,slight-left,unknown,40
6044.166579728158,1-right,unknown,30
6141.8901322412885,1-left,caution,0
6193.61449215416,5-right,unknown,0
6254.734697632826,crest,unknown,0
6284.764171662364,square-right,unknown,0
6312.294637799299,6-left,unknown,0
6334.926738610305,6-right,unknown,30
6373.823518586199,3-right,unknown,30
6458.204442620315,4-left,unknown,30
6500.550326943433,crest,unknown,0
6583.632144722971,5-left,unknown,40
6625.0418198252055,6-right,unknown,50
6670.384140267408,6-left,unknown,0
6762.681709542309,2-right,unknown,30
6823.667624268567,2-left,unknown,0
6877.914633679426,4-right,unknown,0
6931.626729722054,2-left,unknown,50
6983.248694787053,slight-right,unknown,50
7056.064996151954,6-left,unknown,0
7134.932024655376,slight-right,unknown,0
7186.76149979118,4-right,unknown,0
7233.70524525169,3-left,unknown,50
7276.479511952436,2-left,unknown,100
7341.508210644757,finish,unknown,0
