0,hp-left,unknown,0
13.780456142425546,2-right,unknown,0
46.04453656196591,2-right,unknown,0
71.51768871307368,1-left,unknown,30
119.82561626434327,3-right,unknown,80
201.86000028610246,6-left,unknown,0
268.4434070396427,4-right,unknown,0
340.1477956199647,slight-right,unknown,0
447.2297721672058,bump,unknown,30
498.60244558334324,2-left,caution,40
542.6743764686581,1-right,unknown,30
604.4084282493595,3-left,cut,0
656.141330814361,6-left,unknown,40
691.2217322349544,3-right,unknown,0
775.0723110008237,crest,unknown,0
825.1978865814207,6-right,unknown,0
867.4550606918335,1-left,unknown,40
899.4244535636902,5-left,unknown,0
956.8287157630925,crest,unknown,0
1030.7536649894719,slight-left,unknown,40
1084.4008887290952,square-right,dont-cut,0
1135.8140995216354,1-left,unknown,0
1172.7002832031228,6-right,unknown,0
1215.6248286056507,3-left,unknown,0
1298.8230616378771,3-right,dont-cut,0
1337.0547861671434,square-left,unknown,70
1412.3451635646807,6-left,unknown,0
1480.9227911472308,3-left,unknown,0
1530.7664260196682,2-right,dont-cut,30
1632.013942556382,2-left,unknown,0
1686.720621156693,hp-right,unknown,30
1720.1735316658046,1-right,unknown,0
1778.9343750093908,crest,unknown,0
1817.3612667940595,1-left,dont-cut,0
1848.1524297426677,crest,unknown,80
1879.5372639177776,4-right,unknown,40
1958.9316077898466,slight-right,unknown,0
2036.7659008882986,crest,unknown,0
2095.468642282342,4-left,unknown,0
2138.4498129366393,5-right,unknown,0
2190.74468148217,6-right,unknown,100
2477.581918411108,6-left,unknown,50
2553.189021053168,4-right,unknown,90
2740.554130267951,6-left,unknown,40
2865.237111453864,bridge,unknown,100
2977.8349608801327,4-left,unknown,250
3271.025403385013,hp-right,unknown,50
3420.3162712667836,5-left,unknown,180
3563.384173908079,5-right,unknown,0
3655.470168380582,4-right,unknown,40
3750.1627137754804,6-left,unknown,130
3891.972164802394,3-right,unknown,0
4013.352079772792,crest,unknown,30
4057.380703391872,1-left,unknown,100
4167.4064093016,slight-right,unknown,100
4246.187286338651,2-left,unknown,0
4346.80004917129,6-right,unknown,100
4479.353851709209,crest,unknown,0
4591.741904764018,3-right,unknown,80
4739.017552690352,slight-right,unknown,40
4822.824274492111,crest,unknown,0
4887.95207077965,3-left,unknown,0
4930.680146226731,slight-left,unknown,0
4966.003028554761,crest,unknown,0
5004.355026731331,3-right,dont-cut,50
5040.962715825871,slight-left,unknown,0
5114.790012197332,crest,unknown,50
5157.332457990481,4-left,unknown,40
5233.210267972776,6-right,unknown,0
5298.137031965086,2-right,unknown,0
5350.538234243222,crest,unknown,0
5382.569261216949,crest,unknown,0
5404.9493082903155,4-left,unknown,90
5476.214024038143,2-left,unknown,90
5590.286329450436,crest,unknown,80
5674.776714467829,slight-left,unknown,0
5793.151924962828,slight-right,unknown,40
5848.543237676447,square-left,unknown,80
5912.88137204153,crest,unknown,40
5978.08858143789,3-right,unknown,60
6094.582252359215,4-left,unknown,100
6283.053848237813,5-left,unknown,60
6402.721227655238,1-right,unknown,0
6514.676495256246,slight-right,unknown,40
6569.337714433493,3-right,cut,90
6688.388555955707,slight-right,unknown,0
6784.145247735798,6-left,unknown,120
6882.380257425138,4-right,unknown,0
7027.300691003628,6-left,unknown,0
7173.40909756643,6-right,unknown,30
7237.480005121055,3-left,unknown,0
7310.846347207849,6-right,unknown,120
7420.552642923082,finish,unknown,0
