0,acute-hp-left,unknown,90
67.0390579795837,2-right,unknown,50
144.74271781921377,4-right,unknown,0
213.5693866729735,5-left,unknown,0
244.54371417999278,slight-right,unknown,50
305.9716157913208,6-left,unknown,60
387.58969524383537,2-right,unknown,0
492.92547042846655,4-left,unknown,0
543.211555252075,3-right,unknown,30
588.227007331848,1-left,unknown,0
659.970833568573,6-right,unknown,60
699.1830374717717,6-left,unknown,50
781.8185920906076,5-right,unknown,0
868.7846722602847,crest,unknown,0
913.9929974174499,4-right,unknown,40
955.2803529548644,3-left,unknown,0
1025.6094750022887,6-left,unknown,0
1074.439668045044,dip,unknown,0
1139.365871524812,square-left,unknown,0
1184.302569274904,crest,unknown,0
1209.6623967170733,5-left,unknown,0
1235.9735030555748,1-right,unknown,40
1282.4911661338826,2-left,unknown,30
1347.4102416610738,slight-right,unknown,40
1410.4511784744286,4-left,unknown,0
1474.464453315737,5-right,caution,50
1595.5221073150678,bump,unknown,70
1699.304141273503,2-right,unknown,40
1843.5282475987913,slight-left,unknown,0
1893.7076466695298,slight-right,unknown,120
2004.5536779729339,4-left,unknown,40
2105.324384378571,slight-right,unknown,40
2188.753852113863,1-left,unknown,40
2317.7000627080383,6-left,unknown,0
2367.1362928525396,slight-right,unknown,0
2412.0960795346687,crest,unknown,30
2451.621549505371,1-right,unknown,0
2500.2668914357614,crest,unknown,0
2530.159864782472,6-right,unknown,0
2576.938829683445,slight-right,unknown,40
2639.507688097141,5-left,unknown,0
2713.4814180318344,slight-left,unknown,0
2756.5743043080793,2-right,unknown,0
2795.5490509740343,slight-left,unknown,0
2823.6715013829717,1-left,unknown,0
2864.2574342481157,slight-right,unknown,70
2906.289620927954,crest,unknown,40
2978.0020331517676,4-left,unknown,60
3107.686060632843,crest,unknown,40
3194.6490071431567,square-right,unknown,100
3302.9939160195763,6-right,unknown,0
3368.1575858918604,slight-left,unknown,60
3451.8064366380154,slight-left,unknown,0
3518.4566924134688,slight-right,unknown,0
3567.0909858933856,6-left,unknown,0
3623.0776133195327,crest,unknown,0
3702.1488952866953,5-right,unknown,0
3753.343692535536,4-left,unknown,30
3852.3439551392944,1-right,unknown,0
3956.9472784654045,slight-left,unknown,60
4006.624520954261,slight-right,unknown,40
4151.266315921909,5-left,unknown,50
4286.818368038297,5-left,unknown,0
4364.021514515045,4-right,caution,30
4412.26148216641,1-left,unknown,0
4460.1436702958335,slight-right,unknown,0
4519.946998371249,crest,unknown,60
4611.731416248447,5-right,unknown,0
4688.963653797275,5-left,unknown,40
4782.510499462257,5-left,unknown,0
4876.795005420817,kinks,unknown,70
4925.564497646463,3-right,unknown,0
5004.233084873333,dip,unknown,0
5059.756233371864,slight-left,unknown,0
5107.5962001077005,crest,unknown,0
5186.732409061561,3-right,unknown,0
5232.52217255033,crest,unknown,0
5268.420980400217,1-left,unknown,40
5298.459461025365,2-right,unknown,70
5374.634986919528,crest,unknown,0
5447.32096144117,crest,unknown,0
5491.53143503583,3-left,unknown,60
5592.026569122443,crest,unknown,0
5677.328017868171,2-right,dont-cut,30
5718.837882465489,slight-right,unknown,0
5777.684477600227,hp-left,unknown,0
5811.420371078622,square-right,unknown,30
5865.859025739789,4-left,unknown,0
5912.655911077623,6-right,unknown,30
5985.90767205632,crest,caution,0
6074.137825178261,5-left,unknown,0
6140.922300929181,crest,widen,0
6213.505732769821,1-left,unknown,50
6278.600584912153,hp-right,unknown,50
6371.292832093087,1-left,unknown,0
6418.212689022874,6-right,unknown,50
6453.4470474289365,6-left,unknown,0
6531.40209728703,6-right,unknown,0
6578.167378277631,slight-left,unknown,150
6690.697583660932,hp-right,unknown,30
6827.373939575999,2-left,unknown,0
6862.675515465591,4-right,unknown,0
6934.498014397482,4-left,unknown,80
7040.996338868009,3-left,caution,40
7140.993547463278,6-right,unknown,0
7207.448200691126,3-right,unknown,50
7312.912271297352,square-left,unknown,30
7418.121751964467,4-left,unknown,0
7468.685728156942,finish,unknown,0
