46.66960868835453,3-right,widen,40
124.13708129882814,1-left,widen,40
227.16088571548474,slight-right,widen,0
277.09038377761823,jump,unknown,60
311.5449308395383,5-right,widen,60
368.2101880645746,6-left,widen,0
474.75929065704327,3-right,widen,50
551.8666768646233,slight-left,widen,70
675.9796717071522,1-left,caution,60
849.0233967208841,3-right,widen,40
925.334806098936,4-left,widen,80
1049.1140978240949,6-right,widen,60
1137.928052597046,4-left,widen,0
1233.2654722595214,6-right,widen,50
1375.3993879318236,1-left,widen,50
1466.763814525603,6-right,widen,0
1579.56911842346,2-right,caution,0
1710.5248320388794,5-left,caution,0
1769.960692634581,6-right,widen,100
1880.5339596557587,3-right,widen,0
2007.3754582214317,5-left,widen,0
2046.3590172958352,slight-right,widen,0
2107.9822146224956,3-left,cut,0
2197.5103676223716,6-right,widen,0
2237.8614686202973,3-right,widen,0
2288.4399291992163,1-left,widen,50
2349.235719890591,slight-left,widen,0
2445.9754823493913,5-right,widen,0
2491.060677127836,slight-right,widen,50
2545.6942092323275,slight-right,widen,100
2645.2552076148945,4-left,widen,30
2985.1296006202642,4-left,cut,0
3097.1698876380838,4-right,widen,0
3140.7412809181114,slight-left,widen,0
3377.0256164741368,3-left,widen,30
3494.0484580039783,2-right,widen,0
3595.8541258239575,slight-left,widen,0
3655.5001948165723,slight-right,widen,0
3737.06106243132,2-left,cut,0
3829.1701619720307,3-right,widen,70
3907.082787590013,6-left,widen,0
3988.1974552535885,slight-right,widen,50
4073.1214060592524,slight-right,caution,0
4160.510889968859,6-left,widen,70
4219.119712829576,4-right,widen,0
4302.788819503772,slight-left,widen,0
4387.948285102829,5-right,widen,170
4594.84746650694,6-right,widen,50
4674.665964012122,2-right,widen,0
4749.098763046235,square-left,widen,0
4816.359470329252,6-left,widen,40
4863.762172431911,4-right,widen,0
4940.961408729517,slight-left,widen,30
4988.9884139632795,4-left,widen,0
5049.357869873012,3-right,widen,40
5095.893415832482,slight-right,widen,0
5162.30382099148,6-left,widen,0
5255.447541885341,slight-right,widen,70
5309.788202438322,3-right,widen,50
5505.1944326781895,6-left,widen,60
5662.197254257178,3-right,cut,50
5716.527735862713,slight-left,widen,0
5781.079037170393,5-right,widen,50
5965.186961059554,6-right,widen,0
6021.543424377426,slight-left,widen,0
6071.051837158185,acute-hp-right,widen,0
6119.347062311155,6-left,widen,40
6180.208016900995,3-left,caution,0
6275.268931894281,4-right,widen,0
6323.856681146602,1-left,widen,30
6380.826577501274,6-right,widen,0
6436.187071409202,4-left,widen,60
6565.247869081472,6-right,widen,0
6639.55239331243,1-left,widen,110
6728.208883237814,5-left,widen,0
6810.392826642972,4-right,widen,0
6854.15837470053,4-left,widen,0
6900.425800428376,2-right,widen,0
6970.45290104865,2-left,widen,30
7032.90878975867,2-right,widen,0
7154.74725113868,hp-left,widen,0
7274.302058134084,3-right,widen,0
7356.475789594658,slight-left,widen,0
7435.442291631701,finish,unknown,0
