0,straight,unknown,60
16.294982233047484,slight-right,unknown,100
107.16804156303401,slight-left,dont-cut,80
247.09850134849546,crest,caution,0
374.48816897392237,slight-left,twisty,0
477.8406432819359,2-right,cut,0
511.96576181411626,3-right,cut,0
525.5547271156296,slight-left,unknown,200
676.1225209808324,slight-right,unknown,0
764.857504730222,slight-right,unknown,0
821.625514450071,slight-left,unknown,100
899.2086615753153,crest,unknown,0
981.8201978301985,crest,unknown,0
1020.8414323425272,dip,unknown,120
1093.1537313461283,hp-right,twisty,30
1142.8488357734661,slight-left,unknown,50
1209.1988990402197,slight-right,unknown,30
1300.9864343643162,hp-left,dont-cut,0
1337.968205814358,slight-right,unknown,70
1372.4269967079128,slight-right,twisty,70
1402.2835353851285,1-right,unknown,70
1510.6252327060683,hp-left,dont-cut,0
1567.266001138685,2-right,dont-cut,0
1601.499043016431,bridge,unknown,0
1643.7430560684188,5-right,unknown,0
1644.2362434291822,4-left,cut,0
1708.3611755561806,3-right,unknown,60
1787.7833428001381,6-right,unknown,0
1890.6409755134541,4-left,unknown,50
1952.6887388038592,4-right,unknown,0
2009.186943912503,3-left,unknown,120
2130.025521564476,crest,caution,0
2190.694333057394,crest,caution,0
2238.1045649528405,3-right,unknown,0
2287.6349144172577,slight-left,unknown,0
2338.532380428305,crest,unknown,80
2396.479461498251,3-right,unknown,30
2451.7307616233734,1-left,dont-cut,60
2519.4846380948957,crest,unknown,0
2583.800850710863,slight-right,unknown,0
2638.0865631437223,crest,unknown,140
2771.724207873335,bump,unknown,0
2845.698157534591,crest,dont-cut,60
2903.199022250166,crest,unknown,100
2975.8464937925255,hp-left,unknown,0
3081.338630557053,hp-left,unknown,0
3133.332383036606,slight-right,unknown,80
3217.2061929959746,slight-left,unknown,0
3283.0050488156753,bump,unknown,0
3341.6620939893196,bump,unknown,0
3377.345687472293,slight-right,unknown,50
3428.6444892758814,2-right,unknown,70
3539.334816042849,6-left,dont-cut,70
3632.266646601625,5-right,unknown,40
3796.098738543459,6-left,unknown,30
3926.775816065736,5-left,unknown,40
3990.2709180707416,crest,caution,0
4070.96517271704,5-right,unknown,0
4120.202910448976,crest,unknown,50
4163.299929797121,hp-left,unknown,30
4215.055581404634,hp-right,unknown,0
4262.473527543013,slight-left,twisty,50
4319.514878956742,slight-right,unknown,90
4439.554976460404,crest,unknown,140
4612.692524907062,crest,unknown,0
4721.358059422443,slight-right,unknown,0
4803.204275395343,crest,unknown,160
4903.837652737572,bump,unknown,0
5055.617882077169,5-left,unknown,80
5116.4951059693785,slight-right,unknown,40
5230.759106442395,6-left,caution,60
5354.895467602678,6-left,caution,0
5465.896685864394,6-right,unknown,0
5525.88708507246,2-left,unknown,50
5616.750072018562,6-right,unknown,0
5682.790540253576,slight-left,dont-cut,0
5740.146172425206,5-right,unknown,90
5827.2166611260645,6-left,unknown,140
5979.034946114475,6-left,unknown,0
5984.170941063815,3-right,unknown,0
5989.2994986504855,6-left,unknown,0
6137.077775551732,4-right,unknown,0
6209.643692070895,4-left,unknown,0
6253.582899300509,6-right,unknown,80
6359.577412850309,slight-right,unknown,0
6487.724256607935,6-left,unknown,0
6551.411772400781,6-right,unknown,40
6614.537678620265,slight-left,dont-cut,0
6733.673869988369,crest,unknown,40
6803.261226326872,4-right,unknown,30
6864.216335732389,4-left,unknown,90
6926.50168763821,crest,unknown,60
7047.3004204720655,4-right,unknown,40
7146.053436676901,slight-left,unknown,100
7366.232534729873,slight-left,unknown,90
7522.876803986467,4-right,unknown,0
7626.071276108658,finish,unknown,0
