0,acute-hp-right,unknown,0
0.42174695014953617,straight,unknown,60
85.35237450599672,3-left,unknown,0
115.45179871559142,3-right,unknown,0
186.68065855979944,3-left,unknown,60
263.21511767387403,2-left,unknown,50
346.0445796108249,3-left,unknown,0
394.5427125644685,3-left,unknown,0
407.0996878147128,2-right,unknown,0
458.50860157966684,2-left,unknown,0
492.9677084255227,6-right,unknown,0
524.652646741868,6-right,unknown,0
539.0349760341653,2-right,unknown,50
601.0489078044902,1-left,unknown,30
680.9018285846728,2-right,unknown,0
731.0942986011518,hp-left,unknown,0
821.8538675594333,square-left,unknown,50
898.7305657482153,hp-right,unknown,0
954.599318876267,hp-left,unknown,30
1002.585873851777,6-left,unknown,0
1060.0119601249696,slight-right,unknown,0
1100.4451227951051,3-right,unknown,0
1136.4218248939515,5-left,caution,0
1176.2922659111023,6-right,unknown,0
1213.819447097778,hp-left,unknown,90
1328.8284728336307,hp-right,unknown,0
1387.444775934217,hp-right,unknown,0
1408.8308296871157,2-left,unknown,0
1471.8593894195544,1-left,unknown,0
1476.9697235488877,2-left,unknown,0
1478.0883576393112,1-left,unknown,0
1487.0703071975693,6-right,unknown,0
1507.7549322128286,6-left,unknown,0
1540.2227991867055,2-right,unknown,0
1602.323294010162,slight-left,unknown,50
1702.954934768677,3-right,unknown,0
1736.3167273521424,2-left,unknown,0
1766.2901252746587,4-right,unknown,40
1820.579189453127,3-left,unknown,0
1865.5174741745013,3-left,unknown,0
1911.4287155914315,3-right,unknown,0
1944.3217645835884,2-left,unknown,0
1973.9343092727652,2-left,unknown,0
1986.4317653083792,2-right,unknown,0
2035.6065351867665,3-left,unknown,0
2071.551116009949,4-right,unknown,70
2191.604410096403,3-right,unknown,0
2218.2888239490926,2-right,unknown,0
2247.4787472355283,2-left,unknown,0
2281.2828806602847,crest,unknown,0
2303.845089274634,slight-right,unknown,0
2342.636012126196,hp-left,unknown,0
2370.6224881374724,6-right,dont-cut,30
2403.1132009899497,5-right,unknown,0
2450.4228391849892,3-left,unknown,30
2507.1060347187413,5-left,caution,0
2549.1634599125305,5-left,caution,0
2561.9770837414185,3-right,unknown,0
2606.394609204525,5-left,unknown,0
2635.0703073036607,slight-left,unknown,0
2678.0850164902117,2-left,unknown,0
2699.18337481617,2-left,unknown,0
2726.7170616066346,hp-right,dont-cut,0
2763.5987690269853,2-right,unknown,100
2956.426998988383,square-left,unknown,0
2997.416776419871,2-right,unknown,30
3048.9805490028807,5-left,unknown,0
3092.733816272017,4-right,unknown,0
3110.0872932922816,3-left,unknown,60
3172.884339572187,3-left,unknown,0
3235.4771813118405,4-left,unknown,60
3325.4302049362595,4-left,unknown,0
3361.841105853312,4-left,unknown,0
3389.289883815043,5-left,unknown,0
3405.458661166424,4-left,unknown,0
3417.03349866032,hp-right,unknown,0
3449.891396991008,square-left,unknown,0
3492.7276370060385,5-right,unknown,50
3580.540723744625,5-left,unknown,0
3602.2097402775244,4-right,unknown,0
3644.6430519306623,6-left,unknown,0
3678.821681290863,6-left,unknown,0
3709.289815160035,3-right,unknown,0
3722.6510317432853,5-right,unknown,0
3727.3244146931142,3-right,unknown,0
3816.804056569339,2-left,unknown,0
3883.0884169781225,2-right,unknown,0
3917.9548325550572,4-left,dont-cut,0
3951.1695999920357,5-right,unknown,0
3999.1462171566445,slight-left,unknown,0
4034.435054913755,1-left,unknown,0
4070.19156362652,2-right,unknown,30
4122.335953694564,1-left,dont-cut,0
4175.434777356363,1-left,dont-cut,0
4248.883603669381,4-left,unknown,0
4316.569360867712,2-right,unknown,40
4382.149195023751,3-right,caution,0
4438.895008546089,square-left,unknown,0
4474.456593495585,square-left,dont-cut,0
4518.52688877223,crest,unknown,0
4566.580566388352,6-left,unknown,0
4629.443084622605,6-right,unknown,70
4730.061627942305,6-right,unknown,70
4808.500085927226,slight-left,unknown,0
4894.343242360323,slight-left,unknown,0
4910.299896413057,crest,unknown,70
4991.414092313022,slight-left,unknown,0
5046.542121564121,slight-left,unknown,0
5071.385840283603,4-left,unknown,40
5139.931646977633,4-right,caution,0
5235.52832277414,bridge,unknown,0
5263.922341748446,bridge,unknown,0
5296.800244427891,bridge,unknown,0
5328.669541531766,3-left,unknown,0
5375.952497025695,right-entry-chicane,unknown,220
5648.7493374931455,slight-right,unknown,0
5701.491297599039,slight-right,unknown,0
5795.629508429722,5-left,unknown,300
6132.7382094108625,crest,unknown,200
6467.2625520240745,left-entry-chicane,unknown,100
6646.39522286529,4-right,unknown,190
6908.008994609061,2-right,unknown,0
6952.189114066307,3-left,unknown,0
7007.052852240753,5-right,unknown,30
7052.9577377998385,5-left,unknown,60
7140.576294089509,slight-right,unknown,0
7235.5643360054,slight-left,unknown,0
7294.345863906093,5-right,unknown,50
7364.467193900296,4-left,unknown,0
7396.37588576431,4-left,unknown,0
7467.272651015467,4-left,unknown,0
7481.607778693382,crest,unknown,0
7532.1766292488,slight-left,unknown,40
7582.6915957557585,slight-right,unknown,0
7659.418709098044,finish,unknown,0
