0,6-right,unknown,50
13.266658439636231,slight-left,unknown,0
80.14697624206548,3-left,unknown,0
145.90666828155523,2-right,unknown,70
216.09975894927967,square-right,unknown,30
294.9666302490235,3-left,unknown,0
369.52034250259453,1-left,unknown,70
523.0984341383167,1-left,unknown,80
615.6127733946034,4-right,unknown,40
696.2612795210076,3-left,dont-cut,0
765.9120190763666,6-right,unknown,70
823.163701319714,6-left,unknown,40
917.4998711538508,hp-right,unknown,0
1008.9698581457336,6-left,unknown,30
1097.5300549841136,6-right,unknown,0
1152.7964919614994,5-left,unknown,50
1202.2688342237673,3-left,unknown,0
1339.6711300230213,6-right,unknown,100
1462.6629373121448,slight-right,dont-cut,100
1590.238446688671,4-left,unknown,60
1751.297188639659,3-right,unknown,50
1864.1311677885217,2-left,unknown,80
2011.4822650098968,3-right,unknown,40
2096.840658831609,4-left,unknown,60
2173.469855494512,1-right,unknown,0
2275.8734986829904,2-left,unknown,0
2309.0172581052925,1-right,dont-cut,80
2416.1140704488885,square-left,widen,30
2501.5885928869375,4-right,unknown,0
2564.132292971625,2-right,unknown,0
2606.7801282453693,4-left,unknown,40
2662.140269656193,3-right,unknown,50
2734.1454561567434,2-left,unknown,0
2831.662763743413,4-right,unknown,60
2918.8480698728663,4-left,unknown,120
3078.2740154981757,4-left,unknown,0
3199.4059172010575,6-right,unknown,0
3297.8534205198434,4-right,unknown,0
3398.5782139158378,3-left,unknown,110
3628.3417001295197,5-right,unknown,0
3720.6631171369627,5-left,unknown,50
3776.6344453001116,6-right,unknown,0
3949.6970520353384,2-right,dont-cut,0
4124.3986874342,crest,unknown,0
4176.081486430171,5-left,unknown,40
4221.844335017203,6-right,unknown,50
4304.31688415051,slight-left,unknown,0
4384.439439997682,3-left,unknown,50
4544.700665926938,crest,unknown,40
4641.020048174868,slight-left,unknown,120
4718.727097811707,2-right,unknown,30
4911.637835650442,2-left,unknown,30
5024.290195136073,2-right,unknown,40
5138.350970254442,2-left,unknown,30
5210.72154552987,2-right,dont-cut,70
5341.332429051899,2-left,unknown,80
5492.067235417862,5-right,unknown,0
5585.370820050738,slight-left,unknown,50
5644.177134290243,6-right,unknown,40
5725.3212738852735,4-right,unknown,100
5912.2099339728575,4-left,unknown,80
6030.885669179463,6-left,caution,30
6156.100059896017,1-left,unknown,30
6223.135904050373,3-right,cut,80
6319.705078425908,6-right,unknown,100
6489.117371249693,5-left,unknown,50
6630.698388515009,3-right,unknown,100
6792.891716418758,6-left,unknown,0
7017.166403651731,4-right,unknown,0
7190.715534816283,hp-left,unknown,0
7271.98048572113,5-left,unknown,50
7364.692389226456,4-right,unknown,100
7484.792507787252,6-right,unknown,70
7695.622254529499,finish,unknown,0
7738.544232831498,finish,unknown,0
