0,straight,unknown,40
0,1-left,unknown,50
61.450766830444316,1-right,unknown,70
143.08042151144483,right-entry-chicane,unknown,30
173.01323785981168,hp-left,unknown,0
237.92922842225065,crest,unknown,40
267.26493154725074,4-left,unknown,0
313.11304670533184,hp-right,unknown,40
379.7237375565435,4-right,unknown,0
417.567838022318,4-left,unknown,0
458.852730295267,4-right,unknown,0
514.0913168545626,crest,unknown,30
549.9471049710173,3-left,unknown,0
595.3123206921479,hp-left,unknown,0
659.2123300858401,4-right,unknown,0
700.2891932507413,bump,unknown,50
730.0115546055692,6-left,unknown,0
786.7829988881015,4-right,unknown,0
825.2263916035557,4-right,unknown,40
870.3569412251378,1-right,unknown,30
921.7864429112341,3-right,dont-cut,0
971.7112961407561,crest,unknown,30
996.2476060887232,square-left,dont-cut,30
1038.2132670040985,4-right,unknown,0
1101.1860979863072,3-left,dont-cut,0
1140.0626029416,square-right,unknown,0
1182.9011102791706,4-left,unknown,0
1215.3253766842768,crest,unknown,0
1252.527367097942,1-right,dont-cut,0
1281.9878044529833,crest,unknown,0
1301.9606964322013,3-left,unknown,30
1328.772311651318,2-right,unknown,0
1379.1976667805607,5-right,unknown,30
1414.6074040337492,hp-left,unknown,0
1460.1330478211328,6-right,unknown,0
1495.5547749348573,5-left,unknown,0
1547.1856306477473,4-right,unknown,0
1591.5826128407398,4-left,unknown,40
1638.2190481778064,crest,caution,40
1705.3102752896239,square-right,unknown,0
1750.825377523511,1-right,unknown,30
1848.0770797866312,slight-left,unknown,0
1894.4141561072797,5-left,unknown,40
1946.89214778361,6-right,unknown,0
2004.6826080649819,6-left,unknown,0
2038.4871189254259,5-left,unknown,0
2086.627651705118,4-right,unknown,70
2151.5441558974712,1-left,unknown,100
2255.9188549083183,jump,unknown,70
2307.8878243869244,jump,unknown,70
2324.181087669699,3-right,unknown,0
2394.228037456839,4-left,unknown,30
2429.8301415484807,crest,unknown,0
2507.623971332873,5-right,unknown,60
2574.760878643359,6-left,unknown,0
2645.009335541096,3-left,unknown,0
2725.5613155215606,crest,unknown,0
2759.862765220961,3-right,unknown,0
2788.273712238628,1-left,unknown,0
2840.7471724525335,5-left,unknown,30
2874.461673947895,3-right,unknown,90
2976.2371215263283,5-left,unknown,80
3070.3193985191288,hp-right,unknown,70
3208.9686238208697,6-right,unknown,50
3260.0939257160126,4-left,unknown,0
3333.910230380626,6-left,unknown,40
3404.548667537304,6-right,caution,0
3466.8717705265008,4-right,unknown,0
3548.489271518322,crest,unknown,0
3643.561403934095,6-left,unknown,0
3694.4430051532727,crest,unknown,0
3739.1820484653445,1-left,unknown,30
3771.1482418933842,1-right,unknown,50
3841.983694087598,square-right,unknown,60
3954.030528911679,6-left,unknown,0
4003.344349330993,bump,unknown,0
4040.1140888253212,slight-right,unknown,30
4068.686566032503,crest,unknown,40
4099.687228073213,1-left,unknown,30
4171.779820121865,bump,unknown,40
4221.443010677437,4-left,unknown,30
4282.32975893412,square-right,unknown,30
4371.810269321542,5-left,unknown,0
4406.413877796274,bump,unknown,30
4469.557912639714,jump,unknown,0
4511.5334672204,6-right,unknown,0
4557.016514667608,4-left,unknown,0
4596.949615024667,square-right,unknown,0
4647.724250377756,3-left,unknown,30
4723.28441788112,4-right,unknown,0
4808.207701114763,slight-left,unknown,120
4922.423687042339,slight-left,unknown,0
5029.605281204325,3-right,unknown,30
5071.37518520747,hp-left,unknown,120
5195.096817382916,4-right,unknown,0
5285.287569870096,crest,unknown,50
5317.79949842845,crest,unknown,50
5394.628078044994,slight-left,unknown,0
5471.004322818857,3-right,unknown,0
5647.805342716318,crest,unknown,0
5671.4912341157005,6-left,unknown,0
5713.9577362671835,crest,unknown,0
5756.476282409754,5-left,unknown,80
5810.832814087001,jump,unknown,90
5900.127571853723,crest,unknown,40
5975.067188667382,1-left,unknown,40
6052.306926368804,2-right,unknown,50
6138.189938825703,1-left,dont-cut,30
6198.293112882707,1-right,unknown,0
6269.769793142403,6-right,unknown,0
6324.698667635042,5-left,dont-cut,0
6369.319359087068,2-right,unknown,80
6463.838835023958,crest,unknown,60
6524.351263040625,5-left,unknown,30
6612.458067812049,crest,unknown,100
6671.768714059913,6-right,unknown,0
6781.368024515236,6-left,caution,70
6871.341982111054,jump,unknown,60
6912.029378351287,jump,unknown,60
6969.150941499778,crest,unknown,40
7050.88034903914,2-left,unknown,0
7103.113283151686,4-right,unknown,30
7167.726279386584,slight-left,unknown,0
7221.316948370048,slight-right,unknown,0
7274.413679136345,hp-left,unknown,50
7326.940565885612,slight-right,unknown,50
7432.935099952121,5-left,unknown,30
7528.407625586883,3-left,unknown,0
7628.984434554473,6-right,unknown,50
7694.378017585177,square-right,unknown,0
7785.573626830482,3-left,unknown,50
7835.209192140007,4-right,unknown,0
7896.205554196743,finish,unknown,0
