0,slight-right,unknown,60
25.219627199172983,slight-left,unknown,50
119.75771933555603,slight-right,unknown,0
246.78137770652762,crest,unknown,0
309.6227088832854,4-right,unknown,50
360.38187148094164,5-left,unknown,60
472.5586613368986,crest,unknown,70
546.4824928188322,crest,unknown,70
583.5710222911835,slight-left,unknown,90
682.1557538509361,slight-left,unknown,0
805.5481490230558,6-right,unknown,40
868.3096684169766,6-left,unknown,50
938.4907590770719,bump,unknown,0
1036.7566007900227,2-left,unknown,0
1095.6489768123608,6-right,unknown,0
1126.4125068378435,slight-left,unknown,0
1189.4633270740483,crest,unknown,0
1232.1643956089001,3-right,dont-cut,0
1283.1037161731708,4-left,unknown,0
1344.1288313007346,6-right,unknown,0
1393.3735706043233,crest,unknown,0
1498.4525698947882,2-left,unknown,0
1544.423289804456,4-right,unknown,100
1644.766155576704,4-left,unknown,140
1867.4881819438917,5-right,unknown,0
1961.1445894527405,slight-left,unknown,120
2065.8062551403004,slight-left,unknown,0
2173.259415845868,slight-right,unknown,100
2256.215524511333,left-entry-chicane,unknown,0
2406.935194320675,3-right,unknown,0
2445.875504713476,bridge,unknown,0
2481.279113073764,3-left,unknown,30
2556.790992193637,4-right,unknown,100
2725.6168452362426,slight-right,unknown,50
2836.276436338846,crest,unknown,0
2878.5782626633104,crest,unknown,0
2958.389917059368,6-left,unknown,0
3026.794687986798,6-right,unknown,0
3128.6157612137263,crest,unknown,40
3190.0048805145675,crest,unknown,40
3232.4518281082555,square-right,unknown,0
3304.759543161815,1-right,unknown,0
3336.0670343498664,square-left,widen,30
3348.7673824028457,acute-hp-right,unknown,30
3353.806999388168,square-left,unknown,30
3377.918082743118,slight-left,unknown,0
3430.800825386473,square-left,unknown,0
3463.386212273072,4-right,unknown,30
3499.54264473958,crest,unknown,30
3539.5495635132297,crest,unknown,30
3555.8711506561744,1-left,unknown,0
3596.12048417134,2-right,dont-cut,0
3637.6811640457604,1-left,unknown,0
3688.9857597069226,1-left,unknown,0
3695.055208406873,2-right,unknown,0
3761.171183309981,slight-left,widen,0
3821.083858366439,4-right,dont-cut,0
3859.409006109663,4-left,unknown,0
3897.8512003616797,2-right,dont-cut,0
3931.1098282341472,3-left,widen,0
4013.200445414015,6-right,unknown,0
4089.0159629730692,4-left,unknown,0
4157.76917349858,4-right,unknown,50
4219.829370985458,5-left,unknown,0
4288.59170380635,square-right,unknown,0
4323.626244879194,hp-left,unknown,0
4361.404154291581,4-right,unknown,60
4408.395429068043,5-right,unknown,0
4474.0570278648875,3-right,unknown,40
4576.755070238542,slight-left,bridge,0
4643.030374411366,2-right,unknown,0
4676.420001677296,4-left,unknown,30
4705.3446090305015,2-left,unknown,0
4769.280622195028,4-right,unknown,0
4806.886440867208,1-right,unknown,0
4841.221141127375,square-left,unknown,0
4875.225510004785,crest,unknown,60
4913.172421520974,3-left,unknown,30
4992.340570439129,hp-left,unknown,0
5043.081348313127,2-right,unknown,0
5078.114642885957,6-right,unknown,0
5136.553700751107,slight-right,unknown,0
5176.659911421575,1-left,unknown,0
5209.950774630347,5-right,widen,30
5251.302468870917,3-right,unknown,0
5309.187575835029,5-left,unknown,0
5345.74506418113,slight-left,unknown,0
5410.475970896528,hp-right,unknown,0
5441.772035273357,slight-left,widen,0
5471.472967461383,crest,unknown,0
5508.187575882706,2-right,unknown,0
5547.775987671649,hp-left,unknown,0
5573.510395287314,slight-right,unknown,80
5639.679222687522,4-left,unknown,0
5712.417895630634,4-right,caution,0
5750.887294281761,1-left,unknown,0
5781.012968395986,2-right,unknown,0
5829.58217364195,2-left,unknown,0
5862.1821323669255,4-right,widen,40
5906.213212298187,4-left,unknown,0
5973.766775130066,4-right,unknown,0
6035.111208914548,1-left,unknown,0
6072.272548388279,2-right,unknown,30
6104.425104941169,2-right,unknown,30
6111.132333582676,slight-right,unknown,0
6165.753198393622,3-left,unknown,0
6202.916944464486,6-right,unknown,0
6235.647186831274,slight-left,unknown,0
6301.043060950081,2-right,unknown,0
6338.621064490121,hp-left,dont-cut,80
6435.425544155883,crest,unknown,0
6492.117051590727,square-right,unknown,0
6552.273546265409,slight-right,unknown,0
6611.997125729372,1-left,unknown,0
6649.684734944151,6-left,unknown,0
6696.060045288847,slight-right,unknown,30
6734.415799492647,square-right,unknown,0
6788.876367138672,hp-left,unknown,50
6863.9470731819165,2-right,unknown,0
6918.0669377029435,slight-left,unknown,0
6944.123570584108,1-left,bridge,0
6976.5731882751425,square-right,widen,0
7010.747137383268,3-left,unknown,0
7062.53107828025,1-right,unknown,40
7155.779487131875,2-left,unknown,0
7210.033068560401,6-left,unknown,0
7269.525375021734,2-right,unknown,0
7302.399119013583,2-left,unknown,0
7332.916072443758,4-right,widen,30
7379.6182350147055,crest,unknown,0
7441.727236479548,2-right,unknown,40
7491.077248514919,4-right,unknown,0
7548.047762068543,3-left,unknown,0
7596.898184393681,2-right,unknown,0
7679.6634697139625,6-left,unknown,50
7712.387519873413,finish,unknown,0
