2.0175244617462162,4-right,unknown,0
36.147613763809204,5-left,unknown,30
116.27419606208805,hp-right,unknown,30
150.63912056922905,hp-right,twisty,30
227.71704638481137,3-right,unknown,0
278.6027844524385,3-left,unknown,30
386.6060715389246,4-right,unknown,0
476.6314272594442,5-left,unknown,0
540.370056142806,5-right,unknown,0
596.8166990184781,5-left,unknown,80
803.0426857662198,slight-left,unknown,0
862.731109418869,4-right,unknown,50
918.1018621349335,4-left,unknown,0
1010.3953891277322,4-right,unknown,0
1060.213838300706,2-left,unknown,0
1074.45960340873,4-right,unknown,0
1100.9393394580081,4-right,unknown,0
1204.3502812590782,3-left,unknown,0
1244.625827142258,2-right,unknown,50
1315.9582893576817,4-right,unknown,50
1447.0443377318593,5-left,unknown,80
1616.859072057268,hp-right,unknown,0
1723.2892383971425,5-left,unknown,90
1834.8170668556045,crest,unknown,40
1938.4960307838269,4-left,unknown,180
2138.1349275733787,5-right,unknown,80
2279.970740485368,3-right,unknown,280
2659.611324515519,slight-left,unknown,0
2958.2127536918497,2-right,unknown,0
3141.1514235069135,slight-left,twisty,0
3206.4235973121513,2-left,unknown,90
3321.9321211768997,5-left,dont-cut,0
3416.44536374587,5-right,unknown,120
3635.384501280962,4-right,unknown,80
3721.3891220809796,4-left,unknown,90
3910.925634570296,crest,unknown,70
4038.079083781418,crest,unknown,0
4109.901462474043,slight-left,dont-cut,0
4176.301820216351,6-right,unknown,100
4332.942877574143,slight-left,twisty,60
4454.827764620958,5-right,unknown,30
4541.82372630614,3-left,unknown,0
4586.6641051055785,3-left,unknown,0
4611.290671687304,crest,unknown,40
4709.148810763537,5-right,unknown,120
4882.906796946701,3-left,unknown,30
4998.84067065733,5-right,unknown,200
5409.34913730162,slight-left,unknown,80
5566.084175143418,slight-left,unknown,120
5718.3370178558125,3-right,unknown,0
5889.690090556309,6-left,unknown,0
5958.655116458105,3-right,unknown,220
6248.931004595919,3-right,unknown,80
6514.561748818446,slight-left,twisty,0
6597.266840180448,slight-right,unknown,0
6654.853870667509,slight-left,unknown,70
6733.120455578856,6-left,unknown,0
6830.418791836783,5-right,unknown,70
6969.824522847221,slight-left,twisty,100
7196.618823422477,5-left,unknown,60
7311.72473338036,6-right,unknown,0
7423.949964779892,6-left,dont-cut,50
7490.340802182237,4-right,unknown,40
7556.278550366443,6-right,unknown,40
7625.363508824388,6-right,dont-cut,50
7708.354807232896,3-left,unknown,40
7774.9720521059435,3-left,unknown,50
7901.20864273934,finish,unknown,0
