0,2-left,widen,0
43.354873332977306,crest,caution,0
108.25946512222293,6-right,unknown,50
156.63130540847794,square-left,unknown,0
254.52061841964735,slight-right,unknown,40
283.7288592720035,2-left,unknown,0
338.34936265945464,2-right,unknown,0
407.8656012725837,crest,unknown,60
452.47531023025556,slight-right,unknown,100
591.385640506744,1-right,unknown,120
849.1423527717584,crest,unknown,0
900.3312428236,slight-right,unknown,160
999.8785177946074,slight-right,unknown,0
1127.77349822521,jump,unknown,0
1219.811768145559,6-left,unknown,0
1285.4422217512117,slight-right,unknown,40
1345.6887398862832,6-left,unknown,100
1470.8468891096118,jump,unknown,150
1656.1423038816463,slight-right,unknown,70
1803.2688491773617,4-left,unknown,50
1922.8739766263966,crest,unknown,50
2003.010602383612,2-right,unknown,0
2072.427803158759,6-left,unknown,0
2107.4742648744586,4-right,unknown,0
2149.4854466295233,5-left,unknown,0
2183.8750103807456,slight-right,unknown,0
2225.4558617258094,hp-left,unknown,40
2291.7001816511165,slight-right,unknown,70
2353.354509787559,slight-left,caution,0
2438.2275705480583,4-right,unknown,0
2478.7315021085737,square-right,unknown,80
2545.535160193443,3-right,unknown,0
2618.555248370171,2-left,unknown,50
2661.888071227077,6-left,unknown,0
2732.7111013555545,1-right,unknown,0
2773.212905001642,5-left,unknown,70
2828.645251727104,square-left,unknown,0
2896.675836024285,6-left,unknown,50
2945.401522736551,3-right,unknown,90
3074.472068428998,6-left,unknown,0
3163.770571160321,crest,unknown,160
3305.6954312753724,3-left,unknown,60
3465.3891615152415,3-right,unknown,0
3559.7010151147892,6-left,unknown,60
3621.1796640253115,4-left,unknown,0
3713.8465948343314,crest,unknown,0
3760.317519440656,5-right,unknown,0
3823.846099724776,6-left,unknown,0
3876.902971062666,crest,unknown,30
3931.7043831872998,crest,unknown,0
4003.56307486058,6-right,unknown,100
4069.1647451257786,6-left,unknown,40
4261.913667244925,slight-left,unknown,70
4419.011415085807,hp-right,unknown,0
4569.501049971598,slight-right,unknown,90
4649.1918260336115,jump,unknown,0
4755.3133957433865,6-right,unknown,40
4816.507039542211,6-left,unknown,0
4891.647357611668,6-right,unknown,0
4959.200738692292,slight-left,unknown,0
5005.832254157077,hp-left,unknown,40
5080.289501595513,3-right,unknown,0
5132.283477578178,1-right,unknown,0
5165.093988823906,4-right,unknown,0
5215.050759854334,6-left,unknown,50
5251.623815579432,6-left,unknown,0
5336.709682164207,5-right,unknown,0
5439.475509610197,3-left,unknown,0
5490.806996388459,5-right,unknown,0
5561.822036099454,6-right,unknown,0
5657.6217643404225,5-left,unknown,0
5724.326021389988,6-right,unknown,30
5791.1479812669995,crest,unknown,50
5886.859242978115,4-right,unknown,0
5998.150061306979,crest,unknown,0
6048.660095944428,2-left,unknown,0
6090.783992657691,crest,unknown,0
6133.611782498396,4-left,unknown,0
6176.709754681623,slight-right,unknown,30
6216.12908810142,2-left,unknown,60
6310.918521122964,crest,caution,0
6397.004057278671,3-left,unknown,70
6465.457253899612,6-left,caution,30
6540.191390442888,1-left,unknown,0
6591.76570648674,square-right,unknown,0
6619.525401482618,bridge,widen,40
6642.4485645819095,1-left,unknown,50
6707.25033702378,crest,unknown,0
6767.385562605904,slight-right,unknown,0
6804.770938239143,square-right,unknown,30
6825.998313546227,crest,unknown,0
6852.856356244137,square-left,unknown,70
6908.198667655036,crest,unknown,60
6978.955845541993,crest,unknown,0
7057.317141356502,slight-right,unknown,0
7100.9362771749875,2-right,unknown,50
7141.263275713959,3-left,unknown,50
7228.111902365729,crest,unknown,0
7300.608870863962,1-left,unknown,0
7326.447156081244,4-right,unknown,0
7358.275777201696,6-left,unknown,0
7407.659445052194,6-right,unknown,0
7450.484828658147,crest,unknown,0
7493.529188323063,3-right,unknown,0
7525.677683196108,2-left,unknown,0
7547.820081458131,crest,unknown,0
7572.249004263919,square-right,unknown,0
7607.6973333883725,4-left,unknown,80
7740.242746552009,square-right,unknown,0
7757.999173226663,3-left,unknown,0
7817.085424819297,acute-hp-left,unknown,0
7855.753811364482,4-right,unknown,0
7881.839327178308,3-left,unknown,0
7944.714751429861,finish,unknown,0
