0,crest,unknown,80
50.17079933166504,slight-left,unknown,40
137.7959732818604,crest,unknown,30
221.2663900756838,6-left,unknown,50
296.31202716827397,crest,unknown,0
422.49281520843505,3-left,unknown,0
465.045116844177,6-right,unknown,0
513.3684756469728,5-left,unknown,0
564.6485865402215,6-right,unknown,0
623.0930459976183,3-left,unknown,50
703.1602238845819,4-right,unknown,0
784.2175681877129,2-left,unknown,0
822.6209621429431,crest,unknown,0
884.2439055442799,2-left,unknown,0
931.6885558891288,6-right,unknown,50
962.9363124084473,4-right,unknown,50
1023.2659552383425,3-right,unknown,0
1105.957795715333,3-left,unknown,0
1143.4694405555745,crest,unknown,30
1188.0086132431045,5-right,unknown,0
1239.6899633026142,4-left,unknown,30
1287.8614471435576,3-right,unknown,60
1392.4027480697662,5-right,unknown,40
1456.4126508712789,3-left,unknown,30
1531.6201211547857,3-left,unknown,30
1600.9206382560747,6-left,unknown,0
1659.903629055025,4-right,unknown,40
1708.157626705172,5-right,unknown,0
1754.5186185646082,3-left,unknown,0
1796.802517375949,3-right,unknown,0
1848.367531394961,4-left,unknown,0
1920.4483819961572,6-right,unknown,0
2000.3869265747092,6-left,unknown,50
2047.2885211181642,3-left,unknown,40
2130.6779918289144,3-right,unknown,0
2199.5991968154863,6-right,unknown,40
2285.3407009887655,5-left,caution,0
2387.467552719114,4-right,unknown,0
2433.941540908812,jump,unknown,0
2465.427972850799,slight-right,unknown,0
2514.809700183867,crest,unknown,0
2541.6563312530498,2-right,unknown,0
2576.3912772941585,3-left,unknown,0
2609.9482751655573,4-right,unknown,0
2641.0024975967403,crest,unknown,0
2681.693395576476,square-left,unknown,0
2717.8491261100785,crest,unknown,0
2751.4360899649396,hp-right,unknown,50
2800.7981379900707,slight-right,unknown,30
2847.670271807743,5-left,unknown,0
2915.113919230534,slight-right,unknown,0
2971.010575724675,crest,unknown,0
3014.1562157927306,5-right,unknown,0
3061.212104502754,3-left,unknown,0
3103.890651484565,slight-right,unknown,0
3142.718815890387,4-left,unknown,40
3185.9107435332085,4-right,unknown,0
3229.575347834659,4-left,unknown,70
3272.8984315977827,3-left,unknown,0
3338.382456904487,3-right,unknown,30
3395.0611200056815,5-right,widen,0
3454.822224360545,crest,unknown,0
3490.5058804426994,3-left,unknown,50
3522.629643126567,crest,unknown,0
3570.47623408421,3-right,unknown,0
3613.7523058997,3-left,unknown,0
3651.258415099224,slight-right,unknown,0
3687.187482482039,4-left,unknown,30
3727.5598231421327,acute-hp-right,unknown,90
3814.498743468368,slight-right,unknown,0
3887.165050078475,slight-left,unknown,40
3932.7340939627506,3-right,unknown,50
3985.5754517660944,4-left,unknown,40
4062.561231032453,3-left,unknown,0
4152.78805495366,square-right,dont-cut,0
4180.72046712026,4-left,unknown,0
4201.285596486179,5-right,unknown,0
4237.0441015063225,5-left,unknown,0
4275.562653180214,slight-right,unknown,60
4369.882365208422,4-left,unknown,0
4420.955621071617,crest,unknown,0
4484.904690438071,6-right,unknown,0
4519.318553925319,slight-right,unknown,90
4603.267878914639,slight-right,unknown,50
4702.150008164218,5-left,unknown,40
4762.397320061491,4-right,unknown,0
4836.436703339381,3-left,dont-cut,0
4901.437280083462,3-right,unknown,50
4975.8971919334035,2-right,unknown,30
5035.508682411917,1-left,unknown,40
5087.087045182003,5-right,caution,0
5153.248365944639,jump,unknown,0
5192.633501290093,3-left,unknown,0
5234.662393025166,1-right,unknown,30
5273.723917969469,2-left,unknown,40
5331.124225071675,3-right,unknown,0
5385.318458813439,6-left,unknown,0
5431.895140331999,4-left,unknown,0
5509.042068508872,5-right,dont-cut,30
5570.093301914942,6-left,unknown,70
5653.943430813565,4-left,unknown,30
5763.955889805568,2-right,unknown,0
5893.683721989409,crest,unknown,0
5933.862979172481,crest,unknown,0
5961.253483876003,1-left,dont-cut,40
5994.274579266322,3-right,unknown,0
6058.215566910494,4-left,dont-cut,0
6090.170209740388,5-right,unknown,0
6137.915827378017,3-left,unknown,0
6176.028111752258,2-right,unknown,30
6236.23356512903,square-right,unknown,0
6281.41613446115,4-left,dont-cut,30
6313.508631591776,square-right,unknown,30
6351.6911211776505,square-left,unknown,40
6404.555949554424,slight-right,unknown,0
6455.77784215925,slight-left,unknown,50
6490.842911605817,5-right,unknown,40
6571.292167358385,6-left,unknown,60
6703.072625694267,6-left,unknown,0
6795.723553981768,square-right,unknown,40
6872.668204669947,5-right,unknown,0
7000.985416831963,6-right,unknown,0
7042.7417547512,crest,unknown,0
7081.105368089671,6-left,unknown,50
7114.63048584938,slight-right,unknown,130
7209.828234376907,6-right,unknown,40
7320.942785692212,5-left,unknown,0
7390.961918878555,6-right,unknown,30
7456.546510210042,4-left,unknown,40
7575.199354715352,4-right,unknown,0
7658.767697267532,5-left,unknown,60
7699.894948587419,4-left,unknown,40
7805.494563875205,slight-right,unknown,40
7884.250899782189,crest,unknown,0
7935.269127397544,2-left,unknown,40
7984.035797319413,crest,caution,0
8042.448078107838,1-right,unknown,0
8091.242686033258,finish,unknown,0
