0,slight-left,unknown,120
92.28869210243226,3-right,unknown,50
214.81495369911207,2-right,dont-cut,50
332.5677323246002,slight-left,unknown,60
404.70976971626277,6-left,unknown,40
483.07144520759573,4-left,unknown,30
554.433570871353,6-right,unknown,0
621.7277856159214,6-left,unknown,70
683.8292838001252,6-right,unknown,80
779.2030324649816,6-right,unknown,60
819.4090263843538,6-right,unknown,60
907.2916906452178,slight-left,unknown,0
996.9254078388213,slight-right,unknown,40
1066.5662276935577,5-left,unknown,70
1135.856088953018,5-left,unknown,0
1239.474022531509,6-right,unknown,70
1304.459418535233,slight-right,unknown,0
1384.439847269059,slight-left,unknown,0
1471.6177101612097,slight-right,unknown,60
1539.0747083759316,3-left,unknown,0
1622.8026782321926,crest,unknown,140
1902.6333212375603,slight-left,unknown,0
2059.5943716907436,3-left,unknown,0
2114.012343797676,6-right,unknown,0
2149.9274014377493,4-left,unknown,80
2208.5502112102417,slight-right,unknown,200
2528.6400081539055,5-right,unknown,250
2842.6558330440434,5-left,unknown,50
3009.240675001134,3-right,unknown,100
3127.309374608985,5-left,unknown,50
3267.4632689952746,crest,unknown,0
3316.797085256568,crest,unknown,0
3359.752381544105,crest,unknown,0
3400.8642675685805,3-right,unknown,0
3452.897163648598,5-left,unknown,60
3536.119667348852,crest,unknown,90
3606.4212950038795,crest,unknown,90
3679.85465449332,crest,unknown,120
3729.6868677043803,crest,unknown,120
3884.727066144933,slight-right,unknown,0
3957.3519577312363,slight-left,unknown,80
4026.687671995152,crest,unknown,0
4111.273995695102,5-right,unknown,100
4183.907300748814,5-left,unknown,80
4291.908544836038,5-left,unknown,0
4397.0177826213785,crest,unknown,130
4480.532955350877,4-left,caution,0
4612.138605604177,5-right,unknown,70
4665.339311132433,4-right,unknown,0
4768.55862944603,2-right,unknown,40
4843.744048891069,1-left,unknown,350
5143.83037955284,slight-right,unknown,30
5288.0317036724055,6-left,unknown,270
5556.64740946769,4-left,narrow,80
5708.0367970943325,slight-left,unknown,180
5878.094044294348,4-right,unknown,40
6081.488855772017,crest,unknown,90
6152.0806515789045,6-right,unknown,0
6257.554299955369,hp-left,unknown,80
6378.32333901405,5-left,unknown,90
6458.066645307536,5-right,unknown,0
6565.648843603128,slight-left,unknown,0
6620.0428025341,hp-right,unknown,40
6675.401238832467,3-left,widen,0
6725.406577768322,slight-right,unknown,0
6766.4636710834475,3-left,unknown,0
6802.638002595899,3-right,unknown,0
6837.399748353957,5-left,unknown,0
6906.2356855487815,2-right,unknown,0
6983.308706750871,4-left,unknown,0
7023.728880357745,4-right,unknown,40
7061.173396368029,4-left,unknown,0
7133.638967390063,6-right,unknown,0
7202.923184881212,6-left,unknown,0
7254.033692007068,4-right,unknown,80
7335.589368467332,5-right,unknown,0
7442.436153440479,slight-left,unknown,0
7496.196568975453,5-right,unknown,0
7548.619769620898,5-left,unknown,0
7597.1080892848995,3-right,unknown,40
7684.610957593917,3-left,unknown,0
7783.63415453911,3-right,unknown,40
7835.8499435710955,hp-left,unknown,0
7893.136891050346,5-right,unknown,40
7939.374954271319,5-left,unknown,50
8013.099190092092,finish,unknown,0
8067.544166059507,finish,unknown,0
