0,straight,unknown,60
48.41528961181642,square-left,unknown,30
59.94213914871219,4-right,unknown,50
121.0403745746613,slight-left,unknown,0
197.23991890907297,5-left,unknown,40
292.53061066627515,3-right,unknown,0
412.62485447883574,6-left,unknown,80
548.8088367557519,slight-left,unknown,30
677.9616148090353,bump,caution,0
710.0961769962304,bump,caution,0
742.8401563739774,crest,unknown,0
880.0958252048484,crest,unknown,0
942.8126337337492,6-left,unknown,0
986.7865054225919,crest,unknown,0
1019.4101064586645,crest,unknown,0
1045.276915006638,3-right,unknown,50
1090.3908084392551,slight-left,unknown,0
1174.723857431412,4-left,unknown,0
1229.7556519413006,crest,unknown,0
1309.8847280979176,slight-left,unknown,120
1385.1397447681438,jump,unknown,110
1502.2950851917265,4-left,widen,40
1633.8690521717065,6-right,unknown,0
1753.5823252201078,crest,unknown,130
1888.1102136707307,5-right,unknown,40
2025.0437009906782,2-left,unknown,40
2102.0027857685095,3-right,unknown,30
2171.391075677872,1-right,unknown,40
2230.039193887714,3-left,unknown,30
2292.6647731304206,4-right,unknown,0
2362.4572672367135,4-left,unknown,80
2420.106775369647,6-left,unknown,80
2530.3434527301833,1-right,unknown,0
2668.4302155780833,2-left,unknown,0
2733.3028366756503,3-right,unknown,0
2788.8256431865757,6-right,unknown,30
2854.3048571681993,5-left,unknown,30
2921.3697676753995,6-right,unknown,0
2997.8707381725308,5-right,unknown,0
3056.399289121629,3-left,unknown,0
3127.823807892804,6-right,unknown,40
3225.087195777304,5-left,unknown,80
3301.5107248681843,crest,unknown,50
3407.317598075276,jump,unknown,0
3471.406172713641,4-right,unknown,0
3528.367399100662,6-left,unknown,0
3587.90035406053,jump,unknown,100
3643.862978801129,slight-left,unknown,170
3786.45680276811,slight-right,unknown,0
3924.8543381303543,bump,unknown,0
3992.0667589372392,6-left,unknown,0
4064.496761378643,crest,unknown,0
4104.672024440165,3-left,unknown,70
4142.805623950361,crest,unknown,0
4188.352456378339,5-right,unknown,50
4235.794134616252,4-left,unknown,100
4342.652057208413,3-right,unknown,0
4457.442266864181,6-left,unknown,40
4518.446897334459,crest,unknown,0
4585.489148616204,5-right,unknown,0
4637.228059672722,crest,unknown,30
4687.064799174678,2-left,unknown,40
4732.265817927726,6-right,unknown,0
4782.652094096542,6-left,unknown,0
4865.937057437301,5-left,unknown,120
4946.161018542649,5-right,bridge,0
5014.416319407822,4-left,unknown,70
5181.423344708657,6-left,unknown,0
5253.285791684359,6-right,unknown,0
5296.359561902252,5-right,unknown,0
5367.37478071329,5-left,unknown,30
5420.709597455231,4-right,unknown,0
5479.924392110076,crest,unknown,40
5543.354867688388,6-right,unknown,0
5610.140903912751,6-left,unknown,0
5667.933307057586,4-right,unknown,0
5715.866372891631,bump,unknown,0
5748.812025853361,bump,unknown,0
5788.2379351246,bump,unknown,0
5814.494538785184,crest,unknown,0
5858.425457707607,5-right,unknown,30
5907.46220708963,square-left,unknown,70
5993.89825012323,6-left,unknown,50
6047.5963106166955,4-right,unknown,50
6137.217748719418,crest,unknown,40
6175.06581230279,crest,unknown,40
6243.4595552456,6-left,unknown,70
6303.068983384331,6-left,unknown,0
6421.868102456294,5-right,unknown,40
6524.428159218992,4-right,unknown,70
6585.346255799499,4-left,unknown,80
6720.479077531067,4-right,unknown,0
6835.510636178228,4-left,unknown,120
6948.665042229859,crest,unknown,30
7047.598851472105,crest,unknown,40
7106.363311158383,3-right,unknown,40
7206.956287080023,6-left,unknown,0
7271.96894020197,4-left,unknown,120
7424.986981393073,3-right,unknown,130
7602.321983910774,6-left,unknown,0
7706.494902459358,jump,unknown,40
7772.279897652833,jump,unknown,40
7814.424821168155,jump,unknown,40
7883.697577782842,jump,unknown,30
7901.562558137152,slight-left,unknown,0
7965.165470582221,slight-right,unknown,80
8026.910768090469,5-left,unknown,100
8158.413335419855,finish,unknown,0
