0,crest,unknown,0
3.105948438644409,4-left,unknown,0
37.602298440933254,4-right,unknown,0
73.13584208488464,crest,unknown,0
116.22596629142753,3-left,unknown,0
153.03267664909353,5-right,widen,40
193.57931632041922,crest,unknown,40
229.97736918449397,crest,unknown,40
239.35204672813407,4-left,unknown,0
343.84684561729426,square-right,unknown,0
413.21072037696837,3-left,unknown,50
498.4963795185088,6-right,unknown,30
582.926714944839,square-left,unknown,0
691.9483143711085,crest,unknown,50
727.3333158588401,6-left,unknown,0
795.9157311153403,4-right,unknown,0
866.2341800594322,5-left,unknown,0
918.6206292247765,crest,unknown,0
955.1550120830528,crest,unknown,0
968.6464940547937,slight-left,unknown,0
1021.5062626552582,1-right,unknown,0
1064.7066330242149,4-left,unknown,0
1105.1799513912197,2-right,unknown,0
1142.2899669742585,crest,unknown,0
1172.7659755992888,3-right,unknown,0
1211.0347329235076,3-left,unknown,0
1263.0327654361733,slight-right,unknown,0
1326.7018279552467,4-left,unknown,40
1393.4632527065278,slight-right,unknown,0
1472.6560435390463,jump,unknown,100
1506.0949103069295,jump,unknown,100
1538.215083532333,2-left,unknown,0
1660.058765821457,2-right,unknown,0
1726.1696283817291,6-left,bridge,0
1782.1078810405731,6-right,unknown,0
1834.3756064510342,6-left,unknown,150
1961.076307134628,3-left,unknown,30
2099.659533338544,1-left,unknown,0
2161.338626775741,3-right,unknown,0
2199.8975774478936,slight-left,widen,0
2245.1003581905393,2-right,widen,0
2288.728936853413,2-left,unknown,0
2343.453104295738,1-right,unknown,0
2416.4571986675314,3-left,unknown,0
2468.99230830193,5-right,unknown,0
2511.538340253833,4-right,caution,0
2571.7352384090464,3-right,unknown,0
2624.981011457448,5-left,unknown,60
2660.895632238394,slight-left,unknown,0
2759.0196181774204,crest,unknown,0
2793.3788506984765,3-left,unknown,0
2840.310442800526,5-right,unknown,30
2898.7335288524664,hp-right,unknown,0
3024.471914901738,crest,unknown,0
3067.589903335574,6-right,unknown,30
3120.0514450836235,3-right,unknown,40
3196.3050659561227,6-right,unknown,0
3282.423421058661,5-left,unknown,40
3321.5995214462355,1-left,unknown,30
3415.972582550056,3-right,unknown,0
3533.887563667302,square-right,unknown,0
3638.2866726684615,2-left,unknown,0
3681.991059551242,slight-right,unknown,0
3733.1893903160117,2-left,unknown,50
3794.14741519928,4-right,unknown,0
3873.5687623023973,crest,unknown,70
3930.3672959327687,6-left,dont-cut,0
4028.752057514187,4-right,unknown,0
4079.2119383048966,3-left,unknown,100
4188.817267189021,3-right,unknown,0
4285.087885894766,crest,unknown,0
4384.334405937183,2-right,unknown,0
4423.372369995102,slight-left,unknown,0
4453.629629135113,6-right,unknown,0
4523.507348041516,2-left,unknown,0
4574.730442905411,3-right,unknown,0
4616.835510177594,4-left,unknown,0
4680.776840667705,3-right,unknown,0
4785.529177093483,1-left,unknown,0
4863.5080505180085,1-left,unknown,0
4869.2018868827545,crest,unknown,40
4894.665207633946,3-right,unknown,0
4940.910832862831,4-left,unknown,0
5005.158966655707,slight-right,unknown,0
5044.76794837949,4-left,widen,0
5080.564021339393,slight-left,widen,30
5139.906428070041,4-right,unknown,0
5227.225823402377,3-right,unknown,0
5265.698985919919,2-left,unknown,40
5362.50546686169,square-right,unknown,0
5393.074403209653,square-right,unknown,0
5434.618367805444,3-left,unknown,0
5481.406242122611,4-right,unknown,0
5552.710252857168,crest,unknown,0
5576.246080722762,1-left,unknown,40
5619.265318698832,1-right,unknown,30
5668.370635547584,4-left,unknown,0
5717.017273502297,5-left,unknown,40
5793.287906093544,crest,unknown,0
5826.328053684184,crest,unknown,0
5869.883476467082,4-right,unknown,0
5923.711959056803,4-left,unknown,0
5963.344756393382,6-right,unknown,0
6003.806490783643,3-left,widen,0
6047.851896209665,4-right,unknown,0
6081.844660243938,2-left,dont-cut,0
6129.55251749034,4-right,unknown,40
6183.006593704177,2-right,caution,40
6267.5018220901,4-right,unknown,0
6341.083419628092,4-left,dont-cut,0
6377.916729392956,5-right,unknown,0
6430.435913562727,5-left,unknown,0
6469.800366535138,6-right,unknown,0
6516.257735156962,hp-left,unknown,50
6609.060035982077,3-right,unknown,0
6661.397959108297,2-left,unknown,0
6696.899548082293,2-right,unknown,0
6724.389431714954,3-left,unknown,0
6780.583901910724,crest,unknown,0
6814.374944791737,slight-left,unknown,0
6857.86860175127,6-right,unknown,30
6904.956131315176,5-left,unknown,0
6964.9283571910255,crest,unknown,0
6996.824919652878,crest,unknown,0
7014.099072141586,3-right,unknown,0
7059.284934720933,5-left,unknown,0
7090.055338411272,hp-right,dont-cut,0
7178.862465515084,crest,unknown,0
7202.285149869866,slight-right,unknown,0
7246.7738916873395,3-right,unknown,0
7349.659804048487,2-left,unknown,0
7409.465808954182,3-right,unknown,0
7450.989417715016,4-left,unknown,0
7487.145180501883,5-right,unknown,0
7526.321243696162,3-left,unknown,0
7564.6388483714545,1-right,unknown,0
7641.722564687678,crest,unknown,0
7665.577567491481,6-right,unknown,0
7700.102064828823,3-left,unknown,40
7766.08834912296,hp-right,unknown,0
7861.772626333198,slight-left,unknown,0
7918.738658628428,hp-left,widen,0
7947.644843225441,5-right,unknown,0
7994.704650344808,6-left,unknown,0
8056.3856918525335,finish,unknown,0
