0,straight,unknown,90
148.66632202148446,crest,unknown,120
263.6867309951782,crest,unknown,130
391.11065113067593,crest,unknown,50
531.0681191635127,right-entry-chicane,unknown,60
640.9237322998057,crest,unknown,70
698.5285790252701,slight-left,unknown,200
862.9279843139652,crest,unknown,0
1027.2191453552248,slight-right,unknown,100
1102.5645540618893,crest,unknown,30
1239.7718617630005,1-left,unknown,70
1323.8259863948822,crest,unknown,80
1372.934874334336,slight-right,unknown,0
1445.0994657421115,crest,unknown,70
1564.7718273067467,5-left,unknown,180
1808.6467668056475,crest,unknown,370
2151.750297231675,slight-right,unknown,80
2356.7276014614117,6-right,unknown,110
2507.634359807968,square-right,unknown,30
2650.7844326496124,square-right,unknown,30
2681.6910673522943,crest,unknown,120
2752.330036497111,square-left,narrow,150
2899.707616491317,crest,unknown,0
2973.9887018108357,slight-left,unknown,40
3027.226481924054,6-right,unknown,60
3089.304893522263,crest,unknown,0
3212.9794437694554,crest,unknown,160
3302.7834783458707,6-left,dont-cut,70
3466.958324995042,6-left,unknown,0
3599.239160223011,3-right,unknown,70
3693.084854688651,slight-left,unknown,0
3780.1153213024218,slight-right,unknown,120
3838.022649030694,6-left,caution,0
3944.0451342678125,5-left,unknown,100
4026.322862806327,3-right,unknown,100
4199.120644445424,6-left,unknown,90
4297.615640707027,6-left,dont-cut,50
4430.72781237603,slight-right,unknown,0
4568.433017225277,crest,unknown,50
4626.264774312987,crest,unknown,130
4702.966454191227,6-left,dont-cut,0
4859.015980291383,crest,unknown,80
4925.913782300966,6-left,unknown,120
5059.844834356327,6-right,unknown,0
5188.524150800723,slight-right,unknown,140
5307.458748006847,crest,unknown,30
5443.932392301584,crest,unknown,0
5511.427929830571,3-left,dont-cut,80
5582.768203268074,right-entry-chicane,unknown,130
5844.653208456069,slight-left,unknown,90
5970.16281683925,6-left,unknown,0
6101.383358030352,bump,unknown,0
6174.354202833207,6-right,unknown,0
6241.144569578202,jump,unknown,100
6298.583761587173,bump,unknown,0
6412.509532957106,slight-left,unknown,0
6479.503151083022,5-left,unknown,0
6597.7585801983205,slight-right,unknown,0
6665.86707346919,slight-left,unknown,40
6729.721144781137,crest,unknown,0
6826.21187495234,5-right,unknown,0
6894.455237417245,5-left,unknown,70
6963.922168874761,crest,unknown,30
7075.826997671151,4-left,unknown,120
7275.235009756095,1-left,unknown,0
7387.775308771149,slight-right,unknown,80
7437.950100622193,3-right,unknown,0
7522.805618314754,crest,unknown,60
7569.836163549436,crest,unknown,60
7587.650366659175,3-left,unknown,170
7728.265553998957,5-right,unknown,100
7884.075386114136,crest,unknown,40
8010.8400744533665,square-right,unknown,0
8087.502996282582,6-left,unknown,50
8166.0337795734495,crest,unknown,0
8202.308079767236,crest,unknown,0
8264.516171426783,6-left,unknown,0
8433.838325586321,finish,unknown,0
