0,crest,unknown,130
112.19063512802128,3-left,unknown,0
247.27216741561907,crest,unknown,50
358.66987646102916,1-right,unknown,30
530.4095238685607,crest,unknown,70
581.9816494369505,crest,unknown,70
615.0415784072873,square-right,unknown,0
708.043527126312,1-left,unknown,0
755.4714504814143,1-right,unknown,30
801.8507827186581,6-left,unknown,0
952.6275423812863,bridge,unknown,0
1072.9741577529894,crest,unknown,60
1138.1891078948959,bridge,unknown,0
1170.319900856017,bridge,unknown,0
1205.2635826492296,3-right,unknown,80
1253.9467098617536,5-left,unknown,0
1341.8237014389008,crest,unknown,40
1446.1464059448235,3-left,unknown,60
1497.8848540115337,6-right,unknown,70
1617.8051610565153,6-right,unknown,0
1742.4331133270223,4-left,unknown,0
1844.906490783688,crest,unknown,60
1897.7454766082735,crest,caution,0
1977.604180831906,3-left,unknown,90
2105.7694815444956,4-right,unknown,100
2262.5611346054116,crest,unknown,50
2327.6471028137253,crest,unknown,50
2382.289915542609,crest,unknown,0
2449.858377723701,slight-right,unknown,110
2513.7066038894727,5-right,caution,0
2644.445297050485,4-right,unknown,0
2696.822012252817,acute-hp-right,unknown,0
2754.919425697335,square-left,unknown,0
2774.8465954780677,5-right,unknown,0
2816.844647026072,6-left,unknown,50
2858.117078819285,6-right,unknown,0
2931.399903564465,crest,unknown,0
2990.8088392639297,5-left,dont-cut,0
3049.3785630798484,slight-right,unknown,40
3106.210003776564,6-left,unknown,40
3179.3784309768835,bump,unknown,70
3256.5903390884578,3-right,dont-cut,30
3373.4564542770604,crest,unknown,0
3416.810888881706,slight-right,unknown,0
3469.74026252749,3-left,unknown,0
3520.4990766144037,slight-right,unknown,40
3631.877973747277,slight-left,unknown,60
3746.6042931366196,5-left,unknown,30
3857.847364616419,5-right,unknown,0
3932.1676121139803,6-left,unknown,0
4036.1206558990716,crest,unknown,120
4204.705319519064,5-right,unknown,70
4272.802701911945,4-left,unknown,50
4348.603240470901,3-right,unknown,180
4561.843753013615,slight-left,unknown,50
4690.61964714051,crest,unknown,0
4724.494427261362,crest,unknown,0
4762.775738258372,crest,unknown,0
4802.619714355479,slight-left,unknown,0
4883.762650947578,crest,unknown,160
4981.257281951913,5-right,unknown,100
5211.514702949533,6-left,dont-cut,40
5337.389332771305,5-right,unknown,0
5479.513369331359,3-left,unknown,0
5559.5983267593365,4-right,unknown,50
5639.071102790837,crest,unknown,60
5756.165248565693,5-left,unknown,100
5850.083713073747,5-right,unknown,280
6154.368549499532,square-left,unknown,80
6344.572848854082,3-right,unknown,60
6420.134486961379,bridge,caution,0
6509.488745765706,5-right,unknown,0
6565.643178024307,5-left,unknown,0
6614.4355509185925,2-right,widen,40
6679.2006789016905,3-left,unknown,0
6754.968904132866,1-left,unknown,30
6801.133638458275,1-right,bridge,50
6916.007123518018,slight-left,unknown,0
6999.831975317027,5-left,unknown,0
7065.316508321792,crest,unknown,70
7135.4529035854675,3-left,unknown,50
7225.19989062312,3-left,unknown,40
7310.28065758708,1-right,unknown,30
7382.182377576858,6-left,unknown,0
7437.692692174941,5-right,unknown,0
7486.762378797559,6-left,unknown,0
7537.798652524974,4-right,unknown,30
7625.255988492994,5-left,unknown,90
7772.899028272652,6-left,unknown,60
7893.354255552311,5-left,unknown,0
8019.112865514776,5-right,unknown,40
8063.210588865296,crest,unknown,0
8130.836446142219,crest,unknown,30
8180.672923574464,1-left,unknown,40
8260.36968340875,crest,unknown,50
8330.154897127153,2-left,unknown,0
8421.023170442579,slight-right,unknown,0
8473.441203203209,finish,unknown,0
