0,6-right,unknown,0
13.937431468963625,square-left,unknown,50
58.786431598663334,1-right,unknown,0
132.30793812751776,2-left,unknown,40
197.6032196521762,2-right,unknown,0
278.71892233848604,4-left,unknown,150
403.1272233295445,5-left,unknown,0
514.4024387073514,6-right,unknown,100
627.822103815079,slight-left,unknown,170
806.7943080234531,crest,unknown,80
965.6907700443276,3-right,unknown,0
1131.8510722827914,1-left,unknown,130
1302.325069608688,6-left,unknown,0
1389.0735283565516,3-right,unknown,50
1463.836391897201,5-right,unknown,40
1548.9749041271205,slight-left,unknown,50
1649.286213712691,2-left,unknown,50
1709.4682409572592,slight-right,unknown,250
1936.172087430951,3-left,unknown,0
2102.7175891399365,5-right,unknown,100
2181.3396472072595,slight-right,unknown,0
2298.724960126878,1-right,unknown,130
2418.4562283992755,5-left,unknown,40
2518.043352384566,5-right,terrible-caution,0
2654.1754451656343,6-left,unknown,40
2731.2903716182705,2-right,unknown,70
2858.5308742237085,5-left,unknown,50
2957.590562601088,slight-left,unknown,0
3074.4316190814943,6-right,unknown,0
3127.44912709236,hp-left,caution,0
3177.5305723667125,4-right,widen,80
3257.764337434771,6-right,unknown,100
3349.2222385883338,1-right,unknown,60
3504.2087896823878,slight-right,unknown,0
3560.2360095500944,hp-left,unknown,40
3677.8092007541645,square-right,widen,0
3718.7469168567645,5-left,unknown,0
3809.006108846663,bridge,unknown,0
3830.4071797466263,5-left,unknown,130
4003.3073482036575,bump,unknown,100
4153.956650800703,3-left,unknown,0
4272.867107458114,4-right,unknown,80
4318.473539342882,6-right,unknown,30
4403.14216189384,crest,unknown,0
4484.531115751258,5-left,unknown,80
4538.541844663611,6-left,unknown,70
4638.093891859046,4-right,unknown,0
4741.245270299899,4-right,unknown,100
4868.140122709259,slight-left,unknown,70
5095.928361501684,6-right,unknown,100
5179.563983373634,hp-right,unknown,30
5307.40143187522,5-left,unknown,120
5492.697823953624,slight-left,unknown,60
5626.767768983833,5-left,unknown,100
5776.15356295585,slight-right,unknown,0
5844.525606412879,5-right,unknown,90
5972.72184573173,3-left,unknown,30
6093.569722280499,6-right,unknown,200
6270.835894594195,6-left,unknown,40
6421.470077028277,slight-right,unknown,90
6562.554755601883,5-right,unknown,70
6677.382560281755,5-left,unknown,80
6807.203319292068,6-right,unknown,70
6926.422610712054,6-left,unknown,50
7052.483107004164,1-right,unknown,50
7157.531450433718,5-left,unknown,50
7238.121961793884,6-right,unknown,80
7459.923636903745,6-right,unknown,80
7567.749578466401,6-left,unknown,100
7762.869693441377,3-right,unknown,0
7923.671660413739,5-left,unknown,120
7979.144098310466,5-right,unknown,50
8213.573773121834,square-right,unknown,40
8273.403409371378,6-left,unknown,50
8329.927460255618,3-right,cut,100
8442.595045018183,finish,unknown,0
