0,4-left,unknown,0
8.846161670684815,crest,unknown,60
67.79319238662717,slight-left,unknown,80
164.19629732131958,5-right,unknown,0
297.6020231056213,5-left,unknown,0
376.60686395645126,6-right,unknown,40
454.5227255058286,crest,unknown,70
548.8591203117369,jump,unknown,40
671.3202398109436,jump,unknown,60
745.8051032447812,5-left,unknown,60
854.872575092316,jump,unknown,0
961.3977673912053,4-right,unknown,60
1060.3503231620787,crest,unknown,170
1213.2225416755684,jump,unknown,40
1359.2746366310143,slight-right,unknown,0
1436.585355396273,6-left,dont-cut,70
1514.370822315219,crest,unknown,0
1659.194564838415,3-right,unknown,30
1709.846531009679,crest,unknown,40
1803.4684433937116,6-left,unknown,0
1862.1686244773898,4-left,unknown,50
1921.3459258461037,slight-left,unknown,0
2035.1907467079218,crest,unknown,160
2137.333256244664,4-right,unknown,30
2296.2173132515004,3-left,unknown,0
2414.6088811683726,square-right,unknown,60
2526.1620292854373,5-left,unknown,0
2587.0206819725095,5-right,unknown,50
2635.8398567771974,slight-left,unknown,0
2723.537463016517,5-left,unknown,50
2863.1655371284546,6-left,unknown,0
2961.347640705117,6-right,unknown,0
3059.082039546975,jump,unknown,100
3159.1703373909118,6-right,unknown,0
3282.7418898582623,5-left,unknown,160
3419.611212940232,4-right,dont-cut,50
3559.7098043632673,4-left,unknown,0
3663.54918325426,6-left,unknown,50
3723.4445088768157,jump,unknown,90
3810.1079241752773,slight-right,unknown,70
3939.5946548652814,4-left,caution,100
4145.78385566712,square-right,dont-cut,0
4213.230025005341,2-left,unknown,0
4246.959306926728,crest,unknown,120
4329.560724639895,jump,unknown,110
4436.350396194468,6-left,unknown,0
4543.818288154612,5-right,dont-cut,0
4604.4162709808425,2-left,unknown,0
4719.101479193629,crest,unknown,100
4817.165224310824,3-right,unknown,30
4925.358357665021,5-left,unknown,0
4988.642145316087,slight-left,unknown,0
5041.029019667591,jump,unknown,50
5136.767126624071,slight-right,unknown,0
5350.7332170171385,5-left,caution,160
5539.572565466845,slight-left,unknown,0
5696.020285613019,slight-right,unknown,140
5777.010504195173,jump,unknown,0
5897.165841795875,slight-left,unknown,70
5964.50776352592,6-left,unknown,50
6063.733347174605,6-right,unknown,0
6170.170238882974,jump,unknown,90
6227.817488257364,5-right,unknown,0
6317.716603667221,crest,unknown,0
6395.3631448812075,6-right,unknown,40
6460.607203986127,1-right,unknown,70
6556.53795712181,jump,caution,0
6627.422491843186,5-left,unknown,0
6670.095150534593,1-right,dont-cut,0
6699.201607443776,2-left,unknown,0
6727.0886579198495,crest,unknown,40
6759.373306757892,hp-left,dont-cut,0
6802.812979838338,4-left,unknown,30
6850.4930151052085,jump,unknown,0
6917.76874396034,1-right,dont-cut,0
6962.046951586686,2-left,unknown,0
7012.756398684464,jump,unknown,0
7063.026231047595,5-left,unknown,0
7098.2602325124335,1-left,unknown,0
7132.092369219738,6-right,unknown,180
7279.106112305602,crest,unknown,0
7370.038517281497,jump,unknown,140
7467.737581307376,slight-left,unknown,170
7689.632818963023,6-left,unknown,50
7838.869173562031,slight-right,unknown,40
7953.257561623554,square-right,unknown,70
8088.439302756288,slight-right,unknown,70
8189.06832758616,6-left,unknown,0
8298.534658495904,5-left,unknown,60
8371.72747580242,4-right,unknown,190
8471.508610445966,finish,unknown,0
8590.22265280436,finish,unknown,0
