0,straight,unknown,50
46.582206659316995,3-right,unknown,140
197.9297408008576,slight-left,unknown,60
327.3306816959384,4-right,unknown,220
558.5512090778359,slight-right,twisty,40
726.7474480152146,1-left,unknown,50
799.2171403598802,crest,unknown,90
878.1841026401532,slight-left,twisty,140
1100.2362025928498,left-entry-chicane,twisty,280
1411.126192216873,6-left,unknown,120
1534.8642248630517,3-right,unknown,140
1770.3684228229515,4-left,unknown,250
1942.73943684578,crest,unknown,100
2103.5596864032773,4-right,unknown,50
2225.7610197162644,6-left,unknown,40
2343.5699678516394,2-right,unknown,250
2495.38819581032,3-right,unknown,140
2640.4951247882823,6-left,unknown,0
2763.680106592176,slight-right,twisty,0
2823.488550043102,1-left,unknown,0
2865.7517704322922,slight-left,twisty,170
3026.467674162682,slight-right,unknown,70
3158.200541174704,2-right,unknown,50
3256.169967901999,square-left,unknown,40
3376.5791268470784,4-right,unknown,50
3428.383607304385,4-left,unknown,0
3505.2857581451412,3-left,unknown,100
3628.588808300777,4-right,unknown,160
3846.264981930537,slight-right,unknown,0
3986.6056131103446,3-right,unknown,250
4203.106866619865,4-left,unknown,30
4310.537059185777,1-right,unknown,0
4435.362219326775,4-left,widen,0
4475.597008831778,4-right,unknown,0
4555.468105557247,slight-left,twisty,0
4639.44579530029,slight-right,twisty,40
4702.3925191238395,4-right,unknown,60
4770.752062771605,hp-left,unknown,50
4910.680678837594,2-right,unknown,40
5013.892155468757,1-left,unknown,30
5110.977402661143,4-right,twisty,0
5195.415687611405,slight-left,twisty,40
5306.395851528942,6-right,unknown,0
5390.266212590043,crest,unknown,120
5643.550116970851,slight-left,twisty,80
5790.3827123001365,3-left,unknown,60
5908.014328968837,2-right,unknown,100
6082.596519787614,3-right,unknown,0
6195.202915585344,crest,unknown,0
6289.218699391192,3-left,unknown,80
6421.059007504296,3-left,unknown,0
6570.305469906637,crest,unknown,0
6600.951286099262,crest,unknown,0
6616.051989643878,1-right,twisty,80
6710.580552895373,1-left,unknown,0
6766.868180535144,1-left,unknown,0
6793.998339417285,4-left,unknown,280
7033.546276886765,6-left,unknown,0
7180.015259087385,4-right,unknown,0
7246.9475881508015,crest,unknown,50
7305.076282456221,square-left,dont-cut,90
7390.100789101417,slight-left,twisty,70
7464.639991925054,4-right,twisty,80
7576.393286946105,slight-left,unknown,30
7713.696508229059,2-right,unknown,120
7870.711802990718,4-left,unknown,100
7968.834371235653,2-left,caution,90
8086.006543095397,slight-left,twisty,0
8192.302334645075,slight-right,unknown,0
8243.78072831421,4-right,unknown,70
8398.913789990243,5-left,unknown,40
8445.190226013956,hp-right,unknown,40
8479.55517630845,hp-right,widen,40
8525.644857437908,finish,unknown,0
8621.913413365184,2-right,unknown,0
