0,straight,unknown,40
3.9663697433471685,1-left,unknown,0
39.454335289001484,2-right,unknown,80
133.6473978996277,square-left,unknown,0
202.57423017501844,hp-right,unknown,0
235.62800415992737,2-right,unknown,30
286.584039673805,hp-left,unknown,0
351.0259449243543,1-right,unknown,50
424.4620883989335,slight-left,unknown,30
483.139106888771,3-right,unknown,0
534.8071167230604,6-left,unknown,60
571.7003224611282,hp-left,unknown,0
659.1702523660653,4-right,unknown,30
714.0097084856028,2-right,unknown,0
776.6423771715145,2-left,unknown,0
844.3337238359429,3-right,unknown,30
890.0319690561271,3-left,unknown,40
955.0728999567006,slight-left,unknown,50
1024.1093650484056,3-left,unknown,60
1128.9769280672026,5-left,unknown,0
1197.65250715732,1-right,unknown,0
1251.3342680215785,1-left,widen,0
1298.2945587587294,acute-hp-right,unknown,0
1350.957660183898,2-right,unknown,0
1389.5780889940186,acute-hp-right,unknown,40
1469.0716720724026,6-right,unknown,90
1606.1829975461872,2-right,unknown,30
1719.880279211987,slight-left,unknown,100
1818.7985621404534,hp-left,unknown,70
1974.1518711900587,4-right,unknown,40
2033.3824090623746,1-right,unknown,30
2105.268878407467,hp-left,unknown,80
2223.2846387910786,2-left,caution,0
2291.148098607059,hp-right,unknown,40
2341.189214062688,square-right,unknown,0
2400.3226500940305,3-left,unknown,40
2423.3704987573587,4-right,unknown,0
2483.663274998659,4-left,unknown,0
2525.7871136140748,6-right,unknown,30
2564.110771718018,1-left,unknown,90
2674.7743805169957,1-right,unknown,70
2782.0155837869515,slight-right,unknown,0
2843.5355576371994,5-right,unknown,0
2881.004854969963,6-left,unknown,0
2921.1136242723323,4-left,unknown,0
2997.029567456228,1-right,unknown,60
3121.638852791768,square-left,unknown,100
3247.9491578531097,3-left,dont-cut,50
3351.749888844475,4-right,unknown,0
3419.139896187768,6-left,unknown,0
3466.680077805505,square-left,unknown,0
3502.0519882821886,square-right,unknown,30
3528.522793965324,1-left,unknown,0
3575.4887247705333,2-right,unknown,50
3675.779416222562,acute-hp-left,unknown,40
3770.1237287282806,6-left,unknown,0
3815.5072556733935,4-right,unknown,40
3855.8468062448374,5-right,unknown,0
3935.571534733758,4-right,unknown,0
4033.5705375718903,6-left,unknown,0
4103.373125729544,6-right,unknown,0
4151.210742306692,slight-left,unknown,0
4195.7662392854545,2-left,unknown,0
4234.351793827999,3-right,unknown,0
4289.229325261105,2-left,narrow,40
4324.603506741515,6-right,unknown,0
4371.49544205188,slight-left,unknown,40
4425.266720395082,slight-right,unknown,0
4498.57460548877,6-left,unknown,70
4561.284122929567,acute-hp-right,unknown,0
4683.158432602878,3-right,unknown,0
4704.382186017036,hp-left,unknown,0
4741.3302011728265,1-right,unknown,0
4798.605621352193,3-right,unknown,0
4854.212226080891,5-right,unknown,0
4893.925775256152,3-left,unknown,50
4966.831608565199,6-right,unknown,30
5018.4218660286515,6-right,unknown,60
5100.482790787562,5-left,unknown,0
5191.816668312893,hp-right,unknown,40
5266.112206700189,slight-right,unknown,60
5307.2121199158255,slight-left,unknown,70
5492.869298193797,6-right,unknown,130
5578.487311013087,hp-right,unknown,60
5726.383254626134,hp-left,unknown,0
5785.205292990541,5-right,unknown,80
5863.556836455195,6-left,unknown,70
6020.171394598814,1-left,unknown,30
6138.511809904906,square-right,unknown,40
6211.045453341332,5-left,unknown,80
6350.900207465012,4-right,unknown,0
6449.935534727892,slight-left,unknown,100
6513.282139990647,slight-left,unknown,40
6619.4182471683835,6-right,unknown,80
6680.977927038988,4-right,unknown,30
6796.755381033737,3-left,unknown,40
6868.922639143782,4-right,unknown,90
6996.619243414723,1-left,unknown,30
7096.200140517073,3-right,unknown,70
7172.814943678695,4-left,unknown,40
7261.916279127914,6-left,unknown,50
7335.105176222641,slight-left,unknown,0
7424.512183325613,6-right,unknown,60
7472.4917927769075,3-right,unknown,40
7581.945231650193,3-left,unknown,30
7667.6819955662095,3-left,unknown,0
7723.203926279865,2-right,unknown,40
7792.999952128255,2-left,unknown,30
7864.303701498826,5-left,unknown,30
7926.244891894182,3-right,unknown,120
8041.3522232082605,square-left,unknown,0
8146.9736705044015,square-left,unknown,0
8158.165372851201,2-right,unknown,0
8190.4680230930535,slight-left,unknown,60
8226.504506304575,3-right,unknown,0
8316.479484446358,4-left,unknown,30
8375.289079249213,6-left,unknown,0
8441.479662344764,slight-right,unknown,0
8487.234586394137,slight-left,unknown,0
8530.924365065408,hp-right,unknown,60
8595.499228709054,finish,unknown,0
