0,straight,unknown,60
62.136583490371756,slight-right,unknown,0
106.47591937065134,slight-left,unknown,0
143.72963723182679,6-right,unknown,40
183.94924378395098,4-right,dont-cut,0
244.34244008064306,3-left,unknown,60
306.6042001819613,slight-right,unknown,0
390.0610328006748,3-left,unknown,0
436.1659838581089,1-right,unknown,120
537.6575022983557,3-left,unknown,0
629.9110476398473,5-right,unknown,40
683.5314853000651,2-right,unknown,0
756.122124032975,3-left,unknown,0
817.0976582431796,4-right,unknown,30
895.1076362895974,3-right,unknown,40
999.3740967273725,3-left,unknown,40
1059.4084507274647,6-left,unknown,0
1134.9297255611436,6-right,unknown,40
1231.5901664257067,4-right,unknown,60
1354.9756227779437,3-left,unknown,30
1451.0867534542122,2-right,unknown,0
1530.2256788158452,slight-left,unknown,70
1565.2474781704,4-left,dont-cut,0
1647.891913900381,5-right,unknown,0
1700.3812309551295,3-right,unknown,30
1748.9676348400171,4-left,unknown,50
1805.218877000814,6-left,dont-cut,0
1908.4495577335408,slight-right,unknown,100
2006.0153785419507,slight-right,unknown,30
2118.0829579639494,4-left,unknown,50
2173.573625612266,5-right,caution,40
2299.7044363880227,square-left,unknown,30
2385.578892221456,square-left,unknown,30
2410.439525766378,1-right,unknown,50
2502.768926992424,slight-right,unknown,60
2649.239425439837,6-left,unknown,0
2758.646442193984,hp-right,unknown,60
2926.4097141075113,slight-right,unknown,100
3002.7732101154306,6-left,unknown,40
3091.659177331921,hp-right,unknown,40
3182.414796485892,slight-right,unknown,50
3241.4143084907437,6-left,unknown,40
3373.32085607528,5-right,unknown,60
3437.1326134681644,6-left,unknown,40
3507.0354855918836,6-left,unknown,60
3570.793355045313,4-right,caution,0
3680.114508991235,4-left,unknown,0
3716.1586518669023,3-left,dont-cut,0
3766.737159233083,1-right,narrow,0
3856.1833895111013,3-left,unknown,0
3901.962574234001,square-right,unknown,0
3942.623667583458,6-left,unknown,40
3965.787114810936,6-right,unknown,50
4023.1252868461515,6-left,unknown,40
4112.383847103114,slight-right,unknown,0
4166.469295177456,6-left,unknown,60
4222.325769824978,3-right,unknown,0
4282.250601482387,2-left,unknown,0
4323.03127437591,4-right,unknown,30
4362.484662647238,5-right,unknown,0
4417.668290863032,5-left,unknown,0
4461.496385726923,slight-right,unknown,0
4504.705885734554,4-left,unknown,0
4544.129465255733,5-left,unknown,50
4666.132917594901,4-left,unknown,0
4755.787643890362,6-right,unknown,50
4796.874615936257,hp-right,unknown,40
4893.300047950723,4-left,unknown,0
4940.9119995116935,2-left,unknown,30
4976.717278327919,square-right,unknown,30
5015.296746730783,square-right,unknown,30
5026.95859611509,hp-left,unknown,0
5080.150907382944,square-right,unknown,0
5129.5976456832705,6-right,unknown,0
5165.13139255522,4-left,unknown,50
5203.410812416057,2-right,unknown,100
5332.976353111253,1-right,unknown,0
5420.691866111745,6-left,caution,0
5478.682929477677,1-left,unknown,0
5522.721637458787,5-right,unknown,40
5572.936757297504,4-right,unknown,0
5647.183779506673,6-right,unknown,0
5706.052691364277,5-left,unknown,70
5764.3115328025715,1-left,unknown,90
5911.875987319932,square-right,unknown,40
6009.541383228286,5-left,unknown,0
6064.42370635984,4-right,unknown,0
6106.897821960428,4-left,unknown,40
6147.256324653604,3-right,unknown,0
6198.133396911606,acute-hp-right,unknown,40
6232.0085174178885,3-left,unknown,0
6289.150488691312,hp-left,unknown,0
6313.423072366696,2-right,unknown,80
6364.904201269132,hp-right,unknown,30
6442.702787866573,1-left,unknown,40
6507.067737264615,5-left,unknown,80
6593.673150720576,hp-right,unknown,80
6733.465339136109,slight-right,unknown,70
6806.18180743216,2-left,unknown,70
6945.79380255698,6-left,unknown,50
7013.737951021184,6-left,unknown,50
7101.13551514625,square-right,unknown,30
7161.690613451002,square-right,unknown,30
7193.237053937912,2-left,unknown,30
7235.070754632949,acute-hp-left,dont-cut,0
7283.339935960764,2-right,unknown,0
7319.488694329256,1-right,unknown,0
7347.771997990602,square-left,unknown,30
7377.708747696869,5-right,unknown,40
7434.566538052545,crest,unknown,0
7486.180971779807,3-right,unknown,120
7572.61369303225,3-right,unknown,30
7658.130490670191,3-left,unknown,0
7732.132046742433,2-right,unknown,0
7776.252858433718,2-left,unknown,40
7827.464427533142,5-left,unknown,0
7906.503851170529,hp-right,unknown,50
7998.0297217988855,slight-right,unknown,0
8050.5662888955885,3-left,unknown,0
8089.845114159566,slight-right,unknown,50
8150.476179165825,1-left,unknown,0
8228.05180477618,hp-right,unknown,30
8307.530354033377,4-left,unknown,0
8342.42977589693,hp-left,unknown,0
8399.95740826692,square-right,unknown,70
8474.11661572541,3-left,unknown,0
8547.383024874582,1-right,unknown,80
8592.325563956154,finish,unknown,0
