0,straight,unknown,90
99.76023433685303,slight-right,unknown,0
141.37380626678473,slight-left,unknown,0
196.11337574005125,4-left,unknown,0
262.43981983184796,3-right,dont-cut,80
343.1178845977781,jump,unknown,50
444.47702156066845,6-right,unknown,100
540.8767113494868,crest,unknown,0
652.6055379486075,crest,unknown,0
682.9080618286125,4-right,dont-cut,40
777.9369270324697,hp-left,unknown,120
977.044958572386,crest,caution,0
1064.3405639648417,hp-right,unknown,130
1153.123782882688,hp-left,unknown,50
1297.225477161406,hp-right,unknown,50
1371.7935521316501,4-left,unknown,60
1437.2734157943692,crest,unknown,0
1508.6818559646579,2-left,dont-cut,0
1567.182060890195,5-right,unknown,50
1629.4990738677946,1-right,unknown,90
1820.0017353820772,5-right,unknown,40
1863.059522476194,3-right,unknown,90
1953.50790885925,3-right,caution,0
2075.438416481016,square-left,unknown,100
2180.7758382415773,2-right,unknown,0
2268.146091575623,1-left,caution,100
2341.3198841094945,slight-left,unknown,0
2429.089774093626,jump,unknown,50
2500.6247854614226,slight-left,unknown,0
2601.21265155792,square-right,unknown,40
2643.260158958432,3-right,unknown,0
2695.3962206554374,2-left,dont-cut,70
2737.6984600734672,square-left,unknown,0
2827.104097871777,crest,unknown,30
2857.2561212444266,1-right,unknown,350
3094.566208887101,square-left,unknown,0
3248.236767625812,1-right,unknown,80
3331.205576276782,crest,unknown,100
3407.3659252643592,4-left,unknown,140
3558.689386148458,6-left,unknown,240
3783.381538095478,4-left,dont-cut,140
4071.0266119480166,5-right,unknown,50
4205.304335832597,crest,unknown,70
4323.882512140279,5-right,unknown,50
4448.07458756447,slight-right,unknown,70
4533.316553354264,5-left,dont-cut,0
4643.944339685443,6-right,unknown,180
4787.64615334511,1-right,dont-cut,0
4974.419996995922,slight-left,unknown,120
5085.543468446729,5-right,unknown,280
5354.488523721689,3-left,caution,130
5577.971348505011,slight-left,unknown,80
5824.031342782959,crest,unknown,0
5944.785726861941,crest,unknown,0
6011.913886194213,slight-right,unknown,0
6101.736848459228,5-right,unknown,0
6188.374265527708,5-left,dont-cut,120
6285.376490945793,jump,unknown,40
6371.230908517811,slight-left,widen,170
6596.357499654707,crest,caution,0
6759.152114828048,5-right,unknown,0
6833.35759654802,6-left,unknown,0
6909.512028615885,4-left,unknown,0
6999.83306987565,bump,unknown,50
7067.613230779578,3-right,unknown,0
7136.906664159705,3-left,unknown,120
7221.366577680517,slight-right,caution,0
7357.157606695105,1-right,unknown,60
7437.368558423926,6-left,unknown,40
7520.039262006684,2-left,dont-cut,0
7577.1256940821795,3-left,unknown,160
7736.365599826963,crest,unknown,80
7775.268327488092,crest,unknown,80
7812.581116375117,3-right,caution,0
7914.377985004574,3-left,dont-cut,60
7984.847360614924,6-right,unknown,100
8101.946930965573,5-right,unknown,40
8253.136681903976,3-left,unknown,0
8349.958069271213,5-left,unknown,50
8428.187483410016,1-right,dont-cut,200
8603.683359073766,finish,unknown,0
