0,bridge,unknown,0
34.59909643173218,3-left,unknown,160
242.3852913093564,3-right,unknown,0
357.9048227882382,6-left,unknown,0
448.61265825271573,2-right,unknown,90
583.7759309577937,2-left,unknown,40
695.6586834907523,4-right,dont-cut,0
775.2113202476494,5-left,unknown,0
839.398438396453,5-left,unknown,0
860.8865413856497,4-right,dont-cut,0
941.0230110359179,5-right,unknown,50
1020.7610818672168,6-left,unknown,30
1092.4777087974537,3-right,caution,0
1207.8215153694164,crest,unknown,40
1218.8607248497024,crest,unknown,40
1219.7907300376908,crest,unknown,40
1224.9062038421648,crest,unknown,40
1272.1841928100612,4-left,dont-cut,40
1340.1407577896139,6-right,unknown,0
1459.4083952331562,6-left,unknown,80
1617.3551629257238,1-left,unknown,90
1623.567222862247,1-left,unknown,90
1731.259000129703,5-right,unknown,0
1816.9606888961837,3-left,dont-cut,30
1860.997991867069,3-left,dont-cut,30
1891.7055422973676,crest,unknown,120
1900.4590821075483,crest,unknown,120
1909.763897666936,crest,unknown,120
1915.8927823257497,crest,unknown,120
1972.681884040837,slight-right,caution,0
2095.662182235724,6-right,unknown,0
2219.044300117501,4-left,unknown,80
2245.0707353591993,4-left,unknown,80
2289.5314669036925,6-left,unknown,0
2394.340719757085,5-right,unknown,60
2519.371230087285,4-right,unknown,100
2615.492681655889,3-right,caution,80
2783.469831314089,4-right,unknown,40
2789.083577995302,4-right,unknown,40
2899.5856191635135,4-left,unknown,30
3000.5892658996618,1-left,unknown,70
3101.1288353729265,slight-left,unknown,60
3201.7506908035316,slight-left,unknown,50
3300.8647821426466,4-right,unknown,70
3445.8398737335283,3-left,unknown,0
3591.0107320785582,6-right,unknown,80
3606.6092213058528,6-right,unknown,80
3665.106065292365,5-right,unknown,30
3781.890211677562,4-left,unknown,0
3868.776534538281,slight-right,unknown,80
3918.797019271861,4-right,unknown,0
4020.639157524118,3-right,unknown,0
4050.277555503854,3-right,unknown,0
4084.9792766952582,5-left,unknown,0
4154.34048334122,1-left,unknown,0
4237.8450018692,slight-right,unknown,90
4313.266447315218,3-right,unknown,0
4404.126254787445,6-right,unknown,0
4457.541745700839,4-left,unknown,0
4538.183758449558,3-right,unknown,0
4589.470056400302,3-right,unknown,0
4612.800778598789,2-left,unknown,50
4708.560057621006,2-right,unknown,50
4709.949211444858,2-right,unknown,50
4830.632733898159,slight-left,unknown,60
4924.965232372273,6-right,unknown,0
5024.260693187702,crest,unknown,60
5146.981740703573,hp-left,unknown,60
5195.042107257831,hp-left,twisty,60
5260.217844161976,slight-right,unknown,0
5336.646750087724,6-left,unknown,0
5400.530369243609,3-right,unknown,60
5458.127130222309,4-left,unknown,50
5569.318202953335,4-right,unknown,30
5651.140225963581,4-right,unknown,30
5677.145364170063,3-left,unknown,60
5735.407885608663,5-left,unknown,0
5829.161642665855,4-right,unknown,0
5909.048188343032,3-left,unknown,30
5981.335871944411,2-right,unknown,60
6054.02990167616,5-left,unknown,80
6157.022255878431,slight-left,unknown,180
6352.111510639181,6-left,unknown,0
6514.842258167259,3-left,unknown,40
6613.33095735549,3-right,unknown,90
6739.418896884912,5-left,unknown,0
6838.697478008259,2-right,unknown,50
6886.863795108784,2-left,unknown,30
6966.367248744948,slight-right,unknown,0
7020.786288738233,3-right,unknown,30
7073.6088719749305,4-left,unknown,30
7129.004721508008,4-left,unknown,40
7153.834809932689,4-left,unknown,40
7214.4733634757795,slight-right,unknown,0
7311.943270435314,crest,unknown,0
7385.852800388312,6-left,unknown,0
7462.067715587594,4-right,unknown,250
7634.665294780709,slight-left,unknown,0
7773.879319515207,slight-right,unknown,90
7831.154502162909,slight-right,unknown,90
7853.180707454658,1-left,unknown,40
8081.410800952897,4-left,unknown,90
8157.565553112024,slight-right,unknown,60
8540.285008068067,4-right,unknown,0
8568.083312892892,4-right,unknown,0
8600.60194272993,4-right,unknown,0
8603.825004482247,4-right,unknown,0
8739.496535434702,finish,unknown,0
