0,6-right,unknown,0
0,4-right,unknown,0
6.987284297943116,3-left,unknown,80
105.82167465209963,5-left,unknown,60
207.35684883117676,hp-left,unknown,40
318.2849271774292,6-right,unknown,60
393.8206247901918,hp-right,widen,50
513.4390733718873,5-left,unknown,0
567.2140744590757,slight-left,unknown,0
624.2922357749937,slight-right,unknown,70
683.326660022735,2-right,unknown,90
788.8897750663749,3-right,unknown,120
872.3839974403371,2-left,unknown,0
1002.9817327308652,slight-right,unknown,100
1131.5808397865271,4-left,unknown,80
1234.3099825477561,slight-right,unknown,100
1382.9890343284574,square-right,dont-cut,70
1534.110370254514,5-left,unknown,0
1598.5437156867956,6-right,unknown,170
1690.1882283210725,bump,unknown,90
1813.1174186897244,bump,unknown,90
1844.798671436306,4-right,unknown,0
1947.6108310127229,2-right,unknown,80
1981.97406568527,2-right,unknown,80
2075.4319319343554,3-left,unknown,0
2157.695550289154,2-left,unknown,0
2208.932799892426,crest,unknown,0
2244.6265026474016,3-right,unknown,60
2284.507034339907,5-right,unknown,0
2379.625815391542,4-right,unknown,0
2452.756898384094,crest,unknown,0
2557.2655329132085,4-left,unknown,110
2684.811702499393,2-left,unknown,40
2838.029971046454,4-right,dont-cut,30
2904.7952067184515,crest,unknown,0
2981.5710829544128,slight-right,unknown,90
3041.998043861395,4-left,caution,100
3235.1563412094183,crest,unknown,0
3387.9317018508964,5-left,unknown,40
3461.0880598068293,crest,unknown,0
3532.567259407051,3-left,unknown,0
3596.742213821418,4-right,unknown,0
3706.784984741217,2-right,unknown,30
3755.101690940862,5-left,caution,0
3819.9205496978843,1-left,unknown,70
3891.980588798531,hp-right,unknown,70
4026.3517504024585,4-left,unknown,40
4087.654628648763,slight-left,unknown,0
4159.647296228408,slight-right,unknown,0
4220.519819307331,4-left,unknown,0
4286.570574388509,4-right,unknown,0
4359.985403184897,acute-hp-right,unknown,0
4429.671146593099,4-right,unknown,30
4503.7775930500065,5-right,unknown,120
4632.218996438981,4-left,unknown,0
4763.0033474445345,3-left,unknown,80
4855.06964150429,crest,unknown,40
4964.381016550059,4-left,caution,0
5059.404441804884,crest,unknown,100
5116.43392674446,3-right,unknown,0
5235.488812952041,4-right,unknown,40
5347.419690361022,6-left,unknown,80
5422.8526330184895,square-right,dont-cut,40
5518.42541534424,3-left,unknown,60
5589.022423706053,slight-left,unknown,150
5725.298831863404,6-right,unknown,60
5862.438797531126,1-right,unknown,0
5992.863345909118,slight-left,unknown,0
6039.364123535161,6-right,unknown,140
6127.01847610474,3-left,dont-cut,150
6289.756824455264,2-left,unknown,0
6407.24432624817,6-right,unknown,60
6487.942989616396,6-left,unknown,280
6700.875391845697,5-right,caution,150
6966.598843574513,3-left,unknown,120
7173.965701904286,5-right,unknown,220
7392.98626655578,right-entry-chicane,unknown,200
7703.247194156631,slight-right,unknown,60
7829.503149585715,crest,caution,100
7922.6660113716025,1-right,unknown,0
8054.990288028714,6-left,unknown,280
8256.171834182735,4-left,unknown,240
8534.066889038066,3-left,unknown,0
8699.59278301238,2-right,unknown,50
8794.331101875287,finish,unknown,0
