0,straight,unknown,70
7.521174650192263,acute-hp-right,dont-cut,0
70.95397358894346,slight-left,unknown,60
110.48381303310401,jump,unknown,40
182.23967919826526,6-right,unknown,0
258.4697667455676,5-left,unknown,0
306.1211945486072,5-right,unknown,0
350.653315176964,slight-left,unknown,0
410.2015076971056,crest,unknown,0
465.02350842952785,5-left,unknown,30
511.17124700069485,6-left,unknown,0
569.3330104589464,1-right,unknown,30
685.104572482109,6-right,unknown,0
736.1792882013318,crest,unknown,0
784.5899299478536,slight-right,unknown,60
826.1315249490741,4-left,caution,0
891.5870665216457,slight-right,unknown,0
929.381089997293,3-left,unknown,0
959.3793537759792,3-right,unknown,0
990.2800651407254,slight-left,unknown,0
1009.6909166860586,slight-right,unknown,30
1032.8609894895562,2-left,unknown,0
1071.9611346578615,1-right,unknown,0
1143.875765013695,crest,unknown,30
1192.5929434919356,1-right,unknown,30
1237.65491748333,4-left,unknown,0
1290.84608798504,5-right,unknown,40
1328.215701785088,2-left,unknown,90
1448.0408211088152,bump,caution,30
1527.5596700239153,2-left,unknown,0
1589.7755847501744,2-right,unknown,0
1625.0051379346828,2-left,unknown,0
1656.5309043264367,2-right,unknown,0
1685.5165040922152,4-left,unknown,60
1740.0424740743622,5-right,unknown,0
1805.8245880079262,crest,unknown,30
1846.413708529473,crest,unknown,0
1885.6381136655823,2-left,unknown,60
1921.5983761549016,square-right,unknown,0
1988.5028195524221,4-right,unknown,0
2025.2855627489096,crest,unknown,40
2055.785794987681,3-right,unknown,0
2139.974780068398,4-left,unknown,70
2232.6356569719314,4-right,unknown,0
2302.5832383584957,3-left,unknown,50
2375.2496611642828,crest,unknown,0
2437.3330591440204,hp-left,unknown,30
2478.9754526376737,2-right,unknown,0
2534.8742637777314,4-left,unknown,0
2598.7419900083514,5-right,unknown,40
2651.466396975512,1-right,unknown,0
2727.7920203351923,hp-left,unknown,40
2776.9765680456107,5-right,unknown,130
2890.0118398141803,2-right,unknown,0
2997.3583043146095,6-left,unknown,30
3041.751660618775,slight-left,unknown,0
3091.6979582643417,6-left,unknown,60
3168.1485383272075,6-right,unknown,50
3245.082122387875,5-right,unknown,0
3323.0245434999365,slight-left,unknown,0
3432.2724261903636,slight-right,unknown,0
3471.0806585778128,2-left,unknown,0
3496.9184493149637,4-right,unknown,0
3540.615115727317,2-left,unknown,40
3598.7507745255343,3-right,unknown,0
3660.4009564675184,slight-left,unknown,70
3715.843601464164,crest,unknown,70
3817.0404434670354,6-right,unknown,50
3926.202920693292,1-right,unknown,0
4178.031392363446,6-right,unknown,0
4295.763205870529,1-left,unknown,100
4404.603026236434,6-left,unknown,0
4481.874451903243,slight-right,unknown,0
4526.904467619795,4-right,unknown,0
4574.476040381329,slight-left,unknown,90
4648.094039381879,2-right,unknown,50
4808.583068694012,crest,unknown,50
4881.579806727303,6-right,unknown,0
4946.682693499454,4-left,unknown,100
5027.203998354802,4-left,unknown,90
5133.328982905279,6-left,unknown,0
5243.8485236920205,3-left,unknown,0
5315.098277338871,6-right,unknown,80
5384.437049769286,slight-right,unknown,100
5493.553140810851,crest,unknown,50
5539.147002543333,crest,unknown,50
5616.514368418576,slight-right,unknown,100
5698.34359708679,5-right,caution,0
5827.75170701873,3-left,unknown,60
5950.873643473506,crest,unknown,200
6157.094824160458,jump,unknown,0
6262.285140475149,jump,unknown,0
6294.340423067923,slight-right,unknown,100
6388.904023074025,4-left,unknown,30
6567.792261179794,4-right,unknown,50
6659.905686549055,square-left,unknown,90
6803.274769028542,crest,unknown,100
6900.649060601111,6-left,unknown,0
7015.018794678566,crest,unknown,40
7072.507064675207,4-right,unknown,0
7127.348774994727,slight-left,unknown,80
7207.065250862953,crest,unknown,120
7282.217368897322,crest,unknown,120
7329.686568611982,6-right,unknown,0
7475.94031552208,6-left,unknown,50
7545.503479813464,5-right,unknown,0
7624.293749207386,4-right,unknown,0
7676.376691407097,6-left,unknown,0
7721.751472195516,3-right,unknown,40
7806.710801295172,crest,unknown,30
7847.909723318948,crest,unknown,30
7876.573331488503,4-left,unknown,0
7924.740238303079,kinks,unknown,90
7967.967639311688,6-right,unknown,0
8041.179910487069,1-left,unknown,0
8084.131952017666,slight-right,unknown,30
8139.892406119234,4-right,unknown,30
8217.560223406685,3-left,unknown,30
8290.988367728118,1-right,unknown,0
8337.15635902297,5-left,unknown,0
8390.84624109162,4-right,unknown,0
8462.920577010047,6-left,unknown,0
8510.40146629227,crest,unknown,0
8547.544936694034,1-right,unknown,0
8580.031031912687,acute-hp-left,unknown,0
8616.472049235228,5-right,unknown,0
8654.485541952963,6-left,unknown,0
8716.395024508354,slight-right,unknown,0
8774.125872134082,2-left,unknown,0
8816.60153051269,6-right,unknown,40
8850.598373507382,4-left,unknown,0
8901.645784510507,4-right,unknown,70
8957.9911534871,5-right,unknown,70
9020.569526881114,finish,unknown,0
