0,straight,unknown,50
96.90567979812624,crest,unknown,0
133.83222661972047,crest,unknown,0
173.44401968002322,6-left,unknown,0
226.5759738731386,4-left,unknown,50
301.3486034965518,crest,unknown,0
357.7306527519231,crest,widen,0
415.2261804771431,1-right,unknown,30
449.03814147949305,5-right,unknown,0
516.0992975616468,crest,unknown,0
604.625181465151,2-left,unknown,0
670.2045484542866,crest,unknown,0
715.114597911836,4-left,unknown,40
827.5075545692451,slight-right,unknown,80
898.2996103096025,5-right,unknown,0
1004.9432348442089,slight-left,unknown,90
1165.9355165290851,1-right,cut,30
1281.8417233657856,4-right,unknown,0
1320.0337609481828,4-left,unknown,40
1363.7515305900588,slight-right,unknown,0
1471.8583952713027,slight-left,unknown,70
1594.321405267714,5-left,unknown,0
1705.9686589145654,6-right,unknown,0
1760.1344879245753,bump,unknown,0
1807.2268056201929,4-left,unknown,0
1848.4658873081198,6-right,unknown,40
1914.2250990009281,4-left,unknown,0
1950.6984040546376,4-right,unknown,0
2008.3643245792343,acute-hp-left,unknown,40
2084.723527255055,crest,unknown,110
2174.1278137636186,2-right,unknown,180
2388.5696977663006,slight-left,unknown,150
2556.5342842531195,crest,unknown,0
2705.2471631288518,3-left,unknown,40
2751.060790638922,6-right,unknown,0
2823.071042618749,4-right,unknown,30
2906.4305635690653,5-left,unknown,40
2977.5365408182115,6-right,unknown,0
3050.5754049158077,4-right,unknown,0
3136.059799981113,4-left,unknown,60
3220.041622796053,square-left,caution,0
3263.526342396729,slight-right,unknown,50
3352.5492684698015,crest,unknown,0
3411.642488684644,slight-left,unknown,0
3461.217358641616,3-left,unknown,50
3506.087559370985,3-right,unknown,120
3646.9962593603,1-left,unknown,0
3749.0798569440685,crest,unknown,40
3783.3941161393936,6-left,unknown,0
3848.5105639695926,crest,unknown,130
3974.2584781312717,6-left,unknown,70
4135.454582142809,2-right,unknown,0
4293.80675792141,3-right,unknown,70
4383.90206866665,6-left,unknown,40
4460.6480794088375,2-left,unknown,0
4560.456838831135,5-left,unknown,30
4616.850990308953,water-splash,unknown,0
4668.841786970329,6-left,unknown,0
4723.0947178785245,slight-right,unknown,50
4808.138281683148,4-right,unknown,50
4887.004829763595,3-right,widen,0
4972.059253400981,crest,unknown,0
5006.469586309609,2-left,unknown,50
5068.210991014659,water-splash,widen,0
5152.409333967391,3-left,unknown,50
5231.03379822177,5-left,unknown,100
5445.767872585481,2-right,narrow,0
5546.321959003625,crest,unknown,40
5581.606971000844,5-left,unknown,40
5662.865410865957,4-right,unknown,120
5817.028967079338,slight-left,unknown,130
6086.312578567673,slight-right,unknown,0
6141.338909115002,6-left,unknown,60
6268.855598491837,square-right,unknown,40
6370.396127990895,crest,unknown,30
6418.136831878839,4-right,unknown,70
6547.973662323175,6-left,unknown,40
6642.200510381874,slight-left,unknown,0
6744.696227316074,4-right,unknown,0
6790.521847433258,4-left,unknown,0
6834.743145078824,acute-hp-right,unknown,0
6893.209098314451,6-right,unknown,0
6914.068109935922,2-left,cut,0
6949.544876465009,4-right,unknown,0
6977.21735166948,6-left,unknown,0
7017.867685188463,5-right,unknown,30
7054.772186226062,hp-left,unknown,50
7146.164657606283,crest,unknown,40
7212.491212362452,acute-hp-right,unknown,90
7305.884290570425,6-right,unknown,0
7390.383567609003,crest,unknown,0
7485.52234538,6-left,unknown,0
7530.805687550713,5-left,unknown,0
7583.222203015491,crest,unknown,0
7631.894229001209,1-right,unknown,0
7661.1982988063555,crest,caution,0
7712.121585015459,acute-hp-left,unknown,0
7762.086244234246,5-right,unknown,0
7776.0530244724005,2-left,unknown,40
7835.908044518634,3-right,unknown,30
7890.067377232714,1-left,unknown,0
7962.961109856771,6-right,unknown,0
7997.7344782535365,4-left,unknown,0
8049.976013116055,crest,unknown,50
8096.73379864614,5-left,unknown,40
8171.318836640518,crest,unknown,0
8272.860021332901,acute-hp-left,unknown,0
8308.164535353775,crest,unknown,40
8387.960483859182,2-right,unknown,60
8474.91929811776,4-left,unknown,0
8543.618483470078,slight-right,unknown,40
8581.961010287398,crest,unknown,130
8775.37351620019,acute-hp-right,unknown,30
8914.324109719402,2-left,unknown,0
8956.176771786808,1-right,unknown,30
8992.620946534276,acute-hp-left,unknown,50
9057.077246330391,crest,unknown,80
9111.590369594707,finish,unknown,0
