10.954244308471681,jump,unknown,50
73.29768623352054,5-right,unknown,40
152.4909196090699,6-left,unknown,0
296.9844120025638,crest,unknown,80
365.56113136291515,crest,unknown,80
420.97027568817174,3-right,twisty,60
539.6068858718872,3-right,unknown,110
695.5834178543091,crest,unknown,0
793.6393098449697,slight-right,unknown,40
853.7741255569443,slight-left,twisty,0
947.9184076690661,jump,unknown,40
1056.2154679870587,jump,unknown,120
1237.1830654144276,slight-right,unknown,60
1306.6602528762799,4-right,twisty,30
1459.8249408340412,crest,unknown,50
1498.762268295284,4-left,unknown,0
1567.9562712860059,4-left,unknown,140
1735.3169422912558,slight-right,unknown,0
1848.132750625607,crest,unknown,170
1979.5623930740321,1-left,unknown,90
2192.986811046597,6-right,unknown,0
2275.8097643852207,4-left,unknown,40
2344.037678890227,crest,unknown,0
2412.3116233253463,3-right,twisty,100
2507.849844264982,6-left,unknown,60
2610.685980052945,crest,unknown,100
2713.382641391754,6-right,unknown,60
2853.011834125522,6-right,unknown,80
2951.8775170326276,slight-left,twisty,0
3085.14031503678,crest,unknown,0
3145.6550419044565,6-right,unknown,60
3199.9757616615375,4-left,unknown,70
3320.022578563698,slight-left,unknown,0
3425.014168415079,crest,unknown,0
3488.1660828590484,slight-right,twisty,0
3556.0762442970367,jump,unknown,0
3662.9654567527873,slight-right,twisty,0
3747.4112718010065,crest,unknown,130
3829.1817947960008,1-left,unknown,200
4100.606736164104,4-left,unknown,40
4223.551395511642,3-right,unknown,30
4342.768650226606,4-left,unknown,0
4447.368877315533,crest,unknown,90
4514.517634754194,crest,caution,0
4622.583572101607,4-left,unknown,0
4693.348914356242,3-right,twisty,0
4746.639510936746,3-left,unknown,70
4836.949773044597,4-right,dont-cut,0
4920.862772693649,3-left,unknown,30
4983.309976520559,crest,unknown,0
5038.782333087946,slight-left,unknown,30
5090.896256542235,3-right,unknown,50
5148.306558551814,6-left,unknown,0
5242.390404529592,6-right,unknown,50
5300.250150661488,jump,unknown,40
5384.873603572864,3-left,unknown,70
5526.7168465233035,6-right,widen,60
5645.1713696861525,6-left,unknown,0
5754.768614368462,4-right,unknown,0
5858.357187252066,2-right,widen,30
5933.834569606804,5-left,widen,120
6219.562492694885,6-left,unknown,30
6334.566762943299,4-right,unknown,80
6449.361521358525,jump,caution,40
6506.499865512875,jump,caution,40
6616.756850299856,5-right,widen,130
6757.616612005259,6-right,widen,50
6993.606078901312,4-left,unknown,0
7080.429433889406,6-right,unknown,40
7142.940210104006,3-right,widen,70
7264.214313268677,4-left,unknown,80
7378.650426359193,4-left,unknown,60
7530.353042478578,3-right,widen,30
7640.887037496587,3-left,widen,40
7719.456932897581,3-right,dont-cut,160
7927.951122083672,3-left,caution,0
8051.210883703239,3-right,unknown,50
8129.3730245685565,4-left,widen,40
8217.519171609862,5-right,unknown,40
8320.797830667474,3-left,widen,0
8409.646485376337,bump,unknown,0
8482.486262521712,3-right,widen,0
8525.491618661845,5-right,widen,30
8592.940214509912,2-left,unknown,100
8741.517399110739,slight-left,unknown,0
8826.633514299336,5-right,widen,100
8892.438557863183,hp-right,unknown,0
8909.614137048671,jump,unknown,120
9039.655684823938,jump,unknown,0
9093.88863377566,jump,unknown,0
9179.928822832058,finish,unknown,0
9211.892819490386,finish,unknown,370
