0,4-right,unknown,0
11.811161994934084,4-left,dont-cut,0
66.50649358749392,4-right,widen,0
125.32274049758912,slight-right,twisty,0
195.86956678390507,6-left,dont-cut,100
381.5585643196108,4-right,unknown,0
1099.2530618286114,3-right,unknown,60
1262.0510401535018,5-left,widen,280
1702.7697611618041,3-right,widen,50
1825.6730647659292,4-left,dont-cut,0
2167.315224189755,2-right,widen,40
2502.188409290314,slight-right,widen,0
2561.8197823905975,5-left,dont-cut,0
2879.3970886039883,slight-right,unknown,0
3409.0117020416396,4-left,widen,50
3460.812070312511,6-left,dont-cut,0
3815.9567296218984,5-left,unknown,100
4018.102120456712,6-left,unknown,160
4939.458797626509,1-right,unknown,30
5735.6003089523565,square-left,dont-cut,0
7163.909458850621,6-left,unknown,40
7764.51734297635,6-right,twisty,40
7807.925410603306,2-right,unknown,100
7962.852884415411,6-left,unknown,0
8029.626433495293,4-right,twisty,0
8286.995715563626,4-left,unknown,0
8303.299979222149,crest,unknown,0
8327.310835249758,3-right,unknown,60
8375.458148997173,5-left,unknown,0
8435.850702708109,4-right,unknown,30
8495.556621859412,slight-left,unknown,0
8549.893842661715,crest,unknown,30
8585.288545191626,crest,unknown,30
8652.80985176358,2-left,unknown,30
8796.246523506978,3-right,widen,40
8857.920511057693,4-right,unknown,0
8962.714221880762,4-right,unknown,0
9011.52792068752,5-left,unknown,0
9055.274553845255,6-right,widen,50
9148.840307019072,6-right,twisty,0
