0,straight,unknown,60
5.888103084564209,slight-right,unknown,100
80.68886423110962,slight-left,dont-cut,80
205.98103361129773,crest,caution,0
304.719869594574,crest,caution,0
346.95645414352424,slight-left,unknown,0
416.2411992073059,hp-left,dont-cut,0
467.80091159820563,3-right,cut,0
511.47439029693606,slight-left,unknown,200
654.2158919715877,slight-right,unknown,0
792.1794171714779,slight-left,unknown,100
865.749624919891,crest,unknown,0
910.127272777557,crest,unknown,0
946.7223843193053,crest,unknown,0
988.9968189811705,dip,unknown,120
1061.881594715119,hp-right,unknown,30
1128.2252980613712,slight-left,unknown,50
1209.7293368242686,slight-right,unknown,30
1299.2302912615237,hp-left,dont-cut,0
1342.6556599138673,slight-right,unknown,70
1411.4654720877124,1-right,unknown,70
1519.7459005735827,hp-left,dont-cut,0
1579.367222728582,1-right,dont-cut,0
1627.61429867253,bridge,unknown,0
1640.71276194081,square-left,dont-cut,40
1667.7570179604031,4-left,cut,0
1727.1445891235799,3-right,unknown,60
1801.5552102325887,6-right,unknown,0
1888.770159230085,4-left,unknown,50
1940.5220805786573,4-right,unknown,0
2010.697149395796,3-left,unknown,120
2147.96960575566,crest,caution,0
2184.878837437483,crest,caution,0
2219.9277251480535,crest,caution,0
2236.881564564558,3-right,unknown,0
2288.2380287598094,slight-left,unknown,0
2330.3820233200504,crest,unknown,80
2381.6640479324774,3-right,unknown,30
2455.434785008282,1-left,dont-cut,60
2526.467776341289,crest,unknown,0
2585.880868153422,slight-right,unknown,0
2639.223362850993,crest,unknown,140
2761.228004727211,bump,unknown,0
2795.624726834142,bump,unknown,0
2838.637526364174,crest,dont-cut,60
2903.8161105011372,crest,unknown,100
2969.6404870270167,hp-left,unknown,0
3139.17767902836,slight-right,unknown,80
3204.664826836432,slight-left,unknown,0
3273.0531937263863,bump,unknown,0
3328.0579457710646,bump,unknown,0
3357.8960507057564,slight-right,unknown,50
3409.645477051584,1-right,unknown,70
3529.8221683929823,6-left,dont-cut,70
3619.339030957067,5-right,unknown,40
3785.7610432861725,6-left,unknown,30
3907.4933517883674,5-left,unknown,40
3971.8609865616204,crest,caution,0
4007.163027882419,crest,caution,0
4044.8876345489844,4-left,unknown,0
4100.469813160738,crest,unknown,50
4210.342930626708,hp-right,unknown,0
4258.944981188618,slight-left,unknown,50
4315.645754828294,slight-right,unknown,90
4429.349619498093,crest,unknown,140
4542.541253447368,crest,unknown,140
4656.3447514866175,crest,unknown,0
4702.710302443348,slight-right,unknown,0
4768.132539419971,crest,unknown,160
4889.308864760242,bump,unknown,0
5037.755778632004,5-left,unknown,80
5104.014508566701,slight-right,unknown,40
5211.114668516957,6-left,caution,60
5334.260611510126,6-left,caution,0
5441.793842825736,6-right,bridge,0
5513.497532973135,2-left,unknown,50
5611.175896735041,6-right,unknown,0
5670.255450758778,slight-left,dont-cut,0
5725.903767676199,5-right,unknown,90
5812.946398482174,6-left,unknown,140
5975.774162077756,6-left,unknown,0
6117.695827154965,5-right,unknown,0
6195.190872320983,4-left,unknown,0
6239.692745375489,6-right,unknown,80
6348.893456587658,slight-right,unknown,0
6468.135077986587,6-left,unknown,0
6530.187093214859,6-right,unknown,40
6596.964769873491,slight-left,dont-cut,0
6708.397380881178,crest,unknown,40
6789.629064688548,4-right,unknown,30
6851.3249078892295,4-left,unknown,90
6907.972942023142,crest,unknown,60
7028.523198904857,4-right,unknown,40
7128.87680383192,slight-left,unknown,100
7352.182979826808,slight-left,unknown,90
7499.807357611537,4-right,unknown,0
7611.558792395475,4-left,unknown,70
7703.606321005704,4-right,unknown,60
7798.970737032769,6-left,unknown,0
7876.417855296011,slight-right,unknown,0
7998.920530199885,3-right,unknown,0
8046.600573878173,1-right,unknown,0
8086.821544089197,square-left,unknown,40
8119.423107294919,6-right,widen,0
8174.6165922879045,slight-left,unknown,80
8292.058005900259,6-right,unknown,50
8434.4703468274,crest,caution,0
8578.921553301712,4-left,unknown,30
8640.166154436967,6-left,unknown,0
8705.887037463086,6-right,unknown,0
8763.848111452951,5-left,unknown,0
8857.300397486575,5-right,unknown,80
8918.792988963014,crest,caution,0
9017.335042681583,3-right,unknown,0
9070.734549670111,6-left,unknown,70
9122.188845476987,5-left,unknown,100
9204.721369471441,bump,caution,0
9268.79795402039,bump,caution,0
9332.225503153693,1-right,unknown,70
9391.444624705207,hp-left,unknown,60
9492.626841711892,3-right,caution,0
9566.859347987061,bridge,unknown,60
9590.4057928418,square-right,widen,0
9654.844328741914,3-right,widen,0
9677.101315798647,slight-left,unknown,30
9710.107077326664,3-left,unknown,0
9757.206532168275,slight-right,widen,0
9805.92754306305,slight-left,unknown,0
9907.553191256407,5-right,unknown,40
10083.491959414348,crest,unknown,0
10122.814498247963,5-left,unknown,40
10213.239374079565,6-right,unknown,0
10422.115902743195,crest,unknown,80
10482.12031260953,crest,unknown,80
10564.104874453402,1-right,dont-cut,50
10655.016226382118,2-left,unknown,60
10824.05625096783,1-right,dont-cut,0
10860.599447531538,3-left,unknown,30
10907.14827561839,5-right,unknown,0
10956.948498816333,4-left,unknown,70
11094.491778273428,4-right,unknown,0
11194.567140860405,3-left,unknown,0
11264.36984147533,4-right,dont-cut,0
11352.02279775126,slight-left,unknown,0
11404.862811179,crest,unknown,0
11461.450660261951,4-right,unknown,70
11519.858796095697,5-left,unknown,60
11646.25685376628,crest,unknown,0
11726.01724236949,4-left,unknown,0
11785.026779379674,5-right,unknown,40
11867.708638701255,2-right,widen,60
11973.864679159937,2-left,unknown,0
12053.830003065863,crest,unknown,0
12093.343861765672,3-right,unknown,0
12136.951541666793,5-left,unknown,0
12203.086317438898,6-right,unknown,0
12256.325557246033,5-left,unknown,40
12333.173218874766,crest,unknown,0
12405.074978709055,6-right,unknown,0
12468.431158633066,6-left,unknown,0
12531.429632563424,4-right,unknown,0
12587.932183222605,4-left,unknown,0
12656.045240931337,4-left,unknown,0
12727.242895827125,4-right,widen,70
12806.274490395228,slight-left,unknown,0
12983.150806694664,5-left,unknown,0
13116.092906647362,6-right,unknown,0
13210.22463886324,crest,unknown,50
13269.043666306172,crest,unknown,50
13311.271924896875,3-left,unknown,40
13375.646650162384,4-left,widen,0
13435.892862778352,3-right,unknown,0
13566.362613278065,crest,unknown,0
13595.086555004747,3-left,unknown,0
13635.383242054613,6-left,dont-cut,40
13685.209482823055,1-right,unknown,0
13753.112003040947,5-left,unknown,30
13800.513646183641,1-right,narrow,50
13896.895034886053,5-left,widen,0
13958.086302948632,6-right,unknown,0
14001.501177864702,5-left,unknown,30
14041.943196564358,1-left,caution,30
14082.995481663389,4-left,unknown,50
14126.020397053397,bump,unknown,0
14206.275067501707,3-left,unknown,40
14233.6302136809,hp-left,unknown,30
14265.205194645554,3-right,unknown,0
14318.739604149496,crest,unknown,30
14378.730443878801,crest,unknown,0
14430.732755966816,slight-right,unknown,40
14480.445157089858,4-left,unknown,0
14533.947230606704,5-right,unknown,50
14588.609777718215,3-left,unknown,0
14712.469643746039,crest,unknown,0
14734.897823315285,acute-hp-right,unknown,0
14762.889832344681,4-left,unknown,0
14794.905384058764,5-right,cut,0
14819.369533695983,5-left,unknown,0
14887.857547135165,6-right,unknown,100
14950.668870301057,finish,unknown,0
