0,6-right,unknown,100
38.80112869262695,6-left,unknown,0
127.25277591705323,4-right,unknown,0
191.17289077758787,5-left,cut,0
257.29685333251956,5-right,unknown,0
322.1005140113831,2-left,unknown,0
366.89897241592394,6-right,unknown,50
481.691435852051,1-left,unknown,30
608.0434235572815,slight-right,widen,0
672.6056462669372,5-left,unknown,70
718.3008156394959,2-right,unknown,90
894.075539808944,acute-hp-left,unknown,0
958.2362518984829,6-right,unknown,0
988.3229307372133,crest,unknown,40
1047.8365094573064,3-left,unknown,30
1111.9193977171954,4-left,unknown,0
1172.942102871614,3-right,unknown,0
1297.931928120333,crest,unknown,0
1331.8402236373006,3-left,unknown,0
1370.9851985365935,6-left,dont-cut,40
1421.843202343661,1-right,unknown,0
1490.2017333609651,5-left,unknown,30
1535.9417201048918,1-right,narrow,50
1633.4801121337014,5-left,widen,0
1695.8168391425213,6-right,unknown,0
1734.885711060246,5-left,unknown,30
1786.1411751563148,crest,unknown,0
1819.435025597294,4-left,unknown,0
1870.702123604497,slight-right,unknown,0
1921.0024664504128,6-left,unknown,50
1963.7472159392428,3-left,unknown,50
2045.691433506688,2-right,dont-cut,0
2111.710322743137,square-right,widen,0
2139.2808654791916,5-left,unknown,0
2177.072437363347,5-right,dont-cut,0
2218.688847656929,3-left,unknown,0
2291.5466506964785,4-right,dont-cut,0
2339.8208875662895,slight-left,unknown,0
2389.3252919013125,4-right,unknown,0
2441.5350197226626,5-left,unknown,0
2493.232791176519,5-right,unknown,0
2542.3312260825255,3-left,unknown,40
2580.483700867377,2-left,unknown,0
2613.2006160742862,6-right,unknown,70
2700.295509300908,4-left,caution,0
2828.0746990973557,6-right,unknown,60
2897.5246043784223,2-left,unknown,0
3011.3386186225034,slight-right,unknown,0
3058.0132415015314,slight-left,unknown,40
3106.0862706763355,5-right,unknown,0
3170.288228188238,6-left,caution,40
3271.588682175358,1-right,unknown,0
3324.323059025487,bridge,widen,0
3348.8644026190864,square-right,unknown,30
3369.955615559302,5-right,caution,50
3396.4896292216395,3-left,unknown,0
3464.8591852862423,6-right,dont-cut,0
3534.3239302737315,slight-left,unknown,0
3582.605951567374,2-left,unknown,0
3631.174241324151,4-right,unknown,80
3730.210565119471,3-left,unknown,30
3834.3303525645388,4-right,dont-cut,40
3914.2045314509496,6-right,dont-cut,40
3977.5278580958484,1-left,unknown,60
4118.008318854059,4-right,dont-cut,90
4274.462180186,1-left,unknown,0
4361.787760668479,1-left,unknown,0
4379.34910477706,slight-left,unknown,140
4451.07012496062,jump,unknown,120
4513.037642508223,4-right,unknown,40
4641.8439126116755,6-right,unknown,0
4701.004191580486,5-right,unknown,160
4877.136971274085,5-right,unknown,60
5009.718678694432,2-left,unknown,100
5144.1431648356365,5-right,unknown,40
5224.856818419162,3-right,unknown,0
5298.851315146153,slight-left,unknown,0
5337.97903014249,4-right,unknown,0
5378.679408808418,slight-left,unknown,0
5423.336925841041,slight-right,unknown,0
5516.389894819927,6-right,unknown,50
5574.130175581642,4-right,unknown,0
5649.474387350747,slight-left,unknown,130
5709.003123808571,3-left,unknown,0
5839.088299933143,slight-right,unknown,0
5884.900109167769,5-left,unknown,0
5938.840927801808,slight-right,unknown,80
5998.181376028732,5-right,unknown,0
6060.970886336044,slight-left,caution,60
6124.421211157516,3-left,unknown,80
6274.899572611083,5-right,widen,50
6338.865947790374,5-right,caution,0
6419.137937765349,5-left,unknown,0
6478.961951246493,5-right,widen,0
6531.44851008438,5-right,unknown,0
6581.931767339934,2-right,dont-cut,0
6680.8166969587655,2-left,narrow,50
6714.679151163324,slight-left,caution,0
6767.836676702721,1-left,dont-cut,40
6812.718178377375,3-left,unknown,60
6873.722913370359,3-right,unknown,0
6953.821553163757,6-left,unknown,0
7001.892602167361,slight-right,unknown,0
7061.443032427059,5-right,unknown,0
7124.054723177179,slight-left,unknown,0
7206.699992723689,4-right,unknown,0
7256.330708055718,slight-left,unknown,50
7302.355731287225,2-left,unknown,90
7407.404788007956,6-right,unknown,50
7565.8959932234175,4-right,widen,50
7725.38406340622,5-left,unknown,50
7867.069334173431,5-left,unknown,40
7988.037635755774,4-right,unknown,0
8063.207047186129,5-left,widen,0
8123.716235838165,5-right,unknown,300
8353.936459570157,slight-left,caution,0
8495.974211530922,4-left,unknown,70
8625.452724142307,6-right,dont-cut,50
8785.01039702438,5-left,unknown,40
8922.49059912704,3-left,unknown,0
9001.070223341203,4-right,dont-cut,0
9046.097267904492,6-left,unknown,300
9272.33701869033,5-left,unknown,0
9435.979689436168,4-right,widen,100
9610.585863345523,6-right,unknown,0
9680.032704108624,3-right,dont-cut,30
9723.154741347702,slight-left,caution,0
9789.04983555165,1-left,unknown,0
9825.587620604898,4-left,unknown,0
9875.847260821718,6-right,dont-cut,120
9937.374054263482,6-right,dont-cut,0
10054.442696154967,6-left,unknown,70
10128.863893779171,5-right,unknown,40
10247.856726573355,5-left,unknown,30
10369.568979037656,1-right,unknown,0
10450.739375995048,bridge,unknown,40
10482.151255763427,square-left,widen,60
10534.040558083914,3-right,unknown,0
10616.855975793265,6-left,unknown,50
10696.929578584093,4-left,dont-cut,0
10802.231651872053,5-right,unknown,30
10894.512502587693,6-left,dont-cut,0
10961.872968743704,slight-right,unknown,80
11020.99187644329,slight-left,unknown,40
11100.776837266356,slight-right,unknown,140
11199.8618807539,slight-left,cut,150
11358.706953614606,left-entry-chicane,unknown,70
11596.038685739897,3-right,caution,0
11681.682982195283,bridge,unknown,0
11721.688227365883,2-left,dont-cut,250
12009.009345949577,slight-left,unknown,200
12220.617590883652,slight-right,unknown,80
12418.750792635366,slight-right,unknown,0
12522.79603731005,slight-left,unknown,250
12746.201254061152,6-left,unknown,170
12967.98503396839,4-right,caution,220
13251.88055719228,right-entry-chicane,unknown,0
13385.112588575785,4-left,cut,100
13469.337281588023,1-left,unknown,0
13579.65702728123,6-right,unknown,0
13614.764567812379,narrow,unknown,200
13729.21987899631,square-right,dont-cut,0
13826.070924948159,square-right,dont-cut,0
13864.32064431996,crest,unknown,30
13897.892497843204,square-left,dont-cut,0
13933.713213079856,4-right,cut,0
13973.813077639028,6-left,unknown,120
14059.508390863824,slight-left,unknown,0
14403.991634310174,crest,unknown,190
14642.357164934569,6-left,unknown,70
14713.642448442864,5-right,unknown,0
14806.815176485468,slight-left,unknown,70
14882.249463594848,6-right,unknown,0
14992.73210409015,4-left,unknown,0
15046.076142023507,1-right,cut,0
15102.491567915387,acute-hp-left,unknown,30
15195.810419980278,1-left,unknown,0
15238.734873410454,6-right,unknown,80
15294.990339528315,3-right,unknown,40
15391.624370709646,crest,unknown,30
15451.779218121768,1-right,unknown,100
15538.016673222786,crest,unknown,0
15623.173399373312,5-left,unknown,70
15675.976060086512,1-left,unknown,80
15818.035570546424,2-right,unknown,100
15958.321628133126,1-left,unknown,40
16068.145504304219,5-right,unknown,70
16130.970668069182,5-left,unknown,0
16200,finish,unknown,0
