0,straight,unknown,60
82.37968077659608,slight-left,dont-cut,80
201.36242243766785,crest,caution,0
289.6573264217377,crest,caution,0
345.1453450298308,slight-left,unknown,0
405.938910589218,hp-left,dont-cut,0
465.7924824619288,3-right,cut,0
511.27973032951337,slight-left,unknown,200
787.8571916675558,slight-left,unknown,100
943.2712749195091,crest,unknown,0
986.6988681507104,dip,unknown,120
1129.4609668064127,slight-left,unknown,50
1191.9361153507223,slight-right,unknown,30
1280.2864163303364,hp-left,dont-cut,0
1323.6506457614878,slight-right,unknown,70
1387.0965119743344,1-right,unknown,70
1498.0698166847228,hp-left,dont-cut,0
1558.3866029548647,1-right,dont-cut,0
1591.441140847207,bridge,unknown,0
1619.984981293678,square-left,dont-cut,40
1690.9466391897206,3-right,unknown,60
1773.6902066183088,6-right,unknown,0
1862.2837090063103,4-left,unknown,50
1924.2695255041126,4-right,unknown,0
1987.424593329431,3-left,unknown,120
2108.10228909016,crest,caution,0
2166.803180089001,crest,caution,0
2214.594238781933,3-right,unknown,0
2269.929976468092,slight-left,unknown,0
2306.180648350723,crest,unknown,80
2433.320917782791,1-left,dont-cut,60
2503.839154381759,crest,unknown,0
2565.509659314163,slight-right,unknown,0
2618.8852796602314,crest,unknown,140
2742.2826239061396,bump,unknown,0
2815.1262022447636,crest,dont-cut,60
2885.2399195909557,crest,unknown,100
3117.56549473287,slight-right,unknown,80
3184.173722443596,slight-left,unknown,0
3262.6136214876296,bump,unknown,0
3334.354711918842,slight-right,unknown,50
3396.2441909837835,1-right,unknown,70
3505.9759598207556,6-left,dont-cut,70
3589.3518244600373,5-right,unknown,40
3737.096921162612,6-left,unknown,30
3886.2975143861845,5-left,unknown,40
3951.301469273574,crest,caution,0
4021.024894642834,4-left,unknown,0
4084.6290132570343,crest,unknown,50
4134.712558979993,hp-left,unknown,30
4173.529796032912,hp-left,unknown,30
4237.104842486387,slight-left,unknown,50
4288.867372164731,slight-right,unknown,90
4398.55753976346,crest,unknown,140
4559.567095046054,crest,unknown,0
4589.879915251742,crest,unknown,0
4661.218129668252,crest,unknown,0
4675.167785506266,slight-right,unknown,0
4759.086011061683,crest,unknown,160
4892.543672461525,bump,unknown,0
4938.895100150124,bump,unknown,0
4980.824429907816,bump,unknown,0
5011.2801462316675,5-left,unknown,80
5077.565276503577,slight-right,unknown,40
5185.134886221899,6-left,caution,60
5307.684153113379,6-left,caution,0
5417.35580922605,6-right,bridge,0
5490.9931217718295,2-left,unknown,50
5587.3193789434545,6-right,unknown,0
5646.628210120214,slight-left,dont-cut,0
5702.7728679418715,5-right,unknown,90
5804.843831343666,6-left,unknown,140
5947.598728690163,6-left,unknown,0
6093.01938230039,5-right,unknown,0
6169.20286580564,4-left,unknown,0
6216.03659085752,6-right,unknown,80
6320.689676299108,slight-right,unknown,0
6442.639306540498,6-left,unknown,0
6504.933656287202,6-right,unknown,40
6572.7387690115065,slight-left,dont-cut,0
6690.519381117827,crest,unknown,40
6764.18122998715,4-right,unknown,30
6827.834249587069,4-left,unknown,90
6967.806639647493,crest,unknown,60
7107.112712759975,slight-left,unknown,100
7326.942081351289,slight-left,unknown,90
7480.644999899875,4-right,unknown,0
7590.979419150363,finish,unknown,0
