0,4-left,unknown,70
38.450229444503776,4-right,unknown,60
129.75033404350285,6-left,unknown,0
224.77411311149595,slight-right,unknown,0
347.96240996360757,3-right,unknown,0
396.5062683773036,1-right,unknown,0
436.2159386348722,square-left,unknown,40
469.47545544624285,6-right,widen,0
524.1220949649802,slight-left,unknown,80
633.565122537612,6-right,unknown,50
781.1375692462924,crest,caution,0
928.8136469364164,4-left,unknown,30
987.3927290821076,6-left,unknown,0
1054.097922143937,6-right,unknown,0
1121.026225442886,5-left,unknown,0
1206.982157640458,5-right,unknown,80
1314.2479753398902,crest,caution,0
1372.478976011278,3-right,unknown,0
1415.816955099108,6-left,unknown,70
1461.457903509142,5-left,unknown,100
1558.8157284832027,bump,caution,0
1622.4530442333244,bump,caution,0
1684.6538401699092,1-right,unknown,70
1744.3511269855528,hp-left,unknown,60
1842.867232007984,3-right,caution,0
1908.3377878475228,bridge,unknown,60
2005.3895789623307,3-right,widen,0
2027.9857250499745,slight-left,unknown,30
2061.2644041919716,3-left,unknown,0
2107.8341087818158,slight-right,unknown,180
2242.211264505386,5-right,unknown,40
2434.410406999591,crest,unknown,0
2473.1195914936125,5-left,unknown,40
2555.748599367145,6-right,unknown,0
2772.726928110124,crest,unknown,80
2826.1705033969874,crest,unknown,80
2914.5260933399213,1-right,dont-cut,50
3004.9621666431453,2-left,unknown,60
3174.0228921222674,1-right,dont-cut,0
3214.5889325427966,3-left,unknown,30
3259.407865324014,5-right,unknown,0
3309.622707357398,4-left,unknown,70
3432.6688264751356,4-right,unknown,0
3545.704560956949,3-left,unknown,0
3616.9179932689585,4-right,dont-cut,0
3704.0990568447023,slight-left,unknown,0
3755.818638524998,crest,unknown,0
3813.946399946202,4-right,unknown,70
3869.427426481235,5-left,unknown,60
3984.536567487707,crest,unknown,0
4076.7717340373915,4-left,unknown,0
4138.445940084453,5-right,unknown,40
4218.724501371385,2-right,unknown,60
4305.306324110033,2-left,unknown,0
4404.362126607895,crest,unknown,0
4444.879542531971,3-right,unknown,0
4487.943387823113,5-left,unknown,0
4553.355386533738,6-right,unknown,0
4606.924481534961,5-left,unknown,40
4684.877416486741,crest,unknown,0
4756.328833189013,6-right,unknown,0
4817.1245472621895,6-left,unknown,0
4878.561742811199,4-right,unknown,0
4928.383410253523,4-left,unknown,0
5006.1823190975165,4-left,unknown,0
5122.272100523376,4-right,unknown,70
5201.816298330694,slight-left,unknown,0
5362.996889074711,5-left,unknown,0
5511.288504713447,6-right,unknown,0
5593.579143484506,crest,unknown,50
5662.851815756242,crest,unknown,50
5704.9223442825505,3-left,unknown,40
5771.003471258563,4-left,widen,0
5830.386485346243,3-right,unknown,0
5930.779806784079,crest,unknown,0
5961.299423826619,crest,unknown,0
5987.855296133445,3-left,unknown,0
6028.090870321677,6-left,dont-cut,40
6079.006049345415,1-right,unknown,0
6147.444958761617,5-left,unknown,30
6190.949945295738,1-right,narrow,50
6291.349006422442,5-left,widen,0
6353.119792860426,6-right,unknown,0
6396.328562162793,5-left,unknown,30
6440.48279006807,crest,unknown,0
6482.644013670367,4-left,unknown,0
6531.1721703705,slight-right,unknown,30
6577.751319998188,square-left,unknown,0
6624.900049608629,2-right,unknown,0
6647.456975038925,6-left,unknown,40
6673.7717466720715,6-right,unknown,0
6750.30577379076,5-left,unknown,0
6840.691997202321,5-right,unknown,50
7037.134870985427,slight-left,unknown,0
7087.092009733597,slight-right,unknown,30
7133.04424205629,5-left,unknown,0
7205.742203329483,crest,unknown,0
7263.64900382845,6-right,unknown,40
7320.638651808186,2-right,unknown,100
7436.8816158279615,6-left,unknown,0
7531.969387243667,4-right,unknown,0
7599.796427648943,5-left,cut,0
7663.878078421039,5-right,unknown,0
7727.910470159934,acute-hp-left,unknown,0
7764.938943103236,4-left,unknown,0
7778.640971170354,crest,unknown,0
7809.882818723612,3-right,unknown,60
7845.891757398537,5-left,unknown,0
7912.39596489518,4-right,unknown,30
7971.316531263282,slight-left,unknown,0
8043.037933278962,crest,unknown,30
8131.861456457064,2-left,unknown,30
8174.196057554177,hp-right,unknown,40
8266.311056610044,square-right,unknown,0
8314.812251401845,3-left,unknown,40
8339.59727948755,3-right,unknown,30
8382.605500942176,finish,unknown,0
