0,2-left,unknown,40
41.97456110954284,3-right,unknown,0
93.13599150657654,square-left,unknown,40
183.97593200683582,3-right,unknown,0
231.45577736854526,crest,unknown,30
289.8443763065338,crest,unknown,0
341.98187745094316,slight-right,unknown,40
394.1903333377838,4-left,unknown,0
449.07899155616747,5-right,unknown,60
498.3604403018951,3-left,unknown,0
606.9555697345733,5-right,unknown,0
639.9513600635528,acute-hp-right,unknown,0
677.3244410610199,4-left,widen,0
701.8179359340668,5-right,cut,0
736.4563209247594,5-left,unknown,0
797.2954903888702,6-right,unknown,100
855.6793279361731,slight-left,caution,0
968.9665283679973,2-left,unknown,30
1041.8898868656167,5-left,unknown,0
1102.139425652321,bump,unknown,0
1153.938057053383,5-right,unknown,0
1206.5635132148823,6-left,unknown,0
1273.2438194587783,6-right,unknown,50
1341.6630520561293,hp-right,unknown,0
1414.8500579765391,slight-left,widen,0
1465.4907135608753,5-left,unknown,0
1510.7229906299656,5-right,unknown,0
1560.95995340615,5-left,unknown,30
1630.3669337299425,5-right,unknown,0
1723.7221376255113,3-left,unknown,0
1786.9414649417945,square-right,unknown,50
1819.6390027740545,4-right,unknown,40
1880.3297537162862,crest,unknown,0
1928.221715786751,crest,unknown,0
1942.811226742561,5-right,unknown,0
1999.730377896126,5-left,unknown,0
2049.1288141754235,6-right,widen,50
2087.688100979625,1-left,widen,0
2142.2714153411976,6-right,unknown,0
2196.310056240856,2-left,unknown,0
2281.293058655557,6-right,widen,30
2316.048075745397,3-right,unknown,30
2387.5016783454953,crest,unknown,30
2436.068407280736,3-left,unknown,0
2501.3494443824798,3-right,widen,40
2575.8983777740514,3-right,unknown,30
2651.911273320013,crest,unknown,0
2717.320783169562,6-left,unknown,0
2768.011483242804,crest,unknown,0
2819.877147267157,5-left,unknown,0
2871.140282070928,slight-right,unknown,70
3037.6201780822785,4-left,unknown,0
3200.5101812103294,4-right,unknown,30
3290.8431495407112,2-right,unknown,0
3366.878987133788,4-left,unknown,0
3430.1354610374474,6-right,unknown,0
3494.6206479957586,slight-left,unknown,0
3567.948740876008,slight-right,unknown,0
3630.336542046358,6-left,unknown,0
3727.260948708344,5-right,unknown,0
3820.351092102811,4-left,unknown,50
3874.479339325712,1-right,unknown,40
3988.326160843658,2-left,dont-cut,0
4057.9592970207204,6-left,widen,0
4113.212566025547,4-right,unknown,0
4199.884438278959,crest,unknown,80
4273.245017464445,5-right,unknown,50
4380.493733971401,5-left,unknown,0
4495.509263871002,slight-right,unknown,60
4572.97385390549,4-left,unknown,0
4671.828881867217,2-right,unknown,0
4720.117412636566,4-left,unknown,70
4805.997064469145,4-right,unknown,0
4919.089743645473,5-left,unknown,50
5027.397865174107,3-right,unknown,0
5155.79771180283,2-left,dont-cut,0
5208.330480204931,square-left,unknown,70
5242.858837844244,3-right,unknown,50
5329.587898265232,2-left,unknown,80
5436.618228503581,crest,unknown,0
5499.247294169779,crest,unknown,0
5513.553977977153,6-left,unknown,40
5650.864122744913,5-right,unknown,0
5827.412597934125,crest,unknown,30
5888.527265445115,crest,unknown,30
5941.493526393298,5-left,unknown,0
6015.726635218984,5-right,unknown,0
6140.111662112591,slight-left,unknown,0
6262.66314522874,2-right,unknown,30
6304.116155139317,slight-right,caution,0
6369.394037143103,4-left,widen,0
6411.742576304786,square-left,unknown,0
6446.31529389599,bridge,unknown,60
6462.393514373095,3-left,unknown,70
6529.60915478447,hp-right,unknown,70
6644.880580069806,1-left,unknown,130
6775.157145602494,5-right,dont-cut,70
6876.169395587236,6-right,unknown,0
6968.866480700763,5-left,unknown,0
7023.648781993177,crest,unknown,90
7072.110906893995,5-left,caution,180
7208.089797541887,6-left,unknown,50
7259.640738742142,crest,unknown,60
7326.618134867937,crest,unknown,60
7359.965217692642,4-right,unknown,80
7447.357678248669,6-left,unknown,50
7617.017690932536,slight-right,unknown,0
7751.305672423622,slight-left,unknown,50
7885.410741698525,1-right,unknown,0
7969.049163977884,1-left,unknown,0
8005.308391749639,3-left,unknown,0
8044.128897120727,6-left,unknown,0
8084.593995654355,slight-right,unknown,50
8147.3655248138975,crest,unknown,0
8274.846620433102,4-left,unknown,60
8328.891844432126,3-right,unknown,30
8400.869480845713,finish,unknown,0
