0,slight-left,unknown,0
1.697879400253296,slight-right,unknown,30
42.064906740188604,5-left,unknown,0
114.21327137947083,crest,unknown,0
172.0236484241486,6-right,unknown,40
226.4495975971221,2-right,unknown,100
363.74655644416816,6-left,unknown,0
440.6908865833281,4-right,unknown,0
507.44698452949524,5-left,cut,0
571.0695085620881,5-right,unknown,0
639.2750141239168,2-left,unknown,0
689.734559698105,6-right,unknown,50
795.972989854813,2-left,unknown,30
920.0725885486605,slight-right,widen,0
997.9987167453771,5-left,unknown,60
1048.009291238786,2-right,unknown,90
1142.7242979717273,acute-hp-left,unknown,0
1231.521297693254,6-right,unknown,0
1263.182588833572,crest,unknown,40
1328.899989918471,3-left,unknown,30
1392.3444546020044,4-left,unknown,0
1456.1048546302347,3-right,unknown,30
1539.176412609818,5-left,widen,70
1613.1551931846154,2-left,narrow,50
1695.9272067916406,2-right,unknown,30
1763.245712364913,5-left,widen,0
1820.4863294684874,4-left,unknown,30
1862.9716767203802,4-right,unknown,30
1930.6092073714722,2-right,unknown,30
1974.912860325575,4-left,unknown,40
2017.335143231151,jump,unknown,30
2070.9751693236817,2-left,unknown,40
2153.5016898238687,hp-right,unknown,50
2227.182390812639,4-right,unknown,30
2274.3558245265517,acute-hp-left,unknown,0
2335.8721014010935,4-left,unknown,0
2373.007254904512,slight-right,unknown,0
2422.5840276515546,6-left,unknown,50
2465.990910738714,3-left,unknown,50
2542.9377424037543,1-right,unknown,0
2642.5794361484104,5-left,unknown,0
2680.482954195741,5-right,dont-cut,0
2723.4915833079863,3-left,unknown,0
2795.5588058269077,4-right,dont-cut,0
2842.946888140446,slight-left,unknown,0
2896.4769782435947,4-right,unknown,0
2946.7132053172636,5-left,unknown,0
2999.73458452106,5-right,unknown,0
3046.6390169322535,3-left,unknown,40
3075.4869511783136,2-left,unknown,0
3139.079304401876,6-right,unknown,70
3251.7770436978362,4-left,caution,0
3380.1417414212265,6-right,unknown,60
3448.379266521936,2-left,unknown,0
3564.3683381009164,slight-right,unknown,0
3610.3768285489155,slight-left,unknown,40
3661.154367306238,5-right,unknown,0
3722.830562794213,6-left,caution,40
3823.678732120998,1-right,unknown,0
3877.9056674695057,bridge,widen,0
3899.2334341359165,square-right,unknown,30
3922.2362922501593,5-right,caution,50
3961.505700056558,3-left,unknown,0
4014.3549504685448,6-right,dont-cut,0
4084.376222975256,slight-left,unknown,0
4136.820036566259,2-left,unknown,0
4183.273286688334,4-right,unknown,80
4282.907107546342,3-left,unknown,30
4385.967173388015,4-right,dont-cut,40
4465.067368471627,6-right,dont-cut,40
4528.90621914149,1-left,unknown,60
4668.024088861953,4-right,dont-cut,90
4817.179537584797,2-left,unknown,0
4900.424522745622,1-left,unknown,0
4931.297947981372,slight-left,unknown,140
5070.57307686092,4-right,unknown,40
5194.701480677145,6-right,widen,0
5259.635375788229,5-right,unknown,160
5434.549752428548,5-right,unknown,60
5564.61531841518,1-left,unknown,100
5701.3668316865105,5-right,unknown,40
5777.334001982226,3-right,unknown,0
5852.893692953596,slight-left,unknown,0
5890.8546492982,3-left,unknown,0
5930.679307196154,slight-left,unknown,0
5978.473214972036,slight-right,unknown,0
6069.268840849424,6-right,unknown,50
6127.469657232784,4-right,unknown,0
6204.45753965619,slight-left,unknown,130
6260.394244787721,3-left,unknown,0
6393.132530767949,slight-right,unknown,0
6437.429458067449,5-left,unknown,0
6490.944595510986,slight-right,unknown,80
6547.971786787538,5-right,unknown,0
6610.321398146181,slight-left,caution,60
6668.013715612921,3-left,unknown,80
6783.72278818372,5-right,unknown,50
6883.44827707532,5-right,caution,0
6964.219639723336,5-left,unknown,0
7025.765227339302,5-right,widen,0
7084.508193838632,5-right,unknown,0
7135.444773199591,2-right,dont-cut,0
7227.709551432166,2-left,unknown,50
7261.100449392832,slight-left,caution,0
7312.715215647254,1-left,dont-cut,40
7357.750427477396,3-left,unknown,60
7420.029500334305,3-right,unknown,0
7498.904871008442,6-left,unknown,0
7547.9524777818215,slight-right,unknown,0
7606.084819243003,5-right,unknown,0
7669.747496092368,slight-left,unknown,0
7751.530452139429,4-right,unknown,0
7805.982153227382,slight-left,unknown,50
7855.400038816979,2-left,unknown,90
7951.545382196948,6-right,unknown,50
8109.020139467761,4-right,widen,50
8253.561033251342,5-left,unknown,50
8405.069558909005,5-left,unknown,40
8533.210721476156,4-right,unknown,0
8609.603888132648,5-left,widen,0
8669.613955881683,5-right,widen,300
8875.634754297807,slight-left,caution,0
9040.150550806591,4-left,unknown,70
9179.272997438968,6-right,dont-cut,50
9325.402652857352,5-left,unknown,40
9468.872743532695,3-left,unknown,0
9549.799497530505,4-right,dont-cut,0
9597.26702263599,6-left,unknown,300
9824.76979838138,5-left,unknown,0
9984.06299208408,4-right,widen,100
10077.994721759987,6-right,unknown,0
10160.15082624836,3-right,dont-cut,30
10205.315044426148,slight-left,caution,0
10268.49363081378,1-left,unknown,0
10306.889446777524,4-left,unknown,0
10357.253649715598,6-right,dont-cut,120
10415.73027813357,6-right,dont-cut,0
10487.875256427944,6-right,dont-cut,0
