0,slight-right,unknown,0
5.448706569671631,slight-left,unknown,60
35.26650678634645,3-left,unknown,80
144.9387557411194,5-right,unknown,50
245.86915956497214,5-right,caution,0
326.25157579422023,5-left,widen,0
385.3367030906679,5-right,widen,0
446.07401830673234,5-right,unknown,0
496.4374211311341,1-right,dont-cut,0
588.4447548866283,2-left,unknown,50
623.5057743644728,slight-left,caution,0
676.2379472351082,1-left,dont-cut,40
721.1083747482312,3-left,unknown,60
784.447529048921,3-right,unknown,0
862.1514009094254,6-left,unknown,0
911.055428466798,slight-right,unknown,0
969.2727630615241,5-right,unknown,0
1031.6992209243783,slight-left,unknown,0
1113.7648831939712,4-right,unknown,0
1167.9066673278812,slight-left,unknown,50
1218.1321628189087,2-left,unknown,90
1320.0191663742078,6-right,unknown,50
1482.6672567367575,4-right,bridge,50
1616.0935163879412,5-left,unknown,50
1750.6200978851343,5-left,unknown,40
1895.7758046340946,4-right,unknown,0
1970.7678530120843,5-left,widen,0
2031.6833280944807,5-right,unknown,300
2242.291512107845,slight-left,caution,0
2400.591002922056,4-left,unknown,70
2530.757538299558,6-right,dont-cut,50
2684.362456665035,5-left,unknown,40
2829.4302203369066,3-left,unknown,0
2908.7475281524617,4-right,dont-cut,0
2956.0798137664756,6-left,unknown,300
3173.5016450881944,5-left,unknown,0
3343.038079795839,4-right,unknown,100
3403.99239509583,6-right,unknown,0
3510.1166143798887,3-right,dont-cut,30
3563.283208122262,slight-left,caution,0
3620.369706077583,1-left,unknown,0
3659.9686077308734,4-left,unknown,0
3711.2567483902044,6-right,dont-cut,120
3773.013231735239,6-right,dont-cut,0
3885.427546577463,6-left,unknown,70
3958.7238925170996,5-right,unknown,40
4078.908254203806,5-left,unknown,30
4201.035461921704,1-right,unknown,0
4294.1897858429165,bridge,unknown,40
4316.565055351277,square-left,unknown,60
4375.266666727082,3-right,unknown,0
4440.0790552044145,6-left,unknown,50
4529.265415411017,4-left,dont-cut,0
4635.667777433413,5-right,unknown,30
4728.725547513983,6-left,dont-cut,0
4795.816666746159,slight-right,unknown,80
4855.549416227358,slight-left,unknown,40
4932.5856552791765,slight-right,unknown,140
5016.693113546391,slight-left,cut,150
5187.797156591433,left-entry-chicane,unknown,70
5422.710745267868,3-right,caution,0
5519.566210050586,bridge,unknown,0
5549.689944200517,bridge,unknown,0
5556.298135786057,2-left,dont-cut,250
5744.594612054828,slight-right,unknown,170
5880.3695964908575,slight-left,unknown,200
6067.725269098278,slight-right,unknown,80
6252.851159143442,slight-right,unknown,0
6357.098013086314,slight-left,unknown,250
6586.24524926185,6-left,unknown,170
6789.5030198001805,4-right,caution,220
7090.818573331826,right-entry-chicane,unknown,0
7220.458730001442,4-left,cut,100
7310.04852211951,1-left,unknown,0
7418.524877023685,6-right,unknown,0
7450.562964715944,narrow,unknown,200
7563.555222024899,square-right,dont-cut,0
7664.648607912045,square-right,dont-cut,0
7709.407869539239,crest,unknown,30
7737.300227785085,square-left,dont-cut,0
7773.405707368827,4-right,cut,0
7813.719690065363,6-left,unknown,120
7897.254487810116,slight-left,unknown,0
8239.5521901035,crest,unknown,190
8476.940254449817,6-left,unknown,70
8555.813141336424,5-right,unknown,0
8646.453228120781,slight-left,unknown,70
8719.679018678653,6-right,unknown,0
8828.64777085303,4-left,unknown,0
8882.460159997925,1-right,cut,0
8941.829309892637,acute-hp-left,unknown,30
8985.455113725659,acute-hp-left,unknown,30
9007.553223876948,2-left,widen,0
9045.932752628312,6-right,unknown,80
9104.76289077758,3-right,unknown,40
9202.081137466428,crest,unknown,30
9234.725320205687,crest,unknown,30
9261.704291076656,1-right,unknown,100
9353.338911876679,crest,unknown,0
9433.219848499302,5-left,unknown,70
9488.30763334275,1-left,unknown,80
9645.076539554604,2-right,unknown,100
9773.631780147556,1-left,unknown,40
9867.291126766208,5-right,unknown,70
9944.727387371064,5-left,unknown,0
10051.044060001375,finish,unknown,0
