0,straight,unknown,50
2.64340657234192,5-left,dont-cut,50
63.161912775039674,1-right,unknown,100
213.9573428058623,2-left,unknown,90
354.3014583301543,1-right,dont-cut,70
476.7633653545374,5-right,unknown,0
559.7380141162872,crest,unknown,90
596.6611031818384,crest,caution,0
682.2000346088411,1-left,unknown,0
725.2040961170202,crest,unknown,30
759.9563781261448,crest,unknown,30
768.3101130199435,3-left,caution,80
868.7466719722743,5-left,unknown,0
948.696516294479,1-right,unknown,30
996.2020195293421,acute-hp-right,unknown,0
1044.7035171413409,1-left,cut,0
1085.9457824826209,5-right,widen,0
1146.0085489773712,slight-left,unknown,60
1187.9741674923855,slight-right,unknown,0
1260.3798001980738,5-left,unknown,0
1349.0467279171887,crest,caution,0
1408.9430946087773,6-right,unknown,0
1468.1827930569575,6-left,unknown,190
1708.935281116957,slight-right,unknown,60
1997.7617656445457,4-right,unknown,0
2154.233906986708,5-left,cut,0
2207.8852435803356,square-right,dont-cut,0
2266.2751478886544,crest,unknown,30
2297.3161899685792,square-left,unknown,170
2414.6211439824087,slight-left,unknown,0
2517.8450492405905,1-right,widen,90
2649.3514450001708,4-right,cut,270
2881.536538040639,3-left,unknown,160
3097.673936913016,6-right,unknown,240
3318.2899489521997,slight-right,unknown,0
3483.930063698294,slight-left,unknown,180
3774.5459233784686,slight-right,unknown,150
3948.237075874809,slight-left,unknown,140
4134.994429543027,left-entry-chicane,unknown,0
4328.498784821039,3-right,unknown,0
4445.664738647947,bridge,unknown,0
4478.797104713927,2-left,unknown,30
4510.753302204621,slight-right,unknown,200
4654.153110992922,slight-right,cut,150
4809.357433769714,6-left,unknown,50
4984.205439217107,slight-right,unknown,70
5063.6283378529715,slight-left,unknown,0
5160.385498268624,slight-right,dont-cut,0
5232.015238716617,5-left,unknown,0
5292.753987343329,4-right,unknown,40
5342.900838387026,6-right,caution,0
5432.034737732427,slight-left,unknown,0
5525.639990456119,3-left,unknown,60
5607.57818288089,square-right,unknown,40
5680.159787609587,2-left,dont-cut,30
5722.24683099986,5-right,unknown,0
5783.500902731433,6-left,unknown,50
5868.703232290759,6-right,unknown,0
5993.9107982087235,slight-left,dont-cut,110
6087.3402955460615,5-left,dont-cut,0
6246.710293486122,4-right,caution,0
6297.603032896521,2-right,unknown,40
6370.242979490762,3-left,unknown,100
6509.6858871293125,4-left,caution,0
6612.841776831157,5-right,unknown,300
6826.930861990462,5-right,unknown,0
6984.150125830181,4-left,dont-cut,0
7048.669708235271,4-right,unknown,0
7107.753442747599,slight-right,unknown,0
7175.293651144516,6-left,dont-cut,100
7309.131862051505,5-right,unknown,0
7461.5014612794075,slight-right,unknown,250
7686.805551359667,slight-left,unknown,40
7857.197553770552,3-left,widen,0
7951.310726110942,3-right,unknown,0
7990.043023436076,3-left,widen,30
8034.233574240213,5-right,caution,60
8081.2939536500035,3-right,unknown,60
8227.068025877494,5-left,unknown,50
8547.77625185252,slight-right,unknown,0
8685.269907476917,3-right,unknown,50
8746.337107260242,slight-right,unknown,0
8805.814312803768,4-left,dont-cut,0
8856.035034163018,slight-right,unknown,0
8903.378036100883,slight-left,unknown,0
8955.922983610646,4-left,dont-cut,0
9007.129691450622,slight-right,unknown,0
9054.676998007328,slight-left,unknown,40
9110.182435019055,6-right,unknown,0
9163.213566649008,3-left,unknown,60
9207.383067686604,2-right,unknown,40
9253.700682051232,1-right,unknown,60
9326.406768343491,2-right,unknown,0
9391.318967974225,1-left,widen,0
9432.318288977187,4-left,unknown,0
9466.696638948966,slight-right,widen,0
9542.807324125808,5-left,dont-cut,0
9595.364575865313,6-right,unknown,0
9727.599999868919,4-right,unknown,0
9860.670625708168,slight-right,unknown,0
9951.644521467757,5-left,unknown,70
10024.029247725075,5-left,unknown,0
10138.326369192675,5-right,unknown,0
10199.271128103812,slight-left,unknown,0
10248.095061590753,5-right,unknown,120
10296.384473555168,slight-right,unknown,0
10387.494299490538,4-left,widen,50
10516.047263472175,slight-left,unknown,0
10577.720290358155,slight-right,caution,40
10637.629273398012,2-right,unknown,0
10718.933306753726,6-right,unknown,0
10768.72701101551,3-left,widen,40
10808.163815367325,5-left,cut,100
10888.736209662065,1-right,unknown,0
10999.621171438795,6-left,unknown,160
11046.71043909321,finish,unknown,0
