1,straight,unknown,130
138.2147171115875,dip,unknown,80
193.2852578449249,crest,unknown,0
265.7200936603547,3-left,unknown,40
357.2089589023587,3-right,dont-cut,120
490.02555523872303,6-left,unknown,0
590.5890747928607,crest,unknown,0
682.9900581836689,4-right,unknown,160
819.443048868178,crest,unknown,100
944.0338357639299,4-left,unknown,120
1126.4081669330578,6-right,unknown,50
1257.6455597019167,4-left,unknown,50
1346.16722424507,4-right,unknown,0
1442.3340348911274,crest,unknown,80
1521.087183313369,crest,unknown,0
1614.0319478702545,slight-right,unknown,0
1676.4560804843898,4-left,unknown,0
1780.797132577896,3-right,unknown,0
1914.2961048984528,4-left,unknown,0
1998.7483182621002,6-left,dont-cut,110
2129.00149518013,bump,unknown,0
2168.986003580092,bump,unknown,0
2202.5780149936672,bump,unknown,0
2243.412622461319,bump,unknown,0
2257.877962732315,4-right,unknown,0
2323.1854628849046,slight-left,unknown,0
2376.6010339069367,bump,unknown,0
2420.2655842304234,bump,unknown,0
2433.2620545673367,slight-right,unknown,0
2491.538797311783,crest,unknown,0
2545.388083086011,4-left,dont-cut,70
2609.093393678666,5-right,unknown,0
2709.9359188938124,hp-right,widen,60
2837.748659934992,3-left,unknown,80
2951.6895754051125,4-right,dont-cut,0
3065.9778773307703,crest,unknown,0
3128.5815576744,5-left,unknown,0
3208.5330129051163,6-right,unknown,0
3344.9425644874536,bridge,unknown,0
3410.0795387840253,5-right,unknown,40
3470.0982755470286,2-left,unknown,0
3552.1869671630857,3-right,unknown,30
3619.419475631711,2-left,unknown,0
3707.2651252365085,slight-right,dont-cut,40
3804.069459571834,slight-left,unknown,200
3986.930022659299,4-right,unknown,0
4122.355053749079,5-left,caution,180
4230.95226119995,2-right,unknown,40
4314.678910827638,3-left,unknown,120
4514.370620784747,crest,unknown,80
4607.509244937887,3-right,unknown,0
4694.469675846089,crest,unknown,30
4752.7758181953295,crest,unknown,30
4765.856886348713,4-right,unknown,40
4814.222820110311,6-left,dont-cut,120
4923.1487518119675,6-left,unknown,40
5050.824799480422,4-right,unknown,120
5270.019457454664,6-right,unknown,30
5375.212820186603,5-left,dont-cut,0
5443.36107610701,4-right,unknown,50
5565.631286411271,3-left,dont-cut,0
5704.543655567159,5-right,unknown,0
5787.085981388082,square-right,unknown,0
5892.213294677728,6-left,unknown,240
6043.363862333299,6-left,unknown,0
6168.457569150929,6-right,unknown,0
6272.5311460781095,slight-left,unknown,60
6392.086329565046,crest,unknown,250
6603.759149808888,6-left,unknown,60
6836.424943327908,slight-right,unknown,50
6944.457834410669,5-right,unknown,0
7074.441305441854,4-left,unknown,0
7208.564440741534,6-right,unknown,0
7281.865835928916,5-left,unknown,80
7379.082830901142,slight-left,unknown,50
7506.279597945211,6-right,unknown,80
7632.633542761805,crest,unknown,70
7773.157088179594,slight-left,unknown,170
7937.668007445342,crest,unknown,70
8123.5820227193935,5-left,unknown,70
8214.198030104648,4-right,unknown,90
8336.744967818277,slight-right,unknown,130
8514.483897490516,6-right,dont-cut,80
8666.881809477825,1-left,unknown,70
8846.724421324769,slight-left,unknown,40
8913.622957091362,crest,unknown,100
8997.661070380242,4-right,unknown,0
9150.61620007994,jump,unknown,40
9223.7505905676,crest,unknown,50
9274.97377139569,5-left,unknown,80
9354.492494559285,crest,unknown,0
9476.009223685262,jump,unknown,0
9535.494931921956,6-left,unknown,80
9592.999053816791,crest,unknown,30
9696.171026015274,jump,unknown,90
9777.441725859628,jump,unknown,50
9904.85129662989,slight-right,unknown,0
9984.369410872438,crest,unknown,70
10060.357688078859,jump,unknown,70
10137.321943907717,bump,unknown,50
10230.216775984742,6-right,unknown,0
10345.002419104563,4-right,unknown,0
10399.419305853828,5-left,unknown,40
10446.808502669302,slight-left,unknown,140
10723.955380148864,6-right,unknown,0
10862.857503218627,3-right,unknown,120
10998.185557150817,crest,unknown,60
11087.356714949581,slight-right,unknown,50
11189.497208800276,4-left,unknown,0
11286.471249937977,5-left,unknown,50
11420.14825009821,crest,unknown,130
11652.823016295419,crest,unknown,220
11852.632391448002,crest,unknown,160
12048.471793150877,jump,unknown,150
12219.691556258174,6-left,unknown,0
12417.802174696913,slight-left,unknown,100
12563.905503020267,6-left,unknown,160
12784.929914946537,jump,unknown,80
12819.859418311104,jump,unknown,80
13029.526105582212,crest,unknown,150
13179.551188513744,6-right,unknown,0
13313.537827116952,square-left,dont-cut,0
13410.104354178422,6-right,unknown,130
13525.747828108782,jump,unknown,50
13630.836209761617,crest,unknown,0
13698.900429770461,4-left,unknown,0
13758.638458334917,6-right,unknown,0
13863.809594656947,3-right,unknown,40
13931.681723753934,crest,unknown,140
14070.486023489975,4-right,dont-cut,0
14204.216073843976,crest,unknown,0
14257.398971755043,crest,unknown,0
14268.65689404203,3-left,unknown,60
14320.520400969512,6-right,unknown,40
14411.618456389426,4-left,unknown,120
14575.079481703764,slight-left,unknown,0
14698.075096556679,crest,unknown,40
14765.620788313876,square-right,unknown,50
14844.754875704777,slight-left,unknown,0
14891.100195528983,slight-right,unknown,0
14952.913399111732,2-right,unknown,30
15000.037493006692,2-left,unknown,0
15078.229796702364,5-left,unknown,30
15165.83902331064,jump,unknown,50
15278.351458155596,crest,unknown,0
15379.172032534558,3-right,unknown,110
15598.627442957835,4-left,unknown,0
15694.557186037962,6-left,unknown,40
15848.19746691412,1-right,unknown,40
15985.83851050085,bump,unknown,70
16072.671422087595,4-left,dont-cut,40
16168.195760123172,2-right,dont-cut,60
16255.377471815966,6-left,unknown,60
16348.610604502543,bump,unknown,0
16396.19648001371,bump,unknown,0
16442.892341944545,3-left,unknown,60
16494.801001574364,slight-right,unknown,0
16581.595121104092,4-left,unknown,40
16691.407553202458,5-right,unknown,0
16771.18230757412,4-left,unknown,0
16831.31981871302,4-right,unknown,60
16883.824896113223,5-left,unknown,40
16961.39288431819,4-right,unknown,40
17022.247325045435,5-left,unknown,0
17122.300624415253,5-right,unknown,30
17189.04299975096,6-right,unknown,60
17278.278077227453,square-left,unknown,70
17416.23612024962,crest,unknown,0
17466.197346407764,6-left,unknown,90
17552.843357073656,5-right,dont-cut,100
17666.40690214813,6-left,unknown,100
17813.41599547089,crest,unknown,90
17953.46138067901,5-left,unknown,100
18066.398899828797,5-right,dont-cut,0
18216.807608935218,crest,unknown,70
18275.720763575406,2-right,unknown,0
18393.64368509944,3-left,bridge,80
18480.853552481494,5-right,unknown,0
18587.66183365521,crest,unknown,30
18648.844017645708,6-right,unknown,70
18725.305921103354,dip,unknown,90
18757.529601675866,dip,unknown,90
18849.56571449933,5-left,unknown,0
18957.851801421024,3-left,unknown,0
19034.105135847884,crest,unknown,0
19073.48176605876,4-right,unknown,80
19159.346002737824,jump,unknown,150
19279.654976050217,jump,unknown,120
19411.584782225425,5-left,unknown,100
19560.508599936322,slight-right,dont-cut,50
19747.88203045545,slight-right,unknown,80
19894.762547957285,6-right,unknown,0
20032.65674854933,3-left,unknown,90
20227.82174919782,1-right,dont-cut,100
20378.818688513613,3-left,unknown,40
20465.09575195963,4-left,unknown,50
20580.496009375373,4-right,unknown,90
20706.3371911686,3-right,dont-cut,0
20820.213871275715,crest,unknown,80
20895.931415945823,4-left,unknown,30
21007.908929564295,3-right,dont-cut,0
21093.760234000012,4-left,dont-cut,70
21152.538955542357,6-right,unknown,0
21255.46003861119,4-left,unknown,0
21379.47241951635,finish,unknown,0
