1,straight,unknown,100
102.06877079010012,6-left,unknown,50
220.89357601165761,4-right,dont-cut,0
348.0591911697383,3-left,dont-cut,0
409.8729262924188,4-right,unknown,40
530.1642925643916,crest,unknown,30
618.9863661575313,crest,unknown,30
633.8362579345699,3-left,dont-cut,80
721.3855504226684,4-left,unknown,50
832.0593508911123,5-right,unknown,40
946.6781534194936,4-right,unknown,100
1071.5441309356677,1-left,dont-cut,90
1200.9192502975443,2-right,dont-cut,40
1352.4745388603176,6-left,unknown,90
1463.7399089240982,slight-left,unknown,100
1742.5057665824847,5-right,caution,120
1994.905507755275,jump,unknown,130
2129.1783038902236,jump,caution,70
2262.7144226646396,4-left,unknown,30
2356.5751279640162,crest,unknown,0
2434.7711450386,crest,unknown,0
2458.852850933071,3-right,unknown,180
2649.052377990216,5-left,unknown,50
2766.322814544174,crest,unknown,40
2850.7387390360586,5-left,dont-cut,90
2962.2500944742924,3-right,caution,0
3081.913926681019,1-left,unknown,70
3136.9540440211076,slight-left,unknown,0
3227.1321767267973,5-left,dont-cut,100
3313.944419311027,5-right,unknown,70
3434.6650405726227,crest,unknown,110
3534.8891797480364,6-right,unknown,90
3688.7634117350353,6-left,dont-cut,0
3804.0213284907104,slight-right,unknown,0
3912.334571670032,crest,unknown,140
3996.292695029711,square-right,unknown,40
4150.644677375296,6-left,unknown,40
4228.745817016102,5-left,unknown,0
4311.865985778306,5-right,unknown,0
4366.126365188098,5-left,dont-cut,0
4435.376314109305,6-right,unknown,40
4542.740592406727,4-left,unknown,0
4650.780270141101,4-right,unknown,0
4697.825038093063,5-left,unknown,40
4745.471304992169,5-right,unknown,0
4821.856573241681,6-left,unknown,60
4889.531577552285,3-right,dont-cut,0
5005.854067328899,6-left,unknown,60
5078.340032409161,crest,unknown,0
5165.093789733378,bump,unknown,0
5224.852633574935,2-left,dont-cut,0
5270.176166404222,4-right,dont-cut,90
5366.417943900559,crest,unknown,50
5463.731735900382,1-left,unknown,0
5541.187842391469,slight-right,unknown,100
5626.844506076312,slight-right,caution,0
5722.854570125075,bump,unknown,0
5779.866357844804,3-right,unknown,80
5857.53589805934,4-left,unknown,120
6048.044541400395,slight-right,unknown,0
6170.272935222111,jump,unknown,0
6252.470462344607,6-right,unknown,0
6316.638281062565,3-right,unknown,30
6444.141866610968,2-left,unknown,0
6515.651966823061,6-left,dont-cut,0
6571.699145415743,slight-right,unknown,70
6614.782829764806,square-left,unknown,0
6707.139448607884,square-left,unknown,0
6720.689724715672,slight-right,unknown,100
6834.68743424746,6-right,unknown,0
6947.3630138144135,5-right,unknown,30
7004.0089328131335,6-left,unknown,60
7091.970861829248,3-right,unknown,0
7204.719629796472,crest,unknown,0
7259.037929128139,3-left,dont-cut,140
7363.585545934162,slight-left,unknown,70
7470.96204434725,3-left,unknown,50
7582.034970677812,3-right,unknown,60
7827.159364980191,jump,unknown,120
7928.367023309206,6-left,unknown,40
8035.13008571003,1-right,unknown,0
8126.444616425969,5-left,unknown,150
8260.52012149189,crest,unknown,90
8372.089211724724,6-left,unknown,160
8541.951770699949,6-right,unknown,90
8746.390022653075,slight-right,unknown,50
9126.221481317025,jump,unknown,160
9261.641930535787,crest,unknown,190
9500.698302529783,crest,unknown,180
9685.421889947393,crest,unknown,100
9860.668666680795,5-right,caution,40
10035.522300637702,4-right,unknown,0
10220.091957176948,slight-left,unknown,0
10282.045961235784,crest,unknown,40
10326.59004189375,crest,unknown,130
10428.424256218703,3-left,unknown,0
10552.49829136732,6-left,unknown,130
10688.199771240976,slight-right,unknown,0
10799.343042000562,jump,unknown,50
10876.39777920607,6-right,unknown,0
10999.02566948775,crest,unknown,0
11060.04720539931,3-left,unknown,70
11265.25741637114,crest,unknown,110
11352.981055134567,slight-left,unknown,50
11491.191207340993,slight-right,caution,60
11588.204445332321,crest,unknown,0
11649.348172482278,crest,unknown,0
11713.985437153602,6-left,unknown,0
11783.44664866331,6-right,unknown,0
11847.540693959023,jump,unknown,0
11973.992743824745,jump,unknown,70
12041.569580982943,5-right,unknown,50
12144.083170651222,crest,unknown,30
12203.114628361485,crest,unknown,30
12324.261708832275,4-left,unknown,80
12402.59874397327,crest,unknown,70
12496.116176834592,crest,unknown,70
12529.70752788592,crest,unknown,60
12569.185907440662,crest,unknown,60
12619.082993126402,1-right,unknown,80
12744.881442547328,6-left,dont-cut,90
12858.876062260148,slight-left,unknown,130
13019.16893125581,5-left,unknown,60
13149.177681942467,5-right,unknown,70
13318.327770138249,crest,unknown,160
13458.697729588032,slight-right,unknown,100
13582.168570271004,crest,unknown,70
13727.480682659605,crest,unknown,0
13820.420215130307,6-left,unknown,70
13889.210154018858,slight-right,unknown,80
13987.498962116697,5-right,dont-cut,0
14109.079214001169,slight-left,unknown,40
14213.329257030946,5-right,dont-cut,0
14289.003600292672,5-left,unknown,180
14388.352503452767,slight-left,unknown,50
14544.636344585871,6-right,unknown,160
14763.749805813291,crest,unknown,50
14903.413520069582,jump,unknown,40
14976.40349763917,slight-right,unknown,0
15064.797820530399,6-left,unknown,50
15170.779953518373,5-right,unknown,200
15405.129320507509,slight-right,unknown,40
15555.069809284683,square-left,widen,0
15627.70528036166,5-left,unknown,30
15696.188641243465,2-right,dont-cut,50
15846.525445976738,3-left,unknown,40
15934.51393638659,4-right,dont-cut,0
16039.857198181615,6-left,unknown,110
16136.688097610922,4-left,unknown,0
16265.323634415121,6-right,unknown,140
16486.644907722923,slight-right,dont-cut,40
16602.1467848973,2-left,unknown,0
16666.105093460534,6-right,unknown,30
16717.738613319852,6-right,widen,30
16753.4142811589,2-left,unknown,200
16969.08025884672,4-right,unknown,0
17072.198480129708,3-right,unknown,40
17132.239438991997,3-left,unknown,0
17209.141393795468,6-right,unknown,0
17302.81955701873,3-left,unknown,180
17483.48121625946,slight-right,unknown,0
17605.992531795975,slight-left,dont-cut,40
17700.959106846327,3-right,caution,30
17781.865283833027,3-left,unknown,30
17914.38708075321,2-right,unknown,40
17984.246352756392,5-left,unknown,0
18092.258188274278,bridge,unknown,0
18151.743440540235,6-left,dont-cut,0
18204.61488211433,6-right,unknown,0
18258.242372768313,crest,unknown,0
18378.342811267765,4-left,dont-cut,60
18460.96418730535,6-right,unknown,0
18565.02354079046,4-right,unknown,60
18649.759817302616,hp-left,narrow,40
18788.665033033303,4-left,unknown,90
18867.85395641129,3-right,unknown,50
18961.2120089702,slight-left,unknown,90
19110.108273962,3-left,unknown,120
19306.268728750205,6-right,unknown,0
19413.510303419098,4-right,unknown,30
19522.846485021568,3-left,unknown,40
19603.976465299573,4-right,unknown,0
19709.29162921711,slight-left,unknown,0
19815.838525350526,crest,unknown,60
19920.463946950862,6-left,unknown,0
20034.168549497535,3-left,unknown,50
20094.79554817002,4-right,unknown,50
20203.182524488384,6-left,unknown,100
20303.97977161212,5-right,unknown,0
20432.132600820525,bump,unknown,0
20484.69275470541,slight-right,unknown,0
20543.135092847806,crest,unknown,120
20631.655348852128,4-left,unknown,0
20765.993006818764,crest,unknown,0
20801.9235872631,crest,unknown,0
20838.994992101652,4-right,unknown,130
20988.592106817232,3-left,dont-cut,30
21118.146925733552,3-right,unknown,0
21193.742607076634,crest,unknown,130
21278.417102964395,3-left,caution,0
21387.44516547967,finish,unknown,0
