1,2-right,unknown,0
2,acute-hp-left,unknown,0
3,straight,unknown,130
60.662708082199124,3-right,unknown,0
142.34750254631058,dip,unknown,80
196.1368564891816,crest,unknown,0
267.88775759696983,3-left,unknown,40
360.35013754844675,3-right,dont-cut,120
508.1584099292759,6-left,unknown,0
617.9787643527982,crest,unknown,0
689.0552513217925,4-right,unknown,160
823.0772592258453,crest,unknown,100
949.3233522129057,4-left,unknown,120
1139.490658006668,6-right,unknown,50
1263.860547151565,4-left,unknown,50
1352.173438653946,4-right,unknown,0
1433.022582559586,crest,unknown,80
1467.2381173038486,crest,unknown,80
1527.5390983295438,crest,unknown,0
1620.7912477970126,slight-right,unknown,0
1681.2106062793732,4-left,unknown,0
1787.3163047885894,3-right,unknown,0
1915.4799878406527,4-left,unknown,0
2005.6888070774082,6-left,dont-cut,110
2136.5102153873418,bump,unknown,0
2171.25892132759,bump,unknown,0
2266.635807733536,4-right,unknown,0
2321.0829700946806,slight-left,unknown,0
2374.5901642704002,bump,unknown,0
2423.8365157413464,slight-right,unknown,0
2477.1645339298207,crest,unknown,0
2529.0915851688364,4-left,dont-cut,70
2623.842513933179,5-right,unknown,0
2717.135371141432,hp-right,widen,60
2844.8754988384226,3-left,unknown,80
2963.85973492622,4-right,dont-cut,0
3083.8940367603277,crest,unknown,0
3139.123820543286,5-left,unknown,0
3221.3243068790403,6-right,unknown,0
3354.148405237196,bridge,unknown,0
3386.421792955398,bridge,unknown,0
3419.837173624038,5-right,unknown,40
3481.9776718616467,2-left,unknown,0
3557.97487847328,3-right,unknown,30
3629.255120859144,2-left,unknown,0
3716.876318216323,slight-right,dont-cut,40
3813.951424627301,slight-left,unknown,200
3994.7885278224903,4-right,unknown,0
4135.4527800655405,5-left,caution,0
4203.693891820908,crest,unknown,0
4240.197320203781,2-right,unknown,40
4330.756167669298,3-left,unknown,120
4524.228974771493,crest,unknown,80
4563.989089288706,crest,unknown,80
4615.493663454049,3-right,unknown,0
4703.284043741218,crest,unknown,30
4759.018994684212,crest,unknown,30
4773.0715435504835,4-right,unknown,40
4820.9664023685355,6-left,dont-cut,120
4934.612115831362,6-left,unknown,40
5059.690312776551,4-right,unknown,120
5271.583502283089,6-right,unknown,30
5379.781237611763,5-left,dont-cut,0
5448.6949484348215,4-right,unknown,50
5581.375629243846,3-left,dont-cut,0
5707.642788171765,5-right,unknown,0
5797.4534923267365,square-right,unknown,0
5899.430169477468,6-left,unknown,240
6060.412892875674,6-left,unknown,0
6183.138099975583,6-right,unknown,0
6276.976266326899,slight-left,unknown,60
6405.772936096195,crest,unknown,250
6632.097513275143,6-left,unknown,60
6798.744233779904,slight-right,unknown,50
6949.874752807609,5-right,unknown,0
7089.05361484526,4-left,unknown,0
7211.254658699018,6-right,unknown,0
7283.859155654893,5-left,unknown,80
7371.136287841779,slight-left,unknown,50
7508.150784606919,6-right,unknown,80
7614.483472709642,crest,unknown,70
7775.469237747177,slight-left,unknown,170
7941.479498214701,crest,unknown,70
8127.189606094345,5-left,unknown,70
8218.771173095683,4-right,unknown,90
8339.409667282083,slight-right,unknown,130
8510.340408744793,6-right,dont-cut,80
8668.834715843164,1-left,unknown,70
8808.273589935265,slight-left,unknown,40
8917.414568099945,crest,unknown,100
9001.01808834073,4-right,unknown,0
9143.55503986356,jump,unknown,40
9181.438973655675,jump,unknown,40
9204.107385368321,crest,unknown,50
9255.451153907748,crest,unknown,50
9269.35675460813,5-left,unknown,80
9352.062658271761,crest,unknown,0
9475.754922370881,jump,unknown,0
9537.793013915982,6-left,unknown,80
9593.293001060454,crest,unknown,30
9699.031707954373,jump,unknown,90
9738.22100181576,jump,unknown,90
9780.246823272664,jump,unknown,50
9907.70239688869,slight-right,unknown,0
9984.914802551226,crest,unknown,70
10055.531498146014,jump,unknown,70
10136.474532356218,bump,unknown,50
10231.154363365134,6-right,unknown,0
10345.645388374285,4-right,unknown,0
10401.073024597128,5-left,unknown,40
10448.426095275829,slight-left,unknown,140
10712.992125396679,6-right,unknown,0
10866.242072181647,3-right,unknown,120
10949.488620033213,finish,unknown,0
