1,crest,unknown,60
46.266636762619,slight-right,unknown,50
137.8928821849823,4-left,unknown,0
228.76801901817316,5-left,unknown,50
378.19721571922327,crest,unknown,130
432.6161933040619,crest,unknown,130
592.6625219249728,crest,unknown,220
799.2585850811006,crest,unknown,160
994.1104933452606,jump,unknown,150
1164.2310234355912,6-left,unknown,0
1364.0766768932317,slight-left,unknown,100
1544.3560184383387,6-left,unknown,160
1738.9690681362129,jump,unknown,80
1893.9151100444788,crest,unknown,150
1991.1675252056118,crest,unknown,150
2102.1102411174775,6-right,unknown,0
2230.333458242415,square-left,dont-cut,0
2326.994323110579,6-right,unknown,130
2448.5449602413155,jump,unknown,50
2545.0028442287426,crest,unknown,0
2617.276949796674,4-left,unknown,0
2670.306962270735,6-right,unknown,0
2782.934922666551,3-right,unknown,40
2851.977099027636,crest,unknown,140
2994.576439695363,4-right,dont-cut,0
3121.733973035817,crest,unknown,0
3163.340287809378,crest,unknown,0
3186.5313240718915,3-left,unknown,60
3238.345940961845,6-right,unknown,40
3329.7737140178756,4-left,unknown,120
3498.4117531108905,slight-left,unknown,0
3617.2521667385145,crest,unknown,40
3682.047691106799,square-right,unknown,50
3765.114139680869,slight-left,unknown,0
3812.6202637386377,slight-right,unknown,0
3875.4647008037605,2-right,unknown,30
3921.5143376064343,2-left,unknown,0
4000.893258123402,5-left,unknown,30
4096.960714941035,jump,unknown,50
4202.435579557423,crest,unknown,0
4295.4545319271165,3-right,unknown,110
4510.31255938531,4-left,unknown,0
4616.141501951225,6-left,unknown,40
4799.779044594586,1-right,unknown,40
4925.420647339641,bump,unknown,70
5001.920222649392,4-left,dont-cut,40
5102.8079140709015,2-right,dont-cut,60
5189.373071427169,6-left,unknown,60
5290.014777817551,bump,unknown,0
5345.0193820427,bump,unknown,0
5379.91933985215,3-left,unknown,60
5427.208756775675,slight-right,unknown,0
5517.616863503279,4-left,unknown,40
5627.006169953171,5-right,unknown,0
5707.919893402873,4-left,unknown,0
5763.010437607589,4-right,unknown,60
5812.983899636098,5-left,unknown,40
5895.734378647636,4-right,unknown,40
5959.616723618346,5-left,unknown,0
6060.119431862666,5-right,unknown,30
6125.970931343865,6-right,unknown,60
6216.366559052294,square-left,unknown,70
6353.870218853784,crest,unknown,0
6403.913739266223,6-left,unknown,90
6482.087141976194,5-right,dont-cut,100
6608.956093277771,6-left,unknown,100
6750.62728826983,crest,unknown,90
6834.473248505423,crest,unknown,90
6896.754732155629,5-left,unknown,100
7005.938531479661,5-right,dont-cut,0
7147.9743411873,crest,unknown,70
7211.715682282269,2-right,unknown,0
7334.070615486921,3-left,bridge,80
7413.421804718791,5-right,unknown,0
7521.295152687843,crest,unknown,30
7587.0836327598645,6-right,unknown,70
7692.53177214127,dip,unknown,90
7741.414981026463,dip,unknown,90
7786.881956467442,5-left,unknown,0
7895.883467278293,3-left,unknown,0
7966.244489960486,crest,unknown,0
8011.241978440097,4-right,unknown,80
8081.60670320968,jump,unknown,150
8220.995914139557,jump,unknown,120
8304.326890206137,jump,unknown,120
8351.207386460108,5-left,unknown,100
8496.802304062641,slight-right,dont-cut,50
8698.448154587537,slight-right,unknown,80
8833.02036997297,6-right,unknown,0
8971.054844383987,3-left,unknown,90
9155.462324967164,1-right,dont-cut,100
9326.851778588069,3-left,unknown,40
9413.134398483993,4-left,unknown,50
9527.613066391712,4-right,unknown,90
9647.116549896966,3-right,dont-cut,0
9783.528672795073,crest,unknown,80
9814.168622841615,crest,unknown,80
9869.816622414352,4-left,unknown,30
9964.562994866135,3-right,dont-cut,0
10049.249086251024,4-left,dont-cut,70
10110.329178375972,6-right,unknown,0
10224.649346222648,4-left,unknown,0
10348.281839451562,finish,unknown,0
