0,straight,unknown,100
104.84693870544432,6-left,unknown,50
230.54823829650883,4-right,dont-cut,0
350.0675203704833,3-left,dont-cut,0
412.23831207275356,4-right,unknown,40
521.3986563491815,crest,unknown,30
619.1409083175654,crest,unknown,30
636.5684408950801,3-left,dont-cut,80
729.9626423645018,4-left,unknown,50
825.6525012207031,5-right,unknown,40
950.5761480331427,4-right,unknown,100
1066.7712481307992,1-left,dont-cut,90
1230.9973712921164,2-right,dont-cut,40
1367.0392518234266,6-left,unknown,90
1475.1757953834551,slight-left,unknown,100
1749.3735179710418,5-right,caution,120
2019.443507694703,jump,unknown,130
2147.2851861614995,jump,caution,70
2277.264128384096,4-left,unknown,30
2370.168618702395,crest,unknown,0
2413.76781078766,crest,unknown,0
2452.3153681988524,crest,unknown,0
2471.271766018371,3-right,unknown,180
2645.57871696899,5-left,unknown,50
2775.287667507627,crest,unknown,40
2806.4047556729106,crest,unknown,40
2860.0630447811864,5-left,dont-cut,90
2938.8254472393796,3-right,caution,0
3088.8029491085795,1-left,unknown,70
3178.1785357899453,slight-left,unknown,0
3237.636090168455,5-left,dont-cut,100
3324.254122166134,5-right,unknown,70
3449.063834690548,crest,unknown,110
3512.32305580566,crest,unknown,110
3612.9412893337944,6-right,unknown,90
3703.587472462149,6-left,dont-cut,0
3818.7255040783593,slight-right,unknown,0
3926.5883620876994,crest,unknown,140
4016.334042210073,square-right,unknown,40
4149.41319786497,square-right,unknown,40
4161.859180530987,6-left,unknown,40
4241.0186780209215,5-left,unknown,0
4326.352124142141,5-right,unknown,0
4381.796437687363,5-left,dont-cut,0
4449.380980534042,6-right,unknown,40
4557.9972836727775,4-left,unknown,0
4663.3291777462655,4-right,unknown,0
4713.817701496568,5-left,unknown,40
4760.570412678215,5-right,unknown,0
4835.733231090995,6-left,unknown,60
4902.821915134881,3-right,dont-cut,0
5019.096168179013,6-left,unknown,60
5083.052996334533,crest,unknown,0
5176.454013599851,bump,unknown,0
5216.017871975399,bump,unknown,0
5237.188741001584,2-left,dont-cut,0
5283.861976246339,4-right,dont-cut,90
5382.16868656586,crest,unknown,50
5476.668618511659,1-left,unknown,0
5552.745056271059,slight-right,widen,100
5643.648749737241,slight-right,caution,0
5737.512419170831,bump,unknown,0
5792.710028233024,3-right,unknown,80
5849.634222111198,4-left,unknown,120
6070.137065262288,slight-right,unknown,0
6185.393119339428,jump,unknown,0
6267.494830879652,6-right,unknown,0
6337.196179832899,3-right,unknown,30
6457.381604446856,2-left,unknown,0
6528.393255333388,6-left,dont-cut,0
6583.27028479048,slight-right,unknown,70
6734.029040474383,slight-right,unknown,100
6860.859140085652,6-right,unknown,0
6964.2909497398905,5-right,unknown,30
7020.111487230734,6-left,unknown,60
7109.432597383932,3-right,unknown,0
7221.850953630882,crest,unknown,0
7275.964664434867,3-left,dont-cut,140
7385.9485315460815,slight-left,unknown,70
7490.010945143184,3-left,unknown,50
7601.9416736740695,3-right,unknown,60
7823.807853788813,jump,unknown,120
7944.874551100212,6-left,unknown,40
8062.85860168536,1-right,unknown,0
8149.780085144835,5-left,unknown,150
8286.45686410984,crest,unknown,90
8397.214974842882,6-left,unknown,160
8562.484243222116,6-right,unknown,90
8772.724936619641,slight-right,unknown,50
8987.506987172,bump,unknown,110
9152.596346379149,jump,unknown,160
9287.599784336917,crest,unknown,190
9502.165473347539,crest,unknown,180
9697.141876927246,crest,unknown,100
9886.141255970817,5-right,caution,40
10061.0433705338,4-right,unknown,0
10207.991708088726,slight-left,unknown,0
10291.938946667524,crest,unknown,40
10347.56172750554,crest,unknown,130
10418.239836788987,finish,unknown,0
