1,straight,unknown,40
5.44619200706481943,5-right,unknown,0
51.30566268920898,slight-left,unknown,100
139.14062244415285,jump,unknown,40
171.71296813964855,jump,unknown,40
231.43135009765635,crest,unknown,60
291.82656444549576,crest,unknown,60
330.14067626953135,6-right,unknown,0
404.20022132873584,crest,unknown,100
444.9333978652963,crest,unknown,100
513.3234862136851,6-left,unknown,0
602.9854829025275,3-left,unknown,80
679.6158251953133,crest,unknown,30
730.4231671142586,crest,unknown,30
768.9763542938239,6-right,unknown,0
824.881169395447,4-right,unknown,30
880.6107037734994,slight-right,unknown,40
932.0884727096559,4-left,unknown,50
1016.048531227113,crest,unknown,180
1147.138167686465,4-right,unknown,0
1295.8357680892977,3-left,unknown,70
1420.1772720336935,4-right,unknown,90
1526.1542531585721,3-left,unknown,40
1629.608425178531,6-left,unknown,30
1692.7064627838163,5-right,unknown,60
1771.1650510787983,slight-left,unknown,0
1868.5176778793343,6-right,unknown,60
1930.7743380355837,crest,unknown,0
1991.7201282119763,crest,unknown,30
2053.6504542922994,3-left,unknown,40
2113.4089492034896,5-right,unknown,100
2171.322831687924,square-right,unknown,0
2283.2556608581517,bump,unknown,30
2307.283733739849,6-left,unknown,0
2341.7971980571715,dip,unknown,0
2387.4644535922966,dip,unknown,0
2404.913119211193,4-left,unknown,0
2448.3655055332147,5-left,unknown,0
2506.0727622318236,5-right,dont-cut,40
2554.395956201548,6-left,unknown,50
2599.8767584323823,crest,unknown,30
2678.0319995975433,4-left,unknown,0
2734.055689096443,5-right,unknown,0
2787.054805269233,5-left,unknown,0
2844.8569324207238,6-right,unknown,0
2891.649129800789,slight-left,unknown,0
2935.440945100774,5-right,unknown,40
3016.899915437685,bump,unknown,0
3034.4545818805573,4-right,unknown,0
3083.849411211001,4-left,unknown,0
3145.2930622196077,5-right,unknown,40
3283.4356276035205,6-left,unknown,60
3393.6482128238586,2-right,unknown,0
3509.018680448523,crest,unknown,0
3556.2874585246946,5-left,unknown,80
3596.258615064611,6-right,dont-cut,0
3698.5456047344132,2-left,unknown,110
3801.618861837379,4-right,unknown,50
3887.468611059178,5-left,unknown,0
3956.96750227927,crest,unknown,70
4007.790151700962,crest,unknown,70
4025.9596213817463,3-right,unknown,0
4134.005356931673,crest,unknown,0
4175.260167036045,slight-right,unknown,0
4231.266091794956,crest,unknown,180
4451.019624586088,slight-right,unknown,40
4598.137166891081,5-left,unknown,0
4677.33642386435,jump,unknown,50
4761.159922819126,crest,unknown,70
4817.621810998907,4-right,unknown,0
4900.622385911937,6-left,unknown,30
4955.263613672257,3-right,unknown,0
5021.5088307285305,4-left,unknown,50
5125.474737672808,5-right,unknown,0
5223.359171609879,6-left,unknown,0
5297.13125573158,3-left,unknown,0
5378.441583299633,2-right,unknown,0
5426.586651887891,1-left,unknown,60
5521.500445508955,6-right,unknown,40
5595.216663522721,crest,unknown,40
5690.974104814534,5-right,unknown,0
5753.206790933616,5-left,unknown,40
5811.753047075279,4-right,unknown,40
5886.535817193987,1-left,unknown,30
5958.4176019001015,4-left,unknown,0
6011.677206239699,2-right,unknown,40
6065.56957068443,5-left,unknown,180
6234.01680298805,6-left,unknown,40
6363.877989435191,6-right,unknown,0
6482.603753366459,5-right,unknown,120
6544.80163983344,jump,caution,90
6608.053456621159,jump,caution,90
6670.107991189942,jump,caution,90
6818.537419671999,crest,unknown,40
6870.856031503668,4-right,unknown,70
6952.159426622383,slight-left,unknown,0
7056.986600008005,3-left,unknown,30
7107.079058237072,slight-right,unknown,40
7166.319732713695,crest,unknown,80
7233.4645452213235,4-left,unknown,0
7323.469599695199,2-left,unknown,0
7369.234526681895,slight-right,unknown,40
7401.313271474837,bump,unknown,0
7450.221379137038,6-right,unknown,60
7584.482978334419,4-left,unknown,40
7714.927956743233,5-right,unknown,0
7869.429620294566,slight-right,unknown,30
7979.423647813795,4-left,unknown,0
8049.485935258851,bridge,unknown,30
8099.379677515007,square-right,widen,40
8130.968591356255,square-right,unknown,40
8143.559052038169,finish,unknown,0
