5,straight,unknown,40
6.5694522571563722,5-right,unknown,0
48.30483489036562,slight-left,unknown,100
139.43090720176698,jump,unknown,40
210.85013922691354,jump,unknown,40
244.82559279441838,crest,unknown,60
299.532031850815,crest,unknown,60
331.53866209983835,6-right,unknown,0
406.46740904808047,crest,unknown,100
458.6128120326997,crest,unknown,100
513.0776774501801,6-left,unknown,0
603.2720854854587,3-left,unknown,80
670.006377248764,crest,unknown,30
718.9104327678681,crest,unknown,30
772.7741655635829,6-right,unknown,0
825.7097610759731,4-right,unknown,30
881.7183431530003,slight-right,unknown,40
935.4532910060892,4-left,unknown,50
1018.830874967576,crest,unknown,180
1148.8341685009025,4-right,unknown,0
1300.968353033068,3-left,unknown,70
1381.8932079601323,4-right,unknown,90
1499.450099134449,3-left,unknown,40
1630.5888589000742,6-left,unknown,30
1694.3107908916515,5-right,unknown,60
1773.2873898220114,slight-left,unknown,0
1870.378213300708,6-right,unknown,60
1934.9632625103025,crest,unknown,0
2001.6459365749388,crest,unknown,30
2064.6744694805166,3-left,unknown,40
2123.2747921657588,5-right,unknown,100
2180.29026064873,square-right,unknown,0
2256.5868339824715,bump,unknown,30
2314.574944753651,6-left,unknown,0
2347.8245778369956,dip,unknown,0
2405.992984857567,4-left,unknown,0
2446.231587228782,5-left,unknown,0
2507.421723032005,5-right,dont-cut,40
2554.154884538656,6-left,unknown,50
2595.38743561745,crest,unknown,30
2641.415863428118,crest,unknown,30
2677.84179913521,4-left,unknown,0
2736.7392688083664,5-right,unknown,0
2787.3903714847556,5-left,unknown,0
2843.2763053989415,6-right,unknown,0
2893.270500612261,slight-left,unknown,0
2938.0791573810598,5-right,unknown,40
3017.457937135697,bump,unknown,0
3036.850443239213,4-right,unknown,0
3091.4104783725734,4-left,unknown,0
3142.0174545383447,5-right,unknown,40
3245.5956401920303,finish,unknown,0
