1,6-left,unknown,60
40.889836988449105,2-right,unknown,0
140.62055563926697,crest,unknown,0
188.33874745368965,5-left,unknown,80
232.15091263771066,6-right,dont-cut,0
328.8178162097931,2-left,unknown,110
431.202080812454,4-right,unknown,50
519.7840938282013,5-left,unknown,0
596.1388729572294,crest,unknown,70
627.6120218372345,crest,unknown,70
664.3189785480503,3-right,unknown,0
769.3205526447299,crest,unknown,0
809.0868019199368,slight-right,unknown,0
864.9112864017479,crest,unknown,180
1079.587649507522,slight-right,unknown,40
1234.061231775284,5-left,unknown,0
1315.116779603958,jump,unknown,50
1364.668740587234,jump,unknown,50
1374.0297813892366,crest,unknown,70
1449.051643457413,4-right,unknown,0
1532.8434243488311,6-left,unknown,30
1587.9082716464986,3-right,unknown,0
1654.5315660190574,4-left,unknown,50
1740.951475229263,5-right,unknown,0
1853.5337859821304,6-left,unknown,0
1927.973241243362,3-left,unknown,0
2009.6579296588884,2-right,unknown,0
2056.937755060195,1-left,unknown,60
2155.0130406093595,6-right,unknown,40
2235.54590985298,crest,unknown,40
2321.885417947769,5-right,unknown,0
2384.011857767105,5-left,unknown,40
2443.7952251529696,4-right,unknown,40
2518.125159463884,1-left,unknown,30
2590.0777051258124,4-left,unknown,0
2642.1352912998204,2-right,unknown,40
2684.5771492290523,2-right,unknown,40
2696.9521756267563,5-left,unknown,180
2836.1045867061625,6-left,unknown,40
2983.7293702983866,6-right,unknown,0
3104.6252722835548,5-right,unknown,120
3180.6783741664885,jump,caution,90
3212.9348230648025,jump,caution,90
3293.891561079022,jump,caution,90
3438.007274579997,crest,unknown,40
3497.332676916116,4-right,unknown,70
3558.1286387538867,slight-left,unknown,0
3679.402284193033,3-left,unknown,30
3730.27596453666,slight-right,unknown,40
3782.826563444133,crest,unknown,80
3856.1316757488203,4-left,unknown,0
3945.7527342510157,2-left,unknown,0
3989.381511182779,slight-right,unknown,40
4022.1331169605205,bump,unknown,0
4071.785048017497,6-right,unknown,60
4204.162351255415,4-left,unknown,40
4336.32430571556,5-right,unknown,0
4486.108442182541,slight-right,unknown,30
4600.331939916613,4-left,unknown,0
4669.696865758899,bridge,unknown,30
4701.40528803826,bridge,widen,30
4721.376252965931,square-right,unknown,40
4767.697161169053,finish,unknown,0
