34.779707813262945,square-left,unknown,30
66.04089052200318,4-right,unknown,50
120.79522068023691,slight-left,unknown,0
195.83854698181176,5-left,unknown,40
281.4530071258548,3-right,unknown,0
411.9427354812625,6-left,unknown,80
550.4277492904661,slight-left,unknown,30
677.5012860107419,bump,caution,0
730.1700638198845,bump,caution,0
743.5077640533437,crest,unknown,0
800.2626192855828,1-right,unknown,80
875.6299078559865,crest,unknown,0
944.1937658309927,6-left,unknown,0
996.0154366683952,crest,unknown,0
1051.6898035812378,3-right,unknown,50
1102.3017229843144,slight-left,unknown,0
1177.2735247421251,4-left,unknown,0
1237.049197196959,crest,unknown,0
1315.1278757476794,slight-left,unknown,120
1380.1366493225087,jump,unknown,110
1506.9774634170506,4-left,unknown,40
1631.328527069089,6-right,unknown,0
1755.8900371551485,crest,unknown,130
1889.4630783843972,5-right,unknown,40
2029.0262036132808,2-left,unknown,40
2103.477307815553,3-right,unknown,30
2177.4160466957105,1-right,unknown,40
2235.2460858345084,3-left,unknown,30
2293.79189411164,4-right,unknown,0
2363.84167518616,4-left,unknown,80
2424.8713695144675,6-left,unknown,80
2539.4115494537314,1-right,unknown,0
2669.3806877899106,2-left,unknown,0
2735.890934333798,3-right,unknown,0
2794.591903610228,6-right,unknown,30
2857.6972162628176,5-left,unknown,30
2958.1647579383834,6-right,unknown,0
3005.832918529508,5-right,unknown,0
3063.3006278419466,3-left,unknown,0
3126.367003269195,6-right,unknown,40
3185.0663741874673,5-left,unknown,80
3258.8673246192916,crest,unknown,50
3367.943405284878,jump,unknown,0
3433.194906024931,4-right,unknown,0
3486.134748210905,6-left,unknown,0
3546.967637805938,jump,unknown,100
3591.2642774009705,slight-left,unknown,170
3734.8426655769367,slight-right,unknown,0
3882.9005303001404,bump,unknown,0
3957.0540917778035,6-left,unknown,0
4028.8458918952974,crest,unknown,0
4078.5053427696257,3-left,unknown,70
4115.303091201781,crest,unknown,0
4154.774992237089,5-right,unknown,50
4201.362308406823,4-left,unknown,100
4313.432772922504,3-right,unknown,0
4419.859941616048,6-left,unknown,40
4485.428657741539,crest,unknown,0
4550.3660789680425,5-right,unknown,0
4602.302028789514,crest,unknown,30
4632.711480350489,crest,unknown,30
4645.372116909022,1-left,unknown,40
4689.990268115995,6-right,unknown,0
4745.7082568740825,finish,unknown,0
