0,square-right,unknown,0
0.42054839134216315,crest,unknown,80
43.13120133399962,3-right,unknown,40
119.86829340934757,1-left,unknown,40
230.35657120704656,slight-right,unknown,0
274.0052597332001,jump,unknown,60
315.768909368515,5-right,unknown,60
366.09830283164973,6-left,unknown,0
470.8298486614228,3-right,unknown,50
550.1487998104093,slight-left,unknown,70
656.598262434005,1-left,caution,60
790.7631490421285,crest,unknown,30
835.0024086284633,crest,unknown,30
842.9281542110439,3-right,unknown,40
919.2012526226043,4-left,unknown,80
1050.4981173229223,6-right,unknown,60
1133.302540731431,4-left,unknown,0
1229.5005120754254,6-right,unknown,50
1300.7576884365083,crest,unknown,40
1369.4731635570513,2-left,unknown,50
1472.9686630725867,6-right,unknown,0
1571.6540129566204,2-right,caution,0
1709.441100969316,5-left,caution,0
1770.1283112239855,6-right,unknown,100
1892.9386170864134,3-right,unknown,0
2004.1611583995848,5-left,unknown,0
2046.4464533901232,slight-right,unknown,0
2106.3528862667104,3-left,cut,0
2152.3060937023183,crest,unknown,0
2195.991559305193,6-right,unknown,0
2236.024141550064,3-right,unknown,0
2284.2368959522237,1-left,unknown,50
2349.1709233188635,slight-left,widen,0
2403.075423593519,crest,unknown,30
2443.901894617078,5-right,unknown,0
2489.495530633923,slight-right,unknown,50
2543.2049304294546,slight-right,unknown,100
2666.0720137500703,4-left,unknown,30
2772.6725706958678,crest,unknown,60
2866.608988542547,crest,unknown,80
2932.638256769172,crest,unknown,80
2978.145426301949,4-left,cut,0
3090.5511472797316,4-right,unknown,0
3140.22152985572,slight-left,unknown,0
3185.653276147833,crest,unknown,130
3267.01316491126,crest,unknown,100
3370.3730100726957,3-left,unknown,30
3486.4532663822038,1-right,unknown,0
3593.366350736605,slight-left,unknown,0
3651.950155839906,slight-right,unknown,0
3731.0127523898955,2-left,cut,0
3825.9824912738695,3-right,unknown,70
3900.331992769232,6-left,unknown,0
3979.9877661228106,slight-right,unknown,50
4066.570413713447,slight-right,caution,0
4153.064779100407,6-left,widen,70
4214.74000023841,4-right,unknown,0
4297.032211160647,slight-left,unknown,0
4345.680368700017,crest,unknown,0
4392.525852785105,5-right,unknown,170
4590.5902574634465,6-right,unknown,50
4669.407244310371,2-right,unknown,0
4744.256666269293,square-left,unknown,0
4776.668726797092,square-right,unknown,0
4813.932479009619,6-left,unknown,40
4860.367731885896,4-right,unknown,0
4934.697168016413,slight-left,unknown,30
4983.78149506567,4-left,unknown,0
5045.775015459032,3-right,unknown,40
5089.142718973131,slight-right,unknown,0
5156.764331350299,6-left,unknown,0
5247.727169675795,slight-right,unknown,70
5301.455016469926,3-right,unknown,50
5411.35370635029,crest,unknown,40
5498.286393308601,6-left,unknown,60
5563.114228696782,crest,caution,30
5655.011465673403,3-right,cut,50
5710.4875793742685,slight-left,unknown,0
5774.617368917416,5-right,unknown,50
5859.581606779051,crest,unknown,0
5957.712127294498,6-right,unknown,0
6010.3767281627215,slight-left,unknown,0
6052.755478391604,acute-hp-right,unknown,0
6086.226033697086,crest,unknown,0
6116.4910572051585,6-left,unknown,40
6169.702824687919,3-left,caution,0
6271.590138187366,4-right,unknown,0
6328.490658321338,1-left,unknown,30
6379.257478475526,6-right,unknown,0
6433.726419000578,4-left,unknown,60
6485.370068368866,square-right,unknown,0
6561.0520846271,6-right,unknown,0
6637.145952978077,1-left,unknown,110
6724.1497152614065,5-left,unknown,0
6806.578506898831,4-right,unknown,0
6846.033570566133,4-left,unknown,0
6897.025201578095,2-right,unknown,0
6965.059348306613,2-left,unknown,30
7032.369591913183,2-right,unknown,0
7099.977813062623,crest,unknown,30
7153.470273466071,hp-left,unknown,0
7219.988415946927,crest,unknown,80
7270.501393299068,3-right,unknown,0
7350.034740314446,slight-left,unknown,0
7435.725432147943,crest,unknown,0
7540.18584321972,slight-left,unknown,40
7598.762695293388,2-right,unknown,0
7662.623899364432,slight-left,unknown,0
7695.435917720755,crest,unknown,40
7745.450556449854,3-right,unknown,30
7828.316560974086,1-left,unknown,80
7961.717562179524,crest,unknown,60
8040.270721683456,3-right,unknown,0
8147.816153545345,crest,unknown,0
8188.960518836936,5-right,caution,0
8232.60309919353,1-left,unknown,0
8290.0227165794,4-right,unknown,0
8337.31581089017,slight-left,unknown,0
8361.795158710454,4-right,unknown,80
8405.399723529796,crest,unknown,0
8475.86639629362,6-left,unknown,0
8538.432398757905,slight-left,unknown,0
8593.286079788179,4-left,unknown,0
8641.413956413247,5-right,unknown,30
8688.7382355499,4-right,unknown,0
8773.351772918679,4-left,unknown,0
8820.894334716766,3-right,unknown,0
8875.742615442241,3-left,unknown,0
8924.4249685001,1-right,unknown,40
8986.15335528369,square-left,caution,0
9071.210608987776,6-right,unknown,0
9121.33019427297,6-left,unknown,0
9156.751338567703,2-right,unknown,0
9191.380557966204,3-right,unknown,0
9228.951457576728,1-left,unknown,30
9249.946362476321,crest,unknown,100
9317.127585277525,crest,caution,30
9401.018523120863,5-left,unknown,0
9462.305483226752,6-right,unknown,50
9507.907788372007,bump,unknown,70
9555.107438449822,crest,caution,60
9632.027087306944,3-right,unknown,0
9707.683856677979,2-left,unknown,40
9762.494753265346,5-right,unknown,120
9861.210064992867,crest,unknown,0
9973.100401334743,6-left,unknown,70
10038.405037755949,slight-right,unknown,0
10130.554806508997,crest,unknown,80
10189.264713544824,square-right,caution,0
10295.545335741032,2-left,unknown,0
10327.892068872445,3-left,unknown,0
10371.686021966942,crest,unknown,0
10420.495925378797,slight-right,unknown,0
10459.441192865374,1-left,unknown,0
10517.452245073322,square-right,unknown,40
10562.881491823202,hp-left,unknown,80
10656.513094491975,4-right,unknown,0
10710.282487268478,crest,caution,30
10749.231599893603,crest,unknown,0
10788.326105089218,acute-hp-right,unknown,0
10842.723906183268,square-right,unknown,0
10871.251153020881,6-left,unknown,60
10901.760670557052,crest,unknown,140
10982.111974935575,slight-left,unknown,0
11107.675472707791,crest,unknown,0
11178.85181479459,crest,unknown,40
11246.190363073403,6-left,unknown,70
11314.65130488401,4-right,unknown,100
11394.30224833494,3-left,unknown,0
11532.075344228786,slight-right,unknown,50
11585.14075823788,6-right,unknown,0
11651.292166929286,5-left,unknown,50
11704.522511243866,5-left,unknown,60
11777.047584753076,5-left,unknown,0
11876.486329679541,6-left,unknown,0
11957.90977492338,6-right,unknown,90
12010.727747030329,1-right,unknown,30
12118.801229696344,3-right,unknown,0
12202.030999631972,3-left,unknown,0
12240.864261198138,5-right,unknown,70
12282.891318998432,square-left,widen,100
12422.504708814718,crest,unknown,100
12558.508048563102,4-right,unknown,0
12691.557661905386,6-left,unknown,50
12743.024968233218,crest,unknown,150
12850.337170648678,crest,unknown,100
12992.531547823062,crest,unknown,180
13152.994407243827,square-right,unknown,0
13345.186379671193,square-right,unknown,0
13355.462397699452,5-left,unknown,0
13427.452674455742,bump,unknown,40
13491.647706422897,crest,unknown,40
13580.104067812052,5-left,unknown,50
13626.352260255899,1-right,unknown,0
13708.756240968789,4-right,unknown,130
13847.754454660484,hp-left,unknown,0
13948.593606920307,5-left,unknown,110
14054.746470460948,hp-right,unknown,100
14205.377468748158,crest,unknown,40
14279.067584276263,hp-left,unknown,0
14333.702414789255,crest,unknown,40
14372.403314981513,crest,unknown,40
14418.565171171185,crest,unknown,40
14436.45825863456,jump,unknown,50
14477.335121160497,jump,unknown,50
14488.868192258824,hp-right,unknown,50
14666.434312025049,4-left,unknown,0
14800.470673185331,crest,unknown,50
14899.899607282623,4-left,unknown,50
15000.707732130026,4-left,caution,0
15096.477968717543,4-right,unknown,40
15186.252820898022,6-left,unknown,0
15211.552860275237,2-right,unknown,0
15246.922887397737,6-right,unknown,0
15284.14869502637,6-left,unknown,0
15337.006613307922,1-right,unknown,0
15409.969599224063,1-left,unknown,0
15450.889702659575,crest,unknown,0
15491.949435878725,6-right,unknown,0
15520.990525718667,4-left,unknown,0
15556.980494285557,6-right,unknown,0
15609.896770645113,1-left,unknown,0
15699.107540946938,4-right,unknown,0
15742.197950597738,crest,unknown,0
15783.160877977343,4-left,unknown,60
15863.193413682917,1-right,unknown,0
15941.923641496633,6-left,unknown,0
15991.41604034993,kinks,unknown,100
16039.805059400518,4-right,unknown,90
16143.836680608696,3-left,unknown,0
16229.16843357653,5-right,unknown,40
16304.647143846445,4-left,unknown,0
16359.666816392832,6-left,unknown,40
16403.557479883126,slight-right,unknown,50
16460.007877870474,slight-left,unknown,0
16539.358321939395,slight-right,unknown,120
16600.87203661529,crest,unknown,100
16664.148516450798,crest,unknown,100
16755.47118670075,4-left,unknown,50
16902.1096382007,crest,unknown,0
16963.36541582674,crest,unknown,0
16975.077887903153,6-right,unknown,100
17028.401280885646,crest,unknown,90
17125.747729021034,crest,unknown,90
17276.898105112065,4-left,unknown,0
17330.22362063982,4-right,unknown,70
17446.79140643694,slight-left,unknown,150
17567.462743030548,crest,unknown,0
17701.796535526286,jump,unknown,100
17770.58734431838,crest,unknown,120
17908.32946738817,4-right,unknown,0
18069.537086330456,4-left,unknown,100
18191.936806064637,slight-left,unknown,70
18307.12548354727,slight-left,unknown,70
18404.175680576376,5-left,unknown,0
18535.57310313802,slight-right,unknown,40
18596.91268004995,6-left,unknown,0
18669.307023845708,3-right,unknown,0
18725.486429244087,6-right,unknown,40
18770.046957875293,slight-left,unknown,0
18850.180983716047,4-right,unknown,100
18940.272847767872,4-right,unknown,0
19031.010063344052,slight-left,unknown,40
19088.60314359765,crest,unknown,50
19145.41203615289,2-left,unknown,40
19246.08686208827,slight-left,unknown,0
19325.22104156598,slight-right,unknown,0
19366.545566865057,4-left,unknown,0
19458.02347034559,crest,unknown,0
19502.675784760555,5-right,unknown,70
19550.541544304924,crest,caution,0
19625.55674709423,1-right,unknown,0
19680.671083413214,6-left,unknown,240
19846.655588723283,square-right,dont-cut,0
20002.61738336672,acute-hp-right,unknown,0
20046.314239045263,slight-left,unknown,70
20112.82177067862,crest,unknown,90
20199.65208375078,6-right,unknown,40
20291.01901055437,3-left,unknown,50
20367.39695691206,2-right,unknown,0
20436.1167427931,3-left,unknown,0
20469.332751704234,3-right,unknown,0
20531.73281600096,slight-left,unknown,0
20568.31848757842,slight-right,unknown,0
20606.447724886937,6-left,unknown,30
20644.707192851096,6-left,unknown,50
20743.038203745895,6-right,unknown,0
20833.665518618633,6-right,unknown,0
20914.770187846243,2-left,unknown,130
21078.367824526806,5-left,unknown,40
21179.387595835684,hp-right,unknown,0
21315.718964920965,6-left,unknown,0
21361.1190350256,crest,unknown,0
21397.61538443662,4-right,unknown,40
21433.942896567376,2-left,unknown,30
21484.669400168463,square-right,unknown,0
21545.246366931013,crest,unknown,40
21581.130879298267,3-right,unknown,0
21644.913295107912,3-left,unknown,0
21694.123570319236,bump,unknown,70
21729.877513838834,4-right,unknown,0
21808.52344084841,6-left,unknown,0
21864.223158961366,3-left,unknown,0
21903.684996615477,crest,unknown,0
21966.849460860314,6-left,unknown,0
22005.377963610725,square-left,unknown,70
22066.44827522381,3-right,unknown,0
22116.97462137326,crest,unknown,30
22153.142223416402,5-left,unknown,0
22187.19141479595,kinks,unknown,60
22230.668610306835,4-right,unknown,0
22301.960701714608,2-left,unknown,0
22335.326872368896,1-right,unknown,0
22368.186616231047,3-left,unknown,0
22400.45373228176,2-right,unknown,30
22426.335975667083,bump,caution,70
22513.399288731678,3-right,caution,40
22635.01240966903,6-left,unknown,0
22686.072229710717,6-right,unknown,0
22729.521405583542,1-left,unknown,50
22781.59858865851,crest,unknown,0
22819.430645476543,1-left,unknown,0
22871.189655925005,2-right,unknown,0
22938.123836890405,6-left,unknown,0
22994.072002402518,slight-right,unknown,0
23029.76365292664,2-left,unknown,0
23059.407516452033,2-right,unknown,30
23080.73210307235,4-right,unknown,60
23138.951400500468,crest,unknown,0
23195.660169135255,5-left,unknown,50
23270.916310568966,square-right,unknown,0
23364.05193902127,1-left,unknown,30
23392.986427537107,slight-right,unknown,50
23437.521651173745,5-right,unknown,0
23498.412889081137,slight-right,unknown,0
23562.669753361835,5-left,unknown,30
23639.59097166171,6-right,unknown,0
23703.70122629274,6-left,unknown,0
23748.660122815247,crest,unknown,0
23797.199555493466,jump,unknown,70
23843.046049557794,acute-hp-left,unknown,90
23994.29337979426,2-right,unknown,50
24058.905494757782,4-right,unknown,0
24139.890398741823,5-left,unknown,0
24171.90418730842,slight-right,unknown,50
24230.694050799477,6-left,unknown,60
24310.055921603303,2-right,unknown,0
24416.83318814384,4-left,unknown,0
24467.258551226714,3-right,unknown,30
24504.869146395784,1-left,unknown,0
24584.49495894536,6-right,unknown,60
24622.439360476583,6-left,unknown,50
24703.041818972648,5-right,unknown,0
24790.96714367966,crest,unknown,0
24837.22232396226,4-right,unknown,40
24880.53969857316,3-left,unknown,0
24948.90433858019,6-left,unknown,0
24994.84452866653,dip,unknown,0
25062.526232920674,square-left,unknown,0
25109.66171332457,crest,unknown,0
25138.426989432362,5-left,unknown,0
25163.83692599396,1-right,unknown,40
25212.794672709504,1-left,unknown,30
25270.508567763376,slight-right,unknown,40
25337.7532651816,4-left,unknown,0
25400.013224936552,5-right,caution,50
25540.513450499617,bump,unknown,70
25627.167194052796,2-right,unknown,40
25723.26573409184,slight-left,unknown,0
25787.44132207021,slight-right,unknown,120
25890.239911242566,4-left,unknown,40
25996.02536473378,slight-right,unknown,40
26085.219736624804,1-left,unknown,40
26197.177460166047,6-left,unknown,0
26263.715809279525,slight-right,unknown,0
26308.314844199253,crest,unknown,30
26348.23993395907,1-right,unknown,0
26396.375707064675,crest,unknown,0
26428.784678584158,6-right,unknown,0
26474.47637648682,slight-right,unknown,40
26535.56767726043,5-left,unknown,0
26610.918102980642,slight-left,unknown,0
26650.09537581541,2-right,unknown,0
26690.100260649706,slight-left,unknown,0
26721.911632853524,1-left,unknown,0
26761.748506003412,slight-right,unknown,70
26804.277903090486,crest,unknown,40
26875.386941100125,4-left,unknown,60
27000.25119601349,crest,unknown,40
27089.509136076926,square-right,unknown,100
27233.22292086698,6-right,unknown,0
27276.01987104514,slight-left,unknown,60
27359.276195851355,slight-left,unknown,0
27424.450190564192,slight-right,unknown,0
27469.2104463015,6-left,unknown,0
27529.217843724306,crest,unknown,0
27608.49863515953,5-right,unknown,0
27658.529731274604,4-left,unknown,30
27764.001985112176,1-right,unknown,0
27865.945627995472,slight-left,unknown,60
27915.883242684344,slight-right,unknown,40
28073.099684029537,5-left,unknown,50
28191.357704277943,5-left,unknown,0
28271.335751000388,4-right,caution,30
28317.026813469874,1-left,unknown,0
28369.688509579635,slight-right,unknown,0
28427.41571764085,crest,unknown,60
28518.752355175962,5-right,unknown,0
28596.983828755383,5-left,unknown,40
28690.427743283268,5-left,unknown,0
28782.695595074627,kinks,unknown,70
28832.303759098973,3-right,unknown,0
28912.259062138528,dip,unknown,0
28962.78598009199,slight-left,unknown,0
29014.288555584837,crest,unknown,0
29092.984882260243,3-right,unknown,0
29139.562091351436,crest,unknown,0
29180.26476747601,1-left,unknown,40
29208.735228672907,2-right,unknown,70
29289.99053079692,crest,unknown,0
29355.29265655604,crest,unknown,0
29397.486881905475,3-left,unknown,60
29499.51021820156,crest,unknown,0
29582.68431037989,2-right,dont-cut,30
29629.026706086075,slight-right,unknown,0
29686.655904942418,hp-left,unknown,0
29721.920800267122,square-right,unknown,30
29777.667884999177,4-left,unknown,0
29819.494913597944,6-right,unknown,30
29892.257961426614,crest,caution,0
29980.073312607656,5-left,unknown,0
30023.580774155504,crest,unknown,40
30059.047699719315,crest,unknown,0
30111.511650353328,1-left,unknown,50
30185.791557675253,hp-right,unknown,50
30271.207769966935,1-left,unknown,0
30319.122093916776,6-right,unknown,50
30362.24063599669,6-left,unknown,0
30432.253097544566,6-right,unknown,0
30474.51672730532,slight-left,unknown,150
30588.343152132893,hp-right,unknown,30
30734.51701221554,2-left,unknown,0
30765.903270293176,4-right,unknown,0
30834.68832060902,4-left,unknown,80
30935.292554160013,3-left,caution,40
31038.471648627146,6-right,unknown,0
31096.935343428482,3-right,unknown,50
31205.001555853723,acute-hp-right,unknown,30
31295.749441595923,4-left,unknown,0
31361.764651347086,finish,unknown,0
