0,6-left,unknown,0
4.653353757858277,4-right,unknown,40
48.29081738471983,1-right,unknown,0
120.59231949806211,crest,unknown,0
158.46278937339787,3-left,unknown,80
287.70792767524733,3-right,unknown,70
406.11303427696214,6-right,caution,0
469.62645108222966,4-right,unknown,0
535.6805809116372,3-left,unknown,30
571.89940358162,3-right,unknown,30
782.4958780288711,6-right,unknown,0
877.8724988937392,6-left,unknown,0
933.1376297378562,6-right,unknown,40
988.2230845642114,crest,unknown,0
1060.2176454925554,2-right,unknown,50
1103.8785910606389,acute-hp-left,unknown,40
1170.6679883766178,2-right,unknown,0
1227.21161198616,crest,unknown,50
1305.750513105391,crest,unknown,0
1381.569726438519,5-right,dont-cut,0
1418.4874880504578,crest,unknown,40
1451.6434498882263,5-left,unknown,0
1499.2797732067072,4-right,unknown,30
1588.0604860591861,crest,unknown,0
1639.5409841060616,1-left,unknown,0
1672.1721952342966,hp-right,unknown,0
1695.1076002216314,slight-left,unknown,40
1729.6934614086126,3-left,dont-cut,70
1832.850594224931,3-right,unknown,0
1927.1244950199143,crest,unknown,0
2009.7034894657147,crest,unknown,60
2057.996507349014,1-left,unknown,0
2152.4113077259058,slight-right,unknown,0
2201.7197696971884,2-right,unknown,0
2240.929954080581,2-left,unknown,0
2272.2167811298355,crest,unknown,0
2307.258333158492,slight-right,unknown,0
2347.254987134933,crest,unknown,0
2403.6174355602293,6-left,unknown,0
2454.529996328357,4-left,unknown,70
2505.3004788494113,6-right,unknown,0
2594.903849782941,5-right,unknown,0
2697.985086240768,4-left,dont-cut,60
2797.344563932419,jump,unknown,0
2883.677393178937,slight-left,unknown,30
2934.576739492415,2-right,unknown,0
3039.990694074627,4-left,unknown,0
3090.424203615184,5-right,unknown,50
3130.1381065463993,5-right,unknown,0
3201.9418019962277,slight-left,unknown,0
3308.831962404245,slight-right,unknown,40
3416.826360635753,1-left,unknown,0
3546.431214570994,4-right,unknown,0
3641.058439321513,6-left,unknown,0
3729.4849772930106,crest,unknown,0
3783.2226887798283,slight-right,unknown,30
3829.0243834590883,6-left,unknown,50
4044.289932470321,5-left,unknown,90
4116.744502477646,acute-hp-right,unknown,0
4232.699579896922,6-left,unknown,0
4266.667813606255,slight-right,unknown,60
4316.431233596794,4-right,unknown,0
4410.012091560356,slight-left,unknown,0
4473.963537292474,5-left,unknown,0
4565.366874542226,1-right,unknown,0
4635.167338523851,slight-right,unknown,0
4679.8171194267115,1-left,unknown,0
4716.012558231338,5-right,unknown,30
4786.838729724872,slight-left,unknown,30
4842.908643817892,5-left,unknown,0
4891.475652217854,crest,unknown,30
4949.546658534993,1-left,unknown,40
5001.162102184284,crest,unknown,0
5055.316975383741,5-left,unknown,0
5090.484796981796,slight-right,unknown,50
5128.604217491132,1-right,unknown,0
5193.3915643691835,slight-left,unknown,40
5271.626530132272,5-right,caution,90
5455.064302425368,slight-left,caution,0
5521.6574252319115,bump,unknown,0
5578.430576934788,slight-left,unknown,0
5635.309755935642,1-left,unknown,60
5708.284128398862,bump,unknown,0
5769.038181018801,4-left,unknown,0
5877.58409486767,6-right,unknown,0
5975.537739925356,slight-left,unknown,40
6038.093593807187,1-right,unknown,30
6132.727610893219,1-left,caution,0
6185.210308151213,5-right,unknown,0
6249.225691776242,crest,unknown,0
6281.421994876828,square-right,unknown,0
6310.594029483764,6-left,unknown,0
6330.699441814392,6-right,unknown,30
6368.494653167696,3-right,unknown,30
6451.538790931665,4-left,unknown,30
6513.002840671499,crest,unknown,0
6580.1281558990095,5-left,unknown,40
6621.194809341389,6-right,unknown,50
6666.982470016438,6-left,unknown,0
6760.04212200161,2-right,unknown,30
6817.584222259481,2-left,unknown,0
6882.718598804431,4-right,unknown,0
6935.936658401453,2-left,unknown,50
6985.081037425969,slight-right,unknown,50
7057.648727283454,6-left,unknown,0
7137.186335544564,slight-right,unknown,0
7189.094070110301,4-right,unknown,0
7236.750298709846,3-left,unknown,50
7280.671942348457,2-left,unknown,100
7380.727876567817,acute-hp-right,dont-cut,0
7467.118049163794,slight-left,unknown,60
7510.541460485437,jump,unknown,40
7580.098991422633,6-right,unknown,0
7655.722187223413,5-left,unknown,0
7704.795300092675,5-right,unknown,0
7748.216994543053,slight-left,unknown,0
7807.652562017423,crest,unknown,0
7859.774585676179,5-left,unknown,30
7908.82906519889,6-left,unknown,0
7966.83402083396,1-right,unknown,30
8101.164702558508,6-right,unknown,0
8141.583151645639,crest,unknown,0
8190.710220851865,slight-right,unknown,60
8232.18955080029,4-left,caution,0
8294.514367389653,slight-right,unknown,0
8336.85986230849,3-left,unknown,0
8368.699332723607,3-right,unknown,0
8393.578298902503,slight-left,unknown,0
8412.5340372467,slight-right,unknown,30
8440.399537715906,2-left,unknown,0
8476.297919387815,1-right,unknown,0
8550.678996849048,crest,unknown,30
8600.338110523226,1-right,unknown,30
8646.30178344727,4-left,unknown,0
8700.196696338655,5-right,unknown,40
8737.876091785436,2-left,unknown,90
8857.949144535076,bump,caution,30
8936.614913215657,2-left,unknown,0
9000.345735664398,2-right,unknown,0
9034.945788002053,2-left,unknown,0
9068.418975086257,2-right,unknown,0
9100.738657236147,4-left,unknown,60
9147.845515871095,5-right,unknown,0
9217.24701956753,crest,unknown,30
9255.058141965905,crest,unknown,0
9292.087519521747,2-left,unknown,60
9338.072309675246,square-right,unknown,0
9400.235441331884,4-right,unknown,0
9437.352655668281,crest,unknown,40
9465.010330667528,3-right,unknown,0
9549.167505712554,4-left,unknown,70
9637.846965341598,4-right,unknown,0
9713.750097227143,3-left,unknown,50
9780.91766875271,crest,unknown,0
9893.050822534584,2-right,unknown,0
9944.459353323004,4-left,unknown,0
10009.126059827817,5-right,unknown,40
10059.41875582696,1-right,unknown,0
10136.819566106804,hp-left,unknown,40
10187.684840402613,5-right,unknown,130
10300.259344759,2-right,unknown,0
10406.50703045846,6-left,unknown,30
10454.00573750498,slight-left,unknown,0
10532.914967525023,6-left,unknown,60
10598.607530715486,6-right,unknown,50
10675.891340568081,5-right,unknown,0
10754.78330330612,slight-left,unknown,0
10855.516120574493,slight-right,unknown,0
10900.317525222332,2-left,unknown,0
10938.760943000345,4-right,unknown,0
10976.136502540132,2-left,unknown,40
11013.55360466721,3-right,unknown,0
11071.812905356895,slight-left,unknown,70
11125.703007590786,crest,unknown,70
11226.413777549276,6-right,unknown,50
11335.960674331194,1-right,unknown,0
11433.82118960145,square-left,unknown,240
11583.989694745564,6-right,unknown,0
11703.516000134967,1-left,unknown,100
11808.244450547718,6-left,unknown,0
11888.223193261661,slight-right,unknown,0
11939.698835771114,4-right,unknown,0
11990.589242341553,slight-left,unknown,90
12056.303684098755,2-right,unknown,50
12213.965452077422,crest,unknown,50
12268.10351569894,crest,unknown,50
12289.135268781216,6-right,unknown,0
12353.33607139352,4-left,unknown,100
12438.543744618926,4-left,unknown,90
12548.698666341346,6-left,unknown,0
12649.015594289343,3-left,unknown,0
12722.64784892801,6-right,unknown,80
12801.713090016876,slight-right,unknown,100
12912.23833827737,crest,unknown,50
13020.926181409393,slight-right,unknown,100
13103.169120557352,5-right,caution,0
13232.236909825833,3-left,unknown,60
13356.239996068507,crest,unknown,200
13558.418246457617,jump,unknown,0
13670.575976865344,jump,unknown,0
13700.05769607311,slight-right,unknown,100
13794.508434903672,4-left,unknown,30
13974.143372952973,4-right,unknown,50
14066.869944188635,square-left,unknown,90
14218.560004909088,crest,unknown,100
14319.422497546726,6-left,unknown,0
14449.034102771353,crest,unknown,40
14486.43337195165,4-right,unknown,0
14545.831873920039,slight-left,unknown,80
14620.675251338562,crest,unknown,120
14709.706532123168,crest,unknown,120
14886.346909930788,6-left,unknown,50
14956.655976855836,5-right,unknown,0
15035.96017710456,4-right,unknown,0
15090.727615649794,6-left,unknown,0
15137.380273788067,3-right,unknown,40
15218.857490108114,crest,unknown,30
15279.18323506127,crest,unknown,30
15289.580775878527,4-left,unknown,0
15383.660094096764,6-right,unknown,0
15452.26823651086,1-left,unknown,0
15498.518804099665,slight-right,unknown,30
15556.710424411422,4-right,unknown,30
15630.413040073045,3-left,unknown,30
15708.323383052462,1-right,unknown,0
15755.928271720526,5-left,unknown,0
15815.06911701928,4-right,unknown,0
15883.939961631408,6-left,unknown,0
15930.430307242967,crest,unknown,0
15973.922812583533,1-right,unknown,0
16011.779905974947,acute-hp-left,unknown,0
16039.810878226837,5-right,unknown,0
16077.901306312175,6-left,unknown,0
16136.537854182783,slight-right,unknown,0
16196.033986918974,2-left,unknown,0
16241.867542521992,6-right,unknown,40
16274.122148234888,4-left,unknown,0
16329.897623164687,4-right,unknown,70
16386.64743878131,5-right,unknown,70
16445.569909389076,crest,unknown,60
16543.619471805163,6-right,unknown,0
16661.71376574284,3-right,unknown,0
16732.496875598492,1-right,widen,40
16807.33429344899,hp-left,unknown,60
16907.22357819325,jump,unknown,0
16957.243632113976,jump,unknown,0
16967.304570796532,crest,unknown,0
17011.551579387233,hp-right,unknown,110
17118.34854163891,4-left,unknown,0
17201.539512708212,1-left,unknown,90
17298.799193894894,5-right,unknown,0
17381.264901101615,hp-right,unknown,130
17519.57944055322,4-left,unknown,0
17703.53660178906,6-right,unknown,40
17761.223765828665,crest,unknown,60
17822.86562942274,jump,unknown,0
17899.91505561595,4-right,unknown,30
17953.34444881207,1-left,unknown,180
18125.794991519557,crest,unknown,100
18222.86840121043,crest,unknown,120
18369.801055400505,crest,unknown,70
18526.640666530264,5-right,unknown,0
18627.25189039959,4-left,unknown,120
18758.67787619366,crest,unknown,100
18876.30570368541,hp-right,unknown,0
19028.84390755429,slight-right,unknown,40
19078.314202363654,4-left,unknown,0
19123.297565667777,4-right,unknown,0
19167.32858014838,3-left,unknown,30
19205.000797097844,1-left,unknown,100
19309.64155748142,6-left,caution,0
19385.742191560406,5-right,unknown,30
19435.61716657414,5-right,unknown,70
19520.642404458642,6-right,unknown,50
19603.559748437532,5-right,unknown,0
19684.385990541105,6-left,unknown,70
19741.33667680514,5-left,unknown,0
19814.749367768898,2-right,unknown,100
19897.14832786334,5-left,dont-cut,70
19984.391097219097,slight-right,unknown,60
20084.836779401383,crest,unknown,0
20174.305097310615,slight-right,unknown,140
20281.00209525831,crest,unknown,0
20412.270969579306,slight-left,unknown,0
20467.5642098976,slight-right,unknown,0
20520.616312596878,square-left,unknown,0
20551.198954579915,1-right,unknown,0
20571.804176690657,6-left,unknown,0
20598.351673238354,crest,unknown,0
20633.464195649696,3-left,unknown,0
20679.506881387326,crest,unknown,50
20718.997399575797,hp-right,unknown,0
20780.503367097434,slight-left,unknown,0
20825.542139012883,square-left,unknown,0
20851.95336726909,square-right,unknown,0
20904.028080947453,5-left,unknown,0
20930.34662802464,crest,unknown,0
20984.210946223815,4-right,unknown,0
21026.34514132268,3-right,unknown,0
21138.517786471868,crest,unknown,0
21192.55046238663,slight-left,unknown,100
21252.06764889479,6-right,unknown,0
21359.24073529006,slight-left,unknown,130
21457.08731312516,5-left,unknown,70
21562.97888531449,3-right,unknown,0
21661.220691726234,2-left,unknown,30
21707.14273741485,crest,unknown,80
21775.451746442326,dip,unknown,0
21868.82780212163,bump,unknown,0
21927.209905774587,5-right,unknown,0
21976.457926938543,slight-left,unknown,70
22016.471929738527,crest,unknown,40
22105.350359303946,2-right,unknown,0
22160.49596061466,1-left,unknown,0
22195.6490105605,2-left,unknown,0
22231.247729394425,4-right,unknown,0
22259.09077594519,6-left,unknown,0
22291.421838624476,4-right,unknown,0
22331.682024362086,square-right,unknown,0
22363.407268464554,crest,unknown,30
22411.873959310018,2-left,unknown,0
22443.651967065263,2-right,unknown,0
22483.321814916075,3-left,unknown,0
22516.009613206334,5-right,unknown,0
22572.06954284424,4-left,unknown,0
22618.82707675689,crest,unknown,0
22657.665026967476,4-left,unknown,0
22711.13541518922,4-right,unknown,50
22767.559616048286,slight-right,unknown,0
22859.903663556488,slight-left,unknown,0
22904.508368604107,3-left,unknown,0
22980.133329255514,slight-right,unknown,0
23047.902165906355,4-left,unknown,0
23086.274624745765,square-right,unknown,0
23117.21886264553,6-left,unknown,0
23152.267655026797,crest,unknown,0
23212.375679910074,2-left,unknown,70
23263.65052915327,crest,unknown,60
23340.591997296735,6-right,unknown,0
23454.509500081465,2-right,unknown,30
23497.37939193479,2-left,unknown,50
23573.461594960627,slight-right,unknown,0
23637.8703491377,3-left,unknown,0
23719.510934350434,slight-right,unknown,0
23777.750332391184,crest,unknown,0
23819.90382199996,slight-right,unknown,0
23869.40129411452,crest,unknown,0
23963.135791490007,3-left,unknown,0
24016.062420632763,crest,unknown,0
24082.709427697606,6-left,unknown,30
24141.708008401343,hp-right,unknown,30
24196.39687402483,4-left,unknown,0
24251.548049504712,2-left,unknown,0
24288.717809121557,3-right,unknown,0
24347.330153577266,2-left,unknown,0
24418.3432380461,4-right,unknown,0
24479.875802380964,4-left,unknown,0
24523.454657971786,4-right,unknown,100
24626.071903226286,2-right,unknown,0
24727.283880650884,4-left,unknown,0
24759.59536527382,1-left,unknown,40
24818.115042550442,4-right,unknown,0
24878.643238046054,4-left,unknown,0
24957.073040101404,6-right,caution,0
24998.310292565708,2-right,unknown,0
25054.541191499105,4-left,unknown,0
25086.460668904652,4-right,unknown,0
25120.468335587855,5-right,unknown,0
25179.073891999597,crest,unknown,0
25255.671871545204,acute-hp-left,unknown,0
25320.10280500163,6-right,unknown,0
25356.776491191256,6-left,unknown,0
25387.895090968468,crest,unknown,80
25437.210446498255,5-left,unknown,0
25516.955605571122,slight-right,unknown,80
25571.637965419148,3-left,cut,0
25678.391772906634,crest,unknown,80
25739.01315542923,6-right,unknown,60
25818.645973346112,crest,unknown,60
25884.017164409037,4-left,unknown,60
25972.64604059921,6-left,unknown,0
26083.805420825367,5-right,unknown,0
26136.18269655931,6-left,unknown,60
26184.03250818956,3-left,unknown,0
26290.296655757324,5-right,unknown,70
26361.095719859488,4-left,unknown,0
26438.62149004683,6-right,unknown,0
26505.90485651716,1-left,unknown,0
26583.878521640174,square-right,unknown,0
26623.993357150426,1-left,unknown,30
26663.16622791992,slight-left,unknown,60
26706.598415553424,3-right,unknown,160
26865.15551830993,6-left,unknown,0
26971.882615592327,slight-right,unknown,0
27027.98252548916,4-left,unknown,70
27095.925394522983,6-right,unknown,0
27178.459675757716,6-left,unknown,70
27229.83808254941,6-left,unknown,0
27302.9524251245,5-right,unknown,80
27406.834607436514,3-left,unknown,0
27503.674531104436,3-right,unknown,0
27555.313110053416,slight-left,unknown,40
27595.044784152364,slight-left,unknown,60
27646.814368026116,6-right,unknown,40
27741.981558692303,2-left,unknown,50
27788.179503333424,3-right,unknown,0
27874.407713038767,crest,unknown,100
27919.966529109322,crest,unknown,130
27993.909424464553,crest,unknown,130
28171.55699148878,slight-right,unknown,0
28227.27831320512,3-left,unknown,0
28262.357421004657,4-right,unknown,80
28318.837356746077,crest,unknown,80
28382.444421832453,crest,unknown,80
28484.245179011697,crest,unknown,0
28503.047999865885,4-right,unknown,60
28582.5438072847,slight-left,unknown,60
28767.685252482737,4-left,unknown,60
28902.06656534894,slight-right,unknown,60
28986.225370013544,1-right,unknown,0
29064.47510981305,3-left,unknown,40
29111.878532073344,slight-left,unknown,0
29190.521671950675,crest,unknown,0
29220.078472258887,3-right,unknown,0
29260.228256347007,6-left,unknown,0
29293.156408316918,6-right,unknown,0
29334.911656272252,3-left,unknown,0
29386.35338614209,slight-right,unknown,70
29428.6453081201,6-left,unknown,0
29508.674635665266,4-right,unknown,0
29573.681447074257,5-right,unknown,0
29643.464296424227,3-left,unknown,0
29690.905655791612,6-left,unknown,60
29818.310446955988,2-right,unknown,30
29971.742749183042,crest,unknown,60
30011.37707020507,6-left,unknown,0
30083.666839568465,5-right,unknown,70
30136.64558377011,6-left,unknown,80
30241.626102950384,4-right,unknown,40
30349.777618415173,2-left,unknown,50
30461.74663582545,crest,unknown,50
30523.85406765683,slight-right,unknown,0
30601.372471740113,1-right,unknown,80
30663.42071835265,slight-right,unknown,0
30719.1097649072,6-left,unknown,40
30763.14970894559,2-left,unknown,0
30844.226060912435,slight-right,unknown,90
30893.9641335557,5-left,caution,60
30982.090289981184,crest,caution,0
31094.285206248565,6-left,unknown,50
31149.070122058205,1-right,unknown,40
31213.744952227873,2-left,unknown,80
31282.798615271862,5-right,caution,0
31366.966652533818,square-left,unknown,40
31421.79951617498,finish,unknown,0