0,square-right,unknown,0
4.903771886825562,crest,unknown,80
53.10380143165595,3-right,unknown,40
131.1468933010102,1-left,unknown,40
225.01406565666187,slight-right,unknown,0
282.38832613945,jump,unknown,60
321.7693996334076,5-right,unknown,60
375.797265996933,6-left,unknown,0
482.9133700084683,3-right,unknown,50
558.7982802486416,slight-left,unknown,70
674.6133245563503,1-left,caution,60
794.0881026935557,crest,unknown,30
840.3343012332889,crest,unknown,30
851.8164965152712,3-right,unknown,40
930.3128382205934,4-left,unknown,80
1054.6687005329106,6-right,unknown,60
1144.7729620456676,4-left,unknown,0
1239.7551569843276,6-right,unknown,50
1307.4219144153576,crest,unknown,40
1380.4272655200955,2-left,unknown,50
1470.5093197154972,6-right,bridge,0
1586.312340764997,2-right,caution,0
1715.134094839092,5-left,caution,0
1776.4960397052723,6-right,unknown,100
1891.828951921458,3-right,unknown,0
2012.4333494281718,5-left,unknown,0
2053.4276919269523,slight-right,unknown,0
2114.7839246463723,3-left,cut,0
2159.4823172092397,crest,unknown,0
2204.892524919506,6-right,unknown,0
2245.033261690133,3-right,unknown,0
2294.3361490344946,1-left,unknown,50
2357.5019649219435,slight-left,unknown,0
2414.180309209815,crest,unknown,30
2458.9671181392578,5-right,unknown,0
2506.9092522334936,slight-right,unknown,50
2557.4030332088346,slight-right,unknown,100
2659.520322561251,4-left,unknown,30
2786.65354369162,crest,unknown,60
2882.421973180756,crest,unknown,80
2952.090785703645,crest,unknown,80
2997.3410497569876,4-left,cut,0
3106.998792524323,4-right,unknown,0
3152.7497747325747,slight-left,unknown,0
3197.0316694927074,crest,unknown,130
3278.895074644074,crest,unknown,100
3390.2039626979677,3-left,unknown,30
3503.68017710684,1-right,unknown,0
3604.2998264407934,slight-left,unknown,0
3665.5189057254647,slight-right,unknown,0
3748.0753938007197,2-left,cut,0
3837.5621321201165,3-right,unknown,70
3901.337564802152,6-left,unknown,0
3996.832958440764,slight-right,unknown,50
4083.935305356957,slight-right,caution,0
4172.547638425811,6-left,unknown,70
4224.449243688567,4-right,unknown,0
4313.392204771025,slight-left,unknown,0
4356.864167547209,crest,unknown,0
4402.954433164583,5-right,unknown,170
4604.453247251495,6-right,unknown,50
4683.417531003932,2-right,unknown,0
4755.059783544518,square-left,unknown,0
4786.1357278346795,square-right,unknown,0
4823.487458953834,6-left,unknown,40
4871.32789728163,4-right,unknown,0
4950.899394130689,slight-left,unknown,30
4999.344949245434,4-left,unknown,0
5058.98657808302,3-right,unknown,40
5102.295625896436,slight-right,unknown,0
5172.958949604017,6-left,unknown,0
5267.945820865615,slight-right,unknown,70
5315.692121639239,3-right,unknown,50
5431.660796108233,crest,unknown,40
5516.186813678727,6-left,unknown,60
5581.977213458999,crest,caution,30
5672.336320323926,3-right,cut,50
5725.006568737009,slight-left,unknown,0
5790.2096037483,5-right,unknown,50
5876.806971683483,crest,unknown,0
5975.108543338756,6-right,unknown,0
6030.413283328989,slight-left,unknown,0
6076.226016864761,acute-hp-right,unknown,0
6103.429874963746,crest,unknown,0
6124.847726221072,6-left,unknown,40
6186.7406977558,3-left,caution,0
6282.921100969299,4-right,unknown,0
6342.122538609492,1-left,unknown,30
6398.703096709243,6-right,unknown,0
6460.918103861802,4-left,unknown,60
6514.45150657176,square-right,unknown,0
6590.848059992776,6-right,unknown,0
6665.417698225958,1-left,unknown,110
6754.913502860049,5-left,unknown,0
6838.144387717233,4-right,unknown,0
6879.070580649363,4-left,unknown,0
6927.978118262274,2-right,unknown,0
6995.794067683206,2-left,unknown,30
7060.681893877974,2-right,unknown,0
7128.284326319685,crest,unknown,30
7180.273539328569,hp-left,unknown,0
7246.905630621908,crest,unknown,80
7299.755713229182,3-right,unknown,0
7386.567151522637,slight-left,unknown,0
7477.838737483022,crest,unknown,0
7578.552635607719,slight-left,unknown,40
7632.25079764843,2-right,unknown,0
7694.671454081538,slight-left,unknown,0
7727.972132411005,crest,unknown,40
7782.739325671192,3-right,unknown,30
7866.0321551466,1-left,unknown,80
7987.459286513331,crest,unknown,60
8075.655438017856,3-right,unknown,0
8180.232407317167,crest,unknown,0
8219.056753039375,5-right,caution,0
8266.015914969463,1-left,unknown,0
8320.286240439438,4-right,unknown,0
8364.47547159675,slight-left,unknown,0
8391.345504546203,4-right,unknown,80
8447.294244608916,crest,unknown,0
8510.778560843515,6-left,unknown,0
8573.898076415113,slight-left,unknown,0
8626.373766646426,4-left,unknown,0
8675.865131354369,5-right,unknown,30
8721.580924658821,4-right,unknown,0
8809.853483328869,4-left,unknown,0
8852.045948271805,3-right,unknown,0
8903.711148524335,3-left,unknown,0
8954.229408946083,1-right,unknown,40
9015.546319994966,square-left,caution,0
9100.322081027069,6-right,unknown,0
9152.951000838315,6-left,unknown,0
9193.151923766161,2-right,unknown,0
9226.16533177855,3-right,unknown,0
9258.256099257493,1-left,unknown,30
9279.708797755267,crest,unknown,100
9351.9055776358,crest,caution,30
9438.606674895324,5-left,unknown,0
9499.83801946167,6-right,unknown,50
9544.095989279784,bump,unknown,70
9595.593227667834,crest,caution,60
9671.419077391654,3-right,unknown,0
9743.494677939436,2-left,unknown,40
9798.417288432134,5-right,unknown,120
9908.53638617993,crest,unknown,0
10015.65986800672,6-left,unknown,70
10071.609378809939,slight-right,unknown,0
10174.241747050295,crest,unknown,80
10230.641640734684,square-right,caution,0
10330.793049693113,1-left,unknown,0
10359.87653926372,3-left,unknown,0
10407.40804902553,crest,unknown,0
10454.780905928594,slight-right,unknown,0
10493.249432387334,1-left,unknown,0
10549.09639008998,square-right,unknown,40
10588.47873733042,hp-left,unknown,80
10680.05364086627,4-right,unknown,0
10739.912360463131,crest,caution,30
10777.675744214035,crest,unknown,0
10819.402253041242,square-left,unknown,0
10866.968801617597,square-right,unknown,0
10894.571533341383,6-left,unknown,60
10930.987444062208,crest,unknown,140
11014.842617669077,slight-left,unknown,0
11147.414386658642,crest,unknown,0
11216.097100586874,crest,unknown,40
11277.189642662994,6-left,unknown,70
11344.189590821263,4-right,unknown,100
11431.6583983469,3-left,unknown,0
11565.410435013779,slight-right,unknown,50
11615.47080854893,6-right,unknown,0
11686.498487801562,5-left,unknown,50
11738.467901520737,5-left,unknown,60
11814.474226517683,5-left,unknown,0
11913.427266411785,6-left,unknown,0
11994.167424759853,6-right,unknown,90
12045.940026535982,1-right,unknown,30
12181.650191845874,3-right,unknown,0
12232.691602082225,3-left,unknown,0
12267.485547776207,5-right,unknown,70
12310.325017609593,square-left,widen,100
12451.48556640147,crest,unknown,100
12597.21699759957,4-right,unknown,0
12725.432618250825,6-left,unknown,50
12777.87462317942,crest,unknown,150
12850.068189616195,crest,unknown,150
12924.504352469441,crest,unknown,100
13035.487474074353,crest,unknown,130
13140.20494367122,crest,unknown,130
13181.788382315626,finish,unknown,0
