0,straight,unknown,100
119.70918833732597,5-left,unknown,0
184.5754504299162,bump,unknown,40
252.30315785407998,crest,unknown,40
339.62587838172897,5-left,unknown,50
390.55989056587197,1-right,unknown,0
468.2407820606229,4-right,unknown,130
613.7928346157076,hp-left,unknown,0
706.277209234238,5-left,unknown,110
818.3795417499547,hp-right,unknown,100
974.6074246501936,crest,unknown,40
1053.3130944919592,hp-left,unknown,0
1107.5668583965319,crest,unknown,40
1164.333411188128,jump,unknown,50
1215.9333205318464,hp-right,unknown,50
1334.2605102062232,acute-hp-right,narrow,0
1389.2949022197722,4-left,unknown,0
1524.784045753479,crest,unknown,50
1625.7747082900996,4-left,unknown,50
1723.1854496002202,4-left,caution,0
1822.0427793884267,4-right,unknown,40
1863.3293445014938,6-left,unknown,0
1927.5293223571769,2-right,unknown,0
1965.869104213713,6-right,unknown,0
2003.3784607505775,6-left,unknown,0
2054.5226146316486,1-right,unknown,0
2128.893712730407,1-left,unknown,0
2166.587557239533,crest,unknown,0
2208.265216178894,6-right,unknown,0
2243.4049940872196,4-left,unknown,0
2280.970744895937,6-right,unknown,0
2320.2024725341817,1-left,unknown,0
2417.428735771184,4-right,unknown,0
2460.387244625095,crest,unknown,0
2501.6515360260037,4-left,unknown,60
2575.006990814209,1-right,unknown,0
2663.0710557174652,6-left,unknown,0
2708.7406374740553,kinks,unknown,100
2758.1621829986525,4-right,unknown,90
2858.6224965667675,3-left,unknown,0
2947.468951225276,5-right,unknown,40
3022.1680825424132,4-left,unknown,0
3077.271643486017,6-left,unknown,40
3121.55027248382,slight-right,unknown,50
3177.8138307571357,slight-left,unknown,0
3258.9485751342713,slight-right,unknown,120
3319.7364972686723,crest,unknown,100
3362.922703704828,crest,unknown,100
3454.4670204925483,4-left,unknown,50
3613.542167549129,crest,unknown,0
3678.239235877985,crest,unknown,0
3689.2373575973447,6-right,unknown,100
3747.7261145019465,crest,unknown,90
3833.7805091476366,crest,unknown,90
3863.2471504211358,square-right,unknown,40
3977.167089881888,square-right,unknown,40
3987.9812043952843,4-left,unknown,0
4044.534293842311,4-right,unknown,70
4146.647931003561,slight-left,unknown,150
4283.197060108181,crest,unknown,0
4419.353722057339,jump,unknown,100
4493.04132345199,crest,unknown,120
4611.4444269371015,4-right,unknown,0
4784.482644672395,4-left,unknown,100
4907.121100254056,slight-left,unknown,70
5024.484205646519,slight-left,unknown,70
5111.90115880967,5-left,unknown,0
5251.963192081458,slight-right,unknown,40
5321.01728498459,6-left,unknown,0
5384.958136196137,3-right,unknown,0
5430.151413555143,6-right,unknown,40
5480.589990291591,slight-left,unknown,0
5561.467339038846,4-right,unknown,100
5643.943468837733,4-right,unknown,0
5742.742647075646,slight-left,unknown,40
5796.377684917446,crest,unknown,50
5858.652645740506,2-left,unknown,40
5956.118378124232,slight-left,unknown,0
6036.720294532776,slight-right,unknown,0
6079.556887283328,4-left,unknown,0
6170.159365081786,crest,unknown,0
6216.909367790216,5-right,unknown,70
6265.2307300949005,crest,caution,0
6341.476263465873,1-right,unknown,0
6394.275095844254,6-left,unknown,240
6560.63180633544,square-right,dont-cut,0
6713.691302757254,square-left,unknown,0
6767.862829656586,slight-left,unknown,70
6824.17664359091,crest,unknown,90
6914.924624624235,6-right,unknown,40
7007.614242391563,3-left,unknown,50
7079.7873744869,2-right,unknown,0
7149.914606657,3-left,unknown,0
7182.83926478383,3-right,unknown,0
7244.747906141253,slight-left,unknown,0
7284.527617101641,slight-right,unknown,0
7325.191662626235,6-left,unknown,30
7368.1673674297035,6-left,unknown,50
7458.776291799512,6-right,unknown,0
7488.865846700633,6-right,unknown,0
7546.95919802662,6-right,unknown,0
7628.9731402492125,2-left,unknown,130
7791.974573831519,5-left,unknown,40
7895.4022558307215,hp-right,unknown,0
7958.908011026343,square-left,unknown,50
8023.671149339632,6-left,unknown,0
8076.1659851550685,crest,unknown,0
8111.096798829994,4-right,unknown,40
8149.265535898172,2-left,unknown,30
8198.267528219178,square-right,unknown,0
8256.127442636447,crest,unknown,40
8321.05502675924,3-right,unknown,0
8373.865346907716,3-left,unknown,0
8420.71096940909,bump,unknown,70
8457.875175227282,4-right,unknown,0
8535.865794810408,6-left,unknown,0
8591.78658903037,3-left,unknown,0
8633.351813944912,crest,unknown,0
8695.636947936151,6-left,unknown,0
8731.460080794435,square-left,unknown,70
8788.986461342924,3-right,unknown,0
8843.765706376204,crest,unknown,30
8877.987133664254,5-left,unknown,0
8913.237854336858,kinks,unknown,60
8957.010640477301,4-right,unknown,0
9026.671345624087,2-left,unknown,0
9059.864012116554,1-right,unknown,0
9093.091616143349,3-left,unknown,0
9125.14890170015,2-right,unknown,30
9152.684095601211,bump,caution,70
9243.429589718955,3-right,caution,40
9350.680377701892,6-left,unknown,0
9413.328942288537,6-right,unknown,0
9455.945512913842,1-left,unknown,50
9507.727671536584,crest,unknown,0
9542.352028855456,1-left,unknown,0
9596.037415379653,2-right,unknown,0
9660.166933163762,6-left,unknown,0
9718.32057122146,slight-right,unknown,0
9752.100469407174,2-left,unknown,0
9778.10294333372,2-right,unknown,30
9802.904752396678,4-right,unknown,60
9858.42011946592,crest,unknown,0
9923.181490353683,5-left,unknown,50
9997.669249562357,square-right,unknown,0
10086.329815911397,1-left,unknown,30
10119.094512681111,slight-right,unknown,50
10165.204924325093,5-right,unknown,0
10227.096099881279,slight-right,unknown,0
10290.759259289845,5-left,unknown,30
10369.236599797352,6-right,unknown,0
10432.765956753843,6-left,unknown,0
10480.293418912042,crest,unknown,0
10531.07959525024,jump,unknown,70
10578.022150487055,acute-hp-left,unknown,90
10718.77628595268,2-right,unknown,50
10787.616856268982,4-right,unknown,0
10867.345083350274,5-left,unknown,0
10898.79029586706,slight-right,unknown,50
10959.054706286523,6-left,unknown,60
11040.516497897235,2-right,unknown,0
11145.957154788095,4-left,unknown,0
11196.078956393321,3-right,unknown,30
11232.406290988056,1-left,unknown,0
11313.002170332999,6-right,unknown,60
11349.783228262995,6-left,unknown,50
11432.05074252996,5-right,unknown,0
11519.159592284297,crest,unknown,0
11568.28276500617,4-right,unknown,40
11614.820467070684,3-left,unknown,0
11675.792735823728,6-left,unknown,0
11725.03381933127,dip,unknown,0
11792.07503774558,square-left,unknown,0
11837.45128520881,crest,unknown,0
11869.247771367194,5-left,unknown,0
11895.756430215013,1-right,unknown,40
11927.52060427584,2-left,unknown,30
12001.062579487938,slight-right,unknown,40
12081.780536858723,4-left,unknown,0
12141.434065339234,5-right,caution,50
12264.40964456286,bump,unknown,70
12366.86825132098,2-right,unknown,40
12464.709859826233,slight-left,unknown,0
12529.725311181213,slight-right,unknown,120
12628.967657754098,4-left,unknown,40
12739.84733983724,slight-right,unknown,40
12828.071274544895,1-left,unknown,40
12916.976336838912,6-left,unknown,0
13008.002916142676,slight-right,unknown,0
13053.294442212316,crest,unknown,30
13094.516080624788,1-right,unknown,0
13140.957065007418,crest,unknown,0
13172.43849273416,6-right,unknown,0
13217.230737855152,slight-right,unknown,40
13278.961746499272,5-left,unknown,0
13354.392067773071,slight-left,unknown,0
13393.011082932679,2-right,unknown,0
13433.40682382318,slight-left,unknown,0
13463.731176526264,1-left,unknown,0
13504.354721123886,slight-right,unknown,70
13545.53240712853,crest,unknown,40
13619.93542825433,4-left,unknown,60
13751.446238801205,crest,unknown,40
13836.83889306757,square-right,unknown,100
13958.083978402361,6-right,unknown,0
14056.812828967337,slight-left,unknown,60
14100.769746720543,slight-left,unknown,0
14162.683288953058,slight-right,unknown,0
14202.599453732715,6-left,unknown,0
14267.122611958719,crest,unknown,0
14344.595173833113,5-right,unknown,0
14395.707902447917,4-left,unknown,30
14493.963253094887,1-right,unknown,0
14600.266560361126,slight-left,unknown,60
14650.808096902105,slight-right,unknown,40
14799.42211675378,5-left,unknown,50
14930.53727990837,5-left,unknown,0
15008.240918023288,4-right,caution,30
15056.116294686499,1-left,unknown,0
15145.948335872832,slight-right,unknown,0
15203.902380825219,crest,unknown,60
15296.586347385592,5-right,unknown,0
15374.0316333353,5-left,unknown,40
15473.948518367952,5-left,unknown,0
15561.499628368552,kinks,unknown,70
15607.35087249392,3-right,unknown,0
15688.82575637454,dip,unknown,0
15742.302247883026,slight-left,unknown,0
15791.522053486058,crest,unknown,0
15870.628566318705,3-right,unknown,0
15918.158869777875,crest,unknown,0
15955.045305076803,1-left,unknown,40
15982.462780472008,2-right,unknown,70
16061.823964229767,crest,unknown,0
16130.208930889306,crest,unknown,0
16183.98938811892,3-left,unknown,60
16278.479312015737,crest,unknown,0
16364.882367130502,2-right,dont-cut,30
16405.54478631615,slight-right,unknown,0
16465.515238319625,hp-left,unknown,0
16500.293840996008,square-right,unknown,30
16551.99910509704,4-left,unknown,0
16601.247305265635,6-right,unknown,30
16671.438593183702,crest,caution,0
16761.05670857063,5-left,unknown,0
16801.426049257418,crest,unknown,40
16890.52211411107,1-left,unknown,50
16958.142133718633,hp-right,unknown,50
17044.270135522987,1-left,unknown,0
17097.901659437302,6-right,unknown,50
17138.725264192708,6-left,unknown,0
17213.32998629202,6-right,unknown,0
17252.967568613178,slight-left,unknown,150
17372.15616903892,hp-right,unknown,30
17503.07680704703,2-left,unknown,0
17542.505206209324,4-right,unknown,0
17614.870582109583,4-left,unknown,80
17729.38659712423,3-left,caution,40
17819.934976106768,6-right,unknown,0
17882.892917299105,3-right,unknown,50
18079.399646692087,4-left,unknown,0
18151.45068676928,finish,unknown,0
