0,slight-right,unknown,0
0,crest,unknown,0
38.539919109344495,slight-right,unknown,0
82.34686861038209,crest,unknown,0
183.3798021125793,3-left,unknown,0
229.68031225204462,crest,unknown,0
301.4871662139892,6-left,unknown,30
359.59215221405043,hp-right,unknown,30
413.69331151962336,4-left,unknown,0
475.9917730140694,2-left,unknown,0
513.8153328514107,3-right,unknown,0
573.9429517173771,2-left,unknown,0
644.7835172462472,4-right,unknown,0
703.3272853469861,4-left,unknown,0
748.2483185577403,4-right,unknown,100
840.6205041885388,2-right,unknown,0
953.2768415069593,4-left,unknown,0
984.1518901443495,1-left,unknown,40
1044.4620231819167,4-right,unknown,0
1102.0618509674077,4-left,unknown,0
1179.5569259643557,6-right,caution,0
1219.1961410140982,2-right,unknown,0
1277.0554408264159,4-left,unknown,0
1305.8420993614204,4-right,unknown,0
1343.0889390373227,5-right,unknown,0
1403.931295280455,crest,unknown,0
1480.0476311111436,acute-hp-left,unknown,0
1543.3539923667886,6-right,unknown,0
1578.420655355453,6-left,unknown,0
1612.3044448375688,crest,unknown,80
1659.7123979473106,5-left,unknown,0
1740.9134512615176,slight-right,unknown,80
1798.0775291728937,3-left,cut,0
1918.7642352962446,crest,unknown,80
1952.4099373149836,6-right,unknown,60
2042.937476034159,crest,unknown,60
2108.3644040203053,4-left,unknown,60
2197.8179412746395,6-left,unknown,0
2309.0426840877485,5-right,unknown,0
2357.880764760965,6-left,unknown,60
2420.2687303447665,3-left,unknown,0
2516.436772794716,5-right,unknown,70
2591.7750451183224,4-left,unknown,0
2664.1593043231887,6-right,unknown,0
2732.5394089221854,1-left,unknown,0
2808.2498816776174,square-right,unknown,0
2840.332733526218,square-right,unknown,0
2847.957205228794,1-left,unknown,30
2889.592859888065,slight-left,unknown,60
2933.2439718150963,3-right,unknown,160
3095.6400925731564,6-left,unknown,0
3204.279705381382,slight-right,unknown,0
3256.5767283916357,4-left,unknown,70
3324.5236188030126,6-right,unknown,0
3407.296720342624,6-left,unknown,70
3457.9367751216755,6-left,unknown,0
3534.6807179164757,5-right,unknown,80
3650.5350370883793,3-left,unknown,0
3732.041216936097,3-right,unknown,0
3781.2112719058887,slight-left,unknown,40
3820.782857732764,slight-left,unknown,60
3874.183713102332,6-right,unknown,40
3968.996454496375,2-left,unknown,50
4019.0062594890514,3-right,unknown,0
4101.916513452529,crest,unknown,100
4147.068051309584,crest,unknown,130
4221.240249452593,crest,unknown,130
4400.207245950694,slight-right,unknown,0
4457.315471887586,3-left,unknown,0
4494.259140367507,4-right,unknown,80
4550.719103136061,crest,unknown,80
4633.917622995369,crest,unknown,0
4710.821682939523,crest,unknown,0
4731.856061143871,4-right,unknown,60
4809.71374268531,slight-left,unknown,60
5004.88335316657,4-left,unknown,60
5132.139749612788,slight-right,unknown,60
5213.275905199032,1-right,unknown,0
5288.993324289307,3-left,unknown,40
5335.10427296637,slight-left,unknown,0
5406.86278033255,crest,unknown,0
5448.540082426056,3-right,unknown,0
5489.256535863861,6-left,unknown,0
5520.963519659031,6-right,unknown,0
5561.609933805451,3-left,unknown,0
5614.740911474215,slight-right,unknown,70
5654.951826410276,6-left,unknown,0
5742.1249282550625,4-right,unknown,0
5806.183437128045,5-right,unknown,0
5877.09163598059,3-left,unknown,0
5920.738790101988,6-left,unknown,60
6048.77281554221,2-right,unknown,30
6175.62670420646,crest,unknown,60
6210.071543321606,crest,unknown,60
6245.437450456613,6-left,unknown,0
6318.929885759345,5-right,unknown,70
6370.641868066782,6-left,unknown,80
6478.362628564829,4-right,unknown,40
6585.464213647836,2-left,unknown,50
6681.648487596506,crest,unknown,50
6734.394536561961,crest,unknown,50
6759.425260286324,slight-right,unknown,0
6835.687664308538,1-right,unknown,80
6895.752274007785,slight-right,unknown,0
6953.8239578723815,6-left,unknown,40
6999.797722749703,2-left,unknown,0
7079.597724313733,slight-right,unknown,90
7125.585600366588,5-left,caution,60
7217.6894571018165,crest,caution,0
7326.870202455516,6-left,unknown,50
7383.73620686531,1-right,unknown,40
7425.483720560073,2-left,unknown,80
7522.097138471612,5-right,caution,0
7600.847533903126,square-left,unknown,40
7640.072615156181,finish,unknown,100
