0,5-right,unknown,70
33.81442453384399,crest,unknown,60
119.10812814712527,6-right,unknown,0
240.8838829994201,3-right,unknown,0
310.33430051803623,1-right,widen,40
480.61885807990984,jump,unknown,0
534.9057637882227,jump,unknown,0
545.7696357440943,crest,unknown,0
594.7687281131737,hp-right,unknown,110
721.0997794055926,4-left,unknown,0
810.3802073001842,1-left,unknown,90
896.0634113025642,5-right,unknown,0
983.0953963565806,hp-right,unknown,130
1108.1809068012235,4-left,unknown,0
1277.9019949626945,6-right,unknown,40
1352.1830039405847,crest,unknown,60
1417.8106655693093,jump,unknown,0
1497.4301592445418,4-right,unknown,30
1551.4730407142688,1-left,unknown,180
1717.4889712619827,crest,unknown,100
1823.3498044300109,crest,unknown,120
1964.4640051746403,crest,unknown,70
2133.3809711933163,5-right,unknown,0
2228.9659627628357,4-left,unknown,120
2338.5373626041455,crest,unknown,100
2463.0707579898863,hp-right,unknown,0
2619.1283792972586,slight-right,unknown,40
2684.044184264539,4-left,unknown,0
2732.1924131005994,4-right,unknown,0
2776.263046378492,3-left,unknown,30
2814.8133399003727,1-left,unknown,100
2922.287280234697,6-left,caution,0
2997.6653741830596,5-right,unknown,30
3049.3126888650672,5-right,unknown,70
3099.863525733355,6-right,unknown,50
3216.606254920365,5-right,unknown,0
3299.430725554825,6-left,unknown,70
3359.237300490738,5-left,unknown,0
3423.150491256121,2-right,unknown,100
3513.0104548829795,5-left,dont-cut,70
3595.8371637147684,slight-right,unknown,60
3697.254669246078,crest,unknown,0
3788.039015979172,slight-right,unknown,140
3883.271268176438,crest,unknown,0
4028.335513095263,slight-left,unknown,0
4092.933097438224,slight-right,unknown,0
4134.188113002191,acute-hp-right,unknown,0
4155.750452403435,1-right,unknown,0
4178.555221671475,6-left,unknown,0
4204.352636412996,crest,unknown,0
4242.433495635406,3-left,unknown,0
4288.347282447234,crest,unknown,50
4331.858285521878,hp-right,unknown,0
4386.171709460634,slight-left,unknown,0
4430.43955307903,square-left,unknown,0
4457.001897305862,square-right,unknown,0
4506.733300523174,5-left,unknown,0
4542.478559827218,crest,unknown,0
4613.714928743215,4-right,unknown,0
4658.058903886651,3-right,unknown,0
4767.853071834415,crest,unknown,0
4824.913967830506,slight-left,unknown,100
4882.377117549747,6-right,unknown,0
4995.482632991637,slight-left,unknown,130
5081.57629517731,5-left,unknown,70
5201.569887401424,3-right,unknown,0
5295.664559528197,2-left,unknown,30
5329.25611981567,crest,unknown,80
5408.421590797262,dip,unknown,0
5505.09459033187,bump,unknown,0
5564.866375228725,5-right,unknown,0
5609.860151511987,slight-left,unknown,70
5657.573648979031,crest,unknown,40
5738.045704643093,2-right,unknown,0
5789.192474586329,1-left,unknown,0
5818.404264690242,2-left,unknown,0
5858.149964982829,4-right,unknown,0
5886.0628434389455,6-left,unknown,0
5924.44880979713,4-right,unknown,0
5967.382952977977,square-right,unknown,0
5996.025606042704,crest,unknown,30
6024.041388913949,2-left,unknown,0
6069.774959413373,2-right,unknown,0
6109.190781633229,3-left,unknown,0
6141.727498113484,5-right,unknown,0
6200.733944112632,4-left,unknown,0
6249.202776243072,crest,unknown,0
6276.080812990049,4-left,unknown,0
6343.21901115594,4-right,unknown,50
6392.386026765679,slight-right,unknown,0
6493.455678407525,slight-left,unknown,0
6535.69957069573,3-left,unknown,0
6612.7882971209,slight-right,unknown,0
6678.555823404161,4-left,unknown,0
6717.116944047778,square-right,unknown,0
6741.824989816522,6-left,unknown,0
6779.317742235036,crest,unknown,0
6842.36327512917,2-left,unknown,70
6892.322637292715,crest,unknown,60
6973.4609666841925,6-right,unknown,0
7088.047473451466,2-right,unknown,30
7123.269750711297,2-left,unknown,50
7196.509621164181,slight-right,unknown,0
7268.26329809365,3-left,unknown,0
7351.65928373513,slight-right,unknown,0
7406.662885915613,crest,unknown,0
7458.147215673304,finish,unknown,0
