0,straight,unknown,180
210.7896447563172,2-right,unknown,70
414.03853019714296,4-right,unknown,0
489.5893258666988,hp-left,unknown,80
593.4367457866663,4-left,unknown,0
651.5755770397185,4-right,caution,30
744.5308894157405,crest,unknown,60
789.2037030792227,square-right,unknown,0
860.7662445068358,crest,unknown,0
897.1220969200133,dip,unknown,80
943.8045966339123,dip,unknown,80
999.3044848632823,crest,unknown,30
1046.866013908388,slight-right,unknown,40
1108.8426966476452,slight-left,unknown,30
1180.2056954193129,crest,unknown,70
1213.1295642471337,crest,unknown,70
1246.6150448608419,4-left,unknown,160
1439.765840034489,crest,unknown,110
1507.059930229192,crest,unknown,110
1560.2891144180346,square-right,unknown,100
1738.5762455654183,crest,unknown,90
1839.6931839275398,6-right,unknown,40
1958.50370306969,5-left,unknown,80
2057.9867805004146,2-left,unknown,30
2184.323184690482,4-left,widen,0
2264.42464928628,4-right,unknown,70
2354.97974102975,slight-left,unknown,150
2487.4065815067356,crest,unknown,0
2653.397457513819,jump,unknown,100
2698.5959536838623,crest,unknown,120
2804.754994058616,4-right,unknown,0
2990.1906247043676,4-left,unknown,100
3113.979795351034,slight-left,unknown,70
3230.5585543155744,slight-left,unknown,70
3318.3746058750226,5-left,unknown,0
3460.4970460987124,slight-right,unknown,40
3522.976255502703,6-left,unknown,0
3591.375437707907,3-right,unknown,0
3637.873681383141,6-right,unknown,40
3687.377313108453,slight-left,unknown,0
3768.858968343741,4-right,unknown,100
3853.602138242729,4-right,unknown,0
3950.8740688228695,slight-left,unknown,40
4006.8600971508113,crest,unknown,50
4066.2226908779217,2-left,unknown,40
4162.963231153494,slight-left,unknown,0
4244.962892427449,slight-right,unknown,0
4288.161987543112,4-left,unknown,0
4376.9489030552,crest,unknown,0
4426.603129777914,5-right,unknown,70
4477.164547967916,crest,caution,0
4548.901148004532,1-right,unknown,0
4601.010110483175,6-left,unknown,240
4763.736513509758,square-right,dont-cut,0
4978.983777055748,slight-left,unknown,70
5032.685562219625,crest,unknown,90
5121.08794125557,6-right,unknown,40
5213.306914339067,3-left,unknown,50
5285.628097124102,2-right,unknown,0
5357.069565057759,3-left,unknown,0
5390.19698794365,3-right,unknown,0
5450.884849004746,slight-left,unknown,0
5489.802218847276,slight-right,unknown,0
5529.538454999925,6-left,unknown,30
5568.732412023542,6-left,unknown,50
5665.002585630417,6-right,unknown,0
5754.9133588695495,6-right,unknown,0
5834.982344846726,2-left,unknown,130
5994.851453142167,5-left,unknown,40
6101.253128976825,hp-right,unknown,0
6237.594623203278,6-left,unknown,0
6284.221760444644,crest,unknown,0
6320.837347488406,4-right,unknown,40
6357.536470184329,2-left,unknown,30
6407.790970211031,square-right,unknown,0
6469.142226886746,crest,unknown,40
6502.873040561672,3-right,unknown,0
6570.2526245307845,3-left,unknown,0
6616.240112705222,bump,unknown,70
6656.228839817037,4-right,unknown,0
6733.069237728104,6-left,unknown,0
6787.542033824906,3-left,unknown,0
6830.085728321055,crest,unknown,0
6891.0982410049255,6-left,unknown,0
6932.277215461714,square-left,unknown,70
6987.214412908539,3-right,unknown,0
7039.27437062262,crest,unknown,30
7075.052425622925,5-left,unknown,0
7110.163279771795,kinks,unknown,60
7153.236810579293,4-right,unknown,0
7224.336786413188,2-left,unknown,0
7256.443191461561,1-right,unknown,0
7301.175181494169,3-left,unknown,0
7332.206275272776,2-right,unknown,30
7372.168329925948,bump,caution,70
7437.03129531901,3-right,caution,40
7537.749635277198,6-left,unknown,0
7619.478794727716,6-right,unknown,0
7661.244861545957,1-left,unknown,50
7713.791301727685,crest,unknown,0
7750.2582897953125,1-left,unknown,0
7803.681175918964,2-right,unknown,0
7869.345618915947,6-left,unknown,0
7928.949325123218,slight-right,unknown,0
7960.62700729408,2-left,unknown,0
7985.098266830827,2-right,unknown,30
8008.748736172105,4-right,unknown,60
8059.362798462304,crest,unknown,0
8120.351867218421,crest,unknown,0
8131.43987201731,5-left,unknown,50
8207.080936699316,square-right,unknown,0
8292.862504139352,5-right,unknown,0
8295.830986538338,1-left,unknown,30
8327.24690756839,slight-right,unknown,50
8372.25853192371,5-right,unknown,0
8434.84784329456,slight-right,unknown,0
8499.253001375613,5-left,unknown,30
8578.119985819294,6-right,unknown,0
8640.706766329226,6-left,unknown,0
8687.064440126827,crest,unknown,0
8738.590738115714,jump,unknown,70
8787.239280977654,acute-hp-left,unknown,90
8915.773319535645,finish,unknown,0
