0,straight,unknown,160
114.31698559761047,crest,caution,0
154.89021962165828,square-right,unknown,140
261.5728828334808,crest,unknown,50
300.78651572227477,crest,unknown,50
353.4268488979339,square-left,unknown,150
476.42874682426486,crest,unknown,140
608.9703213405609,6-left,caution,0
750.1441128444671,5-right,unknown,100
811.8068629741671,square-right,unknown,90
855.193724050522,square-right,unknown,90
976.5678870201125,crest,unknown,50
1042.9623414230364,square-left,unknown,50
1108.79131307602,slight-left,unknown,0
1163.9485950088508,slight-right,unknown,0
1265.6945494842544,crest,unknown,0
1319.1717070007335,crest,unknown,0
1333.2577066421518,acute-hp-right,unknown,50
1414.634594573977,3-left,unknown,40
1461.1823319435143,4-left,unknown,0
1533.1982927894617,6-right,unknown,40
1579.8201512336748,square-right,unknown,0
1648.2507246780415,4-left,unknown,0
1681.9794907760636,3-right,unknown,60
1739.2132432937633,4-left,unknown,0
1810.062343921663,1-right,unknown,50
1913.0244515228294,square-left,unknown,0
1972.7383587837223,slight-left,unknown,0
2014.1392627716068,3-right,unknown,0
2047.579374675752,5-left,unknown,0
2090.7789860534685,1-right,unknown,40
2140.21462682724,2-left,unknown,0
2198.163014335632,slight-right,unknown,80
2249.5272660636865,6-left,unknown,0
2324.9938341522166,6-right,cut,90
2383.041771926876,jump,caution,40
2492.798588180538,crest,unknown,120
2575.317587165827,1-left,cut,70
2728.3447314071595,crest,unknown,130
2821.8363602638155,slight-left,unknown,40
2934.22029581069,slight-right,unknown,0
3057.0387193488978,crest,unknown,30
3094.818702831259,crest,unknown,30
3103.1566488838107,square-right,unknown,110
3188.56553117751,crest,unknown,100
3299.022834205618,left-entry-chicane,unknown,150
3487.3779951095476,square-left,unknown,0
3594.7423878669624,crest,unknown,200
3748.113443222034,crest,unknown,100
3885.663973464956,crest,unknown,120
4029.9912444305337,6-left,unknown,0
4171.840720672595,3-right,unknown,40
4221.41573604582,6-left,cut,0
4300.108262100198,slight-right,unknown,0
4349.036548233013,crest,unknown,0
4399.807573089577,4-left,unknown,90
4447.630674972513,1-right,caution,0
4529.54226799009,4-left,unknown,50
4581.5606006240705,slight-right,unknown,40
4651.340068302138,2-left,cut,40
4710.548039035784,3-right,unknown,0
4780.5936744880555,4-left,unknown,0
4824.68241880416,3-right,unknown,0
4850.623888320915,slight-left,bridge,0
4883.7858595085045,1-left,unknown,40
4917.788545913685,crest,unknown,70
4969.316214389789,square-right,unknown,40
5064.587206420884,slight-right,caution,50
5118.909392089834,crest,unknown,0
5198.108760662067,hp-left,unknown,80
5260.0723632717045,6-right,unknown,40
5346.912862882605,4-left,unknown,0
5473.651995573031,crest,unknown,0
5523.917658147803,slight-right,unknown,80
5599.281248311989,6-left,unknown,30
5707.572184019082,3-right,unknown,0
5767.203462171552,3-left,unknown,70
5808.800333681107,4-right,unknown,0
5893.075378351207,4-left,unknown,60
5997.105161066051,3-right,unknown,0
6091.269137315751,crest,unknown,30
6133.664140024187,crest,unknown,0
6190.094290781023,4-left,unknown,0
6237.62982674599,4-right,unknown,0
6300.760297670368,crest,unknown,0
6335.939771356587,crest,unknown,0
6343.946164941788,4-right,unknown,0
6380.603721704481,kinks,unknown,40
6419.733974580761,slight-left,unknown,0
6471.09275330543,3-left,unknown,0
6516.574674959181,5-right,unknown,80
6561.863891344066,6-right,unknown,0
6637.397221307755,3-left,unknown,0
6736.715756082532,2-right,unknown,50
6796.172925615309,3-right,caution,70
6901.793058481214,2-left,cut,30
6974.917789926528,2-right,unknown,0
7043.7518621730815,1-left,unknown,40
7112.802704401015,3-right,unknown,0
7170.10627493858,slight-left,unknown,0
7220.381601896283,4-left,cut,0
7260.244840269088,3-right,unknown,60
7314.374796457288,1-left,unknown,100
7407.397947874074,3-left,cut,30
7482.263578844073,2-right,unknown,60
7572.912769079208,5-left,unknown,60
7651.766798009872,finish,unknown,0
