0,6-left,widen,50
147.58710335731513,square-right,caution,40
264.60439808845524,square-right,caution,40
292.04199240684557,6-left,unknown,0
338.0565057086948,6-right,unknown,0
391.1816368198401,6-left,unknown,0
460.3770874118812,4-right,unknown,40
519.0822692584997,1-left,unknown,0
597.2421233844769,4-left,unknown,60
709.1067839145675,6-right,unknown,0
809.9315506839769,4-right,unknown,40
861.1522132968923,6-left,unknown,0
917.7394086933156,slight-right,unknown,0
976.0953991031663,crest,unknown,0
1023.4524088764208,crest,unknown,0
1037.5969668674484,5-right,unknown,70
1100.533196763993,6-right,unknown,90
1218.7308674335497,crest,unknown,30
1305.3330006122608,crest,unknown,30
1363.142107667926,5-left,unknown,80
1429.022976465229,crest,unknown,70
1512.92468110085,crest,unknown,70
1563.375475130086,6-right,unknown,0
1656.5239431858108,crest,unknown,130
1724.6011832141912,crest,unknown,0
1823.9349276447333,crest,unknown,0
1854.9348848438303,slight-right,unknown,0
1928.0745904254957,4-right,unknown,120
2006.215457239156,crest,unknown,60
2040.4370520877867,crest,unknown,60
2103.9458675479946,crest,unknown,60
2124.9703330326147,5-left,unknown,40
2251.312924699789,4-right,unknown,40
2339.0087752628383,3-right,unknown,0
2416.360962800987,6-left,caution,90
2492.9575185108247,5-left,unknown,0
2603.6372401905105,4-left,unknown,0
2703.455684213644,slight-right,unknown,0
2752.8173898410864,4-left,unknown,0
2805.787643251425,crest,unknown,40
2858.726253900535,5-right,unknown,0
2924.9062758350456,crest,unknown,130
3062.3550745105836,1-right,unknown,30
3215.018946619045,hp-left,unknown,0
3262.549750242242,2-right,widen,50
3316.4985264492097,4-left,unknown,40
3390.784015264513,4-right,unknown,0
3471.7510777568823,5-left,dont-cut,70
3523.3524713802362,4-right,unknown,70
3630.9357719325994,3-right,caution,0
3759.724583425519,2-right,unknown,30
3804.4282148838,1-left,unknown,0
3852.6048218822425,1-left,unknown,0
3865.7936503887113,6-left,unknown,0
3937.2179537677735,1-right,unknown,0
4026.5233266925825,acute-hp-left,unknown,0
4065.664329919816,2-right,unknown,30
4104.847848615645,3-right,unknown,0
4169.51057644844,crest,unknown,0
4197.286336717604,2-left,unknown,30
4237.137674379345,slight-right,unknown,0
4280.5119504642435,5-left,unknown,40
4330.574628496163,4-right,unknown,40
4402.053611803048,3-left,unknown,30
4490.376113595957,3-right,unknown,0
4546.418682870864,6-right,unknown,50
4600.086991052627,3-left,dont-cut,0
4673.448890829082,2-right,unknown,40
4752.915612668984,6-left,unknown,0
4833.736556615827,crest,unknown,0
4883.809361104964,3-left,cut,0
4939.225983457563,3-right,unknown,60
5002.834729185103,3-left,unknown,0
5089.227298154829,3-right,unknown,0
5151.494332456587,2-left,dont-cut,0
5199.5449270152985,4-right,unknown,50
5251.801475667949,3-right,unknown,0
5327.21740107536,3-left,unknown,0
5427.9267752552,6-left,unknown,150
5539.142742834092,crest,unknown,30
5585.727952489852,crest,unknown,30
5634.943043050765,crest,unknown,30
5648.934036283492,2-left,unknown,40
5783.723653287891,5-right,unknown,0
5857.93916783334,1-left,unknown,0
5996.7542602062385,6-left,unknown,0
6033.118263368622,square-right,unknown,0
6077.135840806978,1-left,unknown,30
6116.904341135038,2-right,unknown,50
6193.567871198673,2-right,caution,50
6278.196313676856,2-left,unknown,30
6388.220739679097,3-right,unknown,0
6445.01511782622,2-left,unknown,0
6494.638189744705,3-right,unknown,0
6546.316115140673,square-left,unknown,0
6581.620385083909,3-right,unknown,60
6625.0226441094865,6-right,unknown,0
6704.764713506456,1-right,unknown,30
6752.946327504868,2-left,unknown,40
6899.698428449397,1-left,widen,0
6976.079396543269,1-right,unknown,0
7034.933170213469,1-left,unknown,30
7073.4402407357775,4-left,unknown,0
7133.192122392431,1-right,unknown,0
7174.945488519444,6-left,unknown,0
7212.649571542515,2-right,unknown,0
7256.480845002902,5-left,dont-cut,0
7292.338825692899,5-right,unknown,0
7336.366678666838,2-right,unknown,0
7376.72098458267,3-left,unknown,0
7412.377384061585,3-right,widen,0
7452.439890775453,4-left,bridge,0
7495.513845872655,2-left,unknown,40
7542.755983075874,square-right,caution,30
7610.192368421334,3-left,cut,40
7673.645847081918,5-right,widen,30
7752.789795560613,4-right,unknown,80
7852.567318944708,1-left,unknown,30
7947.081944875493,6-right,widen,0
8028.505674695733,6-left,unknown,50
8107.464455594787,3-right,unknown,0
8229.89147486664,2-left,unknown,0
8434.958706235644,slight-left,unknown,0
8522.85537814117,4-left,unknown,40
8584.560428838502,3-left,unknown,30
8651.947776899122,6-right,unknown,130
8937.944793348075,slight-right,unknown,80
9089.960461110839,slight-left,caution,60
9218.222978887328,acute-hp-left,narrow,0
9312.93175002076,bridge,unknown,120
9383.244384279024,square-right,unknown,0
9487.888214387664,2-left,unknown,30
9521.227347860106,2-right,unknown,40
9572.753216562045,crest,unknown,70
9651.847167730113,5-right,unknown,60
9746.303015432139,4-right,unknown,30
9841.83641173341,square-left,dont-cut,90
9953.448701886893,6-left,unknown,0
10039.396184797048,5-right,unknown,60
10180.630477571256,5-right,unknown,0
10238.058336591499,2-left,dont-cut,0
10298.039769963998,5-right,unknown,0
10340.656845960402,6-left,unknown,0
10391.060531682759,6-right,dont-cut,0
10438.875622854019,slight-left,unknown,30
10511.892076596987,slight-right,unknown,0
10585.707621488336,slight-left,unknown,0
10633.273399343258,1-right,unknown,0
10674.593970136411,6-right,unknown,30
10737.571518945466,3-right,unknown,40
10821.514648599396,2-left,unknown,0
10900.38083037354,5-left,unknown,30
10995.20033987977,3-right,unknown,0
11086.35020518282,5-left,unknown,50
11138.599501142286,6-right,unknown,70
11208.464862928166,1-left,unknown,30
11313.825678624886,3-right,bridge,80
11421.259413881073,2-right,unknown,40
11513.380966691737,2-left,unknown,0
11588.394665765514,4-right,unknown,40
11640.80518383956,4-right,unknown,0
11708.417117814775,2-left,unknown,50
11774.52308796859,2-right,unknown,30
11880.924391183615,6-left,caution,0
11955.654268007027,1-left,unknown,0
12019.749911088682,2-right,widen,0
12086.127122239799,5-left,unknown,40
12149.035710706445,2-left,unknown,30
12214.781671590536,2-right,unknown,60
12318.007217340199,2-right,caution,0
12403.333973512386,3-left,unknown,0
12443.843640985233,5-right,unknown,40
12483.819135675176,3-left,unknown,0
12538.596010942201,1-right,unknown,30
12641.966049184542,hp-left,unknown,50
12701.305556726202,5-left,unknown,0
12766.064374437063,3-right,unknown,0
12813.832742166253,2-left,unknown,30
12868.937115297043,4-right,unknown,0
12924.997293672282,2-left,dont-cut,0
12970.825593728741,2-right,unknown,30
13059.465836534217,2-left,unknown,30
13142.976672887522,2-left,unknown,0
13214.091571721752,crest,unknown,30
13248.970960797993,2-right,unknown,30
13297.05886481258,6-left,dont-cut,50
13381.486865224557,6-right,unknown,30
13459.923835134225,1-left,unknown,0
13570.172983312325,2-right,unknown,30
13653.838697347372,5-left,unknown,0
13718.36532900784,crest,unknown,80
13764.386367025116,5-left,unknown,30
13856.259122609843,1-right,caution,70
14015.463814992665,2-right,unknown,0
14085.23898922897,4-left,unknown,0
14140.361008767853,2-left,unknown,0
14193.272953195357,1-left,unknown,50
14230.065247201705,6-left,unknown,30
14305.494322690754,4-right,dont-cut,0
14359.665127935197,3-left,unknown,0
14413.669440641193,1-right,unknown,50
14470.005134491705,acute-hp-left,unknown,0
14470.05341509917,acute-hp-right,unknown,0
14484.98440251195,1-left,unknown,30
14540.335364025466,2-right,unknown,30
14599.281767681472,2-left,unknown,60
14668.136225880024,square-right,unknown,0
14758.143826740621,2-left,dont-cut,30
14814.332508629195,3-right,unknown,0
14883.125444649086,3-left,unknown,0
14962.30464739644,1-right,unknown,0
14996.349810913434,2-right,unknown,0
15035.558352115972,square-left,unknown,30
15120.711938923225,5-left,unknown,0
15178.454213703495,slight-right,unknown,0
15219.830952328071,2-left,unknown,0
15262.463456714971,3-right,unknown,50
15299.494337414131,2-left,unknown,60
15366.745859783525,2-left,unknown,0
15450.824772289632,1-right,unknown,0
15488.763584087725,1-left,unknown,30
15539.24928292118,2-left,widen,30
15588.86931927525,3-right,unknown,0
15662.777565048553,3-left,dont-cut,0
15709.340032471038,2-right,caution,0
15755.858385055879,3-right,unknown,40
15808.348590267518,5-left,unknown,0
15871.15217177234,1-left,unknown,70
16012.480604523023,slight-right,unknown,0
16100.458109749163,2-right,unknown,30
16161.972821892121,1-left,unknown,0
16255.65634840806,3-right,unknown,0
16297.07206471286,3-left,unknown,0
16362.547993667938,4-right,unknown,40
16407.71816811404,1-left,unknown,50
16514.489113453204,1-right,unknown,30
16581.818339126887,6-left,caution,0
16642.54591698484,5-right,unknown,0
16697.8236344226,2-right,unknown,0
16745.403835914894,2-left,unknown,40
16809.99311928586,3-left,unknown,40
16892.3524034579,1-left,unknown,0
16977.864245041157,1-right,widen,0
17023.422272518415,2-left,unknown,0
17063.706620510362,1-right,unknown,0
17112.770040348296,1-left,unknown,50
17195.63756771875,4-right,unknown,40
17277.729461105602,4-left,unknown,0
17352.377481239582,slight-right,unknown,0
17408.72971012905,2-right,unknown,0
17454.17913761929,2-right,unknown,60
17497.427340362818,1-right,unknown,0
17579.15569359613,square-left,unknown,30
17625.74028569056,square-right,unknown,0
17687.126863201403,3-left,unknown,0
17727.395831821716,slight-right,bridge,0
17761.213485115335,3-left,unknown,0
17810.621619766505,4-right,unknown,0
17899.29633728817,kinks,unknown,50
17932.047778938555,4-right,unknown,0
17981.95045666531,3-left,unknown,0
18060.767288292187,2-right,unknown,0
18100.796090858712,slight-left,unknown,0
18188.1226528628,square-left,unknown,0
18217.19627144649,4-left,unknown,0
18248.677072666418,3-right,unknown,0
18317.22527670695,1-left,unknown,0
18410.20738959147,4-right,unknown,0
18452.270258014927,2-left,unknown,30
18522.673864124557,4-right,unknown,0
18579.909535740135,2-left,unknown,0
18625.712179439775,slight-right,unknown,0
18664.39556422065,square-left,unknown,0
18699.735556896423,square-right,unknown,30
18725.339624374632,2-right,unknown,0
18773.580827949754,2-left,unknown,40
18827.765025127603,2-right,unknown,30
18910.651863563693,2-left,unknown,0
18979.631894062215,square-left,unknown,0
19015.7157847864,2-right,widen,30
19045.046253441044,6-left,unknown,0
19116.768934219537,2-right,unknown,0
19162.763726661855,square-left,narrow,0
19204.366130035574,2-right,unknown,50
19264.15980353183,crest,unknown,70
19296.031408985316,6-right,unknown,0
19379.0976120264,slight-left,unknown,0
19439.100965259742,4-right,unknown,0
19493.012617557717,5-left,unknown,180
19593.770582607467,6-left,unknown,0
19651.0717350275,6-right,unknown,40
19691,finish,unknown,0