0,6-right,unknown,0
0,straight,unknown,120
114.67013721466064,6-right,unknown,30
161.41861907958972,5-left,dont-cut,40
235.48899635314913,6-right,unknown,0
307.0774584579464,4-left,unknown,0
359.7200238418574,6-right,unknown,0
405.4952925872798,6-left,unknown,50
454.60827392578096,crest,unknown,60
509.14982654571526,3-left,unknown,0
573.8755091094973,1-right,unknown,0
612.6440827751159,2-left,unknown,0
640.0537178421021,crest,unknown,30
688.5203879356387,3-left,unknown,0
736.6984332084661,square-right,unknown,0
793.0402226829531,2-right,unknown,30
823.9046556854249,2-left,unknown,0
884.9673321342462,kinks,unknown,40
930.1433277130119,1-right,unknown,0
977.64362417221,square-left,unknown,30
984.4508467864982,acute-hp-right,unknown,30
1025.1653243064873,square-left,caution,0
1081.8005139732347,2-right,unknown,0
1118.3838626480085,slight-left,unknown,0
1159.001269531248,2-right,unknown,0
1196.595314521788,5-left,unknown,30
1236.5941146469092,3-right,unknown,0
1278.759368820188,4-left,unknown,0
1314.3211902046176,5-right,unknown,30
1376.758512592312,1-right,unknown,40
1465.556970901484,2-left,caution,180
1561.7962149620005,4-right,unknown,0
1595.2467470741226,square-right,unknown,0
1633.7137764167735,slight-left,unknown,0
1660.1551892852726,slight-right,unknown,0
1690.109243736262,3-left,unknown,0
1731.0403823471022,4-right,unknown,0
1775.6836186981152,3-left,unknown,0
1817.0960313034013,slight-right,unknown,0
1861.1330875015194,slight-left,unknown,30
1909.8642887878345,4-left,unknown,0
1951.886857414238,2-right,unknown,0
1988.5281579780499,6-left,unknown,0
2023.911196193689,3-right,unknown,0
2070.0732982444665,square-left,unknown,30
2107.3367251777536,3-right,unknown,0
2155.3773655509817,2-left,unknown,60
2213.14127376555,3-left,unknown,0
2290.1509880447243,2-left,unknown,40
2343.936429672225,4-right,unknown,30
2422.5693680763115,4-left,unknown,50
2491.3742053031806,3-right,unknown,0
2584.127379779804,2-left,unknown,0
2644.3020913505434,2-right,unknown,0
2711.4256650733823,1-left,unknown,0
2759.1444273567067,1-right,unknown,40
2808.097534103381,2-right,unknown,30
2864.967320575701,5-right,unknown,0
2951.472592258441,4-right,unknown,0
3001.91071626662,2-left,unknown,30
3045.1778014564397,5-right,unknown,50
3120.8759771346954,1-left,unknown,50
3188.899072685232,1-right,unknown,50
3307.4043495368833,4-left,unknown,0
3371.210828514088,4-right,unknown,0
3416.6112876891984,3-left,unknown,0
3461.309011611926,1-right,unknown,30
3514.4490705489998,1-left,unknown,0
3558.6374869727965,1-left,unknown,0
3568.5828471946593,slight-left,unknown,70
3666.5046278762693,6-right,unknown,0
3754.5418199539067,2-right,unknown,40
3813.5392639160027,5-right,unknown,40
3886.161792335495,3-left,unknown,0
3961.8924718856647,2-left,unknown,30
4022.15441076277,4-right,unknown,0
4069.246589374531,4-left,dont-cut,40
4113.643138484943,2-right,unknown,40
4170.205439128867,2-right,unknown,0
4235.830806541434,1-left,unknown,0
4281.878934364309,2-right,unknown,50
4327.8889712142845,2-right,unknown,50
4401.110958633407,4-left,caution,0
4479.625157775861,3-right,unknown,0
4527.987971382128,6-left,unknown,0
4563.9838073158135,slight-right,unknown,0
4603.502145500171,square-left,unknown,30
4689.09918504714,square-right,unknown,30
4701.56360628127,1-left,cut,30
4742.6664177131515,2-left,unknown,0
4789.355798912032,2-right,dont-cut,30
4825.778205795273,1-left,unknown,40
4869.736127929672,4-right,unknown,0
4945.834800281506,2-left,unknown,0
4991.098017597176,1-left,unknown,0
5027.967768115972,slight-right,unknown,40
5049.896385211924,1-right,unknown,40
5108.325059680918,2-left,widen,30
5173.870795116405,1-right,unknown,50
5237.598087520588,2-left,unknown,0
5309.304331798541,2-right,unknown,0
5351.062114677416,5-left,unknown,0
5399.730235118846,6-right,unknown,40
5453.173331203435,1-right,unknown,0
5531.094805850956,5-right,unknown,0
5613.883387451142,3-left,unknown,80
5691.304662322973,1-left,unknown,40
5779.253051414461,5-right,unknown,100
5875.554840297662,crest,unknown,0
5986.959471607173,6-right,unknown,40
6050.590234889946,2-left,unknown,70
6139.106847782098,2-right,unknown,30
6213.698055343587,6-left,unknown,50
6297.204045047721,6-right,caution,30
6373.844369754757,1-left,unknown,0
6431.127555065119,crest,unknown,30
6463.997941436732,crest,unknown,30
6521.365117435422,2-right,unknown,30
6621.512229824032,1-left,unknown,30
6697.377402191129,3-left,dont-cut,0
6760.80713123318,3-right,unknown,0
6802.024438152278,4-left,unknown,30
6838.880197010004,2-right,cut,0
6891.93053514477,3-left,unknown,0
6940.152317485773,5-right,unknown,0
6981.851445941893,square-right,unknown,40
7060.346873874634,1-left,unknown,0
7127.1230760383305,2-right,unknown,50
7207.483748931851,6-left,unknown,0
7292.01084957119,3-right,unknown,0
7337.149678420981,1-left,unknown,70
7377.060001754722,3-left,unknown,30
7452.141551322905,1-right,unknown,40
7542.656848754845,5-right,bridge,0
7601.715986823999,1-left,unknown,0
7657.931194076505,1-right,unknown,30
7716.895107688868,slight-right,unknown,40
7785.916280231443,1-left,unknown,40
7903.009370746581,1-right,caution,40
7971.704681377379,5-left,unknown,40
8047.469571037263,3-left,unknown,0
8110.318783302274,1-right,unknown,40
8156.943256187407,2-left,unknown,70
8258.187341537445,4-left,unknown,40
8331.368346500374,1-right,unknown,70
8472.059941978454,6-left,unknown,50
8539.556260662072,5-right,unknown,0
8614.148454990376,3-left,unknown,30
8670.270077915178,5-right,caution,0
8717.117846279145,2-right,unknown,40
8843.742353839873,3-left,unknown,30
8915.677018108363,6-left,unknown,40
8997.097795505515,1-left,unknown,30
9078.68550638199,6-right,unknown,0
9132.478454227452,6-left,unknown,0
9181.053773212432,slight-right,unknown,50
9235.065206851965,5-left,unknown,0
9299.925029506701,5-right,unknown,0
9361.670059146896,4-left,unknown,0
9414.823389034278,2-right,unknown,0
9455.330230846417,5-left,unknown,60
9514.120226249708,square-right,unknown,40
9624.278945980082,5-left,unknown,180
9726.407183017749,1-right,dont-cut,0
9851.648367023481,5-left,unknown,70
9907.272073287975,5-left,unknown,80
9997.693017654443,crest,unknown,50
10106.225070152312,2-left,unknown,30
10172.67140319826,3-right,unknown,0
10233.006865425128,square-left,unknown,120
10328.966151466388,bridge,unknown,40
10384.439153747575,bridge,unknown,40
10415.224449157737,square-right,widen,60
10475.516911125205,slight-right,unknown,50
10534.974148330719,slight-left,unknown,0
10697.105734329256,6-left,unknown,60
10911.302801666288,3-right,unknown,50
11074.278817710887,5-right,unknown,0
11100,finish,unknown,0
