5.883681373596193,slight-left,unknown,0
38.95294463157655,4-left,unknown,40
98.8327860546112,3-left,unknown,30
165.2818217372895,6-right,unknown,130
447.82364527702396,slight-right,unknown,80
600.6726220989237,slight-left,caution,60
726.6749158763895,acute-hp-left,narrow,0
825.437953405381,bridge,unknown,120
899.8066077232362,square-right,unknown,0
1000.6507662010191,2-left,unknown,30
1034.2623602867125,2-right,unknown,40
1085.7688197135917,crest,unknown,70
1163.6882480049119,5-right,unknown,60
1255.9123005104054,4-right,unknown,30
1354.0060072517392,square-left,dont-cut,90
1465.2010077667223,6-left,unknown,0
1549.592419738767,5-right,unknown,60
1694.0215555858576,5-right,unknown,0
1750.929642877576,2-left,dont-cut,0
1811.003900270458,5-right,unknown,0
1852.9950520420036,6-left,unknown,0
1903.4010003375972,6-right,dont-cut,0
1953.2296492099733,slight-left,unknown,30
2024.132566843028,slight-right,unknown,0
2097.091566858287,slight-left,unknown,0
2153.00558484077,1-right,unknown,0
2197.8402142429295,6-right,unknown,30
2252.262296800607,3-right,unknown,40
2332.65720528602,2-left,unknown,0
2414.478813333505,5-left,unknown,30
2506.898393983833,3-right,unknown,0
2600.513619356149,5-left,unknown,50
2652.0828379154104,6-right,unknown,70
2722.695861825933,2-left,unknown,30
2825.0710246372128,3-right,unknown,80
2937.2758552837304,2-right,unknown,40
3028.6024338436064,2-left,unknown,0
3101.2075981807643,4-right,unknown,40
3153.4816840267117,4-right,unknown,0
3221.3315831661175,2-left,unknown,50
3279.9120986843072,2-right,unknown,30
3393.500514574046,6-left,caution,0
3469.7295987796747,1-left,unknown,0
3532.886345720287,2-right,unknown,0
3599.593204126352,5-left,unknown,40
3661.847766370766,2-left,unknown,30
3727.6802345561914,2-right,unknown,60
3831.0284482479024,2-right,caution,0
3913.560987920753,3-left,unknown,0
3957.691449613563,5-right,unknown,40
3995.8225318050313,3-left,unknown,0
4052.1586672115254,1-right,unknown,30
4151.628902635565,hp-left,unknown,50
4215.581637029636,5-left,unknown,0
4278.579920492155,3-right,unknown,0
4326.200908231713,2-left,unknown,30
4381.888577260947,4-right,unknown,0
4435.8863398265585,2-left,dont-cut,0
4482.273492765403,2-right,unknown,30
4520.566135435081,1-right,unknown,50
4579.682869691828,2-left,unknown,30
4656.275299043641,2-left,unknown,0
4724.811598443967,crest,unknown,30
4759.858509263975,2-right,unknown,30
4808.546635866146,6-left,dont-cut,50
4892.193884897211,6-right,unknown,30
4970.683925828905,1-left,unknown,0
5082.693459482166,2-right,unknown,30
5165.805068902942,5-left,unknown,0
5231.761401605578,crest,unknown,80
5277.948980035754,5-left,unknown,30
5368.557432336777,1-right,caution,70
5531.007028551076,2-right,unknown,0
5597.779255800223,4-left,unknown,0
5652.6480523013815,2-left,unknown,0
5705.760000810595,2-left,unknown,50
5744.125145540209,6-left,unknown,30
5816.622729387248,4-right,dont-cut,0
5870.654425897566,3-left,unknown,0
5927.797377939193,1-right,unknown,50
5973.2326116847735,1-left,unknown,30
6061.0752776301,2-right,unknown,30
6119.935647884613,2-left,unknown,60
6193.08445880533,square-right,unknown,80
6278.019982181791,2-left,dont-cut,30
6337.905605770356,3-right,unknown,0
6407.149497753388,3-left,unknown,0
6485.19302037836,2-right,unknown,0
6524.700416733038,2-right,unknown,0
6558.031259514104,square-left,unknown,30
6602.990280166871,2-right,unknown,0
6645.1993075335085,5-left,unknown,0
6705.318043552649,slight-right,unknown,0
6746.931668277994,2-left,unknown,0
6791.25258288981,3-right,unknown,50
6829.962884746804,2-left,unknown,60
6894.356992489113,2-left,unknown,0
6977.277654987584,1-right,unknown,0
7016.552918049109,2-left,unknown,30
7068.2265056383685,1-left,unknown,30
7115.9623915445845,3-right,unknown,0
7189.578030353784,3-left,dont-cut,0
7236.850535961391,2-right,caution,0
7279.159921566251,3-right,unknown,40
7329.609435039764,5-left,unknown,0
7397.275299679049,1-left,unknown,70
7535.984759804019,slight-right,unknown,0
7625.946406456242,2-right,unknown,30
7694.420298439276,1-left,unknown,0
7783.290015636699,3-right,unknown,0
7825.303601204171,3-left,unknown,0
7890.473642822516,4-right,unknown,40
7935.8199695742305,1-left,unknown,50
8038.359695717112,1-right,unknown,30
8111.454532543432,6-left,caution,0
8172.398528076426,5-right,unknown,0
8226.35545919062,2-right,unknown,0
8274.632744232433,2-left,unknown,40
8355.74135159375,3-left,unknown,40
8425.778776367915,1-left,unknown,0
8512.18735081554,2-right,unknown,0
8556.484753617058,2-left,unknown,0
8598.858230198635,1-right,unknown,0
8645.373920735132,1-left,unknown,50
8726.273457764402,4-right,unknown,40
8808.578190315979,4-left,unknown,0
8882.61934510113,slight-right,unknown,0
8936.570644196287,2-right,unknown,0
8983.211728371396,2-right,unknown,60
9029.886578301204,1-right,unknown,0
9111.639066284903,square-left,unknown,30
9218.158263691677,3-left,unknown,0
9256.300243557707,slight-right,widen,0
9292.115092095146,3-left,unknown,0
9339.393259018678,4-right,unknown,0
9417.78971917035,kinks,unknown,50
9454.863240746277,4-right,unknown,0
9501.18123616101,3-left,unknown,0
9588.91237522961,2-right,unknown,0
9629.147230919614,slight-left,unknown,0
9709.056635235564,square-left,unknown,0
9739.539960831426,4-left,unknown,0
9773.444406861088,3-right,unknown,0
9807.236046322603,square-right,unknown,30
9837.157534931912,1-left,unknown,0
9938.371855477102,4-right,unknown,0
9978.83924336315,2-left,unknown,30
10050.734508599047,4-right,unknown,0
10107.67260849833,2-left,unknown,0
10154.596677902939,slight-right,unknown,0
10195.188128479724,square-left,unknown,0
10229.731737869983,square-right,unknown,30
10257.439116448162,2-right,unknown,0
10303.078554218991,1-left,unknown,40
10357.855446003656,2-right,unknown,30
10425.26717640755,2-left,unknown,0
10511.091391266556,square-left,unknown,0
10548.560861138081,2-right,widen,30
10579.842265747757,6-left,unknown,0
10650.372878369062,2-right,unknown,0
10695.24922652123,square-left,narrow,0
10737.357506931985,2-right,unknown,50
10771.326019009324,crest,unknown,70
10829.356291950913,6-right,unknown,0
10910.594151753163,slight-left,unknown,0
10970.17080222009,4-right,unknown,0
11027.13889132379,5-left,unknown,0
11083.223051518195,5-right,dont-cut,0
11137.742968281498,6-left,unknown,0
11198.166603840575,6-right,unknown,40
11262.240847729421,finish,unknown,0
