0,5-left,unknown,60
11.00373883247376,square-right,unknown,40
79.67488427162166,5-left,unknown,0
153.46537669181805,slight-right,unknown,110
202.71999972343437,1-right,dont-cut,0
326.7612625408169,5-left,unknown,70
387.8161007595055,5-left,unknown,80
470.8373118495936,crest,unknown,50
579.0890832424157,2-left,unknown,30
647.6064104747768,3-right,unknown,0
711.0207671642306,square-left,unknown,120
802.5667253208169,bridge,unknown,40
853.4328152942662,bridge,unknown,40
883.3413471317297,square-right,widen,60
962.5194465541842,slight-right,unknown,50
1010.4321164035805,slight-left,unknown,0
1168.0086633014673,6-left,unknown,60
1387.009002351759,3-right,unknown,50
1546.368536577223,4-right,unknown,150
1710.9190529346456,1-left,unknown,0
1886.874871721266,3-right,unknown,0
1950.0254582500436,4-left,narrow,50
1999.442594213484,slight-right,unknown,0
2074.722301778789,6-left,unknown,30
2202.1258502864803,1-right,bridge,70
2317.776303014752,4-left,unknown,30
2382.2253406810737,5-left,unknown,50
2437.733112897872,3-right,cut,30
2551.731723661422,1-left,unknown,40
2615.5022228145563,3-right,widen,0
2688.340592412942,3-left,unknown,0
2781.1183058071074,3-right,unknown,0
2826.3090608882853,2-left,unknown,0
2865.6847160625425,5-left,unknown,0
2923.708664789196,6-right,dont-cut,0
2967.016116495128,2-left,unknown,0
3010.370278482435,slight-right,bridge,120
3092.553431558608,4-right,unknown,30
3127.21713210106,2-right,unknown,30
3166.6674693775176,1-left,unknown,30
3211.2846123599998,1-right,unknown,40
3253.9967470836614,2-left,unknown,50
3354.644222574231,3-right,unknown,40
3418.9070850849153,1-left,unknown,100
3524.173851022718,4-left,dont-cut,0
3607.021057710644,2-right,unknown,0
3663.394562807082,2-left,unknown,30
3741.9988881015774,3-left,widen,30
3779.69334174156,2-right,unknown,40
3892.8939057469343,acute-hp-left,unknown,0
3920.691718313778,2-left,caution,50
3967.7810154176605,2-left,unknown,40
4045.854492571439,1-right,unknown,0
4114.735870840637,square-left,unknown,0
4183.323313715556,6-right,unknown,0
4222.168297731975,4-left,unknown,0
4256.5083812547755,2-right,unknown,0
4297.818032705883,6-left,unknown,30
4361.299437925916,4-right,unknown,0
4449.558701613044,2-right,unknown,0
4509.4870067430475,6-left,unknown,120
4628.196774427983,crest,unknown,0
4719.249923307986,6-right,unknown,0
4789.445444700807,1-left,unknown,0
4832.233215487092,4-right,unknown,0
4877.936734449955,3-left,unknown,70
4915.424183733551,4-left,unknown,0
5003.996940004913,4-right,unknown,0
5055.385202066985,2-left,unknown,0
5102.184274942962,4-right,unknown,30
5146.083382093992,slight-left,unknown,0
5222.550373556699,2-left,unknown,0
5268.149289953797,3-right,cut,0
5306.527707007016,crest,unknown,0
5348.191165754874,slight-right,unknown,50
5398.9858844209575,3-left,unknown,0
5482.134413015928,3-right,unknown,60
5543.708072950915,6-left,unknown,0
5638.895578825547,3-left,unknown,30
5699.712851736617,5-right,unknown,0
5773.808062939708,4-left,unknown,40
5827.862190499374,5-right,unknown,0
5916.674797158307,slight-left,dont-cut,30
5991.475999970501,3-right,unknown,0
6057.261448044838,crest,unknown,0
6095.301198601784,4-left,unknown,40
6126.076864094799,3-left,unknown,0
6171.587723569551,2-right,unknown,0
6207.461633920354,3-left,dont-cut,0
6241.968745603246,slight-right,unknown,40
6278.189062642736,6-right,unknown,0
6332.966686467808,2-right,unknown,30
6375.373840284029,1-left,unknown,70
6516.350230035457,5-left,unknown,60
6601.254829797422,6-right,dont-cut,0
6712.7262669083175,5-left,unknown,40
6784.516620301872,3-right,unknown,60
6854.8798899933345,1-left,unknown,0
6955.424780206348,hp-right,unknown,30
7004.0573919388335,1-left,unknown,200
7166.59362000432,crest,unknown,40
7224.810344590807,crest,unknown,40
7268.484887056016,6-left,unknown,40
7330.086993074081,crest,unknown,40
7390.5859976669735,crest,unknown,40
7417.90973084416,4-right,unknown,0
7481.511668367043,6-left,dont-cut,0
7538.633090066572,4-right,unknown,100
7665.822393655433,crest,unknown,30
7738.331548890722,crest,unknown,30
7777.901982507366,3-left,unknown,40
7838.030267800949,5-left,unknown,40
7887.837982415819,5-right,unknown,130
8101.473907098434,4-left,unknown,190
8436.34742005313,crest,unknown,0
8517.901026620506,crest,unknown,0
8552.99546959841,6-left,unknown,90
8627.175489816314,crest,unknown,60
8681.266945962563,crest,unknown,60
8701.087460717816,5-right,unknown,50
8850.583481454536,crest,unknown,0
8883.260106973334,slight-left,unknown,70
8958.12896149604,6-left,unknown,70
9042.419812936476,5-left,unknown,40
9196.961189889595,6-right,unknown,30
9341.216208314576,3-left,unknown,60
9431.901300363215,4-right,unknown,0
9675.52278346029,5-left,unknown,40
9728.803527173675,6-right,unknown,30
9795.700755948707,6-left,unknown,0
9860.087245740568,6-right,unknown,50
9924.985088643698,square-left,unknown,0
9998.487924775738,6-right,unknown,0
10108.810168103837,finish,unknown,0
