0,6-left,widen,50
153.64838500976566,square-right,caution,40
290.9396627044681,6-left,unknown,120
385.83218809127806,6-left,unknown,0
455.0742362022398,4-right,unknown,40
514.392586841583,1-left,unknown,0
592.8900901603702,4-left,unknown,60
704.6059487152094,6-right,unknown,0
803.7345977401726,4-right,unknown,40
857.3511543655391,6-left,unknown,0
911.6059950256348,slight-right,unknown,180
1024.9621550750728,5-right,unknown,70
1079.3438612747188,6-right,unknown,90
1225.7382944107055,crest,unknown,30
1267.9987638473515,crest,unknown,30
1354.8613676834104,5-left,unknown,80
1421.356838531493,crest,unknown,70
1473.7919588851917,crest,unknown,70
1557.3865128707857,6-right,unknown,0
1649.4342961502043,crest,unknown,130
1721.6045951461763,crest,unknown,0
1824.4117347335791,crest,unknown,0
1848.4997239303564,slight-right,unknown,0
1920.0723484420757,4-right,unknown,120
1989.440187034605,crest,unknown,60
2094.0234171295156,crest,unknown,60
2115.889233245848,5-left,unknown,40
2242.155440444944,4-right,unknown,40
2333.1909499359112,3-right,unknown,0
2408.984369735716,6-left,caution,90
2485.920915031428,5-left,unknown,0
2598.049745559684,4-left,unknown,0
2697.2579858779823,slight-right,unknown,0
2749.4459766006385,4-left,unknown,0
2799.06480155944,crest,unknown,40
2852.280505599966,5-right,unknown,0
2922.8114619064236,crest,unknown,130
3055.2370694351093,1-right,unknown,30
3212.6220319366316,hp-left,unknown,0
3254.6731020736556,2-right,widen,50
3316.609575233447,4-left,unknown,40
3380.1011331176646,4-right,unknown,0
3462.4399324035517,5-left,dont-cut,70
3510.9309564590326,4-right,unknown,70
3636.524058113085,3-right,caution,0
3748.954231262196,2-right,unknown,30
3795.276496543873,1-left,unknown,0
3796.61136112212,2-left,unknown,0
3856.0266352653366,6-left,unknown,0
3924.262576599108,1-right,unknown,0
4016.2622407150125,acute-hp-left,unknown,0
4055.4739188384888,2-right,unknown,30
4093.569204235063,3-right,unknown,0
4145.777523059835,crest,unknown,0
4183.340014934528,2-left,unknown,30
4227.189396991717,slight-right,unknown,0
4269.504869365681,5-left,unknown,40
4318.1104236411975,4-right,unknown,40
4389.270957584375,3-left,unknown,30
4477.3762249946485,3-right,unknown,0
4535.635769672379,6-right,unknown,50
4579.772032794942,3-left,dont-cut,0
4659.918918323502,2-right,unknown,40
4738.801172466259,6-left,unknown,0
4816.270276660902,crest,unknown,0
4868.658038310983,3-left,cut,0
4924.082172183971,3-right,unknown,60
4976.1846708106805,3-left,unknown,0
5072.379872608162,3-right,unknown,0
5136.222292766543,2-left,dont-cut,0
5185.107296390512,4-right,unknown,50
5236.326761074044,3-right,unknown,0
5308.783228244754,3-left,unknown,0
5369.535311565362,1-right,unknown,0
5416.414617729148,6-left,unknown,150
5530.289687824204,crest,unknown,30
5579.328581714584,crest,unknown,30
5609.805883045151,crest,unknown,30
5632.853443050341,2-left,unknown,40
5773.190713958694,5-right,unknown,0
5842.33675825115,1-left,unknown,0
5937.164396152458,1-right,unknown,0
5984.828797874411,6-left,unknown,0
6019.392702712975,square-right,unknown,0
6062.302543029747,1-left,unknown,30
6102.020237998933,2-right,unknown,50
6179.154119968387,2-right,caution,50
6262.341015510536,1-left,unknown,30
6361.946100406618,3-right,unknown,0
6426.768126735662,2-left,unknown,0
6477.234003353094,3-right,unknown,0
6529.275970172859,square-left,unknown,0
6563.450135116553,3-right,unknown,60
6616.439977207159,6-right,unknown,0
6686.908827018716,1-right,unknown,30
6733.094941558818,2-left,unknown,40
6803.606952800736,1-right,unknown,30
6882.650349025709,2-left,widen,0
6958.5065868758975,1-right,unknown,0
7015.293931484201,1-left,unknown,30
7093.861259845039,4-left,unknown,0
7125.6626677115155,1-right,unknown,0
7163.011765726345,6-left,unknown,0
7205.539993875755,2-right,unknown,0
7243.685722025164,5-left,dont-cut,0
7278.660575922261,5-right,unknown,0
7319.1627100546475,2-right,unknown,0
7366.8445754034665,3-left,widen,0
7399.32062619998,3-right,widen,0
7436.185586756008,4-left,unknown,0
7485.437869203824,2-left,unknown,40
7602.931975763581,3-left,cut,40
7665.030590837739,5-right,bridge,30
7742.108569772979,4-right,unknown,80
7840.721641214625,1-left,unknown,30
7961.823831156034,6-right,unknown,0
8013.855581739689,6-left,unknown,50
8099.341526830937,3-right,unknown,0
8214.95417907551,2-left,unknown,0
8274.060821836736,1-right,widen,110
8427.826201399117,slight-left,unknown,0
8507.683587549476,4-left,unknown,40
8567.512996195104,3-left,unknown,30
8636.000353220252,6-right,unknown,130
8934.523005922574,slight-right,unknown,80
9073.548933466198,slight-left,caution,60
9201.215914667373,square-left,narrow,0
9301.181929720162,bridge,unknown,120
9385.493747232682,square-right,unknown,0
9475.55950967623,2-left,unknown,30
9508.363199251442,2-right,unknown,40
9578.323597086219,crest,unknown,70
9638.008628176005,5-right,unknown,60
9731.904483621855,4-right,unknown,30
9826.875262048972,square-left,dont-cut,90
9944.143029440173,6-left,unknown,0
10025.10608621432,5-right,unknown,60
10067.65487649752,square-left,unknown,60
10150.279403150813,finish,unknown,0
