0,1-right,unknown,30
47.67920701026917,5-left,unknown,0
144.2033780384063,2-left,unknown,0
249.2521841907499,2-right,unknown,0
490.3544431400295,jump,unknown,0
544.3586958408353,5-right,unknown,40
693.2351110553747,6-left,unknown,0
834.0662743222715,crest,unknown,50
899.5848272556067,crest,unknown,50
909.9339803546668,5-left,unknown,0
964.9887920230631,2-left,unknown,60
1024.7832156986003,crest,unknown,80
1098.293408111929,slight-left,unknown,110
1263.867810158132,slight-right,unknown,140
1416.9994755786634,slight-left,narrow,0
1591.705500015615,1-right,unknown,0
1639.6623035281875,2-left,unknown,0
1677.0825062221263,3-right,unknown,0
1712.3685011333203,3-left,unknown,40
1748.07361809194,4-right,unknown,0
1793.0885683864342,2-right,unknown,90
1843.1866620296228,1-left,unknown,80
1985.797415127156,3-right,unknown,70
2062.987538837791,5-right,dont-cut,120
2197.3485547488917,4-right,caution,30
2311.0936296313994,2-left,unknown,0
2313.2707070010892,1-left,unknown,0
2377.4189655154946,4-right,unknown,80
2463.452886566522,slight-right,unknown,40
2553.430471634275,6-right,unknown,30
2612.954227051145,hp-left,unknown,0
2663.507593502406,acute-hp-right,unknown,30
2709.630459865933,6-right,unknown,50
2762.537125172029,6-right,unknown,30
2827.2705485957963,1-left,unknown,40
2937.8358621639127,1-right,unknown,0
2990.8387165302124,1-left,unknown,0
3038.2980341190187,5-right,unknown,0
3070.3500858157954,square-left,unknown,50
3144.731356205351,slight-left,unknown,40
3200.2560174411606,5-right,unknown,0
3270.326687530885,6-right,unknown,30
3317.643613647828,2-right,unknown,0
3366.3888853687163,crest,unknown,0
3417.943271793735,2-left,unknown,0
3454.924578384769,square-right,unknown,0
3488.7454712909584,4-left,unknown,0
3534.0479511302833,4-right,unknown,30
3589.913138107672,5-left,caution,0
3701.0653001516453,6-right,unknown,0
3734.4117039030175,4-left,unknown,0
3778.448043929875,crest,unknown,40
3809.4228960340624,2-left,widen,0
3857.2583530729407,4-right,unknown,40
3891.445472652256,3-left,cut,30
3965.3695853536747,4-left,unknown,30
4024.8457120626585,3-right,unknown,60
4150.564370300124,5-left,unknown,0
4233.160547515698,5-left,unknown,0
4281.060197402782,4-right,unknown,40
4346.395758430305,3-left,unknown,30
4457.250781795332,crest,unknown,40
4514.476101810286,2-right,unknown,0
4566.582113963915,6-left,unknown,40
4617.052904235673,4-left,unknown,0
4665.358328582595,slight-left,caution,0
4739.144967529126,crest,unknown,30
4788.590888206313,1-right,unknown,0
4832.758830215284,6-left,unknown,40
4878.7845058553885,5-right,unknown,30
4948.450654956644,5-left,unknown,180
5072.502715732406,6-left,unknown,0
5112.352325488876,2-right,unknown,0
5180.926410381148,4-left,unknown,0
5222.460316078015,2-left,unknown,70
5329.62417159254,crest,caution,0
5359.471972190685,slight-right,unknown,0
5432.6574144857605,2-left,unknown,30
5457.144911948985,6-right,unknown,0
5522.241709605993,5-left,unknown,0
5564.326035091223,4-right,unknown,80
5625.710570003331,slight-left,unknown,0
5710.123641826444,6-right,unknown,0
5766.345385715302,6-left,unknown,0
5814.828217021761,2-right,unknown,0
5850.212609874548,4-left,unknown,0
5889.633460475742,3-right,unknown,60
5930.100679103672,5-right,unknown,0
5989.504567081273,3-left,unknown,0
6046.537938319982,5-right,unknown,0
6101.441244441806,6-left,unknown,0
6143.396232196621,6-right,unknown,50
6193.839261752894,5-right,unknown,0
6249.396274654202,slight-left,unknown,30
6298.9015094488195,2-left,unknown,0
6329.478458530244,2-right,unknown,0
6358.495726157959,6-left,unknown,40
6442.5272752493,2-left,unknown,90
6547.789302398499,3-right,unknown,0
6630.204254676637,4-left,unknown,0
6672.050302726564,6-right,widen,60
6739.275292579472,slight-left,unknown,30
6830.574566146674,2-right,unknown,40
6880.399254676643,3-right,unknown,80
6997.654774162118,slight-left,unknown,60
7088.945837966741,4-left,unknown,30
7198.334411498845,5-right,unknown,0
7258.8326396482535,5-left,unknown,0
7314.9021930997915,3-left,unknown,30
7382.731478378115,3-right,unknown,70
7448.039011260803,slight-right,unknown,40
7550.275546818315,crest,unknown,0
7615.060660839609,crest,unknown,0
7624.679249210885,3-right,unknown,0
7667.1138863568785,6-right,unknown,70
7743.72541017585,6-left,unknown,0
7852.573407917549,4-right,unknown,0
7914.852706394721,3-left,unknown,30
7988.867532024909,2-right,unknown,50
8070.710673695146,3-left,unknown,80
8166.596785812906,4-right,unknown,100
8259.380573845445,3-left,unknown,30
8381.213823471599,2-right,unknown,150
8526.358862610394,3-left,unknown,40
8641.055419426506,5-right,unknown,0
8731.945946083615,crest,unknown,0
8785.556454887937,slight-left,unknown,0
8836.868310242247,3-right,unknown,30
8886.969534111568,2-left,unknown,30
8938.476407967166,5-left,unknown,100
9037.672503376567,slight-left,unknown,0
9139.056630955309,5-left,unknown,90
9203.445002651779,3-right,unknown,0
9305.313071499435,6-right,unknown,40
9381.266314945795,slight-left,unknown,50
9491.752123776057,2-left,unknown,30
9556.060220318423,5-right,unknown,0
9635.442439060791,4-left,unknown,0
9677.71484247266,4-right,unknown,0
9723.10420957624,1-left,unknown,0
9762.501588554973,5-right,unknown,0
9797.839485722177,5-left,dont-cut,0
9837.336382771131,3-right,unknown,0
9874.360421085952,5-left,unknown,0
9912.977693539251,hp-right,unknown,0
9950.068144531839,6-left,unknown,0
10023.663075562112,crest,unknown,100
10164.634905815708,1-left,unknown,0
10220.804155769927,2-left,bridge,30
10276.789435291861,3-right,unknown,0
10310.919947891807,hp-right,unknown,40
10350.323752632716,slight-right,unknown,60
10400.316557674985,2-left,unknown,0
10484.578850422482,2-right,unknown,30
10527.124666481579,5-left,unknown,0
10584.300093880269,slight-right,unknown,80
10773.118041210751,2-right,unknown,50
10876.829205818742,6-left,unknown,0
10940.916972160901,slight-right,unknown,100
10997.028448982808,slight-right,unknown,170
11121.33745037136,1-left,unknown,50
11350.094486065493,2-right,unknown,50
11457.368102970722,slight-right,unknown,150
11636.861241093264,slight-left,unknown,120
11789.882547093006,3-left,unknown,0
11937.513372593508,5-right,unknown,50
11989.376673489198,5-left,unknown,0
12076.13525602397,5-right,unknown,170
12260.085927754028,5-right,unknown,0
12410.941116123777,slight-left,unknown,0
12485.733923588381,5-left,unknown,110
12578.434698811163,5-right,unknown,30
12729.51729662001,slight-left,unknown,40
12811.853785114874,4-right,unknown,30
12870.582187634094,2-left,unknown,0
12939.708727779975,3-left,unknown,40
13011.50167806684,2-right,unknown,160
13186.401834297769,4-left,unknown,40
13296.662840958234,6-right,unknown,40
13384.485315895672,3-left,caution,0
13489.029240265476,4-right,unknown,60
13549,finish,unknown,0
