0,slight-left,unknown,30
23.081761989593513,2-right,unknown,40
61.446423988342275,3-right,unknown,80
195.50442783355723,slight-left,unknown,60
282.08049053192127,4-left,unknown,30
388.9160313415526,5-right,unknown,0
449.4898666763303,5-left,unknown,0
504.0846238327023,3-left,unknown,30
574.6791617202757,3-right,unknown,70
663.2268453216545,slight-right,unknown,40
737.4622104072563,crest,unknown,0
790.3585901069628,crest,unknown,0
813.3830519676197,3-right,unknown,0
862.3808593559257,6-right,unknown,70
932.5388661003108,6-left,unknown,0
1042.1427648353574,4-right,unknown,0
1105.678957004546,3-left,unknown,30
1181.2555256462085,2-right,unknown,50
1236.9062817192064,2-right,unknown,50
1266.6534637832635,3-left,unknown,80
1363.0288174438474,4-right,unknown,100
1449.0297280883788,3-left,unknown,30
1574.5958575057975,2-right,unknown,150
1724.1996706962573,3-left,unknown,40
1832.0271355247485,5-right,unknown,0
1925.5085069847105,crest,unknown,0
1979.0757546043399,slight-left,unknown,0
2033.907681636809,3-right,unknown,30
2086.573060588835,2-left,unknown,30
2131.222504673003,5-left,unknown,100
2233.260186252591,slight-left,unknown,0
2332.0678815269466,5-left,unknown,90
2397.6809700202944,3-right,unknown,0
2510.3086415607977,6-right,unknown,40
2589.7705058414977,slight-left,unknown,50
2692.1584621174406,2-left,unknown,30
2757.194236424691,5-right,unknown,0
2861.5980787687217,4-left,unknown,0
2895.067503130906,4-right,unknown,0
2935.5399427061006,1-left,unknown,0
2977.2930533246904,5-right,unknown,0
3012.577863295547,5-left,dont-cut,0
3056.6106643133076,3-right,unknown,0
3100.2632571630393,5-left,unknown,0
3143.520268805496,hp-right,unknown,0
3182.1185944395006,6-left,unknown,0
3239.876300490376,crest,unknown,100
3382.2233050756413,1-left,unknown,0
3426.6701450948667,2-left,unknown,0
3496.8794720869028,3-right,unknown,0
3530.800037634845,hp-right,unknown,40
3572.0478574399895,slight-right,unknown,60
3618.2013735990495,2-left,unknown,0
3705.11573799419,2-right,unknown,30
3746.272110140798,5-left,unknown,0
3802.5550088148107,slight-right,unknown,80
3994.642149508474,2-right,unknown,50
4103.994817374228,6-left,unknown,0
4159.927359946247,slight-right,unknown,100
4214.331752799031,slight-right,unknown,170
4334.665978606221,1-left,unknown,50
4528.322149603839,2-right,unknown,50
4686.321382353777,slight-right,unknown,150
4861.312608530992,slight-left,unknown,120
5011.868462794299,3-left,unknown,0
5159.234317210191,5-right,unknown,50
5219.264793856614,5-left,unknown,0
5302.158342822073,5-right,unknown,170
5487.730691950801,5-right,unknown,0
5634.9716755704885,slight-left,unknown,0
5710.699670069687,5-left,unknown,110
5802.187399371141,5-right,unknown,30
5953.470793688767,slight-left,unknown,40
6044.542559397692,4-right,unknown,30
6097.811144068717,2-left,unknown,0
6165.804199526782,3-left,unknown,40
6236.526689074516,2-right,unknown,160
6410.550643942838,4-left,unknown,40
6517.497134993557,6-right,unknown,40
6605.928134329797,3-left,caution,0
6710.349175055505,4-right,unknown,60
6770,finish,unknown,0
