0,crest,unknown,120
56.197262115478516,slight-left,unknown,50
162.38968666076659,crest,unknown,0
278.8674829101567,5-right,unknown,0
381.831371650696,crest,unknown,0
513.9496920776362,3-left,unknown,110
601.3315022659301,6-left,unknown,70
687.3029835510245,crest,unknown,50
787.5948374557487,3-left,unknown,40
945.7654744720448,slight-right,unknown,0
1058.7480991744987,4-right,unknown,70
1181.9574098968515,3-left,unknown,60
1346.1344496536265,2-right,dont-cut,80
1442.6568568420416,crest,unknown,60
1519.4364932250985,6-right,unknown,130
1668.072499427797,slight-left,unknown,0
1793.7738586807266,crest,unknown,170
1927.3118216705334,3-left,unknown,80
2148.669589805603,6-left,unknown,50
2242.9485398864763,3-right,unknown,0
2365.220664405824,crest,unknown,40
2447.097456893922,3-right,unknown,220
2670.1413002777117,4-left,unknown,70
2800.444524192815,crest,unknown,60
2907.007188224796,square-right,unknown,70
3020.1308345603934,crest,unknown,160
3144.429701061247,crest,unknown,60
3268.868299617765,crest,unknown,0
3348.4157718849165,2-left,unknown,70
3399.7806963539124,6-right,unknown,30
3478.8427332496635,slight-left,unknown,30
3541.8083491325383,bump,unknown,50
3596.8456381416318,6-left,unknown,70
3670.526100559232,4-right,unknown,0
3768.364380817411,3-right,dont-cut,0
3816.671084995267,2-left,unknown,50
3905.9311840200326,5-left,unknown,0
3950.3207026529226,slight-right,unknown,0
4009.7231808519273,crest,unknown,0
4053.729972882264,6-left,unknown,70
4100.433681492801,3-left,unknown,0
4195.8514225435165,crest,unknown,0
4299.653469967828,1-right,unknown,0
4360.626070675837,slight-left,unknown,0
4414.426469960207,slight-right,unknown,70
4481.8549302911715,dip,unknown,0
4593.154789757729,3-left,unknown,30
4644.358930649767,square-right,unknown,0
4732.629757752432,6-left,unknown,0
4777.663561654101,crest,unknown,0
4842.0193884897335,slight-right,unknown,30
4892.1517577981995,6-left,unknown,0
4943.524630265237,jump,unknown,50
4999.36182974339,crest,unknown,0
5057.062482018478,4-right,dont-cut,0
5154.071607575428,3-left,unknown,0
5202.572871335448,crest,unknown,0
5251.259023793641,5-left,unknown,0
5324.004231580197,crest,unknown,0
5365.394928143919,4-left,unknown,0
5435.816204160155,4-right,unknown,30
5538.554385770265,4-left,unknown,0
5627.760820630494,slight-right,unknown,50
5674.323578542176,crest,unknown,60
5736.460625470578,hp-right,unknown,0
5871.877238477168,6-left,unknown,0
5924.329142430727,1-right,unknown,70
6003.331229756777,crest,unknown,0
6068.0739409002745,water-splash,unknown,0
6113.721078694768,crest,unknown,60
6164.213600247807,slight-left,unknown,0
6242.978147710272,crest,unknown,40
6295.959981702273,4-left,unknown,0
6361.204634068916,2-right,unknown,40
6402.90650246949,6-left,unknown,0
6550.960295012895,5-right,unknown,70
6639.89431181283,hp-left,unknown,30
6723.984673064657,1-right,unknown,40
6811.111514848182,1-right,unknown,80
6920.825431703029,3-left,unknown,0
6998.824230607448,slight-right,unknown,50
7062.445480607447,6-left,unknown,50
7163.892331498562,3-right,unknown,100
7346.189792512354,6-left,unknown,0
7439.146575387412,3-right,unknown,30
7524.114959901265,6-left,unknown,0
7618.816508534832,6-right,unknown,40
7659.670964120311,3-left,unknown,90
7811.735277779982,6-right,caution,0
7915.190240548547,slight-left,unknown,70
8068.719753907617,3-left,cut,40
8195.76404502242,6-left,unknown,30
8275.343203347615,1-left,unknown,60
8335.093956483297,4-right,unknown,30
8481.195293908202,crest,unknown,0
8568.47708555706,4-right,unknown,50
8687.453703293875,4-left,unknown,40
8816.964746270254,crest,unknown,80
8917.154906525679,crest,unknown,80
8939.473764062,square-right,unknown,30
9018.795332779953,5-left,unknown,0
9080.802168765142,5-right,unknown,60
9119.193236956668,crest,unknown,100
9206.096682543819,2-right,unknown,70
9357.971196627686,6-right,unknown,0
9435.16443057545,crest,unknown,0
9475.514338717541,crest,unknown,0
9509.036841769292,1-left,caution,0
9543.674310946522,6-left,unknown,50
9596.736009268814,5-right,unknown,60
9673.775121436167,crest,unknown,0
9751.81596734528,slight-right,unknown,50
9805.525561308903,3-left,unknown,0
9869.24277265077,6-right,unknown,30
9910.402854971944,3-right,unknown,0
9982.23322473055,crest,unknown,0
10028.35807672029,6-left,unknown,0
10075.421654944479,slight-right,unknown,0
10126.932832999291,3-left,unknown,30
10178.633830275603,crest,unknown,120
10272.106158423492,6-left,unknown,60
10378.286093878804,5-left,unknown,0
10474.669889426292,2-right,unknown,100
10600.28546189791,slight-left,unknown,50
10669.51480691439,crest,unknown,40
10723.233770194123,acute-hp-left,unknown,0
10779.780561671327,4-right,unknown,0
10806.578700470984,5-left,unknown,180
10913.987401928964,1-right,unknown,130
11044.751052498881,1-right,unknown,30
11148.770632081127,6-left,unknown,0
11204.622368474089,3-left,unknown,0
11251.136721348836,crest,unknown,80
11307.199630856583,3-left,unknown,50
11394.282900471753,1-left,widen,0
11464.819850983684,slight-right,unknown,60
11499.463270611821,bridge,unknown,50
11561.995021710449,6-right,unknown,80
11675.466011853263,4-left,dont-cut,60
11866.567087407162,6-right,unknown,70
12008.331222844181,hp-right,unknown,100
12188.735419888559,6-left,unknown,0
12259.30209906108,4-left,unknown,0
12366.594902062488,3-right,unknown,0
12466.813728280125,crest,unknown,0
12508.94158773905,5-left,unknown,50
12551.653831315112,3-left,unknown,60
12632.84721924313,crest,unknown,0
12713.70826084621,1-right,dont-cut,0
12754.189052224236,crest,unknown,0
12780.901947274291,1-left,unknown,30
12811.557267403683,hp-left,unknown,0
12865.458690629088,2-right,unknown,0
12913.58531829366,1-left,dont-cut,0
12972.335197463122,3-right,unknown,120
13113.976239695623,square-right,unknown,30
13200.526845316967,3-left,dont-cut,0
13247.880749487966,5-right,unknown,0
13277.420716261957,slight-left,unknown,30
13324.615809950927,6-left,unknown,0
13383.269742941957,4-right,unknown,0
13422.436098303893,square-left,unknown,0
13452.493900847534,slight-right,unknown,70
13524.35075789939,5-right,unknown,40
13612.0551693679,2-right,unknown,0
13681.798889689566,6-left,unknown,0
13722.08389079583,crest,unknown,0
13755.057079997187,3-left,unknown,40
13792.824244876023,6-right,unknown,0
13858.360206294157,3-right,unknown,30
13908.624443240262,1-left,unknown,30
13979.990925955868,2-right,unknown,0
14044.542878928278,crest,unknown,90
14108.198417220212,4-left,unknown,0
14197.049623160457,6-right,unknown,0
14240.916454558472,crest,unknown,80
14299.613972525696,1-left,unknown,0
14393.746518683532,slight-right,unknown,0
14433.779127955537,2-right,unknown,0
14471.155002551179,2-left,unknown,0
14507.59809775839,hp-right,unknown,50
14582.296628623097,crest,unknown,80
14627.077436595056,crest,unknown,80
14639.834999308681,finish,unknown,0
