0,slight-right,unknown,130
57.3154539203644,3-left,unknown,50
171.4821008014681,6-right,unknown,50
262.9258144474033,crest,unknown,40
360.3719802951819,3-right,unknown,90
493.89136837959404,1-left,unknown,70
614.6523989200601,1-left,unknown,0
679.8300297069559,hp-right,unknown,50
755.4097238826763,5-left,unknown,0
807.8052540874486,6-right,unknown,50
929.8860761547078,1-left,unknown,0
1059.0935774135576,4-right,unknown,0
1104.7645947551714,crest,unknown,60
1138.247521677016,slight-right,unknown,80
1212.182039041518,crest,unknown,30
1256.6413396167748,crest,unknown,30
1306.0364939975727,water-splash,unknown,0
1362.3565998935694,jump,unknown,50
1407.3423788928976,1-left,dont-cut,0
1477.9753025150299,6-right,unknown,0
1516.5487958431236,hp-right,unknown,0
1581.3956262683873,hp-left,unknown,50
1659.5744210433975,crest,unknown,40
1717.583923053742,slight-left,unknown,0
1783.330132312775,6-right,unknown,0
1832.2180376243598,4-left,unknown,40
1908.7272050666818,4-right,unknown,0
2007.5915631675741,crest,unknown,0
2076.9865439414993,crest,unknown,0
2129.526095333103,slight-left,unknown,30
2182.7514342689537,4-right,unknown,0
2250.211058826452,4-left,dont-cut,0
2317.902824077608,bump,unknown,60
2384.287532444005,6-right,unknown,0
2473.240761775978,crest,unknown,60
2534.746508083351,5-right,unknown,0
2628.184923801432,crest,unknown,0
2699.285508689891,square-left,unknown,30
2726.091435050977,2-right,unknown,0
2794.0231641197333,crest,unknown,0
2808.50420429231,jump,unknown,70
2860.6971261406056,slight-left,unknown,0
2954.295119953163,crest,unknown,0
3005.6048916816767,1-left,unknown,30
3084.462645359044,crest,unknown,0
3135.828148803715,3-right,unknown,70
3240.511007823948,6-right,unknown,0
3318.4359896278415,slight-left,unknown,0
3391.1144512748756,6-right,unknown,60
3456.771572971349,3-right,unknown,30
3556.1210488319457,2-left,unknown,0
3599.1237662696903,5-left,unknown,70
3664.2889542770454,slight-right,unknown,70
3751.381460533148,bump,unknown,30
3827.5296481323285,jump,unknown,0
3878.894083862308,6-left,unknown,60
3959.9264660263098,2-right,unknown,270
4205.215605354312,slight-left,unknown,70
4346.258022689824,square-left,unknown,50
4436.452893829353,crest,unknown,60
4511.860433835987,4-right,unknown,190
4705.870220670705,crest,unknown,0
4842.280765142448,3-left,unknown,30
4896.672789182673,slight-left,unknown,0
4952.414461774842,4-left,unknown,60
5046.841139822021,6-right,unknown,90
5185.753919286748,3-right,unknown,220
5416.838054761907,slight-right,unknown,100
5575.6736916256195,6-left,unknown,0
5714.734428625139,5-left,unknown,60
5793.190879087479,crest,unknown,80
5898.109006109273,2-left,dont-cut,60
5995.320319967306,2-right,unknown,70
6153.961941175499,4-left,unknown,70
6310.590791654625,3-right,unknown,50
6458.1738743496335,slight-right,unknown,0
6554.5109041119,crest,unknown,100
6608.2507849789035,6-right,unknown,130
6831.812667875327,4-right,unknown,60
6890.032706499142,5-left,unknown,50
7018.298357515384,slight-right,unknown,100
7219.577919778872,slight-left,unknown,50
7338.821534547857,6-right,unknown,0
7411.076638765387,finish,unknown,120
