0,straight,unknown,50
0,4-left,unknown,0
43.08173401832582,3-right,unknown,0
81.24718506813059,3-left,unknown,30
156.61256470680257,5-right,unknown,70
228.9435654926302,5-left,unknown,0
337.7199343204498,4-right,unknown,0
392.73450833320584,6-left,unknown,100
441.7643981266021,6-left,unknown,80
551.1265174961085,slight-left,unknown,180
766.50418606758,5-right,unknown,70
917.4008996295912,4-left,unknown,40
1006.763353548048,6-right,unknown,0
1081.99633500099,crest,unknown,100
1137.0380560779554,4-right,unknown,50
1291.4644643497447,5-right,unknown,30
1396.4507046985607,4-left,unknown,0
1493.9566849231699,6-right,unknown,160
1644.127769174574,6-left,unknown,30
1790.8107602787006,slight-right,unknown,50
1869.2021682453137,4-right,dont-cut,60
1955.8474905109388,3-right,unknown,0
2048.9772040653183,4-left,dont-cut,110
2150.6080834865506,slight-right,unknown,80
2242.7410329341806,crest,unknown,0
2332.0051716899793,3-right,unknown,50
2394.3219398403085,6-left,unknown,60
2467.563274145116,hp-left,unknown,40
2603.3212808704307,3-left,unknown,170
2763.072295904151,jump,unknown,80
2873.064268255224,crest,unknown,0
2971.2839208125997,4-right,unknown,70
3028.4453396892477,5-right,unknown,0
3126.2457615184667,4-right,unknown,50
3176.5592437267187,1-left,unknown,0
3244.07638449668,4-left,unknown,40
3319.1246346282883,slight-left,unknown,0
3350.97560357093,2-right,unknown,0
3404.7520275020524,1-right,unknown,40
3490.182548933021,4-right,unknown,190
3705.9293387889797,acute-hp-left,unknown,0
3818.4209866237584,square-right,unknown,30
3853.0306946659043,2-left,unknown,30
3894.687476024624,2-right,unknown,40
3951.1625956535277,slight-left,unknown,50
4023.0314588546676,4-left,unknown,50
4105.772242279047,5-right,unknown,0
4215.87284671783,crest,unknown,180
4381.483815383904,3-left,unknown,0
4521.395957565292,bump,unknown,60
4588.197080383287,slight-right,unknown,100
4664.186215705862,2-right,unknown,0
4795.638590660082,2-left,unknown,0
4874.1225828933675,3-right,unknown,30
4910.804104785921,square-left,unknown,80
4998.875647411345,square-right,cut,120
5142.883598423009,5-right,unknown,0
5235.705629291538,6-left,unknown,50
5330.823596363074,slight-right,unknown,0
5469.465904064181,slight-left,unknown,0
5525.249816799167,square-right,unknown,70
5571.558469190601,square-left,unknown,70
5652.628894758226,crest,unknown,0
5701.643249635706,4-right,unknown,0
5749.815025873198,bump,unknown,120
5818.502942857754,jump,unknown,70
5910.519699487694,square-right,unknown,0
6032.625911836638,4-right,unknown,0
6060.957493658079,2-left,unknown,0
6105.073373880397,3-right,unknown,50
6149.276099519738,6-right,unknown,80
6280.82929774285,dip,unknown,0
6393.825710630433,crest,unknown,0
6447.740616979613,3-right,unknown,70
6489.82782305719,square-left,unknown,170
6647.227343988438,6-right,unknown,30
6746.569791727086,3-left,unknown,60
6806.042689905195,2-left,unknown,100
6973.250232973122,3-right,unknown,30
7050.662507772469,1-left,narrow,0
7119.951994695688,square-left,unknown,0
7184.2282311678155,crest,unknown,100
7236.788677082084,1-right,unknown,120
7396.214383144404,crest,unknown,100
7489.220941143066,jump,unknown,40
7603.386446743046,square-right,unknown,40
7656.994351825749,crest,unknown,80
7688.228446441049,crest,unknown,80
7756.879911402222,crest,unknown,0
7849.526973665717,6-left,unknown,40
7896.338200434213,square-right,unknown,0
7959.594552153115,crest,unknown,150
8040.678948229308,square-left,unknown,100
8200.008512838851,4-left,unknown,80
8272.487113607884,slight-left,unknown,0
8387.016327894684,square-right,unknown,100
8484.943459852699,crest,unknown,60
8644.53000102854,crest,unknown,80
8722.277838114258,1-right,unknown,130
8991.951211021911,square-left,unknown,190
9247.301276526247,square-left,unknown,160
9487.35785485726,crest,unknown,70
9579.211289343646,crest,unknown,70
9593.274672064594,finish,unknown,100
