0,straight,unknown,170
93.48210615158078,square-right,unknown,100
255.94543828964234,crest,unknown,80
324.1286668014531,square-right,unknown,200
595.3912603569033,1-left,unknown,130
782.8799349021917,jump,unknown,30
870.7871051979079,1-right,unknown,50
935.5497522544879,crest,unknown,100
1011.9563591003442,1-left,unknown,80
1121.4251570510896,6-right,unknown,100
1191.0326937294033,4-right,unknown,60
1278.1426759529136,slight-right,unknown,0
1378.171164836886,square-right,unknown,180
1513.5488130855567,crest,caution,0
1597.9140394496917,square-left,unknown,40
1632.4133717250838,slight-right,unknown,0
1665.3762469100961,crest,unknown,70
1716.4162664794937,crest,unknown,50
1890.6243286895753,crest,unknown,130
2068.166598873138,1-left,unknown,40
2235.258934440617,crest,unknown,30
2288.240145721439,square-right,unknown,30
2383.3345618820213,1-right,unknown,0
2421.509362173082,3-left,unknown,110
2512.791537332536,3-right,unknown,50
2626.171891756062,3-right,unknown,40
2704.3634586048147,6-left,unknown,150
2833.870359735491,square-right,unknown,60
2990.8656808757796,3-left,unknown,30
3049.186370782849,crest,unknown,0
3081.667062273023,crest,unknown,0
3110.573917474747,dip,unknown,0
3157.37981167793,jump,unknown,40
3203.789983339305,5-left,unknown,0
3252.790699663156,crest,unknown,40
3322.178091249461,2-left,unknown,0
3390.6376246166183,2-right,unknown,30
3432.0635854244183,4-left,unknown,0
3467.751226358408,square-left,unknown,120
3554.598105993267,jump,unknown,120
3637.463808889387,bump,unknown,0
3746.096386861799,crest,unknown,0
3800.6669546413377,4-left,unknown,70
3845.509841260907,square-right,unknown,80
3946.452143526074,acute-hp-right,unknown,0
4008.0390634250616,square-left,unknown,0
4014.125692205428,6-right,unknown,0
4036.3743632507303,6-left,unknown,60
4065.091630649567,6-right,unknown,0
4133.0048661994915,5-left,unknown,200
4465.728876457213,square-left,cut,80
4501.653786048892,1-right,unknown,30
4576.175505256658,3-left,bridge,0
4639.75638774873,2-right,unknown,30
4672.895279235852,2-right,unknown,0
4719.675759162917,2-left,unknown,150
4835.887517490401,bump,unknown,0
4949.324134540573,4-right,unknown,70
5008.334570255296,slight-left,unknown,0
5106.1812257957645,slight-right,unknown,90
5161.449078350084,crest,unknown,50
5223.501895427723,4-left,unknown,60
5318.274127903008,3-right,unknown,60
5431.560888805405,slight-right,unknown,40
5514.823358821879,3-left,unknown,0
5576.257721538558,2-right,cut,0
5635.653942108167,hp-left,unknown,0
5697.8393474388195,square-right,dont-cut,100
5768.4121329832105,slight-left,unknown,40
5844.9622252798135,4-left,unknown,30
5932.0003772497275,crest,unknown,30
6033.479128203405,1-left,unknown,0
6120.65425757886,slight-right,unknown,50
6171.316819853792,3-right,unknown,0
6247.458709349639,1-right,unknown,40
6314.150568156246,5-left,unknown,70
6417.386864905359,5-left,unknown,0
6513.9290674352715,crest,unknown,80
6564.757900252345,jump,unknown,120
6727.036580481526,3-right,unknown,60
6881.985303359034,hp-right,unknown,60
6993.062512240406,6-right,unknown,70
7061.401929011335,3-left,unknown,80
7198.765440287584,crest,unknown,100
7291.231359362597,6-right,unknown,30
7410.7464379453595,3-left,unknown,50
7473.4296715497885,4-left,unknown,100
7616.693942484841,6-right,unknown,160
7809.9850146818135,slight-left,unknown,40
7935.32801726818,5-right,unknown,30
8014.177050700184,5-left,unknown,70
8113.4708043623,5-left,unknown,100
8319.70651736738,6-left,unknown,70
8422.016046710029,4-right,unknown,50
8510.34744586469,4-left,unknown,150
8735.738664584176,slight-right,unknown,40
8867.792653155333,6-right,unknown,60
8962.168093867309,slight-right,cut,0
9082.091874995227,4-left,cut,0
9137.117013278004,6-right,unknown,50
9181.760540461537,5-left,unknown,30
9279.324771800031,3-right,unknown,0
9357.042689127913,3-left,unknown,0
9415.087327494613,4-right,unknown,60
9491.401280398364,finish,unknown,0
