0,right-entry-chicane,unknown,0
0,6-right,unknown,0
0,square-left,unknown,0
0,6-right,unknown,0
31.98163807868958,5-left,unknown,200
198.95988553047184,acute-hp-right,cut,80
366.9495057392126,1-right,unknown,30
441.33353285789536,3-left,unknown,0
505.7146623897559,2-right,unknown,30
538.7181787586225,2-right,unknown,0
587.7598766994486,2-left,unknown,150
707.9362716960916,bump,unknown,0
819.7729003429423,4-right,unknown,70
872.950623769761,slight-left,unknown,0
976.3376208019268,slight-right,unknown,90
1035.3114351558695,crest,unknown,50
1094.8535699367533,4-left,unknown,60
1158.3496625804905,3-right,unknown,60
1293.5545242977169,slight-right,unknown,40
1386.5209404277834,3-left,unknown,0
1446.7982385540038,2-right,cut,0
1507.9576389598876,hp-left,unknown,0
1566.97288796425,square-right,dont-cut,100
1639.3482002735152,slight-left,unknown,40
1718.2445521640782,4-left,unknown,30
1796.430891199113,crest,unknown,30
1905.4399168872837,1-left,unknown,0
1992.1262992191323,slight-right,unknown,50
2041.7321343326576,3-right,unknown,0
2116.942277612686,1-right,unknown,40
2185.268988780972,5-left,unknown,70
2287.379932174677,5-left,unknown,0
2386.749073638913,crest,unknown,80
2437.178718872066,jump,unknown,120
2599.444415664672,3-right,unknown,60
2749.786786956789,hp-right,unknown,60
2861.1820386028294,6-right,unknown,70
2933.0429446697226,3-left,unknown,80
3069.8718480968473,crest,unknown,100
3161.872917432785,6-right,unknown,30
3286.5442039775853,3-left,unknown,50
3348.280329389573,4-left,unknown,100
3496.923608026506,6-right,unknown,160
3671.5257581806154,slight-left,unknown,40
3815.5179259586303,5-right,unknown,30
3889.862998170851,5-left,unknown,70
3960.9340876865367,5-left,unknown,100
4190.2554729175545,6-left,unknown,70
4299.548363199233,4-right,unknown,50
4385.477390642166,4-left,unknown,150
4612.456060113909,slight-right,unknown,40
4745.575894556045,6-right,unknown,60
4832.907998857501,slight-right,cut,0
4961.203110589981,4-left,cut,0
5010.329897127149,6-right,unknown,50
5061.156022882459,5-left,unknown,30
5158.507782602316,3-right,unknown,0
5234.071244936001,3-left,unknown,0
5292.01571515085,4-right,unknown,60
5367.785308084511,finish,unknown,0
