10,straight,unknown,60
52.4202243995666,5-right,unknown,0
89.5389368629456,6-left,unknown,50
173.85613965988156,slight-right,unknown,0
324.4202243995666,slight-left,unknown,0
375.90369691848764,square-right,unknown,70
422.39196265220636,square-left,unknown,70
507.478095493317,crest,unknown,0
556.5637581634529,4-right,unknown,0
602.8883341598521,bump,unknown,120
702.8883341598521,jump,unknown,70
755.7281929016125,square-right,unknown,0
891.13977502823,4-right,unknown,0
921.0522780323046,2-left,unknown,0
958.6960573864,3-right,unknown,50
1006.7789037799857,6-right,unknown,80
1126.5602615642565,dip,unknown,0
1248.2633475399032,crest,unknown,0
1310.4027896785756,3-right,unknown,70
1360.153243551256,square-left,unknown,170
1525.3341533555517,6-right,unknown,30
1627.5720222367768,3-left,unknown,60
1712.796948994589,2-left,unknown,100
1850.9586398210035,3-right,unknown,30
1935.9519433869823,1-left,narrow,0
2003.8300913514595,square-left,dont-cut,0
2049.860188378281,crest,unknown,100
2125.3341533555517,1-right,unknown,120
2261.7959131898315,crest,double-caution,100
2354.316153859083,jump,unknown,40
2477.9978522385986,square-right,unknown,40
2531.3247969331164,crest,unknown,80
2609.76847247234,crest,unknown,0
2694.327204543261,6-left,unknown,40
2749.0829057609117,square-right,unknown,0
2801.672555266527,crest,unknown,150
2977.9978522385986,square-left,unknown,100
3047.182146881724,4-left,unknown,80
3125.5850101553433,slight-left,unknown,0
3243.4101963125695,square-right,unknown,100
3357.392063547278,crest,unknown,60
3429.681573244237,square-left,unknown,30
3512.432731271885,crest,unknown,80
3611.6965534459564,1-right,unknown,130
3862.7977805387004,square-left,unknown,190
4095.498680187367,square-left,unknown,160
4344.615530773304,crest,unknown,70
4461.4808817635985,finish,unknown,100
