0,straight,unknown,50
0,5-left,unknown,100
63.8396839618683,hp-right,unknown,120
240.1257964611054,6-left,unknown,60
328.19005225181604,3-left,unknown,0
425.76580264091496,2-left,unknown,0
485.69086068153416,2-right,unknown,40
522.1812790966043,5-left,unknown,100
592.0062205791476,3-left,dont-cut,0
686.5703529644013,slight-right,unknown,0
739.3873540782934,slight-left,unknown,30
785.7495654201513,2-right,unknown,0
832.3513075542454,5-left,unknown,0
893.339380960464,5-right,unknown,40
933.5587864017479,2-left,unknown,0
988.1066040897359,1-right,unknown,40
1029.0324100780485,6-right,unknown,0
1099.1376415538762,2-left,unknown,30
1137.2598802089685,2-right,unknown,0
1187.170259103775,4-left,unknown,100
1268.3397049808489,3-left,dont-cut,50
1344.344740419387,1-right,unknown,50
1446.9301991748812,slight-left,unknown,0
1528.3096357250226,slight-right,unknown,0
1570.0215021801007,4-left,unknown,40
1610.235466814043,square-right,dont-cut,0
1664.7338014125842,slight-left,unknown,160
1821.0322683668187,crest,unknown,0
2019.5625314283427,3-left,unknown,0
2148.2657646894504,2-right,narrow,30
2211.4427776289044,1-left,unknown,60
2270.1669855833093,3-left,unknown,0
2327.638448042874,3-right,unknown,40
2359.320109572414,1-left,unknown,0
2403.116277174954,2-right,unknown,0
2453.839081473355,crest,unknown,0
2500.374446101192,dip,unknown,0
2533.294771265986,4-right,unknown,90
2567.8079944181495,slight-right,unknown,110
2671.8145046949408,4-right,unknown,0
2772.9715439939496,4-left,unknown,50
2818.254256587028,3-left,unknown,0
2874.7013431882856,slight-right,unknown,0
2943.1487898397454,1-left,unknown,80
3013.64679702282,slight-left,unknown,220
3178.117399744988,crest,unknown,90
3265.356876521111,crest,unknown,90
3323.879927515987,6-right,unknown,0
3440.683109202389,crest,unknown,0
3513.905186762811,water-splash,unknown,0
3544.1183480024342,2-right,unknown,50
3566.309810786246,4-right,unknown,0
3611.647067255974,slight-left,unknown,50
3643.9030878591534,1-right,unknown,30
3707.1584039831137,6-right,unknown,0
3752.8311402845325,3-left,unknown,0
3834.2405028295407,6-right,unknown,40
3896.1184678411378,4-left,unknown,0
3959.4897763967388,6-right,unknown,60
4018.5374403142805,4-right,unknown,160
4188.770758490557,crest,unknown,130
4445.6026914739605,slight-left,caution,0
4608.304674353599,5-left,unknown,30
4673.6057728338255,6-left,unknown,0
4726.2400018072185,crest,unknown,0
4777.854916510588,1-left,unknown,100
4857.984522929201,6-left,unknown,0
4939.439098696717,1-right,unknown,0
4979.845225291262,square-left,unknown,0
5019.487507214556,6-right,unknown,0
5050.134780926717,2-right,unknown,0
5081.33539116384,1-left,unknown,30
5111.089456048025,2-left,unknown,0
5148.951919064535,1-right,unknown,40
5197.993994698546,5-right,unknown,50
5266.131346335429,1-right,unknown,30
5335.729999690075,jump,unknown,0
5377.83955440046,2-left,unknown,60
5413.569508662239,4-left,unknown,40
5541.160622859022,6-left,dont-cut,30
5612.733823714273,1-right,unknown,0
5659.910000014323,slight-left,unknown,0
5691.214080557841,slight-right,unknown,80
5732.037006506939,6-left,unknown,40
5804.550874304792,1-right,unknown,0
5893.133978819868,4-left,unknown,80
5982.15687552931,5-left,unknown,0
6053.175011477492,6-right,widen,40
6092.6595353651255,4-left,unknown,0
6144.222790865921,square-left,unknown,80
6235.974081721319,1-right,unknown,0
6306.431427760136,3-left,unknown,0
6328.5196993971,4-right,unknown,0
6363.528378806126,water-splash,unknown,0
6387.436272788057,1-left,unknown,30
6407.415476183899,crest,unknown,70
6436.637805724158,6-left,unknown,120
6578.555462622651,crest,unknown,80
6669.5287501287585,square-right,unknown,30
6776.341361250892,5-right,unknown,80
6861.081316084877,4-right,unknown,0
6939.81357034208,bump,unknown,80
6985.203624663368,6-right,unknown,70
7047.792044310586,slight-right,unknown,0
7151.8133260870145,6-left,dont-cut,140
7434.722658190738,6-left,unknown,350
7790.979324965493,5-left,unknown,130
8029.464358572976,jump,caution,40
8154.354629263881,square-right,unknown,190
8327.637537016888,4-left,unknown,140
8497.081903891569,2-left,unknown,30
8616.30535565852,5-right,unknown,100
8690.861142745012,1-right,unknown,30
8793.631395888322,2-left,unknown,40
8859.402954707133,5-right,unknown,120
9026.664714312541,slight-right,unknown,100
9134.928781466464,slight-left,unknown,0
9261.134673418977,1-right,dont-cut,0
9341.904100604035,hp-left,dont-cut,0
10256.068489603975,4-left,unknown,0
10439.349034953097,4-right,unknown,0
10498.852103800746,6-left,unknown,40
10567.749778513878,slight-right,caution,100
10643.028349490129,6-left,unknown,30
10774.330450625384,5-right,unknown,0
10833.006034502943,5-left,unknown,0
10887.694185633622,6-right,unknown,0
10944.385178713765,slight-left,unknown,80
11002.001644663773,5-right,unknown,0
11059.688218264537,slight-left,unknown,0
11495.054251666028,2-left,dont-cut,100
11747.535898928603,4-right,unknown,0
11845.524955859159,slight-left,unknown,90
11960.360325350735,4-left,unknown,90
12080.170680003155,crest,unknown,40
12195.470957789395,5-right,unknown,0
12281.646729845976,6-left,unknown,100
12332.716716761566,6-left,unknown,40
12439.747892184238,crest,unknown,40
12569.198104243253,3-left,unknown,0
12636.832624964694,2-right,unknown,70
12674.981170916533,square-left,unknown,90
12800.03702006814,4-right,unknown,40
12866.681536402677,slight-left,unknown,60
12948.23215697763,3-right,unknown,30
13038.223099627483,2-left,unknown,80
13132.056699614506,slight-right,unknown,90
13208.397932181346,slight-right,unknown,100
13328.352053198807,5-left,unknown,170
13538.46821088312,2-left,unknown,0
13668.574798026068,1-right,unknown,0
13732.743597502693,square-left,unknown,0
13767.890834498394,4-right,unknown,50
13799.320274538979,slight-left,unknown,70
13862.487692675573,slight-right,unknown,0
13972.630338091838,6-left,unknown,0
14060.768110690104,6-right,unknown,70
14118.819188494655,5-left,caution,180
14244.813623423544,bump,unknown,40
14346.940477671586,crest,unknown,60
14418.697835421523,slight-right,unknown,150
14610.731003947209,6-left,unknown,80
14751.877924494689,5-right,unknown,30
14858.456388659419,square-right,dont-cut,50
14953.019609608593,slight-right,dont-cut,0
14999.11422533506,2-left,unknown,150
15113.78687717909,bump,unknown,220
15298.312451634361,hp-right,unknown,190
15846.331905932358,3-left,unknown,30
16015.015287280004,3-right,unknown,0
16084.34172202579,2-left,unknown,30
16135.436012377664,6-left,unknown,40
16202.873669505041,slight-right,unknown,0
16285.200330576814,5-left,unknown,40
16336.37091346255,1-left,dont-cut,0
16421.099959139738,4-right,caution,80
16514.023798365502,6-right,unknown,0
16606.1813055753,4-left,unknown,30
16647.487985873166,square-right,unknown,0
16687.116428637462,slight-right,unknown,0
16719.047162651983,slight-left,unknown,130
16799.63576191424,3-left,unknown,90
16937.531649022072,1-right,unknown,350
17297.491725850006,1-left,unknown,90
17505.323147206243,6-left,unknown,0
17570.472069764095,4-right,unknown,40
17647.12082476135,1-right,unknown,30
17726.69848438735,6-left,unknown,170
17879.309761242785,3-right,dont-cut,0
18290.504527592588,acute-hp-right,unknown,0
18453.431146969724,4-right,unknown,30
18499.552644009495,slight-left,dont-cut,190
18632.171689305243,6-left,unknown,0
18763.213411831803,5-right,dont-cut,90
19015.470472226116,slight-left,unknown,0
19059.672705378543,5-right,unknown,100
19137.739069018393,2-right,unknown,40
19234.32756934645,square-right,unknown,30
19304.445333151838,square-left,unknown,0
19360.12634088041,square-right,unknown,0
19389.428787531873,4-left,unknown,0
19446.39636115551,slight-right,unknown,0
19513.37711465358,3-left,unknown,100
19657.432559523582,crest,unknown,40
19765.11000051021,square-right,unknown,0
19831.84575383663,6-left,dont-cut,140
19968.10781434059,6-right,unknown,0
20080.57280797003,finish,unknown,0
