0,slight-left,unknown,150
70.79531540870666,slight-right,dont-cut,40
265.4703611373902,crest,unknown,100
337.04897145271275,4-right,unknown,0
428.87139225959754,slight-left,dont-cut,0
502.0456538867949,6-right,unknown,0
596.5657104587558,1-left,unknown,0
683.1594562816615,1-right,unknown,30
716.8001809597013,square-left,unknown,40
764.2104915714256,3-left,unknown,80
861.8843724155433,5-left,unknown,0
940.4924018573777,slight-right,unknown,40
989.244759531023,hp-right,dont-cut,80
1089.8178042221107,6-left,unknown,40
1154.939492511752,6-right,unknown,0
1213.3611115455656,kinks,unknown,270
1432.7588250160238,5-left,unknown,30
1567.9639418220534,square-right,dont-cut,0
1618.6753793907178,slight-left,unknown,200
1752.2742419052108,straight,unknown,150
1899.7174368286114,3-left,dont-cut,90
2101.991402893068,crest,unknown,50
2170.214521961213,6-right,unknown,30
2271.15436513901,2-left,unknown,40
2344.592832374578,5-left,unknown,30
2408.731345729831,6-right,unknown,40
2469.9314554023804,crest,unknown,0
2547.996043910986,1-right,unknown,350
2876.4032851409984,2-left,unknown,80
3064.801462039952,3-right,unknown,160
3230.213910655975,5-left,caution,0
3341.8457935142524,acute-hp-left,unknown,0
3386.699014072421,5-right,unknown,0
3420.4989323282293,6-left,unknown,100
3485.7515109300666,6-left,unknown,0
3571.892233166698,1-right,dont-cut,0
3637.992315430645,slight-left,unknown,30
3685.957107319835,6-right,unknown,0
3726.243336110119,slight-left,unknown,120
3810.9592243242314,3-right,unknown,0
3925.177737927439,3-left,unknown,40
3966.746170258524,4-right,dont-cut,190
4408.300748925223,hp-left,unknown,220
4720.309196085951,bump,unknown,120
4840.787757220287,crest,unknown,30
4972.4545609235975,1-right,unknown,30
5016.045401721026,slight-left,dont-cut,50
5070.4207925176925,square-left,dont-cut,30
5136.373309836411,6-left,unknown,70
5201.738875098253,6-right,unknown,190
5367.04527650359,6-left,unknown,0
5500.441594557788,slight-right,unknown,0
5567.739875121142,slight-left,unknown,0
5630.9232468557575,crest,unknown,50
5696.593414015791,6-right,unknown,80
5760.497639212631,6-left,narrow,0
5820.269748854658,6-right,unknown,70
5868.301310057659,slight-left,unknown,0
5944.267505660081,slight-right,unknown,0
5988.981132788681,slight-left,unknown,60
6060.628126883529,6-right,unknown,50
6179.156946730638,4-left,unknown,0
6259.248855567004,2-right,unknown,0
6298.515083403615,1-left,unknown,0
6326.104324374227,2-right,unknown,170
6485.39858169082,6-right,unknown,110
6592.2211871672025,slight-left,unknown,80
6715.952325434718,6-left,unknown,100
6831.960762972866,2-right,unknown,30
6962.98216411117,4-left,unknown,30
7029.970140166311,slight-right,unknown,70
7082.581986346269,5-left,unknown,0
7181.465987048173,slight-right,unknown,60
7229.925692744274,square-right,unknown,60
7329.607163176543,2-left,unknown,0
7385.063886160855,6-right,unknown,50
7424.7020970296935,crest,unknown,40
7488.64042005063,6-right,unknown,100
7621.397575736054,slight-right,unknown,0
7723.809690299046,6-left,dont-cut,50
7767.174193167702,slight-right,unknown,110
7845.902733817111,4-right,unknown,190
8051.4776106405325,3-left,unknown,120
8245.316018462167,1-right,dont-cut,0
8763.049275584215,6-right,caution,0
8938.33368880749,5-left,unknown,170
9071.712976260176,6-right,unknown,0
9187.149113955498,6-left,unknown,0
9232.579642481802,slight-right,unknown,70
9275.94038966656,crest,unknown,80
9362.247388415337,6-right,unknown,0
9462.139425082203,4-left,unknown,30
9514.971605753895,4-right,unknown,160
9607.932305788994,finish,unknown,0
