0,slight-right,caution,100
65.39489821434023,6-left,unknown,30
158.40749155998236,5-right,unknown,0
211.4388388347626,5-left,unknown,0
255.16365344047554,6-right,unknown,0
295.40828433036813,slight-left,unknown,80
340.76897601127615,5-right,unknown,0
441.3649064159396,slight-left,unknown,0
895.9554438304895,2-left,dont-cut,100
1129.7696749019617,4-right,unknown,0
1238.5415960979458,slight-left,unknown,90
1343.6365529918664,4-left,unknown,90
1477.7370547389978,crest,unknown,40
1564.7934247112269,crest,unknown,40
1577.1332159328451,5-right,unknown,0
1662.939056806563,6-left,unknown,100
1715.4783400249457,6-left,unknown,40
1821.3412485027297,crest,unknown,40
1950.8122240734078,3-left,unknown,0
2018.3067639064775,2-right,unknown,70
2069.0786418819425,acute-hp-left,unknown,90
2182.4411151790605,4-right,unknown,40
2249.3944673061364,slight-left,unknown,60
2330.4587272167187,3-right,unknown,30
2419.52257613182,2-left,unknown,80
2510.2226230907445,slight-right,unknown,90
2590.529729185107,slight-right,unknown,100
2705.367268171311,5-left,unknown,170
2919.361592741018,2-left,unknown,0
3050.7287370204967,1-right,unknown,0
3111.332092237477,acute-hp-left,unknown,0
3147.885253648761,4-right,unknown,50
3177.557059373859,slight-left,unknown,70
3252.688759870532,slight-right,unknown,0
3352.886830854419,6-left,unknown,0
3440.6761965465544,6-right,unknown,70
3496.7338004207613,5-left,caution,0
3570.1681239223485,6-right,cut,40
3621.885274305345,bump,unknown,40
3656.7433708477038,bump,bridge,40
3726.516871824265,crest,unknown,60
3812.7325133419035,slight-right,unknown,150
4010.7658631801596,6-left,unknown,80
4134.21492606163,5-right,unknown,30
4240.571348485951,square-right,dont-cut,50
4322.350439605712,slight-right,dont-cut,0
4372.013348026272,2-left,unknown,150
4486.657003974918,bump,unknown,220
4672.704809646607,hp-right,unknown,190
5207.580952768316,3-left,unknown,30
5382.293060655582,3-right,unknown,0
5451.393538599005,2-left,unknown,30
5500.245296945561,6-left,unknown,40
5552.465813894262,slight-right,unknown,0
5648.742072668065,5-left,unknown,40
5698.409201116549,1-left,dont-cut,0
5785.495945348725,4-right,caution,80
5875.722449903474,6-right,unknown,0
5969.299110746378,4-left,unknown,30
6007.371044816968,square-right,unknown,0
6048.36731131553,slight-right,unknown,0
6079.964683418267,slight-left,unknown,130
6177.039806480403,3-left,unknown,90
6311.093662624355,1-right,unknown,350
6706.711842536919,1-left,unknown,90
6865.233183422071,6-left,unknown,0
6932.580536289196,4-right,unknown,40
7010.038955974558,1-right,unknown,30
7086.8522192764085,6-left,unknown,170
7276.3264243697895,3-right,dont-cut,0
7679.74892923353,square-left,unknown,0
7814.689227123234,4-right,unknown,30
7862.385599718064,slight-left,dont-cut,190
8051.887582082724,6-left,unknown,0
8162.700467767687,5-right,dont-cut,90
8299.683723916969,hp-left,unknown,0
8378.953653688392,slight-left,widen,60
8418.82715401645,5-right,unknown,100
8507.137257051438,2-right,unknown,40
8594.7004266071,square-right,unknown,30
8667.815940027202,square-left,unknown,0
8716.144439516027,square-right,unknown,0
8748.042912645291,4-left,unknown,0
8797.984110059684,slight-right,unknown,0
8871.11036572451,3-left,unknown,100
9026.167223253186,crest,unknown,40
9122.584224786693,square-right,unknown,0
9189.760847330035,6-left,dont-cut,140
9307.988241186084,6-right,unknown,0
9420.32737097734,finish,unknown,0
