0,straight,unknown,200
198.73301106452942,5-right,unknown,30
256.72925965309145,3-right,dont-cut,40
323.1850793552402,6-left,unknown,100
456.44146698951755,slight-left,unknown,0
563.739923791886,crest,unknown,0
648.2449109363561,3-right,dont-cut,0
699.1174590396885,3-left,unknown,70
790.5141674518599,crest,unknown,190
932.366555643083,3-right,dont-cut,120
1155.023472795487,2-left,unknown,150
1371.6431379032128,5-right,unknown,0
1475.1082657337201,4-left,unknown,70
1542.5083829212203,5-right,unknown,80
1716.8249958896654,6-left,unknown,120
1901.1106404209165,slight-right,unknown,150
2034.5953287982957,crest,unknown,80
2164.983908815388,jump,caution,70
2263.8918890094806,jump,caution,70
2306.809897890096,crest,unknown,50
2407.2381370639846,5-right,unknown,0
2484.675786638261,5-left,unknown,70
2544.8938696002965,crest,unknown,50
2653.8205593585967,6-right,unknown,0
2789.3949176120786,crest,unknown,170
2967.5986343479162,4-right,unknown,130
3264.2180996417974,4-left,caution,120
3436.6224986362436,6-right,unknown,70
3567.081502771375,1-left,unknown,170
3769.267940034867,6-left,unknown,50
3873.3216895771006,5-right,unknown,60
3987.2993122196203,6-left,unknown,50
4106.765573701858,5-left,unknown,80
4194.7119031619995,crest,unknown,70
4312.858689241403,4-left,unknown,0
4428.330610818856,crest,unknown,100
4488.969778223029,5-right,dont-cut,0
4616.8920745563455,4-right,unknown,190
4790.447506113052,6-right,unknown,140
4966.638839883806,4-right,unknown,80
5133.09059716224,crest,caution,90
5254.946413469307,square-left,unknown,30
5356.203247308729,1-right,unknown,350
5616.175875577923,square-left,unknown,0
5782.196536016459,crest,unknown,0
5818.924826974864,1-right,unknown,60
5883.909531297679,2-right,unknown,0
5940.725901613237,2-left,unknown,40
5976.2723058033025,hp-left,unknown,0
6038.964445276264,5-right,unknown,60
6073.138624324799,crest,unknown,0
6131.894372138978,slight-right,unknown,120
6248.402946014407,2-right,unknown,0
6362.1411116409345,1-left,unknown,100
6450.593553714765,1-right,unknown,0
6527.274953765878,4-left,unknown,90
6611.702207736981,3-left,unknown,40
6708.506485118879,6-left,dont-cut,0
6775.171053562178,square-right,unknown,80
6893.004829730996,square-left,unknown,40
6968.18895572663,6-left,unknown,0
7032.922111091623,4-right,unknown,50
7079.167222938546,crest,unknown,0
7184.222560691851,4-right,unknown,50
7305.19932533266,hp-right,unknown,120
7478.5886746216,hp-left,unknown,0
7577.515636653925,crest,unknown,120
7644.062542648342,hp-right,unknown,0
7788.348747158074,4-left,unknown,0
7848.754045085927,crest,unknown,130
7969.50284566882,6-left,unknown,80
8109.184877376593,jump,unknown,90
8222.359472827953,3-left,dont-cut,0
8334.156186504415,4-right,unknown,40
8409.221888179827,crest,unknown,50
8513.938352375077,1-right,unknown,350
8804.242129249626,6-right,unknown,50
8952.21109451299,crest,unknown,90
9068.467698020995,4-right,dont-cut,0
9194.848515930238,5-left,unknown,70
9275.874966507023,6-left,unknown,160
9484.509163703984,5-right,unknown,80
9685.77625938422,3-left,unknown,0
9788.45862182623,6-left,unknown,40
9856.408017959657,5-right,unknown,30
9920.140610084596,1-left,unknown,0
9998.319773941104,3-right,unknown,40
10095.675064888066,5-left,unknown,0
10167.455089588231,crest,unknown,90
10216.961019535127,slight-right,unknown,110
10335.735094242154,slight-right,unknown,80
10475.068140583107,crest,unknown,50
10593.247232990334,slight-left,unknown,40
10697.82848211295,3-right,dont-cut,90
10799.889441433026,3-right,cut,0
10900.274970226366,4-left,unknown,50
11059.200284710012,6-right,unknown,0
11446.669945507138,5-left,unknown,0
11627.862392177665,3-right,unknown,40
11737.92707025535,slight-left,unknown,0
11826.47646295556,slight-right,unknown,0
11893.886057758411,slight-left,unknown,60
12012.684875354846,jump,unknown,90
12105.787300968244,4-left,unknown,0
12285.039839115223,crest,unknown,50
12415.927851810527,4-right,unknown,120
12530.548643131335,2-left,unknown,0
12680.128707447126,4-left,unknown,40
12753.020459499441,6-left,unknown,60
12842.072556476662,hp-right,unknown,100
13002.943627986973,slight-right,unknown,90
13073.54090787896,4-right,unknown,0
13190.97852132806,5-left,dont-cut,0
13311.649944706049,4-right,unknown,0
13384.053195324026,4-left,unknown,0
13435.622826862418,4-right,unknown,0
13510.046387348259,4-left,unknown,50
13572.997656574327,bridge,unknown,0
13683.275009555888,slight-left,unknown,0
13739.170368137431,slight-right,widen,0
13818.46386377342,5-left,unknown,100
13977.287319316938,5-left,unknown,120
14156.722174701756,square-right,narrow,0
14315.750123157577,2-right,unknown,50
14354.33044749267,3-right,unknown,0
14413.189596166672,1-left,unknown,30
14463.730615530074,square-left,unknown,70
14561.9609090901,5-right,unknown,0
14621.173620538766,5-left,unknown,0
14661.136829004343,square-left,unknown,0
14712.203886423169,crest,unknown,50
14733.719385576305,3-left,unknown,60
14787.980230417317,hp-right,widen,220
15019.209425039373,6-left,unknown,270
15291.96425921447,2-right,unknown,200
15589.880755300592,6-left,dont-cut,190
15804.07276007659,slight-left,caution,100
15984.026855306705,5-left,unknown,0
16168.070485830387,6-right,unknown,0
16229.947838659395,4-right,unknown,0
16289.639167204034,crest,unknown,70
16341.782151289113,slight-right,unknown,250
16545.295227346545,6-left,unknown,0
16736.174985036996,crest,unknown,0
16808.592869482185,4-left,unknown,60
16873.94787169472,6-left,unknown,50
16974.175269498974,3-right,unknown,180
17137.83051951422,1-right,unknown,0
17261.456343145514,4-right,unknown,0
17307.27006233706,2-right,unknown,150
17412.733492856143,3-left,unknown,70
17564.928081250313,6-right,unknown,0
17695.14892090331,crest,unknown,0
17738.591091160884,bump,unknown,100
17796.46761581909,slight-left,unknown,200
18011.819284634727,6-right,unknown,0
18167.02808014409,square-left,unknown,90
18325.793058800828,slight-right,unknown,70
18413.0417357112,crest,unknown,50
18523.886790642853,jump,unknown,70
18597.132543740387,3-left,unknown,0
18692.02510279187,6-left,unknown,40
18761.383084282967,square-right,dont-cut,40
18834.438078293897,square-right,dont-cut,40
18911.221747040872,bump,unknown,30
18949.27580456269,3-left,unknown,0
19013.433850484016,crest,unknown,90
19088.92250690948,3-right,unknown,40
19191.755105557568,4-left,unknown,0
19261.745351033343,slight-right,unknown,0
19333.952396092525,6-left,unknown,0
19410.076782765518,4-left,unknown,0
19525.912579846514,square-right,dont-cut,0
19586.464012189015,3-left,widen,70
19678.006870398654,crest,unknown,0
19733.535833258757,slight-left,unknown,30
19884.608109469555,square-left,unknown,0
19968.965744071153,6-left,unknown,0
20036.82027314677,5-right,unknown,100
20119.89450383678,bump,unknown,70
20188.09323113931,bump,unknown,70
20246.49110215677,crest,unknown,0
20286.645696272983,crest,unknown,0
20340.18990682138,4-right,unknown,100
20403.407374739756,slight-right,unknown,60
20521.915091796047,5-left,unknown,120
20682.442572188196,3-left,unknown,50
20812.27112905008,crest,unknown,0
20906.59185929758,slight-right,unknown,0
20961.44011895639,6-left,unknown,80
21019.025377669146,square-right,unknown,80
21179.95729754902,square-left,unknown,90
21295.517326979374,slight-right,unknown,50
21379.561623930647,1-left,unknown,0
21472.040427984935,slight-right,unknown,0
21523.224276213405,6-right,unknown,0
21607.548940977824,6-left,unknown,50
21681.53453046299,1-left,unknown,0
21857.71827784991,crest,unknown,0
21900.886937250838,3-right,unknown,90
21981.33970790359,bump,unknown,60
22066.965594668123,4-left,unknown,50
22155.94712111922,6-left,unknown,0
22236.50689170333,5-left,unknown,140
22379.233822512364,4-right,unknown,70
22526.755878367185,6-right,unknown,60
22582.669412684187,6-right,unknown,60
22748.289368842743,4-right,unknown,0
22833.956001800212,6-right,unknown,50
22936.135658248564,acute-hp-right,unknown,30
23075.15119161951,hp-right,unknown,50
23136.77645277369,hp-right,unknown,50
23170.130398734684,slight-right,unknown,70
23226.92967495309,6-left,unknown,0
23330.1929700886,4-right,unknown,0
23377.847642139106,3-left,unknown,80
23481.536548255615,5-left,unknown,60
23565.498008979488,hp-left,unknown,40
23675.088211768794,6-right,unknown,60
23752.427908981976,hp-right,unknown,50
23881.283815115632,5-left,unknown,0
23935.141472414667,slight-left,widen,0
23990.95161748759,slight-right,unknown,70
24030.61564248913,2-right,unknown,90
24154.07163110608,3-right,unknown,120
24278.933119706093,2-left,unknown,0
24393.539447945528,slight-right,bridge,100
24502.9457378854,4-left,unknown,80
24646.372283524444,slight-right,unknown,100
24749.161916588713,square-right,dont-cut,70
24916.16114436045,5-left,unknown,0
24968.627842205915,6-right,unknown,170
25216.47121378797,4-right,unknown,0
25322.258868397643,2-right,unknown,80
25453.035103424987,3-left,unknown,0
25532.909720047912,2-left,unknown,180
25670.193459881764,5-right,unknown,0
25752.991886090284,4-right,unknown,0
25832.798539227504,crest,unknown,0
25931.722927884115,4-left,unknown,110
26070.830055760416,2-left,unknown,40
26226.089802359627,4-right,dont-cut,30
26285.227276076355,crest,unknown,0
26324.615788764033,crest,unknown,0
26363.56949756531,slight-right,unknown,90
26423.193892668754,4-left,caution,100
26668.032903746654,crest,unknown,0
26773.779263114026,5-left,unknown,40
26833.852823332836,crest,unknown,0
26900.40094543369,3-left,unknown,0
26975.772027815907,4-right,unknown,0
27091.96034912025,2-right,unknown,30
27134.100982474436,5-left,caution,0
27200.269896525497,1-left,unknown,70
27270.857098254302,hp-right,unknown,70
27403.9952588836,4-left,unknown,40
27466.440165728676,slight-left,unknown,0
27541.577329157928,slight-right,unknown,0
27594.292249201884,4-left,unknown,0
27652.227748774643,4-right,unknown,0
27742.61132112418,square-left,unknown,0
27808.927235621548,4-right,unknown,30
27908.887304171683,5-right,unknown,120
28103.239763043865,4-left,unknown,0
28176.35724450442,3-left,unknown,80
28309.635647366977,crest,unknown,40
28377.700510934326,4-left,caution,0
28471.603354791125,crest,unknown,100
28574.745917104206,3-right,unknown,0
28660.801516164298,4-right,unknown,40
28752.443317998408,6-left,unknown,80
28832.33010915134,square-right,dont-cut,40
28950.96928981155,3-left,unknown,60
28998.88688919395,slight-left,unknown,150
29148.23875603047,6-right,unknown,60
29274.455167163294,1-right,unknown,0
29401.00229782427,slight-left,unknown,0
29449.919355471975,6-right,unknown,140
29555.315691703203,3-left,dont-cut,150
29712.48288210237,2-left,unknown,0
29819.933979132984,6-right,unknown,60
29917.91928719842,6-left,unknown,280
30165.916209004725,5-right,caution,150
30410.97869733175,3-left,unknown,120
30598.934389470418,5-right,unknown,220
30846.118298390717,right-entry-chicane,unknown,200
31132.68321494901,slight-right,unknown,60
31257.172813986173,crest,caution,100
31310.568963468893,crest,caution,100
31350.26024444423,1-right,unknown,0
31477.54468536222,6-left,unknown,280
31679.883744600684,4-left,unknown,240
31970.213662088783,3-left,unknown,0
32124.79033426136,2-right,unknown,50
32217.528056314863,finish,unknown,0
