0,straight,unknown,50
0,1-left,unknown,0
47.38607043266296,3-right,unknown,140
198.0454237270355,slight-left,unknown,60
325.94069621086106,4-right,widen,270
561.8282349681853,slight-right,unknown,40
726.6172299480439,1-left,unknown,50
793.9576384258273,crest,unknown,90
836.0542005681995,crest,unknown,90
892.8001957799498,slight-left,unknown,240
1108.3535518743097,left-entry-chicane,unknown,280
1415.0623878194415,6-left,unknown,120
1542.190734605941,3-right,unknown,140
1795.9418169881426,4-left,unknown,150
1967.1393063069909,crest,unknown,100
2109.589685907515,5-right,unknown,50
2232.884198618085,6-left,unknown,40
2348.6242344762395,2-right,unknown,150
2504.5522451497645,3-right,unknown,140
2661.171066904222,6-left,unknown,0
2773.1953895665756,slight-right,unknown,0
2829.728114366685,1-left,unknown,0
2865.0088713170667,slight-left,unknown,170
3026.8144269849395,slight-right,unknown,70
3161.5964438153837,2-right,unknown,50
3257.2108204938536,square-left,unknown,40
3370.729819393314,5-right,unknown,50
3423.7643313600197,4-left,unknown,0
3502.582927208101,3-left,unknown,100
3622.207926025548,5-right,unknown,160
3860.0937376786896,slight-right,unknown,0
3985.2572516252217,3-right,unknown,130
4085.9830302430887,5-left,unknown,40
4202.627439804249,4-left,unknown,30
4312.250826873944,1-right,unknown,0
4415.995573635267,4-left,unknown,0
4464.9531320192145,5-right,unknown,0
4547.000628547843,slight-left,unknown,0
4632.497403793511,slight-right,unknown,40
4695.350335731681,5-right,unknown,60
4764.685121116816,hp-left,unknown,50
4897.318931408102,2-right,unknown,40
5005.916617450891,1-left,unknown,30
5104.770209427061,4-right,unknown,0
5184.856368789854,slight-left,unknown,40
5293.703506126588,6-right,unknown,0
5378.220182647889,crest,unknown,120
5439.777097778505,5-right,unknown,130
5632.420061798288,slight-left,unknown,80
5779.678321228215,3-left,unknown,60
5896.165712661934,2-right,unknown,100
6077.803268127645,3-right,unknown,0
6182.448090553486,crest,unknown,0
6279.773781547747,3-left,unknown,80
6437.830682869162,3-left,unknown,0
6545.268888130394,crest,unknown,0
6596.469509048669,1-right,unknown,80
6689.119977150173,1-left,unknown,0
6774.710470276087,4-left,unknown,150
7020.3658419038875,6-left,unknown,0
7161.014772224628,5-right,unknown,0
7223.424805107315,crest,unknown,50
7284.690626373487,square-left,dont-cut,90
7367.2851351930685,slight-left,unknown,70
7445.88811531087,4-right,unknown,80
7572.323853149612,slight-left,unknown,30
7696.33375682851,2-right,unknown,120
7851.303687172127,4-left,unknown,100
7949.76231388111,2-left,caution,90
8066.178307190126,slight-left,unknown,0
8171.546866989323,slight-right,unknown,0
8223.873397369567,5-right,unknown,70
8279.637774925419,hp-left,unknown,50
8372.240939007004,5-left,unknown,40
8421.441293277941,hp-right,unknown,40
8501.20767950078,5-right,unknown,90
8605.964522886501,3-right,unknown,40
8712.112868108978,3-left,widen,0
8827.262846098183,5-right,unknown,40
8876.112536840681,6-left,unknown,50
8945.007098875287,hp-left,unknown,30
9037.890233373892,square-right,dont-cut,0
9120.123727922683,6-left,unknown,0
9222.940953836684,5-left,unknown,70
9334.438583688981,6-left,unknown,50
9472.076746737019,3-left,unknown,70
9554.38189043666,slight-right,unknown,0
9669.245716883197,5-right,unknown,90
9812.423003679769,4-right,unknown,70
9964.450989023695,bump,unknown,80
10061.52682169581,3-left,unknown,0
10170.539747683048,crest,unknown,80
10218.01704695368,square-left,unknown,0
10312.288788248547,acute-hp-right,unknown,0
10314.42751063014,square-left,unknown,0
10325.988589083201,1-right,dont-cut,0
10373.597012812139,slight-left,unknown,0
10424.558791305068,slight-right,unknown,0
10459.707452861308,6-left,unknown,0
10532.716371013163,1-right,unknown,40
10665.583296939389,6-left,unknown,70
10746.946979648117,3-right,unknown,0
10857.684194537636,square-right,unknown,80
10926.586649981964,hp-left,unknown,80
11039.093959762089,slight-right,unknown,0
11112.365997020239,6-left,unknown,50
11168.884886561866,crest,unknown,40
11246.683868533606,3-right,unknown,120
11373.220517970552,6-right,unknown,40
11490.834247180448,slight-left,unknown,120
11568.660711413844,4-left,caution,130
11741.537146197781,jump,unknown,100
11889.136491519434,4-left,unknown,0
12005.408588534807,6-right,unknown,0
12085.172156421158,1-right,unknown,50
12303.673102065535,crest,unknown,100
12336.975086318467,crest,unknown,100
12384.588336364248,5-right,unknown,0
12505.696770659912,hp-left,dont-cut,0
12549.931571609,4-right,widen,0
12604.23269922397,6-right,unknown,0
12646.713647634011,jump,unknown,0
12707.504943677415,slight-left,unknown,0
12783.021984960076,3-right,unknown,30
12844.512629186143,3-left,unknown,70
12956.095524960981,crest,unknown,0
13040.843082868092,3-right,unknown,0
13100.811324979299,6-left,unknown,0
13226.249223844045,square-left,dont-cut,0
13274.713823033793,6-right,widen,0
13328.30815644405,3-right,unknown,80
13428.649237643689,jump,unknown,50
13545.9346791186,crest,unknown,60
13615.971368342838,slight-left,unknown,120
13708.988599025202,1-right,unknown,0
13884.816737834404,6-left,unknown,180
14041.287743808225,slight-right,unknown,130
14207.8872154345,6-left,caution,0
14393.706134654472,5-left,unknown,50
14518.700512362915,3-right,unknown,160
14669.42567196983,2-left,unknown,0
14797.527830630726,bridge,unknown,0
14836.422274142695,square-left,widen,170
14950.77554059169,3-left,unknown,0
15057.297403880575,slight-right,unknown,60
15156.522091914632,5-right,unknown,0
15236.950873004424,6-right,unknown,220
15459.009811564936,slight-left,caution,80
15639.657472850333,slight-right,unknown,0
15755.708091594235,4-left,unknown,0
15836.498603183294,5-left,unknown,0
15899.079122001196,6-right,unknown,140
15985.544711905985,slight-right,unknown,250
16213.689256164083,6-right,unknown,220
16443.421358291165,2-left,unknown,280
