0,straight,unknown,200
197.7397875785827,5-right,unknown,30
255.80906986236567,3-right,dont-cut,40
324.0359159088136,6-left,unknown,100
454.8543732833859,slight-left,unknown,0
562.8178997802734,crest,unknown,0
645.432902908325,3-right,dont-cut,0
702.55507648468,3-left,unknown,70
772.1736559295647,crest,unknown,190
925.4748373413083,3-right,dont-cut,120
1147.9480424880983,2-left,unknown,150
1368.6903336906416,5-right,unknown,0
1470.2809767341605,4-left,unknown,70
1537.3933142280575,5-right,unknown,80
1705.4270235633835,6-left,unknown,120
1887.045219821929,slight-right,unknown,150
2024.0678664207446,crest,unknown,80
2160.031318035124,jump,caution,70
2298.258945827482,crest,unknown,50
2400.7507256126387,5-right,unknown,0
2477.666824474332,5-left,unknown,70
2544.2175548362698,crest,unknown,50
2647.7593569374044,6-right,unknown,0
2780.334793186186,crest,unknown,170
2883.167657680505,crest,unknown,170
3263.1122424507103,4-left,caution,120
3450.552293415069,6-right,unknown,70
3561.8405514335636,1-left,unknown,170
3767.729508342744,6-left,unknown,50
3868.7695234107996,5-right,unknown,60
3983.34528631211,6-left,unknown,50
4101.448926219948,5-left,unknown,80
4191.676750621804,crest,unknown,70
4307.412826633462,4-left,unknown,0
4423.162485446942,crest,unknown,100
4485.501707172404,5-right,dont-cut,0
4611.522184200297,4-right,unknown,190
4806.756768016826,6-right,unknown,140
4992.162477817551,4-right,unknown,80
5132.116183071154,crest,caution,90
5253.918377590205,square-left,unknown,30
5353.951240673087,1-right,unknown,350
5613.356146106747,square-left,unknown,0
5772.244874439263,crest,unknown,0
5813.777369689966,1-right,unknown,60
5875.507081451442,2-right,unknown,0
5937.719464817074,2-left,unknown,40
5974.007980957063,hp-left,unknown,0
6033.657661247287,5-right,unknown,60
6082.163765611688,crest,unknown,0
6139.328357400935,slight-right,unknown,120
6237.375708055543,2-right,unknown,0
6366.153964204836,1-left,unknown,100
6445.0036834812645,1-right,unknown,0
6533.422855272345,4-left,unknown,90
6615.3073142529,3-left,unknown,40
6714.505242338222,6-left,dont-cut,0
6783.368598318142,square-right,unknown,80
6921.855069513366,square-left,unknown,40
6983.684881429718,6-left,unknown,0
7047.897460508392,4-right,unknown,50
7151.537373862321,crest,unknown,0
7213.616314559036,4-right,unknown,50
7332.028407416394,hp-right,unknown,120
7521.953138165519,hp-left,unknown,0
7606.9733181429365,crest,unknown,120
7675.828802304314,hp-right,unknown,0
7813.859264359526,4-left,unknown,0
7883.232410874424,crest,unknown,130
7994.668724236542,6-left,unknown,80
8135.147170891818,jump,unknown,90
8244.624849343367,3-left,dont-cut,0
8361.165792374668,4-right,unknown,40
8477.288960435875,crest,unknown,50
8557.850178354274,1-right,unknown,0
8694.140264595055,finish,unknown,0
