0,3-right,unknown,0
0,straight,unknown,40
47.943467769622785,slight-left,unknown,60
136.15235544204705,5-right,unknown,40
239.802403240204,square-left,unknown,180
433.2751576805119,5-left,unknown,160
611.8691061210639,3-right,unknown,30
753.790881366731,crest,unknown,0
827.003397426606,3-left,unknown,80
981.3023227500931,1-right,unknown,120
1098.0438129234328,5-right,unknown,0
1194.9340907478343,crest,unknown,110
1306.3780570411695,6-right,unknown,0
1398.5417157936097,4-left,unknown,30
1495.8247974967962,crest,unknown,0
1590.4808452415461,slight-right,unknown,0
1652.4301260566704,6-left,dont-cut,30
1720.0641322517392,5-right,unknown,80
1794.598194522857,crest,unknown,50
1934.0272999000529,slight-left,unknown,0
2003.5562405967698,6-left,unknown,50
2162.5453294944723,6-right,unknown,80
2270.1436753654457,slight-right,unknown,240
2519.8485153770434,left-entry-chicane,unknown,70
2701.0343408393855,left-entry-chicane,unknown,70
2774.7084368324286,crest,unknown,0
2830.071731739044,3-right,dont-cut,0
2876.9865407752977,crest,unknown,40
2925.2825491142257,crest,unknown,100
3105.406195812224,6-left,unknown,100
3202.650813808442,6-right,caution,70
3352.8593152046196,crest,unknown,0
3489.0870596885684,5-right,dont-cut,110
3682.0909645652764,crest,unknown,0
3766.1585610008224,6-left,unknown,60
3840.7750780296296,6-right,dont-cut,100
3963.7042251014673,6-right,unknown,120
4095.8115386772133,4-left,unknown,90
4245.191113491058,5-right,unknown,0
4371.371863803861,crest,unknown,120
4597.539432239525,crest,unknown,60
4665.287905063621,3-left,unknown,0
4738.2957000160195,5-right,dont-cut,70
4802.070565204615,6-right,dont-cut,200
4986.273906154628,crest,unknown,40
5136.1330428123465,crest,unknown,50
5212.8632446098345,slight-left,unknown,0
5288.831823558806,jump,unknown,0
5340.847234401703,jump,unknown,0
5362.626925182343,slight-right,unknown,50
5432.757564258576,crest,unknown,120
5667.717945957183,hp-left,widen,80
5807.759836875515,slight-left,unknown,70
5899.866639548854,crest,unknown,350
6259.00715884359,crest,unknown,200
6461.202320128995,5-right,unknown,70
6645.77136881979,slight-left,unknown,0
6839.46596881063,crest,unknown,80
7005.5581878963185,2-right,unknown,120
7213.957269088338,slight-left,unknown,0
7294.501687270702,crest,unknown,160
7541.249076873376,crest,unknown,70
7716.89345835836,left-entry-chicane,unknown,170
7912.393592769219,crest,unknown,200
8085.275529300277,4-left,unknown,170
8410.730021182615,5-left,unknown,50
8537.79087083014,4-right,unknown,80
8713.79886071356,6-left,unknown,80
8849.619906436512,square-left,unknown,50
9030.538333102762,slight-left,unknown,30
9081.922357417649,6-right,unknown,160
9243.950363055774,slight-right,unknown,190
9472.109227382249,jump,unknown,140
9647.697824336596,3-left,dont-cut,30
9827.705284015263,2-right,dont-cut,0
9906.545694716466,3-right,unknown,0
9942.803701298732,5-right,unknown,0
9975.123188260093,jump,unknown,0
10013.981617081652,2-right,dont-cut,0
10055.454361947075,1-left,dont-cut,30
10120.792782547971,jump,unknown,30
10169.271711266536,2-right,unknown,0
10217.566521981262,1-right,dont-cut,50
10286.021102555296,4-right,unknown,0
10338.972867234259,2-left,dont-cut,30
10385.58438823035,jump,unknown,60
10443.739404404663,2-left,unknown,40
10533.877350056659,slight-left,widen,40
10573.908757966046,crest,unknown,60
10642.110964959149,5-left,unknown,90
10849.481769021022,6-right,unknown,80
10948.10423751162,slight-right,unknown,30
11081.372157929412,slight-left,unknown,80
11155.5972234659,slight-left,unknown,0
11262.244377778037,slight-right,unknown,180
11535.593367455462,6-left,unknown,100
11751.931835091576,6-right,unknown,0
11915.693356163973,5-right,unknown,0
12060.99022700594,3-left,unknown,90
12166.620969250665,crest,unknown,50
12258.500193417533,2-right,unknown,0
12337.36548417375,5-right,unknown,0
12388.660650361027,6-right,unknown,100
12486.212236168829,jump,unknown,110
12605.142122490864,crest,unknown,0
12644.5273274164,crest,unknown,0
12732.476907723418,3-right,unknown,0
12783.722213623996,square-left,dont-cut,0
12836.597612622243,slight-left,unknown,50
12893.597285674066,4-right,unknown,40
12976.82456754967,slight-left,unknown,120
13103.94439825341,jump,unknown,0
13152.250663741073,jump,unknown,0
13187.932205107652,jump,unknown,0
13229.816257193515,6-right,unknown,0
13292.534583266199,4-right,unknown,40
13387.453281093052,4-left,dont-cut,170
13559.613515029378,6-right,unknown,0
13670.430770965033,5-left,dont-cut,100
13762.244247832707,5-left,caution,40
13897.859847579404,6-right,unknown,80
14029.911124511173,6-right,caution,0
14175.661997657251,slight-right,unknown,60
14290.716160903401,4-left,unknown,0
14412.25055642648,4-right,unknown,70
14551.295373931362,4-right,unknown,50
14625.279791045627,3-left,dont-cut,160
14829.321614585348,crest,unknown,100
14957.082636542757,5-right,unknown,0
15099.545240035497,6-right,unknown,40
15158.896881309,crest,unknown,0
15247.304247985317,3-left,unknown,70
15355.913911300131,6-right,dont-cut,0
15457.887685256426,slight-left,unknown,80
15581.933099494392,jump,unknown,160
15742.626563048767,crest,unknown,70
15875.457464194707,4-left,unknown,0
15978.484473510196,slight-right,unknown,60
16090.284586997448,5-right,unknown,80
16184.614524512695,jump,unknown,40
16304.351936698338,jump,unknown,70
16387.213704009428,6-left,unknown,0
16495.25690778291,5-right,unknown,0
16640.24890454806,5-left,unknown,60
16719.708052268386,slight-right,unknown,70
16836.979437003494,crest,unknown,0
16981.834262481098,3-right,unknown,0
17039.185418944726,finish,unknown,0
