0,straight,unknown,80
43.70345462799071,5-left,unknown,50
99.19012707710262,4-right,unknown,80
273.79962056159957,6-left,unknown,80
403.4665412235254,square-left,unknown,50
559.7632854175557,slight-left,unknown,30
610.9150026035295,6-right,unknown,160
784.7670069599135,slight-right,unknown,190
1015.7361752033219,jump,unknown,140
1178.9888675403574,3-left,dont-cut,30
1355.600583276748,2-right,dont-cut,0
1423.1761781406399,3-right,unknown,0
1465.341114149094,5-right,unknown,0
1498.5900895500176,jump,unknown,0
1537.5051854896537,2-right,dont-cut,0
1572.0298735618583,1-left,dont-cut,30
1630.1097443771353,jump,unknown,30
1686.4727667808515,2-right,unknown,0
1734.7713506698592,1-right,dont-cut,50
1798.8826619720446,4-right,unknown,0
1850.4724336624129,1-left,dont-cut,30
1895.3826136970508,jump,unknown,60
1945.3645775222767,jump,unknown,60
1959.7549445343009,1-left,unknown,40
2044.5086932754534,slight-left,unknown,40
2085.1974134254465,crest,unknown,60
2153.5940005111715,5-left,unknown,90
2243.5236819458028,5-left,unknown,40
2361.2027919769284,6-right,unknown,80
2474.614234466551,slight-right,unknown,30
2594.3104364395117,slight-left,unknown,80
2667.4239459991413,slight-left,unknown,0
2774.318215522762,slight-right,unknown,180
2890.8770280075023,5-right,unknown,100
3048.6327256011914,6-left,unknown,100
3272.2175823593093,6-right,unknown,0
3428.4291639327935,5-right,unknown,0
3569.8346078109653,3-left,unknown,90
3681.7779891452024,crest,unknown,50
3777.2801569613657,2-right,unknown,0
3856.0209638079837,5-left,unknown,0
3898.2666584262065,6-right,unknown,100
4058.1265792285703,jump,unknown,110
4140.385352841544,jump,unknown,110
4279.19684316747,3-right,unknown,0
4336.035695477653,square-left,dont-cut,0
4402.463111311355,slight-left,unknown,50
4452.795702415865,4-right,unknown,40
4535.592996918129,slight-left,unknown,120
4664.526365410257,jump,unknown,0
4712.269706283976,jump,unknown,0
4747.696541191508,jump,unknown,0
4788.8780788959775,6-right,unknown,0
4852.193064400127,4-right,unknown,40
4931.574465300015,4-left,dont-cut,170
5106.206080042282,6-right,unknown,0
5219.0326162971705,5-left,dont-cut,100
5309.8704063286,5-left,caution,40
5444.7323708214,6-right,unknown,80
5576.12943560259,6-right,caution,0
5720.818832498948,slight-right,unknown,60
5850.556802393361,4-left,unknown,0
5957.717412020134,4-right,unknown,70
6014.36730810778,square-left,unknown,0
6093.401469141414,4-right,unknown,50
6205.537935968804,3-left,dont-cut,160
6394.249277635974,crest,unknown,100
6522.4857120384395,5-right,unknown,0
6674.002976175701,6-right,unknown,40
6756.809419161232,crest,unknown,0
6824.783768030561,3-left,unknown,70
6920.760414530194,6-right,dont-cut,0
7037.686307855998,slight-left,unknown,80
7184.933419125904,jump,unknown,160
7340.848869984979,crest,unknown,70
7462.696268399596,4-left,unknown,0
7564.0408831914665,slight-right,unknown,60
7676.193221181273,5-right,unknown,80
7771.208527882933,jump,unknown,40
7889.176050008175,jump,unknown,70
7974.476291287777,6-left,unknown,0
8089.094882214903,5-right,unknown,0
8227.012891019232,5-left,unknown,60
8305.411468213448,slight-right,unknown,70
8422.613760388738,crest,unknown,0
8564.473940747626,3-right,unknown,0
8625.572247899421,finish,unknown,0
