0,straight,unknown,40
0,6-right,unknown,30
43.007439661025984,slight-left,unknown,60
128.58221989631656,5-right,unknown,40
231.47244366645836,square-left,unknown,180
429.5832088565827,5-left,unknown,160
607.0479919528967,3-right,unknown,30
745.062937669755,crest,unknown,0
821.0911148548144,3-left,unknown,80
871.5021901035324,slight-left,unknown,0
1039.5400840491793,1-right,unknown,120
1141.5671112365264,5-right,unknown,0
1262.1411577910926,crest,unknown,110
1353.8551500243686,6-right,unknown,0
1445.5388394088295,4-left,unknown,30
1533.468761817887,crest,unknown,0
1636.6279292220622,slight-right,unknown,0
1696.03425284572,6-left,dont-cut,30
1763.276668579057,5-right,unknown,80
1861.8760124511286,crest,unknown,50
1978.8918521422897,slight-left,unknown,0
2046.264112960772,6-left,unknown,50
2207.6613804168232,6-right,unknown,80
2316.594578849746,slight-right,unknown,240
2610.6520981139706,left-entry-chicane,unknown,70
2828.3974301166118,crest,unknown,0
2859.959880468327,crest,unknown,0
2878.0851462382857,3-right,dont-cut,0
2919.1928096217703,crest,unknown,40
2962.131762220343,crest,unknown,100
3021.872821599918,slight-left,unknown,50
3149.62304033466,6-left,unknown,100
3261.8060495204504,6-right,caution,70
3401.993584730109,crest,unknown,0
3535.177564336738,5-right,dont-cut,110
3607.194264890634,crest,unknown,30
3727.386782094918,crest,unknown,0
3812.562168981514,6-left,unknown,60
3876.274084264717,6-right,dont-cut,100
4007.3083427638644,6-right,unknown,120
4147.571997777899,4-left,unknown,90
4288.66042188831,5-right,unknown,0
4414.8643436641205,crest,unknown,120
4512.6976963252555,slight-left,unknown,0
4639.226933576535,crest,unknown,60
4706.782492620416,3-left,unknown,0
4781.633221952382,5-right,dont-cut,70
4848.016015455189,6-right,dont-cut,200
5033.051060468609,crest,unknown,40
5177.711364309246,crest,unknown,50
5253.914930822306,slight-left,unknown,0
5327.653577672889,jump,unknown,0
5400.185827047273,slight-right,unknown,50
5468.979405080722,crest,unknown,120
5530.806266691135,square-right,unknown,170
5706.229685213019,hp-left,widen,80
5841.952216555612,jump,unknown,0
5865.471828271884,slight-left,unknown,70
5954.705576803227,crest,unknown,350
6308.6629786892245,crest,unknown,200
6527.864603750251,5-right,unknown,70
6697.185377141972,slight-left,unknown,0
6898.884448301344,crest,unknown,80
7054.244043905284,1-right,unknown,120
7355.214971589228,slight-left,unknown,0
7431.826191319602,crest,unknown,160
7534.583905705592,slight-right,unknown,90
7678.825714940205,crest,unknown,70
7728.484543141496,crest,unknown,70
7852.148622883927,left-entry-chicane,unknown,170
8054.762932252057,crest,unknown,200
8226.550396317618,4-left,unknown,170
