0,slight-left,unknown,50
9.421825180053709,crest,unknown,150
107.38829458236691,4-right,unknown,50
223.19958963394177,slight-left,unknown,100
344.0900823783879,3-left,unknown,130
619.5028450584416,6-left,dont-cut,40
745.9472665977486,5-right,unknown,0
1028.5869101524374,crest,unknown,80
1130.9039270973217,crest,unknown,80
1148.4721289634715,5-right,dont-cut,60
1247.6657855796827,crest,unknown,0
1335.7173821449298,5-right,unknown,250
1646.8153339195262,4-left,unknown,100
1863.3538857078556,slight-right,unknown,40
1990.7238317298895,6-left,unknown,0
2077.0823159217857,crest,unknown,200
2212.0038170051607,jump,unknown,190
2489.2501990699793,slight-right,unknown,70
2676.626257343292,1-left,unknown,200
2903.4520160484285,crest,unknown,130
3106.1877538871745,3-right,unknown,80
3305.199494113925,slight-left,unknown,50
3403.283551959993,slight-right,unknown,50
3486.899622592929,6-right,unknown,70
3571.209715709691,5-left,unknown,60
3675.667686252599,1-right,unknown,200
3926.893035011303,slight-left,unknown,0
4042.322779808055,jump,unknown,0
4130.116797904978,5-right,unknown,0
4184.915939559941,jump,unknown,140
4255.7709965515205,crest,unknown,0
4383.543863601691,jump,unknown,40
4449.525984458934,jump,unknown,170
4714.583455429091,2-left,dont-cut,130
4981.414727306383,2-right,unknown,40
5085.997493534112,crest,unknown,200
5245.602634162931,slight-left,unknown,100
5382.598655128509,jump,unknown,80
5530.803377800024,6-left,unknown,0
5646.195155639679,slight-left,unknown,0
5713.793329620393,5-left,unknown,70
5779.518255386378,crest,unknown,40
5903.74107143405,square-right,unknown,0
5959.841476116202,crest,unknown,30
5988.257592582726,2-left,unknown,0
6038.068310413379,slight-right,unknown,130
6144.3963367271635,4-right,unknown,40
6257.690511264822,slight-left,unknown,70
6330.016358585374,3-right,unknown,30
6430.407642803206,crest,unknown,100
6471.440407009138,crest,unknown,100
6512.65208314897,4-right,unknown,0
6615.673330554975,3-left,unknown,30
6692.698703441631,2-left,unknown,0
6754.881394081122,3-right,unknown,40
6808.065849018106,slight-left,unknown,0
6872.870519161228,6-right,unknown,130
6948.310414218901,jump,unknown,250
7187.08497098923,bump,unknown,150
7330.607505512241,crest,unknown,100
7396.58706033707,crest,unknown,100
7508.649472141268,4-left,unknown,60
7654.756507701877,slight-left,unknown,50
7767.536433467864,square-right,unknown,30
7828.233664989473,square-right,unknown,30
7854.734774265295,slight-left,unknown,130
7951.235786886227,crest,unknown,160
8114.526390066151,6-right,unknown,70
8267.14628691673,crest,unknown,0
8315.214862470628,crest,unknown,0
8387.423464651116,5-right,unknown,50
8451.33465556146,slight-right,unknown,40
8584.200912160873,6-left,unknown,50
8680.24318453789,6-right,unknown,100
8782.970555829997,6-left,unknown,0
8924.01154849051,crest,unknown,50
9016.316102170937,slight-left,unknown,80
9103.157233076096,slight-right,unknown,140
9310.481238203056,square-left,unknown,70
9513.574604845056,6-right,unknown,100
9615.228954248434,1-left,unknown,0
9740.676075601585,5-left,unknown,0
9780.260360593811,slight-right,unknown,50
9819.39743506431,5-right,widen,0
9888.53220358848,crest,unknown,100
9941.554731054299,5-right,unknown,100
10050.960653181068,slight-right,unknown,150
10270.815363378511,square-right,unknown,0
10449.651747350692,1-right,unknown,0
10510.277485227589,2-left,unknown,0
10589.06961995126,crest,unknown,0
10649.504999494568,jump,unknown,40
10682.482250432979,jump,unknown,40
10691.645416860592,3-left,unknown,60
10745.31643706323,hp-right,unknown,60
10903.343917074219,2-left,unknown,40
11029.710417928705,4-left,unknown,0
11113.468205022818,crest,unknown,40
11228.257719831478,slight-right,unknown,0
11271.168097105032,hp-right,unknown,100
11373.027006492612,crest,unknown,0
11443.640694522848,slight-right,unknown,60
11533.02070848464,crest,unknown,0
11581.522487926475,3-left,unknown,40
11632.67921110153,6-right,unknown,50
11698.696846599576,finish,unknown,0
