0,slight-left,unknown,50
8.255960350036622,crest,unknown,150
105.07855474472055,4-right,unknown,50
220.39393831253054,slight-left,unknown,100
342.18536005020167,3-left,unknown,130
619.2437873649593,6-left,dont-cut,40
743.3689959907528,5-right,unknown,0
1006.1261636161811,crest,unknown,80
1128.7540591239956,crest,unknown,80
1145.6906669044524,5-right,dont-cut,60
1243.9103117561367,crest,unknown,0
1332.38033239365,5-right,unknown,250
1484.397735233311,5-right,unknown,60
1641.8365014076303,4-left,unknown,100
1859.8794821357817,slight-right,unknown,40
1987.0681871605004,6-left,unknown,0
2073.975583972939,crest,unknown,200
2209.0730564689675,jump,unknown,190
2476.3971990013197,slight-right,unknown,70
2673.1040477562037,1-left,unknown,200
2895.5519591903726,crest,unknown,130
3097.2216285705613,3-right,unknown,80
3310.3461315917993,slight-left,unknown,50
3401.264710578921,slight-right,unknown,50
3484.7592634582543,6-right,unknown,70
3569.339196090699,5-left,unknown,60
3671.5812781906134,1-right,unknown,200
3927.052858066558,slight-left,unknown,0
4037.0781722068755,jump,unknown,0
4124.01506158828,5-right,unknown,0
4183.131777591692,jump,unknown,140
4261.752808628068,crest,unknown,0
4379.673741588583,jump,unknown,40
4440.826599178305,jump,unknown,170
4732.4916766166525,2-left,dont-cut,130
4977.321255359629,2-right,unknown,40
5077.843685665108,crest,unknown,200
5247.017817974065,slight-left,unknown,100
5394.910652217844,jump,unknown,80
5440.400033359509,jump,unknown,80
5524.2982726859855,6-left,unknown,0
5639.290653324109,slight-left,unknown,0
5706.2889550208865,5-left,unknown,70
5769.7019196128695,crest,unknown,40
5897.240961322773,square-right,unknown,0
5954.184071292861,crest,unknown,30
5984.173922939278,2-left,unknown,0
6030.219295902223,slight-right,widen,130
6089.933611869786,finish,unknown,0
