0,6-left,unknown,0
20.633737144470214,2-right,unknown,30
67.69652242660521,crest,unknown,0
131.61158288955684,square-left,unknown,0
170.0964108467102,crest,unknown,80
217.89605817794816,6-right,unknown,0
297.28736152648986,slight-right,unknown,100
439.57847682952956,jump,unknown,0
579.290307922364,slight-right,unknown,200
796.9343210220358,crest,unknown,50
877.6147974777242,crest,unknown,50
956.1076469802875,2-left,unknown,130
1098.6752136611963,2-right,dont-cut,70
1234.2283605194116,6-left,dont-cut,200
1485.8242239570652,jump,unknown,40
1638.33689451218,jump,unknown,150
1714.385693187717,5-left,unknown,180
1873.081315212252,6-right,unknown,120
2030.705994319919,crest,unknown,120
2166.8577610588072,1-left,unknown,70
2327.4001406478883,5-right,unknown,60
2399.514427585602,slight-left,unknown,40
2494.9844004249576,crest,unknown,0
2599.4724066352846,slight-right,unknown,100
2697.2698958778346,3-left,unknown,220
2982.6232095003043,crest,unknown,130
3166.6926681566124,square-right,unknown,60
3367.6198662614697,slight-left,unknown,280
3583.708220276819,jump,unknown,200
3771.669688515647,crest,unknown,40
3957.889190850243,6-right,unknown,0
4036.4681487512444,slight-left,unknown,130
4114.07870714663,5-right,unknown,60
4252.940099205957,6-left,dont-cut,130
4607.580902233147,5-left,unknown,70
4753.471761417412,4-left,unknown,40
4883.454600772879,crest,unknown,50
4914.169932651541,crest,unknown,50
4959.371844387073,5-left,unknown,0
5160.795697269453,6-right,unknown,280
5466.117952480331,3-right,unknown,50
5642.018849239364,crest,unknown,90
5755.562244510663,3-left,unknown,0
5857.463029232037,finish,unknown,0
