0,slight-left,unknown,40
28.267414798736574,3-right,unknown,70
160.236651058197,jump,unknown,0
201.98088338851915,jump,unknown,0
270.6370369148254,crest,unknown,100
311.06038702011125,hp-left,unknown,0
419.33897985458356,4-left,unknown,0
461.8825741672513,slight-right,unknown,30
505.19489523887586,crest,unknown,0
574.9250417232502,3-right,unknown,0
620.5756151485429,3-right,unknown,0
708.0532101726511,crest,unknown,50
794.3141018962841,hp-left,unknown,60
906.9506961917857,3-right,unknown,50
990.3504040241224,crest,unknown,0
1038.2900158786763,crest,unknown,0
1065.333271455763,2-right,unknown,0
1138.928852376936,2-left,unknown,40
1233.1465089511844,2-right,unknown,0
1304.2348704051922,square-left,unknown,160
1401.9966641330668,slight-left,unknown,100
1530.9051301288548,5-left,unknown,120
1660.9477307987142,crest,unknown,0
1798.5300824832846,6-left,unknown,0
1858.4171692371308,slight-right,widen,0
1964.5012640666896,1-right,unknown,70
2030.6701606655042,6-left,unknown,0
2104.4530043506566,crest,unknown,50
2170.6674692249244,crest,unknown,50
2182.3344436740826,1-right,unknown,150
2369.079445501238,slight-left,unknown,80
2460.409036641983,slight-right,unknown,40
2589.443007970717,crest,unknown,60
2700.9983402308458,6-right,unknown,100
2795.427433095837,6-left,unknown,0
2963.887446523571,slight-right,unknown,50
3049.2558862360943,crest,unknown,30
3101.1899426707273,crest,unknown,30
3158.6492686900165,5-left,unknown,0
3243.3081773051285,slight-left,unknown,30
3364.0446182688725,slight-left,unknown,130
3548.7425972041146,jump,unknown,0
3644.3197987422027,slight-left,unknown,90
3733.444236074355,crest,unknown,40
3800.2922755488426,crest,unknown,40
3837.454049535658,square-left,unknown,0
3922.9170208224336,slight-right,unknown,80
3982.3788522204404,5-right,unknown,70
4113.794342180156,slight-left,unknown,190
4305.003116861243,jump,unknown,200
4487.172603670023,jump,caution,120
4680.9915064868,6-left,unknown,50
4834.757492128286,4-left,widen,0
4964.224811558013,2-right,unknown,30
5017.073758281953,3-right,unknown,0
5079.9457179873025,4-left,unknown,80
5158.695839905027,crest,unknown,50
5247.788429245232,crest,unknown,50
5259.087234558341,3-left,unknown,60
5326.01609774041,6-right,unknown,40
5425.217893890624,4-left,unknown,0
5507.293694938904,crest,unknown,60
5567.442684921511,finish,unknown,0
