0,slight-left,unknown,200
222.2161385631561,3-left,unknown,40
313.05956099510166,4-right,unknown,100
450.3710464382168,6-left,unknown,120
588.9220398616785,slight-right,dont-cut,40
738.0240793895721,1-left,dont-cut,70
878.8587676143644,6-left,dont-cut,60
949.1812770557399,slight-right,unknown,90
1046.1933245944977,hp-right,unknown,70
1247.4315777873976,6-left,cut,60
1310.6339567470525,slight-left,unknown,50
1390.429687223432,5-right,unknown,0
1499.3689470577212,6-left,unknown,0
1573.1208897304498,3-right,unknown,0
1629.3580319118446,2-right,dont-cut,180
1751.5416120433754,hp-left,unknown,0
1858.2798558330503,slight-right,unknown,0
1921.993056945799,slight-left,unknown,40
1970.1715472221358,hp-right,unknown,60
2108.4926547384366,slight-left,caution,0
2161.3381266164893,hp-left,unknown,0
2205.8272091817985,slight-right,unknown,80
2282.226484951984,slight-left,unknown,0
2371.3083163499928,6-right,unknown,40
2492.7537388658625,1-left,unknown,0
2587.734581256192,slight-right,unknown,90
2641.6958599236423,4-left,unknown,40
2740.2959029534263,3-right,unknown,50
2830.637096801081,6-right,unknown,70
2916.056425681393,hp-left,unknown,0
3019.2235912468855,5-right,unknown,0
3097.090626502319,6-left,unknown,0
3151.017617507263,slight-right,unknown,0
3208.2920981743796,4-left,cut,70
3270.41872205286,hp-right,unknown,0
3376.3551518013956,slight-left,unknown,200
3528.0229400208495,slight-right,unknown,40
3655.024434047034,3-left,unknown,40
3720.7205699494366,6-right,unknown,50
3841.3654941513973,hp-left,unknown,150
4046.56999740152,3-right,unknown,0
4138.354014392181,3-left,unknown,0
4192.318903460786,3-right,unknown,0
4259.19010657815,3-left,unknown,40
4341.170383067411,5-right,unknown,50
4410.512000499049,hp-right,unknown,70
4542.264368872927,slight-left,dont-cut,0
4605.91161851435,5-right,unknown,0
4663.879736571597,2-left,unknown,0
4709.311067786502,4-right,unknown,0
4748.022290740299,4-left,unknown,40
4807.531564307494,slight-left,unknown,70
4932.1215743019975,slight-left,unknown,0
5071.441813102049,6-right,unknown,50
5286.041093001642,slight-right,unknown,0
5342.053589797295,slight-left,unknown,0
5387.397820182123,slight-right,unknown,120
5493.0541335823955,hp-right,unknown,0
5651.106639933868,slight-left,unknown,30
5700.948477206512,3-left,unknown,160
5794.653695826813,slight-left,unknown,0
6003.498024401952,5-right,unknown,60
6070.502437205603,4-right,unknown,70
6161.729435801788,slight-right,unknown,140
6289.398620639131,hp-right,unknown,0
6444.696718249601,5-left,unknown,40
6517.351158080383,crest,unknown,30
6606.056232085506,3-left,unknown,40
6672.951577658936,slight-right,unknown,60
6856.764781966492,4-right,unknown,120
7005.237878165523,5-right,unknown,60
7120.476928344053,hp-right,unknown,0
7220.504413619328,4-left,unknown,30
7289.918674025822,5-left,unknown,200
7453.956601405423,1-left,caution,120
7658.787772670072,4-right,unknown,70
7844.371940455719,6-left,caution,0
7990.169073825162,hp-left,unknown,0
8051.768148684774,3-right,unknown,30
8121.981749778069,slight-left,unknown,70
8272.68482078102,5-left,dont-cut,70
8411.369112391732,4-right,unknown,0
8501.79612559822,1-right,unknown,0
8562.945256037981,5-right,unknown,50
8648.674074874187,3-left,unknown,40
8745.690840468664,4-right,unknown,50
8846.240515074978,slight-left,unknown,0
8939.227906699429,3-left,unknown,0
9007.765846839198,2-right,unknown,70
9071.258662734283,square-right,unknown,30
9192.12555032279,3-left,unknown,0
9236.249447608243,1-left,unknown,70
9342.866752448328,1-left,unknown,80
9450.211068091638,4-right,unknown,40
9528.02436162497,3-left,dont-cut,0
9598.451237464204,6-right,unknown,70
9652.683941207177,6-left,unknown,40
9742.722831473597,hp-right,unknown,0
9866.361655097264,6-left,unknown,30
9920.313400531066,6-right,unknown,0
9975.473186488403,5-left,unknown,50
10026.377584643618,3-left,unknown,0
10162.75201373603,6-right,unknown,100
10285.295030703795,slight-right,dont-cut,100
10413.676756930607,4-left,unknown,60
10554.310212779299,3-right,unknown,50
10689.121781497248,2-left,unknown,80
10844.556646647698,3-right,unknown,40
10925.824349665885,4-left,unknown,60
11002.01875640416,1-right,unknown,0
11102.934761500595,2-left,unknown,0
11138.375283808946,1-right,dont-cut,80
11249.410990195522,acute-hp-left,widen,30
11331.75675309682,4-right,unknown,0
11393.22732066655,2-right,unknown,0
11436.645279193153,4-left,unknown,40
11488.253788981667,3-right,unknown,50
11560.713858523608,2-left,unknown,0
11660.809641375787,4-right,unknown,60
11742.000506358394,4-left,unknown,120
11907.337008166558,4-left,unknown,0
12028.894417338619,6-right,unknown,0
12125.11456214452,4-right,unknown,0
12227.81491511846,3-left,unknown,110
12435.875964350957,5-right,unknown,0
12549.390454364071,5-left,unknown,50
12608.861405635123,6-right,unknown,0
12773.851673426872,2-right,dont-cut,0
12957.343420787096,crest,unknown,0
13003.997185359243,5-left,unknown,40
13051.241893496754,6-right,unknown,50
13133.574153704887,slight-left,unknown,0
13213.112459483395,3-left,unknown,50
13399.341914363162,crest,unknown,40
13472.310780577902,slight-left,unknown,120
13554.626745925183,2-right,unknown,30
13692.33122804189,2-right,unknown,30
13743.568492732284,2-left,unknown,30
13865.529308657895,2-right,unknown,40
13989.170287877254,2-left,unknown,30
14046.498625317743,2-right,dont-cut,70
14177.27392444722,2-left,unknown,80
14325.74707056155,5-right,unknown,0
14419.191248456133,slight-left,unknown,50
14481.98994932283,6-right,unknown,40
14559.680686207888,4-right,unknown,100
14741.86740507233,4-left,unknown,80
14866.03714208709,6-left,caution,30
14992.96611765014,1-left,unknown,30
15059.343583508604,3-right,cut,80
15151.082104531399,6-right,unknown,100
15314.650165749665,5-left,unknown,50
15459.348982506863,3-right,unknown,100
15625.582814141395,6-left,unknown,0
15829.139051247721,4-right,unknown,0
16104.065323334797,5-left,unknown,50
16186.660846768485,4-right,unknown,100
16307.2679391299,6-right,unknown,70
16480.680931798055,slight-right,unknown,80
16631.86090314968,3-left,unknown,160
16895.017132969966,3-right,unknown,0
17013.2504844104,6-left,unknown,0
17104.755478955376,1-right,unknown,90
17243.07908784969,2-left,unknown,40
17351.936812230168,4-right,dont-cut,0
17428.693360653924,5-left,unknown,0
17509.96327936274,4-right,dont-cut,0
17592.798420392086,5-right,unknown,50
17673.952829762504,6-left,unknown,30
17744.92163591482,3-right,caution,0
17842.02790987114,square-right,unknown,30
17879.23394031625,crest,unknown,40
17930.664094582622,4-left,dont-cut,40
17990.819749032078,6-right,unknown,0
18108.796143456537,6-left,unknown,80
18175.54758255108,5-right,unknown,30
18267.69036338909,2-left,unknown,90
18390.314754372674,5-right,unknown,0
18470.88683292492,3-left,dont-cut,30
18549.854107972227,crest,unknown,120
18637.78493301495,slight-right,caution,0
18743.24842838392,6-right,unknown,0
18870.104364281753,4-left,unknown,80
18945.929804230775,6-left,unknown,0
19045.799905396525,5-right,unknown,60
19172.382776871746,4-right,unknown,100
19273.944446412144,3-right,caution,80
19444.381196557108,4-right,unknown,40
19553.625515900672,4-left,unknown,30
19658.402538147988,1-left,unknown,70
19781.79589813334,slight-left,unknown,60
19858.893445817048,slight-left,unknown,50
19940.21846622566,4-right,unknown,70
20096.38366783243,3-left,unknown,0
20246.755115548192,6-right,unknown,80
20320.817588082366,5-right,unknown,30
20432.519097977693,4-left,unknown,0
20521.702187386574,slight-right,unknown,80
20575.681935196924,4-right,unknown,0
20675.30063819985,3-right,unknown,0
20747.62523853402,5-left,unknown,0
20817.217264920277,1-left,unknown,0
20907.07434194663,slight-right,unknown,90
20963.369813633944,3-right,unknown,0
21065.909425297774,6-right,unknown,0
21122.203809071565,4-left,unknown,0
21196.846015606916,3-right,unknown,0
21276.782411786106,2-left,unknown,50
21370.67701681233,2-right,unknown,50
21499.110344353674,slight-left,unknown,60
21583.30021556951,6-right,unknown,0
21677.451831170118,crest,unknown,60
21804.205060692842,hp-left,unknown,60
21938.67906013588,slight-right,unknown,0
22001.144027024333,6-left,unknown,0
22062.189304390973,3-right,unknown,60
22124.77505268199,4-left,unknown,50
22227.67814079389,4-right,unknown,30
22339.111737023435,3-left,unknown,60
22400.2250149928,5-left,unknown,0
22490.67881885632,4-right,unknown,0
22570.8866864787,3-left,unknown,30
22644.781637154676,2-right,unknown,60
22719.954630738346,5-left,unknown,80
22813.404060631852,slight-left,unknown,180
22997.13839374645,6-left,unknown,0
23166.336576195787,3-left,unknown,40
23277.219703904204,3-right,unknown,90
23408.45852062323,5-left,unknown,0
23501.877846909538,2-right,unknown,50
23553.417289505964,2-left,unknown,30
23633.291068993578,slight-right,unknown,0
23687.13676979162,3-right,unknown,30
23737.784538537057,4-left,unknown,30
23792.011315041553,4-left,unknown,40
23873.44344600773,slight-right,unknown,0
23970.11872692204,crest,unknown,0
24034.354770966518,6-left,unknown,0
24103.310553093906,4-right,unknown,250
24263.292348481187,slight-left,unknown,0
24421.06534294225,slight-right,unknown,90
24507.44765846347,1-left,unknown,40
24641.439791642202,square-right,unknown,60
24698.28716800785,square-right,unknown,60
24754.08646764849,4-left,unknown,90
24822.726675759295,slight-right,unknown,60
25195.293157158852,4-right,unknown,0
25400.31618259523,finish,unknown,0
