0,4-right,unknown,0
0,5-right,unknown,0
31.741862335205074,5-left,unknown,50
87.93026561737058,6-right,unknown,0
251.66169731140164,2-right,dont-cut,0
423.8594123077397,crest,unknown,0
480.2610086059578,5-left,unknown,40
531.1797162246709,6-right,unknown,50
610.4711701583873,slight-left,unknown,0
690.5805486297619,3-left,unknown,50
893.0649914550794,crest,unknown,40
950.4221753692634,slight-left,unknown,120
1035.8767687988295,2-right,unknown,30
1164.1695152282723,2-right,unknown,30
1195.9078814315803,2-left,unknown,30
1340.2718578338624,2-right,unknown,40
1430.3630215072637,2-left,unknown,30
1542.1756503677382,2-right,dont-cut,70
1649.6679958915734,2-left,unknown,80
1796.3431811332737,5-right,unknown,0
1895.022258472445,slight-left,unknown,50
1958.1381001853977,6-right,unknown,40
2036.8409703254736,4-right,unknown,100
2215.6648090934796,4-left,unknown,80
2342.8641866111784,6-left,caution,30
2468.8513609504753,1-left,unknown,30
2534.813459453589,3-right,cut,80
2635.456275362977,6-right,unknown,100
2792.673701624878,5-left,unknown,50
2939.073169932373,3-right,unknown,100
3112.4424951505694,6-left,unknown,0
3320.023892436033,4-right,unknown,0
3498.9531701994015,hp-left,unknown,0
3580.3541132688606,5-left,unknown,50
3660.6380367803663,4-right,unknown,100
3784.7163289785444,6-right,unknown,70
3961.6101051473684,slight-right,unknown,80
4109.101902785306,3-left,unknown,160
4410.1931318252455,3-right,unknown,0
4513.3128624313285,6-left,unknown,0
4604.152840153498,1-right,unknown,90
4736.674724251552,2-left,unknown,40
4849.492736336516,4-right,dont-cut,0
4927.443690163421,5-left,unknown,0
5009.135586640171,4-right,dont-cut,0
5092.296105744177,5-right,unknown,50
5170.23037995987,6-left,unknown,30
5243.373174568938,3-right,caution,0
5339.960514237213,square-right,unknown,30
5373.187356087494,crest,unknown,40
5429.630078903956,4-left,dont-cut,40
5491.130174271385,6-right,unknown,0
5609.723013893886,6-left,unknown,80
5673.276610466764,5-right,unknown,30
5766.458922173304,1-left,unknown,90
5888.886054188532,5-right,unknown,0
5968.967953221118,3-left,dont-cut,30
6054.659652249125,crest,unknown,120
6139.126480900552,slight-right,caution,0
6242.341189877298,6-right,unknown,0
6370.7898460357455,4-left,unknown,80
6438.358120610024,6-left,unknown,0
6541.904653279094,5-right,unknown,60
6669.03134364775,4-right,unknown,100
6760.490639645371,3-right,caution,80
6944.892406498702,4-right,unknown,40
7049.35201526335,4-left,unknown,30
7154.262647358688,1-left,unknown,70
7280.707756802348,slight-left,unknown,60
7354.264644371782,slight-left,unknown,50
7436.863648354329,4-right,unknown,70
7598.814138809961,3-left,unknown,0
7740.6467589729245,6-right,unknown,80
7814.065280510702,5-right,unknown,30
7926.96738408736,4-left,unknown,0
8014.591016480246,slight-right,unknown,80
8071.528162667077,4-right,unknown,0
8168.312396752157,3-right,unknown,0
8240.108078743739,5-left,unknown,0
8304.75922227553,2-left,unknown,0
8394.802454087072,slight-right,unknown,90
8478.67822523765,3-right,unknown,0
8562.200159556189,6-right,unknown,0
8617.551099497594,4-left,unknown,0
8693.308974673067,3-right,unknown,0
8771.58074309043,2-left,unknown,50
8869.70365406685,2-right,unknown,50
8989.452765623844,slight-left,unknown,60
9080.111161734376,6-right,unknown,0
9175.464290243908,crest,unknown,60
9425.42611113242,slight-right,unknown,0
9493.256879908355,6-left,unknown,0
9554.196205775055,3-right,unknown,60
9612.96354765585,4-left,unknown,50
9719.755798556116,4-right,unknown,30
9830.82346583058,3-left,unknown,60
9892.142211481825,5-left,unknown,0
9981.110170771386,4-right,unknown,0
10060.183925577896,3-left,unknown,30
10136.529584643142,2-right,unknown,60
10209.568102442514,5-left,unknown,80
10305.258960863841,slight-left,unknown,180
10485.641098620188,6-left,unknown,0
10656.354062563669,3-left,unknown,40
10805.599973081828,3-right,unknown,90
10908.072713856,5-left,unknown,0
10995.185461849462,2-right,unknown,50
11045.573067669166,2-left,unknown,30
11124.117135319006,slight-right,unknown,0
11179.497583278911,3-right,unknown,30
11229.466096615091,4-left,unknown,30
11287.344254001871,4-left,unknown,40
11366.541027759804,slight-right,unknown,0
11460.716389774574,crest,unknown,0
11496.43233616282,crest,unknown,0
11528.83817539622,6-left,unknown,0
11600.868734058626,4-right,unknown,250
11757.143055881745,slight-left,unknown,0
11915.377319339992,slight-right,unknown,90
12000.351327442419,1-left,unknown,40
12138.958633713017,square-right,unknown,60
12243.276368717457,4-left,unknown,90
12310.279551262163,slight-right,unknown,60
12684.960321563984,4-right,unknown,0
12879.816668304702,finish,unknown,0
