0,slight-left,unknown,80
340.2870380973816,6-right,unknown,60
681.5067644882215,1-right,unknown,70
793.177902030946,slight-left,unknown,0
863.6306470298783,slight-right,unknown,250
1074.5310513496415,4-left,cut,0
1236.5172815132166,6-right,unknown,0
1297.4158311271703,slight-left,unknown,70
1357.942200679783,4-right,unknown,0
1475.6594631004384,5-right,unknown,30
1540.0151489067127,3-left,unknown,80
1632.0694775199943,2-right,unknown,30
1742.7876827049308,2-left,unknown,0
1821.5631366920522,5-right,unknown,80
1879.9982035636942,2-left,unknown,40
1977.7120543861422,2-right,unknown,0
2075.5118900108346,6-right,unknown,200
2253.954807605745,slight-right,unknown,100
2389.6794741630574,5-right,unknown,80
2522.56773939133,1-left,unknown,30
2652.267220439914,3-right,unknown,0
2705.34593015671,4-left,unknown,0
2771.5959362602275,5-right,unknown,70
2850.302816066746,3-right,unknown,0
2962.661948070531,4-left,unknown,60
3015.342096233372,3-right,unknown,40
3113.230340442661,6-left,unknown,0
3193.3506630134607,3-left,unknown,0
3247.8936965751664,3-right,unknown,120
3321.661305294037,crest,unknown,0
3427.1623961448663,hp-right,unknown,50
3506.1168918609587,crest,unknown,50
3556.422212371826,6-left,unknown,70
3637.8943567276024,slight-right,unknown,60
3752.3985107421886,6-left,unknown,0
3836.9424789428726,2-left,unknown,0
3924.6064638900793,6-right,unknown,0
3970.919454231266,1-right,unknown,50
4031.368543643952,3-left,unknown,0
4104.915314311981,4-right,unknown,30
4147.021771373751,6-left,caution,0
4218.689853610999,2-left,unknown,130
4364.315110721596,1-right,unknown,30
4515.0996315574785,5-left,unknown,0
4579.8379077530035,3-left,unknown,60
4681.526428089159,crest,unknown,60
4725.849634494798,crest,unknown,60
4760.664532527941,3-right,unknown,30
4833.4218384742935,4-left,unknown,90
4901.514867916124,6-left,unknown,40
5024.35349016191,4-right,unknown,70
5125.492275409717,4-left,unknown,50
5232.058506717702,slight-right,unknown,80
5369.415844936393,slight-right,unknown,70
5506.03493135454,1-right,unknown,30
5604.974422016159,4-right,unknown,50
5676.932982826247,3-left,unknown,70
5813.67309806825,4-left,unknown,120
5990.306782989514,4-left,unknown,60
6097.2813354110785,5-left,unknown,0
6194.479589653022,6-right,unknown,90
6250.346885147099,crest,unknown,0
6299.484668388374,crest,unknown,0
6378.483140182504,4-right,dont-cut,0
6438.34420806885,5-left,unknown,120
6591.807586555486,crest,unknown,40
6731.066411552431,3-right,dont-cut,0
6817.909435577396,4-left,unknown,100
6899.918607635503,2-right,unknown,30
7013.217713356027,4-left,unknown,80
7093.103772373202,slight-right,unknown,0
7193.259161281596,slight-left,unknown,60
7255.192599811567,5-right,unknown,50
7318.571254138961,crest,unknown,40
7395.867660541552,crest,unknown,40
7501.983256053939,6-right,unknown,40
7593.266114311235,5-left,dont-cut,0
7691.950312461862,5-right,unknown,0
7810.312530403147,6-left,dont-cut,40
7901.803950958261,4-right,caution,0
8010.726056289685,3-right,unknown,120
8091.051462898262,1-left,unknown,30
8187.56136840822,6-right,unknown,40
8242.52216968539,3-left,unknown,170
8424.551510353127,4-right,caution,0
8541.877808570902,2-right,unknown,40
8618.44948352817,slight-left,unknown,100
8715.369945755032,slight-left,unknown,0
8833.639423980738,6-left,dont-cut,60
8927.78915233615,crest,unknown,0
9001.400131225617,crest,unknown,0
9034.583752403289,3-left,unknown,50
9094.641245880157,5-right,caution,0
9172.291301651021,hp-right,unknown,30
9254.25146175386,4-left,unknown,0
9328.599739685083,6-right,unknown,180
9622.913904705068,4-left,unknown,50
9784.38554815295,4-right,unknown,0
9878.691912860904,6-left,unknown,0
9989.014617481265,crest,unknown,90
10133.185134716063,3-left,unknown,40
10245.638587055237,1-right,unknown,0
10324.232042484313,6-right,unknown,100
10392.432354793567,6-right,unknown,110
10510.257510204327,4-left,unknown,70
10651.189898204811,5-left,unknown,40
10763.092954120637,slight-right,unknown,50
10866.355157260892,5-left,unknown,90
10954.732894763936,3-right,unknown,80
11152.918744373295,2-left,dont-cut,50
11241.189993152586,2-right,unknown,50
11343.496277923557,1-left,unknown,30
11422.885480995134,3-right,unknown,50
11538.88441732401,2-left,unknown,130
11722.588335971777,slight-right,unknown,70
11819.621452197965,crest,caution,0
11876.347094745573,crest,caution,0
11900.875303668916,4-right,unknown,0
11986.97805616372,slight-right,unknown,60
12089.898935222567,6-left,unknown,50
12215.256225299783,5-right,unknown,60
12315.744159374184,1-left,unknown,0
12437.670987415271,6-left,unknown,40
12582.408590202298,6-right,unknown,0
12708.894156227092,finish,unknown,0
