0,2-left,unknown,0
0,crest,unknown,90
22.56794186592103,3-left,unknown,40
98.27366318702701,1-right,unknown,0
177.06640336036682,6-right,unknown,100
244.05685107231125,6-right,unknown,110
369.4512216091157,4-left,unknown,70
483.6988053417209,5-left,unknown,40
615.0602297496802,slight-right,unknown,50
720.1731004619606,5-left,unknown,90
807.5965762615212,3-right,unknown,80
1025.367819776537,2-left,dont-cut,50
1105.9199550533317,2-right,unknown,50
1196.0181255245234,1-left,unknown,30
1273.0233008289374,3-right,unknown,50
1380.0903726673164,2-left,unknown,130
1575.50561871529,slight-right,unknown,70
1665.7533314991026,crest,caution,0
1731.027650880817,crest,caution,0
1751.7921819782284,4-right,unknown,0
1837.528893213274,slight-right,unknown,60
1940.519394426347,6-left,unknown,50
2066.587790613179,5-right,unknown,60
2166.724622240072,1-left,unknown,0
2287.3509816455917,6-left,unknown,40
2431.9498587894527,6-right,unknown,0
2559.2233259296513,5-left,unknown,100
2660.855894632348,4-right,unknown,40
2821.5989416980833,3-left,unknown,0
2933.7226754474727,6-left,unknown,50
3034.614356279383,4-right,unknown,100
3196.563961572657,5-right,unknown,60
3312.826859674461,5-left,unknown,0
3445.8927439212835,3-left,unknown,30
3496.6175741291086,2-right,unknown,60
3558.259828691483,3-left,dont-cut,50
3650.0347547626484,3-right,unknown,0
3728.803021326068,2-left,unknown,30
3795.9360167789505,square-right,unknown,80
3924.5129959583305,2-left,dont-cut,30
4006.8385315608957,3-right,unknown,0
4086.217595701213,1-left,unknown,60
4134.2104531002005,4-right,unknown,0
4198.796892747876,4-left,unknown,90
4277.448754281997,2-right,unknown,60
4407.048885927197,2-left,unknown,70
4538.073560438153,4-right,unknown,90
4649.99268252373,6-left,unknown,100
4769.168565092094,6-left,unknown,40
4890.806456899649,5-right,unknown,0
4988.846332082758,3-right,unknown,50
5094.22988379479,4-right,unknown,0
5181.737475690836,6-left,unknown,50
5229.39150084495,6-right,unknown,0
5297.3246809291795,hp-left,unknown,40
5384.621719007485,5-right,unknown,70
5474.060875978457,5-left,unknown,0
5563.587546815859,3-right,dont-cut,0
5613.934740724547,5-left,unknown,80
5697.796008501038,2-right,unknown,80
5823.199680299745,1-right,unknown,0
5904.80116074561,5-right,unknown,0
5970.079595041267,slight-left,unknown,0
6027.7494506549765,hp-left,unknown,30
6068.347738695135,slight-right,unknown,0
6140.956084599486,3-left,unknown,30
6177.590907311429,2-right,unknown,90
6277.188419518463,4-left,unknown,50
6366.757880158418,3-right,dont-cut,60
6497.119387726784,6-left,unknown,0
6597.162804322242,2-left,unknown,0
6648.649706826211,4-left,unknown,70
6728.080081887247,5-right,dont-cut,70
6819.1461566400585,slight-right,unknown,50
6966.3142653894465,4-left,narrow,0
7114.1047595453265,hp-right,unknown,0
7170.659894261357,5-right,unknown,70
7231.574121994972,5-left,unknown,0
7336.180648903848,4-left,unknown,130
7491.625815644271,1-right,unknown,240
7769.906764607433,5-right,unknown,40
7899.987499852181,4-right,unknown,0
7956.223940014839,hp-left,unknown,50
8038.405670018185,6-left,unknown,120
8132.302116742125,5-left,unknown,40
8241.233464817995,hp-right,unknown,60
8402.4049826479,slight-left,unknown,70
8457.986263890269,4-right,unknown,50
8549.204588398934,finish,unknown,0
