0,straight,unknown,90
221.65890539169325,3-right,unknown,0
335.42008192062394,6-left,unknown,0
425.6248244667056,1-right,unknown,90
559.108699817658,2-left,unknown,40
657.4092033195503,4-right,dont-cut,0
749.2130440711989,5-left,unknown,120
830.5264555549631,4-right,dont-cut,0
913.9777610588078,5-right,unknown,50
994.6902506828314,6-left,unknown,30
1065.8190710258489,3-right,caution,0
1163.653272953034,square-right,unknown,30
1199.3009636497504,crest,unknown,40
1271.4961839412324,4-left,dont-cut,40
1338.354568683971,6-right,unknown,0
1448.3752402995715,6-left,unknown,80
1508.5207427333482,5-right,unknown,30
1603.6174775813708,2-left,unknown,90
1737.0824875949504,5-right,unknown,0
1811.3757064174301,3-left,dont-cut,30
1879.998246013989,crest,unknown,120
1946.2901947902337,slight-right,caution,0
2051.685841991773,6-right,unknown,0
2177.7983133433963,4-left,unknown,80
2260.241786396375,6-left,unknown,0
2355.423989651073,5-right,unknown,60
2480.075028583873,4-right,unknown,100
2575.473168499338,3-right,caution,80
2760.3983099101647,4-right,unknown,40
2861.1860440944297,4-left,unknown,30
2970.2096810268054,1-left,unknown,70
3090.224880001413,slight-left,unknown,60
3173.920864136085,slight-left,unknown,50
3254.4005028842544,4-right,unknown,70
3399.5005002139706,3-left,unknown,0
3558.6128042148243,6-right,unknown,80
3635.247042572368,5-right,unknown,30
3741.235980102885,4-left,unknown,0
3832.162146217693,slight-right,unknown,80
3890.6655595325137,4-right,unknown,0
3985.194579765668,3-right,unknown,0
4064.023060181011,5-left,unknown,0
4140.007832634316,2-left,unknown,0
4223.780533954964,slight-right,unknown,90
4280.0205766986455,3-right,unknown,0
4374.873932983741,6-right,unknown,0
4439.905359871256,4-left,unknown,0
4507.291351501812,3-right,unknown,0
4588.599993278846,2-left,unknown,50
4673.439904892306,2-right,unknown,50
4815.218251983986,slight-left,unknown,60
4896.430128052103,6-right,unknown,0
4986.2661336825995,crest,unknown,60
5255.457491314275,slight-right,unknown,0
5309.623409359323,6-left,unknown,0
5366.924292538036,3-right,unknown,60
5427.843596012462,4-left,unknown,50
5532.416102115975,4-right,unknown,30
5641.555383617747,3-left,unknown,60
5705.896796162001,5-left,unknown,0
5797.657722904559,4-right,unknown,0
5875.993123447769,3-left,unknown,30
5955.193065578812,2-right,unknown,60
6025.011930668229,5-right,unknown,80
6122.303529789319,slight-left,unknown,180
6293.77848870503,6-left,unknown,0
6457.715229122512,3-left,unknown,40
6579.644874393812,3-right,unknown,90
6724.27484666096,5-left,unknown,0
6808.397283451426,2-right,unknown,50
6865.462208340034,2-left,unknown,30
6977.0184546109485,slight-right,unknown,0
7008.711913004786,3-right,unknown,30
7050.272730990323,4-left,unknown,30
7107.031713076512,4-left,unknown,40
7185.130464602394,slight-right,unknown,0
7278.703305331156,crest,unknown,0
7340.36346341221,6-left,unknown,0
7407.25264901249,4-right,unknown,250
7574.635297861979,slight-left,unknown,0
7723.839537783552,slight-right,unknown,90
7804.654312640118,1-left,unknown,40
7969.375565272264,square-right,unknown,60
8074.162547980256,4-left,unknown,90
8143.146597090657,slight-right,unknown,60
8498.976209555562,4-right,unknown,0
8692.835125037129,finish,unknown,0
