0,slight-left,unknown,80
359.6689971923824,6-right,unknown,60
485.17596313476537,6-right,unknown,60
694.4082881546018,1-right,unknown,70
805.2877988733541,slight-left,unknown,0
878.4584161485919,slight-right,unknown,250
1098.3191374696967,4-left,cut,0
1254.0029024614566,6-right,unknown,0
1313.089102069306,slight-left,unknown,70
1372.5832298769233,4-right,unknown,0
1492.614734240937,5-right,unknown,30
1556.1200781358943,3-left,unknown,80
1647.6154954256288,2-right,unknown,30
1757.3085620607612,2-left,unknown,0
1837.1560086549996,5-right,unknown,80
1893.7897401155715,2-left,unknown,40
1990.8350567354446,2-right,unknown,0
2089.123463183811,6-right,unknown,200
2269.8872988237626,slight-right,unknown,100
2404.6505156053777,5-right,unknown,80
2537.4438801683673,1-left,unknown,30
2668.713935252596,3-right,unknown,0
2718.2926295198695,4-left,unknown,0
2783.2651964678066,5-right,unknown,70
2862.72661954062,3-right,unknown,0
2974.657939807344,4-left,unknown,60
3027.423696986605,3-right,unknown,40
3125.3281189455265,6-left,unknown,0
3205.620111171175,3-left,unknown,0
3260.549201518465,3-right,unknown,120
3333.223988849093,crest,unknown,0
3440.0434714998464,hp-right,unknown,50
3514.2684381212443,crest,unknown,50
3563.357190867827,6-left,unknown,70
3642.360181247161,slight-right,unknown,60
3763.781893283296,6-left,unknown,0
3848.180200892854,2-left,unknown,0
3934.7251499285003,6-right,unknown,0
3978.487808505464,1-right,unknown,50
4037.0916759218458,3-left,unknown,0
4111.962562610073,4-right,unknown,30
4154.635787249967,6-left,caution,0
4227.211630412504,2-left,unknown,130
4374.21340356009,1-right,unknown,30
4514.818097354334,5-left,unknown,0
4586.72984259741,3-left,unknown,60
4713.225617209835,crest,unknown,60
4768.978177291322,3-right,unknown,30
4838.271557189396,4-left,unknown,90
4916.267206870489,6-left,unknown,40
5032.385470115122,4-right,unknown,70
5113.865668898999,4-left,unknown,50
5240.59025450844,slight-right,unknown,80
5374.03554976601,slight-right,unknown,70
5514.71550372261,1-right,unknown,30
5625.878044330071,4-right,unknown,50
5682.706136924223,3-left,unknown,70
5830.893585921716,4-left,unknown,120
5990.730551902256,4-left,unknown,60
6102.660342399081,5-left,unknown,0
6198.05994280954,6-right,unknown,90
6255.839770575959,crest,unknown,0
6303.726967460114,crest,unknown,0
6385.269929305513,4-right,dont-cut,0
6443.423814193203,5-left,unknown,120
6598.100712920624,crest,unknown,40
6734.183215819796,3-right,dont-cut,0
6819.184693252049,4-left,unknown,100
6899.953658782444,2-right,unknown,30
7017.394997092683,4-left,unknown,80
7096.867740203339,slight-right,unknown,180
7197.1288484491815,slight-left,unknown,60
7259.345358382649,5-right,unknown,50
7323.228154708333,crest,unknown,40
7394.733441497275,crest,unknown,40
7425.28186633248,crest,unknown,40
7504.768424025956,6-right,unknown,40
7592.567085639418,5-left,dont-cut,0
7692.88271636147,5-right,unknown,0
7903.972080718459,4-right,caution,0
8011.71379622596,3-right,unknown,120
8129.703158885409,1-left,unknown,30
8195.707130595612,6-right,unknown,40
8249.949832908085,3-left,unknown,170
8428.87003340859,4-right,caution,0
8550.099616691055,2-right,unknown,40
8625.45139899391,slight-left,unknown,100
8688.941663505011,finish,unknown,0
