0,slight-right,unknown,100
53.1950105857849,6-right,unknown,0
143.30110227584842,crest,unknown,50
206.69381837844844,6-left,unknown,30
281.25679254531855,1-left,unknown,0
327.8985823631286,3-right,unknown,0
396.6728557014469,1-left,unknown,0
442.63280467987113,2-right,unknown,0
471.9542037963872,4-right,unknown,0
504.5386478424079,crest,unknown,0
570.9789742088317,slight-left,unknown,0
613.5396689033511,4-right,unknown,50
658.6543776130679,hp-right,unknown,40
771.7639288711549,2-left,unknown,30
862.807268505097,slight-right,unknown,40
924.6909081077574,3-left,unknown,50
981.8659961891178,1-right,unknown,0
1072.0858619880676,3-left,unknown,0
1111.8738696670528,6-left,unknown,110
1222.2541544723495,1-right,unknown,0
1331.081902656555,4-left,unknown,0
1360.9389432907099,5-left,unknown,70
1413.9136411857603,slight-right,unknown,0
1489.5056889533998,2-right,unknown,0
1538.0224334526063,3-left,caution,0
1602.4241627120969,slight-right,unknown,0
1640.7143446540824,slight-left,unknown,0
1672.4826406288148,3-right,widen,50
1706.1134274864194,2-right,unknown,40
1759.2049945640551,square-left,unknown,0
1862.8117033958413,3-left,widen,0
1956.8770414829232,2-right,unknown,30
2037.3241159915888,slight-left,unknown,0
2103.38763758659,2-left,unknown,0
2140.365805463788,3-right,unknown,0
2197.963433904642,6-left,unknown,40
2265.17808699607,2-right,dont-cut,40
2347.2687472247967,2-left,unknown,0
2409.595911989202,3-right,dont-cut,50
2594.450759162894,4-left,unknown,0
2626.342652235022,1-right,unknown,80
2727.2862366771583,1-left,unknown,40
2788.4829508495213,5-right,unknown,60
2854.8139000606434,2-right,unknown,40
2931.8643439388193,4-left,dont-cut,0
3018.6801531505484,6-right,unknown,60
3071.194717168798,6-left,unknown,0
3151.563966627111,6-right,unknown,50
3199.623390912999,4-left,unknown,0
3248.40809378623,slight-right,unknown,0
3295.106900205603,6-left,unknown,60
3334.729002485268,3-right,unknown,0
3394.9624405574755,5-left,unknown,0
3459.873610143657,5-right,unknown,60
3497.479317159648,4-left,unknown,0
3553.058845205304,2-left,widen,0
3600.0664430522866,square-right,unknown,0
3632.4298354053426,square-right,unknown,0
3640.078347692482,1-left,unknown,0
3669.59700566291,5-right,unknown,60
3718.872115983951,slight-left,caution,0
3784.9954106426117,1-right,unknown,100
3896.631932859409,4-left,unknown,0
3967.015065870272,3-right,unknown,0
4018.299624738677,4-left,dont-cut,30
4073.366804494842,1-right,unknown,0
4151.861634149536,2-left,unknown,0
4184.113654794674,4-right,unknown,0
4234.587548551546,6-left,unknown,0
4309.331718111023,3-right,unknown,0
4349.730812959654,slight-left,unknown,0
4394.774088067993,slight-right,unknown,50
4430.886179437625,3-left,unknown,50
4483.877096300117,3-left,unknown,60
4583.456928567873,6-right,unknown,60
4671.223404321662,hp-right,unknown,50
4819.477218389503,4-left,unknown,0
4851.09236564636,6-right,unknown,0
4894.652811794279,4-left,unknown,0
4987.01914583206,3-right,unknown,0
5034.555051403043,3-left,unknown,40
5069.128411388395,6-left,unknown,0
5117.652253284457,1-right,unknown,30
5157.978004665378,acute-hp-left,unknown,30
5208.748566017153,3-left,dont-cut,30
5271.131502548273,6-right,unknown,0
5362.872424160058,4-left,unknown,0
5449.619376522115,1-right,unknown,0
5525.845459781694,2-left,unknown,0
5569.2860660896795,2-right,unknown,0
5599.960524288226,2-left,dont-cut,0
5630.749594188743,2-right,unknown,80
5696.079943824819,4-left,unknown,0
5758.401232715655,3-right,unknown,0
5859.7688700447625,slight-left,unknown,0
5904.754520908408,4-right,unknown,60
5956.015194736538,slight-left,unknown,0
6030.965007854519,5-right,unknown,0
6107.88980571371,3-left,unknown,100
6188.049526744894,5-right,unknown,50
6272.56390697103,6-left,unknown,0
6379.682819286404,4-left,unknown,0
6431.976076084195,5-right,unknown,90
6485.169310527862,6-left,unknown,0
6573.090062671724,2-right,unknown,30
6624.537351909703,4-left,unknown,40
6716.643072486943,slight-right,unknown,0
6801.439909092024,6-left,unknown,70
6845.251822353435,6-left,caution,0
6928.089732662277,4-right,unknown,0
6979.676741100392,5-left,unknown,80
7057.786612545101,2-left,unknown,0
7142.727394958585,2-right,unknown,0
7184.16441018686,5-left,unknown,40
7219.4812824784185,2-left,unknown,0
7282.097556835263,2-right,unknown,30
7390.936876865479,1-left,unknown,0
7446.2676176224595,5-left,unknown,30
7503.434370418634,square-right,unknown,0
7545.785559631436,square-right,unknown,0
7574.242569099512,2-left,unknown,50
7634.3231400071145,hp-right,unknown,70
7749.4983303604995,1-left,unknown,30
7788.375612827383,slight-right,unknown,0
7863.6608900795745,5-left,unknown,40
7890.059583469464,slight-left,caution,0
7938.402790924138,4-right,unknown,0
7980.889806419442,4-left,unknown,0
8026.822184234684,slight-right,unknown,0
8100.569522758557,crest,unknown,40
8142.98553479774,square-right,unknown,0
8199.234877182076,hp-left,unknown,0
8259.358610969608,4-right,unknown,0
8320.626835091516,3-right,unknown,0
8339.158825314451,1-right,unknown,0
8375.665249321863,2-left,unknown,60
8436.686675637178,4-right,unknown,0
8488.888875763809,4-left,unknown,80
8558.877118542583,slight-left,unknown,0
8629.299518101596,3-right,unknown,0
8676.430387738126,6-left,unknown,110
8739.161677430058,5-right,unknown,0
8813.097051270397,slight-left,unknown,60
8875.491801865495,3-left,unknown,0
9003.898322594554,6-right,unknown,30
9053.008110115912,slight-left,unknown,0
9098.434981110473,slight-right,unknown,0
9134.53951621331,square-left,unknown,0
9175.699832375427,hp-right,unknown,0
9206.644395935902,6-right,widen,0
9247.780493215945,6-left,unknown,0
9262.286321825402,acute-hp-right,unknown,40
9343.016990217597,slight-left,unknown,50
9391.466689962775,crest,caution,0
9462.40647393646,3-right,unknown,70
9530.940353788754,5-left,unknown,30
9600.339767469783,5-right,unknown,40
9728.687940115346,5-left,unknown,60
9836.661016973865,4-left,narrow,30
9931.763138784794,2-right,unknown,30
9994.216413435375,6-left,unknown,0
10065.400845846585,3-left,unknown,40
10117.472475313602,acute-hp-right,unknown,0
10273.137881292763,4-left,dont-cut,0
10306.098083433582,2-right,unknown,30
10351.912541231592,crest,unknown,0
10485.815648264355,hp-right,unknown,0
10539.303742765867,4-left,unknown,50
10581.723654283964,5-right,unknown,30
10616.657251305063,4-right,unknown,0
10660.16786602445,4-left,unknown,0
10701.301718601659,6-right,unknown,30
10737.967145885905,crest,unknown,60
10785.086073536368,crest,unknown,60
10848.809173397509,hp-left,unknown,0
10897.929573635547,slight-right,widen,0
10968.887295708153,square-right,unknown,0
10988.68818980644,slight-left,unknown,50
11048.83515817116,slight-left,unknown,70
11080.21389620254,6-right,unknown,0
11149.2789754338,6-left,dont-cut,80
11200.745276512596,3-right,unknown,0
11335.936333679649,slight-left,unknown,0
11433.46686726043,5-left,unknown,30
11472.094115337815,2-right,unknown,0
11521.753398994895,4-left,unknown,0
11649.5225370259,crest,caution,0
11689.60268732497,2-right,unknown,0
11728.962266754592,hp-left,unknown,0
11803.254096989123,6-right,unknown,0
11872.532855021453,3-left,unknown,0
11882.293904275393,4-left,unknown,0
11908.206295079679,hp-right,unknown,0
11958.654220704522,slight-left,unknown,40
12010.862345361216,1-right,unknown,30
12043.332828855015,hp-left,unknown,30
12135.77080038975,3-left,unknown,0
12179.508954667544,3-right,unknown,0
12206.154651460147,1-right,unknown,40
12387.647263249859,hp-right,unknown,50
12522.062755937077,slight-left,caution,0
12569.456897916287,3-right,unknown,0
12597.194239377468,1-right,unknown,0
12672.460872144193,square-left,unknown,0
12715.734231061431,2-right,unknown,0
12760.339032077289,1-right,unknown,0
12787.9288465781,2-left,unknown,0
12819.999457520928,4-left,unknown,30
12851.488857831442,acute-hp-left,unknown,0
12897.223953237035,2-right,unknown,0
12975.426605422612,acute-hp-right,unknown,0
13138.88210703742,acute-hp-right,unknown,0
13174.78033872495,1-left,unknown,0
13236.389842013228,hp-left,unknown,30
13248.260734266158,hp-right,bridge,100
13362.99247619997,2-left,dont-cut,40
13418.912522319662,3-right,unknown,0
13491.965848449563,1-right,unknown,0
13523.652137645586,6-left,unknown,50
13589.897910140857,slight-right,unknown,60
13648.282805904268,2-left,unknown,30
13769.79633274447,5-right,unknown,0
13861.61278690706,2-left,unknown,30
13907.828226341098,1-right,unknown,0
13974.2610381926,4-left,unknown,0
14015.57746399291,5-right,unknown,0
14048.301959384753,5-left,unknown,30
14105.573800643751,2-left,unknown,30
14205.11975286848,2-right,unknown,0
14275.43048321135,slight-left,unknown,0
14310.834618629284,slight-right,unknown,0
14346.395008262465,6-left,unknown,0
14380.228791564767,slight-right,unknown,40
14420.182846397222,6-left,caution,0
14513.894950546088,1-right,unknown,80
14625.962727798284,2-left,unknown,30
14677.684304832283,2-right,unknown,40
14733.37455412275,slight-right,unknown,60
14810.484250339334,bump,unknown,60
14873.763360046218,bump,unknown,60
14881.328880294634,hp-left,unknown,0
14977.075508216685,2-right,unknown,40
15098.135120719748,crest,unknown,0
15147.998095115487,5-right,unknown,50
15177.251611636935,1-left,unknown,0
15246.001571945011,6-right,unknown,0
15451.995488208584,2-right,unknown,50
15492.666892274674,6-right,unknown,0
15541.443084729977,5-left,unknown,50
15571.250131353203,square-right,unknown,0
15681.718495725458,2-left,unknown,40
15757.60594113714,straight,unknown,0
15799.93286391623,1-left,unknown,0
15835.6381222666,2-right,unknown,80
15931.711429494677,square-left,unknown,0
16003.961792768294,hp-right,unknown,0
16052.541378454034,2-right,unknown,30
16091.319256814788,2-right,unknown,30
16128.4431559313,hp-left,unknown,0
16163.015708030563,1-right,unknown,50
16249.943994878653,slight-left,unknown,30
16290.305225309283,3-right,unknown,0
16318.21984534637,6-left,unknown,60
16356.429846967607,hp-left,unknown,0
16443.185171140594,4-right,unknown,30
16547.688717550194,2-right,unknown,0
16582.448263772872,2-left,unknown,0
16647.265560773765,3-right,unknown,30
16699.354919675745,3-left,unknown,40
16755.091056302947,slight-left,unknown,50
16831.86161780731,3-left,unknown,60
16896.288772024072,5-left,unknown,0
17003.4845945491,1-right,unknown,0
17055.982128137508,1-left,widen,0
17128.402706369332,acute-hp-right,unknown,0
17180.292747529926,2-right,unknown,0
17236.45852538485,square-left,unknown,40
17295.643771766627,6-right,unknown,90
17395.483820423062,2-right,unknown,30
17492.623304103778,slight-left,unknown,100
17624.336950096036,hp-left,unknown,70
17801.78543276202,4-right,unknown,40
17847.423384946724,1-right,unknown,30
18065.840435680282,2-left,caution,0
18103.7344549693,hp-right,unknown,40
18177.081192335052,square-right,unknown,0
18220.634515375044,3-left,unknown,40
18250.489618467236,4-right,unknown,0
18302.206887849712,4-left,unknown,0
18329.06275761976,6-right,unknown,30
18362.966361307062,1-left,unknown,90
18499.291663774406,1-right,unknown,70
18609.425303472435,slight-right,unknown,0
18659.659100030807,5-right,unknown,0
18684.081614660154,6-left,unknown,0
18719.499302839173,4-left,unknown,0
18782.438365453603,1-right,unknown,60
18937.834320577487,square-left,unknown,100
19070.310148309574,3-left,dont-cut,50
19132.88932097803,4-right,unknown,0
19222.561931184646,6-left,unknown,0
19262.76899882686,square-left,unknown,0
19304.263420652274,square-right,unknown,30
19356.121498044857,1-left,unknown,0
19413.457616533167,2-right,unknown,50
19498.337275461086,acute-hp-left,unknown,40
19622.978513940685,6-left,unknown,0
19654.973364490368,4-right,unknown,40
19670.652976764548,5-right,unknown,0
19728.051543640006,4-right,unknown,0
19825.88772539506,6-left,unknown,0
19899.865714172214,6-right,unknown,0
19940.333286079254,slight-left,unknown,0
19982.794929756,2-left,unknown,0
20026.842655662374,3-right,unknown,0
20096.6074067534,2-left,narrow,40
20135.627472633227,6-right,unknown,0
20187.64680393589,slight-left,unknown,40
20228.244670452004,slight-right,unknown,0
20278.920791763176,6-left,unknown,70
20331.680206169003,acute-hp-right,unknown,0
20479.581504730093,3-right,unknown,0
20526.40614817034,hp-left,unknown,0
20571.626403945815,1-right,unknown,0
20634.119570297113,3-right,unknown,0
20681.33211850537,5-right,unknown,0
20716.999086984528,3-left,unknown,50
20807.347651685603,6-right,unknown,30
20847.330552209747,6-right,unknown,60
20888.539582141755,5-left,unknown,0
20981.418287166485,hp-right,unknown,40
21116.924489749807,slight-right,unknown,60
21143.325174201884,slight-left,unknown,70
21325.529376272156,6-right,unknown,130
21385.56874137301,hp-right,unknown,60
21605.841430391254,5-right,unknown,80
21691.651759456578,6-left,unknown,70
21799.633547834343,1-left,unknown,30
21918.808185934005,square-right,unknown,40
22055.981628030724,5-left,unknown,80
22150.5223224964,4-right,unknown,0
22236.1659627857,slight-left,unknown,100
22306.21168616672,slight-left,unknown,40
22394.11807025331,6-right,unknown,80
22447.35679171939,4-right,unknown,30
22567.56764193914,3-left,unknown,40
22649.906271165826,4-right,unknown,90
22794.832468370383,1-left,unknown,30
22885.43032760042,3-right,unknown,70
22987.40134211915,4-left,unknown,40
23053.140676721505,6-left,unknown,50
23119.761026109638,slight-left,unknown,0
23207.17467208283,6-right,unknown,60
23250.415277322696,3-right,unknown,40
23349.42407554049,3-left,unknown,30
23461.077121805105,3-left,unknown,0
23521.242913431084,2-right,unknown,40
23564.168483385,2-left,unknown,30
23739.02529874134,5-left,unknown,30
23757.953751367808,3-right,unknown,120
23843.980438570303,square-left,unknown,0
23933.998730119976,square-left,unknown,0
23950.17983573369,2-right,unknown,0
24008.10128379277,slight-left,unknown,60
24058.165635370533,3-right,unknown,0
24113.796064714694,4-left,unknown,30
24171.91756169725,6-left,unknown,0
24255.462542967092,slight-right,unknown,0
24289.02631276537,slight-left,unknown,0
24325.04463614871,hp-right,unknown,60
