0,1-right,unknown,0
13.043177328109744,acute-hp-left,unknown,0
66.51211596488949,6-right,unknown,0
101.14970137596131,4-right,unknown,0
138.27835242271425,6-right,unknown,30
190.3568885707853,2-left,unknown,0
250.04118456840484,5-right,unknown,50
304.2079033374788,5-right,unknown,60
392.1194384098053,4-left,dont-cut,0
480.9181523227691,5-left,unknown,50
595.5512457654395,5-right,unknown,0
653.4614708516514,slight-left,unknown,40
705.0260040471472,3-left,unknown,0
751.0346956441321,slight-right,unknown,100
848.7507723805828,square-right,dont-cut,30
965.5578192517685,slight-right,unknown,180
1066.2752542684016,hp-left,unknown,0
1101.7646840093066,square-right,unknown,0
1140.4232595441263,5-left,unknown,0
1160.6011883923916,5-right,unknown,30
1188.1504807660485,6-left,caution,0
1232.4798295972248,3-right,unknown,0
1270.5645505902676,6-left,unknown,60
1308.8871944043537,slight-right,unknown,0
1361.0043806073566,5-left,unknown,110
1454.6885690686602,6-right,caution,0
1563.354168433894,3-left,unknown,0
1614.8373041150464,slight-right,unknown,90
1663.640601489766,3-right,unknown,0
1734.9440524365725,2-left,unknown,60
1797.8975667836494,2-right,unknown,0
1864.7989635922731,1-left,unknown,30
1904.8560671498597,3-left,unknown,0
1956.6832016446403,hp-right,unknown,0
2022.148815734607,hp-right,unknown,0
2027.1335722997,square-left,unknown,0
2071.3445154645237,6-right,unknown,0
2100.3884889104143,slight-left,unknown,0
2150.15090801976,5-right,unknown,0
2193.866299865461,4-left,narrow,0
2287.627471664164,6-right,unknown,40
2327.440941207622,4-right,unknown,0
2381.0530764462706,slight-left,unknown,30
2423.712156303143,1-right,unknown,70
2593.6825543858768,2-right,unknown,0
2698.366925437667,5-right,unknown,0
2753.1627754094366,1-right,unknown,30
2830.6995637776645,1-left,unknown,40
2938.1633721425346,2-right,unknown,0
2995.667950542196,6-left,unknown,0
3027.8959285619085,6-right,unknown,0
3066.0543020512896,3-left,unknown,0
3102.345054424032,2-right,unknown,80
3153.699421756491,6-right,unknown,0
3228.373629749047,3-left,unknown,0
3284.9251717641228,4-right,unknown,60
3323.132169025171,6-right,unknown,0
3403.8943023564684,6-left,unknown,40
3450.293965518701,3-right,dont-cut,40
3544.743795192467,1-left,unknown,0
3637.0515290143358,5-right,unknown,80
3701.1203739430757,6-left,unknown,0
3785.6929643895514,4-right,dont-cut,60
3860.9792532231672,5-left,unknown,90
3981.1217568089846,4-right,unknown,0
4084.8388970067404,4-left,unknown,0
4146.631614940397,slight-right,unknown,80
4195.649429462188,3-left,unknown,0
4309.305264117951,6-right,unknown,0
4373.61663653158,3-left,unknown,0
4412.14115328573,4-right,unknown,100
4515.809693629972,2-left,unknown,0
4599.38511996054,3-right,unknown,0
4650.965001495112,2-left,unknown,0
4685.373077266442,2-right,unknown,0
4716.803186977137,2-left,unknown,0
4754.619437339533,4-right,dont-cut,0
4792.695067184196,6-left,unknown,70
4855.204657085168,5-left,unknown,0
4944.863574168908,2-right,unknown,30
5013.689122722381,hp-right,unknown,30
5075.404625385041,acute-hp-right,unknown,0
5120.838314759962,4-right,widen,40
5205.855651633973,3-left,dont-cut,0
5240.520044467675,3-right,unknown,0
5271.573062083949,5-left,unknown,40
5317.815215156305,4-left,unknown,0
5394.293039214838,5-right,unknown,50
5436.3054818417895,hp-left,unknown,60
5524.759263818488,5-left,unknown,70
5607.306049840671,3-right,unknown,40
5690.336230390293,2-right,unknown,0
5767.705746896489,6-left,unknown,60
5826.853841111887,3-left,caution,0
5909.491910989516,5-right,unknown,0
5959.658842981094,3-left,unknown,50
6020.74883626723,3-right,unknown,0
6106.985125558611,square-left,unknown,0
6139.484633252857,4-right,unknown,0
6177.38392886901,3-left,unknown,0
6243.759836938619,2-right,dont-cut,100
6288.0714424493335,2-right,dont-cut,100
6346.934180314782,1-left,caution,0
6407.781921289207,1-left,caution,0
6435.613680818321,slight-right,unknown,60
6486.1500958612,6-left,unknown,30
6564.914217469935,1-right,unknown,0
6617.176503618007,square-left,widen,0
6726.496199739224,5-left,unknown,0
6790.658421495205,5-right,unknown,0
6828.877509248503,3-left,unknown,70
6885.352924554594,5-right,caution,0
6966.544138810877,6-left,unknown,0
7010.452078302146,4-right,unknown,40
7051.130934083699,6-left,unknown,0
7101.848916375869,6-right,unknown,40
7149.391007325878,4-left,unknown,0
7198.39840631269,3-right,unknown,0
7243.294709146247,slight-left,unknown,0
7317.548471200694,2-left,unknown,60
7361.7939923646345,3-left,unknown,0
7425.723901612984,2-right,unknown,80
7527.21329543851,acute-hp-right,unknown,0
7594.007123754239,square-left,unknown,0
7606.6465720155,3-right,unknown,50
7648.20108634732,hp-right,unknown,50
7761.486108110172,3-left,unknown,0
7805.967553575256,2-right,unknown,50
7909.405192163205,square-left,unknown,40
7938.528597314573,4-right,widen,0
8002.680980775576,2-left,unknown,0
8076.959496820187,1-right,unknown,40
8167.550614698149,3-left,unknown,0
8230.568245542268,4-right,unknown,0
8325.119984834417,hp-left,unknown,0
8473.199901788452,2-left,unknown,0
8525.631226995207,slight-left,unknown,0
8578.075059297302,2-left,unknown,0
8618.404623429982,6-right,unknown,0
8648.944313352311,2-right,unknown,0
8680.496219938012,1-left,unknown,30
8731.949290597642,slight-left,unknown,70
8788.669658105571,6-right,unknown,0
8880.293811395373,3-right,unknown,0
8931.420515840262,square-left,unknown,110
9019.25080625317,6-right,unknown,0
9096.540895917635,2-right,unknown,30
9167.20059806606,acute-hp-right,unknown,40
9195.88813358089,square-left,unknown,40
9246.711419694622,3-right,unknown,0
9298.880634229377,slight-left,unknown,40
9355.055014188478,4-right,unknown,0
9403.119146650024,2-right,unknown,50
9608.350540091491,3-left,unknown,0
9656.522805354098,slight-right,unknown,0
9701.392557246185,5-left,unknown,0
9783.524262492156,3-left,unknown,0
9850.780787741638,2-right,unknown,0
9883.55843939491,2-left,unknown,30
9916.242793929063,1-right,unknown,30
9963.775204398107,6-right,unknown,50
10026.497088190981,slight-left,unknown,0
10181.386289126343,6-left,unknown,0
10295.43835505194,finish,unknown,0
