0,4-left,unknown,0
6.662788639068605,2-right,unknown,30
39.5476651573181,2-right,unknown,30
60.68488813400267,crest,unknown,0
182.5837060642241,hp-right,unknown,0
221.904717350006,4-left,widen,50
263.2994650459288,5-right,unknown,30
327.12504213333085,4-right,unknown,0
377.22807886123604,4-left,unknown,0
420.393287410736,6-right,unknown,30
463.67577939987183,crest,unknown,60
618.3955264663696,slight-right,widen,0
665.0512865638732,square-right,unknown,0
700.1660652160646,slight-left,unknown,50
748.6837858486175,slight-left,unknown,70
813.9412863445282,6-right,unknown,0
907.1413388347626,6-left,dont-cut,80
962.8617920970918,3-right,unknown,0
1080.0120159435273,slight-left,unknown,0
1153.6459832859061,5-left,unknown,30
1201.7819466686271,2-right,unknown,0
1255.9211839962027,4-left,unknown,0
1377.6486713314066,crest,caution,0
1412.4300105953223,crest,caution,0
1427.3530153179167,2-right,unknown,0
1459.257781190871,hp-left,unknown,0
1514.6802991199502,6-right,unknown,0
1561.8971338176725,3-left,unknown,0
1602.9384121608734,4-left,unknown,0
1636.2534819507596,hp-right,unknown,0
1675.2528750324243,slight-left,unknown,40
1710.1777394199366,1-right,unknown,30
1768.0497452068334,hp-left,unknown,30
1844.493100538254,3-left,unknown,50
1891.6689832401285,3-right,unknown,0
1927.2388525295266,1-right,unknown,40
2083.1614888286617,hp-right,unknown,50
2240.5825479984264,slight-left,caution,0
2291.0482699680324,3-right,unknown,0
2331.8124179935435,1-right,unknown,0
2396.8736011219007,square-left,unknown,0
2426.014539804456,2-right,widen,0
2458.6808929634026,1-right,unknown,0
2498.34489023208,2-left,unknown,0
2527.9750091361943,4-left,unknown,30
2559.2419158744756,acute-hp-left,unknown,0
2613.389179172512,2-right,unknown,0
2657.34271164894,acute-hp-right,unknown,0
2705.8142914104474,acute-hp-right,unknown,40
2717.509592866898,square-left,unknown,40
2771.3209870290725,hp-left,unknown,50
2842.9071797037086,acute-hp-right,unknown,0
2895.1118096399273,1-left,unknown,0
2903.4227706098513,2-left,unknown,0
2929.7253409528685,hp-left,unknown,30
2953.3698237752833,hp-right,unknown,100
3068.35317861079,2-left,dont-cut,40
3144.935280432691,3-right,unknown,0
3225.7680971097825,1-right,unknown,0
3260.9923892545553,6-left,unknown,50
3304.5566265630596,slight-right,unknown,60
3401.972409033763,2-left,unknown,30
3526.7776665639776,5-right,unknown,0
3591.430912909499,2-left,unknown,30
3650.7736810445695,1-right,unknown,0
3710.181834864609,4-left,unknown,0
3746.0757261419235,5-right,unknown,0
3782.51837268352,5-left,unknown,30
3854.189026370044,2-left,unknown,30
3946.447113623615,2-right,unknown,0
4016.630001120566,slight-left,unknown,0
4053.621361250877,slight-right,unknown,0
4093.6773869848253,6-left,unknown,0
4141.967933936124,slight-right,unknown,40
4194.111705374721,6-left,caution,0
4282.216696715355,1-right,unknown,80
4422.476104445454,2-right,unknown,40
4480.030960421558,slight-right,unknown,60
4552.893149180407,bump,unknown,60
4644.44601619243,hp-left,unknown,0
4731.009175829881,2-right,unknown,40
4811.256693253505,crest,unknown,0
4887.267015900605,5-right,unknown,50
4931.509890046115,1-left,unknown,0
4993.396008992187,6-right,unknown,0
5152.955812325482,2-right,unknown,50
5227.038912434589,6-right,unknown,0
5289.326920952809,5-left,unknown,50
5339.267050271046,square-right,unknown,0
5443.0097395563225,1-left,unknown,40
5479.111362814913,finish,unknown,0
